01/29 04:35:40 AM | args = Namespace(output_dir='result/rebuttal/nb_epoch/vgg/nbbtchs250/seed_02', loaded_model_path='./checkpoints/cifar10/vgg_16_bn.pt', resume=False, test_only=False, mode='prune', batch_size=64, nb_batches=250, Mflops_target=None, lr=0.6, momentum=0.9, beta=6, gamma=0.4, gpu='0', num_workers=4, dataset='cifar10', arch='vgg_16_bn', save_plot=False, seed=2, lr_finetuning=0.02, epoch_finetuning=200, wd=0.002, data_dir='./data/cifar10/', print_freq=200, num_classes=10, device_ids=[0], device=device(type='cuda', index=0), name_base='')
01/29 04:35:45 AM | ----------------------------------------
01/29 04:35:45 AM | ==> Building model...
01/29 04:35:46 AM | ----------------------------------------
01/29 04:35:46 AM | ==> Loading weights into the model...
01/29 04:35:46 AM | ----------------------------------------
01/29 04:35:46 AM | VGG(
  (features): Sequential(
    (conv0): Conv2d(3, 64, kernel_size=(3, 3), stride=(1, 1), padding=(1, 1))
    (norm0): BatchNorm2d(64, eps=1e-05, momentum=0.1, affine=True, track_running_stats=True)
    (relu0): ReLU(inplace=True)
    (conv1): Conv2d(64, 64, kernel_size=(3, 3), stride=(1, 1), padding=(1, 1))
    (norm1): BatchNorm2d(64, eps=1e-05, momentum=0.1, affine=True, track_running_stats=True)
    (relu1): ReLU(inplace=True)
    (pool2): MaxPool2d(kernel_size=2, stride=2, padding=0, dilation=1, ceil_mode=False)
    (conv3): Conv2d(64, 128, kernel_size=(3, 3), stride=(1, 1), padding=(1, 1))
    (norm3): BatchNorm2d(128, eps=1e-05, momentum=0.1, affine=True, track_running_stats=True)
    (relu3): ReLU(inplace=True)
    (conv4): Conv2d(128, 128, kernel_size=(3, 3), stride=(1, 1), padding=(1, 1))
    (norm4): BatchNorm2d(128, eps=1e-05, momentum=0.1, affine=True, track_running_stats=True)
    (relu4): ReLU(inplace=True)
    (pool5): MaxPool2d(kernel_size=2, stride=2, padding=0, dilation=1, ceil_mode=False)
    (conv6): Conv2d(128, 256, kernel_size=(3, 3), stride=(1, 1), padding=(1, 1))
    (norm6): BatchNorm2d(256, eps=1e-05, momentum=0.1, affine=True, track_running_stats=True)
    (relu6): ReLU(inplace=True)
    (conv7): Conv2d(256, 256, kernel_size=(3, 3), stride=(1, 1), padding=(1, 1))
    (norm7): BatchNorm2d(256, eps=1e-05, momentum=0.1, affine=True, track_running_stats=True)
    (relu7): ReLU(inplace=True)
    (conv8): Conv2d(256, 256, kernel_size=(3, 3), stride=(1, 1), padding=(1, 1))
    (norm8): BatchNorm2d(256, eps=1e-05, momentum=0.1, affine=True, track_running_stats=True)
    (relu8): ReLU(inplace=True)
    (pool9): MaxPool2d(kernel_size=2, stride=2, padding=0, dilation=1, ceil_mode=False)
    (conv10): Conv2d(256, 512, kernel_size=(3, 3), stride=(1, 1), padding=(1, 1))
    (norm10): BatchNorm2d(512, eps=1e-05, momentum=0.1, affine=True, track_running_stats=True)
    (relu10): ReLU(inplace=True)
    (conv11): Conv2d(512, 512, kernel_size=(3, 3), stride=(1, 1), padding=(1, 1))
    (norm11): BatchNorm2d(512, eps=1e-05, momentum=0.1, affine=True, track_running_stats=True)
    (relu11): ReLU(inplace=True)
    (conv12): Conv2d(512, 512, kernel_size=(3, 3), stride=(1, 1), padding=(1, 1))
    (norm12): BatchNorm2d(512, eps=1e-05, momentum=0.1, affine=True, track_running_stats=True)
    (relu12): ReLU(inplace=True)
    (pool13): MaxPool2d(kernel_size=2, stride=2, padding=0, dilation=1, ceil_mode=False)
    (conv14): Conv2d(512, 512, kernel_size=(3, 3), stride=(1, 1), padding=(1, 1))
    (norm14): BatchNorm2d(512, eps=1e-05, momentum=0.1, affine=True, track_running_stats=True)
    (relu14): ReLU(inplace=True)
    (conv15): Conv2d(512, 512, kernel_size=(3, 3), stride=(1, 1), padding=(1, 1))
    (norm15): BatchNorm2d(512, eps=1e-05, momentum=0.1, affine=True, track_running_stats=True)
    (relu15): ReLU(inplace=True)
    (conv16): Conv2d(512, 512, kernel_size=(3, 3), stride=(1, 1), padding=(1, 1))
    (norm16): BatchNorm2d(512, eps=1e-05, momentum=0.1, affine=True, track_running_stats=True)
    (relu16): ReLU(inplace=True)
  )
  (classifier): Sequential(
    (linear1): Linear(in_features=512, out_features=512, bias=True)
    (norm1): BatchNorm1d(512, eps=1e-05, momentum=0.1, affine=True, track_running_stats=True)
    (relu1): ReLU(inplace=True)
    (linear2): Linear(in_features=512, out_features=10, bias=True)
  )
)
01/29 04:35:47 AM | Save modules info...
01/29 04:35:47 AM | FLOPS pruning ratio is 0.65
01/29 04:35:47 AM | Pruning with information flow
01/29 04:35:47 AM | -----
01/29 04:35:47 AM | module: Conv2d(3, 64, kernel_size=(3, 3), stride=(1, 1), padding=(1, 1))
01/29 04:35:47 AM | cin: None
01/29 04:35:47 AM | cout: [0]
01/29 04:35:47 AM | inactive
01/29 04:35:47 AM | -----
01/29 04:35:47 AM | module: BatchNorm2d(64, eps=1e-05, momentum=0.1, affine=True, track_running_stats=True)
01/29 04:35:47 AM | cin: [0]
01/29 04:35:47 AM | cout: [0]
01/29 04:35:47 AM | inactive
01/29 04:35:47 AM | -----
01/29 04:35:47 AM | module: ReLU(inplace=True)
01/29 04:35:47 AM | cin: [0]
01/29 04:35:47 AM | cout: [0]
01/29 04:35:47 AM | active
01/29 04:35:47 AM | -----
01/29 04:35:47 AM | module: Conv2d(64, 64, kernel_size=(3, 3), stride=(1, 1), padding=(1, 1))
01/29 04:35:47 AM | cin: [0]
01/29 04:35:47 AM | cout: [1]
01/29 04:35:47 AM | inactive
01/29 04:35:47 AM | -----
01/29 04:35:47 AM | module: BatchNorm2d(64, eps=1e-05, momentum=0.1, affine=True, track_running_stats=True)
01/29 04:35:47 AM | cin: [1]
01/29 04:35:47 AM | cout: [1]
01/29 04:35:47 AM | inactive
01/29 04:35:47 AM | -----
01/29 04:35:47 AM | module: ReLU(inplace=True)
01/29 04:35:47 AM | cin: [1]
01/29 04:35:47 AM | cout: [1]
01/29 04:35:47 AM | active
01/29 04:35:47 AM | -----
01/29 04:35:47 AM | module: MaxPool2d(kernel_size=2, stride=2, padding=0, dilation=1, ceil_mode=False)
01/29 04:35:47 AM | cin: [1]
01/29 04:35:47 AM | cout: [1]
01/29 04:35:47 AM | inactive
01/29 04:35:47 AM | -----
01/29 04:35:47 AM | module: Conv2d(64, 128, kernel_size=(3, 3), stride=(1, 1), padding=(1, 1))
01/29 04:35:47 AM | cin: [1]
01/29 04:35:47 AM | cout: [2]
01/29 04:35:47 AM | inactive
01/29 04:35:47 AM | -----
01/29 04:35:47 AM | module: BatchNorm2d(128, eps=1e-05, momentum=0.1, affine=True, track_running_stats=True)
01/29 04:35:47 AM | cin: [2]
01/29 04:35:47 AM | cout: [2]
01/29 04:35:47 AM | inactive
01/29 04:35:47 AM | -----
01/29 04:35:47 AM | module: ReLU(inplace=True)
01/29 04:35:47 AM | cin: [2]
01/29 04:35:47 AM | cout: [2]
01/29 04:35:47 AM | active
01/29 04:35:47 AM | -----
01/29 04:35:47 AM | module: Conv2d(128, 128, kernel_size=(3, 3), stride=(1, 1), padding=(1, 1))
01/29 04:35:47 AM | cin: [2]
01/29 04:35:47 AM | cout: [3]
01/29 04:35:47 AM | inactive
01/29 04:35:47 AM | -----
01/29 04:35:47 AM | module: BatchNorm2d(128, eps=1e-05, momentum=0.1, affine=True, track_running_stats=True)
01/29 04:35:47 AM | cin: [3]
01/29 04:35:47 AM | cout: [3]
01/29 04:35:47 AM | inactive
01/29 04:35:47 AM | -----
01/29 04:35:47 AM | module: ReLU(inplace=True)
01/29 04:35:47 AM | cin: [3]
01/29 04:35:47 AM | cout: [3]
01/29 04:35:47 AM | active
01/29 04:35:47 AM | -----
01/29 04:35:47 AM | module: MaxPool2d(kernel_size=2, stride=2, padding=0, dilation=1, ceil_mode=False)
01/29 04:35:47 AM | cin: [3]
01/29 04:35:47 AM | cout: [3]
01/29 04:35:47 AM | inactive
01/29 04:35:47 AM | -----
01/29 04:35:47 AM | module: Conv2d(128, 256, kernel_size=(3, 3), stride=(1, 1), padding=(1, 1))
01/29 04:35:47 AM | cin: [3]
01/29 04:35:47 AM | cout: [4]
01/29 04:35:47 AM | inactive
01/29 04:35:47 AM | -----
01/29 04:35:47 AM | module: BatchNorm2d(256, eps=1e-05, momentum=0.1, affine=True, track_running_stats=True)
01/29 04:35:47 AM | cin: [4]
01/29 04:35:47 AM | cout: [4]
01/29 04:35:47 AM | inactive
01/29 04:35:47 AM | -----
01/29 04:35:47 AM | module: ReLU(inplace=True)
01/29 04:35:47 AM | cin: [4]
01/29 04:35:47 AM | cout: [4]
01/29 04:35:47 AM | active
01/29 04:35:47 AM | -----
01/29 04:35:47 AM | module: Conv2d(256, 256, kernel_size=(3, 3), stride=(1, 1), padding=(1, 1))
01/29 04:35:47 AM | cin: [4]
01/29 04:35:47 AM | cout: [5]
01/29 04:35:47 AM | inactive
01/29 04:35:47 AM | -----
01/29 04:35:47 AM | module: BatchNorm2d(256, eps=1e-05, momentum=0.1, affine=True, track_running_stats=True)
01/29 04:35:47 AM | cin: [5]
01/29 04:35:47 AM | cout: [5]
01/29 04:35:47 AM | inactive
01/29 04:35:47 AM | -----
01/29 04:35:47 AM | module: ReLU(inplace=True)
01/29 04:35:47 AM | cin: [5]
01/29 04:35:47 AM | cout: [5]
01/29 04:35:47 AM | active
01/29 04:35:47 AM | -----
01/29 04:35:47 AM | module: Conv2d(256, 256, kernel_size=(3, 3), stride=(1, 1), padding=(1, 1))
01/29 04:35:47 AM | cin: [5]
01/29 04:35:47 AM | cout: [6]
01/29 04:35:47 AM | inactive
01/29 04:35:47 AM | -----
01/29 04:35:47 AM | module: BatchNorm2d(256, eps=1e-05, momentum=0.1, affine=True, track_running_stats=True)
01/29 04:35:47 AM | cin: [6]
01/29 04:35:47 AM | cout: [6]
01/29 04:35:47 AM | inactive
01/29 04:35:47 AM | -----
01/29 04:35:47 AM | module: ReLU(inplace=True)
01/29 04:35:47 AM | cin: [6]
01/29 04:35:47 AM | cout: [6]
01/29 04:35:47 AM | active
01/29 04:35:47 AM | -----
01/29 04:35:47 AM | module: MaxPool2d(kernel_size=2, stride=2, padding=0, dilation=1, ceil_mode=False)
01/29 04:35:47 AM | cin: [6]
01/29 04:35:47 AM | cout: [6]
01/29 04:35:47 AM | inactive
01/29 04:35:47 AM | -----
01/29 04:35:47 AM | module: Conv2d(256, 512, kernel_size=(3, 3), stride=(1, 1), padding=(1, 1))
01/29 04:35:47 AM | cin: [6]
01/29 04:35:47 AM | cout: [7]
01/29 04:35:47 AM | inactive
01/29 04:35:47 AM | -----
01/29 04:35:47 AM | module: BatchNorm2d(512, eps=1e-05, momentum=0.1, affine=True, track_running_stats=True)
01/29 04:35:47 AM | cin: [7]
01/29 04:35:47 AM | cout: [7]
01/29 04:35:47 AM | inactive
01/29 04:35:47 AM | -----
01/29 04:35:47 AM | module: ReLU(inplace=True)
01/29 04:35:47 AM | cin: [7]
01/29 04:35:47 AM | cout: [7]
01/29 04:35:47 AM | active
01/29 04:35:47 AM | -----
01/29 04:35:47 AM | module: Conv2d(512, 512, kernel_size=(3, 3), stride=(1, 1), padding=(1, 1))
01/29 04:35:47 AM | cin: [7]
01/29 04:35:47 AM | cout: [8]
01/29 04:35:47 AM | inactive
01/29 04:35:47 AM | -----
01/29 04:35:47 AM | module: BatchNorm2d(512, eps=1e-05, momentum=0.1, affine=True, track_running_stats=True)
01/29 04:35:47 AM | cin: [8]
01/29 04:35:47 AM | cout: [8]
01/29 04:35:47 AM | inactive
01/29 04:35:47 AM | -----
01/29 04:35:47 AM | module: ReLU(inplace=True)
01/29 04:35:47 AM | cin: [8]
01/29 04:35:47 AM | cout: [8]
01/29 04:35:47 AM | active
01/29 04:35:47 AM | -----
01/29 04:35:47 AM | module: Conv2d(512, 512, kernel_size=(3, 3), stride=(1, 1), padding=(1, 1))
01/29 04:35:47 AM | cin: [8]
01/29 04:35:47 AM | cout: [9]
01/29 04:35:47 AM | inactive
01/29 04:35:47 AM | -----
01/29 04:35:47 AM | module: BatchNorm2d(512, eps=1e-05, momentum=0.1, affine=True, track_running_stats=True)
01/29 04:35:47 AM | cin: [9]
01/29 04:35:47 AM | cout: [9]
01/29 04:35:47 AM | inactive
01/29 04:35:47 AM | -----
01/29 04:35:47 AM | module: ReLU(inplace=True)
01/29 04:35:47 AM | cin: [9]
01/29 04:35:47 AM | cout: [9]
01/29 04:35:47 AM | active
01/29 04:35:47 AM | -----
01/29 04:35:47 AM | module: MaxPool2d(kernel_size=2, stride=2, padding=0, dilation=1, ceil_mode=False)
01/29 04:35:47 AM | cin: [9]
01/29 04:35:47 AM | cout: [9]
01/29 04:35:47 AM | inactive
01/29 04:35:47 AM | -----
01/29 04:35:47 AM | module: Conv2d(512, 512, kernel_size=(3, 3), stride=(1, 1), padding=(1, 1))
01/29 04:35:47 AM | cin: [9]
01/29 04:35:47 AM | cout: [10]
01/29 04:35:47 AM | inactive
01/29 04:35:47 AM | -----
01/29 04:35:47 AM | module: BatchNorm2d(512, eps=1e-05, momentum=0.1, affine=True, track_running_stats=True)
01/29 04:35:47 AM | cin: [10]
01/29 04:35:47 AM | cout: [10]
01/29 04:35:47 AM | inactive
01/29 04:35:47 AM | -----
01/29 04:35:47 AM | module: ReLU(inplace=True)
01/29 04:35:47 AM | cin: [10]
01/29 04:35:47 AM | cout: [10]
01/29 04:35:47 AM | active
01/29 04:35:47 AM | -----
01/29 04:35:47 AM | module: Conv2d(512, 512, kernel_size=(3, 3), stride=(1, 1), padding=(1, 1))
01/29 04:35:47 AM | cin: [10]
01/29 04:35:47 AM | cout: [11]
01/29 04:35:47 AM | inactive
01/29 04:35:47 AM | -----
01/29 04:35:47 AM | module: BatchNorm2d(512, eps=1e-05, momentum=0.1, affine=True, track_running_stats=True)
01/29 04:35:47 AM | cin: [11]
01/29 04:35:47 AM | cout: [11]
01/29 04:35:47 AM | inactive
01/29 04:35:47 AM | -----
01/29 04:35:47 AM | module: ReLU(inplace=True)
01/29 04:35:47 AM | cin: [11]
01/29 04:35:47 AM | cout: [11]
01/29 04:35:47 AM | active
01/29 04:35:47 AM | -----
01/29 04:35:47 AM | module: Conv2d(512, 512, kernel_size=(3, 3), stride=(1, 1), padding=(1, 1))
01/29 04:35:47 AM | cin: [11]
01/29 04:35:47 AM | cout: [12]
01/29 04:35:47 AM | inactive
01/29 04:35:47 AM | -----
01/29 04:35:47 AM | module: BatchNorm2d(512, eps=1e-05, momentum=0.1, affine=True, track_running_stats=True)
01/29 04:35:47 AM | cin: [12]
01/29 04:35:47 AM | cout: [12]
01/29 04:35:47 AM | inactive
01/29 04:35:47 AM | -----
01/29 04:35:47 AM | module: ReLU(inplace=True)
01/29 04:35:47 AM | cin: [12]
01/29 04:35:47 AM | cout: [12]
01/29 04:35:47 AM | active
01/29 04:35:47 AM | -----
01/29 04:35:47 AM | module: Linear(in_features=512, out_features=512, bias=True)
01/29 04:35:47 AM | cin: [12]
01/29 04:35:47 AM | cout: None
01/29 04:35:47 AM | inactive
01/29 04:35:47 AM | -----
01/29 04:35:47 AM | module: ReLU(inplace=True)
01/29 04:35:47 AM | cin: None
01/29 04:35:47 AM | cout: None
01/29 04:35:47 AM | active
01/29 04:35:47 AM | -----
01/29 04:35:47 AM | module: Linear(in_features=512, out_features=10, bias=True)
01/29 04:35:47 AM | cin: None
01/29 04:35:47 AM | cout: None
01/29 04:35:47 AM | inactive
01/29 04:35:47 AM | Used masks: [0, 1, 2, 3, 4, 5, 6, 7, 8, 9, 10, 11, 12]
01/29 04:35:47 AM | 13 unique masks in total
01/29 04:35:48 AM | === Batch 1/250
01/29 04:35:48 AM | loss = 0.166 + 4.266 + 0.040 = 4.472
01/29 04:35:48 AM | attribution_score[0:12]: 
[ 0.83  0.94  0.83  0.83  0.83  0.83  0.83  0.83  0.83  0.94  0.83  0.94 ]
[ 0.94  0.83  0.94  0.83  0.94  0.83  0.94  0.83  0.83  0.94  0.83  0.83 ]
[ 0.94  0.94  0.83  0.94  0.83  0.83  0.94  0.94  0.83  0.83  0.83  0.94 ]
[ 0.83  0.94  0.94  0.94  0.94  0.94  0.83  0.83  0.94  0.83  0.94  0.94 ]
[ 0.94  0.83  0.83  0.83  0.83  0.94  0.83  0.83  0.83  0.83  0.83  0.83 ]
[ 0.83  0.83  0.83  0.94  0.83  0.83  0.94  0.83  0.83  0.83  0.83  0.83 ]
[ 0.94  0.83  0.83  0.83  0.83  0.83  0.94  0.83  0.94  0.83  0.94  0.83 ]
[ 0.83  0.83  0.83  0.83  0.83  0.83  0.94  0.83  0.83  0.94  0.83  0.83 ]
[ 0.83  0.83  0.83  0.83  0.83  0.83  0.83  0.83  0.83  0.83  0.83  0.83 ]
[ 0.83  0.83  0.83  0.83  0.83  0.83  0.83  0.83  0.83  0.83  0.83  0.83 ]
[ 0.83  0.83  0.83  0.83  0.83  0.83  0.83  0.83  0.83  0.83  0.94  0.83 ]
[ 0.83  0.94  0.83  0.83  0.83  0.83  0.83  0.94  0.83  0.83  0.83  0.83 ]
[ 0.94  0.94  0.94  0.83  0.94  0.94  0.83  0.83  0.83  0.94  0.83  0.83 ]

01/29 04:35:48 AM | === Batch 2/250
01/29 04:35:49 AM | loss = 0.241 + 3.587 + 0.056 = 3.884
01/29 04:35:49 AM | attribution_score[0:12]: 
[ 0.88  0.97  0.73  0.75  0.73  0.74  0.75  0.73  0.73  0.93  0.73  0.96 ]
[ 0.94  0.73  0.95  0.73  0.94  0.86  0.94  0.74  0.75  0.96  0.87  0.74 ]
[ 0.96  0.96  0.73  0.96  0.76  0.88  0.94  0.95  0.73  0.73  0.84  0.95 ]
[ 0.78  0.91  0.91  0.97  0.96  0.97  0.79  0.74  0.94  0.75  0.92  0.95 ]
[ 0.96  0.88  0.75  0.73  0.81  0.96  0.73  0.73  0.87  0.75  0.78  0.75 ]
[ 0.73  0.86  0.74  0.94  0.79  0.75  0.92  0.73  0.75  0.74  0.73  0.74 ]
[ 0.94  0.74  0.80  0.82  0.73  0.73  0.94  0.87  0.96  0.85  0.97  0.77 ]
[ 0.73  0.73  0.73  0.73  0.74  0.75  0.96  0.73  0.73  0.91  0.73  0.74 ]
[ 0.74  0.73  0.73  0.73  0.76  0.73  0.73  0.73  0.81  0.73  0.73  0.85 ]
[ 0.74  0.74  0.73  0.73  0.75  0.76  0.73  0.73  0.74  0.73  0.74  0.76 ]
[ 0.73  0.88  0.81  0.74  0.73  0.73  0.84  0.86  0.73  0.77  0.97  0.88 ]
[ 0.88  0.97  0.82  0.87  0.88  0.78  0.87  0.97  0.76  0.76  0.87  0.76 ]
[ 0.96  0.97  0.97  0.86  0.96  0.96  0.85  0.88  0.88  0.95  0.75  0.75 ]

01/29 04:35:49 AM | === Batch 3/250
01/29 04:35:49 AM | loss = 0.187 + 2.847 + 0.073 = 3.107
01/29 04:35:49 AM | attribution_score[0:12]: 
[ 0.91  0.98  0.62  0.63  0.61  0.62  0.63  0.60  0.60  0.91  0.61  0.96 ]
[ 0.94  0.60  0.94  0.60  0.92  0.88  0.93  0.62  0.65  0.97  0.90  0.62 ]
[ 0.97  0.98  0.61  0.97  0.65  0.91  0.92  0.95  0.60  0.62  0.79  0.95 ]
[ 0.69  0.87  0.87  0.98  0.96  0.98  0.72  0.61  0.94  0.63  0.88  0.96 ]
[ 0.97  0.92  0.73  0.60  0.77  0.96  0.60  0.61  0.91  0.69  0.74  0.72 ]
[ 0.60  0.89  0.62  0.92  0.72  0.65  0.87  0.60  0.65  0.62  0.60  0.61 ]
[ 0.92  0.62  0.73  0.77  0.65  0.60  0.91  0.86  0.97  0.89  0.98  0.70 ]
[ 0.60  0.60  0.60  0.60  0.62  0.65  0.96  0.60  0.60  0.86  0.60  0.63 ]
[ 0.62  0.60  0.60  0.60  0.66  0.60  0.60  0.60  0.76  0.60  0.60  0.87 ]
[ 0.62  0.61  0.61  0.60  0.64  0.66  0.60  0.60  0.61  0.60  0.61  0.65 ]
[ 0.60  0.92  0.83  0.61  0.60  0.61  0.86  0.87  0.60  0.69  0.98  0.86 ]
[ 0.91  0.98  0.78  0.91  0.92  0.72  0.90  0.98  0.65  0.78  0.90  0.65 ]
[ 0.97  0.98  0.98  0.81  0.97  0.98  0.88  0.92  0.91  0.96  0.77  0.66 ]

01/29 04:35:49 AM | === Batch 4/250
01/29 04:35:49 AM | loss = 0.400 + 1.920 + 0.096 = 2.415
01/29 04:35:50 AM | attribution_score[0:12]: 
[ 0.94  0.98  0.50  0.49  0.46  0.48  0.49  0.46  0.45  0.86  0.46  0.96 ]
[ 0.93  0.46  0.92  0.45  0.90  0.89  0.92  0.49  0.53  0.96  0.93  0.48 ]
[ 0.97  0.98  0.47  0.97  0.53  0.93  0.90  0.95  0.45  0.48  0.72  0.95 ]
[ 0.57  0.80  0.81  0.98  0.97  0.98  0.73  0.47  0.94  0.58  0.82  0.97 ]
[ 0.97  0.93  0.69  0.51  0.80  0.96  0.45  0.47  0.93  0.59  0.76  0.64 ]
[ 0.46  0.90  0.47  0.90  0.61  0.51  0.83  0.47  0.53  0.48  0.46  0.55 ]
[ 0.88  0.51  0.62  0.70  0.54  0.46  0.89  0.87  0.97  0.92  0.99  0.60 ]
[ 0.45  0.47  0.47  0.46  0.49  0.53  0.96  0.45  0.46  0.79  0.47  0.52 ]
[ 0.48  0.53  0.45  0.50  0.54  0.45  0.45  0.50  0.70  0.45  0.55  0.90 ]
[ 0.50  0.47  0.46  0.45  0.51  0.54  0.45  0.45  0.47  0.45  0.52  0.54 ]
[ 0.46  0.95  0.88  0.51  0.50  0.48  0.90  0.88  0.65  0.74  0.99  0.82 ]
[ 0.93  0.99  0.78  0.95  0.95  0.74  0.93  0.99  0.58  0.81  0.93  0.52 ]
[ 0.98  0.99  0.99  0.74  0.98  0.99  0.92  0.95  0.94  0.96  0.76  0.54 ]

01/29 04:35:50 AM | === Batch 5/250
01/29 04:35:50 AM | loss = 0.815 + 1.067 + 0.111 = 1.993
01/29 04:35:50 AM | attribution_score[0:12]: 
[ 0.96  0.98  0.37  0.35  0.32  0.34  0.35  0.32  0.31  0.80  0.33  0.97 ]
[ 0.93  0.32  0.93  0.31  0.85  0.90  0.93  0.36  0.48  0.96  0.93  0.37 ]
[ 0.97  0.98  0.33  0.98  0.39  0.95  0.85  0.95  0.32  0.34  0.62  0.95 ]
[ 0.43  0.79  0.72  0.99  0.96  0.99  0.67  0.44  0.93  0.60  0.84  0.97 ]
[ 0.98  0.95  0.61  0.42  0.81  0.96  0.32  0.34  0.94  0.47  0.74  0.54 ]
[ 0.38  0.90  0.34  0.85  0.49  0.39  0.79  0.34  0.43  0.40  0.32  0.52 ]
[ 0.86  0.38  0.54  0.60  0.56  0.33  0.89  0.89  0.97  0.93  0.99  0.50 ]
[ 0.31  0.39  0.33  0.32  0.37  0.40  0.96  0.31  0.47  0.68  0.36  0.43 ]
[ 0.43  0.58  0.31  0.51  0.53  0.32  0.32  0.43  0.74  0.41  0.57  0.93 ]
[ 0.45  0.37  0.32  0.31  0.48  0.54  0.33  0.31  0.52  0.32  0.44  0.52 ]
[ 0.32  0.96  0.92  0.40  0.46  0.54  0.93  0.91  0.73  0.78  0.99  0.86 ]
[ 0.95  0.99  0.83  0.97  0.97  0.79  0.95  0.99  0.53  0.85  0.95  0.60 ]
[ 0.98  0.99  0.99  0.77  0.98  0.99  0.95  0.97  0.96  0.95  0.71  0.41 ]

01/29 04:35:50 AM | === Batch 6/250
01/29 04:35:50 AM | loss = 1.149 + 0.481 + 0.095 = 1.725
01/29 04:35:51 AM | attribution_score[0:12]: 
[ 0.97  0.99  0.27  0.23  0.21  0.23  0.25  0.20  0.20  0.71  0.21  0.97 ]
[ 0.93  0.21  0.95  0.20  0.77  0.91  0.93  0.24  0.44  0.96  0.93  0.36 ]
[ 0.97  0.98  0.21  0.98  0.27  0.96  0.79  0.94  0.21  0.23  0.51  0.96 ]
[ 0.42  0.75  0.68  0.99  0.95  0.99  0.63  0.41  0.94  0.60  0.81  0.96 ]
[ 0.98  0.95  0.61  0.33  0.80  0.95  0.21  0.25  0.95  0.50  0.73  0.43 ]
[ 0.40  0.91  0.22  0.79  0.41  0.27  0.72  0.25  0.33  0.31  0.21  0.53 ]
[ 0.88  0.29  0.51  0.58  0.64  0.23  0.91  0.89  0.96  0.95  0.99  0.40 ]
[ 0.20  0.32  0.22  0.20  0.28  0.34  0.95  0.20  0.50  0.58  0.33  0.34 ]
[ 0.47  0.59  0.21  0.55  0.54  0.21  0.23  0.39  0.78  0.42  0.60  0.93 ]
[ 0.41  0.31  0.21  0.20  0.49  0.59  0.23  0.20  0.60  0.22  0.36  0.53 ]
[ 0.21  0.97  0.93  0.30  0.38  0.62  0.95  0.94  0.80  0.76  1.00  0.90 ]
[ 0.96  1.00  0.88  0.98  0.98  0.84  0.96  1.00  0.45  0.90  0.97  0.68 ]
[ 0.99  1.00  1.00  0.83  0.99  1.00  0.96  0.98  0.97  0.94  0.73  0.41 ]

01/29 04:35:51 AM | === Batch 7/250
01/29 04:35:51 AM | loss = 1.071 + 0.064 + 0.081 = 1.216
01/29 04:35:51 AM | attribution_score[0:12]: 
[ 0.97  0.99  0.18  0.15  0.13  0.15  0.17  0.13  0.12  0.62  0.13  0.97 ]
[ 0.93  0.13  0.95  0.12  0.68  0.92  0.94  0.16  0.40  0.96  0.93  0.36 ]
[ 0.97  0.98  0.13  0.98  0.17  0.97  0.69  0.94  0.13  0.15  0.38  0.95 ]
[ 0.41  0.70  0.69  0.99  0.95  0.99  0.62  0.38  0.94  0.57  0.79  0.95 ]
[ 0.98  0.96  0.65  0.25  0.77  0.96  0.14  0.17  0.96  0.51  0.73  0.39 ]
[ 0.39  0.91  0.14  0.70  0.32  0.20  0.70  0.18  0.26  0.23  0.13  0.60 ]
[ 0.90  0.20  0.43  0.55  0.72  0.17  0.92  0.87  0.96  0.96  1.00  0.29 ]
[ 0.12  0.33  0.15  0.13  0.22  0.32  0.95  0.12  0.58  0.45  0.30  0.26 ]
[ 0.52  0.58  0.14  0.62  0.60  0.14  0.16  0.34  0.79  0.45  0.65  0.94 ]
[ 0.38  0.24  0.13  0.12  0.48  0.64  0.16  0.13  0.69  0.16  0.34  0.54 ]
[ 0.14  0.98  0.93  0.23  0.31  0.71  0.96  0.96  0.87  0.72  1.00  0.93 ]
[ 0.97  1.00  0.91  0.98  0.98  0.88  0.97  1.00  0.34  0.93  0.98  0.77 ]
[ 0.99  1.00  1.00  0.87  0.99  1.00  0.97  0.98  0.98  0.93  0.77  0.42 ]

01/29 04:35:51 AM | === Batch 8/250
01/29 04:35:51 AM | loss = 1.205 + 0.453 + 0.071 = 1.729
01/29 04:35:52 AM | attribution_score[0:12]: 
[ 0.98  0.99  0.16  0.11  0.10  0.12  0.15  0.09  0.09  0.65  0.10  0.97 ]
[ 0.94  0.09  0.96  0.08  0.70  0.92  0.95  0.11  0.39  0.96  0.93  0.41 ]
[ 0.97  0.99  0.10  0.98  0.14  0.98  0.70  0.94  0.10  0.11  0.35  0.96 ]
[ 0.42  0.70  0.75  0.99  0.95  0.99  0.67  0.39  0.95  0.61  0.83  0.96 ]
[ 0.98  0.97  0.71  0.25  0.76  0.96  0.10  0.15  0.96  0.54  0.78  0.40 ]
[ 0.42  0.92  0.11  0.70  0.32  0.19  0.71  0.17  0.23  0.19  0.09  0.69 ]
[ 0.92  0.19  0.37  0.58  0.80  0.15  0.94  0.87  0.96  0.97  1.00  0.28 ]
[ 0.09  0.38  0.12  0.09  0.20  0.34  0.95  0.09  0.67  0.48  0.35  0.22 ]
[ 0.58  0.64  0.11  0.70  0.68  0.11  0.14  0.38  0.81  0.46  0.73  0.95 ]
[ 0.42  0.23  0.10  0.09  0.53  0.69  0.14  0.09  0.77  0.15  0.39  0.61 ]
[ 0.12  0.99  0.95  0.24  0.35  0.79  0.96  0.97  0.91  0.76  1.00  0.95 ]
[ 0.98  1.00  0.94  0.99  0.98  0.91  0.97  1.00  0.35  0.96  0.98  0.84 ]
[ 0.99  1.00  1.00  0.90  0.99  1.00  0.98  0.99  0.99  0.94  0.79  0.46 ]

01/29 04:35:52 AM | === Batch 9/250
01/29 04:35:52 AM | loss = 1.074 + 0.371 + 0.064 = 1.509
01/29 04:35:52 AM | attribution_score[0:12]: 
[ 0.98  0.99  0.17  0.09  0.08  0.11  0.15  0.07  0.07  0.72  0.08  0.98 ]
[ 0.95  0.08  0.97  0.06  0.74  0.93  0.96  0.09  0.44  0.97  0.93  0.49 ]
[ 0.98  0.99  0.08  0.98  0.13  0.98  0.75  0.94  0.10  0.09  0.37  0.97 ]
[ 0.42  0.73  0.81  0.99  0.96  1.00  0.71  0.42  0.96  0.67  0.87  0.97 ]
[ 0.99  0.97  0.77  0.28  0.76  0.97  0.08  0.14  0.97  0.61  0.82  0.47 ]
[ 0.48  0.93  0.09  0.73  0.35  0.20  0.76  0.18  0.23  0.18  0.07  0.77 ]
[ 0.93  0.20  0.37  0.65  0.86  0.15  0.96  0.87  0.96  0.98  1.00  0.29 ]
[ 0.06  0.46  0.11  0.07  0.20  0.39  0.96  0.06  0.76  0.54  0.42  0.21 ]
[ 0.67  0.70  0.09  0.78  0.76  0.10  0.14  0.45  0.82  0.50  0.81  0.96 ]
[ 0.49  0.24  0.08  0.07  0.61  0.75  0.14  0.07  0.84  0.15  0.47  0.70 ]
[ 0.12  0.99  0.96  0.26  0.41  0.85  0.97  0.98  0.95  0.80  1.00  0.96 ]
[ 0.99  1.00  0.96  0.99  0.99  0.94  0.98  1.00  0.38  0.97  0.99  0.88 ]
[ 0.99  1.00  1.00  0.92  1.00  1.00  0.99  0.99  0.99  0.95  0.82  0.51 ]

01/29 04:35:52 AM | === Batch 10/250
01/29 04:35:52 AM | loss = 1.017 + 0.006 + 0.059 = 1.082
01/29 04:35:52 AM | attribution_score[0:12]: 
[ 0.98  0.99  0.19  0.08  0.08  0.11  0.16  0.06  0.06  0.79  0.07  0.98 ]
[ 0.97  0.07  0.98  0.05  0.77  0.93  0.97  0.07  0.50  0.98  0.93  0.58 ]
[ 0.98  0.99  0.08  0.99  0.12  0.99  0.81  0.95  0.10  0.09  0.42  0.97 ]
[ 0.38  0.79  0.86  0.99  0.96  1.00  0.76  0.48  0.97  0.74  0.91  0.97 ]
[ 0.99  0.98  0.82  0.34  0.73  0.98  0.07  0.14  0.97  0.69  0.83  0.55 ]
[ 0.57  0.94  0.08  0.79  0.41  0.23  0.82  0.22  0.25  0.19  0.06  0.84 ]
[ 0.95  0.24  0.41  0.72  0.90  0.16  0.97  0.87  0.97  0.98  1.00  0.35 ]
[ 0.05  0.56  0.12  0.06  0.22  0.48  0.97  0.05  0.83  0.64  0.51  0.21 ]
[ 0.75  0.77  0.09  0.83  0.83  0.10  0.15  0.54  0.79  0.53  0.87  0.97 ]
[ 0.58  0.27  0.07  0.06  0.70  0.81  0.15  0.07  0.88  0.16  0.56  0.78 ]
[ 0.13  0.99  0.97  0.29  0.47  0.90  0.97  0.99  0.96  0.83  1.00  0.97 ]
[ 0.99  1.00  0.97  0.99  0.99  0.96  0.98  1.00  0.44  0.98  0.99  0.92 ]
[ 1.00  1.00  1.00  0.94  1.00  1.00  0.99  0.99  0.99  0.97  0.87  0.59 ]

01/29 04:35:52 AM | === Batch 11/250
01/29 04:35:53 AM | loss = 0.915 + 0.266 + 0.055 = 1.236
01/29 04:35:53 AM | attribution_score[0:12]: 
[ 0.99  0.99  0.22  0.07  0.07  0.11  0.16  0.05  0.05  0.83  0.07  0.98 ]
[ 0.97  0.07  0.98  0.04  0.79  0.93  0.98  0.06  0.58  0.98  0.93  0.65 ]
[ 0.99  0.99  0.08  0.99  0.12  0.99  0.84  0.96  0.10  0.08  0.45  0.98 ]
[ 0.34  0.82  0.89  0.99  0.96  1.00  0.80  0.47  0.98  0.76  0.93  0.97 ]
[ 0.99  0.98  0.82  0.43  0.68  0.98  0.06  0.14  0.98  0.78  0.83  0.62 ]
[ 0.65  0.95  0.08  0.83  0.43  0.25  0.86  0.25  0.27  0.22  0.05  0.88 ]
[ 0.96  0.31  0.44  0.78  0.93  0.19  0.98  0.85  0.98  0.98  1.00  0.37 ]
[ 0.04  0.65  0.13  0.05  0.23  0.56  0.97  0.04  0.87  0.72  0.54  0.21 ]
[ 0.81  0.83  0.09  0.86  0.89  0.10  0.14  0.62  0.74  0.49  0.91  0.98 ]
[ 0.61  0.24  0.06  0.05  0.73  0.82  0.16  0.06  0.90  0.17  0.66  0.84 ]
[ 0.14  0.99  0.98  0.33  0.53  0.93  0.98  0.99  0.98  0.85  1.00  0.98 ]
[ 0.99  1.00  0.98  0.99  0.99  0.97  0.98  1.00  0.47  0.99  0.99  0.93 ]
[ 1.00  1.00  1.00  0.95  1.00  1.00  0.99  0.99  0.99  0.98  0.89  0.62 ]

01/29 04:35:53 AM | === Batch 12/250
01/29 04:35:53 AM | loss = 0.987 + 0.447 + 0.052 = 1.486
01/29 04:35:53 AM | attribution_score[0:12]: 
[ 0.99  1.00  0.23  0.06  0.07  0.11  0.16  0.05  0.04  0.86  0.06  0.99 ]
[ 0.98  0.07  0.98  0.03  0.79  0.93  0.98  0.05  0.67  0.98  0.93  0.67 ]
[ 0.99  0.99  0.08  0.99  0.12  0.99  0.87  0.96  0.09  0.07  0.47  0.98 ]
[ 0.30  0.84  0.92  0.99  0.96  1.00  0.84  0.46  0.98  0.75  0.95  0.98 ]
[ 0.99  0.98  0.79  0.54  0.62  0.99  0.05  0.13  0.98  0.84  0.83  0.70 ]
[ 0.70  0.96  0.07  0.86  0.42  0.27  0.89  0.26  0.29  0.28  0.04  0.91 ]
[ 0.96  0.39  0.45  0.82  0.94  0.21  0.98  0.82  0.98  0.99  1.00  0.40 ]
[ 0.03  0.69  0.13  0.04  0.23  0.61  0.98  0.03  0.89  0.76  0.52  0.21 ]
[ 0.84  0.87  0.08  0.87  0.92  0.09  0.13  0.66  0.68  0.42  0.93  0.98 ]
[ 0.62  0.20  0.05  0.04  0.73  0.81  0.16  0.05  0.91  0.16  0.70  0.87 ]
[ 0.15  0.99  0.98  0.37  0.57  0.95  0.98  0.99  0.98  0.86  1.00  0.98 ]
[ 0.99  1.00  0.98  1.00  0.99  0.98  0.99  1.00  0.47  0.99  1.00  0.94 ]
[ 1.00  1.00  1.00  0.95  1.00  1.00  0.99  0.99  1.00  0.98  0.89  0.60 ]

01/29 04:35:53 AM | === Batch 13/250
01/29 04:35:53 AM | loss = 0.796 + 0.546 + 0.049 = 1.391
01/29 04:35:54 AM | attribution_score[0:12]: 
[ 0.99  1.00  0.24  0.05  0.06  0.12  0.15  0.04  0.03  0.88  0.05  0.99 ]
[ 0.98  0.07  0.99  0.03  0.80  0.94  0.98  0.04  0.75  0.98  0.93  0.67 ]
[ 0.99  0.99  0.08  0.99  0.11  0.99  0.88  0.97  0.08  0.06  0.47  0.99 ]
[ 0.27  0.85  0.93  1.00  0.96  1.00  0.86  0.45  0.98  0.73  0.96  0.98 ]
[ 0.99  0.99  0.76  0.64  0.63  0.99  0.05  0.13  0.98  0.89  0.83  0.76 ]
[ 0.74  0.96  0.07  0.88  0.39  0.29  0.92  0.25  0.30  0.35  0.04  0.93 ]
[ 0.97  0.49  0.46  0.85  0.95  0.24  0.99  0.77  0.98  0.99  1.00  0.41 ]
[ 0.03  0.71  0.12  0.04  0.21  0.63  0.98  0.03  0.90  0.78  0.48  0.20 ]
[ 0.86  0.89  0.07  0.88  0.94  0.08  0.11  0.70  0.60  0.33  0.95  0.99 ]
[ 0.62  0.16  0.05  0.04  0.70  0.79  0.15  0.04  0.91  0.14  0.72  0.89 ]
[ 0.15  0.99  0.99  0.40  0.59  0.96  0.98  0.99  0.99  0.86  1.00  0.98 ]
[ 1.00  1.00  0.99  1.00  1.00  0.98  0.99  1.00  0.45  0.99  1.00  0.95 ]
[ 1.00  1.00  1.00  0.96  1.00  1.00  0.99  0.99  1.00  0.98  0.89  0.56 ]

01/29 04:35:54 AM | === Batch 14/250
01/29 04:35:54 AM | loss = 0.654 + 0.581 + 0.046 = 1.282
01/29 04:35:54 AM | attribution_score[0:12]: 
[ 0.99  1.00  0.23  0.04  0.05  0.11  0.14  0.03  0.03  0.89  0.04  0.99 ]
[ 0.99  0.07  0.99  0.02  0.80  0.95  0.99  0.04  0.83  0.98  0.92  0.65 ]
[ 0.99  0.99  0.08  0.99  0.10  0.99  0.89  0.97  0.07  0.05  0.46  0.99 ]
[ 0.25  0.85  0.94  1.00  0.95  1.00  0.88  0.42  0.98  0.70  0.96  0.98 ]
[ 0.99  0.99  0.70  0.73  0.67  0.99  0.04  0.13  0.98  0.92  0.83  0.78 ]
[ 0.77  0.97  0.06  0.90  0.33  0.32  0.94  0.23  0.29  0.45  0.03  0.94 ]
[ 0.97  0.61  0.45  0.87  0.95  0.27  0.99  0.71  0.98  0.99  1.00  0.41 ]
[ 0.02  0.72  0.13  0.03  0.18  0.64  0.98  0.02  0.91  0.78  0.42  0.19 ]
[ 0.87  0.91  0.06  0.88  0.96  0.08  0.09  0.72  0.57  0.25  0.96  0.99 ]
[ 0.60  0.12  0.04  0.03  0.64  0.76  0.13  0.03  0.92  0.12  0.72  0.91 ]
[ 0.15  1.00  0.99  0.43  0.61  0.97  0.98  0.99  0.99  0.87  1.00  0.98 ]
[ 1.00  1.00  0.99  1.00  1.00  0.99  0.99  1.00  0.40  0.99  1.00  0.96 ]
[ 1.00  1.00  1.00  0.96  1.00  1.00  0.99  0.99  1.00  0.99  0.88  0.52 ]

01/29 04:35:54 AM | === Batch 15/250
01/29 04:35:54 AM | loss = 0.541 + 0.575 + 0.044 = 1.160
01/29 04:35:54 AM | attribution_score[0:12]: 
[ 0.99  1.00  0.21  0.03  0.05  0.11  0.12  0.03  0.02  0.90  0.04  0.99 ]
[ 0.99  0.07  0.99  0.02  0.80  0.95  0.99  0.03  0.87  0.98  0.93  0.64 ]
[ 0.99  0.99  0.07  0.99  0.08  0.99  0.89  0.97  0.06  0.05  0.43  0.99 ]
[ 0.24  0.85  0.95  1.00  0.95  1.00  0.89  0.38  0.98  0.66  0.97  0.97 ]
[ 0.99  0.98  0.64  0.80  0.67  0.99  0.04  0.12  0.99  0.94  0.84  0.79 ]
[ 0.79  0.97  0.06  0.91  0.31  0.35  0.95  0.21  0.27  0.53  0.03  0.95 ]
[ 0.97  0.71  0.41  0.88  0.96  0.28  0.99  0.63  0.98  0.99  1.00  0.38 ]
[ 0.02  0.72  0.13  0.03  0.16  0.63  0.98  0.02  0.92  0.77  0.36  0.17 ]
[ 0.88  0.92  0.05  0.88  0.97  0.07  0.08  0.72  0.55  0.18  0.97  0.99 ]
[ 0.56  0.09  0.03  0.02  0.57  0.72  0.11  0.03  0.92  0.09  0.71  0.92 ]
[ 0.14  1.00  0.99  0.46  0.64  0.98  0.98  0.99  0.99  0.87  1.00  0.98 ]
[ 1.00  1.00  0.99  1.00  1.00  0.99  0.99  1.00  0.34  1.00  1.00  0.96 ]
[ 1.00  1.00  1.00  0.96  1.00  1.00  0.99  1.00  1.00  0.99  0.88  0.50 ]

01/29 04:35:54 AM | === Batch 16/250
01/29 04:35:55 AM | loss = 0.322 + 0.540 + 0.042 = 0.904
01/29 04:35:55 AM | attribution_score[0:12]: 
[ 0.99  1.00  0.20  0.03  0.04  0.11  0.11  0.03  0.02  0.91  0.03  0.99 ]
[ 0.99  0.07  0.99  0.01  0.78  0.95  0.99  0.03  0.91  0.98  0.93  0.62 ]
[ 0.99  0.99  0.07  0.99  0.07  0.99  0.88  0.97  0.05  0.04  0.38  0.99 ]
[ 0.24  0.84  0.96  1.00  0.94  1.00  0.90  0.35  0.98  0.61  0.97  0.97 ]
[ 0.99  0.98  0.54  0.86  0.65  0.99  0.04  0.12  0.99  0.95  0.85  0.80 ]
[ 0.81  0.97  0.05  0.92  0.28  0.36  0.96  0.19  0.27  0.62  0.02  0.96 ]
[ 0.97  0.80  0.36  0.89  0.96  0.30  0.99  0.53  0.99  0.99  1.00  0.36 ]
[ 0.02  0.72  0.13  0.02  0.14  0.58  0.98  0.02  0.92  0.75  0.30  0.15 ]
[ 0.88  0.93  0.04  0.88  0.97  0.06  0.07  0.71  0.53  0.13  0.98  0.99 ]
[ 0.51  0.06  0.03  0.02  0.49  0.66  0.09  0.02  0.92  0.07  0.68  0.92 ]
[ 0.13  1.00  0.99  0.50  0.68  0.98  0.99  1.00  0.99  0.88  1.00  0.99 ]
[ 1.00  1.00  0.99  1.00  1.00  0.99  0.99  1.00  0.28  1.00  1.00  0.96 ]
[ 1.00  1.00  1.00  0.97  1.00  1.00  1.00  1.00  1.00  0.99  0.86  0.45 ]

01/29 04:35:55 AM | === Batch 17/250
01/29 04:35:55 AM | loss = 0.393 + 0.483 + 0.040 = 0.917
01/29 04:35:55 AM | attribution_score[0:12]: 
[ 0.99  1.00  0.17  0.02  0.04  0.11  0.09  0.02  0.02  0.92  0.03  0.99 ]
[ 0.99  0.06  0.99  0.01  0.76  0.95  0.99  0.02  0.93  0.98  0.94  0.62 ]
[ 0.99  1.00  0.06  0.99  0.06  0.99  0.87  0.98  0.04  0.03  0.32  0.99 ]
[ 0.25  0.82  0.96  1.00  0.94  1.00  0.91  0.32  0.98  0.59  0.97  0.97 ]
[ 1.00  0.98  0.46  0.90  0.62  1.00  0.04  0.11  0.99  0.96  0.85  0.81 ]
[ 0.84  0.97  0.05  0.92  0.27  0.39  0.97  0.16  0.24  0.64  0.02  0.97 ]
[ 0.97  0.86  0.32  0.89  0.97  0.34  0.99  0.43  0.99  0.99  1.00  0.33 ]
[ 0.01  0.72  0.12  0.02  0.12  0.53  0.98  0.01  0.93  0.73  0.25  0.14 ]
[ 0.89  0.94  0.03  0.88  0.98  0.05  0.06  0.69  0.52  0.10  0.98  0.99 ]
[ 0.46  0.05  0.02  0.02  0.39  0.59  0.07  0.02  0.92  0.06  0.63  0.93 ]
[ 0.11  1.00  0.99  0.53  0.73  0.98  0.99  1.00  1.00  0.89  1.00  0.99 ]
[ 1.00  1.00  0.99  1.00  1.00  0.99  0.99  1.00  0.21  1.00  1.00  0.97 ]
[ 1.00  1.00  1.00  0.97  1.00  1.00  1.00  1.00  1.00  0.99  0.85  0.43 ]

01/29 04:35:55 AM | === Batch 18/250
01/29 04:35:55 AM | loss = 0.485 + 0.420 + 0.039 = 0.943
01/29 04:35:56 AM | attribution_score[0:12]: 
[ 0.99  1.00  0.15  0.02  0.03  0.11  0.08  0.02  0.01  0.92  0.02  0.99 ]
[ 0.99  0.06  0.99  0.01  0.73  0.95  0.99  0.02  0.94  0.98  0.94  0.62 ]
[ 0.99  1.00  0.05  0.99  0.05  0.99  0.85  0.98  0.04  0.03  0.26  0.99 ]
[ 0.26  0.80  0.97  1.00  0.94  1.00  0.92  0.29  0.98  0.57  0.98  0.97 ]
[ 1.00  0.98  0.39  0.92  0.55  1.00  0.04  0.10  0.99  0.97  0.86  0.82 ]
[ 0.85  0.98  0.04  0.92  0.25  0.42  0.97  0.13  0.23  0.65  0.02  0.97 ]
[ 0.98  0.90  0.27  0.90  0.97  0.35  0.99  0.33  0.99  0.99  1.00  0.27 ]
[ 0.01  0.72  0.11  0.02  0.10  0.48  0.99  0.01  0.93  0.70  0.21  0.12 ]
[ 0.89  0.95  0.03  0.88  0.98  0.05  0.05  0.65  0.50  0.07  0.98  0.99 ]
[ 0.41  0.04  0.02  0.02  0.30  0.51  0.06  0.02  0.93  0.05  0.57  0.93 ]
[ 0.09  1.00  0.99  0.55  0.76  0.99  0.99  1.00  1.00  0.89  1.00  0.99 ]
[ 1.00  1.00  0.99  1.00  1.00  0.99  0.99  1.00  0.15  1.00  1.00  0.97 ]
[ 1.00  1.00  1.00  0.97  1.00  1.00  1.00  1.00  1.00  0.99  0.84  0.41 ]

01/29 04:35:56 AM | === Batch 19/250
01/29 04:35:56 AM | loss = 0.427 + 0.348 + 0.037 = 0.812
01/29 04:35:56 AM | attribution_score[0:12]: 
[ 0.99  1.00  0.13  0.02  0.03  0.11  0.07  0.02  0.01  0.92  0.02  0.99 ]
[ 0.99  0.05  0.99  0.01  0.71  0.95  0.99  0.02  0.95  0.98  0.95  0.61 ]
[ 0.99  1.00  0.05  0.99  0.04  1.00  0.84  0.98  0.03  0.02  0.21  0.99 ]
[ 0.26  0.77  0.97  1.00  0.93  1.00  0.93  0.27  0.97  0.55  0.98  0.97 ]
[ 1.00  0.98  0.32  0.94  0.48  1.00  0.04  0.09  0.99  0.97  0.86  0.83 ]
[ 0.86  0.98  0.04  0.91  0.23  0.46  0.98  0.11  0.22  0.64  0.01  0.98 ]
[ 0.97  0.93  0.21  0.89  0.97  0.32  0.99  0.24  0.99  0.99  1.00  0.22 ]
[ 0.01  0.73  0.09  0.02  0.09  0.42  0.99  0.01  0.94  0.67  0.18  0.10 ]
[ 0.89  0.95  0.02  0.89  0.98  0.04  0.04  0.61  0.47  0.05  0.99  0.99 ]
[ 0.36  0.03  0.02  0.01  0.23  0.43  0.05  0.02  0.93  0.04  0.50  0.93 ]
[ 0.07  1.00  0.99  0.55  0.78  0.99  0.99  1.00  1.00  0.90  1.00  0.99 ]
[ 1.00  1.00  0.99  1.00  1.00  0.99  0.99  1.00  0.11  1.00  1.00  0.97 ]
[ 1.00  1.00  1.00  0.97  1.00  1.00  1.00  1.00  1.00  0.99  0.84  0.40 ]

01/29 04:35:56 AM | === Batch 20/250
01/29 04:35:56 AM | loss = 0.717 + 0.273 + 0.036 = 1.026
01/29 04:35:57 AM | === Batch 21/250
01/29 04:35:57 AM | loss = 0.569 + 0.206 + 0.034 = 0.809
01/29 04:35:57 AM | === Batch 22/250
01/29 04:35:57 AM | loss = 0.512 + 0.144 + 0.033 = 0.689
01/29 04:35:58 AM | === Batch 23/250
01/29 04:35:58 AM | loss = 0.728 + 0.084 + 0.032 = 0.844
01/29 04:35:58 AM | === Batch 24/250
01/29 04:35:58 AM | loss = 0.636 + 0.026 + 0.031 = 0.694
01/29 04:35:58 AM | === Batch 25/250
01/29 04:35:59 AM | loss = 0.423 + 0.057 + 0.030 = 0.510
01/29 04:35:59 AM | === Batch 26/250
01/29 04:35:59 AM | loss = 0.441 + 0.046 + 0.029 = 0.516
01/29 04:35:59 AM | === Batch 27/250
01/29 04:35:59 AM | loss = 0.563 + 0.025 + 0.028 = 0.616
01/29 04:36:00 AM | === Batch 28/250
01/29 04:36:00 AM | loss = 0.368 + 0.057 + 0.027 = 0.452
01/29 04:36:00 AM | === Batch 29/250
01/29 04:36:00 AM | loss = 0.529 + 0.072 + 0.026 = 0.627
01/29 04:36:01 AM | === Batch 30/250
01/29 04:36:01 AM | loss = 0.456 + 0.076 + 0.025 = 0.557
01/29 04:36:01 AM | === Batch 31/250
01/29 04:36:01 AM | loss = 0.454 + 0.069 + 0.024 = 0.547
01/29 04:36:01 AM | === Batch 32/250
01/29 04:36:02 AM | loss = 0.490 + 0.052 + 0.024 = 0.566
01/29 04:36:02 AM | === Batch 33/250
01/29 04:36:02 AM | loss = 0.365 + 0.028 + 0.023 = 0.417
01/29 04:36:02 AM | === Batch 34/250
01/29 04:36:02 AM | loss = 0.429 + 0.008 + 0.023 = 0.460
01/29 04:36:03 AM | === Batch 35/250
01/29 04:36:03 AM | loss = 0.632 + 0.003 + 0.023 = 0.658
01/29 04:36:03 AM | === Batch 36/250
01/29 04:36:03 AM | loss = 0.448 + 0.001 + 0.022 = 0.471
01/29 04:36:04 AM | === Batch 37/250
01/29 04:36:04 AM | loss = 0.461 + 0.018 + 0.022 = 0.502
01/29 04:36:04 AM | === Batch 38/250
01/29 04:36:04 AM | loss = 0.489 + 0.013 + 0.022 = 0.523
01/29 04:36:04 AM | === Batch 39/250
01/29 04:36:05 AM | loss = 0.418 + 0.026 + 0.021 = 0.465
01/29 04:36:05 AM | === Batch 40/250
01/29 04:36:05 AM | loss = 0.611 + 0.030 + 0.021 = 0.661
01/29 04:36:05 AM | === Batch 41/250
01/29 04:36:05 AM | loss = 0.391 + 0.025 + 0.021 = 0.437
01/29 04:36:06 AM | === Batch 42/250
01/29 04:36:06 AM | loss = 0.534 + 0.014 + 0.021 = 0.569
01/29 04:36:06 AM | === Batch 43/250
01/29 04:36:06 AM | loss = 0.381 + 0.009 + 0.021 = 0.410
01/29 04:36:07 AM | === Batch 44/250
01/29 04:36:07 AM | loss = 0.445 + 0.013 + 0.020 = 0.478
01/29 04:36:07 AM | === Batch 45/250
01/29 04:36:07 AM | loss = 0.401 + 0.019 + 0.020 = 0.441
01/29 04:36:07 AM | === Batch 46/250
01/29 04:36:08 AM | loss = 0.455 + 0.015 + 0.020 = 0.490
01/29 04:36:08 AM | === Batch 47/250
01/29 04:36:08 AM | loss = 0.540 + 0.002 + 0.020 = 0.562
01/29 04:36:08 AM | === Batch 48/250
01/29 04:36:08 AM | loss = 0.453 + 0.031 + 0.019 = 0.503
01/29 04:36:09 AM | === Batch 49/250
01/29 04:36:09 AM | loss = 0.445 + 0.004 + 0.019 = 0.468
01/29 04:36:09 AM | === Batch 50/250
01/29 04:36:09 AM | loss = 0.477 + 0.038 + 0.019 = 0.534
01/29 04:36:10 AM | === Batch 51/250
01/29 04:36:10 AM | loss = 0.423 + 0.064 + 0.018 = 0.505
01/29 04:36:10 AM | === Batch 52/250
01/29 04:36:10 AM | loss = 0.466 + 0.079 + 0.018 = 0.563
01/29 04:36:10 AM | === Batch 53/250
01/29 04:36:11 AM | loss = 0.428 + 0.084 + 0.018 = 0.530
01/29 04:36:11 AM | === Batch 54/250
01/29 04:36:11 AM | loss = 0.457 + 0.077 + 0.018 = 0.552
01/29 04:36:11 AM | === Batch 55/250
01/29 04:36:11 AM | loss = 0.565 + 0.065 + 0.017 = 0.647
01/29 04:36:12 AM | === Batch 56/250
01/29 04:36:12 AM | loss = 0.360 + 0.048 + 0.017 = 0.425
01/29 04:36:12 AM | === Batch 57/250
01/29 04:36:12 AM | loss = 0.536 + 0.026 + 0.017 = 0.578
01/29 04:36:13 AM | === Batch 58/250
01/29 04:36:13 AM | loss = 0.307 + 0.002 + 0.017 = 0.326
01/29 04:36:13 AM | === Batch 59/250
01/29 04:36:13 AM | loss = 0.590 + 0.004 + 0.017 = 0.611
01/29 04:36:13 AM | === Batch 60/250
01/29 04:36:14 AM | loss = 0.405 + 0.004 + 0.017 = 0.425
01/29 04:36:14 AM | === Batch 61/250
01/29 04:36:14 AM | loss = 0.457 + 0.010 + 0.017 = 0.484
01/29 04:36:14 AM | === Batch 62/250
01/29 04:36:15 AM | loss = 0.614 + 0.013 + 0.016 = 0.643
01/29 04:36:15 AM | === Batch 63/250
01/29 04:36:15 AM | loss = 0.368 + 0.021 + 0.016 = 0.405
01/29 04:36:15 AM | === Batch 64/250
01/29 04:36:15 AM | loss = 0.479 + 0.022 + 0.016 = 0.517
01/29 04:36:16 AM | === Batch 65/250
01/29 04:36:16 AM | loss = 0.636 + 0.018 + 0.016 = 0.670
01/29 04:36:16 AM | === Batch 66/250
01/29 04:36:16 AM | loss = 0.239 + 0.010 + 0.016 = 0.264
01/29 04:36:16 AM | === Batch 67/250
01/29 04:36:17 AM | loss = 0.332 + 0.009 + 0.016 = 0.356
01/29 04:36:17 AM | === Batch 68/250
01/29 04:36:17 AM | loss = 0.430 + 0.008 + 0.015 = 0.453
01/29 04:36:17 AM | === Batch 69/250
01/29 04:36:17 AM | loss = 0.442 + 0.012 + 0.015 = 0.469
01/29 04:36:18 AM | === Batch 70/250
01/29 04:36:18 AM | loss = 0.258 + 0.008 + 0.015 = 0.281
01/29 04:36:18 AM | === Batch 71/250
01/29 04:36:18 AM | loss = 0.388 + 0.007 + 0.015 = 0.410
01/29 04:36:19 AM | === Batch 72/250
01/29 04:36:19 AM | loss = 0.548 + 0.011 + 0.015 = 0.574
01/29 04:36:19 AM | === Batch 73/250
01/29 04:36:19 AM | loss = 0.369 + 0.015 + 0.015 = 0.399
01/29 04:36:19 AM | === Batch 74/250
01/29 04:36:20 AM | loss = 0.616 + 0.013 + 0.014 = 0.643
01/29 04:36:20 AM | === Batch 75/250
01/29 04:36:20 AM | loss = 0.413 + 0.001 + 0.015 = 0.429
01/29 04:36:20 AM | === Batch 76/250
01/29 04:36:20 AM | loss = 0.514 + 0.031 + 0.015 = 0.559
01/29 04:36:21 AM | === Batch 77/250
01/29 04:36:21 AM | loss = 0.487 + 0.012 + 0.015 = 0.513
01/29 04:36:21 AM | === Batch 78/250
01/29 04:36:21 AM | loss = 0.458 + 0.024 + 0.014 = 0.496
01/29 04:36:22 AM | === Batch 79/250
01/29 04:36:22 AM | loss = 0.600 + 0.045 + 0.014 = 0.659
01/29 04:36:22 AM | === Batch 80/250
01/29 04:36:22 AM | loss = 0.545 + 0.059 + 0.014 = 0.618
01/29 04:36:23 AM | === Batch 81/250
01/29 04:36:23 AM | loss = 0.486 + 0.063 + 0.014 = 0.563
01/29 04:36:23 AM | === Batch 82/250
01/29 04:36:23 AM | loss = 0.478 + 0.059 + 0.014 = 0.550
01/29 04:36:24 AM | === Batch 83/250
01/29 04:36:24 AM | loss = 0.591 + 0.048 + 0.014 = 0.653
01/29 04:36:24 AM | === Batch 84/250
01/29 04:36:24 AM | loss = 0.504 + 0.032 + 0.014 = 0.550
01/29 04:36:24 AM | === Batch 85/250
01/29 04:36:25 AM | loss = 0.417 + 0.012 + 0.014 = 0.443
01/29 04:36:25 AM | === Batch 86/250
01/29 04:36:25 AM | loss = 0.398 + 0.024 + 0.014 = 0.436
01/29 04:36:25 AM | === Batch 87/250
01/29 04:36:25 AM | loss = 0.646 + 0.023 + 0.014 = 0.683
01/29 04:36:26 AM | === Batch 88/250
01/29 04:36:26 AM | loss = 0.544 + 0.011 + 0.013 = 0.569
01/29 04:36:26 AM | === Batch 89/250
01/29 04:36:26 AM | loss = 0.543 + 0.025 + 0.013 = 0.581
01/29 04:36:26 AM | === Batch 90/250
01/29 04:36:27 AM | loss = 0.393 + 0.031 + 0.013 = 0.437
01/29 04:36:27 AM | === Batch 91/250
01/29 04:36:27 AM | loss = 0.521 + 0.031 + 0.013 = 0.565
01/29 04:36:27 AM | === Batch 92/250
01/29 04:36:27 AM | loss = 0.575 + 0.025 + 0.013 = 0.613
01/29 04:36:28 AM | === Batch 93/250
01/29 04:36:28 AM | loss = 0.423 + 0.014 + 0.013 = 0.450
01/29 04:36:28 AM | === Batch 94/250
01/29 04:36:28 AM | loss = 0.459 + 0.004 + 0.013 = 0.475
01/29 04:36:29 AM | === Batch 95/250
01/29 04:36:29 AM | loss = 0.542 + 0.004 + 0.013 = 0.559
01/29 04:36:29 AM | === Batch 96/250
01/29 04:36:29 AM | loss = 0.398 + 0.004 + 0.012 = 0.415
01/29 04:36:29 AM | === Batch 97/250
01/29 04:36:30 AM | loss = 0.588 + 0.004 + 0.012 = 0.604
01/29 04:36:30 AM | === Batch 98/250
01/29 04:36:30 AM | loss = 0.452 + 0.013 + 0.012 = 0.477
01/29 04:36:30 AM | === Batch 99/250
01/29 04:36:30 AM | loss = 0.448 + 0.022 + 0.012 = 0.481
01/29 04:36:31 AM | === Batch 100/250
01/29 04:36:31 AM | loss = 0.248 + 0.024 + 0.012 = 0.284
01/29 04:36:31 AM | attribution_score[0:12]: 
[ 1.00  1.00  0.03  0.00  0.00  0.43  0.00  0.00  0.00  0.98  0.00  0.99 ]
[ 1.00  0.01  0.99  0.00  0.98  0.97  1.00  0.00  0.99  0.92  1.00  0.03 ]
[ 1.00  1.00  0.00  0.99  0.00  1.00  0.04  0.96  0.00  0.00  0.00  0.99 ]
[ 0.03  0.78  1.00  1.00  0.99  1.00  0.97  0.86  0.99  0.05  1.00  0.98 ]
[ 0.99  0.99  0.11  0.99  0.33  0.96  0.01  0.00  1.00  0.99  0.96  0.98 ]
[ 0.97  0.99  0.01  0.03  0.02  0.04  0.97  0.01  0.02  0.05  0.00  1.00 ]
[ 0.98  0.99  0.01  0.98  1.00  0.03  0.99  0.01  0.99  1.00  1.00  0.11 ]
[ 0.00  0.93  0.01  0.01  0.02  0.94  1.00  0.00  0.99  0.97  0.11  0.00 ]
[ 0.99  1.00  0.01  0.99  1.00  0.00  0.00  0.99  0.91  0.01  1.00  1.00 ]
[ 0.02  0.00  0.00  0.00  0.02  0.03  0.00  0.00  0.99  0.00  0.91  0.99 ]
[ 0.00  1.00  1.00  0.00  0.02  1.00  1.00  1.00  1.00  0.99  1.00  1.00 ]
[ 1.00  1.00  1.00  1.00  1.00  1.00  1.00  1.00  0.00  1.00  1.00  0.99 ]
[ 1.00  1.00  1.00  0.99  1.00  1.00  1.00  1.00  1.00  1.00  0.99  0.02 ]

01/29 04:36:31 AM | === Batch 101/250
01/29 04:36:31 AM | loss = 0.294 + 0.018 + 0.012 = 0.324
01/29 04:36:32 AM | === Batch 102/250
01/29 04:36:32 AM | loss = 0.452 + 0.008 + 0.012 = 0.472
01/29 04:36:32 AM | === Batch 103/250
01/29 04:36:32 AM | loss = 0.475 + 0.012 + 0.012 = 0.499
01/29 04:36:33 AM | === Batch 104/250
01/29 04:36:33 AM | loss = 0.583 + 0.001 + 0.012 = 0.596
01/29 04:36:33 AM | === Batch 105/250
01/29 04:36:33 AM | loss = 0.518 + 0.002 + 0.012 = 0.532
01/29 04:36:34 AM | === Batch 106/250
01/29 04:36:34 AM | loss = 0.349 + 0.009 + 0.012 = 0.370
01/29 04:36:34 AM | === Batch 107/250
01/29 04:36:34 AM | loss = 0.608 + 0.010 + 0.012 = 0.629
01/29 04:36:35 AM | === Batch 108/250
01/29 04:36:35 AM | loss = 0.418 + 0.018 + 0.012 = 0.447
01/29 04:36:35 AM | === Batch 109/250
01/29 04:36:35 AM | loss = 0.581 + 0.018 + 0.011 = 0.610
01/29 04:36:36 AM | === Batch 110/250
01/29 04:36:36 AM | loss = 0.414 + 0.012 + 0.011 = 0.437
01/29 04:36:36 AM | === Batch 111/250
01/29 04:36:36 AM | loss = 0.434 + 0.001 + 0.011 = 0.447
01/29 04:36:37 AM | === Batch 112/250
01/29 04:36:37 AM | loss = 0.449 + 0.008 + 0.011 = 0.468
01/29 04:36:37 AM | === Batch 113/250
01/29 04:36:37 AM | loss = 0.586 + 0.010 + 0.011 = 0.607
01/29 04:36:38 AM | === Batch 114/250
01/29 04:36:38 AM | loss = 0.619 + 0.004 + 0.011 = 0.634
01/29 04:36:38 AM | === Batch 115/250
01/29 04:36:38 AM | loss = 0.408 + 0.012 + 0.011 = 0.432
01/29 04:36:39 AM | === Batch 116/250
01/29 04:36:39 AM | loss = 0.448 + 0.005 + 0.011 = 0.463
01/29 04:36:39 AM | === Batch 117/250
01/29 04:36:39 AM | loss = 0.422 + 0.011 + 0.011 = 0.444
01/29 04:36:39 AM | === Batch 118/250
01/29 04:36:40 AM | loss = 0.395 + 0.010 + 0.011 = 0.416
01/29 04:36:40 AM | === Batch 119/250
01/29 04:36:40 AM | loss = 0.563 + 0.003 + 0.011 = 0.577
01/29 04:36:40 AM | === Batch 120/250
01/29 04:36:41 AM | loss = 0.316 + 0.014 + 0.011 = 0.341
01/29 04:36:41 AM | === Batch 121/250
01/29 04:36:41 AM | loss = 0.581 + 0.002 + 0.011 = 0.594
01/29 04:36:41 AM | === Batch 122/250
01/29 04:36:42 AM | loss = 0.536 + 0.004 + 0.011 = 0.550
01/29 04:36:42 AM | === Batch 123/250
01/29 04:36:42 AM | loss = 0.360 + 0.003 + 0.011 = 0.373
01/29 04:36:42 AM | === Batch 124/250
01/29 04:36:43 AM | loss = 0.424 + 0.006 + 0.010 = 0.440
01/29 04:36:43 AM | === Batch 125/250
01/29 04:36:43 AM | loss = 0.525 + 0.009 + 0.010 = 0.544
01/29 04:36:43 AM | === Batch 126/250
01/29 04:36:44 AM | loss = 0.301 + 0.015 + 0.010 = 0.326
01/29 04:36:44 AM | === Batch 127/250
01/29 04:36:44 AM | loss = 0.396 + 0.016 + 0.010 = 0.422
01/29 04:36:44 AM | === Batch 128/250
01/29 04:36:45 AM | loss = 0.493 + 0.011 + 0.010 = 0.515
01/29 04:36:45 AM | === Batch 129/250
01/29 04:36:45 AM | loss = 0.474 + 0.003 + 0.011 = 0.488
01/29 04:36:45 AM | === Batch 130/250
01/29 04:36:46 AM | loss = 0.505 + 0.016 + 0.011 = 0.532
01/29 04:36:46 AM | === Batch 131/250
01/29 04:36:46 AM | loss = 0.595 + 0.004 + 0.011 = 0.610
01/29 04:36:46 AM | === Batch 132/250
01/29 04:36:47 AM | loss = 0.422 + 0.021 + 0.011 = 0.453
01/29 04:36:47 AM | === Batch 133/250
01/29 04:36:47 AM | loss = 0.361 + 0.036 + 0.011 = 0.407
01/29 04:36:47 AM | === Batch 134/250
01/29 04:36:48 AM | loss = 0.478 + 0.043 + 0.010 = 0.532
01/29 04:36:48 AM | === Batch 135/250
01/29 04:36:48 AM | loss = 0.377 + 0.045 + 0.010 = 0.433
01/29 04:36:48 AM | === Batch 136/250
01/29 04:36:49 AM | loss = 0.491 + 0.042 + 0.010 = 0.543
01/29 04:36:49 AM | === Batch 137/250
01/29 04:36:49 AM | loss = 0.478 + 0.034 + 0.010 = 0.523
01/29 04:36:49 AM | === Batch 138/250
01/29 04:36:50 AM | loss = 0.427 + 0.023 + 0.010 = 0.461
01/29 04:36:50 AM | === Batch 139/250
01/29 04:36:50 AM | loss = 0.537 + 0.007 + 0.010 = 0.555
01/29 04:36:50 AM | === Batch 140/250
01/29 04:36:51 AM | loss = 0.494 + 0.024 + 0.010 = 0.529
01/29 04:36:51 AM | === Batch 141/250
01/29 04:36:51 AM | loss = 0.413 + 0.017 + 0.010 = 0.441
01/29 04:36:51 AM | === Batch 142/250
01/29 04:36:52 AM | loss = 0.268 + 0.011 + 0.010 = 0.289
01/29 04:36:52 AM | === Batch 143/250
01/29 04:36:52 AM | loss = 0.320 + 0.024 + 0.010 = 0.354
01/29 04:36:52 AM | === Batch 144/250
01/29 04:36:52 AM | loss = 0.425 + 0.031 + 0.009 = 0.466
01/29 04:36:53 AM | === Batch 145/250
01/29 04:36:53 AM | loss = 0.577 + 0.032 + 0.009 = 0.618
01/29 04:36:53 AM | === Batch 146/250
01/29 04:36:53 AM | loss = 0.332 + 0.029 + 0.009 = 0.370
01/29 04:36:54 AM | === Batch 147/250
01/29 04:36:54 AM | loss = 0.505 + 0.021 + 0.009 = 0.535
01/29 04:36:54 AM | === Batch 148/250
01/29 04:36:54 AM | loss = 0.438 + 0.011 + 0.009 = 0.458
01/29 04:36:55 AM | === Batch 149/250
01/29 04:36:55 AM | loss = 0.423 + 0.004 + 0.009 = 0.436
01/29 04:36:55 AM | === Batch 150/250
01/29 04:36:55 AM | loss = 0.563 + 0.000 + 0.009 = 0.573
01/29 04:36:55 AM | === Batch 151/250
01/29 04:36:56 AM | loss = 0.295 + 0.003 + 0.009 = 0.307
01/29 04:36:56 AM | === Batch 152/250
01/29 04:36:56 AM | loss = 0.316 + 0.010 + 0.009 = 0.335
01/29 04:36:56 AM | === Batch 153/250
01/29 04:36:57 AM | loss = 0.291 + 0.017 + 0.009 = 0.317
01/29 04:36:57 AM | === Batch 154/250
01/29 04:36:57 AM | loss = 0.779 + 0.019 + 0.009 = 0.807
01/29 04:36:57 AM | === Batch 155/250
01/29 04:36:58 AM | loss = 0.287 + 0.015 + 0.009 = 0.310
01/29 04:36:58 AM | === Batch 156/250
01/29 04:36:58 AM | loss = 0.222 + 0.007 + 0.009 = 0.237
01/29 04:36:58 AM | === Batch 157/250
01/29 04:36:59 AM | loss = 0.514 + 0.011 + 0.009 = 0.534
01/29 04:36:59 AM | === Batch 158/250
01/29 04:36:59 AM | loss = 0.417 + 0.001 + 0.009 = 0.427
01/29 04:36:59 AM | === Batch 159/250
01/29 04:37:00 AM | loss = 0.419 + 0.019 + 0.009 = 0.447
01/29 04:37:00 AM | === Batch 160/250
01/29 04:37:00 AM | loss = 0.379 + 0.031 + 0.009 = 0.419
01/29 04:37:00 AM | === Batch 161/250
01/29 04:37:00 AM | loss = 0.369 + 0.037 + 0.009 = 0.415
01/29 04:37:01 AM | === Batch 162/250
01/29 04:37:01 AM | loss = 0.527 + 0.038 + 0.009 = 0.573
01/29 04:37:01 AM | === Batch 163/250
01/29 04:37:01 AM | loss = 0.501 + 0.034 + 0.009 = 0.544
01/29 04:37:02 AM | === Batch 164/250
01/29 04:37:02 AM | loss = 0.403 + 0.027 + 0.009 = 0.439
01/29 04:37:02 AM | === Batch 165/250
01/29 04:37:02 AM | loss = 0.403 + 0.016 + 0.009 = 0.428
01/29 04:37:02 AM | === Batch 166/250
01/29 04:37:03 AM | loss = 0.432 + 0.002 + 0.009 = 0.443
01/29 04:37:03 AM | === Batch 167/250
01/29 04:37:03 AM | loss = 0.279 + 0.027 + 0.009 = 0.314
01/29 04:37:03 AM | === Batch 168/250
01/29 04:37:03 AM | loss = 0.504 + 0.028 + 0.009 = 0.540
01/29 04:37:04 AM | === Batch 169/250
01/29 04:37:04 AM | loss = 0.420 + 0.001 + 0.009 = 0.429
01/29 04:37:04 AM | === Batch 170/250
01/29 04:37:04 AM | loss = 0.563 + 0.011 + 0.008 = 0.583
01/29 04:37:04 AM | === Batch 171/250
01/29 04:37:05 AM | loss = 0.352 + 0.017 + 0.008 = 0.378
01/29 04:37:05 AM | === Batch 172/250
01/29 04:37:05 AM | loss = 0.310 + 0.016 + 0.008 = 0.335
01/29 04:37:05 AM | === Batch 173/250
01/29 04:37:05 AM | loss = 0.503 + 0.011 + 0.008 = 0.522
01/29 04:37:06 AM | === Batch 174/250
01/29 04:37:06 AM | loss = 0.518 + 0.003 + 0.008 = 0.529
01/29 04:37:06 AM | === Batch 175/250
01/29 04:37:06 AM | loss = 0.362 + 0.013 + 0.008 = 0.383
01/29 04:37:06 AM | === Batch 176/250
01/29 04:37:07 AM | loss = 0.519 + 0.004 + 0.008 = 0.531
01/29 04:37:07 AM | === Batch 177/250
01/29 04:37:07 AM | loss = 0.384 + 0.015 + 0.008 = 0.407
01/29 04:37:07 AM | === Batch 178/250
01/29 04:37:08 AM | loss = 0.444 + 0.027 + 0.007 = 0.478
01/29 04:37:08 AM | === Batch 179/250
01/29 04:37:08 AM | loss = 0.426 + 0.031 + 0.007 = 0.465
01/29 04:37:08 AM | === Batch 180/250
01/29 04:37:08 AM | loss = 0.366 + 0.031 + 0.007 = 0.404
01/29 04:37:09 AM | === Batch 181/250
01/29 04:37:09 AM | loss = 0.458 + 0.027 + 0.007 = 0.493
01/29 04:37:09 AM | === Batch 182/250
01/29 04:37:09 AM | loss = 0.455 + 0.019 + 0.007 = 0.482
01/29 04:37:09 AM | === Batch 183/250
01/29 04:37:10 AM | loss = 0.365 + 0.009 + 0.007 = 0.382
01/29 04:37:10 AM | === Batch 184/250
01/29 04:37:10 AM | loss = 0.369 + 0.006 + 0.008 = 0.382
01/29 04:37:10 AM | === Batch 185/250
01/29 04:37:11 AM | loss = 0.476 + 0.001 + 0.008 = 0.485
01/29 04:37:11 AM | === Batch 186/250
01/29 04:37:11 AM | loss = 0.445 + 0.015 + 0.007 = 0.468
01/29 04:37:11 AM | === Batch 187/250
01/29 04:37:11 AM | loss = 0.285 + 0.026 + 0.007 = 0.318
01/29 04:37:12 AM | === Batch 188/250
01/29 04:37:12 AM | loss = 0.388 + 0.032 + 0.007 = 0.428
01/29 04:37:12 AM | === Batch 189/250
01/29 04:37:12 AM | loss = 0.460 + 0.034 + 0.007 = 0.501
01/29 04:37:12 AM | === Batch 190/250
01/29 04:37:13 AM | loss = 0.360 + 0.031 + 0.007 = 0.398
01/29 04:37:13 AM | === Batch 191/250
01/29 04:37:13 AM | loss = 0.458 + 0.025 + 0.007 = 0.490
01/29 04:37:13 AM | === Batch 192/250
01/29 04:37:13 AM | loss = 0.453 + 0.015 + 0.007 = 0.475
01/29 04:37:14 AM | === Batch 193/250
01/29 04:37:14 AM | loss = 0.484 + 0.003 + 0.007 = 0.494
01/29 04:37:14 AM | === Batch 194/250
01/29 04:37:14 AM | loss = 0.343 + 0.023 + 0.007 = 0.373
01/29 04:37:14 AM | === Batch 195/250
01/29 04:37:15 AM | loss = 0.449 + 0.024 + 0.007 = 0.480
01/29 04:37:15 AM | === Batch 196/250
01/29 04:37:15 AM | loss = 0.473 + 0.003 + 0.007 = 0.482
01/29 04:37:15 AM | === Batch 197/250
01/29 04:37:16 AM | loss = 0.344 + 0.019 + 0.007 = 0.370
01/29 04:37:16 AM | === Batch 198/250
01/29 04:37:16 AM | loss = 0.535 + 0.035 + 0.007 = 0.576
01/29 04:37:16 AM | === Batch 199/250
01/29 04:37:16 AM | loss = 0.396 + 0.045 + 0.007 = 0.448
01/29 04:37:17 AM | === Batch 200/250
01/29 04:37:17 AM | loss = 0.351 + 0.050 + 0.007 = 0.407
01/29 04:37:17 AM | attribution_score[0:12]: 
[ 1.00  1.00  0.02  0.00  0.00  0.93  0.00  0.00  0.00  0.99  0.00  1.00 ]
[ 1.00  0.01  0.99  0.00  0.99  0.99  1.00  0.00  0.99  0.99  1.00  0.04 ]
[ 1.00  1.00  0.01  1.00  0.00  1.00  0.04  0.99  0.00  0.00  0.00  1.00 ]
[ 0.01  0.90  1.00  1.00  0.42  1.00  0.83  0.50  0.99  0.02  1.00  0.99 ]
[ 0.00  0.98  0.98  0.98  0.96  0.04  0.00  0.01  1.00  0.98  0.98  0.99 ]
[ 0.99  0.99  0.01  0.01  0.15  0.02  0.82  0.01  0.03  0.08  0.00  1.00 ]
[ 1.00  0.99  0.01  0.99  1.00  0.02  1.00  0.01  1.00  1.00  1.00  1.00 ]
[ 0.00  0.61  0.01  0.02  0.03  0.99  1.00  0.00  0.99  0.99  0.02  0.00 ]
[ 0.99  1.00  0.00  0.99  1.00  0.00  0.00  0.99  0.99  0.01  1.00  1.00 ]
[ 0.02  0.00  0.00  0.00  0.88  0.02  0.00  0.00  1.00  0.00  0.95  0.99 ]
[ 0.00  1.00  1.00  0.00  0.01  1.00  1.00  1.00  1.00  0.99  1.00  1.00 ]
[ 1.00  1.00  1.00  1.00  1.00  1.00  1.00  1.00  0.00  1.00  1.00  1.00 ]
[ 1.00  1.00  1.00  1.00  1.00  1.00  1.00  1.00  1.00  1.00  1.00  0.01 ]

01/29 04:37:17 AM | === Batch 201/250
01/29 04:37:17 AM | loss = 0.295 + 0.051 + 0.006 = 0.353
01/29 04:37:18 AM | === Batch 202/250
01/29 04:37:18 AM | loss = 0.424 + 0.050 + 0.006 = 0.480
01/29 04:37:18 AM | === Batch 203/250
01/29 04:37:18 AM | loss = 0.267 + 0.045 + 0.006 = 0.318
01/29 04:37:19 AM | === Batch 204/250
01/29 04:37:19 AM | loss = 0.514 + 0.039 + 0.006 = 0.560
01/29 04:37:19 AM | === Batch 205/250
01/29 04:37:19 AM | loss = 0.282 + 0.032 + 0.007 = 0.321
01/29 04:37:20 AM | === Batch 206/250
01/29 04:37:20 AM | loss = 0.350 + 0.022 + 0.007 = 0.379
01/29 04:37:20 AM | === Batch 207/250
01/29 04:37:20 AM | loss = 0.333 + 0.011 + 0.007 = 0.350
01/29 04:37:21 AM | === Batch 208/250
01/29 04:37:21 AM | loss = 0.286 + 0.005 + 0.007 = 0.298
01/29 04:37:21 AM | === Batch 209/250
01/29 04:37:21 AM | loss = 0.322 + 0.009 + 0.007 = 0.337
01/29 04:37:22 AM | === Batch 210/250
01/29 04:37:22 AM | loss = 0.366 + 0.003 + 0.006 = 0.376
01/29 04:37:22 AM | === Batch 211/250
01/29 04:37:22 AM | loss = 0.565 + 0.007 + 0.006 = 0.578
01/29 04:37:23 AM | === Batch 212/250
01/29 04:37:23 AM | loss = 0.413 + 0.008 + 0.006 = 0.428
01/29 04:37:23 AM | === Batch 213/250
01/29 04:37:23 AM | loss = 0.421 + 0.007 + 0.006 = 0.434
01/29 04:37:24 AM | === Batch 214/250
01/29 04:37:24 AM | loss = 0.526 + 0.002 + 0.006 = 0.534
01/29 04:37:24 AM | === Batch 215/250
01/29 04:37:24 AM | loss = 0.475 + 0.008 + 0.006 = 0.490
01/29 04:37:25 AM | === Batch 216/250
01/29 04:37:25 AM | loss = 0.424 + 0.002 + 0.006 = 0.432
01/29 04:37:25 AM | === Batch 217/250
01/29 04:37:25 AM | loss = 0.405 + 0.010 + 0.006 = 0.421
01/29 04:37:26 AM | === Batch 218/250
01/29 04:37:26 AM | loss = 0.406 + 0.017 + 0.006 = 0.429
01/29 04:37:26 AM | === Batch 219/250
01/29 04:37:26 AM | loss = 0.373 + 0.020 + 0.006 = 0.399
01/29 04:37:26 AM | === Batch 220/250
01/29 04:37:27 AM | loss = 0.539 + 0.021 + 0.006 = 0.566
01/29 04:37:27 AM | === Batch 221/250
01/29 04:37:27 AM | loss = 0.422 + 0.018 + 0.006 = 0.446
01/29 04:37:27 AM | === Batch 222/250
01/29 04:37:27 AM | loss = 0.376 + 0.012 + 0.006 = 0.394
01/29 04:37:28 AM | === Batch 223/250
01/29 04:37:28 AM | loss = 0.575 + 0.003 + 0.006 = 0.585
01/29 04:37:28 AM | === Batch 224/250
01/29 04:37:28 AM | loss = 0.411 + 0.015 + 0.006 = 0.433
01/29 04:37:29 AM | === Batch 225/250
01/29 04:37:29 AM | loss = 0.552 + 0.012 + 0.006 = 0.570
01/29 04:37:29 AM | === Batch 226/250
01/29 04:37:29 AM | loss = 0.346 + 0.005 + 0.006 = 0.358
01/29 04:37:29 AM | === Batch 227/250
01/29 04:37:30 AM | loss = 0.373 + 0.012 + 0.006 = 0.392
01/29 04:37:30 AM | === Batch 228/250
01/29 04:37:30 AM | loss = 0.364 + 0.016 + 0.006 = 0.387
01/29 04:37:30 AM | === Batch 229/250
01/29 04:37:30 AM | loss = 0.321 + 0.017 + 0.006 = 0.344
01/29 04:37:31 AM | === Batch 230/250
01/29 04:37:31 AM | loss = 0.302 + 0.015 + 0.006 = 0.324
01/29 04:37:31 AM | === Batch 231/250
01/29 04:37:31 AM | loss = 0.486 + 0.011 + 0.006 = 0.503
01/29 04:37:31 AM | === Batch 232/250
01/29 04:37:32 AM | loss = 0.344 + 0.006 + 0.006 = 0.356
01/29 04:37:32 AM | === Batch 233/250
01/29 04:37:32 AM | loss = 0.360 + 0.008 + 0.006 = 0.375
01/29 04:37:32 AM | === Batch 234/250
01/29 04:37:32 AM | loss = 0.381 + 0.004 + 0.006 = 0.391
01/29 04:37:33 AM | === Batch 235/250
01/29 04:37:33 AM | loss = 0.398 + 0.009 + 0.006 = 0.414
01/29 04:37:33 AM | === Batch 236/250
01/29 04:37:33 AM | loss = 0.355 + 0.018 + 0.006 = 0.380
01/29 04:37:34 AM | === Batch 237/250
01/29 04:37:34 AM | loss = 0.315 + 0.024 + 0.006 = 0.345
01/29 04:37:34 AM | === Batch 238/250
01/29 04:37:34 AM | loss = 0.477 + 0.025 + 0.006 = 0.508
01/29 04:37:34 AM | === Batch 239/250
01/29 04:37:35 AM | loss = 0.350 + 0.023 + 0.006 = 0.379
01/29 04:37:35 AM | === Batch 240/250
01/29 04:37:35 AM | loss = 0.451 + 0.018 + 0.006 = 0.476
01/29 04:37:35 AM | === Batch 241/250
01/29 04:37:35 AM | loss = 0.362 + 0.011 + 0.006 = 0.380
01/29 04:37:36 AM | === Batch 242/250
01/29 04:37:36 AM | loss = 0.394 + 0.002 + 0.006 = 0.403
01/29 04:37:36 AM | === Batch 243/250
01/29 04:37:36 AM | loss = 0.341 + 0.020 + 0.006 = 0.367
01/29 04:37:36 AM | === Batch 244/250
01/29 04:37:37 AM | loss = 0.386 + 0.021 + 0.006 = 0.413
01/29 04:37:37 AM | === Batch 245/250
01/29 04:37:37 AM | loss = 0.418 + 0.001 + 0.006 = 0.425
01/29 04:37:37 AM | === Batch 246/250
01/29 04:37:37 AM | loss = 0.321 + 0.018 + 0.006 = 0.346
01/29 04:37:38 AM | === Batch 247/250
01/29 04:37:38 AM | loss = 0.218 + 0.031 + 0.006 = 0.255
01/29 04:37:38 AM | === Batch 248/250
01/29 04:37:38 AM | loss = 0.410 + 0.039 + 0.006 = 0.454
01/29 04:37:39 AM | === Batch 249/250
01/29 04:37:39 AM | loss = 0.442 + 0.043 + 0.006 = 0.491
01/29 04:37:39 AM | === Batch 250/250
01/29 04:37:39 AM | loss = 0.313 + 0.043 + 0.006 = 0.362
01/29 04:37:39 AM | ===
Best loss was 0.24 at iteration 156

01/29 04:37:40 AM | Looking for optimal threshold...
01/29 04:37:40 AM | Testing threshold 0.5
01/29 04:37:40 AM | Distance to target: 2,082,512
01/29 04:37:40 AM | Testing threshold 0.75
01/29 04:37:40 AM | Distance to target: 4,025,680
01/29 04:37:40 AM | Testing threshold 0.625
01/29 04:37:40 AM | Distance to target: 361,760
01/29 04:37:40 AM | Testing threshold 0.5625
01/29 04:37:40 AM | Distance to target: 1,502,928
01/29 04:37:40 AM | Testing threshold 0.59375
01/29 04:37:40 AM | Distance to target: 1,040,016
01/29 04:37:40 AM | Testing threshold 0.609375
01/29 04:37:40 AM | Distance to target: 439,776
01/29 04:37:40 AM | Testing threshold 0.6171875
01/29 04:37:40 AM | Distance to target: 115,808
01/29 04:37:40 AM | Testing threshold 0.62109375
01/29 04:37:40 AM | Distance to target: 361,760
01/29 04:37:40 AM | Testing threshold 0.619140625
01/29 04:37:40 AM | Distance to target: 115,808
01/29 04:37:40 AM | Testing threshold 0.6201171875
01/29 04:37:40 AM | Distance to target: 20,256
01/29 04:37:41 AM | attribution_score[0:12]: 
[ 1.00  1.00  0.00  0.00  0.00  0.00  0.00  0.00  0.00  1.00  0.00  1.00 ]
[ 1.00  0.00  1.00  0.00  1.00  1.00  1.00  0.00  1.00  1.00  1.00  0.00 ]
[ 1.00  1.00  0.00  1.00  0.00  1.00  0.00  1.00  0.00  0.00  0.00  1.00 ]
[ 0.00  1.00  1.00  1.00  1.00  1.00  1.00  0.00  1.00  0.00  1.00  1.00 ]
[ 1.00  1.00  1.00  1.00  1.00  0.00  0.00  0.00  1.00  1.00  1.00  1.00 ]
[ 1.00  1.00  0.00  0.00  0.00  0.00  1.00  0.00  0.00  0.00  0.00  1.00 ]
[ 1.00  1.00  0.00  1.00  1.00  0.00  1.00  0.00  1.00  1.00  1.00  1.00 ]
[ 0.00  1.00  0.00  0.00  0.00  1.00  1.00  0.00  1.00  1.00  0.00  0.00 ]
[ 1.00  1.00  0.00  1.00  1.00  0.00  0.00  1.00  1.00  0.00  1.00  1.00 ]
[ 0.00  0.00  0.00  0.00  0.00  0.00  0.00  0.00  1.00  0.00  1.00  1.00 ]
[ 0.00  1.00  1.00  0.00  0.00  1.00  1.00  1.00  1.00  1.00  1.00  1.00 ]
[ 1.00  1.00  1.00  1.00  1.00  1.00  1.00  1.00  0.00  1.00  1.00  1.00 ]
[ 1.00  1.00  1.00  1.00  1.00  1.00  1.00  1.00  1.00  1.00  1.00  0.00 ]

01/29 04:37:42 AM | VGG(
  (features): Sequential(
    (conv0): Conv2d(3, 24, kernel_size=(3, 3), stride=(1, 1), padding=(1, 1))
    (norm0): BatchNorm2d(24, eps=1e-05, momentum=0.1, affine=True, track_running_stats=True)
    (relu0): ReLU(inplace=True)
    (conv1): Conv2d(24, 47, kernel_size=(3, 3), stride=(1, 1), padding=(1, 1))
    (norm1): BatchNorm2d(47, eps=1e-05, momentum=0.1, affine=True, track_running_stats=True)
    (relu1): ReLU(inplace=True)
    (pool2): MaxPool2d(kernel_size=2, stride=2, padding=0, dilation=1, ceil_mode=False)
    (conv3): Conv2d(47, 75, kernel_size=(3, 3), stride=(1, 1), padding=(1, 1))
    (norm3): BatchNorm2d(75, eps=1e-05, momentum=0.1, affine=True, track_running_stats=True)
    (relu3): ReLU(inplace=True)
    (conv4): Conv2d(75, 101, kernel_size=(3, 3), stride=(1, 1), padding=(1, 1))
    (norm4): BatchNorm2d(101, eps=1e-05, momentum=0.1, affine=True, track_running_stats=True)
    (relu4): ReLU(inplace=True)
    (pool5): MaxPool2d(kernel_size=2, stride=2, padding=0, dilation=1, ceil_mode=False)
    (conv6): Conv2d(101, 165, kernel_size=(3, 3), stride=(1, 1), padding=(1, 1))
    (norm6): BatchNorm2d(165, eps=1e-05, momentum=0.1, affine=True, track_running_stats=True)
    (relu6): ReLU(inplace=True)
    (conv7): Conv2d(165, 135, kernel_size=(3, 3), stride=(1, 1), padding=(1, 1))
    (norm7): BatchNorm2d(135, eps=1e-05, momentum=0.1, affine=True, track_running_stats=True)
    (relu7): ReLU(inplace=True)
    (conv8): Conv2d(135, 159, kernel_size=(3, 3), stride=(1, 1), padding=(1, 1))
    (norm8): BatchNorm2d(159, eps=1e-05, momentum=0.1, affine=True, track_running_stats=True)
    (relu8): ReLU(inplace=True)
    (pool9): MaxPool2d(kernel_size=2, stride=2, padding=0, dilation=1, ceil_mode=False)
    (conv10): Conv2d(159, 224, kernel_size=(3, 3), stride=(1, 1), padding=(1, 1))
    (norm10): BatchNorm2d(224, eps=1e-05, momentum=0.1, affine=True, track_running_stats=True)
    (relu10): ReLU(inplace=True)
    (conv11): Conv2d(224, 194, kernel_size=(3, 3), stride=(1, 1), padding=(1, 1))
    (norm11): BatchNorm2d(194, eps=1e-05, momentum=0.1, affine=True, track_running_stats=True)
    (relu11): ReLU(inplace=True)
    (conv12): Conv2d(194, 245, kernel_size=(3, 3), stride=(1, 1), padding=(1, 1))
    (norm12): BatchNorm2d(245, eps=1e-05, momentum=0.1, affine=True, track_running_stats=True)
    (relu12): ReLU(inplace=True)
    (pool13): MaxPool2d(kernel_size=2, stride=2, padding=0, dilation=1, ceil_mode=False)
    (conv14): Conv2d(245, 388, kernel_size=(3, 3), stride=(1, 1), padding=(1, 1))
    (norm14): BatchNorm2d(388, eps=1e-05, momentum=0.1, affine=True, track_running_stats=True)
    (relu14): ReLU(inplace=True)
    (conv15): Conv2d(388, 456, kernel_size=(3, 3), stride=(1, 1), padding=(1, 1))
    (norm15): BatchNorm2d(456, eps=1e-05, momentum=0.1, affine=True, track_running_stats=True)
    (relu15): ReLU(inplace=True)
    (conv16): Conv2d(456, 504, kernel_size=(3, 3), stride=(1, 1), padding=(1, 1))
    (norm16): BatchNorm2d(504, eps=1e-05, momentum=0.1, affine=True, track_running_stats=True)
    (relu16): ReLU(inplace=True)
  )
  (classifier): Sequential(
    (linear1): Linear(in_features=504, out_features=512, bias=True)
    (norm1): BatchNorm1d(512, eps=1e-05, momentum=0.1, affine=True, track_running_stats=True)
    (relu1): ReLU(inplace=True)
    (linear2): Linear(in_features=512, out_features=10, bias=True)
  )
)
01/29 04:37:43 AM | ----------------------------------------
01/29 04:37:43 AM | Performances input model:
01/29 04:37:43 AM |  - flops: 314,294,272
01/29 04:37:43 AM |  - params: 14,991,946
01/29 04:37:43 AM |  - accuracy: 93.95999908447266
01/29 04:37:43 AM | ----------------------------------------
01/29 04:37:43 AM | Performances pseudo-pruned model:
01/29 04:37:43 AM |  - flops: 314,294,272
01/29 04:37:43 AM |  - params: 14,991,946
01/29 04:37:43 AM |  - accuracy: 82.54999542236328
01/29 04:37:43 AM | ----------------------------------------
01/29 04:37:43 AM | Performances pruned model:
01/29 04:37:43 AM |  - flops: 108,476,400
01/29 04:37:43 AM |  - params: 6,582,936
01/29 04:37:43 AM |  - accuracy: 82.54999542236328
01/29 04:37:43 AM | ----------------------------------------
01/29 04:37:43 AM | Total time: 122.89s
