01/29 09:37:29 PM | args = Namespace(output_dir='result/rebuttal/nb_epoch/resnet56/nbbtchs4/seed_00', loaded_model_path='./checkpoints/cifar10/resnet_56.pt', resume=False, test_only=False, mode='prune', batch_size=64, nb_batches=4, Mflops_target=None, lr=0.6, momentum=0.9, beta=6, gamma=0.4, gpu='0', num_workers=4, dataset='cifar10', arch='resnet_56', save_plot=False, seed=0, lr_finetuning=0.02, epoch_finetuning=200, wd=0.002, data_dir='./data/cifar10/', print_freq=200, num_classes=10, device_ids=[0], device=device(type='cuda', index=0), name_base='')
01/29 09:37:40 PM | ----------------------------------------
01/29 09:37:40 PM | ==> Building model...
01/29 09:37:40 PM | ----------------------------------------
01/29 09:37:40 PM | ==> Loading weights into the model...
01/29 09:37:40 PM | ----------------------------------------
01/29 09:37:40 PM | ResNet(
  (conv1): Conv2d(3, 16, kernel_size=(3, 3), stride=(1, 1), padding=(1, 1), bias=False)
  (bn1): BatchNorm2d(16, eps=1e-05, momentum=0.1, affine=True, track_running_stats=True)
  (relu): ReLU(inplace=True)
  (layer1): Sequential(
    (0): BasicBlock(
      (conv1): Conv2d(16, 16, kernel_size=(3, 3), stride=(1, 1), padding=(1, 1), bias=False)
      (bn1): BatchNorm2d(16, eps=1e-05, momentum=0.1, affine=True, track_running_stats=True)
      (relu1): ReLU(inplace=True)
      (conv2): Conv2d(16, 16, kernel_size=(3, 3), stride=(1, 1), padding=(1, 1), bias=False)
      (bn2): BatchNorm2d(16, eps=1e-05, momentum=0.1, affine=True, track_running_stats=True)
      (relu2): ReLU(inplace=True)
      (shortcut): Sequential()
    )
    (1): BasicBlock(
      (conv1): Conv2d(16, 16, kernel_size=(3, 3), stride=(1, 1), padding=(1, 1), bias=False)
      (bn1): BatchNorm2d(16, eps=1e-05, momentum=0.1, affine=True, track_running_stats=True)
      (relu1): ReLU(inplace=True)
      (conv2): Conv2d(16, 16, kernel_size=(3, 3), stride=(1, 1), padding=(1, 1), bias=False)
      (bn2): BatchNorm2d(16, eps=1e-05, momentum=0.1, affine=True, track_running_stats=True)
      (relu2): ReLU(inplace=True)
      (shortcut): Sequential()
    )
    (2): BasicBlock(
      (conv1): Conv2d(16, 16, kernel_size=(3, 3), stride=(1, 1), padding=(1, 1), bias=False)
      (bn1): BatchNorm2d(16, eps=1e-05, momentum=0.1, affine=True, track_running_stats=True)
      (relu1): ReLU(inplace=True)
      (conv2): Conv2d(16, 16, kernel_size=(3, 3), stride=(1, 1), padding=(1, 1), bias=False)
      (bn2): BatchNorm2d(16, eps=1e-05, momentum=0.1, affine=True, track_running_stats=True)
      (relu2): ReLU(inplace=True)
      (shortcut): Sequential()
    )
    (3): BasicBlock(
      (conv1): Conv2d(16, 16, kernel_size=(3, 3), stride=(1, 1), padding=(1, 1), bias=False)
      (bn1): BatchNorm2d(16, eps=1e-05, momentum=0.1, affine=True, track_running_stats=True)
      (relu1): ReLU(inplace=True)
      (conv2): Conv2d(16, 16, kernel_size=(3, 3), stride=(1, 1), padding=(1, 1), bias=False)
      (bn2): BatchNorm2d(16, eps=1e-05, momentum=0.1, affine=True, track_running_stats=True)
      (relu2): ReLU(inplace=True)
      (shortcut): Sequential()
    )
    (4): BasicBlock(
      (conv1): Conv2d(16, 16, kernel_size=(3, 3), stride=(1, 1), padding=(1, 1), bias=False)
      (bn1): BatchNorm2d(16, eps=1e-05, momentum=0.1, affine=True, track_running_stats=True)
      (relu1): ReLU(inplace=True)
      (conv2): Conv2d(16, 16, kernel_size=(3, 3), stride=(1, 1), padding=(1, 1), bias=False)
      (bn2): BatchNorm2d(16, eps=1e-05, momentum=0.1, affine=True, track_running_stats=True)
      (relu2): ReLU(inplace=True)
      (shortcut): Sequential()
    )
    (5): BasicBlock(
      (conv1): Conv2d(16, 16, kernel_size=(3, 3), stride=(1, 1), padding=(1, 1), bias=False)
      (bn1): BatchNorm2d(16, eps=1e-05, momentum=0.1, affine=True, track_running_stats=True)
      (relu1): ReLU(inplace=True)
      (conv2): Conv2d(16, 16, kernel_size=(3, 3), stride=(1, 1), padding=(1, 1), bias=False)
      (bn2): BatchNorm2d(16, eps=1e-05, momentum=0.1, affine=True, track_running_stats=True)
      (relu2): ReLU(inplace=True)
      (shortcut): Sequential()
    )
    (6): BasicBlock(
      (conv1): Conv2d(16, 16, kernel_size=(3, 3), stride=(1, 1), padding=(1, 1), bias=False)
      (bn1): BatchNorm2d(16, eps=1e-05, momentum=0.1, affine=True, track_running_stats=True)
      (relu1): ReLU(inplace=True)
      (conv2): Conv2d(16, 16, kernel_size=(3, 3), stride=(1, 1), padding=(1, 1), bias=False)
      (bn2): BatchNorm2d(16, eps=1e-05, momentum=0.1, affine=True, track_running_stats=True)
      (relu2): ReLU(inplace=True)
      (shortcut): Sequential()
    )
    (7): BasicBlock(
      (conv1): Conv2d(16, 16, kernel_size=(3, 3), stride=(1, 1), padding=(1, 1), bias=False)
      (bn1): BatchNorm2d(16, eps=1e-05, momentum=0.1, affine=True, track_running_stats=True)
      (relu1): ReLU(inplace=True)
      (conv2): Conv2d(16, 16, kernel_size=(3, 3), stride=(1, 1), padding=(1, 1), bias=False)
      (bn2): BatchNorm2d(16, eps=1e-05, momentum=0.1, affine=True, track_running_stats=True)
      (relu2): ReLU(inplace=True)
      (shortcut): Sequential()
    )
    (8): BasicBlock(
      (conv1): Conv2d(16, 16, kernel_size=(3, 3), stride=(1, 1), padding=(1, 1), bias=False)
      (bn1): BatchNorm2d(16, eps=1e-05, momentum=0.1, affine=True, track_running_stats=True)
      (relu1): ReLU(inplace=True)
      (conv2): Conv2d(16, 16, kernel_size=(3, 3), stride=(1, 1), padding=(1, 1), bias=False)
      (bn2): BatchNorm2d(16, eps=1e-05, momentum=0.1, affine=True, track_running_stats=True)
      (relu2): ReLU(inplace=True)
      (shortcut): Sequential()
    )
  )
  (layer2): Sequential(
    (0): BasicBlock(
      (conv1): Conv2d(16, 32, kernel_size=(3, 3), stride=(2, 2), padding=(1, 1), bias=False)
      (bn1): BatchNorm2d(32, eps=1e-05, momentum=0.1, affine=True, track_running_stats=True)
      (relu1): ReLU(inplace=True)
      (conv2): Conv2d(32, 32, kernel_size=(3, 3), stride=(1, 1), padding=(1, 1), bias=False)
      (bn2): BatchNorm2d(32, eps=1e-05, momentum=0.1, affine=True, track_running_stats=True)
      (relu2): ReLU(inplace=True)
      (shortcut): LambdaLayer()
    )
    (1): BasicBlock(
      (conv1): Conv2d(32, 32, kernel_size=(3, 3), stride=(1, 1), padding=(1, 1), bias=False)
      (bn1): BatchNorm2d(32, eps=1e-05, momentum=0.1, affine=True, track_running_stats=True)
      (relu1): ReLU(inplace=True)
      (conv2): Conv2d(32, 32, kernel_size=(3, 3), stride=(1, 1), padding=(1, 1), bias=False)
      (bn2): BatchNorm2d(32, eps=1e-05, momentum=0.1, affine=True, track_running_stats=True)
      (relu2): ReLU(inplace=True)
      (shortcut): Sequential()
    )
    (2): BasicBlock(
      (conv1): Conv2d(32, 32, kernel_size=(3, 3), stride=(1, 1), padding=(1, 1), bias=False)
      (bn1): BatchNorm2d(32, eps=1e-05, momentum=0.1, affine=True, track_running_stats=True)
      (relu1): ReLU(inplace=True)
      (conv2): Conv2d(32, 32, kernel_size=(3, 3), stride=(1, 1), padding=(1, 1), bias=False)
      (bn2): BatchNorm2d(32, eps=1e-05, momentum=0.1, affine=True, track_running_stats=True)
      (relu2): ReLU(inplace=True)
      (shortcut): Sequential()
    )
    (3): BasicBlock(
      (conv1): Conv2d(32, 32, kernel_size=(3, 3), stride=(1, 1), padding=(1, 1), bias=False)
      (bn1): BatchNorm2d(32, eps=1e-05, momentum=0.1, affine=True, track_running_stats=True)
      (relu1): ReLU(inplace=True)
      (conv2): Conv2d(32, 32, kernel_size=(3, 3), stride=(1, 1), padding=(1, 1), bias=False)
      (bn2): BatchNorm2d(32, eps=1e-05, momentum=0.1, affine=True, track_running_stats=True)
      (relu2): ReLU(inplace=True)
      (shortcut): Sequential()
    )
    (4): BasicBlock(
      (conv1): Conv2d(32, 32, kernel_size=(3, 3), stride=(1, 1), padding=(1, 1), bias=False)
      (bn1): BatchNorm2d(32, eps=1e-05, momentum=0.1, affine=True, track_running_stats=True)
      (relu1): ReLU(inplace=True)
      (conv2): Conv2d(32, 32, kernel_size=(3, 3), stride=(1, 1), padding=(1, 1), bias=False)
      (bn2): BatchNorm2d(32, eps=1e-05, momentum=0.1, affine=True, track_running_stats=True)
      (relu2): ReLU(inplace=True)
      (shortcut): Sequential()
    )
    (5): BasicBlock(
      (conv1): Conv2d(32, 32, kernel_size=(3, 3), stride=(1, 1), padding=(1, 1), bias=False)
      (bn1): BatchNorm2d(32, eps=1e-05, momentum=0.1, affine=True, track_running_stats=True)
      (relu1): ReLU(inplace=True)
      (conv2): Conv2d(32, 32, kernel_size=(3, 3), stride=(1, 1), padding=(1, 1), bias=False)
      (bn2): BatchNorm2d(32, eps=1e-05, momentum=0.1, affine=True, track_running_stats=True)
      (relu2): ReLU(inplace=True)
      (shortcut): Sequential()
    )
    (6): BasicBlock(
      (conv1): Conv2d(32, 32, kernel_size=(3, 3), stride=(1, 1), padding=(1, 1), bias=False)
      (bn1): BatchNorm2d(32, eps=1e-05, momentum=0.1, affine=True, track_running_stats=True)
      (relu1): ReLU(inplace=True)
      (conv2): Conv2d(32, 32, kernel_size=(3, 3), stride=(1, 1), padding=(1, 1), bias=False)
      (bn2): BatchNorm2d(32, eps=1e-05, momentum=0.1, affine=True, track_running_stats=True)
      (relu2): ReLU(inplace=True)
      (shortcut): Sequential()
    )
    (7): BasicBlock(
      (conv1): Conv2d(32, 32, kernel_size=(3, 3), stride=(1, 1), padding=(1, 1), bias=False)
      (bn1): BatchNorm2d(32, eps=1e-05, momentum=0.1, affine=True, track_running_stats=True)
      (relu1): ReLU(inplace=True)
      (conv2): Conv2d(32, 32, kernel_size=(3, 3), stride=(1, 1), padding=(1, 1), bias=False)
      (bn2): BatchNorm2d(32, eps=1e-05, momentum=0.1, affine=True, track_running_stats=True)
      (relu2): ReLU(inplace=True)
      (shortcut): Sequential()
    )
    (8): BasicBlock(
      (conv1): Conv2d(32, 32, kernel_size=(3, 3), stride=(1, 1), padding=(1, 1), bias=False)
      (bn1): BatchNorm2d(32, eps=1e-05, momentum=0.1, affine=True, track_running_stats=True)
      (relu1): ReLU(inplace=True)
      (conv2): Conv2d(32, 32, kernel_size=(3, 3), stride=(1, 1), padding=(1, 1), bias=False)
      (bn2): BatchNorm2d(32, eps=1e-05, momentum=0.1, affine=True, track_running_stats=True)
      (relu2): ReLU(inplace=True)
      (shortcut): Sequential()
    )
  )
  (layer3): Sequential(
    (0): BasicBlock(
      (conv1): Conv2d(32, 64, kernel_size=(3, 3), stride=(2, 2), padding=(1, 1), bias=False)
      (bn1): BatchNorm2d(64, eps=1e-05, momentum=0.1, affine=True, track_running_stats=True)
      (relu1): ReLU(inplace=True)
      (conv2): Conv2d(64, 64, kernel_size=(3, 3), stride=(1, 1), padding=(1, 1), bias=False)
      (bn2): BatchNorm2d(64, eps=1e-05, momentum=0.1, affine=True, track_running_stats=True)
      (relu2): ReLU(inplace=True)
      (shortcut): LambdaLayer()
    )
    (1): BasicBlock(
      (conv1): Conv2d(64, 64, kernel_size=(3, 3), stride=(1, 1), padding=(1, 1), bias=False)
      (bn1): BatchNorm2d(64, eps=1e-05, momentum=0.1, affine=True, track_running_stats=True)
      (relu1): ReLU(inplace=True)
      (conv2): Conv2d(64, 64, kernel_size=(3, 3), stride=(1, 1), padding=(1, 1), bias=False)
      (bn2): BatchNorm2d(64, eps=1e-05, momentum=0.1, affine=True, track_running_stats=True)
      (relu2): ReLU(inplace=True)
      (shortcut): Sequential()
    )
    (2): BasicBlock(
      (conv1): Conv2d(64, 64, kernel_size=(3, 3), stride=(1, 1), padding=(1, 1), bias=False)
      (bn1): BatchNorm2d(64, eps=1e-05, momentum=0.1, affine=True, track_running_stats=True)
      (relu1): ReLU(inplace=True)
      (conv2): Conv2d(64, 64, kernel_size=(3, 3), stride=(1, 1), padding=(1, 1), bias=False)
      (bn2): BatchNorm2d(64, eps=1e-05, momentum=0.1, affine=True, track_running_stats=True)
      (relu2): ReLU(inplace=True)
      (shortcut): Sequential()
    )
    (3): BasicBlock(
      (conv1): Conv2d(64, 64, kernel_size=(3, 3), stride=(1, 1), padding=(1, 1), bias=False)
      (bn1): BatchNorm2d(64, eps=1e-05, momentum=0.1, affine=True, track_running_stats=True)
      (relu1): ReLU(inplace=True)
      (conv2): Conv2d(64, 64, kernel_size=(3, 3), stride=(1, 1), padding=(1, 1), bias=False)
      (bn2): BatchNorm2d(64, eps=1e-05, momentum=0.1, affine=True, track_running_stats=True)
      (relu2): ReLU(inplace=True)
      (shortcut): Sequential()
    )
    (4): BasicBlock(
      (conv1): Conv2d(64, 64, kernel_size=(3, 3), stride=(1, 1), padding=(1, 1), bias=False)
      (bn1): BatchNorm2d(64, eps=1e-05, momentum=0.1, affine=True, track_running_stats=True)
      (relu1): ReLU(inplace=True)
      (conv2): Conv2d(64, 64, kernel_size=(3, 3), stride=(1, 1), padding=(1, 1), bias=False)
      (bn2): BatchNorm2d(64, eps=1e-05, momentum=0.1, affine=True, track_running_stats=True)
      (relu2): ReLU(inplace=True)
      (shortcut): Sequential()
    )
    (5): BasicBlock(
      (conv1): Conv2d(64, 64, kernel_size=(3, 3), stride=(1, 1), padding=(1, 1), bias=False)
      (bn1): BatchNorm2d(64, eps=1e-05, momentum=0.1, affine=True, track_running_stats=True)
      (relu1): ReLU(inplace=True)
      (conv2): Conv2d(64, 64, kernel_size=(3, 3), stride=(1, 1), padding=(1, 1), bias=False)
      (bn2): BatchNorm2d(64, eps=1e-05, momentum=0.1, affine=True, track_running_stats=True)
      (relu2): ReLU(inplace=True)
      (shortcut): Sequential()
    )
    (6): BasicBlock(
      (conv1): Conv2d(64, 64, kernel_size=(3, 3), stride=(1, 1), padding=(1, 1), bias=False)
      (bn1): BatchNorm2d(64, eps=1e-05, momentum=0.1, affine=True, track_running_stats=True)
      (relu1): ReLU(inplace=True)
      (conv2): Conv2d(64, 64, kernel_size=(3, 3), stride=(1, 1), padding=(1, 1), bias=False)
      (bn2): BatchNorm2d(64, eps=1e-05, momentum=0.1, affine=True, track_running_stats=True)
      (relu2): ReLU(inplace=True)
      (shortcut): Sequential()
    )
    (7): BasicBlock(
      (conv1): Conv2d(64, 64, kernel_size=(3, 3), stride=(1, 1), padding=(1, 1), bias=False)
      (bn1): BatchNorm2d(64, eps=1e-05, momentum=0.1, affine=True, track_running_stats=True)
      (relu1): ReLU(inplace=True)
      (conv2): Conv2d(64, 64, kernel_size=(3, 3), stride=(1, 1), padding=(1, 1), bias=False)
      (bn2): BatchNorm2d(64, eps=1e-05, momentum=0.1, affine=True, track_running_stats=True)
      (relu2): ReLU(inplace=True)
      (shortcut): Sequential()
    )
    (8): BasicBlock(
      (conv1): Conv2d(64, 64, kernel_size=(3, 3), stride=(1, 1), padding=(1, 1), bias=False)
      (bn1): BatchNorm2d(64, eps=1e-05, momentum=0.1, affine=True, track_running_stats=True)
      (relu1): ReLU(inplace=True)
      (conv2): Conv2d(64, 64, kernel_size=(3, 3), stride=(1, 1), padding=(1, 1), bias=False)
      (bn2): BatchNorm2d(64, eps=1e-05, momentum=0.1, affine=True, track_running_stats=True)
      (relu2): ReLU(inplace=True)
      (shortcut): Sequential()
    )
  )
  (avgpool): AdaptiveAvgPool2d(output_size=(1, 1))
  (linear): Linear(in_features=64, out_features=10, bias=True)
)
01/29 09:37:42 PM | Save modules info...
01/29 09:37:42 PM | FLOPS pruning ratio is 0.56
01/29 09:37:42 PM | Pruning with information flow
01/29 09:37:42 PM | -----
01/29 09:37:42 PM | module: Conv2d(3, 16, kernel_size=(3, 3), stride=(1, 1), padding=(1, 1), bias=False)
01/29 09:37:42 PM | cin: None
01/29 09:37:42 PM | cout: None
01/29 09:37:42 PM | inactive
01/29 09:37:42 PM | -----
01/29 09:37:42 PM | module: BatchNorm2d(16, eps=1e-05, momentum=0.1, affine=True, track_running_stats=True)
01/29 09:37:42 PM | cin: None
01/29 09:37:42 PM | cout: None
01/29 09:37:42 PM | inactive
01/29 09:37:42 PM | -----
01/29 09:37:42 PM | module: ReLU(inplace=True)
01/29 09:37:42 PM | cin: None
01/29 09:37:42 PM | cout: None
01/29 09:37:42 PM | inactive
01/29 09:37:42 PM | -----
01/29 09:37:42 PM | module: Conv2d(16, 16, kernel_size=(3, 3), stride=(1, 1), padding=(1, 1), bias=False)
01/29 09:37:42 PM | cin: None
01/29 09:37:42 PM | cout: [1]
01/29 09:37:42 PM | inactive
01/29 09:37:42 PM | -----
01/29 09:37:42 PM | module: BatchNorm2d(16, eps=1e-05, momentum=0.1, affine=True, track_running_stats=True)
01/29 09:37:42 PM | cin: [1]
01/29 09:37:42 PM | cout: [1]
01/29 09:37:42 PM | inactive
01/29 09:37:42 PM | -----
01/29 09:37:42 PM | module: ReLU(inplace=True)
01/29 09:37:42 PM | cin: [1]
01/29 09:37:42 PM | cout: [1]
01/29 09:37:42 PM | active
01/29 09:37:42 PM | -----
01/29 09:37:42 PM | module: Conv2d(16, 16, kernel_size=(3, 3), stride=(1, 1), padding=(1, 1), bias=False)
01/29 09:37:42 PM | cin: [1]
01/29 09:37:42 PM | cout: [2]
01/29 09:37:42 PM | inactive
01/29 09:37:42 PM | -----
01/29 09:37:42 PM | module: BatchNorm2d(16, eps=1e-05, momentum=0.1, affine=True, track_running_stats=True)
01/29 09:37:42 PM | cin: [2]
01/29 09:37:42 PM | cout: [2]
01/29 09:37:42 PM | active
01/29 09:37:42 PM | -----
01/29 09:37:42 PM | module: ReLU(inplace=True)
01/29 09:37:42 PM | cin: None
01/29 09:37:42 PM | cout: None
01/29 09:37:42 PM | inactive
01/29 09:37:42 PM | -----
01/29 09:37:42 PM | module: Conv2d(16, 16, kernel_size=(3, 3), stride=(1, 1), padding=(1, 1), bias=False)
01/29 09:37:42 PM | cin: None
01/29 09:37:42 PM | cout: [3]
01/29 09:37:42 PM | inactive
01/29 09:37:42 PM | -----
01/29 09:37:42 PM | module: BatchNorm2d(16, eps=1e-05, momentum=0.1, affine=True, track_running_stats=True)
01/29 09:37:42 PM | cin: [3]
01/29 09:37:42 PM | cout: [3]
01/29 09:37:42 PM | inactive
01/29 09:37:42 PM | -----
01/29 09:37:42 PM | module: ReLU(inplace=True)
01/29 09:37:42 PM | cin: [3]
01/29 09:37:42 PM | cout: [3]
01/29 09:37:42 PM | active
01/29 09:37:42 PM | -----
01/29 09:37:42 PM | module: Conv2d(16, 16, kernel_size=(3, 3), stride=(1, 1), padding=(1, 1), bias=False)
01/29 09:37:42 PM | cin: [3]
01/29 09:37:42 PM | cout: [4]
01/29 09:37:42 PM | inactive
01/29 09:37:42 PM | -----
01/29 09:37:42 PM | module: BatchNorm2d(16, eps=1e-05, momentum=0.1, affine=True, track_running_stats=True)
01/29 09:37:42 PM | cin: [4]
01/29 09:37:42 PM | cout: [4]
01/29 09:37:42 PM | active
01/29 09:37:42 PM | -----
01/29 09:37:42 PM | module: ReLU(inplace=True)
01/29 09:37:42 PM | cin: None
01/29 09:37:42 PM | cout: None
01/29 09:37:42 PM | inactive
01/29 09:37:42 PM | -----
01/29 09:37:42 PM | module: Conv2d(16, 16, kernel_size=(3, 3), stride=(1, 1), padding=(1, 1), bias=False)
01/29 09:37:42 PM | cin: None
01/29 09:37:42 PM | cout: [5]
01/29 09:37:42 PM | inactive
01/29 09:37:42 PM | -----
01/29 09:37:42 PM | module: BatchNorm2d(16, eps=1e-05, momentum=0.1, affine=True, track_running_stats=True)
01/29 09:37:42 PM | cin: [5]
01/29 09:37:42 PM | cout: [5]
01/29 09:37:42 PM | inactive
01/29 09:37:42 PM | -----
01/29 09:37:42 PM | module: ReLU(inplace=True)
01/29 09:37:42 PM | cin: [5]
01/29 09:37:42 PM | cout: [5]
01/29 09:37:42 PM | active
01/29 09:37:42 PM | -----
01/29 09:37:42 PM | module: Conv2d(16, 16, kernel_size=(3, 3), stride=(1, 1), padding=(1, 1), bias=False)
01/29 09:37:42 PM | cin: [5]
01/29 09:37:42 PM | cout: [6]
01/29 09:37:42 PM | inactive
01/29 09:37:42 PM | -----
01/29 09:37:42 PM | module: BatchNorm2d(16, eps=1e-05, momentum=0.1, affine=True, track_running_stats=True)
01/29 09:37:42 PM | cin: [6]
01/29 09:37:42 PM | cout: [6]
01/29 09:37:42 PM | active
01/29 09:37:42 PM | -----
01/29 09:37:42 PM | module: ReLU(inplace=True)
01/29 09:37:42 PM | cin: None
01/29 09:37:42 PM | cout: None
01/29 09:37:42 PM | inactive
01/29 09:37:42 PM | -----
01/29 09:37:42 PM | module: Conv2d(16, 16, kernel_size=(3, 3), stride=(1, 1), padding=(1, 1), bias=False)
01/29 09:37:42 PM | cin: None
01/29 09:37:42 PM | cout: [7]
01/29 09:37:42 PM | inactive
01/29 09:37:42 PM | -----
01/29 09:37:42 PM | module: BatchNorm2d(16, eps=1e-05, momentum=0.1, affine=True, track_running_stats=True)
01/29 09:37:42 PM | cin: [7]
01/29 09:37:42 PM | cout: [7]
01/29 09:37:42 PM | inactive
01/29 09:37:42 PM | -----
01/29 09:37:42 PM | module: ReLU(inplace=True)
01/29 09:37:42 PM | cin: [7]
01/29 09:37:42 PM | cout: [7]
01/29 09:37:42 PM | active
01/29 09:37:42 PM | -----
01/29 09:37:42 PM | module: Conv2d(16, 16, kernel_size=(3, 3), stride=(1, 1), padding=(1, 1), bias=False)
01/29 09:37:42 PM | cin: [7]
01/29 09:37:42 PM | cout: [8]
01/29 09:37:42 PM | inactive
01/29 09:37:42 PM | -----
01/29 09:37:42 PM | module: BatchNorm2d(16, eps=1e-05, momentum=0.1, affine=True, track_running_stats=True)
01/29 09:37:42 PM | cin: [8]
01/29 09:37:42 PM | cout: [8]
01/29 09:37:42 PM | active
01/29 09:37:42 PM | -----
01/29 09:37:42 PM | module: ReLU(inplace=True)
01/29 09:37:42 PM | cin: None
01/29 09:37:42 PM | cout: None
01/29 09:37:42 PM | inactive
01/29 09:37:42 PM | -----
01/29 09:37:42 PM | module: Conv2d(16, 16, kernel_size=(3, 3), stride=(1, 1), padding=(1, 1), bias=False)
01/29 09:37:42 PM | cin: None
01/29 09:37:42 PM | cout: [9]
01/29 09:37:42 PM | inactive
01/29 09:37:42 PM | -----
01/29 09:37:42 PM | module: BatchNorm2d(16, eps=1e-05, momentum=0.1, affine=True, track_running_stats=True)
01/29 09:37:42 PM | cin: [9]
01/29 09:37:42 PM | cout: [9]
01/29 09:37:42 PM | inactive
01/29 09:37:42 PM | -----
01/29 09:37:42 PM | module: ReLU(inplace=True)
01/29 09:37:42 PM | cin: [9]
01/29 09:37:42 PM | cout: [9]
01/29 09:37:42 PM | active
01/29 09:37:42 PM | -----
01/29 09:37:42 PM | module: Conv2d(16, 16, kernel_size=(3, 3), stride=(1, 1), padding=(1, 1), bias=False)
01/29 09:37:42 PM | cin: [9]
01/29 09:37:42 PM | cout: [10]
01/29 09:37:42 PM | inactive
01/29 09:37:42 PM | -----
01/29 09:37:42 PM | module: BatchNorm2d(16, eps=1e-05, momentum=0.1, affine=True, track_running_stats=True)
01/29 09:37:42 PM | cin: [10]
01/29 09:37:42 PM | cout: [10]
01/29 09:37:42 PM | active
01/29 09:37:42 PM | -----
01/29 09:37:42 PM | module: ReLU(inplace=True)
01/29 09:37:42 PM | cin: None
01/29 09:37:42 PM | cout: None
01/29 09:37:42 PM | inactive
01/29 09:37:42 PM | -----
01/29 09:37:42 PM | module: Conv2d(16, 16, kernel_size=(3, 3), stride=(1, 1), padding=(1, 1), bias=False)
01/29 09:37:42 PM | cin: None
01/29 09:37:42 PM | cout: [11]
01/29 09:37:42 PM | inactive
01/29 09:37:42 PM | -----
01/29 09:37:42 PM | module: BatchNorm2d(16, eps=1e-05, momentum=0.1, affine=True, track_running_stats=True)
01/29 09:37:42 PM | cin: [11]
01/29 09:37:42 PM | cout: [11]
01/29 09:37:42 PM | inactive
01/29 09:37:42 PM | -----
01/29 09:37:42 PM | module: ReLU(inplace=True)
01/29 09:37:42 PM | cin: [11]
01/29 09:37:42 PM | cout: [11]
01/29 09:37:42 PM | active
01/29 09:37:42 PM | -----
01/29 09:37:42 PM | module: Conv2d(16, 16, kernel_size=(3, 3), stride=(1, 1), padding=(1, 1), bias=False)
01/29 09:37:42 PM | cin: [11]
01/29 09:37:42 PM | cout: [12]
01/29 09:37:42 PM | inactive
01/29 09:37:42 PM | -----
01/29 09:37:42 PM | module: BatchNorm2d(16, eps=1e-05, momentum=0.1, affine=True, track_running_stats=True)
01/29 09:37:42 PM | cin: [12]
01/29 09:37:42 PM | cout: [12]
01/29 09:37:42 PM | active
01/29 09:37:42 PM | -----
01/29 09:37:42 PM | module: ReLU(inplace=True)
01/29 09:37:42 PM | cin: None
01/29 09:37:42 PM | cout: None
01/29 09:37:42 PM | inactive
01/29 09:37:42 PM | -----
01/29 09:37:42 PM | module: Conv2d(16, 16, kernel_size=(3, 3), stride=(1, 1), padding=(1, 1), bias=False)
01/29 09:37:42 PM | cin: None
01/29 09:37:42 PM | cout: [13]
01/29 09:37:42 PM | inactive
01/29 09:37:42 PM | -----
01/29 09:37:42 PM | module: BatchNorm2d(16, eps=1e-05, momentum=0.1, affine=True, track_running_stats=True)
01/29 09:37:42 PM | cin: [13]
01/29 09:37:42 PM | cout: [13]
01/29 09:37:42 PM | inactive
01/29 09:37:42 PM | -----
01/29 09:37:42 PM | module: ReLU(inplace=True)
01/29 09:37:42 PM | cin: [13]
01/29 09:37:42 PM | cout: [13]
01/29 09:37:42 PM | active
01/29 09:37:42 PM | -----
01/29 09:37:42 PM | module: Conv2d(16, 16, kernel_size=(3, 3), stride=(1, 1), padding=(1, 1), bias=False)
01/29 09:37:42 PM | cin: [13]
01/29 09:37:42 PM | cout: [14]
01/29 09:37:42 PM | inactive
01/29 09:37:42 PM | -----
01/29 09:37:42 PM | module: BatchNorm2d(16, eps=1e-05, momentum=0.1, affine=True, track_running_stats=True)
01/29 09:37:42 PM | cin: [14]
01/29 09:37:42 PM | cout: [14]
01/29 09:37:42 PM | active
01/29 09:37:42 PM | -----
01/29 09:37:42 PM | module: ReLU(inplace=True)
01/29 09:37:42 PM | cin: None
01/29 09:37:42 PM | cout: None
01/29 09:37:42 PM | inactive
01/29 09:37:42 PM | -----
01/29 09:37:42 PM | module: Conv2d(16, 16, kernel_size=(3, 3), stride=(1, 1), padding=(1, 1), bias=False)
01/29 09:37:42 PM | cin: None
01/29 09:37:42 PM | cout: [15]
01/29 09:37:42 PM | inactive
01/29 09:37:42 PM | -----
01/29 09:37:42 PM | module: BatchNorm2d(16, eps=1e-05, momentum=0.1, affine=True, track_running_stats=True)
01/29 09:37:42 PM | cin: [15]
01/29 09:37:42 PM | cout: [15]
01/29 09:37:42 PM | inactive
01/29 09:37:42 PM | -----
01/29 09:37:42 PM | module: ReLU(inplace=True)
01/29 09:37:42 PM | cin: [15]
01/29 09:37:42 PM | cout: [15]
01/29 09:37:42 PM | active
01/29 09:37:42 PM | -----
01/29 09:37:42 PM | module: Conv2d(16, 16, kernel_size=(3, 3), stride=(1, 1), padding=(1, 1), bias=False)
01/29 09:37:42 PM | cin: [15]
01/29 09:37:42 PM | cout: [16]
01/29 09:37:42 PM | inactive
01/29 09:37:42 PM | -----
01/29 09:37:42 PM | module: BatchNorm2d(16, eps=1e-05, momentum=0.1, affine=True, track_running_stats=True)
01/29 09:37:42 PM | cin: [16]
01/29 09:37:42 PM | cout: [16]
01/29 09:37:42 PM | active
01/29 09:37:42 PM | -----
01/29 09:37:42 PM | module: ReLU(inplace=True)
01/29 09:37:42 PM | cin: None
01/29 09:37:42 PM | cout: None
01/29 09:37:42 PM | inactive
01/29 09:37:42 PM | -----
01/29 09:37:42 PM | module: Conv2d(16, 16, kernel_size=(3, 3), stride=(1, 1), padding=(1, 1), bias=False)
01/29 09:37:42 PM | cin: None
01/29 09:37:42 PM | cout: [17]
01/29 09:37:42 PM | inactive
01/29 09:37:42 PM | -----
01/29 09:37:42 PM | module: BatchNorm2d(16, eps=1e-05, momentum=0.1, affine=True, track_running_stats=True)
01/29 09:37:42 PM | cin: [17]
01/29 09:37:42 PM | cout: [17]
01/29 09:37:42 PM | inactive
01/29 09:37:42 PM | -----
01/29 09:37:42 PM | module: ReLU(inplace=True)
01/29 09:37:42 PM | cin: [17]
01/29 09:37:42 PM | cout: [17]
01/29 09:37:42 PM | active
01/29 09:37:42 PM | -----
01/29 09:37:42 PM | module: Conv2d(16, 16, kernel_size=(3, 3), stride=(1, 1), padding=(1, 1), bias=False)
01/29 09:37:42 PM | cin: [17]
01/29 09:37:42 PM | cout: [18]
01/29 09:37:42 PM | inactive
01/29 09:37:42 PM | -----
01/29 09:37:42 PM | module: BatchNorm2d(16, eps=1e-05, momentum=0.1, affine=True, track_running_stats=True)
01/29 09:37:42 PM | cin: [18]
01/29 09:37:42 PM | cout: [18]
01/29 09:37:42 PM | active
01/29 09:37:42 PM | -----
01/29 09:37:42 PM | module: ReLU(inplace=True)
01/29 09:37:42 PM | cin: None
01/29 09:37:42 PM | cout: None
01/29 09:37:42 PM | inactive
01/29 09:37:42 PM | -----
01/29 09:37:42 PM | module: Conv2d(16, 32, kernel_size=(3, 3), stride=(2, 2), padding=(1, 1), bias=False)
01/29 09:37:42 PM | cin: None
01/29 09:37:42 PM | cout: [19]
01/29 09:37:42 PM | inactive
01/29 09:37:42 PM | -----
01/29 09:37:42 PM | module: BatchNorm2d(32, eps=1e-05, momentum=0.1, affine=True, track_running_stats=True)
01/29 09:37:42 PM | cin: [19]
01/29 09:37:42 PM | cout: [19]
01/29 09:37:42 PM | inactive
01/29 09:37:42 PM | -----
01/29 09:37:42 PM | module: ReLU(inplace=True)
01/29 09:37:42 PM | cin: [19]
01/29 09:37:42 PM | cout: [19]
01/29 09:37:42 PM | active
01/29 09:37:42 PM | -----
01/29 09:37:42 PM | module: Conv2d(32, 32, kernel_size=(3, 3), stride=(1, 1), padding=(1, 1), bias=False)
01/29 09:37:42 PM | cin: [19]
01/29 09:37:42 PM | cout: [20]
01/29 09:37:42 PM | inactive
01/29 09:37:42 PM | -----
01/29 09:37:42 PM | module: BatchNorm2d(32, eps=1e-05, momentum=0.1, affine=True, track_running_stats=True)
01/29 09:37:42 PM | cin: [20]
01/29 09:37:42 PM | cout: [20]
01/29 09:37:42 PM | active
01/29 09:37:42 PM | -----
01/29 09:37:42 PM | module: ReLU(inplace=True)
01/29 09:37:42 PM | cin: None
01/29 09:37:42 PM | cout: None
01/29 09:37:42 PM | inactive
01/29 09:37:42 PM | -----
01/29 09:37:42 PM | module: Conv2d(32, 32, kernel_size=(3, 3), stride=(1, 1), padding=(1, 1), bias=False)
01/29 09:37:42 PM | cin: None
01/29 09:37:42 PM | cout: [21]
01/29 09:37:42 PM | inactive
01/29 09:37:42 PM | -----
01/29 09:37:42 PM | module: BatchNorm2d(32, eps=1e-05, momentum=0.1, affine=True, track_running_stats=True)
01/29 09:37:42 PM | cin: [21]
01/29 09:37:42 PM | cout: [21]
01/29 09:37:42 PM | inactive
01/29 09:37:42 PM | -----
01/29 09:37:42 PM | module: ReLU(inplace=True)
01/29 09:37:42 PM | cin: [21]
01/29 09:37:42 PM | cout: [21]
01/29 09:37:42 PM | active
01/29 09:37:42 PM | -----
01/29 09:37:42 PM | module: Conv2d(32, 32, kernel_size=(3, 3), stride=(1, 1), padding=(1, 1), bias=False)
01/29 09:37:42 PM | cin: [21]
01/29 09:37:42 PM | cout: [22]
01/29 09:37:42 PM | inactive
01/29 09:37:42 PM | -----
01/29 09:37:42 PM | module: BatchNorm2d(32, eps=1e-05, momentum=0.1, affine=True, track_running_stats=True)
01/29 09:37:42 PM | cin: [22]
01/29 09:37:42 PM | cout: [22]
01/29 09:37:42 PM | active
01/29 09:37:42 PM | -----
01/29 09:37:42 PM | module: ReLU(inplace=True)
01/29 09:37:42 PM | cin: None
01/29 09:37:42 PM | cout: None
01/29 09:37:42 PM | inactive
01/29 09:37:42 PM | -----
01/29 09:37:42 PM | module: Conv2d(32, 32, kernel_size=(3, 3), stride=(1, 1), padding=(1, 1), bias=False)
01/29 09:37:42 PM | cin: None
01/29 09:37:42 PM | cout: [23]
01/29 09:37:42 PM | inactive
01/29 09:37:42 PM | -----
01/29 09:37:42 PM | module: BatchNorm2d(32, eps=1e-05, momentum=0.1, affine=True, track_running_stats=True)
01/29 09:37:42 PM | cin: [23]
01/29 09:37:42 PM | cout: [23]
01/29 09:37:42 PM | inactive
01/29 09:37:42 PM | -----
01/29 09:37:42 PM | module: ReLU(inplace=True)
01/29 09:37:42 PM | cin: [23]
01/29 09:37:42 PM | cout: [23]
01/29 09:37:42 PM | active
01/29 09:37:42 PM | -----
01/29 09:37:42 PM | module: Conv2d(32, 32, kernel_size=(3, 3), stride=(1, 1), padding=(1, 1), bias=False)
01/29 09:37:42 PM | cin: [23]
01/29 09:37:42 PM | cout: [24]
01/29 09:37:42 PM | inactive
01/29 09:37:42 PM | -----
01/29 09:37:42 PM | module: BatchNorm2d(32, eps=1e-05, momentum=0.1, affine=True, track_running_stats=True)
01/29 09:37:42 PM | cin: [24]
01/29 09:37:42 PM | cout: [24]
01/29 09:37:42 PM | active
01/29 09:37:42 PM | -----
01/29 09:37:42 PM | module: ReLU(inplace=True)
01/29 09:37:42 PM | cin: None
01/29 09:37:42 PM | cout: None
01/29 09:37:42 PM | inactive
01/29 09:37:42 PM | -----
01/29 09:37:42 PM | module: Conv2d(32, 32, kernel_size=(3, 3), stride=(1, 1), padding=(1, 1), bias=False)
01/29 09:37:42 PM | cin: None
01/29 09:37:42 PM | cout: [25]
01/29 09:37:42 PM | inactive
01/29 09:37:42 PM | -----
01/29 09:37:42 PM | module: BatchNorm2d(32, eps=1e-05, momentum=0.1, affine=True, track_running_stats=True)
01/29 09:37:42 PM | cin: [25]
01/29 09:37:42 PM | cout: [25]
01/29 09:37:42 PM | inactive
01/29 09:37:42 PM | -----
01/29 09:37:42 PM | module: ReLU(inplace=True)
01/29 09:37:42 PM | cin: [25]
01/29 09:37:42 PM | cout: [25]
01/29 09:37:42 PM | active
01/29 09:37:42 PM | -----
01/29 09:37:42 PM | module: Conv2d(32, 32, kernel_size=(3, 3), stride=(1, 1), padding=(1, 1), bias=False)
01/29 09:37:42 PM | cin: [25]
01/29 09:37:42 PM | cout: [26]
01/29 09:37:42 PM | inactive
01/29 09:37:42 PM | -----
01/29 09:37:42 PM | module: BatchNorm2d(32, eps=1e-05, momentum=0.1, affine=True, track_running_stats=True)
01/29 09:37:42 PM | cin: [26]
01/29 09:37:42 PM | cout: [26]
01/29 09:37:42 PM | active
01/29 09:37:42 PM | -----
01/29 09:37:42 PM | module: ReLU(inplace=True)
01/29 09:37:42 PM | cin: None
01/29 09:37:42 PM | cout: None
01/29 09:37:42 PM | inactive
01/29 09:37:42 PM | -----
01/29 09:37:42 PM | module: Conv2d(32, 32, kernel_size=(3, 3), stride=(1, 1), padding=(1, 1), bias=False)
01/29 09:37:42 PM | cin: None
01/29 09:37:42 PM | cout: [27]
01/29 09:37:42 PM | inactive
01/29 09:37:42 PM | -----
01/29 09:37:42 PM | module: BatchNorm2d(32, eps=1e-05, momentum=0.1, affine=True, track_running_stats=True)
01/29 09:37:42 PM | cin: [27]
01/29 09:37:42 PM | cout: [27]
01/29 09:37:42 PM | inactive
01/29 09:37:42 PM | -----
01/29 09:37:42 PM | module: ReLU(inplace=True)
01/29 09:37:42 PM | cin: [27]
01/29 09:37:42 PM | cout: [27]
01/29 09:37:42 PM | active
01/29 09:37:42 PM | -----
01/29 09:37:42 PM | module: Conv2d(32, 32, kernel_size=(3, 3), stride=(1, 1), padding=(1, 1), bias=False)
01/29 09:37:42 PM | cin: [27]
01/29 09:37:42 PM | cout: [28]
01/29 09:37:42 PM | inactive
01/29 09:37:42 PM | -----
01/29 09:37:42 PM | module: BatchNorm2d(32, eps=1e-05, momentum=0.1, affine=True, track_running_stats=True)
01/29 09:37:42 PM | cin: [28]
01/29 09:37:42 PM | cout: [28]
01/29 09:37:42 PM | active
01/29 09:37:42 PM | -----
01/29 09:37:42 PM | module: ReLU(inplace=True)
01/29 09:37:42 PM | cin: None
01/29 09:37:42 PM | cout: None
01/29 09:37:42 PM | inactive
01/29 09:37:42 PM | -----
01/29 09:37:42 PM | module: Conv2d(32, 32, kernel_size=(3, 3), stride=(1, 1), padding=(1, 1), bias=False)
01/29 09:37:42 PM | cin: None
01/29 09:37:42 PM | cout: [29]
01/29 09:37:42 PM | inactive
01/29 09:37:42 PM | -----
01/29 09:37:42 PM | module: BatchNorm2d(32, eps=1e-05, momentum=0.1, affine=True, track_running_stats=True)
01/29 09:37:42 PM | cin: [29]
01/29 09:37:42 PM | cout: [29]
01/29 09:37:42 PM | inactive
01/29 09:37:42 PM | -----
01/29 09:37:42 PM | module: ReLU(inplace=True)
01/29 09:37:42 PM | cin: [29]
01/29 09:37:42 PM | cout: [29]
01/29 09:37:42 PM | active
01/29 09:37:42 PM | -----
01/29 09:37:42 PM | module: Conv2d(32, 32, kernel_size=(3, 3), stride=(1, 1), padding=(1, 1), bias=False)
01/29 09:37:42 PM | cin: [29]
01/29 09:37:42 PM | cout: [30]
01/29 09:37:42 PM | inactive
01/29 09:37:42 PM | -----
01/29 09:37:42 PM | module: BatchNorm2d(32, eps=1e-05, momentum=0.1, affine=True, track_running_stats=True)
01/29 09:37:42 PM | cin: [30]
01/29 09:37:42 PM | cout: [30]
01/29 09:37:42 PM | active
01/29 09:37:42 PM | -----
01/29 09:37:42 PM | module: ReLU(inplace=True)
01/29 09:37:42 PM | cin: None
01/29 09:37:42 PM | cout: None
01/29 09:37:42 PM | inactive
01/29 09:37:42 PM | -----
01/29 09:37:42 PM | module: Conv2d(32, 32, kernel_size=(3, 3), stride=(1, 1), padding=(1, 1), bias=False)
01/29 09:37:42 PM | cin: None
01/29 09:37:42 PM | cout: [31]
01/29 09:37:42 PM | inactive
01/29 09:37:42 PM | -----
01/29 09:37:42 PM | module: BatchNorm2d(32, eps=1e-05, momentum=0.1, affine=True, track_running_stats=True)
01/29 09:37:42 PM | cin: [31]
01/29 09:37:42 PM | cout: [31]
01/29 09:37:42 PM | inactive
01/29 09:37:42 PM | -----
01/29 09:37:42 PM | module: ReLU(inplace=True)
01/29 09:37:42 PM | cin: [31]
01/29 09:37:42 PM | cout: [31]
01/29 09:37:42 PM | active
01/29 09:37:42 PM | -----
01/29 09:37:42 PM | module: Conv2d(32, 32, kernel_size=(3, 3), stride=(1, 1), padding=(1, 1), bias=False)
01/29 09:37:42 PM | cin: [31]
01/29 09:37:42 PM | cout: [32]
01/29 09:37:42 PM | inactive
01/29 09:37:42 PM | -----
01/29 09:37:42 PM | module: BatchNorm2d(32, eps=1e-05, momentum=0.1, affine=True, track_running_stats=True)
01/29 09:37:42 PM | cin: [32]
01/29 09:37:42 PM | cout: [32]
01/29 09:37:42 PM | active
01/29 09:37:42 PM | -----
01/29 09:37:42 PM | module: ReLU(inplace=True)
01/29 09:37:42 PM | cin: None
01/29 09:37:42 PM | cout: None
01/29 09:37:42 PM | inactive
01/29 09:37:42 PM | -----
01/29 09:37:42 PM | module: Conv2d(32, 32, kernel_size=(3, 3), stride=(1, 1), padding=(1, 1), bias=False)
01/29 09:37:42 PM | cin: None
01/29 09:37:42 PM | cout: [33]
01/29 09:37:42 PM | inactive
01/29 09:37:42 PM | -----
01/29 09:37:42 PM | module: BatchNorm2d(32, eps=1e-05, momentum=0.1, affine=True, track_running_stats=True)
01/29 09:37:42 PM | cin: [33]
01/29 09:37:42 PM | cout: [33]
01/29 09:37:42 PM | inactive
01/29 09:37:42 PM | -----
01/29 09:37:42 PM | module: ReLU(inplace=True)
01/29 09:37:42 PM | cin: [33]
01/29 09:37:42 PM | cout: [33]
01/29 09:37:42 PM | active
01/29 09:37:42 PM | -----
01/29 09:37:42 PM | module: Conv2d(32, 32, kernel_size=(3, 3), stride=(1, 1), padding=(1, 1), bias=False)
01/29 09:37:42 PM | cin: [33]
01/29 09:37:42 PM | cout: [34]
01/29 09:37:42 PM | inactive
01/29 09:37:42 PM | -----
01/29 09:37:42 PM | module: BatchNorm2d(32, eps=1e-05, momentum=0.1, affine=True, track_running_stats=True)
01/29 09:37:42 PM | cin: [34]
01/29 09:37:42 PM | cout: [34]
01/29 09:37:42 PM | active
01/29 09:37:42 PM | -----
01/29 09:37:42 PM | module: ReLU(inplace=True)
01/29 09:37:42 PM | cin: None
01/29 09:37:42 PM | cout: None
01/29 09:37:42 PM | inactive
01/29 09:37:42 PM | -----
01/29 09:37:42 PM | module: Conv2d(32, 32, kernel_size=(3, 3), stride=(1, 1), padding=(1, 1), bias=False)
01/29 09:37:42 PM | cin: None
01/29 09:37:42 PM | cout: [35]
01/29 09:37:42 PM | inactive
01/29 09:37:42 PM | -----
01/29 09:37:42 PM | module: BatchNorm2d(32, eps=1e-05, momentum=0.1, affine=True, track_running_stats=True)
01/29 09:37:42 PM | cin: [35]
01/29 09:37:42 PM | cout: [35]
01/29 09:37:42 PM | inactive
01/29 09:37:42 PM | -----
01/29 09:37:42 PM | module: ReLU(inplace=True)
01/29 09:37:42 PM | cin: [35]
01/29 09:37:42 PM | cout: [35]
01/29 09:37:42 PM | active
01/29 09:37:42 PM | -----
01/29 09:37:42 PM | module: Conv2d(32, 32, kernel_size=(3, 3), stride=(1, 1), padding=(1, 1), bias=False)
01/29 09:37:42 PM | cin: [35]
01/29 09:37:42 PM | cout: [36]
01/29 09:37:42 PM | inactive
01/29 09:37:42 PM | -----
01/29 09:37:42 PM | module: BatchNorm2d(32, eps=1e-05, momentum=0.1, affine=True, track_running_stats=True)
01/29 09:37:42 PM | cin: [36]
01/29 09:37:42 PM | cout: [36]
01/29 09:37:42 PM | active
01/29 09:37:42 PM | -----
01/29 09:37:42 PM | module: ReLU(inplace=True)
01/29 09:37:42 PM | cin: None
01/29 09:37:42 PM | cout: None
01/29 09:37:42 PM | inactive
01/29 09:37:42 PM | -----
01/29 09:37:42 PM | module: Conv2d(32, 64, kernel_size=(3, 3), stride=(2, 2), padding=(1, 1), bias=False)
01/29 09:37:42 PM | cin: None
01/29 09:37:42 PM | cout: [37]
01/29 09:37:42 PM | inactive
01/29 09:37:42 PM | -----
01/29 09:37:42 PM | module: BatchNorm2d(64, eps=1e-05, momentum=0.1, affine=True, track_running_stats=True)
01/29 09:37:42 PM | cin: [37]
01/29 09:37:42 PM | cout: [37]
01/29 09:37:42 PM | inactive
01/29 09:37:42 PM | -----
01/29 09:37:42 PM | module: ReLU(inplace=True)
01/29 09:37:42 PM | cin: [37]
01/29 09:37:42 PM | cout: [37]
01/29 09:37:42 PM | active
01/29 09:37:42 PM | -----
01/29 09:37:42 PM | module: Conv2d(64, 64, kernel_size=(3, 3), stride=(1, 1), padding=(1, 1), bias=False)
01/29 09:37:42 PM | cin: [37]
01/29 09:37:42 PM | cout: [38]
01/29 09:37:42 PM | inactive
01/29 09:37:42 PM | -----
01/29 09:37:42 PM | module: BatchNorm2d(64, eps=1e-05, momentum=0.1, affine=True, track_running_stats=True)
01/29 09:37:42 PM | cin: [38]
01/29 09:37:42 PM | cout: [38]
01/29 09:37:42 PM | active
01/29 09:37:42 PM | -----
01/29 09:37:42 PM | module: ReLU(inplace=True)
01/29 09:37:42 PM | cin: None
01/29 09:37:42 PM | cout: None
01/29 09:37:42 PM | inactive
01/29 09:37:42 PM | -----
01/29 09:37:42 PM | module: Conv2d(64, 64, kernel_size=(3, 3), stride=(1, 1), padding=(1, 1), bias=False)
01/29 09:37:42 PM | cin: None
01/29 09:37:42 PM | cout: [39]
01/29 09:37:42 PM | inactive
01/29 09:37:42 PM | -----
01/29 09:37:42 PM | module: BatchNorm2d(64, eps=1e-05, momentum=0.1, affine=True, track_running_stats=True)
01/29 09:37:42 PM | cin: [39]
01/29 09:37:42 PM | cout: [39]
01/29 09:37:42 PM | inactive
01/29 09:37:42 PM | -----
01/29 09:37:42 PM | module: ReLU(inplace=True)
01/29 09:37:42 PM | cin: [39]
01/29 09:37:42 PM | cout: [39]
01/29 09:37:42 PM | active
01/29 09:37:42 PM | -----
01/29 09:37:42 PM | module: Conv2d(64, 64, kernel_size=(3, 3), stride=(1, 1), padding=(1, 1), bias=False)
01/29 09:37:42 PM | cin: [39]
01/29 09:37:42 PM | cout: [40]
01/29 09:37:42 PM | inactive
01/29 09:37:42 PM | -----
01/29 09:37:42 PM | module: BatchNorm2d(64, eps=1e-05, momentum=0.1, affine=True, track_running_stats=True)
01/29 09:37:42 PM | cin: [40]
01/29 09:37:42 PM | cout: [40]
01/29 09:37:42 PM | active
01/29 09:37:42 PM | -----
01/29 09:37:42 PM | module: ReLU(inplace=True)
01/29 09:37:42 PM | cin: None
01/29 09:37:42 PM | cout: None
01/29 09:37:42 PM | inactive
01/29 09:37:42 PM | -----
01/29 09:37:42 PM | module: Conv2d(64, 64, kernel_size=(3, 3), stride=(1, 1), padding=(1, 1), bias=False)
01/29 09:37:42 PM | cin: None
01/29 09:37:42 PM | cout: [41]
01/29 09:37:42 PM | inactive
01/29 09:37:42 PM | -----
01/29 09:37:42 PM | module: BatchNorm2d(64, eps=1e-05, momentum=0.1, affine=True, track_running_stats=True)
01/29 09:37:42 PM | cin: [41]
01/29 09:37:42 PM | cout: [41]
01/29 09:37:42 PM | inactive
01/29 09:37:42 PM | -----
01/29 09:37:42 PM | module: ReLU(inplace=True)
01/29 09:37:42 PM | cin: [41]
01/29 09:37:42 PM | cout: [41]
01/29 09:37:42 PM | active
01/29 09:37:42 PM | -----
01/29 09:37:42 PM | module: Conv2d(64, 64, kernel_size=(3, 3), stride=(1, 1), padding=(1, 1), bias=False)
01/29 09:37:42 PM | cin: [41]
01/29 09:37:42 PM | cout: [42]
01/29 09:37:42 PM | inactive
01/29 09:37:42 PM | -----
01/29 09:37:42 PM | module: BatchNorm2d(64, eps=1e-05, momentum=0.1, affine=True, track_running_stats=True)
01/29 09:37:42 PM | cin: [42]
01/29 09:37:42 PM | cout: [42]
01/29 09:37:42 PM | active
01/29 09:37:42 PM | -----
01/29 09:37:42 PM | module: ReLU(inplace=True)
01/29 09:37:42 PM | cin: None
01/29 09:37:42 PM | cout: None
01/29 09:37:42 PM | inactive
01/29 09:37:42 PM | -----
01/29 09:37:42 PM | module: Conv2d(64, 64, kernel_size=(3, 3), stride=(1, 1), padding=(1, 1), bias=False)
01/29 09:37:42 PM | cin: None
01/29 09:37:42 PM | cout: [43]
01/29 09:37:42 PM | inactive
01/29 09:37:42 PM | -----
01/29 09:37:42 PM | module: BatchNorm2d(64, eps=1e-05, momentum=0.1, affine=True, track_running_stats=True)
01/29 09:37:42 PM | cin: [43]
01/29 09:37:42 PM | cout: [43]
01/29 09:37:42 PM | inactive
01/29 09:37:42 PM | -----
01/29 09:37:42 PM | module: ReLU(inplace=True)
01/29 09:37:42 PM | cin: [43]
01/29 09:37:42 PM | cout: [43]
01/29 09:37:42 PM | active
01/29 09:37:42 PM | -----
01/29 09:37:42 PM | module: Conv2d(64, 64, kernel_size=(3, 3), stride=(1, 1), padding=(1, 1), bias=False)
01/29 09:37:42 PM | cin: [43]
01/29 09:37:42 PM | cout: [44]
01/29 09:37:42 PM | inactive
01/29 09:37:42 PM | -----
01/29 09:37:42 PM | module: BatchNorm2d(64, eps=1e-05, momentum=0.1, affine=True, track_running_stats=True)
01/29 09:37:42 PM | cin: [44]
01/29 09:37:42 PM | cout: [44]
01/29 09:37:42 PM | active
01/29 09:37:42 PM | -----
01/29 09:37:42 PM | module: ReLU(inplace=True)
01/29 09:37:42 PM | cin: None
01/29 09:37:42 PM | cout: None
01/29 09:37:42 PM | inactive
01/29 09:37:42 PM | -----
01/29 09:37:42 PM | module: Conv2d(64, 64, kernel_size=(3, 3), stride=(1, 1), padding=(1, 1), bias=False)
01/29 09:37:42 PM | cin: None
01/29 09:37:42 PM | cout: [45]
01/29 09:37:42 PM | inactive
01/29 09:37:42 PM | -----
01/29 09:37:42 PM | module: BatchNorm2d(64, eps=1e-05, momentum=0.1, affine=True, track_running_stats=True)
01/29 09:37:42 PM | cin: [45]
01/29 09:37:42 PM | cout: [45]
01/29 09:37:42 PM | inactive
01/29 09:37:42 PM | -----
01/29 09:37:42 PM | module: ReLU(inplace=True)
01/29 09:37:42 PM | cin: [45]
01/29 09:37:42 PM | cout: [45]
01/29 09:37:42 PM | active
01/29 09:37:42 PM | -----
01/29 09:37:42 PM | module: Conv2d(64, 64, kernel_size=(3, 3), stride=(1, 1), padding=(1, 1), bias=False)
01/29 09:37:42 PM | cin: [45]
01/29 09:37:42 PM | cout: [46]
01/29 09:37:42 PM | inactive
01/29 09:37:42 PM | -----
01/29 09:37:42 PM | module: BatchNorm2d(64, eps=1e-05, momentum=0.1, affine=True, track_running_stats=True)
01/29 09:37:42 PM | cin: [46]
01/29 09:37:42 PM | cout: [46]
01/29 09:37:42 PM | active
01/29 09:37:42 PM | -----
01/29 09:37:42 PM | module: ReLU(inplace=True)
01/29 09:37:42 PM | cin: None
01/29 09:37:42 PM | cout: None
01/29 09:37:42 PM | inactive
01/29 09:37:42 PM | -----
01/29 09:37:42 PM | module: Conv2d(64, 64, kernel_size=(3, 3), stride=(1, 1), padding=(1, 1), bias=False)
01/29 09:37:42 PM | cin: None
01/29 09:37:42 PM | cout: [47]
01/29 09:37:42 PM | inactive
01/29 09:37:42 PM | -----
01/29 09:37:42 PM | module: BatchNorm2d(64, eps=1e-05, momentum=0.1, affine=True, track_running_stats=True)
01/29 09:37:42 PM | cin: [47]
01/29 09:37:42 PM | cout: [47]
01/29 09:37:42 PM | inactive
01/29 09:37:42 PM | -----
01/29 09:37:42 PM | module: ReLU(inplace=True)
01/29 09:37:42 PM | cin: [47]
01/29 09:37:42 PM | cout: [47]
01/29 09:37:42 PM | active
01/29 09:37:42 PM | -----
01/29 09:37:42 PM | module: Conv2d(64, 64, kernel_size=(3, 3), stride=(1, 1), padding=(1, 1), bias=False)
01/29 09:37:42 PM | cin: [47]
01/29 09:37:42 PM | cout: [48]
01/29 09:37:42 PM | inactive
01/29 09:37:42 PM | -----
01/29 09:37:42 PM | module: BatchNorm2d(64, eps=1e-05, momentum=0.1, affine=True, track_running_stats=True)
01/29 09:37:42 PM | cin: [48]
01/29 09:37:42 PM | cout: [48]
01/29 09:37:42 PM | active
01/29 09:37:42 PM | -----
01/29 09:37:42 PM | module: ReLU(inplace=True)
01/29 09:37:42 PM | cin: None
01/29 09:37:42 PM | cout: None
01/29 09:37:42 PM | inactive
01/29 09:37:42 PM | -----
01/29 09:37:42 PM | module: Conv2d(64, 64, kernel_size=(3, 3), stride=(1, 1), padding=(1, 1), bias=False)
01/29 09:37:42 PM | cin: None
01/29 09:37:42 PM | cout: [49]
01/29 09:37:42 PM | inactive
01/29 09:37:42 PM | -----
01/29 09:37:42 PM | module: BatchNorm2d(64, eps=1e-05, momentum=0.1, affine=True, track_running_stats=True)
01/29 09:37:42 PM | cin: [49]
01/29 09:37:42 PM | cout: [49]
01/29 09:37:42 PM | inactive
01/29 09:37:42 PM | -----
01/29 09:37:42 PM | module: ReLU(inplace=True)
01/29 09:37:42 PM | cin: [49]
01/29 09:37:42 PM | cout: [49]
01/29 09:37:42 PM | active
01/29 09:37:42 PM | -----
01/29 09:37:42 PM | module: Conv2d(64, 64, kernel_size=(3, 3), stride=(1, 1), padding=(1, 1), bias=False)
01/29 09:37:42 PM | cin: [49]
01/29 09:37:42 PM | cout: [50]
01/29 09:37:42 PM | inactive
01/29 09:37:42 PM | -----
01/29 09:37:42 PM | module: BatchNorm2d(64, eps=1e-05, momentum=0.1, affine=True, track_running_stats=True)
01/29 09:37:42 PM | cin: [50]
01/29 09:37:42 PM | cout: [50]
01/29 09:37:42 PM | active
01/29 09:37:42 PM | -----
01/29 09:37:42 PM | module: ReLU(inplace=True)
01/29 09:37:42 PM | cin: None
01/29 09:37:42 PM | cout: None
01/29 09:37:42 PM | inactive
01/29 09:37:42 PM | -----
01/29 09:37:42 PM | module: Conv2d(64, 64, kernel_size=(3, 3), stride=(1, 1), padding=(1, 1), bias=False)
01/29 09:37:42 PM | cin: None
01/29 09:37:42 PM | cout: [51]
01/29 09:37:42 PM | inactive
01/29 09:37:42 PM | -----
01/29 09:37:42 PM | module: BatchNorm2d(64, eps=1e-05, momentum=0.1, affine=True, track_running_stats=True)
01/29 09:37:42 PM | cin: [51]
01/29 09:37:42 PM | cout: [51]
01/29 09:37:42 PM | inactive
01/29 09:37:42 PM | -----
01/29 09:37:42 PM | module: ReLU(inplace=True)
01/29 09:37:42 PM | cin: [51]
01/29 09:37:42 PM | cout: [51]
01/29 09:37:42 PM | active
01/29 09:37:42 PM | -----
01/29 09:37:42 PM | module: Conv2d(64, 64, kernel_size=(3, 3), stride=(1, 1), padding=(1, 1), bias=False)
01/29 09:37:42 PM | cin: [51]
01/29 09:37:42 PM | cout: [52]
01/29 09:37:42 PM | inactive
01/29 09:37:42 PM | -----
01/29 09:37:42 PM | module: BatchNorm2d(64, eps=1e-05, momentum=0.1, affine=True, track_running_stats=True)
01/29 09:37:42 PM | cin: [52]
01/29 09:37:42 PM | cout: [52]
01/29 09:37:42 PM | active
01/29 09:37:42 PM | -----
01/29 09:37:42 PM | module: ReLU(inplace=True)
01/29 09:37:42 PM | cin: None
01/29 09:37:42 PM | cout: None
01/29 09:37:42 PM | inactive
01/29 09:37:42 PM | -----
01/29 09:37:42 PM | module: Conv2d(64, 64, kernel_size=(3, 3), stride=(1, 1), padding=(1, 1), bias=False)
01/29 09:37:42 PM | cin: None
01/29 09:37:42 PM | cout: [53]
01/29 09:37:42 PM | inactive
01/29 09:37:42 PM | -----
01/29 09:37:42 PM | module: BatchNorm2d(64, eps=1e-05, momentum=0.1, affine=True, track_running_stats=True)
01/29 09:37:42 PM | cin: [53]
01/29 09:37:42 PM | cout: [53]
01/29 09:37:42 PM | inactive
01/29 09:37:42 PM | -----
01/29 09:37:42 PM | module: ReLU(inplace=True)
01/29 09:37:42 PM | cin: [53]
01/29 09:37:42 PM | cout: [53]
01/29 09:37:42 PM | active
01/29 09:37:42 PM | -----
01/29 09:37:42 PM | module: Conv2d(64, 64, kernel_size=(3, 3), stride=(1, 1), padding=(1, 1), bias=False)
01/29 09:37:42 PM | cin: [53]
01/29 09:37:42 PM | cout: [54]
01/29 09:37:42 PM | inactive
01/29 09:37:42 PM | -----
01/29 09:37:42 PM | module: BatchNorm2d(64, eps=1e-05, momentum=0.1, affine=True, track_running_stats=True)
01/29 09:37:42 PM | cin: [54]
01/29 09:37:42 PM | cout: [54]
01/29 09:37:42 PM | active
01/29 09:37:42 PM | -----
01/29 09:37:42 PM | module: ReLU(inplace=True)
01/29 09:37:42 PM | cin: None
01/29 09:37:42 PM | cout: None
01/29 09:37:42 PM | inactive
01/29 09:37:42 PM | -----
01/29 09:37:42 PM | module: AdaptiveAvgPool2d(output_size=(1, 1))
01/29 09:37:42 PM | cin: None
01/29 09:37:42 PM | cout: None
01/29 09:37:42 PM | inactive
01/29 09:37:42 PM | -----
01/29 09:37:42 PM | module: Linear(in_features=64, out_features=10, bias=True)
01/29 09:37:42 PM | cin: None
01/29 09:37:42 PM | cout: None
01/29 09:37:42 PM | inactive
01/29 09:37:42 PM | Used masks: [1, 2, 3, 4, 5, 6, 7, 8, 9, 10, 11, 12, 13, 14, 15, 16, 17, 18, 19, 20, 21, 22, 23, 24, 25, 26, 27, 28, 29, 30, 31, 32, 33, 34, 35, 36, 37, 38, 39, 40, 41, 42, 43, 44, 45, 46, 47, 48, 49, 50, 51, 52, 53, 54]
01/29 09:37:42 PM | 55 unique masks in total
01/29 09:37:43 PM | === Batch 1/4
01/29 09:37:44 PM | loss = 0.145 + 4.444 + 0.040 = 4.629
01/29 09:37:44 PM | attribution_score[0:12]: 
[ 1.00  1.00  1.00  1.00  1.00  1.00  1.00  1.00  1.00  1.00  1.00  1.00 ]
[ 0.83  0.83  0.83  0.83  0.83  0.83  0.83  0.94  0.83  0.83  0.94  0.83 ]
[ 0.83  0.83  0.83  0.83  0.83  0.94  0.94  0.83  0.83  0.83  0.83  0.94 ]
[ 0.83  0.83  0.83  0.83  0.83  0.83  0.83  0.94  0.83  0.83  0.83  0.83 ]
[ 0.83  0.94  0.83  0.83  0.94  0.94  0.94  0.94  0.83  0.83  0.83  0.94 ]
[ 0.83  0.83  0.83  0.83  0.94  0.83  0.83  0.83  0.83  0.83  0.83  0.83 ]
[ 0.83  0.83  0.94  0.83  0.83  0.94  0.94  0.83  0.94  0.83  0.83  0.94 ]
[ 0.83  0.83  0.83  0.83  0.94  0.83  0.83  0.83  0.94  0.83  0.83  0.83 ]
[ 0.83  0.83  0.94  0.83  0.83  0.83  0.94  0.83  0.83  0.83  0.83  0.94 ]
[ 0.83  0.83  0.83  0.83  0.94  0.83  0.83  0.83  0.83  0.83  0.94  0.83 ]
[ 0.83  0.83  0.83  0.83  0.83  0.83  0.83  0.94  0.83  0.83  0.94  0.83 ]
[ 0.83  0.94  0.83  0.83  0.83  0.83  0.83  0.83  0.83  0.83  0.94  0.83 ]
[ 0.83  0.94  0.83  0.83  0.83  0.83  0.83  0.83  0.94  0.83  0.83  0.94 ]
[ 0.83  0.83  0.83  0.83  0.94  0.94  0.83  0.94  0.83  0.83  0.94  0.83 ]
[ 0.83  0.94  0.94  0.83  0.83  0.83  0.94  0.83  0.94  0.83  0.83  0.94 ]
[ 0.83  0.83  0.83  0.94  0.83  0.94  0.94  0.83  0.94  0.83  0.83  0.83 ]
[ 0.83  0.94  0.94  0.83  0.94  0.83  0.94  0.83  0.94  0.83  0.83  0.94 ]
[ 0.83  0.83  0.83  0.83  0.83  0.83  0.83  0.83  0.83  0.83  0.83  0.83 ]
[ 0.83  0.94  0.94  0.83  0.94  0.83  0.83  0.83  0.83  0.83  0.83  0.94 ]
[ 0.94  0.83  0.94  0.94  0.83  0.83  0.94  0.83  0.94  0.94  0.94  0.94 ]
[ 0.83  0.83  0.94  0.94  0.83  0.83  0.83  0.94  0.83  0.94  0.83  0.83 ]
[ 0.83  0.83  0.83  0.83  0.83  0.83  0.94  0.83  0.94  0.83  0.83  0.83 ]
[ 0.83  0.83  0.83  0.83  0.83  0.83  0.83  0.94  0.83  0.83  0.83  0.83 ]
[ 0.83  0.83  0.83  0.83  0.83  0.83  0.83  0.83  0.83  0.83  0.83  0.83 ]
[ 0.83  0.83  0.94  0.83  0.83  0.83  0.83  0.94  0.83  0.83  0.83  0.83 ]
[ 0.94  0.83  0.83  0.83  0.83  0.83  0.83  0.83  0.83  0.83  0.83  0.83 ]
[ 0.83  0.83  0.94  0.83  0.83  0.83  0.83  0.83  0.94  0.83  0.83  0.94 ]
[ 0.83  0.83  0.83  0.83  0.94  0.83  0.94  0.83  0.94  0.83  0.83  0.83 ]
[ 0.83  0.83  0.94  0.83  0.83  0.83  0.83  0.83  0.83  0.83  0.83  0.94 ]
[ 0.83  0.83  0.83  0.83  0.83  0.83  0.83  0.83  0.83  0.83  0.83  0.83 ]
[ 0.83  0.83  0.94  0.83  0.83  0.83  0.83  0.83  0.83  0.83  0.83  0.94 ]
[ 0.83  0.83  0.83  0.83  0.83  0.83  0.83  0.83  0.94  0.94  0.83  0.94 ]
[ 0.83  0.83  0.94  0.83  0.83  0.83  0.83  0.83  0.83  0.83  0.83  0.83 ]
[ 0.83  0.83  0.83  0.83  0.83  0.83  0.83  0.83  0.83  0.83  0.83  0.83 ]
[ 0.83  0.83  0.94  0.83  0.83  0.83  0.83  0.83  0.83  0.83  0.83  0.94 ]
[ 0.83  0.83  0.83  0.83  0.83  0.83  0.94  0.83  0.83  0.94  0.83  0.83 ]
[ 0.83  0.83  0.83  0.83  0.83  0.83  0.83  0.83  0.83  0.83  0.83  0.83 ]
[ 0.94  0.94  0.83  0.94  0.83  0.83  0.94  0.94  0.94  0.94  0.83  0.94 ]
[ 0.83  0.94  0.83  0.83  0.94  0.83  0.94  0.83  0.94  0.94  0.94  0.94 ]
[ 0.83  0.94  0.83  0.83  0.83  0.83  0.83  0.94  0.94  0.83  0.83  0.83 ]
[ 0.83  0.94  0.83  0.83  0.94  0.94  0.83  0.83  0.83  0.83  0.94  0.94 ]
[ 0.83  0.94  0.83  0.83  0.83  0.83  0.83  0.83  0.83  0.83  0.94  0.83 ]
[ 0.83  0.83  0.94  0.83  0.94  0.94  0.83  0.83  0.83  0.83  0.94  0.94 ]
[ 0.83  0.83  0.83  0.83  0.83  0.83  0.94  0.94  0.94  0.83  0.83  0.83 ]
[ 0.83  0.83  0.94  0.83  0.83  0.94  0.83  0.94  0.83  0.83  0.83  0.83 ]
[ 0.83  0.83  0.83  0.83  0.83  0.83  0.83  0.94  0.83  0.83  0.94  0.94 ]
[ 0.83  0.83  0.83  0.83  0.83  0.83  0.83  0.94  0.83  0.83  0.94  0.83 ]
[ 0.83  0.83  0.94  0.83  0.83  0.83  0.83  0.94  0.94  0.94  0.83  0.83 ]
[ 0.94  0.83  0.94  0.83  0.94  0.83  0.94  0.83  0.83  0.83  0.83  0.83 ]
[ 0.83  0.83  0.83  0.94  0.83  0.83  0.83  0.83  0.94  0.83  0.83  0.83 ]
[ 0.94  0.94  0.94  0.83  0.83  0.83  0.94  0.94  0.94  0.83  0.83  0.94 ]
[ 0.83  0.83  0.94  0.83  0.83  0.83  0.83  0.83  0.94  0.94  0.83  0.83 ]
[ 0.94  0.94  0.83  0.83  0.94  0.83  0.83  0.94  0.83  0.83  0.83  0.94 ]
[ 0.94  0.83  0.83  0.94  0.83  0.83  0.94  0.94  0.83  0.83  0.94  0.83 ]
[ 0.83  0.94  0.83  0.83  0.94  0.83  0.83  0.94  0.83  0.83  0.83  0.94 ]

01/29 09:37:44 PM | === Batch 2/4
01/29 09:37:45 PM | loss = 0.222 + 3.844 + 0.055 = 4.121
01/29 09:37:46 PM | attribution_score[0:12]: 
[ 1.00  1.00  1.00  1.00  1.00  1.00  1.00  1.00  1.00  1.00  1.00  1.00 ]
[ 0.73  0.74  0.73  0.75  0.74  0.74  0.73  0.95  0.73  0.75  0.93  0.73 ]
[ 0.73  0.74  0.73  0.88  0.82  0.91  0.97  0.76  0.73  0.88  0.73  0.96 ]
[ 0.73  0.73  0.73  0.73  0.75  0.74  0.75  0.96  0.74  0.74  0.74  0.75 ]
[ 0.73  0.92  0.74  0.73  0.96  0.96  0.97  0.95  0.74  0.75  0.74  0.95 ]
[ 0.74  0.75  0.73  0.73  0.93  0.73  0.73  0.74  0.73  0.73  0.73  0.75 ]
[ 0.74  0.73  0.93  0.74  0.75  0.91  0.97  0.75  0.97  0.87  0.75  0.96 ]
[ 0.73  0.73  0.73  0.73  0.93  0.73  0.73  0.75  0.92  0.74  0.73  0.81 ]
[ 0.76  0.80  0.93  0.87  0.73  0.73  0.95  0.75  0.73  0.84  0.73  0.96 ]
[ 0.75  0.73  0.73  0.75  0.93  0.73  0.75  0.75  0.73  0.75  0.97  0.73 ]
[ 0.84  0.81  0.75  0.73  0.88  0.73  0.74  0.93  0.88  0.88  0.92  0.73 ]
[ 0.73  0.92  0.73  0.74  0.73  0.73  0.87  0.84  0.73  0.73  0.93  0.73 ]
[ 0.82  0.93  0.73  0.83  0.81  0.73  0.89  0.74  0.97  0.81  0.75  0.95 ]
[ 0.73  0.74  0.86  0.84  0.92  0.93  0.79  0.96  0.74  0.75  0.93  0.74 ]
[ 0.80  0.95  0.96  0.73  0.79  0.76  0.97  0.74  0.97  0.73  0.88  0.96 ]
[ 0.75  0.88  0.73  0.94  0.81  0.93  0.93  0.81  0.94  0.73  0.74  0.75 ]
[ 0.85  0.95  0.93  0.73  0.94  0.73  0.96  0.74  0.97  0.76  0.88  0.96 ]
[ 0.73  0.73  0.74  0.86  0.75  0.73  0.73  0.75  0.73  0.73  0.78  0.75 ]
[ 0.85  0.94  0.93  0.73  0.95  0.73  0.76  0.73  0.88  0.77  0.87  0.92 ]
[ 0.95  0.86  0.95  0.96  0.87  0.86  0.97  0.79  0.96  0.95  0.96  0.97 ]
[ 0.73  0.81  0.96  0.92  0.79  0.73  0.87  0.97  0.85  0.96  0.88  0.85 ]
[ 0.76  0.73  0.73  0.73  0.78  0.73  0.92  0.87  0.92  0.83  0.73  0.75 ]
[ 0.76  0.73  0.76  0.75  0.85  0.74  0.88  0.96  0.83  0.74  0.73  0.74 ]
[ 0.73  0.81  0.73  0.74  0.73  0.73  0.74  0.74  0.75  0.75  0.73  0.73 ]
[ 0.76  0.74  0.94  0.74  0.82  0.75  0.82  0.93  0.84  0.73  0.85  0.74 ]
[ 0.94  0.85  0.79  0.73  0.83  0.73  0.73  0.87  0.73  0.84  0.79  0.73 ]
[ 0.75  0.74  0.92  0.74  0.79  0.74  0.82  0.80  0.93  0.87  0.78  0.93 ]
[ 0.84  0.74  0.73  0.73  0.92  0.76  0.94  0.73  0.96  0.74  0.79  0.73 ]
[ 0.76  0.77  0.94  0.73  0.84  0.75  0.74  0.73  0.74  0.78  0.81  0.92 ]
[ 0.73  0.73  0.73  0.74  0.74  0.73  0.73  0.73  0.76  0.75  0.73  0.73 ]
[ 0.76  0.75  0.94  0.73  0.84  0.73  0.79  0.74  0.73  0.73  0.76  0.95 ]
[ 0.74  0.73  0.88  0.77  0.74  0.74  0.74  0.74  0.94  0.97  0.74  0.95 ]
[ 0.74  0.81  0.93  0.73  0.75  0.74  0.73  0.73  0.81  0.75  0.75  0.73 ]
[ 0.73  0.76  0.75  0.75  0.74  0.73  0.74  0.75  0.76  0.73  0.73  0.73 ]
[ 0.76  0.79  0.92  0.74  0.73  0.73  0.81  0.73  0.74  0.73  0.74  0.94 ]
[ 0.75  0.78  0.75  0.73  0.73  0.81  0.93  0.73  0.75  0.93  0.73  0.73 ]
[ 0.75  0.76  0.73  0.74  0.86  0.74  0.73  0.74  0.74  0.75  0.73  0.73 ]
[ 0.95  0.95  0.76  0.94  0.88  0.86  0.96  0.95  0.93  0.95  0.77  0.94 ]
[ 0.80  0.96  0.79  0.76  0.96  0.73  0.92  0.73  0.95  0.92  0.96  0.96 ]
[ 0.73  0.91  0.87  0.86  0.74  0.73  0.73  0.93  0.96  0.74  0.74  0.74 ]
[ 0.75  0.97  0.74  0.75  0.95  0.93  0.73  0.88  0.76  0.76  0.96  0.92 ]
[ 0.80  0.96  0.73  0.75  0.74  0.74  0.73  0.81  0.74  0.76  0.97  0.88 ]
[ 0.78  0.74  0.95  0.74  0.96  0.95  0.75  0.77  0.79  0.84  0.97  0.96 ]
[ 0.73  0.74  0.73  0.74  0.73  0.76  0.95  0.95  0.96  0.73  0.74  0.74 ]
[ 0.73  0.74  0.94  0.73  0.74  0.92  0.74  0.97  0.84  0.73  0.83  0.73 ]
[ 0.74  0.86  0.73  0.85  0.84  0.73  0.73  0.96  0.81  0.73  0.95  0.92 ]
[ 0.74  0.73  0.75  0.74  0.75  0.84  0.87  0.95  0.74  0.75  0.96  0.73 ]
[ 0.87  0.73  0.92  0.74  0.73  0.77  0.82  0.94  0.94  0.95  0.73  0.78 ]
[ 0.95  0.74  0.94  0.74  0.96  0.75  0.91  0.73  0.76  0.85  0.74  0.73 ]
[ 0.73  0.74  0.73  0.92  0.75  0.80  0.84  0.74  0.95  0.74  0.74  0.73 ]
[ 0.94  0.94  0.95  0.85  0.74  0.73  0.96  0.92  0.96  0.74  0.77  0.96 ]
[ 0.81  0.85  0.95  0.74  0.74  0.81  0.78  0.86  0.96  0.96  0.74  0.88 ]
[ 0.93  0.97  0.74  0.87  0.95  0.74  0.74  0.95  0.73  0.74  0.75  0.95 ]
[ 0.95  0.73  0.75  0.92  0.74  0.85  0.93  0.96  0.77  0.74  0.95  0.74 ]
[ 0.73  0.96  0.73  0.74  0.95  0.73  0.73  0.95  0.74  0.82  0.88  0.96 ]

01/29 09:37:46 PM | === Batch 3/4
01/29 09:37:46 PM | loss = 0.587 + 3.077 + 0.074 = 3.738
01/29 09:37:47 PM | attribution_score[0:12]: 
[ 1.00  1.00  1.00  1.00  1.00  1.00  1.00  1.00  1.00  1.00  1.00  1.00 ]
[ 0.60  0.72  0.62  0.66  0.62  0.65  0.60  0.94  0.60  0.63  0.91  0.60 ]
[ 0.60  0.62  0.61  0.91  0.86  0.86  0.98  0.75  0.71  0.91  0.64  0.95 ]
[ 0.61  0.62  0.61  0.67  0.66  0.62  0.77  0.97  0.62  0.62  0.63  0.63 ]
[ 0.61  0.91  0.62  0.73  0.98  0.95  0.98  0.95  0.73  0.76  0.68  0.93 ]
[ 0.62  0.63  0.60  0.62  0.89  0.64  0.60  0.62  0.60  0.63  0.60  0.66 ]
[ 0.64  0.60  0.89  0.76  0.71  0.87  0.98  0.63  0.97  0.90  0.70  0.95 ]
[ 0.60  0.60  0.60  0.61  0.89  0.60  0.67  0.64  0.87  0.61  0.61  0.82 ]
[ 0.80  0.83  0.90  0.91  0.72  0.60  0.95  0.64  0.61  0.85  0.60  0.95 ]
[ 0.70  0.60  0.60  0.64  0.90  0.62  0.64  0.64  0.60  0.64  0.98  0.63 ]
[ 0.88  0.83  0.64  0.70  0.92  0.60  0.74  0.91  0.87  0.91  0.88  0.63 ]
[ 0.60  0.87  0.60  0.61  0.60  0.65  0.91  0.88  0.68  0.60  0.91  0.61 ]
[ 0.86  0.90  0.64  0.86  0.86  0.60  0.93  0.61  0.97  0.81  0.65  0.93 ]
[ 0.60  0.61  0.90  0.83  0.88  0.91  0.79  0.98  0.61  0.65  0.92  0.63 ]
[ 0.80  0.95  0.96  0.60  0.70  0.70  0.98  0.62  0.98  0.60  0.91  0.95 ]
[ 0.70  0.92  0.60  0.94  0.86  0.90  0.90  0.85  0.93  0.60  0.63  0.63 ]
[ 0.88  0.95  0.89  0.62  0.91  0.62  0.96  0.63  0.97  0.65  0.91  0.96 ]
[ 0.73  0.60  0.63  0.89  0.64  0.60  0.61  0.63  0.60  0.60  0.70  0.63 ]
[ 0.89  0.92  0.91  0.61  0.94  0.61  0.65  0.60  0.85  0.69  0.90  0.88 ]
[ 0.97  0.89  0.93  0.97  0.88  0.85  0.97  0.74  0.95  0.95  0.95  0.98 ]
[ 0.60  0.85  0.96  0.94  0.74  0.77  0.91  0.97  0.89  0.97  0.92  0.83 ]
[ 0.65  0.61  0.60  0.61  0.83  0.60  0.87  0.89  0.87  0.81  0.61  0.65 ]
[ 0.66  0.77  0.66  0.80  0.87  0.79  0.92  0.94  0.84  0.76  0.60  0.61 ]
[ 0.60  0.75  0.60  0.66  0.70  0.62  0.76  0.64  0.65  0.65  0.70  0.62 ]
[ 0.66  0.75  0.92  0.76  0.83  0.79  0.87  0.90  0.88  0.62  0.88  0.63 ]
[ 0.92  0.90  0.71  0.60  0.80  0.60  0.63  0.86  0.65  0.79  0.71  0.61 ]
[ 0.65  0.78  0.88  0.75  0.71  0.76  0.85  0.73  0.90  0.90  0.73  0.93 ]
[ 0.84  0.64  0.61  0.61  0.87  0.65  0.92  0.60  0.95  0.62  0.73  0.60 ]
[ 0.66  0.82  0.93  0.75  0.87  0.80  0.72  0.62  0.63  0.78  0.76  0.89 ]
[ 0.60  0.60  0.60  0.73  0.61  0.60  0.61  0.60  0.65  0.65  0.60  0.60 ]
[ 0.66  0.77  0.92  0.77  0.86  0.76  0.80  0.62  0.62  0.76  0.66  0.95 ]
[ 0.62  0.60  0.93  0.68  0.61  0.62  0.61  0.62  0.92  0.98  0.62  0.94 ]
[ 0.63  0.84  0.90  0.70  0.67  0.67  0.63  0.61  0.75  0.79  0.63  0.72 ]
[ 0.61  0.69  0.64  0.64  0.64  0.61  0.73  0.63  0.73  0.60  0.60  0.61 ]
[ 0.66  0.82  0.89  0.73  0.61  0.76  0.84  0.62  0.63  0.72  0.64  0.94 ]
[ 0.71  0.68  0.67  0.60  0.61  0.78  0.90  0.65  0.63  0.90  0.62  0.60 ]
[ 0.66  0.79  0.61  0.77  0.90  0.67  0.78  0.75  0.62  0.71  0.64  0.61 ]
[ 0.96  0.96  0.67  0.92  0.91  0.88  0.96  0.95  0.95  0.96  0.78  0.94 ]
[ 0.83  0.95  0.75  0.79  0.97  0.60  0.93  0.60  0.96  0.88  0.98  0.96 ]
[ 0.70  0.87  0.91  0.90  0.61  0.60  0.70  0.90  0.96  0.73  0.63  0.70 ]
[ 0.64  0.96  0.76  0.70  0.95  0.90  0.79  0.89  0.80  0.67  0.98  0.89 ]
[ 0.73  0.97  0.60  0.65  0.72  0.65  0.60  0.75  0.63  0.77  0.98  0.90 ]
[ 0.80  0.69  0.96  0.72  0.95  0.95  0.64  0.68  0.81  0.88  0.98  0.97 ]
[ 0.74  0.64  0.60  0.63  0.60  0.66  0.95  0.94  0.95  0.60  0.78  0.72 ]
[ 0.73  0.81  0.92  0.78  0.66  0.89  0.80  0.98  0.79  0.62  0.87  0.62 ]
[ 0.75  0.86  0.66  0.81  0.84  0.60  0.61  0.97  0.83  0.64  0.93  0.92 ]
[ 0.77  0.74  0.63  0.79  0.67  0.86  0.86  0.95  0.73  0.65  0.97  0.78 ]
[ 0.84  0.60  0.92  0.65  0.62  0.69  0.82  0.95  0.92  0.96  0.62  0.69 ]
[ 0.95  0.78  0.93  0.64  0.97  0.64  0.91  0.60  0.68  0.80  0.61  0.74 ]
[ 0.60  0.61  0.61  0.89  0.77  0.72  0.86  0.62  0.95  0.61  0.63  0.60 ]
[ 0.92  0.92  0.96  0.89  0.61  0.77  0.97  0.89  0.96  0.65  0.80  0.95 ]
[ 0.80  0.85  0.96  0.77  0.61  0.75  0.73  0.87  0.96  0.97  0.63  0.84 ]
[ 0.91  0.96  0.61  0.88  0.96  0.62  0.70  0.95  0.61  0.64  0.64  0.95 ]
[ 0.94  0.63  0.63  0.88  0.79  0.83  0.92  0.97  0.68  0.65  0.95  0.63 ]
[ 0.77  0.95  0.70  0.76  0.96  0.60  0.67  0.93  0.79  0.76  0.91  0.95 ]

01/29 09:37:47 PM | === Batch 4/4
01/29 09:37:48 PM | loss = 0.720 + 2.288 + 0.094 = 3.102
01/29 09:37:49 PM | attribution_score[0:12]: 
[ 1.00  1.00  1.00  1.00  1.00  1.00  1.00  1.00  1.00  1.00  1.00  1.00 ]
[ 0.46  0.76  0.51  0.69  0.50  0.65  0.46  0.96  0.46  0.65  0.90  0.47 ]
[ 0.55  0.52  0.50  0.94  0.84  0.79  0.98  0.81  0.73  0.92  0.67  0.95 ]
[ 0.49  0.51  0.47  0.71  0.70  0.52  0.81  0.98  0.65  0.60  0.51  0.65 ]
[ 0.55  0.87  0.68  0.78  0.99  0.95  0.98  0.97  0.79  0.81  0.61  0.93 ]
[ 0.49  0.62  0.48  0.51  0.89  0.65  0.46  0.63  0.46  0.66  0.47  0.71 ]
[ 0.52  0.47  0.87  0.82  0.65  0.81  0.97  0.66  0.96  0.90  0.72  0.96 ]
[ 0.53  0.47  0.47  0.49  0.88  0.45  0.73  0.52  0.84  0.47  0.47  0.77 ]
[ 0.81  0.81  0.92  0.94  0.76  0.46  0.96  0.65  0.64  0.81  0.51  0.96 ]
[ 0.73  0.61  0.46  0.51  0.89  0.49  0.54  0.63  0.46  0.66  0.97  0.51 ]
[ 0.86  0.79  0.68  0.74  0.93  0.46  0.67  0.90  0.83  0.91  0.82  0.58 ]
[ 0.49  0.81  0.46  0.47  0.64  0.63  0.91  0.92  0.74  0.46  0.91  0.50 ]
[ 0.83  0.86  0.67  0.90  0.88  0.49  0.92  0.56  0.96  0.75  0.66  0.90 ]
[ 0.46  0.49  0.93  0.77  0.91  0.92  0.73  0.98  0.47  0.54  0.93  0.52 ]
[ 0.74  0.94  0.97  0.45  0.61  0.61  0.98  0.51  0.98  0.46  0.90  0.96 ]
[ 0.74  0.92  0.46  0.95  0.90  0.86  0.86  0.89  0.91  0.46  0.51  0.50 ]
[ 0.86  0.96  0.91  0.48  0.92  0.48  0.97  0.54  0.96  0.55  0.91  0.97 ]
[ 0.78  0.46  0.54  0.92  0.51  0.45  0.46  0.51  0.46  0.46  0.60  0.51 ]
[ 0.88  0.90  0.93  0.46  0.96  0.47  0.57  0.46  0.80  0.59  0.90  0.90 ]
[ 0.96  0.89  0.94  0.97  0.87  0.87  0.98  0.66  0.94  0.94  0.93  0.99 ]
[ 0.46  0.89  0.97  0.96  0.66  0.77  0.92  0.96  0.85  0.97  0.95  0.79 ]
[ 0.54  0.46  0.45  0.47  0.79  0.45  0.82  0.86  0.89  0.75  0.48  0.53 ]
[ 0.69  0.83  0.65  0.86  0.86  0.79  0.93  0.93  0.80  0.82  0.46  0.61 ]
[ 0.55  0.66  0.62  0.72  0.74  0.49  0.73  0.51  0.51  0.68  0.76  0.51 ]
[ 0.70  0.81  0.90  0.82  0.80  0.75  0.91  0.89  0.87  0.49  0.90  0.59 ]
[ 0.92  0.89  0.61  0.61  0.83  0.46  0.51  0.82  0.57  0.71  0.62  0.47 ]
[ 0.69  0.84  0.88  0.81  0.63  0.70  0.84  0.63  0.91  0.88  0.65  0.94 ]
[ 0.78  0.51  0.52  0.47  0.88  0.67  0.92  0.45  0.92  0.52  0.64  0.46 ]
[ 0.68  0.87  0.91  0.80  0.86  0.78  0.65  0.52  0.59  0.82  0.68  0.83 ]
[ 0.46  0.48  0.47  0.67  0.49  0.60  0.50  0.46  0.52  0.53  0.47  0.46 ]
[ 0.67  0.82  0.92  0.83  0.87  0.72  0.80  0.63  0.60  0.82  0.53  0.94 ]
[ 0.56  0.46  0.94  0.57  0.46  0.48  0.62  0.49  0.92  0.98  0.48  0.92 ]
[ 0.58  0.88  0.86  0.65  0.72  0.59  0.55  0.60  0.80  0.85  0.49  0.65 ]
[ 0.50  0.59  0.55  0.62  0.69  0.46  0.75  0.59  0.77  0.52  0.45  0.61 ]
[ 0.69  0.87  0.86  0.78  0.53  0.75  0.87  0.49  0.51  0.78  0.54  0.93 ]
[ 0.77  0.57  0.71  0.50  0.47  0.72  0.92  0.68  0.56  0.85  0.52  0.57 ]
[ 0.69  0.85  0.47  0.82  0.93  0.58  0.79  0.69  0.47  0.63  0.54  0.54 ]
[ 0.96  0.96  0.58  0.93  0.90  0.88  0.95  0.94  0.96  0.97  0.82  0.92 ]
[ 0.83  0.93  0.78  0.84  0.98  0.46  0.95  0.46  0.95  0.85  0.98  0.97 ]
[ 0.62  0.80  0.90  0.91  0.49  0.47  0.72  0.90  0.95  0.78  0.67  0.75 ]
[ 0.64  0.94  0.82  0.76  0.96  0.91  0.85  0.86  0.76  0.60  0.99  0.91 ]
[ 0.75  0.97  0.46  0.54  0.77  0.62  0.46  0.67  0.53  0.71  0.98  0.91 ]
[ 0.84  0.76  0.97  0.78  0.93  0.96  0.51  0.57  0.86  0.92  0.98  0.98 ]
[ 0.77  0.67  0.60  0.50  0.57  0.54  0.95  0.93  0.93  0.49  0.79  0.77 ]
[ 0.79  0.87  0.94  0.84  0.55  0.90  0.85  0.97  0.84  0.49  0.90  0.51 ]
[ 0.81  0.81  0.72  0.78  0.88  0.46  0.51  0.97  0.85  0.52  0.93  0.93 ]
[ 0.84  0.81  0.65  0.85  0.72  0.83  0.83  0.96  0.78  0.65  0.96  0.84 ]
[ 0.78  0.46  0.93  0.63  0.51  0.65  0.82  0.94  0.88  0.96  0.51  0.59 ]
[ 0.95  0.84  0.92  0.53  0.97  0.70  0.92  0.61  0.72  0.83  0.46  0.69 ]
[ 0.46  0.57  0.47  0.90  0.82  0.63  0.87  0.48  0.96  0.50  0.60  0.46 ]
[ 0.94  0.88  0.96  0.91  0.60  0.71  0.97  0.91  0.97  0.54  0.78  0.96 ]
[ 0.83  0.81  0.95  0.83  0.63  0.67  0.65  0.89  0.96  0.98  0.55  0.77 ]
[ 0.89  0.95  0.49  0.85  0.97  0.63  0.76  0.95  0.67  0.56  0.66  0.96 ]
[ 0.95  0.68  0.61  0.86  0.77  0.87  0.94  0.97  0.71  0.57  0.95  0.66 ]
[ 0.78  0.93  0.76  0.81  0.97  0.47  0.73  0.90  0.74  0.78  0.88  0.96 ]

01/29 09:37:49 PM | ===
Best loss was 3.10 at iteration 4

01/29 09:37:49 PM | Looking for optimal threshold...
01/29 09:37:49 PM | Testing threshold 0.5
01/29 09:37:49 PM | Distance to target: 70,714,816
01/29 09:37:49 PM | Testing threshold 0.75
01/29 09:37:49 PM | Distance to target: 18,362,112
01/29 09:37:49 PM | Testing threshold 0.625
01/29 09:37:49 PM | Distance to target: 19,934,976
01/29 09:37:49 PM | Testing threshold 0.6875
01/29 09:37:49 PM | Distance to target: 7,452,864
01/29 09:37:49 PM | Testing threshold 0.65625
01/29 09:37:49 PM | Distance to target: 214,592
01/29 09:37:49 PM | Testing threshold 0.671875
01/29 09:37:49 PM | Distance to target: 4,647,488
01/29 09:37:49 PM | Testing threshold 0.6640625
01/29 09:37:49 PM | Distance to target: 2,563,328
01/29 09:37:49 PM | Testing threshold 0.66015625
01/29 09:37:49 PM | Distance to target: 1,336,192
01/29 09:37:49 PM | Testing threshold 0.658203125
01/29 09:37:49 PM | Distance to target: 193,792
01/29 09:37:49 PM | Testing threshold 0.6572265625
01/29 09:37:49 PM | Distance to target: 6,208
01/29 09:37:52 PM | attribution_score[0:12]: 
[ 1.00  1.00  1.00  1.00  1.00  1.00  1.00  1.00  1.00  1.00  1.00  1.00 ]
[ 0.00  1.00  0.00  1.00  0.00  0.00  0.00  1.00  0.00  0.00  1.00  0.00 ]
[ 0.00  0.00  0.00  1.00  1.00  1.00  1.00  1.00  1.00  1.00  0.00  1.00 ]
[ 0.00  0.00  0.00  1.00  1.00  0.00  1.00  1.00  0.00  0.00  0.00  0.00 ]
[ 0.00  1.00  0.00  1.00  1.00  1.00  1.00  1.00  1.00  1.00  1.00  1.00 ]
[ 0.00  0.00  0.00  0.00  1.00  0.00  0.00  0.00  0.00  0.00  0.00  0.00 ]
[ 0.00  0.00  1.00  1.00  1.00  1.00  1.00  0.00  1.00  1.00  1.00  1.00 ]
[ 0.00  0.00  0.00  0.00  1.00  0.00  1.00  0.00  1.00  0.00  0.00  1.00 ]
[ 1.00  1.00  1.00  1.00  1.00  0.00  1.00  0.00  0.00  1.00  0.00  1.00 ]
[ 1.00  0.00  0.00  0.00  1.00  0.00  0.00  0.00  0.00  0.00  1.00  0.00 ]
[ 1.00  1.00  0.00  1.00  1.00  0.00  1.00  1.00  1.00  1.00  1.00  0.00 ]
[ 0.00  1.00  0.00  0.00  0.00  0.00  1.00  1.00  1.00  0.00  1.00  0.00 ]
[ 1.00  1.00  0.00  1.00  1.00  0.00  1.00  0.00  1.00  1.00  0.00  1.00 ]
[ 0.00  0.00  1.00  1.00  1.00  1.00  1.00  1.00  0.00  0.00  1.00  0.00 ]
[ 1.00  1.00  1.00  0.00  1.00  1.00  1.00  0.00  1.00  0.00  1.00  1.00 ]
[ 1.00  1.00  0.00  1.00  1.00  1.00  1.00  1.00  1.00  0.00  0.00  0.00 ]
[ 1.00  1.00  1.00  0.00  1.00  0.00  1.00  0.00  1.00  0.00  1.00  1.00 ]
[ 1.00  0.00  0.00  1.00  0.00  0.00  0.00  0.00  0.00  0.00  1.00  0.00 ]
[ 1.00  1.00  1.00  0.00  1.00  0.00  0.00  0.00  1.00  1.00  1.00  1.00 ]
[ 1.00  1.00  1.00  1.00  1.00  1.00  1.00  1.00  1.00  1.00  1.00  1.00 ]
[ 0.00  1.00  1.00  1.00  1.00  1.00  1.00  1.00  1.00  1.00  1.00  1.00 ]
[ 0.00  0.00  0.00  0.00  1.00  0.00  1.00  1.00  1.00  1.00  0.00  0.00 ]
[ 1.00  1.00  0.00  1.00  1.00  1.00  1.00  1.00  1.00  1.00  0.00  0.00 ]
[ 0.00  1.00  0.00  1.00  1.00  0.00  1.00  0.00  0.00  0.00  1.00  0.00 ]
[ 1.00  1.00  1.00  1.00  1.00  1.00  1.00  1.00  1.00  0.00  1.00  0.00 ]
[ 1.00  1.00  1.00  0.00  1.00  0.00  0.00  1.00  0.00  1.00  1.00  0.00 ]
[ 0.00  1.00  1.00  1.00  1.00  1.00  1.00  1.00  1.00  1.00  1.00  1.00 ]
[ 1.00  0.00  0.00  0.00  1.00  0.00  1.00  0.00  1.00  0.00  1.00  0.00 ]
[ 1.00  1.00  1.00  1.00  1.00  1.00  1.00  0.00  0.00  1.00  1.00  1.00 ]
[ 0.00  0.00  0.00  1.00  0.00  0.00  0.00  0.00  0.00  0.00  0.00  0.00 ]
[ 0.00  1.00  1.00  1.00  1.00  1.00  1.00  0.00  0.00  1.00  1.00  1.00 ]
[ 0.00  0.00  1.00  1.00  0.00  0.00  0.00  0.00  1.00  1.00  0.00  1.00 ]
[ 0.00  1.00  1.00  1.00  1.00  1.00  0.00  0.00  1.00  1.00  0.00  1.00 ]
[ 0.00  1.00  0.00  0.00  0.00  0.00  1.00  0.00  1.00  0.00  0.00  0.00 ]
[ 1.00  1.00  1.00  1.00  0.00  1.00  1.00  0.00  0.00  1.00  0.00  1.00 ]
[ 1.00  1.00  1.00  0.00  0.00  1.00  1.00  0.00  0.00  1.00  0.00  0.00 ]
[ 1.00  1.00  0.00  1.00  1.00  1.00  1.00  1.00  0.00  1.00  0.00  0.00 ]
[ 1.00  1.00  1.00  1.00  1.00  1.00  1.00  1.00  1.00  1.00  1.00  1.00 ]
[ 1.00  1.00  1.00  1.00  1.00  0.00  1.00  0.00  1.00  1.00  1.00  1.00 ]
[ 1.00  1.00  1.00  1.00  0.00  0.00  1.00  1.00  1.00  1.00  0.00  1.00 ]
[ 0.00  1.00  1.00  1.00  1.00  1.00  1.00  1.00  1.00  1.00  1.00  1.00 ]
[ 1.00  1.00  0.00  0.00  1.00  0.00  0.00  1.00  0.00  1.00  1.00  1.00 ]
[ 1.00  1.00  1.00  1.00  1.00  1.00  0.00  1.00  1.00  1.00  1.00  1.00 ]
[ 1.00  0.00  0.00  0.00  0.00  1.00  1.00  1.00  1.00  0.00  1.00  1.00 ]
[ 1.00  1.00  1.00  1.00  1.00  1.00  1.00  1.00  1.00  0.00  1.00  0.00 ]
[ 1.00  1.00  1.00  1.00  1.00  0.00  0.00  1.00  1.00  0.00  1.00  1.00 ]
[ 1.00  1.00  0.00  1.00  1.00  1.00  1.00  1.00  1.00  0.00  1.00  1.00 ]
[ 1.00  0.00  1.00  0.00  0.00  1.00  1.00  1.00  1.00  1.00  0.00  1.00 ]
[ 1.00  1.00  1.00  0.00  1.00  0.00  1.00  0.00  1.00  1.00  0.00  1.00 ]
[ 0.00  0.00  0.00  1.00  1.00  1.00  1.00  0.00  1.00  0.00  0.00  0.00 ]
[ 1.00  1.00  1.00  1.00  0.00  1.00  1.00  1.00  1.00  0.00  1.00  1.00 ]
[ 1.00  1.00  1.00  1.00  0.00  1.00  1.00  1.00  1.00  1.00  0.00  1.00 ]
[ 1.00  1.00  0.00  1.00  1.00  0.00  1.00  1.00  0.00  0.00  0.00  1.00 ]
[ 1.00  0.00  0.00  1.00  1.00  1.00  1.00  1.00  1.00  0.00  1.00  0.00 ]
[ 1.00  1.00  1.00  1.00  1.00  0.00  1.00  1.00  1.00  1.00  1.00  1.00 ]

01/29 09:37:52 PM | ResNet(
  (conv1): Conv2d(3, 16, kernel_size=(3, 3), stride=(1, 1), padding=(1, 1), bias=False)
  (bn1): BatchNorm2d(16, eps=1e-05, momentum=0.1, affine=True, track_running_stats=True)
  (relu): ReLU(inplace=True)
  (layer1): Sequential(
    (0): BasicBlock(
      (conv1): Conv2d(16, 6, kernel_size=(3, 3), stride=(1, 1), padding=(1, 1), bias=False)
      (bn1): BatchNorm2d(6, eps=1e-05, momentum=0.1, affine=True, track_running_stats=True)
      (relu1): ReLU(inplace=True)
      (conv2): Conv2d(6, 10, kernel_size=(3, 3), stride=(1, 1), padding=(1, 1), bias=False)
      (bn2): BatchNorm2d(10, eps=1e-05, momentum=0.1, affine=True, track_running_stats=True)
      (relu2): ReLU(inplace=True)
      (shortcut): Sequential()
    )
    (1): BasicBlock(
      (conv1): Conv2d(16, 7, kernel_size=(3, 3), stride=(1, 1), padding=(1, 1), bias=False)
      (bn1): BatchNorm2d(7, eps=1e-05, momentum=0.1, affine=True, track_running_stats=True)
      (relu1): ReLU(inplace=True)
      (conv2): Conv2d(7, 14, kernel_size=(3, 3), stride=(1, 1), padding=(1, 1), bias=False)
      (bn2): BatchNorm2d(14, eps=1e-05, momentum=0.1, affine=True, track_running_stats=True)
      (relu2): ReLU(inplace=True)
      (shortcut): Sequential()
    )
    (2): BasicBlock(
      (conv1): Conv2d(16, 2, kernel_size=(3, 3), stride=(1, 1), padding=(1, 1), bias=False)
      (bn1): BatchNorm2d(2, eps=1e-05, momentum=0.1, affine=True, track_running_stats=True)
      (relu1): ReLU(inplace=True)
      (conv2): Conv2d(2, 13, kernel_size=(3, 3), stride=(1, 1), padding=(1, 1), bias=False)
      (bn2): BatchNorm2d(13, eps=1e-05, momentum=0.1, affine=True, track_running_stats=True)
      (relu2): ReLU(inplace=True)
      (shortcut): Sequential()
    )
    (3): BasicBlock(
      (conv1): Conv2d(16, 4, kernel_size=(3, 3), stride=(1, 1), padding=(1, 1), bias=False)
      (bn1): BatchNorm2d(4, eps=1e-05, momentum=0.1, affine=True, track_running_stats=True)
      (relu1): ReLU(inplace=True)
      (conv2): Conv2d(4, 11, kernel_size=(3, 3), stride=(1, 1), padding=(1, 1), bias=False)
      (bn2): BatchNorm2d(11, eps=1e-05, momentum=0.1, affine=True, track_running_stats=True)
      (relu2): ReLU(inplace=True)
      (shortcut): Sequential()
    )
    (4): BasicBlock(
      (conv1): Conv2d(16, 4, kernel_size=(3, 3), stride=(1, 1), padding=(1, 1), bias=False)
      (bn1): BatchNorm2d(4, eps=1e-05, momentum=0.1, affine=True, track_running_stats=True)
      (relu1): ReLU(inplace=True)
      (conv2): Conv2d(4, 12, kernel_size=(3, 3), stride=(1, 1), padding=(1, 1), bias=False)
      (bn2): BatchNorm2d(12, eps=1e-05, momentum=0.1, affine=True, track_running_stats=True)
      (relu2): ReLU(inplace=True)
      (shortcut): Sequential()
    )
    (5): BasicBlock(
      (conv1): Conv2d(16, 5, kernel_size=(3, 3), stride=(1, 1), padding=(1, 1), bias=False)
      (bn1): BatchNorm2d(5, eps=1e-05, momentum=0.1, affine=True, track_running_stats=True)
      (relu1): ReLU(inplace=True)
      (conv2): Conv2d(5, 12, kernel_size=(3, 3), stride=(1, 1), padding=(1, 1), bias=False)
      (bn2): BatchNorm2d(12, eps=1e-05, momentum=0.1, affine=True, track_running_stats=True)
      (relu2): ReLU(inplace=True)
      (shortcut): Sequential()
    )
    (6): BasicBlock(
      (conv1): Conv2d(16, 10, kernel_size=(3, 3), stride=(1, 1), padding=(1, 1), bias=False)
      (bn1): BatchNorm2d(10, eps=1e-05, momentum=0.1, affine=True, track_running_stats=True)
      (relu1): ReLU(inplace=True)
      (conv2): Conv2d(10, 12, kernel_size=(3, 3), stride=(1, 1), padding=(1, 1), bias=False)
      (bn2): BatchNorm2d(12, eps=1e-05, momentum=0.1, affine=True, track_running_stats=True)
      (relu2): ReLU(inplace=True)
      (shortcut): Sequential()
    )
    (7): BasicBlock(
      (conv1): Conv2d(16, 9, kernel_size=(3, 3), stride=(1, 1), padding=(1, 1), bias=False)
      (bn1): BatchNorm2d(9, eps=1e-05, momentum=0.1, affine=True, track_running_stats=True)
      (relu1): ReLU(inplace=True)
      (conv2): Conv2d(9, 12, kernel_size=(3, 3), stride=(1, 1), padding=(1, 1), bias=False)
      (bn2): BatchNorm2d(12, eps=1e-05, momentum=0.1, affine=True, track_running_stats=True)
      (relu2): ReLU(inplace=True)
      (shortcut): Sequential()
    )
    (8): BasicBlock(
      (conv1): Conv2d(16, 4, kernel_size=(3, 3), stride=(1, 1), padding=(1, 1), bias=False)
      (bn1): BatchNorm2d(4, eps=1e-05, momentum=0.1, affine=True, track_running_stats=True)
      (relu1): ReLU(inplace=True)
      (conv2): Conv2d(4, 11, kernel_size=(3, 3), stride=(1, 1), padding=(1, 1), bias=False)
      (bn2): BatchNorm2d(11, eps=1e-05, momentum=0.1, affine=True, track_running_stats=True)
      (relu2): ReLU(inplace=True)
      (shortcut): Sequential()
    )
  )
  (layer2): Sequential(
    (0): BasicBlock(
      (conv1): Conv2d(16, 30, kernel_size=(3, 3), stride=(2, 2), padding=(1, 1), bias=False)
      (bn1): BatchNorm2d(30, eps=1e-05, momentum=0.1, affine=True, track_running_stats=True)
      (relu1): ReLU(inplace=True)
      (conv2): Conv2d(30, 31, kernel_size=(3, 3), stride=(1, 1), padding=(1, 1), bias=False)
      (bn2): BatchNorm2d(31, eps=1e-05, momentum=0.1, affine=True, track_running_stats=True)
      (relu2): ReLU(inplace=True)
      (shortcut): LambdaLayer()
    )
    (1): BasicBlock(
      (conv1): Conv2d(32, 10, kernel_size=(3, 3), stride=(1, 1), padding=(1, 1), bias=False)
      (bn1): BatchNorm2d(10, eps=1e-05, momentum=0.1, affine=True, track_running_stats=True)
      (relu1): ReLU(inplace=True)
      (conv2): Conv2d(10, 20, kernel_size=(3, 3), stride=(1, 1), padding=(1, 1), bias=False)
      (bn2): BatchNorm2d(20, eps=1e-05, momentum=0.1, affine=True, track_running_stats=True)
      (relu2): ReLU(inplace=True)
      (shortcut): Sequential()
    )
    (2): BasicBlock(
      (conv1): Conv2d(32, 12, kernel_size=(3, 3), stride=(1, 1), padding=(1, 1), bias=False)
      (bn1): BatchNorm2d(12, eps=1e-05, momentum=0.1, affine=True, track_running_stats=True)
      (relu1): ReLU(inplace=True)
      (conv2): Conv2d(12, 22, kernel_size=(3, 3), stride=(1, 1), padding=(1, 1), bias=False)
      (bn2): BatchNorm2d(22, eps=1e-05, momentum=0.1, affine=True, track_running_stats=True)
      (relu2): ReLU(inplace=True)
      (shortcut): Sequential()
    )
    (3): BasicBlock(
      (conv1): Conv2d(32, 19, kernel_size=(3, 3), stride=(1, 1), padding=(1, 1), bias=False)
      (bn1): BatchNorm2d(19, eps=1e-05, momentum=0.1, affine=True, track_running_stats=True)
      (relu1): ReLU(inplace=True)
      (conv2): Conv2d(19, 24, kernel_size=(3, 3), stride=(1, 1), padding=(1, 1), bias=False)
      (bn2): BatchNorm2d(24, eps=1e-05, momentum=0.1, affine=True, track_running_stats=True)
      (relu2): ReLU(inplace=True)
      (shortcut): Sequential()
    )
    (4): BasicBlock(
      (conv1): Conv2d(32, 13, kernel_size=(3, 3), stride=(1, 1), padding=(1, 1), bias=False)
      (bn1): BatchNorm2d(13, eps=1e-05, momentum=0.1, affine=True, track_running_stats=True)
      (relu1): ReLU(inplace=True)
      (conv2): Conv2d(13, 21, kernel_size=(3, 3), stride=(1, 1), padding=(1, 1), bias=False)
      (bn2): BatchNorm2d(21, eps=1e-05, momentum=0.1, affine=True, track_running_stats=True)
      (relu2): ReLU(inplace=True)
      (shortcut): Sequential()
    )
    (5): BasicBlock(
      (conv1): Conv2d(32, 11, kernel_size=(3, 3), stride=(1, 1), padding=(1, 1), bias=False)
      (bn1): BatchNorm2d(11, eps=1e-05, momentum=0.1, affine=True, track_running_stats=True)
      (relu1): ReLU(inplace=True)
      (conv2): Conv2d(11, 22, kernel_size=(3, 3), stride=(1, 1), padding=(1, 1), bias=False)
      (bn2): BatchNorm2d(22, eps=1e-05, momentum=0.1, affine=True, track_running_stats=True)
      (relu2): ReLU(inplace=True)
      (shortcut): Sequential()
    )
    (6): BasicBlock(
      (conv1): Conv2d(32, 11, kernel_size=(3, 3), stride=(1, 1), padding=(1, 1), bias=False)
      (bn1): BatchNorm2d(11, eps=1e-05, momentum=0.1, affine=True, track_running_stats=True)
      (relu1): ReLU(inplace=True)
      (conv2): Conv2d(11, 23, kernel_size=(3, 3), stride=(1, 1), padding=(1, 1), bias=False)
      (bn2): BatchNorm2d(23, eps=1e-05, momentum=0.1, affine=True, track_running_stats=True)
      (relu2): ReLU(inplace=True)
      (shortcut): Sequential()
    )
    (7): BasicBlock(
      (conv1): Conv2d(32, 11, kernel_size=(3, 3), stride=(1, 1), padding=(1, 1), bias=False)
      (bn1): BatchNorm2d(11, eps=1e-05, momentum=0.1, affine=True, track_running_stats=True)
      (relu1): ReLU(inplace=True)
      (conv2): Conv2d(11, 17, kernel_size=(3, 3), stride=(1, 1), padding=(1, 1), bias=False)
      (bn2): BatchNorm2d(17, eps=1e-05, momentum=0.1, affine=True, track_running_stats=True)
      (relu2): ReLU(inplace=True)
      (shortcut): Sequential()
    )
    (8): BasicBlock(
      (conv1): Conv2d(32, 16, kernel_size=(3, 3), stride=(1, 1), padding=(1, 1), bias=False)
      (bn1): BatchNorm2d(16, eps=1e-05, momentum=0.1, affine=True, track_running_stats=True)
      (relu1): ReLU(inplace=True)
      (conv2): Conv2d(16, 26, kernel_size=(3, 3), stride=(1, 1), padding=(1, 1), bias=False)
      (bn2): BatchNorm2d(26, eps=1e-05, momentum=0.1, affine=True, track_running_stats=True)
      (relu2): ReLU(inplace=True)
      (shortcut): Sequential()
    )
  )
  (layer3): Sequential(
    (0): BasicBlock(
      (conv1): Conv2d(32, 58, kernel_size=(3, 3), stride=(2, 2), padding=(1, 1), bias=False)
      (bn1): BatchNorm2d(58, eps=1e-05, momentum=0.1, affine=True, track_running_stats=True)
      (relu1): ReLU(inplace=True)
      (conv2): Conv2d(58, 60, kernel_size=(3, 3), stride=(1, 1), padding=(1, 1), bias=False)
      (bn2): BatchNorm2d(60, eps=1e-05, momentum=0.1, affine=True, track_running_stats=True)
      (relu2): ReLU(inplace=True)
      (shortcut): LambdaLayer()
    )
    (1): BasicBlock(
      (conv1): Conv2d(64, 40, kernel_size=(3, 3), stride=(1, 1), padding=(1, 1), bias=False)
      (bn1): BatchNorm2d(40, eps=1e-05, momentum=0.1, affine=True, track_running_stats=True)
      (relu1): ReLU(inplace=True)
      (conv2): Conv2d(40, 57, kernel_size=(3, 3), stride=(1, 1), padding=(1, 1), bias=False)
      (bn2): BatchNorm2d(57, eps=1e-05, momentum=0.1, affine=True, track_running_stats=True)
      (relu2): ReLU(inplace=True)
      (shortcut): Sequential()
    )
    (2): BasicBlock(
      (conv1): Conv2d(64, 39, kernel_size=(3, 3), stride=(1, 1), padding=(1, 1), bias=False)
      (bn1): BatchNorm2d(39, eps=1e-05, momentum=0.1, affine=True, track_running_stats=True)
      (relu1): ReLU(inplace=True)
      (conv2): Conv2d(39, 51, kernel_size=(3, 3), stride=(1, 1), padding=(1, 1), bias=False)
      (bn2): BatchNorm2d(51, eps=1e-05, momentum=0.1, affine=True, track_running_stats=True)
      (relu2): ReLU(inplace=True)
      (shortcut): Sequential()
    )
    (3): BasicBlock(
      (conv1): Conv2d(64, 39, kernel_size=(3, 3), stride=(1, 1), padding=(1, 1), bias=False)
      (bn1): BatchNorm2d(39, eps=1e-05, momentum=0.1, affine=True, track_running_stats=True)
      (relu1): ReLU(inplace=True)
      (conv2): Conv2d(39, 47, kernel_size=(3, 3), stride=(1, 1), padding=(1, 1), bias=False)
      (bn2): BatchNorm2d(47, eps=1e-05, momentum=0.1, affine=True, track_running_stats=True)
      (relu2): ReLU(inplace=True)
      (shortcut): Sequential()
    )
    (4): BasicBlock(
      (conv1): Conv2d(64, 48, kernel_size=(3, 3), stride=(1, 1), padding=(1, 1), bias=False)
      (bn1): BatchNorm2d(48, eps=1e-05, momentum=0.1, affine=True, track_running_stats=True)
      (relu1): ReLU(inplace=True)
      (conv2): Conv2d(48, 54, kernel_size=(3, 3), stride=(1, 1), padding=(1, 1), bias=False)
      (bn2): BatchNorm2d(54, eps=1e-05, momentum=0.1, affine=True, track_running_stats=True)
      (relu2): ReLU(inplace=True)
      (shortcut): Sequential()
    )
    (5): BasicBlock(
      (conv1): Conv2d(64, 41, kernel_size=(3, 3), stride=(1, 1), padding=(1, 1), bias=False)
      (bn1): BatchNorm2d(41, eps=1e-05, momentum=0.1, affine=True, track_running_stats=True)
      (relu1): ReLU(inplace=True)
      (conv2): Conv2d(41, 48, kernel_size=(3, 3), stride=(1, 1), padding=(1, 1), bias=False)
      (bn2): BatchNorm2d(48, eps=1e-05, momentum=0.1, affine=True, track_running_stats=True)
      (relu2): ReLU(inplace=True)
      (shortcut): Sequential()
    )
    (6): BasicBlock(
      (conv1): Conv2d(64, 39, kernel_size=(3, 3), stride=(1, 1), padding=(1, 1), bias=False)
      (bn1): BatchNorm2d(39, eps=1e-05, momentum=0.1, affine=True, track_running_stats=True)
      (relu1): ReLU(inplace=True)
      (conv2): Conv2d(39, 52, kernel_size=(3, 3), stride=(1, 1), padding=(1, 1), bias=False)
      (bn2): BatchNorm2d(52, eps=1e-05, momentum=0.1, affine=True, track_running_stats=True)
      (relu2): ReLU(inplace=True)
      (shortcut): Sequential()
    )
    (7): BasicBlock(
      (conv1): Conv2d(64, 47, kernel_size=(3, 3), stride=(1, 1), padding=(1, 1), bias=False)
      (bn1): BatchNorm2d(47, eps=1e-05, momentum=0.1, affine=True, track_running_stats=True)
      (relu1): ReLU(inplace=True)
      (conv2): Conv2d(47, 44, kernel_size=(3, 3), stride=(1, 1), padding=(1, 1), bias=False)
      (bn2): BatchNorm2d(44, eps=1e-05, momentum=0.1, affine=True, track_running_stats=True)
      (relu2): ReLU(inplace=True)
      (shortcut): Sequential()
    )
    (8): BasicBlock(
      (conv1): Conv2d(64, 50, kernel_size=(3, 3), stride=(1, 1), padding=(1, 1), bias=False)
      (bn1): BatchNorm2d(50, eps=1e-05, momentum=0.1, affine=True, track_running_stats=True)
      (relu1): ReLU(inplace=True)
      (conv2): Conv2d(50, 45, kernel_size=(3, 3), stride=(1, 1), padding=(1, 1), bias=False)
      (bn2): BatchNorm2d(45, eps=1e-05, momentum=0.1, affine=True, track_running_stats=True)
      (relu2): ReLU(inplace=True)
      (shortcut): Sequential()
    )
  )
  (avgpool): AdaptiveAvgPool2d(output_size=(1, 1))
  (linear): Linear(in_features=64, out_features=10, bias=True)
)
01/29 09:37:59 PM | ----------------------------------------
01/29 09:37:59 PM | Performances input model:
01/29 09:37:59 PM |  - flops: 126,554,816
01/29 09:37:59 PM |  - params: 853,018
01/29 09:37:59 PM |  - accuracy: 93.2699966430664
01/29 09:37:59 PM | ----------------------------------------
01/29 09:37:59 PM | Performances pseudo-pruned model:
01/29 09:37:59 PM |  - flops: 126,554,816
01/29 09:37:59 PM |  - params: 853,018
01/29 09:37:59 PM |  - accuracy: 16.899999618530273
01/29 09:37:59 PM | ----------------------------------------
01/29 09:37:59 PM | Performances pruned model:
01/29 09:37:59 PM |  - flops: 55,846,208
01/29 09:37:59 PM |  - params: 478,279
01/29 09:37:59 PM |  - accuracy: 16.899999618530273
01/29 09:37:59 PM | ----------------------------------------
01/29 09:37:59 PM | Total time: 30.18s
