01/29 03:49:01 AM | args = Namespace(output_dir='result/rebuttal/nb_epoch/vgg/nbbtchs300/seed_02', loaded_model_path='./checkpoints/cifar10/vgg_16_bn.pt', resume=False, test_only=False, mode='prune', batch_size=64, nb_batches=300, Mflops_target=None, lr=0.6, momentum=0.9, beta=6, gamma=0.4, gpu='0', num_workers=4, dataset='cifar10', arch='vgg_16_bn', save_plot=False, seed=2, lr_finetuning=0.02, epoch_finetuning=200, wd=0.002, data_dir='./data/cifar10/', print_freq=200, num_classes=10, device_ids=[0], device=device(type='cuda', index=0), name_base='')
01/29 03:49:06 AM | ----------------------------------------
01/29 03:49:06 AM | ==> Building model...
01/29 03:49:07 AM | ----------------------------------------
01/29 03:49:07 AM | ==> Loading weights into the model...
01/29 03:49:07 AM | ----------------------------------------
01/29 03:49:07 AM | VGG(
  (features): Sequential(
    (conv0): Conv2d(3, 64, kernel_size=(3, 3), stride=(1, 1), padding=(1, 1))
    (norm0): BatchNorm2d(64, eps=1e-05, momentum=0.1, affine=True, track_running_stats=True)
    (relu0): ReLU(inplace=True)
    (conv1): Conv2d(64, 64, kernel_size=(3, 3), stride=(1, 1), padding=(1, 1))
    (norm1): BatchNorm2d(64, eps=1e-05, momentum=0.1, affine=True, track_running_stats=True)
    (relu1): ReLU(inplace=True)
    (pool2): MaxPool2d(kernel_size=2, stride=2, padding=0, dilation=1, ceil_mode=False)
    (conv3): Conv2d(64, 128, kernel_size=(3, 3), stride=(1, 1), padding=(1, 1))
    (norm3): BatchNorm2d(128, eps=1e-05, momentum=0.1, affine=True, track_running_stats=True)
    (relu3): ReLU(inplace=True)
    (conv4): Conv2d(128, 128, kernel_size=(3, 3), stride=(1, 1), padding=(1, 1))
    (norm4): BatchNorm2d(128, eps=1e-05, momentum=0.1, affine=True, track_running_stats=True)
    (relu4): ReLU(inplace=True)
    (pool5): MaxPool2d(kernel_size=2, stride=2, padding=0, dilation=1, ceil_mode=False)
    (conv6): Conv2d(128, 256, kernel_size=(3, 3), stride=(1, 1), padding=(1, 1))
    (norm6): BatchNorm2d(256, eps=1e-05, momentum=0.1, affine=True, track_running_stats=True)
    (relu6): ReLU(inplace=True)
    (conv7): Conv2d(256, 256, kernel_size=(3, 3), stride=(1, 1), padding=(1, 1))
    (norm7): BatchNorm2d(256, eps=1e-05, momentum=0.1, affine=True, track_running_stats=True)
    (relu7): ReLU(inplace=True)
    (conv8): Conv2d(256, 256, kernel_size=(3, 3), stride=(1, 1), padding=(1, 1))
    (norm8): BatchNorm2d(256, eps=1e-05, momentum=0.1, affine=True, track_running_stats=True)
    (relu8): ReLU(inplace=True)
    (pool9): MaxPool2d(kernel_size=2, stride=2, padding=0, dilation=1, ceil_mode=False)
    (conv10): Conv2d(256, 512, kernel_size=(3, 3), stride=(1, 1), padding=(1, 1))
    (norm10): BatchNorm2d(512, eps=1e-05, momentum=0.1, affine=True, track_running_stats=True)
    (relu10): ReLU(inplace=True)
    (conv11): Conv2d(512, 512, kernel_size=(3, 3), stride=(1, 1), padding=(1, 1))
    (norm11): BatchNorm2d(512, eps=1e-05, momentum=0.1, affine=True, track_running_stats=True)
    (relu11): ReLU(inplace=True)
    (conv12): Conv2d(512, 512, kernel_size=(3, 3), stride=(1, 1), padding=(1, 1))
    (norm12): BatchNorm2d(512, eps=1e-05, momentum=0.1, affine=True, track_running_stats=True)
    (relu12): ReLU(inplace=True)
    (pool13): MaxPool2d(kernel_size=2, stride=2, padding=0, dilation=1, ceil_mode=False)
    (conv14): Conv2d(512, 512, kernel_size=(3, 3), stride=(1, 1), padding=(1, 1))
    (norm14): BatchNorm2d(512, eps=1e-05, momentum=0.1, affine=True, track_running_stats=True)
    (relu14): ReLU(inplace=True)
    (conv15): Conv2d(512, 512, kernel_size=(3, 3), stride=(1, 1), padding=(1, 1))
    (norm15): BatchNorm2d(512, eps=1e-05, momentum=0.1, affine=True, track_running_stats=True)
    (relu15): ReLU(inplace=True)
    (conv16): Conv2d(512, 512, kernel_size=(3, 3), stride=(1, 1), padding=(1, 1))
    (norm16): BatchNorm2d(512, eps=1e-05, momentum=0.1, affine=True, track_running_stats=True)
    (relu16): ReLU(inplace=True)
  )
  (classifier): Sequential(
    (linear1): Linear(in_features=512, out_features=512, bias=True)
    (norm1): BatchNorm1d(512, eps=1e-05, momentum=0.1, affine=True, track_running_stats=True)
    (relu1): ReLU(inplace=True)
    (linear2): Linear(in_features=512, out_features=10, bias=True)
  )
)
01/29 03:49:08 AM | Save modules info...
01/29 03:49:08 AM | FLOPS pruning ratio is 0.65
01/29 03:49:08 AM | Pruning with information flow
01/29 03:49:08 AM | -----
01/29 03:49:08 AM | module: Conv2d(3, 64, kernel_size=(3, 3), stride=(1, 1), padding=(1, 1))
01/29 03:49:08 AM | cin: None
01/29 03:49:08 AM | cout: [0]
01/29 03:49:08 AM | inactive
01/29 03:49:08 AM | -----
01/29 03:49:08 AM | module: BatchNorm2d(64, eps=1e-05, momentum=0.1, affine=True, track_running_stats=True)
01/29 03:49:08 AM | cin: [0]
01/29 03:49:08 AM | cout: [0]
01/29 03:49:08 AM | inactive
01/29 03:49:08 AM | -----
01/29 03:49:08 AM | module: ReLU(inplace=True)
01/29 03:49:08 AM | cin: [0]
01/29 03:49:08 AM | cout: [0]
01/29 03:49:08 AM | active
01/29 03:49:08 AM | -----
01/29 03:49:08 AM | module: Conv2d(64, 64, kernel_size=(3, 3), stride=(1, 1), padding=(1, 1))
01/29 03:49:08 AM | cin: [0]
01/29 03:49:08 AM | cout: [1]
01/29 03:49:08 AM | inactive
01/29 03:49:08 AM | -----
01/29 03:49:08 AM | module: BatchNorm2d(64, eps=1e-05, momentum=0.1, affine=True, track_running_stats=True)
01/29 03:49:08 AM | cin: [1]
01/29 03:49:08 AM | cout: [1]
01/29 03:49:08 AM | inactive
01/29 03:49:08 AM | -----
01/29 03:49:08 AM | module: ReLU(inplace=True)
01/29 03:49:08 AM | cin: [1]
01/29 03:49:08 AM | cout: [1]
01/29 03:49:08 AM | active
01/29 03:49:08 AM | -----
01/29 03:49:08 AM | module: MaxPool2d(kernel_size=2, stride=2, padding=0, dilation=1, ceil_mode=False)
01/29 03:49:08 AM | cin: [1]
01/29 03:49:08 AM | cout: [1]
01/29 03:49:08 AM | inactive
01/29 03:49:08 AM | -----
01/29 03:49:08 AM | module: Conv2d(64, 128, kernel_size=(3, 3), stride=(1, 1), padding=(1, 1))
01/29 03:49:08 AM | cin: [1]
01/29 03:49:08 AM | cout: [2]
01/29 03:49:08 AM | inactive
01/29 03:49:08 AM | -----
01/29 03:49:08 AM | module: BatchNorm2d(128, eps=1e-05, momentum=0.1, affine=True, track_running_stats=True)
01/29 03:49:08 AM | cin: [2]
01/29 03:49:08 AM | cout: [2]
01/29 03:49:08 AM | inactive
01/29 03:49:08 AM | -----
01/29 03:49:08 AM | module: ReLU(inplace=True)
01/29 03:49:08 AM | cin: [2]
01/29 03:49:08 AM | cout: [2]
01/29 03:49:08 AM | active
01/29 03:49:08 AM | -----
01/29 03:49:08 AM | module: Conv2d(128, 128, kernel_size=(3, 3), stride=(1, 1), padding=(1, 1))
01/29 03:49:08 AM | cin: [2]
01/29 03:49:08 AM | cout: [3]
01/29 03:49:08 AM | inactive
01/29 03:49:08 AM | -----
01/29 03:49:08 AM | module: BatchNorm2d(128, eps=1e-05, momentum=0.1, affine=True, track_running_stats=True)
01/29 03:49:08 AM | cin: [3]
01/29 03:49:08 AM | cout: [3]
01/29 03:49:08 AM | inactive
01/29 03:49:08 AM | -----
01/29 03:49:08 AM | module: ReLU(inplace=True)
01/29 03:49:08 AM | cin: [3]
01/29 03:49:08 AM | cout: [3]
01/29 03:49:08 AM | active
01/29 03:49:08 AM | -----
01/29 03:49:08 AM | module: MaxPool2d(kernel_size=2, stride=2, padding=0, dilation=1, ceil_mode=False)
01/29 03:49:08 AM | cin: [3]
01/29 03:49:08 AM | cout: [3]
01/29 03:49:08 AM | inactive
01/29 03:49:08 AM | -----
01/29 03:49:08 AM | module: Conv2d(128, 256, kernel_size=(3, 3), stride=(1, 1), padding=(1, 1))
01/29 03:49:08 AM | cin: [3]
01/29 03:49:08 AM | cout: [4]
01/29 03:49:08 AM | inactive
01/29 03:49:08 AM | -----
01/29 03:49:08 AM | module: BatchNorm2d(256, eps=1e-05, momentum=0.1, affine=True, track_running_stats=True)
01/29 03:49:08 AM | cin: [4]
01/29 03:49:08 AM | cout: [4]
01/29 03:49:08 AM | inactive
01/29 03:49:08 AM | -----
01/29 03:49:08 AM | module: ReLU(inplace=True)
01/29 03:49:08 AM | cin: [4]
01/29 03:49:08 AM | cout: [4]
01/29 03:49:08 AM | active
01/29 03:49:08 AM | -----
01/29 03:49:08 AM | module: Conv2d(256, 256, kernel_size=(3, 3), stride=(1, 1), padding=(1, 1))
01/29 03:49:08 AM | cin: [4]
01/29 03:49:08 AM | cout: [5]
01/29 03:49:08 AM | inactive
01/29 03:49:08 AM | -----
01/29 03:49:08 AM | module: BatchNorm2d(256, eps=1e-05, momentum=0.1, affine=True, track_running_stats=True)
01/29 03:49:08 AM | cin: [5]
01/29 03:49:08 AM | cout: [5]
01/29 03:49:08 AM | inactive
01/29 03:49:08 AM | -----
01/29 03:49:08 AM | module: ReLU(inplace=True)
01/29 03:49:08 AM | cin: [5]
01/29 03:49:08 AM | cout: [5]
01/29 03:49:08 AM | active
01/29 03:49:08 AM | -----
01/29 03:49:08 AM | module: Conv2d(256, 256, kernel_size=(3, 3), stride=(1, 1), padding=(1, 1))
01/29 03:49:08 AM | cin: [5]
01/29 03:49:08 AM | cout: [6]
01/29 03:49:08 AM | inactive
01/29 03:49:08 AM | -----
01/29 03:49:08 AM | module: BatchNorm2d(256, eps=1e-05, momentum=0.1, affine=True, track_running_stats=True)
01/29 03:49:08 AM | cin: [6]
01/29 03:49:08 AM | cout: [6]
01/29 03:49:08 AM | inactive
01/29 03:49:08 AM | -----
01/29 03:49:08 AM | module: ReLU(inplace=True)
01/29 03:49:08 AM | cin: [6]
01/29 03:49:08 AM | cout: [6]
01/29 03:49:08 AM | active
01/29 03:49:08 AM | -----
01/29 03:49:08 AM | module: MaxPool2d(kernel_size=2, stride=2, padding=0, dilation=1, ceil_mode=False)
01/29 03:49:08 AM | cin: [6]
01/29 03:49:08 AM | cout: [6]
01/29 03:49:08 AM | inactive
01/29 03:49:08 AM | -----
01/29 03:49:08 AM | module: Conv2d(256, 512, kernel_size=(3, 3), stride=(1, 1), padding=(1, 1))
01/29 03:49:08 AM | cin: [6]
01/29 03:49:08 AM | cout: [7]
01/29 03:49:08 AM | inactive
01/29 03:49:08 AM | -----
01/29 03:49:08 AM | module: BatchNorm2d(512, eps=1e-05, momentum=0.1, affine=True, track_running_stats=True)
01/29 03:49:08 AM | cin: [7]
01/29 03:49:08 AM | cout: [7]
01/29 03:49:08 AM | inactive
01/29 03:49:08 AM | -----
01/29 03:49:08 AM | module: ReLU(inplace=True)
01/29 03:49:08 AM | cin: [7]
01/29 03:49:08 AM | cout: [7]
01/29 03:49:08 AM | active
01/29 03:49:08 AM | -----
01/29 03:49:08 AM | module: Conv2d(512, 512, kernel_size=(3, 3), stride=(1, 1), padding=(1, 1))
01/29 03:49:08 AM | cin: [7]
01/29 03:49:08 AM | cout: [8]
01/29 03:49:08 AM | inactive
01/29 03:49:08 AM | -----
01/29 03:49:08 AM | module: BatchNorm2d(512, eps=1e-05, momentum=0.1, affine=True, track_running_stats=True)
01/29 03:49:08 AM | cin: [8]
01/29 03:49:08 AM | cout: [8]
01/29 03:49:08 AM | inactive
01/29 03:49:08 AM | -----
01/29 03:49:08 AM | module: ReLU(inplace=True)
01/29 03:49:08 AM | cin: [8]
01/29 03:49:08 AM | cout: [8]
01/29 03:49:08 AM | active
01/29 03:49:08 AM | -----
01/29 03:49:08 AM | module: Conv2d(512, 512, kernel_size=(3, 3), stride=(1, 1), padding=(1, 1))
01/29 03:49:08 AM | cin: [8]
01/29 03:49:08 AM | cout: [9]
01/29 03:49:08 AM | inactive
01/29 03:49:08 AM | -----
01/29 03:49:08 AM | module: BatchNorm2d(512, eps=1e-05, momentum=0.1, affine=True, track_running_stats=True)
01/29 03:49:08 AM | cin: [9]
01/29 03:49:08 AM | cout: [9]
01/29 03:49:08 AM | inactive
01/29 03:49:08 AM | -----
01/29 03:49:08 AM | module: ReLU(inplace=True)
01/29 03:49:08 AM | cin: [9]
01/29 03:49:08 AM | cout: [9]
01/29 03:49:08 AM | active
01/29 03:49:08 AM | -----
01/29 03:49:08 AM | module: MaxPool2d(kernel_size=2, stride=2, padding=0, dilation=1, ceil_mode=False)
01/29 03:49:08 AM | cin: [9]
01/29 03:49:08 AM | cout: [9]
01/29 03:49:08 AM | inactive
01/29 03:49:08 AM | -----
01/29 03:49:08 AM | module: Conv2d(512, 512, kernel_size=(3, 3), stride=(1, 1), padding=(1, 1))
01/29 03:49:08 AM | cin: [9]
01/29 03:49:08 AM | cout: [10]
01/29 03:49:08 AM | inactive
01/29 03:49:08 AM | -----
01/29 03:49:08 AM | module: BatchNorm2d(512, eps=1e-05, momentum=0.1, affine=True, track_running_stats=True)
01/29 03:49:08 AM | cin: [10]
01/29 03:49:08 AM | cout: [10]
01/29 03:49:08 AM | inactive
01/29 03:49:08 AM | -----
01/29 03:49:08 AM | module: ReLU(inplace=True)
01/29 03:49:08 AM | cin: [10]
01/29 03:49:08 AM | cout: [10]
01/29 03:49:08 AM | active
01/29 03:49:08 AM | -----
01/29 03:49:08 AM | module: Conv2d(512, 512, kernel_size=(3, 3), stride=(1, 1), padding=(1, 1))
01/29 03:49:08 AM | cin: [10]
01/29 03:49:08 AM | cout: [11]
01/29 03:49:08 AM | inactive
01/29 03:49:08 AM | -----
01/29 03:49:08 AM | module: BatchNorm2d(512, eps=1e-05, momentum=0.1, affine=True, track_running_stats=True)
01/29 03:49:08 AM | cin: [11]
01/29 03:49:08 AM | cout: [11]
01/29 03:49:08 AM | inactive
01/29 03:49:08 AM | -----
01/29 03:49:08 AM | module: ReLU(inplace=True)
01/29 03:49:08 AM | cin: [11]
01/29 03:49:08 AM | cout: [11]
01/29 03:49:08 AM | active
01/29 03:49:08 AM | -----
01/29 03:49:08 AM | module: Conv2d(512, 512, kernel_size=(3, 3), stride=(1, 1), padding=(1, 1))
01/29 03:49:08 AM | cin: [11]
01/29 03:49:08 AM | cout: [12]
01/29 03:49:08 AM | inactive
01/29 03:49:08 AM | -----
01/29 03:49:08 AM | module: BatchNorm2d(512, eps=1e-05, momentum=0.1, affine=True, track_running_stats=True)
01/29 03:49:08 AM | cin: [12]
01/29 03:49:08 AM | cout: [12]
01/29 03:49:08 AM | inactive
01/29 03:49:08 AM | -----
01/29 03:49:08 AM | module: ReLU(inplace=True)
01/29 03:49:08 AM | cin: [12]
01/29 03:49:08 AM | cout: [12]
01/29 03:49:08 AM | active
01/29 03:49:08 AM | -----
01/29 03:49:08 AM | module: Linear(in_features=512, out_features=512, bias=True)
01/29 03:49:08 AM | cin: [12]
01/29 03:49:08 AM | cout: None
01/29 03:49:08 AM | inactive
01/29 03:49:08 AM | -----
01/29 03:49:08 AM | module: ReLU(inplace=True)
01/29 03:49:08 AM | cin: None
01/29 03:49:08 AM | cout: None
01/29 03:49:08 AM | active
01/29 03:49:08 AM | -----
01/29 03:49:08 AM | module: Linear(in_features=512, out_features=10, bias=True)
01/29 03:49:08 AM | cin: None
01/29 03:49:08 AM | cout: None
01/29 03:49:08 AM | inactive
01/29 03:49:08 AM | Used masks: [0, 1, 2, 3, 4, 5, 6, 7, 8, 9, 10, 11, 12]
01/29 03:49:08 AM | 13 unique masks in total
01/29 03:49:09 AM | === Batch 1/300
01/29 03:49:09 AM | loss = 0.166 + 4.266 + 0.040 = 4.472
01/29 03:49:09 AM | attribution_score[0:12]: 
[ 0.83  0.94  0.83  0.83  0.83  0.83  0.83  0.83  0.83  0.94  0.83  0.94 ]
[ 0.94  0.83  0.94  0.83  0.94  0.83  0.94  0.83  0.83  0.94  0.83  0.83 ]
[ 0.94  0.94  0.83  0.94  0.83  0.83  0.94  0.94  0.83  0.83  0.83  0.94 ]
[ 0.83  0.94  0.94  0.94  0.94  0.94  0.83  0.83  0.94  0.83  0.94  0.94 ]
[ 0.94  0.83  0.83  0.83  0.83  0.94  0.83  0.83  0.83  0.83  0.83  0.83 ]
[ 0.83  0.83  0.83  0.94  0.83  0.83  0.94  0.83  0.83  0.83  0.83  0.83 ]
[ 0.94  0.83  0.83  0.83  0.83  0.83  0.94  0.83  0.94  0.83  0.94  0.83 ]
[ 0.83  0.83  0.83  0.83  0.83  0.83  0.94  0.83  0.83  0.94  0.83  0.83 ]
[ 0.83  0.83  0.83  0.83  0.83  0.83  0.83  0.83  0.83  0.83  0.83  0.83 ]
[ 0.83  0.83  0.83  0.83  0.83  0.83  0.83  0.83  0.83  0.83  0.83  0.83 ]
[ 0.83  0.83  0.83  0.83  0.83  0.83  0.83  0.83  0.83  0.83  0.94  0.83 ]
[ 0.83  0.94  0.83  0.83  0.83  0.83  0.83  0.94  0.83  0.83  0.83  0.83 ]
[ 0.94  0.94  0.94  0.83  0.94  0.94  0.83  0.83  0.83  0.94  0.83  0.83 ]

01/29 03:49:09 AM | === Batch 2/300
01/29 03:49:09 AM | loss = 0.241 + 3.587 + 0.056 = 3.884
01/29 03:49:10 AM | attribution_score[0:12]: 
[ 0.88  0.97  0.73  0.75  0.73  0.74  0.75  0.73  0.73  0.93  0.73  0.96 ]
[ 0.94  0.73  0.95  0.73  0.94  0.86  0.94  0.74  0.75  0.96  0.87  0.74 ]
[ 0.96  0.96  0.73  0.96  0.76  0.88  0.94  0.95  0.73  0.73  0.84  0.95 ]
[ 0.78  0.91  0.91  0.97  0.96  0.97  0.79  0.74  0.94  0.75  0.92  0.95 ]
[ 0.96  0.88  0.75  0.73  0.81  0.96  0.73  0.73  0.87  0.75  0.78  0.75 ]
[ 0.73  0.86  0.74  0.94  0.79  0.75  0.92  0.73  0.75  0.74  0.73  0.74 ]
[ 0.94  0.74  0.80  0.82  0.73  0.73  0.94  0.87  0.96  0.85  0.97  0.77 ]
[ 0.73  0.73  0.73  0.73  0.74  0.75  0.96  0.73  0.73  0.91  0.73  0.74 ]
[ 0.74  0.73  0.73  0.73  0.76  0.73  0.73  0.73  0.81  0.73  0.73  0.85 ]
[ 0.74  0.74  0.73  0.73  0.75  0.76  0.73  0.73  0.74  0.73  0.74  0.76 ]
[ 0.73  0.88  0.81  0.74  0.73  0.73  0.84  0.86  0.73  0.77  0.97  0.88 ]
[ 0.88  0.97  0.82  0.87  0.88  0.78  0.87  0.97  0.76  0.76  0.87  0.76 ]
[ 0.96  0.97  0.97  0.86  0.96  0.96  0.85  0.88  0.88  0.95  0.75  0.75 ]

01/29 03:49:10 AM | === Batch 3/300
01/29 03:49:10 AM | loss = 0.187 + 2.847 + 0.073 = 3.107
01/29 03:49:10 AM | attribution_score[0:12]: 
[ 0.91  0.98  0.62  0.63  0.61  0.62  0.63  0.60  0.60  0.91  0.61  0.96 ]
[ 0.94  0.60  0.94  0.60  0.92  0.88  0.93  0.62  0.65  0.97  0.90  0.62 ]
[ 0.97  0.98  0.61  0.97  0.65  0.91  0.92  0.95  0.60  0.62  0.79  0.95 ]
[ 0.69  0.87  0.87  0.98  0.96  0.98  0.72  0.61  0.94  0.63  0.88  0.96 ]
[ 0.97  0.92  0.73  0.60  0.77  0.96  0.60  0.61  0.91  0.69  0.74  0.72 ]
[ 0.60  0.89  0.62  0.92  0.72  0.65  0.87  0.60  0.65  0.62  0.60  0.61 ]
[ 0.92  0.62  0.73  0.77  0.65  0.60  0.91  0.86  0.97  0.89  0.98  0.70 ]
[ 0.60  0.60  0.60  0.60  0.62  0.65  0.96  0.60  0.60  0.86  0.60  0.63 ]
[ 0.62  0.60  0.60  0.60  0.66  0.60  0.60  0.60  0.76  0.60  0.60  0.87 ]
[ 0.62  0.61  0.61  0.60  0.64  0.66  0.60  0.60  0.61  0.60  0.61  0.65 ]
[ 0.60  0.92  0.83  0.61  0.60  0.61  0.86  0.87  0.60  0.69  0.98  0.86 ]
[ 0.91  0.98  0.78  0.91  0.92  0.72  0.90  0.98  0.65  0.78  0.90  0.65 ]
[ 0.97  0.98  0.98  0.81  0.97  0.98  0.88  0.92  0.91  0.96  0.77  0.66 ]

01/29 03:49:10 AM | === Batch 4/300
01/29 03:49:10 AM | loss = 0.400 + 1.920 + 0.096 = 2.415
01/29 03:49:10 AM | attribution_score[0:12]: 
[ 0.94  0.98  0.50  0.49  0.46  0.48  0.49  0.46  0.45  0.86  0.46  0.96 ]
[ 0.93  0.46  0.92  0.45  0.90  0.89  0.92  0.49  0.53  0.96  0.93  0.48 ]
[ 0.97  0.98  0.47  0.97  0.53  0.93  0.90  0.95  0.45  0.48  0.72  0.95 ]
[ 0.57  0.80  0.81  0.98  0.97  0.98  0.73  0.47  0.94  0.58  0.82  0.97 ]
[ 0.97  0.93  0.69  0.51  0.80  0.96  0.45  0.47  0.93  0.59  0.76  0.64 ]
[ 0.46  0.90  0.47  0.90  0.61  0.51  0.83  0.47  0.53  0.48  0.46  0.55 ]
[ 0.88  0.51  0.62  0.70  0.54  0.46  0.89  0.87  0.97  0.92  0.99  0.60 ]
[ 0.45  0.47  0.47  0.46  0.49  0.53  0.96  0.45  0.46  0.79  0.47  0.52 ]
[ 0.48  0.53  0.45  0.50  0.54  0.45  0.45  0.50  0.70  0.45  0.55  0.90 ]
[ 0.50  0.47  0.46  0.45  0.51  0.54  0.45  0.45  0.47  0.45  0.52  0.54 ]
[ 0.46  0.95  0.88  0.51  0.50  0.48  0.90  0.88  0.65  0.74  0.99  0.82 ]
[ 0.93  0.99  0.78  0.95  0.95  0.74  0.93  0.99  0.58  0.81  0.93  0.52 ]
[ 0.98  0.99  0.99  0.74  0.98  0.99  0.92  0.95  0.94  0.96  0.76  0.54 ]

01/29 03:49:11 AM | === Batch 5/300
01/29 03:49:11 AM | loss = 0.815 + 1.067 + 0.111 = 1.993
01/29 03:49:11 AM | attribution_score[0:12]: 
[ 0.96  0.98  0.37  0.35  0.32  0.34  0.35  0.32  0.31  0.80  0.33  0.97 ]
[ 0.93  0.32  0.93  0.31  0.85  0.90  0.93  0.36  0.48  0.96  0.93  0.37 ]
[ 0.97  0.98  0.33  0.98  0.39  0.95  0.85  0.95  0.32  0.34  0.62  0.95 ]
[ 0.43  0.79  0.72  0.99  0.96  0.99  0.67  0.44  0.93  0.60  0.84  0.97 ]
[ 0.98  0.95  0.61  0.42  0.81  0.96  0.32  0.34  0.94  0.47  0.74  0.54 ]
[ 0.38  0.90  0.34  0.85  0.49  0.39  0.79  0.34  0.43  0.40  0.32  0.52 ]
[ 0.86  0.38  0.54  0.60  0.56  0.33  0.89  0.89  0.97  0.93  0.99  0.50 ]
[ 0.31  0.39  0.33  0.32  0.37  0.40  0.96  0.31  0.47  0.68  0.36  0.43 ]
[ 0.43  0.58  0.31  0.51  0.53  0.32  0.32  0.43  0.74  0.41  0.57  0.93 ]
[ 0.45  0.37  0.32  0.31  0.48  0.54  0.33  0.31  0.52  0.32  0.44  0.52 ]
[ 0.32  0.96  0.92  0.40  0.46  0.54  0.93  0.91  0.73  0.78  0.99  0.86 ]
[ 0.95  0.99  0.83  0.97  0.97  0.79  0.95  0.99  0.53  0.85  0.95  0.60 ]
[ 0.98  0.99  0.99  0.77  0.98  0.99  0.95  0.97  0.96  0.95  0.71  0.41 ]

01/29 03:49:11 AM | === Batch 6/300
01/29 03:49:11 AM | loss = 1.149 + 0.481 + 0.095 = 1.725
01/29 03:49:12 AM | attribution_score[0:12]: 
[ 0.97  0.99  0.27  0.23  0.21  0.23  0.25  0.20  0.20  0.71  0.21  0.97 ]
[ 0.93  0.21  0.95  0.20  0.77  0.91  0.93  0.24  0.44  0.96  0.93  0.36 ]
[ 0.97  0.98  0.21  0.98  0.27  0.96  0.79  0.94  0.21  0.23  0.51  0.96 ]
[ 0.42  0.75  0.68  0.99  0.95  0.99  0.63  0.41  0.94  0.60  0.81  0.96 ]
[ 0.98  0.95  0.61  0.33  0.80  0.95  0.21  0.25  0.95  0.50  0.73  0.43 ]
[ 0.40  0.91  0.22  0.79  0.41  0.27  0.72  0.25  0.33  0.31  0.21  0.53 ]
[ 0.88  0.29  0.51  0.58  0.64  0.23  0.91  0.89  0.96  0.95  0.99  0.40 ]
[ 0.20  0.32  0.22  0.20  0.28  0.34  0.95  0.20  0.50  0.58  0.33  0.34 ]
[ 0.47  0.59  0.21  0.55  0.54  0.21  0.23  0.39  0.78  0.42  0.60  0.93 ]
[ 0.41  0.31  0.21  0.20  0.49  0.59  0.23  0.20  0.60  0.22  0.36  0.53 ]
[ 0.21  0.97  0.93  0.30  0.38  0.62  0.95  0.94  0.80  0.76  1.00  0.90 ]
[ 0.96  1.00  0.88  0.98  0.98  0.84  0.96  1.00  0.45  0.90  0.97  0.68 ]
[ 0.99  1.00  1.00  0.83  0.99  1.00  0.96  0.98  0.97  0.94  0.73  0.41 ]

01/29 03:49:12 AM | === Batch 7/300
01/29 03:49:12 AM | loss = 1.071 + 0.064 + 0.081 = 1.216
01/29 03:49:12 AM | attribution_score[0:12]: 
[ 0.97  0.99  0.18  0.15  0.13  0.15  0.17  0.13  0.12  0.62  0.13  0.97 ]
[ 0.93  0.13  0.95  0.12  0.68  0.92  0.94  0.16  0.40  0.96  0.93  0.36 ]
[ 0.97  0.98  0.13  0.98  0.17  0.97  0.69  0.94  0.13  0.15  0.38  0.95 ]
[ 0.41  0.70  0.69  0.99  0.95  0.99  0.62  0.38  0.94  0.57  0.79  0.95 ]
[ 0.98  0.96  0.65  0.25  0.77  0.96  0.14  0.17  0.96  0.51  0.73  0.39 ]
[ 0.39  0.91  0.14  0.70  0.32  0.20  0.70  0.18  0.26  0.23  0.13  0.60 ]
[ 0.90  0.20  0.43  0.55  0.72  0.17  0.92  0.87  0.96  0.96  1.00  0.29 ]
[ 0.12  0.33  0.15  0.13  0.22  0.32  0.95  0.12  0.58  0.45  0.30  0.26 ]
[ 0.52  0.58  0.14  0.62  0.60  0.14  0.16  0.34  0.79  0.45  0.65  0.94 ]
[ 0.38  0.24  0.13  0.12  0.48  0.64  0.16  0.13  0.69  0.16  0.34  0.54 ]
[ 0.14  0.98  0.93  0.23  0.31  0.71  0.96  0.96  0.87  0.72  1.00  0.93 ]
[ 0.97  1.00  0.91  0.98  0.98  0.88  0.97  1.00  0.34  0.93  0.98  0.77 ]
[ 0.99  1.00  1.00  0.87  0.99  1.00  0.97  0.98  0.98  0.93  0.77  0.42 ]

01/29 03:49:12 AM | === Batch 8/300
01/29 03:49:12 AM | loss = 1.205 + 0.453 + 0.071 = 1.729
01/29 03:49:12 AM | attribution_score[0:12]: 
[ 0.98  0.99  0.16  0.11  0.10  0.12  0.15  0.09  0.09  0.65  0.10  0.97 ]
[ 0.94  0.09  0.96  0.08  0.70  0.92  0.95  0.11  0.39  0.96  0.93  0.41 ]
[ 0.97  0.99  0.10  0.98  0.14  0.98  0.70  0.94  0.10  0.11  0.35  0.96 ]
[ 0.42  0.70  0.75  0.99  0.95  0.99  0.67  0.39  0.95  0.61  0.83  0.96 ]
[ 0.98  0.97  0.71  0.25  0.76  0.96  0.10  0.15  0.96  0.54  0.78  0.40 ]
[ 0.41  0.92  0.11  0.70  0.32  0.19  0.71  0.17  0.23  0.19  0.09  0.69 ]
[ 0.92  0.19  0.37  0.58  0.80  0.15  0.94  0.87  0.96  0.97  1.00  0.28 ]
[ 0.09  0.38  0.12  0.09  0.20  0.34  0.95  0.09  0.67  0.48  0.35  0.22 ]
[ 0.58  0.64  0.11  0.70  0.68  0.11  0.14  0.38  0.81  0.46  0.73  0.95 ]
[ 0.42  0.23  0.10  0.09  0.53  0.69  0.14  0.09  0.77  0.15  0.39  0.61 ]
[ 0.12  0.99  0.95  0.24  0.35  0.79  0.96  0.97  0.91  0.76  1.00  0.95 ]
[ 0.98  1.00  0.94  0.99  0.98  0.91  0.97  1.00  0.35  0.96  0.98  0.84 ]
[ 0.99  1.00  1.00  0.90  0.99  1.00  0.98  0.99  0.99  0.94  0.79  0.46 ]

01/29 03:49:12 AM | === Batch 9/300
01/29 03:49:13 AM | loss = 1.074 + 0.371 + 0.064 = 1.509
01/29 03:49:13 AM | attribution_score[0:12]: 
[ 0.98  0.99  0.17  0.09  0.08  0.11  0.15  0.07  0.07  0.72  0.08  0.98 ]
[ 0.95  0.08  0.97  0.06  0.74  0.92  0.96  0.09  0.44  0.97  0.93  0.49 ]
[ 0.98  0.99  0.08  0.98  0.13  0.98  0.75  0.94  0.10  0.09  0.37  0.97 ]
[ 0.41  0.73  0.81  0.99  0.96  1.00  0.71  0.42  0.96  0.67  0.87  0.97 ]
[ 0.99  0.97  0.77  0.28  0.76  0.97  0.08  0.14  0.97  0.61  0.82  0.47 ]
[ 0.48  0.93  0.09  0.73  0.35  0.20  0.76  0.18  0.23  0.18  0.07  0.77 ]
[ 0.93  0.20  0.37  0.65  0.86  0.15  0.96  0.87  0.96  0.98  1.00  0.29 ]
[ 0.06  0.46  0.11  0.07  0.20  0.39  0.96  0.06  0.76  0.54  0.42  0.21 ]
[ 0.67  0.70  0.09  0.78  0.76  0.10  0.14  0.45  0.82  0.50  0.81  0.96 ]
[ 0.49  0.24  0.08  0.07  0.61  0.75  0.14  0.07  0.84  0.15  0.47  0.70 ]
[ 0.12  0.99  0.96  0.26  0.41  0.85  0.97  0.98  0.95  0.80  1.00  0.96 ]
[ 0.99  1.00  0.96  0.99  0.99  0.94  0.98  1.00  0.38  0.97  0.99  0.88 ]
[ 0.99  1.00  1.00  0.92  1.00  1.00  0.99  0.99  0.99  0.95  0.82  0.51 ]

01/29 03:49:13 AM | === Batch 10/300
01/29 03:49:13 AM | loss = 1.017 + 0.006 + 0.059 = 1.082
01/29 03:49:13 AM | attribution_score[0:12]: 
[ 0.98  0.99  0.19  0.08  0.08  0.11  0.16  0.06  0.06  0.79  0.07  0.98 ]
[ 0.97  0.07  0.98  0.05  0.78  0.93  0.97  0.07  0.50  0.98  0.93  0.58 ]
[ 0.98  0.99  0.08  0.99  0.12  0.99  0.81  0.95  0.10  0.09  0.42  0.97 ]
[ 0.38  0.79  0.86  0.99  0.96  1.00  0.76  0.48  0.97  0.74  0.91  0.97 ]
[ 0.99  0.98  0.82  0.34  0.73  0.98  0.07  0.14  0.97  0.70  0.83  0.55 ]
[ 0.57  0.94  0.08  0.79  0.41  0.23  0.82  0.22  0.25  0.19  0.06  0.84 ]
[ 0.95  0.24  0.41  0.72  0.90  0.16  0.97  0.87  0.97  0.98  1.00  0.35 ]
[ 0.05  0.56  0.12  0.06  0.22  0.48  0.97  0.05  0.83  0.63  0.51  0.21 ]
[ 0.75  0.77  0.09  0.83  0.83  0.10  0.15  0.54  0.79  0.53  0.87  0.97 ]
[ 0.58  0.27  0.07  0.06  0.70  0.81  0.15  0.07  0.88  0.16  0.56  0.78 ]
[ 0.13  0.99  0.97  0.29  0.47  0.90  0.97  0.99  0.96  0.83  1.00  0.97 ]
[ 0.99  1.00  0.97  0.99  0.99  0.96  0.98  1.00  0.44  0.98  0.99  0.92 ]
[ 1.00  1.00  1.00  0.94  1.00  1.00  0.99  0.99  0.99  0.97  0.87  0.59 ]

01/29 03:49:13 AM | === Batch 11/300
01/29 03:49:13 AM | loss = 0.915 + 0.266 + 0.055 = 1.236
01/29 03:49:14 AM | attribution_score[0:12]: 
[ 0.99  0.99  0.22  0.07  0.07  0.11  0.16  0.05  0.05  0.83  0.07  0.98 ]
[ 0.97  0.07  0.98  0.04  0.79  0.93  0.98  0.06  0.58  0.98  0.93  0.65 ]
[ 0.99  0.99  0.08  0.99  0.12  0.99  0.84  0.96  0.10  0.08  0.45  0.98 ]
[ 0.34  0.82  0.89  0.99  0.96  1.00  0.80  0.47  0.98  0.76  0.93  0.97 ]
[ 0.99  0.98  0.82  0.43  0.68  0.98  0.06  0.14  0.98  0.78  0.83  0.62 ]
[ 0.65  0.95  0.08  0.83  0.43  0.25  0.86  0.25  0.27  0.22  0.05  0.88 ]
[ 0.96  0.31  0.45  0.78  0.93  0.19  0.98  0.85  0.98  0.98  1.00  0.37 ]
[ 0.04  0.65  0.13  0.05  0.23  0.56  0.97  0.04  0.87  0.72  0.54  0.21 ]
[ 0.81  0.83  0.09  0.86  0.89  0.10  0.14  0.62  0.74  0.49  0.91  0.98 ]
[ 0.61  0.24  0.06  0.05  0.73  0.82  0.16  0.06  0.90  0.17  0.66  0.84 ]
[ 0.14  0.99  0.98  0.33  0.53  0.93  0.98  0.99  0.98  0.85  1.00  0.98 ]
[ 0.99  1.00  0.98  0.99  0.99  0.97  0.98  1.00  0.47  0.99  0.99  0.93 ]
[ 1.00  1.00  1.00  0.95  1.00  1.00  0.99  0.99  0.99  0.98  0.89  0.62 ]

01/29 03:49:14 AM | === Batch 12/300
01/29 03:49:14 AM | loss = 0.987 + 0.447 + 0.052 = 1.486
01/29 03:49:14 AM | attribution_score[0:12]: 
[ 0.99  1.00  0.23  0.06  0.07  0.11  0.16  0.05  0.04  0.86  0.06  0.99 ]
[ 0.98  0.07  0.98  0.03  0.80  0.93  0.98  0.05  0.67  0.98  0.93  0.68 ]
[ 0.99  0.99  0.08  0.99  0.12  0.99  0.87  0.96  0.09  0.07  0.47  0.98 ]
[ 0.30  0.84  0.92  0.99  0.96  1.00  0.84  0.46  0.98  0.75  0.95  0.98 ]
[ 0.99  0.98  0.80  0.54  0.63  0.99  0.05  0.13  0.98  0.84  0.83  0.70 ]
[ 0.70  0.96  0.07  0.87  0.42  0.28  0.89  0.26  0.29  0.27  0.04  0.91 ]
[ 0.96  0.39  0.45  0.82  0.94  0.21  0.98  0.82  0.98  0.99  1.00  0.40 ]
[ 0.03  0.69  0.13  0.04  0.23  0.61  0.98  0.03  0.89  0.76  0.52  0.21 ]
[ 0.84  0.87  0.08  0.87  0.92  0.09  0.13  0.66  0.68  0.42  0.93  0.98 ]
[ 0.62  0.20  0.05  0.04  0.73  0.81  0.16  0.05  0.91  0.16  0.70  0.87 ]
[ 0.15  0.99  0.98  0.37  0.57  0.95  0.98  0.99  0.98  0.86  1.00  0.98 ]
[ 0.99  1.00  0.98  1.00  0.99  0.98  0.99  1.00  0.47  0.99  1.00  0.94 ]
[ 1.00  1.00  1.00  0.95  1.00  1.00  0.99  0.99  1.00  0.98  0.89  0.60 ]

01/29 03:49:14 AM | === Batch 13/300
01/29 03:49:14 AM | loss = 0.797 + 0.546 + 0.049 = 1.391
01/29 03:49:15 AM | attribution_score[0:12]: 
[ 0.99  1.00  0.23  0.05  0.06  0.12  0.15  0.04  0.03  0.88  0.05  0.99 ]
[ 0.98  0.07  0.99  0.03  0.80  0.94  0.98  0.04  0.75  0.98  0.93  0.68 ]
[ 0.99  0.99  0.08  0.99  0.11  0.99  0.88  0.97  0.08  0.06  0.47  0.99 ]
[ 0.26  0.85  0.93  1.00  0.96  1.00  0.86  0.45  0.98  0.73  0.96  0.98 ]
[ 0.99  0.99  0.76  0.64  0.64  0.99  0.05  0.13  0.98  0.89  0.83  0.76 ]
[ 0.74  0.96  0.07  0.89  0.39  0.29  0.92  0.25  0.30  0.35  0.04  0.93 ]
[ 0.97  0.49  0.47  0.85  0.95  0.24  0.99  0.77  0.98  0.99  1.00  0.41 ]
[ 0.03  0.71  0.12  0.04  0.21  0.63  0.98  0.03  0.90  0.78  0.48  0.20 ]
[ 0.86  0.89  0.07  0.88  0.94  0.08  0.11  0.70  0.60  0.33  0.95  0.99 ]
[ 0.62  0.16  0.05  0.04  0.70  0.80  0.15  0.04  0.91  0.14  0.72  0.89 ]
[ 0.15  0.99  0.99  0.40  0.59  0.96  0.98  0.99  0.99  0.86  1.00  0.98 ]
[ 1.00  1.00  0.99  1.00  1.00  0.98  0.99  1.00  0.45  0.99  1.00  0.95 ]
[ 1.00  1.00  1.00  0.96  1.00  1.00  0.99  0.99  1.00  0.98  0.89  0.56 ]

01/29 03:49:15 AM | === Batch 14/300
01/29 03:49:15 AM | loss = 0.654 + 0.581 + 0.046 = 1.281
01/29 03:49:15 AM | attribution_score[0:12]: 
[ 0.99  1.00  0.23  0.04  0.05  0.11  0.14  0.03  0.03  0.89  0.04  0.99 ]
[ 0.99  0.07  0.99  0.02  0.80  0.95  0.99  0.04  0.83  0.98  0.92  0.66 ]
[ 0.99  0.99  0.08  0.99  0.10  0.99  0.89  0.97  0.07  0.05  0.46  0.99 ]
[ 0.25  0.85  0.94  1.00  0.95  1.00  0.88  0.42  0.98  0.70  0.96  0.98 ]
[ 0.99  0.99  0.71  0.73  0.67  0.99  0.04  0.13  0.98  0.92  0.83  0.78 ]
[ 0.77  0.97  0.06  0.90  0.33  0.32  0.94  0.23  0.29  0.45  0.03  0.94 ]
[ 0.97  0.61  0.45  0.87  0.95  0.27  0.99  0.71  0.98  0.99  1.00  0.41 ]
[ 0.02  0.72  0.13  0.03  0.18  0.64  0.98  0.02  0.91  0.78  0.42  0.19 ]
[ 0.87  0.91  0.06  0.88  0.96  0.08  0.09  0.72  0.57  0.25  0.96  0.99 ]
[ 0.60  0.12  0.04  0.03  0.64  0.76  0.13  0.03  0.92  0.12  0.72  0.91 ]
[ 0.15  1.00  0.99  0.43  0.61  0.97  0.98  0.99  0.99  0.87  1.00  0.98 ]
[ 1.00  1.00  0.99  1.00  1.00  0.99  0.99  1.00  0.40  0.99  1.00  0.96 ]
[ 1.00  1.00  1.00  0.96  1.00  1.00  0.99  0.99  1.00  0.99  0.88  0.52 ]

01/29 03:49:15 AM | === Batch 15/300
01/29 03:49:15 AM | loss = 0.541 + 0.575 + 0.044 = 1.160
01/29 03:49:15 AM | attribution_score[0:12]: 
[ 0.99  1.00  0.21  0.03  0.05  0.11  0.12  0.03  0.02  0.90  0.04  0.99 ]
[ 0.99  0.07  0.99  0.02  0.80  0.95  0.99  0.03  0.87  0.98  0.93  0.64 ]
[ 0.99  0.99  0.07  0.99  0.08  0.99  0.89  0.97  0.06  0.05  0.43  0.99 ]
[ 0.25  0.85  0.95  1.00  0.95  1.00  0.89  0.38  0.98  0.65  0.97  0.97 ]
[ 0.99  0.98  0.64  0.80  0.68  0.99  0.04  0.12  0.99  0.94  0.84  0.79 ]
[ 0.79  0.97  0.06  0.92  0.31  0.35  0.95  0.21  0.28  0.53  0.03  0.96 ]
[ 0.97  0.71  0.41  0.88  0.96  0.28  0.99  0.63  0.98  0.99  1.00  0.38 ]
[ 0.02  0.72  0.13  0.03  0.16  0.63  0.98  0.02  0.92  0.77  0.36  0.17 ]
[ 0.88  0.92  0.05  0.88  0.97  0.07  0.08  0.72  0.55  0.18  0.97  0.99 ]
[ 0.56  0.09  0.03  0.02  0.57  0.72  0.11  0.03  0.92  0.09  0.71  0.92 ]
[ 0.14  1.00  0.99  0.46  0.64  0.98  0.98  0.99  0.99  0.87  1.00  0.98 ]
[ 1.00  1.00  0.99  1.00  1.00  0.99  0.99  1.00  0.34  1.00  1.00  0.96 ]
[ 1.00  1.00  1.00  0.96  1.00  1.00  0.99  1.00  1.00  0.99  0.88  0.50 ]

01/29 03:49:15 AM | === Batch 16/300
01/29 03:49:15 AM | loss = 0.324 + 0.539 + 0.042 = 0.905
01/29 03:49:16 AM | attribution_score[0:12]: 
[ 0.99  1.00  0.19  0.03  0.04  0.11  0.11  0.03  0.02  0.91  0.03  0.99 ]
[ 0.99  0.07  0.99  0.01  0.78  0.95  0.99  0.03  0.91  0.98  0.93  0.62 ]
[ 0.99  1.00  0.07  0.99  0.07  0.99  0.88  0.97  0.05  0.04  0.38  0.99 ]
[ 0.25  0.84  0.95  1.00  0.94  1.00  0.90  0.35  0.98  0.61  0.97  0.97 ]
[ 0.99  0.98  0.55  0.86  0.66  0.99  0.04  0.12  0.99  0.95  0.85  0.80 ]
[ 0.81  0.97  0.05  0.92  0.29  0.36  0.96  0.19  0.27  0.61  0.02  0.96 ]
[ 0.97  0.80  0.37  0.89  0.96  0.29  0.99  0.53  0.99  0.99  1.00  0.36 ]
[ 0.02  0.72  0.13  0.02  0.14  0.58  0.98  0.02  0.92  0.75  0.30  0.15 ]
[ 0.88  0.93  0.04  0.88  0.97  0.06  0.07  0.71  0.54  0.13  0.98  0.99 ]
[ 0.51  0.06  0.03  0.02  0.49  0.66  0.09  0.02  0.92  0.07  0.68  0.92 ]
[ 0.13  1.00  0.99  0.50  0.68  0.98  0.99  1.00  0.99  0.88  1.00  0.99 ]
[ 1.00  1.00  0.99  1.00  1.00  0.99  0.99  1.00  0.28  1.00  1.00  0.96 ]
[ 1.00  1.00  1.00  0.97  1.00  1.00  1.00  1.00  1.00  0.99  0.86  0.45 ]

01/29 03:49:16 AM | === Batch 17/300
01/29 03:49:16 AM | loss = 0.394 + 0.483 + 0.040 = 0.917
01/29 03:49:16 AM | attribution_score[0:12]: 
[ 0.99  1.00  0.17  0.02  0.04  0.11  0.09  0.02  0.02  0.92  0.03  0.99 ]
[ 0.99  0.06  0.99  0.01  0.76  0.95  0.99  0.02  0.93  0.98  0.94  0.62 ]
[ 0.99  1.00  0.06  0.99  0.06  0.99  0.87  0.98  0.04  0.03  0.33  0.99 ]
[ 0.25  0.82  0.96  1.00  0.94  1.00  0.91  0.32  0.98  0.59  0.97  0.97 ]
[ 1.00  0.98  0.46  0.90  0.62  1.00  0.04  0.11  0.99  0.96  0.85  0.80 ]
[ 0.84  0.97  0.05  0.92  0.27  0.39  0.97  0.16  0.25  0.64  0.02  0.97 ]
[ 0.98  0.86  0.32  0.89  0.97  0.34  0.99  0.43  0.99  0.99  1.00  0.32 ]
[ 0.01  0.72  0.12  0.02  0.12  0.53  0.98  0.01  0.93  0.73  0.25  0.14 ]
[ 0.89  0.94  0.03  0.88  0.98  0.05  0.06  0.69  0.52  0.10  0.98  0.99 ]
[ 0.46  0.05  0.02  0.02  0.39  0.59  0.07  0.02  0.92  0.06  0.63  0.93 ]
[ 0.11  1.00  0.99  0.53  0.73  0.98  0.99  1.00  1.00  0.89  1.00  0.99 ]
[ 1.00  1.00  0.99  1.00  1.00  0.99  0.99  1.00  0.21  1.00  1.00  0.97 ]
[ 1.00  1.00  1.00  0.97  1.00  1.00  1.00  1.00  1.00  0.99  0.85  0.43 ]

01/29 03:49:16 AM | === Batch 18/300
01/29 03:49:16 AM | loss = 0.485 + 0.419 + 0.039 = 0.943
01/29 03:49:17 AM | attribution_score[0:12]: 
[ 0.99  1.00  0.14  0.02  0.03  0.11  0.08  0.02  0.01  0.92  0.02  0.99 ]
[ 0.99  0.06  0.99  0.01  0.73  0.95  0.99  0.02  0.94  0.98  0.94  0.63 ]
[ 0.99  1.00  0.05  0.99  0.05  0.99  0.85  0.98  0.04  0.03  0.27  0.99 ]
[ 0.26  0.79  0.96  1.00  0.93  1.00  0.92  0.29  0.98  0.57  0.98  0.97 ]
[ 1.00  0.98  0.39  0.92  0.56  1.00  0.04  0.10  0.99  0.97  0.86  0.82 ]
[ 0.86  0.97  0.04  0.92  0.25  0.42  0.97  0.14  0.24  0.64  0.02  0.98 ]
[ 0.98  0.90  0.27  0.90  0.97  0.34  0.99  0.33  0.99  0.99  1.00  0.27 ]
[ 0.01  0.72  0.11  0.02  0.10  0.48  0.99  0.01  0.94  0.70  0.21  0.12 ]
[ 0.89  0.95  0.03  0.88  0.98  0.05  0.05  0.65  0.50  0.07  0.98  0.99 ]
[ 0.41  0.04  0.02  0.02  0.30  0.51  0.06  0.02  0.93  0.05  0.57  0.93 ]
[ 0.09  1.00  0.99  0.55  0.76  0.99  0.99  1.00  1.00  0.89  1.00  0.99 ]
[ 1.00  1.00  0.99  1.00  1.00  0.99  0.99  1.00  0.15  1.00  1.00  0.97 ]
[ 1.00  1.00  1.00  0.97  1.00  1.00  1.00  1.00  1.00  0.99  0.84  0.41 ]

01/29 03:49:17 AM | === Batch 19/300
01/29 03:49:17 AM | loss = 0.427 + 0.348 + 0.037 = 0.811
01/29 03:49:17 AM | attribution_score[0:12]: 
[ 1.00  1.00  0.13  0.02  0.03  0.11  0.07  0.02  0.01  0.92  0.02  0.99 ]
[ 0.99  0.05  0.99  0.01  0.71  0.95  0.99  0.02  0.95  0.98  0.95  0.62 ]
[ 0.99  1.00  0.04  0.99  0.04  1.00  0.84  0.98  0.03  0.02  0.21  0.99 ]
[ 0.27  0.77  0.97  1.00  0.93  1.00  0.93  0.26  0.97  0.55  0.98  0.97 ]
[ 1.00  0.98  0.32  0.94  0.49  1.00  0.04  0.09  0.99  0.97  0.86  0.83 ]
[ 0.86  0.98  0.04  0.91  0.23  0.46  0.98  0.11  0.22  0.63  0.01  0.98 ]
[ 0.98  0.93  0.21  0.89  0.97  0.31  0.99  0.24  0.99  0.99  1.00  0.21 ]
[ 0.01  0.73  0.09  0.02  0.09  0.41  0.99  0.01  0.94  0.67  0.18  0.10 ]
[ 0.89  0.95  0.02  0.89  0.98  0.04  0.04  0.61  0.47  0.05  0.99  0.99 ]
[ 0.35  0.03  0.02  0.01  0.23  0.43  0.05  0.02  0.93  0.04  0.50  0.93 ]
[ 0.07  1.00  0.99  0.56  0.78  0.99  0.99  1.00  1.00  0.90  1.00  0.99 ]
[ 1.00  1.00  0.99  1.00  1.00  0.99  0.99  1.00  0.11  1.00  1.00  0.97 ]
[ 1.00  1.00  1.00  0.97  1.00  1.00  1.00  1.00  1.00  0.99  0.84  0.40 ]

01/29 03:49:17 AM | === Batch 20/300
01/29 03:49:17 AM | loss = 0.716 + 0.273 + 0.036 = 1.025
01/29 03:49:17 AM | === Batch 21/300
01/29 03:49:18 AM | loss = 0.568 + 0.205 + 0.034 = 0.808
01/29 03:49:18 AM | === Batch 22/300
01/29 03:49:18 AM | loss = 0.512 + 0.143 + 0.033 = 0.689
01/29 03:49:18 AM | === Batch 23/300
01/29 03:49:18 AM | loss = 0.730 + 0.082 + 0.032 = 0.845
01/29 03:49:19 AM | === Batch 24/300
01/29 03:49:19 AM | loss = 0.639 + 0.025 + 0.031 = 0.695
01/29 03:49:19 AM | === Batch 25/300
01/29 03:49:19 AM | loss = 0.426 + 0.061 + 0.030 = 0.517
01/29 03:49:19 AM | === Batch 26/300
01/29 03:49:20 AM | loss = 0.442 + 0.050 + 0.029 = 0.522
01/29 03:49:20 AM | === Batch 27/300
01/29 03:49:20 AM | loss = 0.563 + 0.023 + 0.028 = 0.614
01/29 03:49:20 AM | === Batch 28/300
01/29 03:49:20 AM | loss = 0.372 + 0.054 + 0.027 = 0.453
01/29 03:49:21 AM | === Batch 29/300
01/29 03:49:21 AM | loss = 0.532 + 0.070 + 0.026 = 0.628
01/29 03:49:21 AM | === Batch 30/300
01/29 03:49:21 AM | loss = 0.455 + 0.074 + 0.025 = 0.554
01/29 03:49:21 AM | === Batch 31/300
01/29 03:49:22 AM | loss = 0.453 + 0.066 + 0.024 = 0.543
01/29 03:49:22 AM | === Batch 32/300
01/29 03:49:22 AM | loss = 0.493 + 0.048 + 0.024 = 0.565
01/29 03:49:22 AM | === Batch 33/300
01/29 03:49:22 AM | loss = 0.366 + 0.024 + 0.024 = 0.414
01/29 03:49:23 AM | === Batch 34/300
01/29 03:49:23 AM | loss = 0.431 + 0.017 + 0.023 = 0.471
01/29 03:49:23 AM | === Batch 35/300
01/29 03:49:23 AM | loss = 0.630 + 0.003 + 0.023 = 0.656
01/29 03:49:23 AM | === Batch 36/300
01/29 03:49:24 AM | loss = 0.432 + 0.038 + 0.022 = 0.492
01/29 03:49:24 AM | === Batch 37/300
01/29 03:49:24 AM | loss = 0.445 + 0.065 + 0.022 = 0.531
01/29 03:49:24 AM | === Batch 38/300
01/29 03:49:24 AM | loss = 0.460 + 0.077 + 0.021 = 0.558
01/29 03:49:25 AM | === Batch 39/300
01/29 03:49:25 AM | loss = 0.398 + 0.079 + 0.021 = 0.498
01/29 03:49:25 AM | === Batch 40/300
01/29 03:49:25 AM | loss = 0.595 + 0.074 + 0.021 = 0.690
01/29 03:49:26 AM | === Batch 41/300
01/29 03:49:26 AM | loss = 0.371 + 0.062 + 0.020 = 0.454
01/29 03:49:26 AM | === Batch 42/300
01/29 03:49:26 AM | loss = 0.524 + 0.044 + 0.020 = 0.588
01/29 03:49:26 AM | === Batch 43/300
01/29 03:49:27 AM | loss = 0.374 + 0.020 + 0.020 = 0.413
01/29 03:49:27 AM | === Batch 44/300
01/29 03:49:27 AM | loss = 0.451 + 0.016 + 0.020 = 0.487
01/29 03:49:27 AM | === Batch 45/300
01/29 03:49:27 AM | loss = 0.407 + 0.002 + 0.020 = 0.429
01/29 03:49:28 AM | === Batch 46/300
01/29 03:49:28 AM | loss = 0.449 + 0.034 + 0.019 = 0.502
01/29 03:49:28 AM | === Batch 47/300
01/29 03:49:28 AM | loss = 0.514 + 0.056 + 0.019 = 0.589
01/29 03:49:28 AM | === Batch 48/300
01/29 03:49:29 AM | loss = 0.419 + 0.069 + 0.019 = 0.506
01/29 03:49:29 AM | === Batch 49/300
01/29 03:49:29 AM | loss = 0.420 + 0.071 + 0.018 = 0.510
01/29 03:49:29 AM | === Batch 50/300
01/29 03:49:29 AM | loss = 0.475 + 0.065 + 0.018 = 0.558
01/29 03:49:30 AM | === Batch 51/300
01/29 03:49:30 AM | loss = 0.424 + 0.048 + 0.018 = 0.490
01/29 03:49:30 AM | === Batch 52/300
01/29 03:49:30 AM | loss = 0.483 + 0.027 + 0.018 = 0.527
01/29 03:49:30 AM | === Batch 53/300
01/29 03:49:31 AM | loss = 0.451 + 0.004 + 0.018 = 0.473
01/29 03:49:31 AM | === Batch 54/300
01/29 03:49:31 AM | loss = 0.494 + 0.000 + 0.018 = 0.512
01/29 03:49:31 AM | === Batch 55/300
01/29 03:49:31 AM | loss = 0.596 + 0.005 + 0.018 = 0.619
01/29 03:49:32 AM | === Batch 56/300
01/29 03:49:32 AM | loss = 0.368 + 0.022 + 0.017 = 0.407
01/29 03:49:32 AM | === Batch 57/300
01/29 03:49:32 AM | loss = 0.530 + 0.038 + 0.017 = 0.585
01/29 03:49:32 AM | === Batch 58/300
01/29 03:49:33 AM | loss = 0.298 + 0.046 + 0.016 = 0.360
01/29 03:49:33 AM | === Batch 59/300
01/29 03:49:33 AM | loss = 0.572 + 0.044 + 0.016 = 0.633
01/29 03:49:33 AM | === Batch 60/300
01/29 03:49:33 AM | loss = 0.408 + 0.037 + 0.016 = 0.461
01/29 03:49:34 AM | === Batch 61/300
01/29 03:49:34 AM | loss = 0.451 + 0.023 + 0.016 = 0.490
01/29 03:49:34 AM | === Batch 62/300
01/29 03:49:34 AM | loss = 0.620 + 0.002 + 0.016 = 0.638
01/29 03:49:35 AM | === Batch 63/300
01/29 03:49:35 AM | loss = 0.399 + 0.046 + 0.016 = 0.461
01/29 03:49:35 AM | === Batch 64/300
01/29 03:49:35 AM | loss = 0.505 + 0.035 + 0.016 = 0.556
01/29 03:49:35 AM | === Batch 65/300
01/29 03:49:36 AM | loss = 0.655 + 0.013 + 0.015 = 0.683
01/29 03:49:36 AM | === Batch 66/300
01/29 03:49:36 AM | loss = 0.229 + 0.035 + 0.015 = 0.279
01/29 03:49:36 AM | === Batch 67/300
01/29 03:49:36 AM | loss = 0.323 + 0.048 + 0.015 = 0.386
01/29 03:49:37 AM | === Batch 68/300
01/29 03:49:37 AM | loss = 0.406 + 0.054 + 0.014 = 0.475
01/29 03:49:37 AM | === Batch 69/300
01/29 03:49:37 AM | loss = 0.436 + 0.052 + 0.014 = 0.503
01/29 03:49:37 AM | === Batch 70/300
01/29 03:49:37 AM | loss = 0.253 + 0.043 + 0.014 = 0.310
01/29 03:49:38 AM | === Batch 71/300
01/29 03:49:38 AM | loss = 0.386 + 0.027 + 0.014 = 0.427
01/29 03:49:38 AM | === Batch 72/300
01/29 03:49:38 AM | loss = 0.540 + 0.007 + 0.014 = 0.561
01/29 03:49:38 AM | === Batch 73/300
01/29 03:49:39 AM | loss = 0.399 + 0.036 + 0.014 = 0.448
01/29 03:49:39 AM | === Batch 74/300
01/29 03:49:39 AM | loss = 0.619 + 0.031 + 0.014 = 0.664
01/29 03:49:39 AM | === Batch 75/300
01/29 03:49:39 AM | loss = 0.415 + 0.006 + 0.014 = 0.435
01/29 03:49:40 AM | === Batch 76/300
01/29 03:49:40 AM | loss = 0.503 + 0.020 + 0.014 = 0.536
01/29 03:49:40 AM | === Batch 77/300
01/29 03:49:40 AM | loss = 0.492 + 0.025 + 0.014 = 0.531
01/29 03:49:40 AM | === Batch 78/300
01/29 03:49:41 AM | loss = 0.465 + 0.022 + 0.014 = 0.500
01/29 03:49:41 AM | === Batch 79/300
01/29 03:49:41 AM | loss = 0.633 + 0.013 + 0.014 = 0.659
01/29 03:49:41 AM | === Batch 80/300
01/29 03:49:41 AM | loss = 0.568 + 0.001 + 0.014 = 0.582
01/29 03:49:42 AM | === Batch 81/300
01/29 03:49:42 AM | loss = 0.503 + 0.034 + 0.014 = 0.550
01/29 03:49:42 AM | === Batch 82/300
01/29 03:49:42 AM | loss = 0.500 + 0.025 + 0.014 = 0.539
01/29 03:49:42 AM | === Batch 83/300
01/29 03:49:43 AM | loss = 0.595 + 0.011 + 0.013 = 0.620
01/29 03:49:43 AM | === Batch 84/300
01/29 03:49:43 AM | loss = 0.492 + 0.028 + 0.013 = 0.533
01/29 03:49:43 AM | === Batch 85/300
01/29 03:49:43 AM | loss = 0.390 + 0.036 + 0.013 = 0.439
01/29 03:49:44 AM | === Batch 86/300
01/29 03:49:44 AM | loss = 0.386 + 0.036 + 0.013 = 0.435
01/29 03:49:44 AM | === Batch 87/300
01/29 03:49:44 AM | loss = 0.613 + 0.030 + 0.013 = 0.656
01/29 03:49:44 AM | === Batch 88/300
01/29 03:49:44 AM | loss = 0.564 + 0.022 + 0.013 = 0.598
01/29 03:49:45 AM | === Batch 89/300
01/29 03:49:45 AM | loss = 0.573 + 0.007 + 0.013 = 0.592
01/29 03:49:45 AM | === Batch 90/300
01/29 03:49:45 AM | loss = 0.418 + 0.017 + 0.013 = 0.448
01/29 03:49:45 AM | === Batch 91/300
01/29 03:49:46 AM | loss = 0.546 + 0.006 + 0.013 = 0.565
01/29 03:49:46 AM | === Batch 92/300
01/29 03:49:46 AM | loss = 0.568 + 0.021 + 0.012 = 0.602
01/29 03:49:46 AM | === Batch 93/300
01/29 03:49:46 AM | loss = 0.409 + 0.036 + 0.012 = 0.457
01/29 03:49:47 AM | === Batch 94/300
01/29 03:49:47 AM | loss = 0.458 + 0.044 + 0.012 = 0.513
01/29 03:49:47 AM | === Batch 95/300
01/29 03:49:47 AM | loss = 0.527 + 0.045 + 0.012 = 0.584
01/29 03:49:47 AM | === Batch 96/300
01/29 03:49:47 AM | loss = 0.390 + 0.041 + 0.012 = 0.443
01/29 03:49:48 AM | === Batch 97/300
01/29 03:49:48 AM | loss = 0.583 + 0.031 + 0.012 = 0.625
01/29 03:49:48 AM | === Batch 98/300
01/29 03:49:48 AM | loss = 0.441 + 0.016 + 0.012 = 0.469
01/29 03:49:48 AM | === Batch 99/300
01/29 03:49:49 AM | loss = 0.467 + 0.007 + 0.012 = 0.486
01/29 03:49:49 AM | === Batch 100/300
01/29 03:49:49 AM | loss = 0.260 + 0.001 + 0.012 = 0.273
01/29 03:49:49 AM | attribution_score[0:12]: 
[ 1.00  1.00  0.04  0.00  0.00  0.44  0.00  0.00  0.00  0.98  0.00  0.99 ]
[ 1.00  0.01  0.99  0.00  0.98  0.97  1.00  0.00  0.99  0.82  1.00  0.03 ]
[ 1.00  1.00  0.00  0.99  0.00  1.00  0.03  0.98  0.00  0.00  0.00  0.99 ]
[ 0.04  0.57  1.00  1.00  1.00  1.00  0.98  0.87  0.98  0.06  1.00  0.98 ]
[ 0.99  0.99  0.17  0.99  0.26  0.97  0.01  0.00  1.00  0.99  0.99  0.97 ]
[ 0.96  0.99  0.01  0.02  0.04  0.03  0.95  0.01  0.02  0.06  0.00  1.00 ]
[ 0.99  0.99  0.01  0.98  1.00  0.03  0.99  0.01  0.99  1.00  1.00  0.08 ]
[ 0.00  0.92  0.01  0.01  0.02  0.85  1.00  0.00  0.99  0.98  0.10  0.00 ]
[ 0.98  1.00  0.01  0.99  1.00  0.00  0.00  0.99  0.92  0.01  1.00  1.00 ]
[ 0.02  0.00  0.00  0.00  0.02  0.03  0.00  0.00  0.99  0.00  0.92  0.99 ]
[ 0.00  1.00  1.00  0.00  0.03  1.00  1.00  1.00  1.00  0.99  1.00  1.00 ]
[ 1.00  1.00  1.00  1.00  1.00  1.00  1.00  1.00  0.00  1.00  1.00  0.99 ]
[ 1.00  1.00  1.00  0.99  1.00  1.00  1.00  1.00  1.00  1.00  0.99  0.02 ]

01/29 03:49:49 AM | === Batch 101/300
01/29 03:49:49 AM | loss = 0.315 + 0.021 + 0.012 = 0.348
01/29 03:49:50 AM | === Batch 102/300
01/29 03:49:50 AM | loss = 0.443 + 0.037 + 0.012 = 0.492
01/29 03:49:50 AM | === Batch 103/300
01/29 03:49:50 AM | loss = 0.444 + 0.047 + 0.011 = 0.502
01/29 03:49:50 AM | === Batch 104/300
01/29 03:49:51 AM | loss = 0.577 + 0.050 + 0.011 = 0.638
01/29 03:49:51 AM | === Batch 105/300
01/29 03:49:51 AM | loss = 0.505 + 0.046 + 0.011 = 0.562
01/29 03:49:51 AM | === Batch 106/300
01/29 03:49:51 AM | loss = 0.352 + 0.037 + 0.011 = 0.400
01/29 03:49:51 AM | === Batch 107/300
01/29 03:49:52 AM | loss = 0.589 + 0.023 + 0.011 = 0.623
01/29 03:49:52 AM | === Batch 108/300
01/29 03:49:52 AM | loss = 0.438 + 0.005 + 0.011 = 0.454
01/29 03:49:52 AM | === Batch 109/300
01/29 03:49:52 AM | loss = 0.572 + 0.033 + 0.011 = 0.617
01/29 03:49:53 AM | === Batch 110/300
01/29 03:49:53 AM | loss = 0.418 + 0.034 + 0.011 = 0.463
01/29 03:49:53 AM | === Batch 111/300
01/29 03:49:53 AM | loss = 0.459 + 0.002 + 0.011 = 0.473
01/29 03:49:53 AM | === Batch 112/300
01/29 03:49:53 AM | loss = 0.469 + 0.014 + 0.011 = 0.495
01/29 03:49:54 AM | === Batch 113/300
01/29 03:49:54 AM | loss = 0.593 + 0.020 + 0.011 = 0.624
01/29 03:49:54 AM | === Batch 114/300
01/29 03:49:54 AM | loss = 0.627 + 0.017 + 0.011 = 0.655
01/29 03:49:54 AM | === Batch 115/300
01/29 03:49:55 AM | loss = 0.406 + 0.010 + 0.011 = 0.427
01/29 03:49:55 AM | === Batch 116/300
01/29 03:49:55 AM | loss = 0.453 + 0.001 + 0.011 = 0.465
01/29 03:49:55 AM | === Batch 117/300
01/29 03:49:55 AM | loss = 0.446 + 0.022 + 0.011 = 0.479
01/29 03:49:56 AM | === Batch 118/300
01/29 03:49:56 AM | loss = 0.391 + 0.008 + 0.011 = 0.410
01/29 03:49:56 AM | === Batch 119/300
01/29 03:49:56 AM | loss = 0.555 + 0.018 + 0.010 = 0.584
01/29 03:49:56 AM | === Batch 120/300
01/29 03:49:57 AM | loss = 0.294 + 0.033 + 0.010 = 0.337
01/29 03:49:57 AM | === Batch 121/300
01/29 03:49:57 AM | loss = 0.551 + 0.042 + 0.010 = 0.603
01/29 03:49:57 AM | === Batch 122/300
01/29 03:49:57 AM | loss = 0.528 + 0.045 + 0.010 = 0.583
01/29 03:49:57 AM | === Batch 123/300
01/29 03:49:58 AM | loss = 0.372 + 0.043 + 0.010 = 0.425
01/29 03:49:58 AM | === Batch 124/300
01/29 03:49:58 AM | loss = 0.420 + 0.037 + 0.010 = 0.467
01/29 03:49:58 AM | === Batch 125/300
01/29 03:49:58 AM | loss = 0.556 + 0.026 + 0.010 = 0.592
01/29 03:49:59 AM | === Batch 126/300
01/29 03:49:59 AM | loss = 0.323 + 0.013 + 0.010 = 0.346
01/29 03:49:59 AM | === Batch 127/300
01/29 03:49:59 AM | loss = 0.404 + 0.007 + 0.010 = 0.421
01/29 03:49:59 AM | === Batch 128/300
01/29 03:50:00 AM | loss = 0.498 + 0.005 + 0.010 = 0.512
01/29 03:50:00 AM | === Batch 129/300
01/29 03:50:00 AM | loss = 0.477 + 0.015 + 0.010 = 0.503
01/29 03:50:00 AM | === Batch 130/300
01/29 03:50:00 AM | loss = 0.505 + 0.028 + 0.010 = 0.543
01/29 03:50:00 AM | === Batch 131/300
01/29 03:50:01 AM | loss = 0.583 + 0.034 + 0.010 = 0.627
01/29 03:50:01 AM | === Batch 132/300
01/29 03:50:01 AM | loss = 0.453 + 0.037 + 0.010 = 0.499
01/29 03:50:01 AM | === Batch 133/300
01/29 03:50:01 AM | loss = 0.374 + 0.033 + 0.010 = 0.417
01/29 03:50:02 AM | === Batch 134/300
01/29 03:50:02 AM | loss = 0.493 + 0.024 + 0.010 = 0.527
01/29 03:50:02 AM | === Batch 135/300
01/29 03:50:02 AM | loss = 0.401 + 0.013 + 0.010 = 0.424
01/29 03:50:02 AM | === Batch 136/300
01/29 03:50:03 AM | loss = 0.498 + 0.006 + 0.010 = 0.513
01/29 03:50:03 AM | === Batch 137/300
01/29 03:50:03 AM | loss = 0.505 + 0.002 + 0.010 = 0.517
01/29 03:50:03 AM | === Batch 138/300
01/29 03:50:03 AM | loss = 0.415 + 0.002 + 0.010 = 0.427
01/29 03:50:04 AM | === Batch 139/300
01/29 03:50:04 AM | loss = 0.533 + 0.007 + 0.010 = 0.551
01/29 03:50:04 AM | === Batch 140/300
01/29 03:50:04 AM | loss = 0.468 + 0.006 + 0.010 = 0.484
01/29 03:50:04 AM | === Batch 141/300
01/29 03:50:04 AM | loss = 0.421 + 0.013 + 0.010 = 0.444
01/29 03:50:05 AM | === Batch 142/300
01/29 03:50:05 AM | loss = 0.279 + 0.013 + 0.010 = 0.301
01/29 03:50:05 AM | === Batch 143/300
01/29 03:50:05 AM | loss = 0.313 + 0.008 + 0.010 = 0.330
01/29 03:50:06 AM | === Batch 144/300
01/29 03:50:06 AM | loss = 0.452 + 0.004 + 0.010 = 0.465
01/29 03:50:06 AM | === Batch 145/300
01/29 03:50:06 AM | loss = 0.602 + 0.007 + 0.010 = 0.619
01/29 03:50:06 AM | === Batch 146/300
01/29 03:50:06 AM | loss = 0.354 + 0.008 + 0.010 = 0.372
01/29 03:50:07 AM | === Batch 147/300
01/29 03:50:07 AM | loss = 0.481 + 0.005 + 0.010 = 0.496
01/29 03:50:07 AM | === Batch 148/300
01/29 03:50:07 AM | loss = 0.439 + 0.005 + 0.010 = 0.453
01/29 03:50:07 AM | === Batch 149/300
01/29 03:50:08 AM | loss = 0.424 + 0.008 + 0.010 = 0.443
01/29 03:50:08 AM | === Batch 150/300
01/29 03:50:08 AM | loss = 0.508 + 0.013 + 0.010 = 0.531
01/29 03:50:08 AM | === Batch 151/300
01/29 03:50:08 AM | loss = 0.269 + 0.012 + 0.010 = 0.291
01/29 03:50:09 AM | === Batch 152/300
01/29 03:50:09 AM | loss = 0.321 + 0.007 + 0.010 = 0.337
01/29 03:50:09 AM | === Batch 153/300
01/29 03:50:09 AM | loss = 0.304 + 0.005 + 0.010 = 0.319
01/29 03:50:09 AM | === Batch 154/300
01/29 03:50:09 AM | loss = 0.773 + 0.006 + 0.010 = 0.788
01/29 03:50:10 AM | === Batch 155/300
01/29 03:50:10 AM | loss = 0.321 + 0.008 + 0.010 = 0.338
01/29 03:50:10 AM | === Batch 156/300
01/29 03:50:10 AM | loss = 0.224 + 0.005 + 0.010 = 0.239
01/29 03:50:10 AM | === Batch 157/300
01/29 03:50:11 AM | loss = 0.519 + 0.004 + 0.010 = 0.533
01/29 03:50:11 AM | === Batch 158/300
01/29 03:50:11 AM | loss = 0.420 + 0.008 + 0.010 = 0.438
01/29 03:50:11 AM | === Batch 159/300
01/29 03:50:11 AM | loss = 0.466 + 0.012 + 0.010 = 0.487
01/29 03:50:12 AM | === Batch 160/300
01/29 03:50:12 AM | loss = 0.389 + 0.009 + 0.010 = 0.408
01/29 03:50:12 AM | === Batch 161/300
01/29 03:50:12 AM | loss = 0.402 + 0.003 + 0.010 = 0.415
01/29 03:50:12 AM | === Batch 162/300
01/29 03:50:13 AM | loss = 0.528 + 0.014 + 0.010 = 0.552
01/29 03:50:13 AM | === Batch 163/300
01/29 03:50:13 AM | loss = 0.519 + 0.002 + 0.010 = 0.530
01/29 03:50:13 AM | === Batch 164/300
01/29 03:50:13 AM | loss = 0.412 + 0.007 + 0.009 = 0.428
01/29 03:50:14 AM | === Batch 165/300
01/29 03:50:14 AM | loss = 0.421 + 0.006 + 0.009 = 0.436
01/29 03:50:14 AM | === Batch 166/300
01/29 03:50:14 AM | loss = 0.407 + 0.001 + 0.009 = 0.417
01/29 03:50:14 AM | === Batch 167/300
01/29 03:50:15 AM | loss = 0.308 + 0.018 + 0.009 = 0.335
01/29 03:50:15 AM | === Batch 168/300
01/29 03:50:15 AM | loss = 0.512 + 0.007 + 0.009 = 0.529
01/29 03:50:15 AM | === Batch 169/300
01/29 03:50:15 AM | loss = 0.482 + 0.017 + 0.009 = 0.509
01/29 03:50:16 AM | === Batch 170/300
01/29 03:50:16 AM | loss = 0.522 + 0.032 + 0.009 = 0.563
01/29 03:50:16 AM | === Batch 171/300
01/29 03:50:16 AM | loss = 0.355 + 0.041 + 0.009 = 0.405
01/29 03:50:16 AM | === Batch 172/300
01/29 03:50:16 AM | loss = 0.321 + 0.043 + 0.009 = 0.373
01/29 03:50:17 AM | === Batch 173/300
01/29 03:50:17 AM | loss = 0.465 + 0.038 + 0.009 = 0.512
01/29 03:50:17 AM | === Batch 174/300
01/29 03:50:17 AM | loss = 0.517 + 0.031 + 0.009 = 0.557
01/29 03:50:17 AM | === Batch 175/300
01/29 03:50:18 AM | loss = 0.313 + 0.021 + 0.009 = 0.343
01/29 03:50:18 AM | === Batch 176/300
01/29 03:50:18 AM | loss = 0.519 + 0.007 + 0.009 = 0.534
01/29 03:50:18 AM | === Batch 177/300
01/29 03:50:18 AM | loss = 0.390 + 0.017 + 0.009 = 0.416
01/29 03:50:19 AM | === Batch 178/300
01/29 03:50:19 AM | loss = 0.439 + 0.010 + 0.009 = 0.458
01/29 03:50:19 AM | === Batch 179/300
01/29 03:50:19 AM | loss = 0.429 + 0.011 + 0.009 = 0.449
01/29 03:50:19 AM | === Batch 180/300
01/29 03:50:20 AM | loss = 0.390 + 0.019 + 0.008 = 0.418
01/29 03:50:20 AM | === Batch 181/300
01/29 03:50:20 AM | loss = 0.434 + 0.024 + 0.008 = 0.467
01/29 03:50:20 AM | === Batch 182/300
01/29 03:50:20 AM | loss = 0.456 + 0.024 + 0.008 = 0.489
01/29 03:50:21 AM | === Batch 183/300
01/29 03:50:21 AM | loss = 0.335 + 0.020 + 0.008 = 0.363
01/29 03:50:21 AM | === Batch 184/300
01/29 03:50:21 AM | loss = 0.365 + 0.010 + 0.008 = 0.384
01/29 03:50:21 AM | === Batch 185/300
01/29 03:50:22 AM | loss = 0.461 + 0.008 + 0.009 = 0.478
01/29 03:50:22 AM | === Batch 186/300
01/29 03:50:22 AM | loss = 0.426 + 0.000 + 0.008 = 0.435
01/29 03:50:22 AM | === Batch 187/300
01/29 03:50:22 AM | loss = 0.278 + 0.001 + 0.008 = 0.287
01/29 03:50:23 AM | === Batch 188/300
01/29 03:50:23 AM | loss = 0.369 + 0.013 + 0.008 = 0.391
01/29 03:50:23 AM | === Batch 189/300
01/29 03:50:23 AM | loss = 0.426 + 0.022 + 0.008 = 0.456
01/29 03:50:23 AM | === Batch 190/300
01/29 03:50:24 AM | loss = 0.362 + 0.023 + 0.008 = 0.393
01/29 03:50:24 AM | === Batch 191/300
01/29 03:50:24 AM | loss = 0.453 + 0.019 + 0.008 = 0.480
01/29 03:50:24 AM | === Batch 192/300
01/29 03:50:24 AM | loss = 0.426 + 0.011 + 0.008 = 0.446
01/29 03:50:25 AM | === Batch 193/300
01/29 03:50:25 AM | loss = 0.471 + 0.001 + 0.008 = 0.480
01/29 03:50:25 AM | === Batch 194/300
01/29 03:50:25 AM | loss = 0.345 + 0.003 + 0.008 = 0.356
01/29 03:50:25 AM | === Batch 195/300
01/29 03:50:26 AM | loss = 0.419 + 0.001 + 0.008 = 0.428
01/29 03:50:26 AM | === Batch 196/300
01/29 03:50:26 AM | loss = 0.487 + 0.010 + 0.008 = 0.506
01/29 03:50:26 AM | === Batch 197/300
01/29 03:50:26 AM | loss = 0.333 + 0.004 + 0.008 = 0.345
01/29 03:50:27 AM | === Batch 198/300
01/29 03:50:27 AM | loss = 0.503 + 0.009 + 0.008 = 0.521
01/29 03:50:27 AM | === Batch 199/300
01/29 03:50:27 AM | loss = 0.455 + 0.010 + 0.008 = 0.473
01/29 03:50:27 AM | === Batch 200/300
01/29 03:50:27 AM | loss = 0.326 + 0.007 + 0.008 = 0.341
01/29 03:50:28 AM | attribution_score[0:12]: 
[ 1.00  1.00  0.01  0.00  0.00  0.79  0.00  0.00  0.00  0.99  0.00  1.00 ]
[ 1.00  0.01  0.97  0.00  0.99  0.98  1.00  0.00  0.99  0.99  0.99  0.08 ]
[ 1.00  1.00  0.01  1.00  0.00  1.00  0.03  1.00  0.00  0.00  0.00  1.00 ]
[ 0.03  0.06  1.00  1.00  0.32  1.00  0.72  0.73  0.98  0.04  1.00  0.99 ]
[ 0.36  0.20  0.97  0.93  0.52  1.00  0.00  0.01  1.00  0.95  0.99  0.99 ]
[ 0.99  0.99  0.00  0.01  0.65  0.02  0.09  0.01  0.04  0.03  0.00  0.99 ]
[ 1.00  0.99  0.01  0.99  1.00  0.01  1.00  0.01  1.00  1.00  1.00  1.00 ]
[ 0.00  0.23  0.01  0.02  0.03  0.99  1.00  0.00  0.99  0.99  0.03  0.00 ]
[ 0.99  1.00  0.00  0.99  1.00  0.00  0.00  0.99  0.98  0.01  1.00  1.00 ]
[ 0.02  0.00  0.00  0.00  0.19  0.02  0.00  0.00  1.00  0.00  0.95  0.99 ]
[ 0.00  1.00  1.00  0.00  0.01  1.00  1.00  1.00  1.00  0.99  1.00  1.00 ]
[ 1.00  1.00  1.00  1.00  1.00  1.00  1.00  1.00  0.00  1.00  1.00  1.00 ]
[ 1.00  1.00  1.00  1.00  1.00  1.00  1.00  1.00  1.00  1.00  1.00  0.01 ]

01/29 03:50:28 AM | === Batch 201/300
01/29 03:50:28 AM | loss = 0.284 + 0.000 + 0.008 = 0.292
01/29 03:50:28 AM | === Batch 202/300
01/29 03:50:28 AM | loss = 0.453 + 0.021 + 0.008 = 0.481
01/29 03:50:29 AM | === Batch 203/300
01/29 03:50:29 AM | loss = 0.295 + 0.012 + 0.008 = 0.316
01/29 03:50:29 AM | === Batch 204/300
01/29 03:50:29 AM | loss = 0.445 + 0.012 + 0.008 = 0.465
01/29 03:50:29 AM | === Batch 205/300
01/29 03:50:29 AM | loss = 0.281 + 0.024 + 0.008 = 0.313
01/29 03:50:30 AM | === Batch 206/300
01/29 03:50:30 AM | loss = 0.380 + 0.031 + 0.008 = 0.419
01/29 03:50:30 AM | === Batch 207/300
01/29 03:50:30 AM | loss = 0.310 + 0.031 + 0.008 = 0.349
01/29 03:50:30 AM | === Batch 208/300
01/29 03:50:31 AM | loss = 0.287 + 0.027 + 0.008 = 0.321
01/29 03:50:31 AM | === Batch 209/300
01/29 03:50:31 AM | loss = 0.366 + 0.019 + 0.008 = 0.392
01/29 03:50:31 AM | === Batch 210/300
01/29 03:50:31 AM | loss = 0.357 + 0.006 + 0.008 = 0.370
01/29 03:50:32 AM | === Batch 211/300
01/29 03:50:32 AM | loss = 0.611 + 0.017 + 0.008 = 0.636
01/29 03:50:32 AM | === Batch 212/300
01/29 03:50:32 AM | loss = 0.389 + 0.011 + 0.008 = 0.408
01/29 03:50:32 AM | === Batch 213/300
01/29 03:50:33 AM | loss = 0.408 + 0.010 + 0.007 = 0.425
01/29 03:50:33 AM | === Batch 214/300
01/29 03:50:33 AM | loss = 0.557 + 0.019 + 0.007 = 0.583
01/29 03:50:33 AM | === Batch 215/300
01/29 03:50:33 AM | loss = 0.450 + 0.024 + 0.007 = 0.481
01/29 03:50:34 AM | === Batch 216/300
01/29 03:50:34 AM | loss = 0.435 + 0.024 + 0.007 = 0.467
01/29 03:50:34 AM | === Batch 217/300
01/29 03:50:34 AM | loss = 0.410 + 0.022 + 0.007 = 0.439
01/29 03:50:34 AM | === Batch 218/300
01/29 03:50:34 AM | loss = 0.396 + 0.016 + 0.007 = 0.419
01/29 03:50:35 AM | === Batch 219/300
01/29 03:50:35 AM | loss = 0.347 + 0.008 + 0.007 = 0.362
01/29 03:50:35 AM | === Batch 220/300
01/29 03:50:35 AM | loss = 0.541 + 0.009 + 0.007 = 0.557
01/29 03:50:36 AM | === Batch 221/300
01/29 03:50:36 AM | loss = 0.435 + 0.005 + 0.007 = 0.448
01/29 03:50:36 AM | === Batch 222/300
01/29 03:50:36 AM | loss = 0.394 + 0.014 + 0.007 = 0.415
01/29 03:50:36 AM | === Batch 223/300
01/29 03:50:36 AM | loss = 0.490 + 0.024 + 0.007 = 0.521
01/29 03:50:37 AM | === Batch 224/300
01/29 03:50:37 AM | loss = 0.379 + 0.029 + 0.007 = 0.416
01/29 03:50:37 AM | === Batch 225/300
01/29 03:50:37 AM | loss = 0.481 + 0.029 + 0.007 = 0.517
01/29 03:50:37 AM | === Batch 226/300
01/29 03:50:38 AM | loss = 0.304 + 0.025 + 0.007 = 0.336
01/29 03:50:38 AM | === Batch 227/300
01/29 03:50:38 AM | loss = 0.427 + 0.018 + 0.007 = 0.451
01/29 03:50:38 AM | === Batch 228/300
01/29 03:50:38 AM | loss = 0.344 + 0.006 + 0.007 = 0.357
01/29 03:50:39 AM | === Batch 229/300
01/29 03:50:39 AM | loss = 0.362 + 0.018 + 0.007 = 0.388
01/29 03:50:39 AM | === Batch 230/300
01/29 03:50:39 AM | loss = 0.273 + 0.014 + 0.007 = 0.295
01/29 03:50:39 AM | === Batch 231/300
01/29 03:50:40 AM | loss = 0.491 + 0.009 + 0.007 = 0.507
01/29 03:50:40 AM | === Batch 232/300
01/29 03:50:40 AM | loss = 0.337 + 0.019 + 0.007 = 0.363
01/29 03:50:40 AM | === Batch 233/300
01/29 03:50:40 AM | loss = 0.368 + 0.025 + 0.007 = 0.401
01/29 03:50:41 AM | === Batch 234/300
01/29 03:50:41 AM | loss = 0.354 + 0.027 + 0.007 = 0.388
01/29 03:50:41 AM | === Batch 235/300
01/29 03:50:41 AM | loss = 0.340 + 0.025 + 0.007 = 0.372
01/29 03:50:41 AM | === Batch 236/300
01/29 03:50:42 AM | loss = 0.366 + 0.018 + 0.007 = 0.391
01/29 03:50:42 AM | === Batch 237/300
01/29 03:50:42 AM | loss = 0.339 + 0.010 + 0.007 = 0.356
01/29 03:50:42 AM | === Batch 238/300
01/29 03:50:42 AM | loss = 0.508 + 0.007 + 0.007 = 0.522
01/29 03:50:43 AM | === Batch 239/300
01/29 03:50:43 AM | loss = 0.340 + 0.004 + 0.007 = 0.351
01/29 03:50:43 AM | === Batch 240/300
01/29 03:50:43 AM | loss = 0.431 + 0.013 + 0.007 = 0.452
01/29 03:50:43 AM | === Batch 241/300
01/29 03:50:43 AM | loss = 0.345 + 0.024 + 0.007 = 0.375
01/29 03:50:44 AM | === Batch 242/300
01/29 03:50:44 AM | loss = 0.421 + 0.028 + 0.007 = 0.457
01/29 03:50:44 AM | === Batch 243/300
01/29 03:50:44 AM | loss = 0.294 + 0.030 + 0.007 = 0.330
01/29 03:50:44 AM | === Batch 244/300
01/29 03:50:45 AM | loss = 0.321 + 0.028 + 0.007 = 0.355
01/29 03:50:45 AM | === Batch 245/300
01/29 03:50:45 AM | loss = 0.373 + 0.023 + 0.007 = 0.402
01/29 03:50:45 AM | === Batch 246/300
01/29 03:50:45 AM | loss = 0.334 + 0.015 + 0.007 = 0.356
01/29 03:50:46 AM | === Batch 247/300
01/29 03:50:46 AM | loss = 0.254 + 0.003 + 0.007 = 0.264
01/29 03:50:46 AM | === Batch 248/300
01/29 03:50:46 AM | loss = 0.420 + 0.019 + 0.007 = 0.445
01/29 03:50:46 AM | === Batch 249/300
01/29 03:50:47 AM | loss = 0.467 + 0.019 + 0.007 = 0.493
01/29 03:50:47 AM | === Batch 250/300
01/29 03:50:47 AM | loss = 0.334 + 0.001 + 0.007 = 0.342
01/29 03:50:47 AM | === Batch 251/300
01/29 03:50:47 AM | loss = 0.346 + 0.017 + 0.006 = 0.368
01/29 03:50:48 AM | === Batch 252/300
01/29 03:50:48 AM | loss = 0.469 + 0.029 + 0.006 = 0.505
01/29 03:50:48 AM | === Batch 253/300
01/29 03:50:48 AM | loss = 0.365 + 0.038 + 0.006 = 0.410
01/29 03:50:48 AM | === Batch 254/300
01/29 03:50:49 AM | loss = 0.387 + 0.042 + 0.006 = 0.435
01/29 03:50:49 AM | === Batch 255/300
01/29 03:50:49 AM | loss = 0.355 + 0.043 + 0.006 = 0.404
01/29 03:50:49 AM | === Batch 256/300
01/29 03:50:49 AM | loss = 0.270 + 0.042 + 0.006 = 0.318
01/29 03:50:50 AM | === Batch 257/300
01/29 03:50:50 AM | loss = 0.413 + 0.037 + 0.006 = 0.456
01/29 03:50:50 AM | === Batch 258/300
01/29 03:50:50 AM | loss = 0.397 + 0.029 + 0.006 = 0.433
01/29 03:50:50 AM | === Batch 259/300
01/29 03:50:50 AM | loss = 0.500 + 0.021 + 0.006 = 0.526
01/29 03:50:51 AM | === Batch 260/300
01/29 03:50:51 AM | loss = 0.415 + 0.010 + 0.006 = 0.431
01/29 03:50:51 AM | === Batch 261/300
01/29 03:50:51 AM | loss = 0.510 + 0.000 + 0.006 = 0.516
01/29 03:50:51 AM | === Batch 262/300
01/29 03:50:52 AM | loss = 0.430 + 0.002 + 0.006 = 0.437
01/29 03:50:52 AM | === Batch 263/300
01/29 03:50:52 AM | loss = 0.449 + 0.007 + 0.006 = 0.462
01/29 03:50:52 AM | === Batch 264/300
01/29 03:50:52 AM | loss = 0.494 + 0.011 + 0.005 = 0.511
01/29 03:50:53 AM | === Batch 265/300
01/29 03:50:53 AM | loss = 0.387 + 0.011 + 0.005 = 0.404
01/29 03:50:53 AM | === Batch 266/300
01/29 03:50:53 AM | loss = 0.468 + 0.011 + 0.005 = 0.484
01/29 03:50:53 AM | === Batch 267/300
01/29 03:50:54 AM | loss = 0.292 + 0.008 + 0.005 = 0.305
01/29 03:50:54 AM | === Batch 268/300
01/29 03:50:54 AM | loss = 0.412 + 0.003 + 0.006 = 0.420
01/29 03:50:54 AM | === Batch 269/300
01/29 03:50:54 AM | loss = 0.380 + 0.010 + 0.006 = 0.395
01/29 03:50:55 AM | === Batch 270/300
01/29 03:50:55 AM | loss = 0.513 + 0.002 + 0.006 = 0.521
01/29 03:50:55 AM | === Batch 271/300
01/29 03:50:55 AM | loss = 0.292 + 0.012 + 0.006 = 0.309
01/29 03:50:55 AM | === Batch 272/300
01/29 03:50:56 AM | loss = 0.271 + 0.019 + 0.006 = 0.296
01/29 03:50:56 AM | === Batch 273/300
01/29 03:50:56 AM | loss = 0.290 + 0.024 + 0.005 = 0.319
01/29 03:50:56 AM | === Batch 274/300
01/29 03:50:56 AM | loss = 0.490 + 0.024 + 0.006 = 0.520
01/29 03:50:57 AM | === Batch 275/300
01/29 03:50:57 AM | loss = 0.359 + 0.022 + 0.006 = 0.386
01/29 03:50:57 AM | === Batch 276/300
01/29 03:50:57 AM | loss = 0.297 + 0.016 + 0.006 = 0.319
01/29 03:50:57 AM | === Batch 277/300
01/29 03:50:58 AM | loss = 0.267 + 0.008 + 0.006 = 0.280
01/29 03:50:58 AM | === Batch 278/300
01/29 03:50:58 AM | loss = 0.422 + 0.002 + 0.006 = 0.429
01/29 03:50:58 AM | === Batch 279/300
01/29 03:50:58 AM | loss = 0.482 + 0.001 + 0.006 = 0.489
01/29 03:50:59 AM | === Batch 280/300
01/29 03:50:59 AM | loss = 0.328 + 0.001 + 0.006 = 0.334
01/29 03:50:59 AM | === Batch 281/300
01/29 03:50:59 AM | loss = 0.331 + 0.007 + 0.006 = 0.344
01/29 03:50:59 AM | === Batch 282/300
01/29 03:50:59 AM | loss = 0.433 + 0.001 + 0.006 = 0.440
01/29 03:51:00 AM | === Batch 283/300
01/29 03:51:00 AM | loss = 0.396 + 0.004 + 0.006 = 0.405
01/29 03:51:00 AM | === Batch 284/300
01/29 03:51:00 AM | loss = 0.381 + 0.003 + 0.006 = 0.390
01/29 03:51:00 AM | === Batch 285/300
01/29 03:51:01 AM | loss = 0.438 + 0.001 + 0.006 = 0.445
01/29 03:51:01 AM | === Batch 286/300
01/29 03:51:01 AM | loss = 0.391 + 0.006 + 0.006 = 0.403
01/29 03:51:01 AM | === Batch 287/300
01/29 03:51:01 AM | loss = 0.287 + 0.009 + 0.006 = 0.302
01/29 03:51:02 AM | === Batch 288/300
01/29 03:51:02 AM | loss = 0.458 + 0.009 + 0.006 = 0.473
01/29 03:51:02 AM | === Batch 289/300
01/29 03:51:02 AM | loss = 0.471 + 0.005 + 0.006 = 0.482
01/29 03:51:02 AM | === Batch 290/300
01/29 03:51:03 AM | loss = 0.537 + 0.006 + 0.006 = 0.550
01/29 03:51:03 AM | === Batch 291/300
01/29 03:51:03 AM | loss = 0.345 + 0.000 + 0.006 = 0.351
01/29 03:51:03 AM | === Batch 292/300
01/29 03:51:03 AM | loss = 0.376 + 0.001 + 0.006 = 0.383
01/29 03:51:04 AM | === Batch 293/300
01/29 03:51:04 AM | loss = 0.463 + 0.011 + 0.006 = 0.480
01/29 03:51:04 AM | === Batch 294/300
01/29 03:51:04 AM | loss = 0.261 + 0.017 + 0.006 = 0.284
01/29 03:51:04 AM | === Batch 295/300
01/29 03:51:05 AM | loss = 0.345 + 0.018 + 0.006 = 0.370
01/29 03:51:05 AM | === Batch 296/300
01/29 03:51:05 AM | loss = 0.319 + 0.016 + 0.006 = 0.341
01/29 03:51:05 AM | === Batch 297/300
01/29 03:51:05 AM | loss = 0.430 + 0.009 + 0.006 = 0.446
01/29 03:51:06 AM | === Batch 298/300
01/29 03:51:06 AM | loss = 0.264 + 0.000 + 0.006 = 0.271
01/29 03:51:06 AM | === Batch 299/300
01/29 03:51:06 AM | loss = 0.508 + 0.021 + 0.006 = 0.535
01/29 03:51:06 AM | === Batch 300/300
01/29 03:51:06 AM | loss = 0.342 + 0.019 + 0.006 = 0.368
01/29 03:51:07 AM | attribution_score[0:12]: 
[ 1.00  1.00  0.01  0.00  0.00  0.24  0.00  0.00  0.00  0.98  0.00  1.00 ]
[ 1.00  0.00  1.00  0.00  0.99  0.98  1.00  0.00  0.99  0.99  1.00  0.02 ]
[ 1.00  1.00  0.02  1.00  0.00  1.00  0.01  0.98  0.00  0.00  0.00  1.00 ]
[ 0.07  0.09  1.00  1.00  1.00  1.00  0.81  0.99  0.99  0.01  1.00  1.00 ]
[ 1.00  0.01  0.99  0.95  0.98  1.00  0.00  0.01  1.00  0.87  0.99  0.99 ]
[ 0.99  0.98  0.00  0.01  0.90  0.03  0.01  0.00  0.03  0.01  0.00  0.99 ]
[ 1.00  0.99  0.01  0.99  1.00  0.01  1.00  0.01  1.00  1.00  1.00  1.00 ]
[ 0.00  0.01  0.00  0.00  0.01  1.00  1.00  0.00  0.99  0.99  0.01  0.00 ]
[ 1.00  1.00  0.00  0.99  1.00  0.00  0.00  0.99  0.98  0.01  1.00  1.00 ]
[ 0.01  0.00  0.00  0.00  0.99  0.01  0.00  0.00  1.00  0.00  0.98  1.00 ]
[ 0.00  1.00  1.00  0.00  0.01  1.00  1.00  1.00  1.00  1.00  1.00  1.00 ]
[ 1.00  1.00  1.00  1.00  1.00  1.00  1.00  1.00  0.00  1.00  1.00  1.00 ]
[ 1.00  1.00  1.00  1.00  1.00  1.00  1.00  1.00  1.00  1.00  1.00  0.00 ]

01/29 03:51:07 AM | ===
Best loss was 0.26 at iteration 247

01/29 03:51:07 AM | Looking for optimal threshold...
01/29 03:51:07 AM | Testing threshold 0.5
01/29 03:51:07 AM | Distance to target: 1,450,848
01/29 03:51:07 AM | Testing threshold 0.75
01/29 03:51:07 AM | Distance to target: 1,765,960
01/29 03:51:07 AM | Testing threshold 0.625
01/29 03:51:07 AM | Distance to target: 570,504
01/29 03:51:07 AM | Testing threshold 0.6875
01/29 03:51:07 AM | Distance to target: 841,608
01/29 03:51:07 AM | Testing threshold 0.65625
01/29 03:51:07 AM | Distance to target: 570,504
01/29 03:51:07 AM | Testing threshold 0.671875
01/29 03:51:07 AM | Distance to target: 475,016
01/29 03:51:07 AM | Testing threshold 0.6640625
01/29 03:51:07 AM | Distance to target: 276,344
01/29 03:51:07 AM | Testing threshold 0.66796875
01/29 03:51:07 AM | Distance to target: 276,344
01/29 03:51:07 AM | Testing threshold 0.669921875
01/29 03:51:07 AM | Distance to target: 475,016
01/29 03:51:07 AM | Testing threshold 0.6689453125
01/29 03:51:07 AM | Distance to target: 475,016
01/29 03:51:07 AM | Testing threshold 0.66845703125
01/29 03:51:07 AM | Distance to target: 67,464
01/29 03:51:07 AM | Testing threshold 0.668212890625
01/29 03:51:07 AM | Distance to target: 67,464
01/29 03:51:07 AM | Testing threshold 0.6680908203125
01/29 03:51:07 AM | Distance to target: 67,464
01/29 03:51:07 AM | Testing threshold 0.66802978515625
01/29 03:51:07 AM | Distance to target: 276,344
01/29 03:51:07 AM | Testing threshold 0.668060302734375
01/29 03:51:07 AM | Distance to target: 276,344
01/29 03:51:07 AM | Testing threshold 0.6680755615234375
01/29 03:51:07 AM | Distance to target: 67,464
01/29 03:51:07 AM | Testing threshold 0.6680679321289062
01/29 03:51:07 AM | Distance to target: 67,464
01/29 03:51:07 AM | Testing threshold 0.6680641174316406
01/29 03:51:07 AM | Distance to target: 67,464
01/29 03:51:07 AM | Testing threshold 0.6680622100830078
01/29 03:51:07 AM | Distance to target: 67,464
01/29 03:51:07 AM | Testing threshold 0.6680612564086914
01/29 03:51:07 AM | Distance to target: 276,344
01/29 03:51:07 AM | Testing threshold 0.6680617332458496
01/29 03:51:07 AM | Distance to target: 67,464
01/29 03:51:07 AM | Testing threshold 0.6680614948272705
01/29 03:51:07 AM | Distance to target: 276,344
01/29 03:51:07 AM | Testing threshold 0.6680616140365601
01/29 03:51:07 AM | Distance to target: 67,464
01/29 03:51:07 AM | Testing threshold 0.6680615544319153
01/29 03:51:07 AM | Distance to target: 276,344
01/29 03:51:07 AM | Testing threshold 0.6680615842342377
01/29 03:51:07 AM | Distance to target: 276,344
01/29 03:51:07 AM | Testing threshold 0.6680615991353989
01/29 03:51:07 AM | Distance to target: 276,344
01/29 03:51:07 AM | Testing threshold 0.6680616065859795
01/29 03:51:07 AM | Distance to target: 276,344
01/29 03:51:07 AM | Testing threshold 0.6680616103112698
01/29 03:51:07 AM | Distance to target: 276,344
01/29 03:51:07 AM | Testing threshold 0.6680616121739149
01/29 03:51:07 AM | Distance to target: 276,344
01/29 03:51:07 AM | Testing threshold 0.6680616131052375
01/29 03:51:07 AM | Distance to target: 276,344
01/29 03:51:07 AM | Testing threshold 0.6680616135708988
01/29 03:51:07 AM | Distance to target: 276,344
01/29 03:51:07 AM | Testing threshold 0.6680616138037294
01/29 03:51:07 AM | Distance to target: 276,344
01/29 03:51:07 AM | Testing threshold 0.6680616139201447
01/29 03:51:07 AM | Distance to target: 276,344
01/29 03:51:07 AM | Testing threshold 0.6680616139783524
01/29 03:51:07 AM | Distance to target: 276,344
01/29 03:51:07 AM | Testing threshold 0.6680616140074562
01/29 03:51:07 AM | Distance to target: 276,344
01/29 03:51:07 AM | Testing threshold 0.6680616140220081
01/29 03:51:07 AM | Distance to target: 276,344
01/29 03:51:07 AM | Testing threshold 0.6680616140292841
01/29 03:51:07 AM | Distance to target: 276,344
01/29 03:51:07 AM | Testing threshold 0.6680616140329221
01/29 03:51:07 AM | Distance to target: 276,344
01/29 03:51:07 AM | Testing threshold 0.6680616140347411
01/29 03:51:07 AM | Distance to target: 276,344
01/29 03:51:07 AM | Testing threshold 0.6680616140356506
01/29 03:51:07 AM | Distance to target: 276,344
01/29 03:51:07 AM | Testing threshold 0.6680616140361053
01/29 03:51:07 AM | Distance to target: 276,344
01/29 03:51:07 AM | Testing threshold 0.6680616140363327
01/29 03:51:07 AM | Distance to target: 276,344
01/29 03:51:07 AM | Testing threshold 0.6680616140364464
01/29 03:51:07 AM | Distance to target: 276,344
01/29 03:51:07 AM | Testing threshold 0.6680616140365032
01/29 03:51:07 AM | Distance to target: 276,344
01/29 03:51:07 AM | Testing threshold 0.6680616140365316
01/29 03:51:07 AM | Distance to target: 276,344
01/29 03:51:07 AM | Testing threshold 0.6680616140365458
01/29 03:51:07 AM | Distance to target: 276,344
01/29 03:51:07 AM | Testing threshold 0.668061614036553
01/29 03:51:07 AM | Distance to target: 276,344
01/29 03:51:07 AM | Testing threshold 0.6680616140365565
01/29 03:51:07 AM | Distance to target: 276,344
01/29 03:51:07 AM | Testing threshold 0.6680616140365583
01/29 03:51:07 AM | Distance to target: 276,344
01/29 03:51:07 AM | Testing threshold 0.6680616140365592
01/29 03:51:07 AM | Distance to target: 276,344
01/29 03:51:09 AM | attribution_score[0:12]: 
[ 1.00  1.00  0.00  0.00  0.00  1.00  0.00  0.00  0.00  1.00  0.00  1.00 ]
[ 1.00  0.00  1.00  0.00  1.00  1.00  1.00  0.00  1.00  1.00  1.00  0.00 ]
[ 1.00  1.00  0.00  1.00  0.00  1.00  0.00  1.00  0.00  0.00  0.00  1.00 ]
[ 0.00  0.00  1.00  1.00  1.00  1.00  0.00  1.00  1.00  0.00  1.00  1.00 ]
[ 1.00  0.00  1.00  0.00  1.00  1.00  0.00  0.00  1.00  1.00  1.00  1.00 ]
[ 1.00  1.00  0.00  0.00  1.00  0.00  0.00  0.00  0.00  0.00  0.00  1.00 ]
[ 1.00  1.00  0.00  1.00  1.00  0.00  1.00  0.00  1.00  1.00  1.00  1.00 ]
[ 0.00  0.00  0.00  0.00  0.00  1.00  1.00  0.00  1.00  1.00  0.00  0.00 ]
[ 1.00  1.00  0.00  1.00  1.00  0.00  0.00  1.00  1.00  0.00  1.00  1.00 ]
[ 0.00  0.00  0.00  0.00  0.00  0.00  0.00  0.00  1.00  0.00  1.00  1.00 ]
[ 0.00  1.00  1.00  0.00  0.00  1.00  1.00  1.00  1.00  1.00  1.00  1.00 ]
[ 1.00  1.00  1.00  1.00  1.00  1.00  1.00  1.00  0.00  1.00  1.00  1.00 ]
[ 1.00  1.00  1.00  1.00  1.00  1.00  1.00  1.00  1.00  1.00  1.00  0.00 ]

01/29 03:51:09 AM | VGG(
  (features): Sequential(
    (conv0): Conv2d(3, 26, kernel_size=(3, 3), stride=(1, 1), padding=(1, 1))
    (norm0): BatchNorm2d(26, eps=1e-05, momentum=0.1, affine=True, track_running_stats=True)
    (relu0): ReLU(inplace=True)
    (conv1): Conv2d(26, 49, kernel_size=(3, 3), stride=(1, 1), padding=(1, 1))
    (norm1): BatchNorm2d(49, eps=1e-05, momentum=0.1, affine=True, track_running_stats=True)
    (relu1): ReLU(inplace=True)
    (pool2): MaxPool2d(kernel_size=2, stride=2, padding=0, dilation=1, ceil_mode=False)
    (conv3): Conv2d(49, 73, kernel_size=(3, 3), stride=(1, 1), padding=(1, 1))
    (norm3): BatchNorm2d(73, eps=1e-05, momentum=0.1, affine=True, track_running_stats=True)
    (relu3): ReLU(inplace=True)
    (conv4): Conv2d(73, 100, kernel_size=(3, 3), stride=(1, 1), padding=(1, 1))
    (norm4): BatchNorm2d(100, eps=1e-05, momentum=0.1, affine=True, track_running_stats=True)
    (relu4): ReLU(inplace=True)
    (pool5): MaxPool2d(kernel_size=2, stride=2, padding=0, dilation=1, ceil_mode=False)
    (conv6): Conv2d(100, 163, kernel_size=(3, 3), stride=(1, 1), padding=(1, 1))
    (norm6): BatchNorm2d(163, eps=1e-05, momentum=0.1, affine=True, track_running_stats=True)
    (relu6): ReLU(inplace=True)
    (conv7): Conv2d(163, 134, kernel_size=(3, 3), stride=(1, 1), padding=(1, 1))
    (norm7): BatchNorm2d(134, eps=1e-05, momentum=0.1, affine=True, track_running_stats=True)
    (relu7): ReLU(inplace=True)
    (conv8): Conv2d(134, 155, kernel_size=(3, 3), stride=(1, 1), padding=(1, 1))
    (norm8): BatchNorm2d(155, eps=1e-05, momentum=0.1, affine=True, track_running_stats=True)
    (relu8): ReLU(inplace=True)
    (pool9): MaxPool2d(kernel_size=2, stride=2, padding=0, dilation=1, ceil_mode=False)
    (conv10): Conv2d(155, 229, kernel_size=(3, 3), stride=(1, 1), padding=(1, 1))
    (norm10): BatchNorm2d(229, eps=1e-05, momentum=0.1, affine=True, track_running_stats=True)
    (relu10): ReLU(inplace=True)
    (conv11): Conv2d(229, 194, kernel_size=(3, 3), stride=(1, 1), padding=(1, 1))
    (norm11): BatchNorm2d(194, eps=1e-05, momentum=0.1, affine=True, track_running_stats=True)
    (relu11): ReLU(inplace=True)
    (conv12): Conv2d(194, 247, kernel_size=(3, 3), stride=(1, 1), padding=(1, 1))
    (norm12): BatchNorm2d(247, eps=1e-05, momentum=0.1, affine=True, track_running_stats=True)
    (relu12): ReLU(inplace=True)
    (pool13): MaxPool2d(kernel_size=2, stride=2, padding=0, dilation=1, ceil_mode=False)
    (conv14): Conv2d(247, 389, kernel_size=(3, 3), stride=(1, 1), padding=(1, 1))
    (norm14): BatchNorm2d(389, eps=1e-05, momentum=0.1, affine=True, track_running_stats=True)
    (relu14): ReLU(inplace=True)
    (conv15): Conv2d(389, 457, kernel_size=(3, 3), stride=(1, 1), padding=(1, 1))
    (norm15): BatchNorm2d(457, eps=1e-05, momentum=0.1, affine=True, track_running_stats=True)
    (relu15): ReLU(inplace=True)
    (conv16): Conv2d(457, 504, kernel_size=(3, 3), stride=(1, 1), padding=(1, 1))
    (norm16): BatchNorm2d(504, eps=1e-05, momentum=0.1, affine=True, track_running_stats=True)
    (relu16): ReLU(inplace=True)
  )
  (classifier): Sequential(
    (linear1): Linear(in_features=504, out_features=512, bias=True)
    (norm1): BatchNorm1d(512, eps=1e-05, momentum=0.1, affine=True, track_running_stats=True)
    (relu1): ReLU(inplace=True)
    (linear2): Linear(in_features=512, out_features=10, bias=True)
  )
)
01/29 03:51:10 AM | ----------------------------------------
01/29 03:51:10 AM | Performances input model:
01/29 03:51:10 AM |  - flops: 314,294,272
01/29 03:51:10 AM |  - params: 14,991,946
01/29 03:51:10 AM |  - accuracy: 93.95999908447266
01/29 03:51:10 AM | ----------------------------------------
01/29 03:51:10 AM | Performances pseudo-pruned model:
01/29 03:51:10 AM |  - flops: 314,294,272
01/29 03:51:10 AM |  - params: 14,991,946
01/29 03:51:10 AM |  - accuracy: 81.82999420166016
01/29 03:51:10 AM | ----------------------------------------
01/29 03:51:10 AM | Performances pruned model:
01/29 03:51:10 AM |  - flops: 108,775,992
01/29 03:51:10 AM |  - params: 6,601,350
01/29 03:51:10 AM |  - accuracy: 81.82999420166016
01/29 03:51:10 AM | ----------------------------------------
01/29 03:51:10 AM | Total time: 129.03s
