01/29 09:40:40 PM | args = Namespace(output_dir='result/rebuttal/nb_epoch/vgg/nbbtchs8/seed_00', loaded_model_path='./checkpoints/cifar10/vgg_16_bn.pt', resume=False, test_only=False, mode='prune', batch_size=64, nb_batches=8, Mflops_target=None, lr=0.6, momentum=0.9, beta=6, gamma=0.4, gpu='0', num_workers=4, dataset='cifar10', arch='vgg_16_bn', save_plot=False, seed=0, lr_finetuning=0.02, epoch_finetuning=200, wd=0.002, data_dir='./data/cifar10/', print_freq=200, num_classes=10, device_ids=[0], device=device(type='cuda', index=0), name_base='')
01/29 09:40:51 PM | ----------------------------------------
01/29 09:40:51 PM | ==> Building model...
01/29 09:40:52 PM | ----------------------------------------
01/29 09:40:52 PM | ==> Loading weights into the model...
01/29 09:40:52 PM | ----------------------------------------
01/29 09:40:52 PM | VGG(
  (features): Sequential(
    (conv0): Conv2d(3, 64, kernel_size=(3, 3), stride=(1, 1), padding=(1, 1))
    (norm0): BatchNorm2d(64, eps=1e-05, momentum=0.1, affine=True, track_running_stats=True)
    (relu0): ReLU(inplace=True)
    (conv1): Conv2d(64, 64, kernel_size=(3, 3), stride=(1, 1), padding=(1, 1))
    (norm1): BatchNorm2d(64, eps=1e-05, momentum=0.1, affine=True, track_running_stats=True)
    (relu1): ReLU(inplace=True)
    (pool2): MaxPool2d(kernel_size=2, stride=2, padding=0, dilation=1, ceil_mode=False)
    (conv3): Conv2d(64, 128, kernel_size=(3, 3), stride=(1, 1), padding=(1, 1))
    (norm3): BatchNorm2d(128, eps=1e-05, momentum=0.1, affine=True, track_running_stats=True)
    (relu3): ReLU(inplace=True)
    (conv4): Conv2d(128, 128, kernel_size=(3, 3), stride=(1, 1), padding=(1, 1))
    (norm4): BatchNorm2d(128, eps=1e-05, momentum=0.1, affine=True, track_running_stats=True)
    (relu4): ReLU(inplace=True)
    (pool5): MaxPool2d(kernel_size=2, stride=2, padding=0, dilation=1, ceil_mode=False)
    (conv6): Conv2d(128, 256, kernel_size=(3, 3), stride=(1, 1), padding=(1, 1))
    (norm6): BatchNorm2d(256, eps=1e-05, momentum=0.1, affine=True, track_running_stats=True)
    (relu6): ReLU(inplace=True)
    (conv7): Conv2d(256, 256, kernel_size=(3, 3), stride=(1, 1), padding=(1, 1))
    (norm7): BatchNorm2d(256, eps=1e-05, momentum=0.1, affine=True, track_running_stats=True)
    (relu7): ReLU(inplace=True)
    (conv8): Conv2d(256, 256, kernel_size=(3, 3), stride=(1, 1), padding=(1, 1))
    (norm8): BatchNorm2d(256, eps=1e-05, momentum=0.1, affine=True, track_running_stats=True)
    (relu8): ReLU(inplace=True)
    (pool9): MaxPool2d(kernel_size=2, stride=2, padding=0, dilation=1, ceil_mode=False)
    (conv10): Conv2d(256, 512, kernel_size=(3, 3), stride=(1, 1), padding=(1, 1))
    (norm10): BatchNorm2d(512, eps=1e-05, momentum=0.1, affine=True, track_running_stats=True)
    (relu10): ReLU(inplace=True)
    (conv11): Conv2d(512, 512, kernel_size=(3, 3), stride=(1, 1), padding=(1, 1))
    (norm11): BatchNorm2d(512, eps=1e-05, momentum=0.1, affine=True, track_running_stats=True)
    (relu11): ReLU(inplace=True)
    (conv12): Conv2d(512, 512, kernel_size=(3, 3), stride=(1, 1), padding=(1, 1))
    (norm12): BatchNorm2d(512, eps=1e-05, momentum=0.1, affine=True, track_running_stats=True)
    (relu12): ReLU(inplace=True)
    (pool13): MaxPool2d(kernel_size=2, stride=2, padding=0, dilation=1, ceil_mode=False)
    (conv14): Conv2d(512, 512, kernel_size=(3, 3), stride=(1, 1), padding=(1, 1))
    (norm14): BatchNorm2d(512, eps=1e-05, momentum=0.1, affine=True, track_running_stats=True)
    (relu14): ReLU(inplace=True)
    (conv15): Conv2d(512, 512, kernel_size=(3, 3), stride=(1, 1), padding=(1, 1))
    (norm15): BatchNorm2d(512, eps=1e-05, momentum=0.1, affine=True, track_running_stats=True)
    (relu15): ReLU(inplace=True)
    (conv16): Conv2d(512, 512, kernel_size=(3, 3), stride=(1, 1), padding=(1, 1))
    (norm16): BatchNorm2d(512, eps=1e-05, momentum=0.1, affine=True, track_running_stats=True)
    (relu16): ReLU(inplace=True)
  )
  (classifier): Sequential(
    (linear1): Linear(in_features=512, out_features=512, bias=True)
    (norm1): BatchNorm1d(512, eps=1e-05, momentum=0.1, affine=True, track_running_stats=True)
    (relu1): ReLU(inplace=True)
    (linear2): Linear(in_features=512, out_features=10, bias=True)
  )
)
01/29 09:40:53 PM | Save modules info...
01/29 09:40:53 PM | FLOPS pruning ratio is 0.65
01/29 09:40:53 PM | Pruning with information flow
01/29 09:40:53 PM | -----
01/29 09:40:53 PM | module: Conv2d(3, 64, kernel_size=(3, 3), stride=(1, 1), padding=(1, 1))
01/29 09:40:53 PM | cin: None
01/29 09:40:53 PM | cout: [0]
01/29 09:40:53 PM | inactive
01/29 09:40:53 PM | -----
01/29 09:40:53 PM | module: BatchNorm2d(64, eps=1e-05, momentum=0.1, affine=True, track_running_stats=True)
01/29 09:40:53 PM | cin: [0]
01/29 09:40:53 PM | cout: [0]
01/29 09:40:53 PM | inactive
01/29 09:40:53 PM | -----
01/29 09:40:53 PM | module: ReLU(inplace=True)
01/29 09:40:53 PM | cin: [0]
01/29 09:40:53 PM | cout: [0]
01/29 09:40:53 PM | active
01/29 09:40:53 PM | -----
01/29 09:40:53 PM | module: Conv2d(64, 64, kernel_size=(3, 3), stride=(1, 1), padding=(1, 1))
01/29 09:40:53 PM | cin: [0]
01/29 09:40:53 PM | cout: [1]
01/29 09:40:53 PM | inactive
01/29 09:40:53 PM | -----
01/29 09:40:53 PM | module: BatchNorm2d(64, eps=1e-05, momentum=0.1, affine=True, track_running_stats=True)
01/29 09:40:53 PM | cin: [1]
01/29 09:40:53 PM | cout: [1]
01/29 09:40:53 PM | inactive
01/29 09:40:53 PM | -----
01/29 09:40:53 PM | module: ReLU(inplace=True)
01/29 09:40:53 PM | cin: [1]
01/29 09:40:53 PM | cout: [1]
01/29 09:40:53 PM | active
01/29 09:40:53 PM | -----
01/29 09:40:53 PM | module: MaxPool2d(kernel_size=2, stride=2, padding=0, dilation=1, ceil_mode=False)
01/29 09:40:53 PM | cin: [1]
01/29 09:40:53 PM | cout: [1]
01/29 09:40:53 PM | inactive
01/29 09:40:53 PM | -----
01/29 09:40:53 PM | module: Conv2d(64, 128, kernel_size=(3, 3), stride=(1, 1), padding=(1, 1))
01/29 09:40:53 PM | cin: [1]
01/29 09:40:53 PM | cout: [2]
01/29 09:40:53 PM | inactive
01/29 09:40:53 PM | -----
01/29 09:40:53 PM | module: BatchNorm2d(128, eps=1e-05, momentum=0.1, affine=True, track_running_stats=True)
01/29 09:40:53 PM | cin: [2]
01/29 09:40:53 PM | cout: [2]
01/29 09:40:53 PM | inactive
01/29 09:40:53 PM | -----
01/29 09:40:53 PM | module: ReLU(inplace=True)
01/29 09:40:53 PM | cin: [2]
01/29 09:40:53 PM | cout: [2]
01/29 09:40:53 PM | active
01/29 09:40:53 PM | -----
01/29 09:40:53 PM | module: Conv2d(128, 128, kernel_size=(3, 3), stride=(1, 1), padding=(1, 1))
01/29 09:40:53 PM | cin: [2]
01/29 09:40:53 PM | cout: [3]
01/29 09:40:53 PM | inactive
01/29 09:40:53 PM | -----
01/29 09:40:53 PM | module: BatchNorm2d(128, eps=1e-05, momentum=0.1, affine=True, track_running_stats=True)
01/29 09:40:53 PM | cin: [3]
01/29 09:40:53 PM | cout: [3]
01/29 09:40:53 PM | inactive
01/29 09:40:53 PM | -----
01/29 09:40:53 PM | module: ReLU(inplace=True)
01/29 09:40:53 PM | cin: [3]
01/29 09:40:53 PM | cout: [3]
01/29 09:40:53 PM | active
01/29 09:40:53 PM | -----
01/29 09:40:53 PM | module: MaxPool2d(kernel_size=2, stride=2, padding=0, dilation=1, ceil_mode=False)
01/29 09:40:53 PM | cin: [3]
01/29 09:40:53 PM | cout: [3]
01/29 09:40:53 PM | inactive
01/29 09:40:53 PM | -----
01/29 09:40:53 PM | module: Conv2d(128, 256, kernel_size=(3, 3), stride=(1, 1), padding=(1, 1))
01/29 09:40:53 PM | cin: [3]
01/29 09:40:53 PM | cout: [4]
01/29 09:40:53 PM | inactive
01/29 09:40:53 PM | -----
01/29 09:40:53 PM | module: BatchNorm2d(256, eps=1e-05, momentum=0.1, affine=True, track_running_stats=True)
01/29 09:40:53 PM | cin: [4]
01/29 09:40:53 PM | cout: [4]
01/29 09:40:53 PM | inactive
01/29 09:40:53 PM | -----
01/29 09:40:53 PM | module: ReLU(inplace=True)
01/29 09:40:53 PM | cin: [4]
01/29 09:40:53 PM | cout: [4]
01/29 09:40:53 PM | active
01/29 09:40:53 PM | -----
01/29 09:40:53 PM | module: Conv2d(256, 256, kernel_size=(3, 3), stride=(1, 1), padding=(1, 1))
01/29 09:40:53 PM | cin: [4]
01/29 09:40:53 PM | cout: [5]
01/29 09:40:53 PM | inactive
01/29 09:40:53 PM | -----
01/29 09:40:53 PM | module: BatchNorm2d(256, eps=1e-05, momentum=0.1, affine=True, track_running_stats=True)
01/29 09:40:53 PM | cin: [5]
01/29 09:40:53 PM | cout: [5]
01/29 09:40:53 PM | inactive
01/29 09:40:53 PM | -----
01/29 09:40:53 PM | module: ReLU(inplace=True)
01/29 09:40:53 PM | cin: [5]
01/29 09:40:53 PM | cout: [5]
01/29 09:40:53 PM | active
01/29 09:40:53 PM | -----
01/29 09:40:53 PM | module: Conv2d(256, 256, kernel_size=(3, 3), stride=(1, 1), padding=(1, 1))
01/29 09:40:53 PM | cin: [5]
01/29 09:40:53 PM | cout: [6]
01/29 09:40:53 PM | inactive
01/29 09:40:53 PM | -----
01/29 09:40:53 PM | module: BatchNorm2d(256, eps=1e-05, momentum=0.1, affine=True, track_running_stats=True)
01/29 09:40:53 PM | cin: [6]
01/29 09:40:53 PM | cout: [6]
01/29 09:40:53 PM | inactive
01/29 09:40:53 PM | -----
01/29 09:40:53 PM | module: ReLU(inplace=True)
01/29 09:40:53 PM | cin: [6]
01/29 09:40:53 PM | cout: [6]
01/29 09:40:53 PM | active
01/29 09:40:53 PM | -----
01/29 09:40:53 PM | module: MaxPool2d(kernel_size=2, stride=2, padding=0, dilation=1, ceil_mode=False)
01/29 09:40:53 PM | cin: [6]
01/29 09:40:53 PM | cout: [6]
01/29 09:40:53 PM | inactive
01/29 09:40:53 PM | -----
01/29 09:40:53 PM | module: Conv2d(256, 512, kernel_size=(3, 3), stride=(1, 1), padding=(1, 1))
01/29 09:40:53 PM | cin: [6]
01/29 09:40:53 PM | cout: [7]
01/29 09:40:53 PM | inactive
01/29 09:40:53 PM | -----
01/29 09:40:53 PM | module: BatchNorm2d(512, eps=1e-05, momentum=0.1, affine=True, track_running_stats=True)
01/29 09:40:53 PM | cin: [7]
01/29 09:40:53 PM | cout: [7]
01/29 09:40:53 PM | inactive
01/29 09:40:53 PM | -----
01/29 09:40:53 PM | module: ReLU(inplace=True)
01/29 09:40:53 PM | cin: [7]
01/29 09:40:53 PM | cout: [7]
01/29 09:40:53 PM | active
01/29 09:40:53 PM | -----
01/29 09:40:53 PM | module: Conv2d(512, 512, kernel_size=(3, 3), stride=(1, 1), padding=(1, 1))
01/29 09:40:53 PM | cin: [7]
01/29 09:40:53 PM | cout: [8]
01/29 09:40:53 PM | inactive
01/29 09:40:53 PM | -----
01/29 09:40:53 PM | module: BatchNorm2d(512, eps=1e-05, momentum=0.1, affine=True, track_running_stats=True)
01/29 09:40:53 PM | cin: [8]
01/29 09:40:53 PM | cout: [8]
01/29 09:40:53 PM | inactive
01/29 09:40:53 PM | -----
01/29 09:40:53 PM | module: ReLU(inplace=True)
01/29 09:40:53 PM | cin: [8]
01/29 09:40:53 PM | cout: [8]
01/29 09:40:53 PM | active
01/29 09:40:53 PM | -----
01/29 09:40:53 PM | module: Conv2d(512, 512, kernel_size=(3, 3), stride=(1, 1), padding=(1, 1))
01/29 09:40:53 PM | cin: [8]
01/29 09:40:53 PM | cout: [9]
01/29 09:40:53 PM | inactive
01/29 09:40:53 PM | -----
01/29 09:40:53 PM | module: BatchNorm2d(512, eps=1e-05, momentum=0.1, affine=True, track_running_stats=True)
01/29 09:40:53 PM | cin: [9]
01/29 09:40:53 PM | cout: [9]
01/29 09:40:53 PM | inactive
01/29 09:40:53 PM | -----
01/29 09:40:53 PM | module: ReLU(inplace=True)
01/29 09:40:53 PM | cin: [9]
01/29 09:40:53 PM | cout: [9]
01/29 09:40:53 PM | active
01/29 09:40:53 PM | -----
01/29 09:40:53 PM | module: MaxPool2d(kernel_size=2, stride=2, padding=0, dilation=1, ceil_mode=False)
01/29 09:40:53 PM | cin: [9]
01/29 09:40:53 PM | cout: [9]
01/29 09:40:53 PM | inactive
01/29 09:40:53 PM | -----
01/29 09:40:53 PM | module: Conv2d(512, 512, kernel_size=(3, 3), stride=(1, 1), padding=(1, 1))
01/29 09:40:53 PM | cin: [9]
01/29 09:40:53 PM | cout: [10]
01/29 09:40:53 PM | inactive
01/29 09:40:53 PM | -----
01/29 09:40:53 PM | module: BatchNorm2d(512, eps=1e-05, momentum=0.1, affine=True, track_running_stats=True)
01/29 09:40:53 PM | cin: [10]
01/29 09:40:53 PM | cout: [10]
01/29 09:40:53 PM | inactive
01/29 09:40:53 PM | -----
01/29 09:40:53 PM | module: ReLU(inplace=True)
01/29 09:40:53 PM | cin: [10]
01/29 09:40:53 PM | cout: [10]
01/29 09:40:53 PM | active
01/29 09:40:53 PM | -----
01/29 09:40:53 PM | module: Conv2d(512, 512, kernel_size=(3, 3), stride=(1, 1), padding=(1, 1))
01/29 09:40:53 PM | cin: [10]
01/29 09:40:53 PM | cout: [11]
01/29 09:40:53 PM | inactive
01/29 09:40:53 PM | -----
01/29 09:40:53 PM | module: BatchNorm2d(512, eps=1e-05, momentum=0.1, affine=True, track_running_stats=True)
01/29 09:40:53 PM | cin: [11]
01/29 09:40:53 PM | cout: [11]
01/29 09:40:53 PM | inactive
01/29 09:40:53 PM | -----
01/29 09:40:53 PM | module: ReLU(inplace=True)
01/29 09:40:53 PM | cin: [11]
01/29 09:40:53 PM | cout: [11]
01/29 09:40:53 PM | active
01/29 09:40:53 PM | -----
01/29 09:40:53 PM | module: Conv2d(512, 512, kernel_size=(3, 3), stride=(1, 1), padding=(1, 1))
01/29 09:40:53 PM | cin: [11]
01/29 09:40:53 PM | cout: [12]
01/29 09:40:53 PM | inactive
01/29 09:40:53 PM | -----
01/29 09:40:53 PM | module: BatchNorm2d(512, eps=1e-05, momentum=0.1, affine=True, track_running_stats=True)
01/29 09:40:53 PM | cin: [12]
01/29 09:40:53 PM | cout: [12]
01/29 09:40:53 PM | inactive
01/29 09:40:53 PM | -----
01/29 09:40:53 PM | module: ReLU(inplace=True)
01/29 09:40:53 PM | cin: [12]
01/29 09:40:53 PM | cout: [12]
01/29 09:40:53 PM | active
01/29 09:40:53 PM | -----
01/29 09:40:53 PM | module: Linear(in_features=512, out_features=512, bias=True)
01/29 09:40:53 PM | cin: [12]
01/29 09:40:53 PM | cout: None
01/29 09:40:53 PM | inactive
01/29 09:40:53 PM | -----
01/29 09:40:53 PM | module: ReLU(inplace=True)
01/29 09:40:53 PM | cin: None
01/29 09:40:53 PM | cout: None
01/29 09:40:53 PM | active
01/29 09:40:53 PM | -----
01/29 09:40:53 PM | module: Linear(in_features=512, out_features=10, bias=True)
01/29 09:40:53 PM | cin: None
01/29 09:40:53 PM | cout: None
01/29 09:40:53 PM | inactive
01/29 09:40:53 PM | Used masks: [0, 1, 2, 3, 4, 5, 6, 7, 8, 9, 10, 11, 12]
01/29 09:40:53 PM | 13 unique masks in total
01/29 09:40:54 PM | === Batch 1/8
01/29 09:40:54 PM | loss = 0.047 + 4.266 + 0.040 = 4.353
01/29 09:40:54 PM | attribution_score[0:12]: 
[ 0.94  0.83  0.83  0.83  0.83  0.83  0.83  0.83  0.83  0.83  0.83  0.83 ]
[ 0.83  0.83  0.83  0.83  0.83  0.83  0.83  0.83  0.83  0.83  0.83  0.83 ]
[ 0.94  0.83  0.83  0.83  0.83  0.83  0.83  0.83  0.83  0.83  0.83  0.94 ]
[ 0.83  0.83  0.94  0.83  0.83  0.83  0.83  0.83  0.83  0.83  0.83  0.83 ]
[ 0.83  0.83  0.94  0.83  0.83  0.83  0.83  0.83  0.83  0.83  0.83  0.83 ]
[ 0.83  0.83  0.83  0.83  0.83  0.83  0.83  0.83  0.83  0.83  0.83  0.83 ]
[ 0.83  0.83  0.94  0.83  0.83  0.83  0.83  0.83  0.83  0.83  0.83  0.83 ]
[ 0.83  0.83  0.83  0.83  0.83  0.83  0.83  0.83  0.83  0.83  0.83  0.83 ]
[ 0.83  0.83  0.83  0.83  0.83  0.83  0.83  0.83  0.83  0.83  0.83  0.83 ]
[ 0.83  0.83  0.83  0.83  0.83  0.83  0.83  0.83  0.83  0.83  0.83  0.83 ]
[ 0.83  0.83  0.83  0.83  0.83  0.83  0.83  0.83  0.83  0.83  0.94  0.83 ]
[ 0.83  0.94  0.83  0.83  0.83  0.83  0.83  0.94  0.83  0.83  0.83  0.83 ]
[ 0.94  0.94  0.94  0.94  0.94  0.94  0.83  0.83  0.94  0.94  0.94  0.83 ]

01/29 09:40:54 PM | === Batch 2/8
01/29 09:40:54 PM | loss = 0.345 + 3.308 + 0.062 = 3.715
01/29 09:40:55 PM | attribution_score[0:12]: 
[ 0.96  0.88  0.77  0.73  0.75  0.73  0.73  0.73  0.73  0.73  0.73  0.81 ]
[ 0.87  0.76  0.75  0.74  0.87  0.73  0.74  0.73  0.73  0.86  0.88  0.74 ]
[ 0.96  0.88  0.74  0.88  0.73  0.88  0.86  0.77  0.74  0.74  0.73  0.96 ]
[ 0.73  0.83  0.96  0.74  0.76  0.73  0.85  0.87  0.81  0.85  0.73  0.88 ]
[ 0.83  0.76  0.96  0.74  0.75  0.73  0.73  0.75  0.74  0.74  0.86  0.85 ]
[ 0.73  0.75  0.77  0.74  0.73  0.80  0.74  0.74  0.73  0.74  0.73  0.86 ]
[ 0.74  0.73  0.94  0.74  0.74  0.75  0.74  0.73  0.76  0.74  0.86  0.75 ]
[ 0.73  0.73  0.73  0.73  0.74  0.73  0.73  0.73  0.74  0.73  0.73  0.82 ]
[ 0.75  0.73  0.73  0.73  0.74  0.73  0.73  0.73  0.74  0.73  0.80  0.73 ]
[ 0.73  0.73  0.73  0.73  0.85  0.74  0.73  0.73  0.74  0.73  0.75  0.73 ]
[ 0.73  0.75  0.85  0.74  0.73  0.86  0.73  0.75  0.81  0.73  0.96  0.74 ]
[ 0.88  0.97  0.76  0.87  0.88  0.86  0.74  0.97  0.84  0.88  0.87  0.74 ]
[ 0.97  0.96  0.97  0.91  0.97  0.96  0.88  0.88  0.96  0.97  0.97  0.73 ]

01/29 09:40:55 PM | === Batch 3/8
01/29 09:40:55 PM | loss = 0.339 + 2.497 + 0.081 = 2.918
01/29 09:40:55 PM | attribution_score[0:12]: 
[ 0.98  0.90  0.68  0.60  0.64  0.61  0.60  0.60  0.60  0.60  0.61  0.86 ]
[ 0.89  0.66  0.78  0.61  0.90  0.67  0.63  0.61  0.69  0.90  0.91  0.62 ]
[ 0.97  0.91  0.62  0.92  0.60  0.92  0.86  0.68  0.62  0.62  0.60  0.98 ]
[ 0.61  0.84  0.97  0.70  0.66  0.76  0.80  0.90  0.81  0.82  0.68  0.91 ]
[ 0.78  0.66  0.97  0.63  0.79  0.60  0.60  0.64  0.75  0.61  0.85  0.85 ]
[ 0.62  0.65  0.68  0.61  0.60  0.74  0.61  0.62  0.62  0.62  0.60  0.85 ]
[ 0.64  0.61  0.94  0.64  0.64  0.64  0.61  0.69  0.66  0.78  0.90  0.63 ]
[ 0.60  0.60  0.61  0.60  0.61  0.60  0.60  0.60  0.70  0.61  0.60  0.80 ]
[ 0.65  0.67  0.60  0.60  0.62  0.60  0.60  0.60  0.66  0.60  0.80  0.68 ]
[ 0.64  0.61  0.60  0.60  0.87  0.67  0.60  0.60  0.72  0.60  0.63  0.63 ]
[ 0.61  0.79  0.89  0.61  0.61  0.90  0.79  0.76  0.86  0.71  0.98  0.75 ]
[ 0.91  0.98  0.78  0.91  0.93  0.89  0.79  0.98  0.81  0.92  0.91  0.80 ]
[ 0.98  0.98  0.98  0.90  0.98  0.98  0.92  0.93  0.98  0.98  0.98  0.60 ]

01/29 09:40:55 PM | === Batch 4/8
01/29 09:40:55 PM | loss = 0.558 + 1.677 + 0.101 = 2.336
01/29 09:40:56 PM | attribution_score[0:12]: 
[ 0.98  0.92  0.57  0.46  0.50  0.47  0.46  0.45  0.45  0.46  0.46  0.84 ]
[ 0.90  0.56  0.83  0.47  0.90  0.59  0.61  0.46  0.72  0.92  0.91  0.48 ]
[ 0.98  0.94  0.48  0.94  0.45  0.94  0.87  0.64  0.48  0.49  0.48  0.98 ]
[ 0.47  0.85  0.96  0.73  0.57  0.82  0.74  0.92  0.78  0.80  0.63  0.92 ]
[ 0.71  0.53  0.98  0.53  0.85  0.47  0.45  0.51  0.80  0.56  0.82  0.80 ]
[ 0.61  0.64  0.55  0.46  0.47  0.64  0.50  0.50  0.50  0.49  0.45  0.82 ]
[ 0.53  0.47  0.93  0.53  0.52  0.52  0.57  0.73  0.71  0.84  0.94  0.50 ]
[ 0.45  0.46  0.46  0.45  0.50  0.45  0.56  0.45  0.73  0.47  0.48  0.73 ]
[ 0.55  0.71  0.45  0.61  0.50  0.45  0.47  0.47  0.65  0.45  0.83  0.74 ]
[ 0.62  0.47  0.45  0.45  0.84  0.65  0.46  0.45  0.77  0.45  0.52  0.56 ]
[ 0.47  0.85  0.93  0.60  0.64  0.92  0.85  0.79  0.90  0.77  0.99  0.81 ]
[ 0.91  0.99  0.84  0.95  0.95  0.90  0.85  0.99  0.74  0.94  0.94  0.86 ]
[ 0.99  0.99  0.99  0.92  0.99  0.99  0.95  0.96  0.98  0.99  0.99  0.56 ]

01/29 09:40:56 PM | === Batch 5/8
01/29 09:40:56 PM | loss = 0.910 + 1.011 + 0.111 = 2.031
01/29 09:40:56 PM | attribution_score[0:12]: 
[ 0.99  0.93  0.47  0.31  0.37  0.33  0.32  0.31  0.31  0.33  0.32  0.83 ]
[ 0.92  0.45  0.84  0.33  0.90  0.47  0.66  0.32  0.72  0.93  0.91  0.45 ]
[ 0.99  0.95  0.34  0.95  0.32  0.96  0.87  0.61  0.35  0.36  0.35  0.98 ]
[ 0.37  0.81  0.95  0.78  0.49  0.85  0.74  0.94  0.72  0.79  0.62  0.92 ]
[ 0.73  0.52  0.98  0.45  0.89  0.40  0.32  0.38  0.84  0.57  0.79  0.72 ]
[ 0.61  0.69  0.43  0.33  0.34  0.52  0.46  0.43  0.39  0.35  0.31  0.76 ]
[ 0.57  0.35  0.91  0.42  0.59  0.40  0.59  0.80  0.78  0.82  0.95  0.37 ]
[ 0.31  0.32  0.32  0.31  0.48  0.31  0.54  0.31  0.79  0.33  0.37  0.64 ]
[ 0.44  0.73  0.31  0.68  0.37  0.31  0.36  0.34  0.70  0.31  0.82  0.81 ]
[ 0.63  0.36  0.31  0.31  0.79  0.65  0.33  0.31  0.83  0.31  0.40  0.48 ]
[ 0.33  0.90  0.94  0.65  0.72  0.90  0.89  0.77  0.93  0.84  0.99  0.87 ]
[ 0.91  0.99  0.89  0.96  0.97  0.89  0.89  0.99  0.65  0.95  0.96  0.91 ]
[ 0.99  0.99  0.99  0.93  0.99  0.99  0.96  0.97  0.99  0.99  0.99  0.47 ]

01/29 09:40:56 PM | === Batch 6/8
01/29 09:40:56 PM | loss = 0.938 + 0.463 + 0.095 = 1.496
01/29 09:40:57 PM | attribution_score[0:12]: 
[ 0.99  0.94  0.38  0.20  0.26  0.22  0.21  0.20  0.20  0.21  0.21  0.84 ]
[ 0.93  0.34  0.84  0.22  0.88  0.35  0.72  0.21  0.72  0.94  0.91  0.45 ]
[ 0.99  0.95  0.23  0.96  0.20  0.96  0.85  0.64  0.24  0.25  0.24  0.99 ]
[ 0.30  0.75  0.94  0.81  0.50  0.88  0.72  0.95  0.64  0.75  0.55  0.92 ]
[ 0.72  0.51  0.99  0.44  0.90  0.39  0.23  0.28  0.87  0.63  0.76  0.65 ]
[ 0.67  0.74  0.31  0.23  0.23  0.40  0.45  0.38  0.31  0.31  0.20  0.67 ]
[ 0.65  0.26  0.90  0.39  0.64  0.39  0.55  0.80  0.80  0.85  0.95  0.25 ]
[ 0.20  0.21  0.21  0.20  0.43  0.20  0.50  0.20  0.78  0.21  0.28  0.55 ]
[ 0.41  0.72  0.20  0.69  0.30  0.20  0.25  0.23  0.74  0.25  0.76  0.82 ]
[ 0.60  0.26  0.20  0.20  0.78  0.68  0.23  0.20  0.88  0.20  0.30  0.40 ]
[ 0.24  0.93  0.94  0.63  0.75  0.89  0.92  0.80  0.95  0.86  0.99  0.90 ]
[ 0.93  0.99  0.91  0.97  0.97  0.87  0.92  1.00  0.53  0.95  0.97  0.93 ]
[ 0.99  0.99  1.00  0.95  1.00  1.00  0.97  0.97  0.99  0.99  0.99  0.46 ]

01/29 09:40:57 PM | === Batch 7/8
01/29 09:40:57 PM | loss = 1.052 + 0.026 + 0.081 = 1.159
01/29 09:40:57 PM | attribution_score[0:12]: 
[ 0.99  0.94  0.31  0.12  0.17  0.15  0.13  0.13  0.12  0.14  0.13  0.87 ]
[ 0.93  0.24  0.84  0.13  0.86  0.24  0.76  0.13  0.71  0.95  0.90  0.46 ]
[ 0.99  0.95  0.15  0.96  0.12  0.97  0.82  0.66  0.15  0.18  0.15  0.99 ]
[ 0.23  0.67  0.93  0.80  0.48  0.89  0.71  0.96  0.53  0.70  0.50  0.91 ]
[ 0.71  0.44  0.99  0.41  0.90  0.41  0.16  0.20  0.90  0.68  0.75  0.63 ]
[ 0.72  0.76  0.21  0.16  0.15  0.28  0.48  0.31  0.27  0.34  0.12  0.56 ]
[ 0.74  0.21  0.89  0.36  0.63  0.42  0.49  0.76  0.81  0.88  0.96  0.16 ]
[ 0.12  0.13  0.13  0.12  0.36  0.13  0.45  0.12  0.75  0.13  0.19  0.46 ]
[ 0.44  0.68  0.12  0.67  0.29  0.12  0.17  0.19  0.78  0.20  0.69  0.81 ]
[ 0.55  0.17  0.13  0.12  0.78  0.70  0.16  0.12  0.90  0.13  0.25  0.32 ]
[ 0.22  0.95  0.93  0.56  0.76  0.90  0.93  0.85  0.96  0.86  0.99  0.91 ]
[ 0.95  1.00  0.91  0.97  0.97  0.87  0.94  1.00  0.46  0.94  0.98  0.94 ]
[ 1.00  1.00  1.00  0.96  1.00  1.00  0.97  0.97  0.99  0.99  0.99  0.40 ]

01/29 09:40:57 PM | === Batch 8/8
01/29 09:40:57 PM | loss = 1.252 + 0.577 + 0.071 = 1.900
01/29 09:40:58 PM | attribution_score[0:12]: 
[ 0.99  0.95  0.34  0.08  0.15  0.13  0.10  0.09  0.08  0.15  0.10  0.91 ]
[ 0.95  0.19  0.86  0.10  0.87  0.22  0.81  0.09  0.71  0.96  0.91  0.51 ]
[ 0.99  0.95  0.12  0.97  0.09  0.97  0.84  0.73  0.11  0.16  0.12  0.99 ]
[ 0.22  0.65  0.95  0.82  0.46  0.90  0.73  0.97  0.51  0.72  0.56  0.91 ]
[ 0.74  0.35  0.99  0.38  0.91  0.48  0.14  0.18  0.92  0.68  0.79  0.68 ]
[ 0.74  0.78  0.18  0.12  0.11  0.25  0.55  0.30  0.29  0.42  0.09  0.56 ]
[ 0.81  0.21  0.89  0.36  0.65  0.42  0.48  0.71  0.83  0.90  0.97  0.12 ]
[ 0.08  0.09  0.10  0.09  0.35  0.10  0.49  0.08  0.74  0.11  0.16  0.45 ]
[ 0.51  0.71  0.09  0.68  0.32  0.10  0.14  0.20  0.82  0.17  0.71  0.81 ]
[ 0.58  0.14  0.09  0.09  0.82  0.72  0.12  0.09  0.93  0.10  0.24  0.34 ]
[ 0.23  0.96  0.94  0.54  0.77  0.92  0.93  0.89  0.96  0.86  1.00  0.93 ]
[ 0.97  1.00  0.92  0.98  0.98  0.90  0.95  1.00  0.49  0.95  0.99  0.96 ]
[ 1.00  1.00  1.00  0.97  1.00  1.00  0.98  0.97  1.00  0.99  0.99  0.38 ]

01/29 09:40:58 PM | ===
Best loss was 1.16 at iteration 7

01/29 09:40:58 PM | Looking for optimal threshold...
01/29 09:40:58 PM | Testing threshold 0.5
01/29 09:40:58 PM | Distance to target: 7,299,688
01/29 09:40:58 PM | Testing threshold 0.25
01/29 09:40:58 PM | Distance to target: 86,877,792
01/29 09:40:58 PM | Testing threshold 0.375
01/29 09:40:58 PM | Distance to target: 23,725,472
01/29 09:40:58 PM | Testing threshold 0.4375
01/29 09:40:58 PM | Distance to target: 7,898,384
01/29 09:40:58 PM | Testing threshold 0.46875
01/29 09:40:58 PM | Distance to target: 359,472
01/29 09:40:58 PM | Testing threshold 0.484375
01/29 09:40:58 PM | Distance to target: 2,755,600
01/29 09:40:58 PM | Testing threshold 0.4765625
01/29 09:40:58 PM | Distance to target: 1,193,320
01/29 09:40:58 PM | Testing threshold 0.47265625
01/29 09:40:58 PM | Distance to target: 406,872
01/29 09:40:58 PM | Testing threshold 0.470703125
01/29 09:40:58 PM | Distance to target: 363,640
01/29 09:40:58 PM | Testing threshold 0.4697265625
01/29 09:40:58 PM | Distance to target: 252,128
01/29 09:40:58 PM | Testing threshold 0.47021484375
01/29 09:40:58 PM | Distance to target: 252,128
01/29 09:40:58 PM | Testing threshold 0.470458984375
01/29 09:40:58 PM | Distance to target: 336,992
01/29 09:40:58 PM | Testing threshold 0.4703369140625
01/29 09:40:58 PM | Distance to target: 336,992
01/29 09:40:58 PM | Testing threshold 0.47027587890625
01/29 09:40:58 PM | Distance to target: 252,128
01/29 09:40:58 PM | Testing threshold 0.470306396484375
01/29 09:40:58 PM | Distance to target: 162,336
01/29 09:40:58 PM | Testing threshold 0.4702911376953125
01/29 09:40:58 PM | Distance to target: 252,128
01/29 09:40:58 PM | Testing threshold 0.47029876708984375
01/29 09:40:58 PM | Distance to target: 252,128
01/29 09:40:58 PM | Testing threshold 0.4703025817871094
01/29 09:40:58 PM | Distance to target: 162,336
01/29 09:40:58 PM | Testing threshold 0.47030067443847656
01/29 09:40:58 PM | Distance to target: 162,336
01/29 09:40:58 PM | Testing threshold 0.47029972076416016
01/29 09:40:58 PM | Distance to target: 252,128
01/29 09:40:58 PM | Testing threshold 0.47030019760131836
01/29 09:40:58 PM | Distance to target: 162,336
01/29 09:40:58 PM | Testing threshold 0.47029995918273926
01/29 09:40:58 PM | Distance to target: 162,336
01/29 09:40:58 PM | Testing threshold 0.4702998399734497
01/29 09:40:58 PM | Distance to target: 162,336
01/29 09:40:58 PM | Testing threshold 0.47029978036880493
01/29 09:40:58 PM | Distance to target: 162,336
01/29 09:40:58 PM | Testing threshold 0.47029975056648254
01/29 09:40:58 PM | Distance to target: 162,336
01/29 09:40:58 PM | Testing threshold 0.47029973566532135
01/29 09:40:58 PM | Distance to target: 252,128
01/29 09:40:58 PM | Testing threshold 0.47029974311590195
01/29 09:40:58 PM | Distance to target: 252,128
01/29 09:40:58 PM | Testing threshold 0.47029974684119225
01/29 09:40:58 PM | Distance to target: 252,128
01/29 09:40:58 PM | Testing threshold 0.4702997487038374
01/29 09:40:58 PM | Distance to target: 252,128
01/29 09:40:58 PM | Testing threshold 0.47029974963515997
01/29 09:40:58 PM | Distance to target: 252,128
01/29 09:40:58 PM | Testing threshold 0.47029975010082126
01/29 09:40:58 PM | Distance to target: 252,128
01/29 09:40:58 PM | Testing threshold 0.4702997503336519
01/29 09:40:58 PM | Distance to target: 252,128
01/29 09:40:58 PM | Testing threshold 0.4702997504500672
01/29 09:40:58 PM | Distance to target: 252,128
01/29 09:40:58 PM | Testing threshold 0.4702997505082749
01/29 09:40:58 PM | Distance to target: 252,128
01/29 09:40:58 PM | Testing threshold 0.4702997505373787
01/29 09:40:58 PM | Distance to target: 252,128
01/29 09:40:58 PM | Testing threshold 0.47029975055193063
01/29 09:40:58 PM | Distance to target: 252,128
01/29 09:40:58 PM | Testing threshold 0.4702997505592066
01/29 09:40:58 PM | Distance to target: 252,128
01/29 09:40:58 PM | Testing threshold 0.47029975056284457
01/29 09:40:58 PM | Distance to target: 252,128
01/29 09:40:58 PM | Testing threshold 0.47029975056466355
01/29 09:40:58 PM | Distance to target: 252,128
01/29 09:40:58 PM | Testing threshold 0.47029975056557305
01/29 09:40:58 PM | Distance to target: 252,128
01/29 09:40:58 PM | Testing threshold 0.4702997505660278
01/29 09:40:58 PM | Distance to target: 252,128
01/29 09:40:58 PM | Testing threshold 0.47029975056625517
01/29 09:40:58 PM | Distance to target: 252,128
01/29 09:40:58 PM | Testing threshold 0.47029975056636886
01/29 09:40:58 PM | Distance to target: 252,128
01/29 09:40:58 PM | Testing threshold 0.4702997505664257
01/29 09:40:58 PM | Distance to target: 252,128
01/29 09:40:58 PM | Testing threshold 0.4702997505664541
01/29 09:40:58 PM | Distance to target: 252,128
01/29 09:40:58 PM | Testing threshold 0.47029975056646833
01/29 09:40:58 PM | Distance to target: 252,128
01/29 09:40:58 PM | Testing threshold 0.47029975056647544
01/29 09:40:58 PM | Distance to target: 252,128
01/29 09:40:58 PM | Testing threshold 0.470299750566479
01/29 09:40:58 PM | Distance to target: 252,128
01/29 09:40:58 PM | Testing threshold 0.47029975056648077
01/29 09:40:58 PM | Distance to target: 252,128
01/29 09:40:58 PM | Testing threshold 0.47029975056648166
01/29 09:40:58 PM | Distance to target: 252,128
01/29 09:41:00 PM | attribution_score[0:12]: 
[ 1.00  1.00  0.00  0.00  0.00  0.00  0.00  0.00  0.00  0.00  0.00  1.00 ]
[ 1.00  0.00  1.00  0.00  1.00  0.00  1.00  0.00  1.00  1.00  1.00  0.00 ]
[ 1.00  1.00  0.00  1.00  0.00  1.00  1.00  1.00  0.00  0.00  0.00  1.00 ]
[ 0.00  1.00  1.00  1.00  1.00  1.00  1.00  1.00  1.00  1.00  1.00  1.00 ]
[ 1.00  1.00  1.00  0.00  1.00  0.00  0.00  0.00  1.00  1.00  1.00  1.00 ]
[ 1.00  1.00  0.00  0.00  0.00  0.00  0.00  0.00  0.00  0.00  0.00  1.00 ]
[ 1.00  0.00  1.00  0.00  1.00  0.00  1.00  1.00  1.00  1.00  1.00  0.00 ]
[ 0.00  0.00  0.00  0.00  0.00  0.00  1.00  0.00  1.00  0.00  0.00  1.00 ]
[ 0.00  1.00  0.00  1.00  0.00  0.00  0.00  0.00  1.00  0.00  1.00  1.00 ]
[ 1.00  0.00  0.00  0.00  1.00  1.00  0.00  0.00  1.00  0.00  0.00  0.00 ]
[ 0.00  1.00  1.00  1.00  1.00  1.00  1.00  1.00  1.00  1.00  1.00  1.00 ]
[ 1.00  1.00  1.00  1.00  1.00  1.00  1.00  1.00  1.00  1.00  1.00  1.00 ]
[ 1.00  1.00  1.00  1.00  1.00  1.00  1.00  1.00  1.00  1.00  1.00  0.00 ]

01/29 09:41:00 PM | VGG(
  (features): Sequential(
    (conv0): Conv2d(3, 24, kernel_size=(3, 3), stride=(1, 1), padding=(1, 1))
    (norm0): BatchNorm2d(24, eps=1e-05, momentum=0.1, affine=True, track_running_stats=True)
    (relu0): ReLU(inplace=True)
    (conv1): Conv2d(24, 45, kernel_size=(3, 3), stride=(1, 1), padding=(1, 1))
    (norm1): BatchNorm2d(45, eps=1e-05, momentum=0.1, affine=True, track_running_stats=True)
    (relu1): ReLU(inplace=True)
    (pool2): MaxPool2d(kernel_size=2, stride=2, padding=0, dilation=1, ceil_mode=False)
    (conv3): Conv2d(45, 83, kernel_size=(3, 3), stride=(1, 1), padding=(1, 1))
    (norm3): BatchNorm2d(83, eps=1e-05, momentum=0.1, affine=True, track_running_stats=True)
    (relu3): ReLU(inplace=True)
    (conv4): Conv2d(83, 112, kernel_size=(3, 3), stride=(1, 1), padding=(1, 1))
    (norm4): BatchNorm2d(112, eps=1e-05, momentum=0.1, affine=True, track_running_stats=True)
    (relu4): ReLU(inplace=True)
    (pool5): MaxPool2d(kernel_size=2, stride=2, padding=0, dilation=1, ceil_mode=False)
    (conv6): Conv2d(112, 146, kernel_size=(3, 3), stride=(1, 1), padding=(1, 1))
    (norm6): BatchNorm2d(146, eps=1e-05, momentum=0.1, affine=True, track_running_stats=True)
    (relu6): ReLU(inplace=True)
    (conv7): Conv2d(146, 137, kernel_size=(3, 3), stride=(1, 1), padding=(1, 1))
    (norm7): BatchNorm2d(137, eps=1e-05, momentum=0.1, affine=True, track_running_stats=True)
    (relu7): ReLU(inplace=True)
    (conv8): Conv2d(137, 157, kernel_size=(3, 3), stride=(1, 1), padding=(1, 1))
    (norm8): BatchNorm2d(157, eps=1e-05, momentum=0.1, affine=True, track_running_stats=True)
    (relu8): ReLU(inplace=True)
    (pool9): MaxPool2d(kernel_size=2, stride=2, padding=0, dilation=1, ceil_mode=False)
    (conv10): Conv2d(157, 200, kernel_size=(3, 3), stride=(1, 1), padding=(1, 1))
    (norm10): BatchNorm2d(200, eps=1e-05, momentum=0.1, affine=True, track_running_stats=True)
    (relu10): ReLU(inplace=True)
    (conv11): Conv2d(200, 143, kernel_size=(3, 3), stride=(1, 1), padding=(1, 1))
    (norm11): BatchNorm2d(143, eps=1e-05, momentum=0.1, affine=True, track_running_stats=True)
    (relu11): ReLU(inplace=True)
    (conv12): Conv2d(143, 244, kernel_size=(3, 3), stride=(1, 1), padding=(1, 1))
    (norm12): BatchNorm2d(244, eps=1e-05, momentum=0.1, affine=True, track_running_stats=True)
    (relu12): ReLU(inplace=True)
    (pool13): MaxPool2d(kernel_size=2, stride=2, padding=0, dilation=1, ceil_mode=False)
    (conv14): Conv2d(244, 423, kernel_size=(3, 3), stride=(1, 1), padding=(1, 1))
    (norm14): BatchNorm2d(423, eps=1e-05, momentum=0.1, affine=True, track_running_stats=True)
    (relu14): ReLU(inplace=True)
    (conv15): Conv2d(423, 496, kernel_size=(3, 3), stride=(1, 1), padding=(1, 1))
    (norm15): BatchNorm2d(496, eps=1e-05, momentum=0.1, affine=True, track_running_stats=True)
    (relu15): ReLU(inplace=True)
    (conv16): Conv2d(496, 509, kernel_size=(3, 3), stride=(1, 1), padding=(1, 1))
    (norm16): BatchNorm2d(509, eps=1e-05, momentum=0.1, affine=True, track_running_stats=True)
    (relu16): ReLU(inplace=True)
  )
  (classifier): Sequential(
    (linear1): Linear(in_features=509, out_features=512, bias=True)
    (norm1): BatchNorm1d(512, eps=1e-05, momentum=0.1, affine=True, track_running_stats=True)
    (relu1): ReLU(inplace=True)
    (linear2): Linear(in_features=512, out_features=10, bias=True)
  )
)
01/29 09:41:02 PM | ----------------------------------------
01/29 09:41:02 PM | Performances input model:
01/29 09:41:02 PM |  - flops: 314,294,272
01/29 09:41:02 PM |  - params: 14,991,946
01/29 09:41:02 PM |  - accuracy: 93.95999908447266
01/29 09:41:02 PM | ----------------------------------------
01/29 09:41:02 PM | Performances pseudo-pruned model:
01/29 09:41:02 PM |  - flops: 314,294,272
01/29 09:41:02 PM |  - params: 14,991,946
01/29 09:41:02 PM |  - accuracy: 39.82999801635742
01/29 09:41:02 PM | ----------------------------------------
01/29 09:41:02 PM | Performances pruned model:
01/29 09:41:02 PM |  - flops: 108,749,488
01/29 09:41:02 PM |  - params: 6,867,229
01/29 09:41:02 PM |  - accuracy: 39.82999801635742
01/29 09:41:02 PM | ----------------------------------------
01/29 09:41:02 PM | Total time: 21.98s
