01/29 03:39:34 AM | args = Namespace(output_dir='result/rebuttal/nb_epoch/vgg/nbbtchs200/seed_00', loaded_model_path='./checkpoints/cifar10/vgg_16_bn.pt', resume=False, test_only=False, mode='prune', batch_size=64, nb_batches=200, Mflops_target=None, lr=0.6, momentum=0.9, beta=6, gamma=0.4, gpu='0', num_workers=4, dataset='cifar10', arch='vgg_16_bn', save_plot=False, seed=0, lr_finetuning=0.02, epoch_finetuning=200, wd=0.002, data_dir='./data/cifar10/', print_freq=200, num_classes=10, device_ids=[0], device=device(type='cuda', index=0), name_base='')
01/29 03:39:39 AM | ----------------------------------------
01/29 03:39:39 AM | ==> Building model...
01/29 03:39:39 AM | ----------------------------------------
01/29 03:39:39 AM | ==> Loading weights into the model...
01/29 03:39:39 AM | ----------------------------------------
01/29 03:39:39 AM | VGG(
  (features): Sequential(
    (conv0): Conv2d(3, 64, kernel_size=(3, 3), stride=(1, 1), padding=(1, 1))
    (norm0): BatchNorm2d(64, eps=1e-05, momentum=0.1, affine=True, track_running_stats=True)
    (relu0): ReLU(inplace=True)
    (conv1): Conv2d(64, 64, kernel_size=(3, 3), stride=(1, 1), padding=(1, 1))
    (norm1): BatchNorm2d(64, eps=1e-05, momentum=0.1, affine=True, track_running_stats=True)
    (relu1): ReLU(inplace=True)
    (pool2): MaxPool2d(kernel_size=2, stride=2, padding=0, dilation=1, ceil_mode=False)
    (conv3): Conv2d(64, 128, kernel_size=(3, 3), stride=(1, 1), padding=(1, 1))
    (norm3): BatchNorm2d(128, eps=1e-05, momentum=0.1, affine=True, track_running_stats=True)
    (relu3): ReLU(inplace=True)
    (conv4): Conv2d(128, 128, kernel_size=(3, 3), stride=(1, 1), padding=(1, 1))
    (norm4): BatchNorm2d(128, eps=1e-05, momentum=0.1, affine=True, track_running_stats=True)
    (relu4): ReLU(inplace=True)
    (pool5): MaxPool2d(kernel_size=2, stride=2, padding=0, dilation=1, ceil_mode=False)
    (conv6): Conv2d(128, 256, kernel_size=(3, 3), stride=(1, 1), padding=(1, 1))
    (norm6): BatchNorm2d(256, eps=1e-05, momentum=0.1, affine=True, track_running_stats=True)
    (relu6): ReLU(inplace=True)
    (conv7): Conv2d(256, 256, kernel_size=(3, 3), stride=(1, 1), padding=(1, 1))
    (norm7): BatchNorm2d(256, eps=1e-05, momentum=0.1, affine=True, track_running_stats=True)
    (relu7): ReLU(inplace=True)
    (conv8): Conv2d(256, 256, kernel_size=(3, 3), stride=(1, 1), padding=(1, 1))
    (norm8): BatchNorm2d(256, eps=1e-05, momentum=0.1, affine=True, track_running_stats=True)
    (relu8): ReLU(inplace=True)
    (pool9): MaxPool2d(kernel_size=2, stride=2, padding=0, dilation=1, ceil_mode=False)
    (conv10): Conv2d(256, 512, kernel_size=(3, 3), stride=(1, 1), padding=(1, 1))
    (norm10): BatchNorm2d(512, eps=1e-05, momentum=0.1, affine=True, track_running_stats=True)
    (relu10): ReLU(inplace=True)
    (conv11): Conv2d(512, 512, kernel_size=(3, 3), stride=(1, 1), padding=(1, 1))
    (norm11): BatchNorm2d(512, eps=1e-05, momentum=0.1, affine=True, track_running_stats=True)
    (relu11): ReLU(inplace=True)
    (conv12): Conv2d(512, 512, kernel_size=(3, 3), stride=(1, 1), padding=(1, 1))
    (norm12): BatchNorm2d(512, eps=1e-05, momentum=0.1, affine=True, track_running_stats=True)
    (relu12): ReLU(inplace=True)
    (pool13): MaxPool2d(kernel_size=2, stride=2, padding=0, dilation=1, ceil_mode=False)
    (conv14): Conv2d(512, 512, kernel_size=(3, 3), stride=(1, 1), padding=(1, 1))
    (norm14): BatchNorm2d(512, eps=1e-05, momentum=0.1, affine=True, track_running_stats=True)
    (relu14): ReLU(inplace=True)
    (conv15): Conv2d(512, 512, kernel_size=(3, 3), stride=(1, 1), padding=(1, 1))
    (norm15): BatchNorm2d(512, eps=1e-05, momentum=0.1, affine=True, track_running_stats=True)
    (relu15): ReLU(inplace=True)
    (conv16): Conv2d(512, 512, kernel_size=(3, 3), stride=(1, 1), padding=(1, 1))
    (norm16): BatchNorm2d(512, eps=1e-05, momentum=0.1, affine=True, track_running_stats=True)
    (relu16): ReLU(inplace=True)
  )
  (classifier): Sequential(
    (linear1): Linear(in_features=512, out_features=512, bias=True)
    (norm1): BatchNorm1d(512, eps=1e-05, momentum=0.1, affine=True, track_running_stats=True)
    (relu1): ReLU(inplace=True)
    (linear2): Linear(in_features=512, out_features=10, bias=True)
  )
)
01/29 03:39:41 AM | Save modules info...
01/29 03:39:41 AM | FLOPS pruning ratio is 0.65
01/29 03:39:41 AM | Pruning with information flow
01/29 03:39:41 AM | -----
01/29 03:39:41 AM | module: Conv2d(3, 64, kernel_size=(3, 3), stride=(1, 1), padding=(1, 1))
01/29 03:39:41 AM | cin: None
01/29 03:39:41 AM | cout: [0]
01/29 03:39:41 AM | inactive
01/29 03:39:41 AM | -----
01/29 03:39:41 AM | module: BatchNorm2d(64, eps=1e-05, momentum=0.1, affine=True, track_running_stats=True)
01/29 03:39:41 AM | cin: [0]
01/29 03:39:41 AM | cout: [0]
01/29 03:39:41 AM | inactive
01/29 03:39:41 AM | -----
01/29 03:39:41 AM | module: ReLU(inplace=True)
01/29 03:39:41 AM | cin: [0]
01/29 03:39:41 AM | cout: [0]
01/29 03:39:41 AM | active
01/29 03:39:41 AM | -----
01/29 03:39:41 AM | module: Conv2d(64, 64, kernel_size=(3, 3), stride=(1, 1), padding=(1, 1))
01/29 03:39:41 AM | cin: [0]
01/29 03:39:41 AM | cout: [1]
01/29 03:39:41 AM | inactive
01/29 03:39:41 AM | -----
01/29 03:39:41 AM | module: BatchNorm2d(64, eps=1e-05, momentum=0.1, affine=True, track_running_stats=True)
01/29 03:39:41 AM | cin: [1]
01/29 03:39:41 AM | cout: [1]
01/29 03:39:41 AM | inactive
01/29 03:39:41 AM | -----
01/29 03:39:41 AM | module: ReLU(inplace=True)
01/29 03:39:41 AM | cin: [1]
01/29 03:39:41 AM | cout: [1]
01/29 03:39:41 AM | active
01/29 03:39:41 AM | -----
01/29 03:39:41 AM | module: MaxPool2d(kernel_size=2, stride=2, padding=0, dilation=1, ceil_mode=False)
01/29 03:39:41 AM | cin: [1]
01/29 03:39:41 AM | cout: [1]
01/29 03:39:41 AM | inactive
01/29 03:39:41 AM | -----
01/29 03:39:41 AM | module: Conv2d(64, 128, kernel_size=(3, 3), stride=(1, 1), padding=(1, 1))
01/29 03:39:41 AM | cin: [1]
01/29 03:39:41 AM | cout: [2]
01/29 03:39:41 AM | inactive
01/29 03:39:41 AM | -----
01/29 03:39:41 AM | module: BatchNorm2d(128, eps=1e-05, momentum=0.1, affine=True, track_running_stats=True)
01/29 03:39:41 AM | cin: [2]
01/29 03:39:41 AM | cout: [2]
01/29 03:39:41 AM | inactive
01/29 03:39:41 AM | -----
01/29 03:39:41 AM | module: ReLU(inplace=True)
01/29 03:39:41 AM | cin: [2]
01/29 03:39:41 AM | cout: [2]
01/29 03:39:41 AM | active
01/29 03:39:41 AM | -----
01/29 03:39:41 AM | module: Conv2d(128, 128, kernel_size=(3, 3), stride=(1, 1), padding=(1, 1))
01/29 03:39:41 AM | cin: [2]
01/29 03:39:41 AM | cout: [3]
01/29 03:39:41 AM | inactive
01/29 03:39:41 AM | -----
01/29 03:39:41 AM | module: BatchNorm2d(128, eps=1e-05, momentum=0.1, affine=True, track_running_stats=True)
01/29 03:39:41 AM | cin: [3]
01/29 03:39:41 AM | cout: [3]
01/29 03:39:41 AM | inactive
01/29 03:39:41 AM | -----
01/29 03:39:41 AM | module: ReLU(inplace=True)
01/29 03:39:41 AM | cin: [3]
01/29 03:39:41 AM | cout: [3]
01/29 03:39:41 AM | active
01/29 03:39:41 AM | -----
01/29 03:39:41 AM | module: MaxPool2d(kernel_size=2, stride=2, padding=0, dilation=1, ceil_mode=False)
01/29 03:39:41 AM | cin: [3]
01/29 03:39:41 AM | cout: [3]
01/29 03:39:41 AM | inactive
01/29 03:39:41 AM | -----
01/29 03:39:41 AM | module: Conv2d(128, 256, kernel_size=(3, 3), stride=(1, 1), padding=(1, 1))
01/29 03:39:41 AM | cin: [3]
01/29 03:39:41 AM | cout: [4]
01/29 03:39:41 AM | inactive
01/29 03:39:41 AM | -----
01/29 03:39:41 AM | module: BatchNorm2d(256, eps=1e-05, momentum=0.1, affine=True, track_running_stats=True)
01/29 03:39:41 AM | cin: [4]
01/29 03:39:41 AM | cout: [4]
01/29 03:39:41 AM | inactive
01/29 03:39:41 AM | -----
01/29 03:39:41 AM | module: ReLU(inplace=True)
01/29 03:39:41 AM | cin: [4]
01/29 03:39:41 AM | cout: [4]
01/29 03:39:41 AM | active
01/29 03:39:41 AM | -----
01/29 03:39:41 AM | module: Conv2d(256, 256, kernel_size=(3, 3), stride=(1, 1), padding=(1, 1))
01/29 03:39:41 AM | cin: [4]
01/29 03:39:41 AM | cout: [5]
01/29 03:39:41 AM | inactive
01/29 03:39:41 AM | -----
01/29 03:39:41 AM | module: BatchNorm2d(256, eps=1e-05, momentum=0.1, affine=True, track_running_stats=True)
01/29 03:39:41 AM | cin: [5]
01/29 03:39:41 AM | cout: [5]
01/29 03:39:41 AM | inactive
01/29 03:39:41 AM | -----
01/29 03:39:41 AM | module: ReLU(inplace=True)
01/29 03:39:41 AM | cin: [5]
01/29 03:39:41 AM | cout: [5]
01/29 03:39:41 AM | active
01/29 03:39:41 AM | -----
01/29 03:39:41 AM | module: Conv2d(256, 256, kernel_size=(3, 3), stride=(1, 1), padding=(1, 1))
01/29 03:39:41 AM | cin: [5]
01/29 03:39:41 AM | cout: [6]
01/29 03:39:41 AM | inactive
01/29 03:39:41 AM | -----
01/29 03:39:41 AM | module: BatchNorm2d(256, eps=1e-05, momentum=0.1, affine=True, track_running_stats=True)
01/29 03:39:41 AM | cin: [6]
01/29 03:39:41 AM | cout: [6]
01/29 03:39:41 AM | inactive
01/29 03:39:41 AM | -----
01/29 03:39:41 AM | module: ReLU(inplace=True)
01/29 03:39:41 AM | cin: [6]
01/29 03:39:41 AM | cout: [6]
01/29 03:39:41 AM | active
01/29 03:39:41 AM | -----
01/29 03:39:41 AM | module: MaxPool2d(kernel_size=2, stride=2, padding=0, dilation=1, ceil_mode=False)
01/29 03:39:41 AM | cin: [6]
01/29 03:39:41 AM | cout: [6]
01/29 03:39:41 AM | inactive
01/29 03:39:41 AM | -----
01/29 03:39:41 AM | module: Conv2d(256, 512, kernel_size=(3, 3), stride=(1, 1), padding=(1, 1))
01/29 03:39:41 AM | cin: [6]
01/29 03:39:41 AM | cout: [7]
01/29 03:39:41 AM | inactive
01/29 03:39:41 AM | -----
01/29 03:39:41 AM | module: BatchNorm2d(512, eps=1e-05, momentum=0.1, affine=True, track_running_stats=True)
01/29 03:39:41 AM | cin: [7]
01/29 03:39:41 AM | cout: [7]
01/29 03:39:41 AM | inactive
01/29 03:39:41 AM | -----
01/29 03:39:41 AM | module: ReLU(inplace=True)
01/29 03:39:41 AM | cin: [7]
01/29 03:39:41 AM | cout: [7]
01/29 03:39:41 AM | active
01/29 03:39:41 AM | -----
01/29 03:39:41 AM | module: Conv2d(512, 512, kernel_size=(3, 3), stride=(1, 1), padding=(1, 1))
01/29 03:39:41 AM | cin: [7]
01/29 03:39:41 AM | cout: [8]
01/29 03:39:41 AM | inactive
01/29 03:39:41 AM | -----
01/29 03:39:41 AM | module: BatchNorm2d(512, eps=1e-05, momentum=0.1, affine=True, track_running_stats=True)
01/29 03:39:41 AM | cin: [8]
01/29 03:39:41 AM | cout: [8]
01/29 03:39:41 AM | inactive
01/29 03:39:41 AM | -----
01/29 03:39:41 AM | module: ReLU(inplace=True)
01/29 03:39:41 AM | cin: [8]
01/29 03:39:41 AM | cout: [8]
01/29 03:39:41 AM | active
01/29 03:39:41 AM | -----
01/29 03:39:41 AM | module: Conv2d(512, 512, kernel_size=(3, 3), stride=(1, 1), padding=(1, 1))
01/29 03:39:41 AM | cin: [8]
01/29 03:39:41 AM | cout: [9]
01/29 03:39:41 AM | inactive
01/29 03:39:41 AM | -----
01/29 03:39:41 AM | module: BatchNorm2d(512, eps=1e-05, momentum=0.1, affine=True, track_running_stats=True)
01/29 03:39:41 AM | cin: [9]
01/29 03:39:41 AM | cout: [9]
01/29 03:39:41 AM | inactive
01/29 03:39:41 AM | -----
01/29 03:39:41 AM | module: ReLU(inplace=True)
01/29 03:39:41 AM | cin: [9]
01/29 03:39:41 AM | cout: [9]
01/29 03:39:41 AM | active
01/29 03:39:41 AM | -----
01/29 03:39:41 AM | module: MaxPool2d(kernel_size=2, stride=2, padding=0, dilation=1, ceil_mode=False)
01/29 03:39:41 AM | cin: [9]
01/29 03:39:41 AM | cout: [9]
01/29 03:39:41 AM | inactive
01/29 03:39:41 AM | -----
01/29 03:39:41 AM | module: Conv2d(512, 512, kernel_size=(3, 3), stride=(1, 1), padding=(1, 1))
01/29 03:39:41 AM | cin: [9]
01/29 03:39:41 AM | cout: [10]
01/29 03:39:41 AM | inactive
01/29 03:39:41 AM | -----
01/29 03:39:41 AM | module: BatchNorm2d(512, eps=1e-05, momentum=0.1, affine=True, track_running_stats=True)
01/29 03:39:41 AM | cin: [10]
01/29 03:39:41 AM | cout: [10]
01/29 03:39:41 AM | inactive
01/29 03:39:41 AM | -----
01/29 03:39:41 AM | module: ReLU(inplace=True)
01/29 03:39:41 AM | cin: [10]
01/29 03:39:41 AM | cout: [10]
01/29 03:39:41 AM | active
01/29 03:39:41 AM | -----
01/29 03:39:41 AM | module: Conv2d(512, 512, kernel_size=(3, 3), stride=(1, 1), padding=(1, 1))
01/29 03:39:41 AM | cin: [10]
01/29 03:39:41 AM | cout: [11]
01/29 03:39:41 AM | inactive
01/29 03:39:41 AM | -----
01/29 03:39:41 AM | module: BatchNorm2d(512, eps=1e-05, momentum=0.1, affine=True, track_running_stats=True)
01/29 03:39:41 AM | cin: [11]
01/29 03:39:41 AM | cout: [11]
01/29 03:39:41 AM | inactive
01/29 03:39:41 AM | -----
01/29 03:39:41 AM | module: ReLU(inplace=True)
01/29 03:39:41 AM | cin: [11]
01/29 03:39:41 AM | cout: [11]
01/29 03:39:41 AM | active
01/29 03:39:41 AM | -----
01/29 03:39:41 AM | module: Conv2d(512, 512, kernel_size=(3, 3), stride=(1, 1), padding=(1, 1))
01/29 03:39:41 AM | cin: [11]
01/29 03:39:41 AM | cout: [12]
01/29 03:39:41 AM | inactive
01/29 03:39:41 AM | -----
01/29 03:39:41 AM | module: BatchNorm2d(512, eps=1e-05, momentum=0.1, affine=True, track_running_stats=True)
01/29 03:39:41 AM | cin: [12]
01/29 03:39:41 AM | cout: [12]
01/29 03:39:41 AM | inactive
01/29 03:39:41 AM | -----
01/29 03:39:41 AM | module: ReLU(inplace=True)
01/29 03:39:41 AM | cin: [12]
01/29 03:39:41 AM | cout: [12]
01/29 03:39:41 AM | active
01/29 03:39:41 AM | -----
01/29 03:39:41 AM | module: Linear(in_features=512, out_features=512, bias=True)
01/29 03:39:41 AM | cin: [12]
01/29 03:39:41 AM | cout: None
01/29 03:39:41 AM | inactive
01/29 03:39:41 AM | -----
01/29 03:39:41 AM | module: ReLU(inplace=True)
01/29 03:39:41 AM | cin: None
01/29 03:39:41 AM | cout: None
01/29 03:39:41 AM | active
01/29 03:39:41 AM | -----
01/29 03:39:41 AM | module: Linear(in_features=512, out_features=10, bias=True)
01/29 03:39:41 AM | cin: None
01/29 03:39:41 AM | cout: None
01/29 03:39:41 AM | inactive
01/29 03:39:41 AM | Used masks: [0, 1, 2, 3, 4, 5, 6, 7, 8, 9, 10, 11, 12]
01/29 03:39:41 AM | 13 unique masks in total
01/29 03:39:41 AM | === Batch 1/200
01/29 03:39:41 AM | loss = 0.047 + 4.266 + 0.040 = 4.353
01/29 03:39:42 AM | attribution_score[0:12]: 
[ 0.94  0.83  0.83  0.83  0.83  0.83  0.83  0.83  0.83  0.83  0.83  0.83 ]
[ 0.83  0.83  0.83  0.83  0.83  0.83  0.83  0.83  0.83  0.83  0.83  0.83 ]
[ 0.94  0.83  0.83  0.83  0.83  0.83  0.83  0.83  0.83  0.83  0.83  0.94 ]
[ 0.83  0.83  0.94  0.83  0.83  0.83  0.83  0.83  0.83  0.83  0.83  0.83 ]
[ 0.83  0.83  0.94  0.83  0.83  0.83  0.83  0.83  0.83  0.83  0.83  0.83 ]
[ 0.83  0.83  0.83  0.83  0.83  0.83  0.83  0.83  0.83  0.83  0.83  0.83 ]
[ 0.83  0.83  0.94  0.83  0.83  0.83  0.83  0.83  0.83  0.83  0.83  0.83 ]
[ 0.83  0.83  0.83  0.83  0.83  0.83  0.83  0.83  0.83  0.83  0.83  0.83 ]
[ 0.83  0.83  0.83  0.83  0.83  0.83  0.83  0.83  0.83  0.83  0.83  0.83 ]
[ 0.83  0.83  0.83  0.83  0.83  0.83  0.83  0.83  0.83  0.83  0.83  0.83 ]
[ 0.83  0.83  0.83  0.83  0.83  0.83  0.83  0.83  0.83  0.83  0.94  0.83 ]
[ 0.83  0.94  0.83  0.83  0.83  0.83  0.83  0.94  0.83  0.83  0.83  0.83 ]
[ 0.94  0.94  0.94  0.94  0.94  0.94  0.83  0.83  0.94  0.94  0.94  0.83 ]

01/29 03:39:42 AM | === Batch 2/200
01/29 03:39:42 AM | loss = 0.345 + 3.308 + 0.062 = 3.715
01/29 03:39:42 AM | attribution_score[0:12]: 
[ 0.96  0.88  0.77  0.73  0.75  0.73  0.73  0.73  0.73  0.73  0.73  0.81 ]
[ 0.87  0.76  0.75  0.74  0.87  0.73  0.74  0.73  0.73  0.86  0.88  0.74 ]
[ 0.96  0.88  0.74  0.88  0.73  0.88  0.86  0.77  0.74  0.74  0.73  0.96 ]
[ 0.73  0.83  0.96  0.74  0.76  0.73  0.85  0.87  0.81  0.85  0.73  0.88 ]
[ 0.83  0.76  0.96  0.74  0.75  0.73  0.73  0.75  0.74  0.74  0.86  0.85 ]
[ 0.73  0.75  0.77  0.74  0.73  0.80  0.74  0.74  0.73  0.74  0.73  0.86 ]
[ 0.74  0.73  0.94  0.74  0.74  0.75  0.74  0.73  0.76  0.74  0.86  0.75 ]
[ 0.73  0.73  0.73  0.73  0.74  0.73  0.73  0.73  0.74  0.73  0.73  0.82 ]
[ 0.75  0.73  0.73  0.73  0.74  0.73  0.73  0.73  0.74  0.73  0.80  0.73 ]
[ 0.73  0.73  0.73  0.73  0.85  0.74  0.73  0.73  0.74  0.73  0.75  0.73 ]
[ 0.73  0.75  0.85  0.74  0.73  0.86  0.73  0.75  0.81  0.73  0.96  0.74 ]
[ 0.88  0.97  0.76  0.87  0.88  0.86  0.74  0.97  0.84  0.88  0.87  0.74 ]
[ 0.97  0.96  0.97  0.91  0.97  0.96  0.88  0.88  0.96  0.97  0.97  0.73 ]

01/29 03:39:42 AM | === Batch 3/200
01/29 03:39:42 AM | loss = 0.339 + 2.497 + 0.081 = 2.918
01/29 03:39:43 AM | attribution_score[0:12]: 
[ 0.98  0.90  0.68  0.60  0.64  0.61  0.60  0.60  0.60  0.60  0.61  0.86 ]
[ 0.89  0.66  0.78  0.61  0.90  0.67  0.63  0.61  0.69  0.90  0.91  0.62 ]
[ 0.97  0.91  0.62  0.92  0.60  0.92  0.86  0.68  0.62  0.62  0.60  0.98 ]
[ 0.61  0.84  0.97  0.70  0.66  0.76  0.80  0.90  0.81  0.82  0.68  0.91 ]
[ 0.78  0.66  0.97  0.63  0.79  0.60  0.60  0.64  0.75  0.61  0.85  0.85 ]
[ 0.62  0.65  0.68  0.61  0.60  0.74  0.61  0.62  0.62  0.62  0.60  0.85 ]
[ 0.64  0.61  0.94  0.64  0.64  0.64  0.61  0.69  0.66  0.78  0.90  0.63 ]
[ 0.60  0.60  0.61  0.60  0.61  0.60  0.60  0.60  0.70  0.61  0.60  0.80 ]
[ 0.65  0.67  0.60  0.60  0.62  0.60  0.60  0.60  0.66  0.60  0.80  0.68 ]
[ 0.64  0.61  0.60  0.60  0.87  0.67  0.60  0.60  0.72  0.60  0.63  0.63 ]
[ 0.61  0.79  0.89  0.61  0.61  0.90  0.79  0.76  0.86  0.71  0.98  0.75 ]
[ 0.91  0.98  0.78  0.91  0.93  0.89  0.79  0.98  0.81  0.92  0.91  0.80 ]
[ 0.98  0.98  0.98  0.90  0.98  0.98  0.92  0.93  0.98  0.98  0.98  0.60 ]

01/29 03:39:43 AM | === Batch 4/200
01/29 03:39:43 AM | loss = 0.558 + 1.677 + 0.101 = 2.336
01/29 03:39:43 AM | attribution_score[0:12]: 
[ 0.98  0.92  0.57  0.46  0.50  0.47  0.46  0.45  0.45  0.46  0.46  0.84 ]
[ 0.90  0.56  0.83  0.47  0.90  0.58  0.61  0.46  0.72  0.92  0.91  0.48 ]
[ 0.98  0.94  0.48  0.94  0.45  0.94  0.87  0.64  0.48  0.49  0.48  0.98 ]
[ 0.47  0.85  0.96  0.73  0.57  0.82  0.74  0.92  0.78  0.80  0.64  0.92 ]
[ 0.71  0.53  0.98  0.53  0.85  0.47  0.45  0.51  0.80  0.56  0.82  0.80 ]
[ 0.61  0.64  0.55  0.46  0.47  0.64  0.50  0.50  0.50  0.49  0.45  0.82 ]
[ 0.53  0.47  0.93  0.53  0.52  0.52  0.57  0.73  0.71  0.84  0.94  0.50 ]
[ 0.45  0.46  0.46  0.45  0.50  0.45  0.57  0.45  0.73  0.47  0.48  0.73 ]
[ 0.55  0.71  0.45  0.61  0.50  0.45  0.47  0.47  0.65  0.45  0.83  0.74 ]
[ 0.62  0.47  0.45  0.45  0.84  0.65  0.46  0.45  0.77  0.45  0.52  0.56 ]
[ 0.47  0.85  0.93  0.60  0.64  0.92  0.85  0.79  0.90  0.77  0.99  0.81 ]
[ 0.91  0.99  0.84  0.95  0.95  0.90  0.85  0.99  0.74  0.94  0.94  0.86 ]
[ 0.99  0.99  0.99  0.92  0.99  0.99  0.95  0.96  0.98  0.99  0.99  0.56 ]

01/29 03:39:43 AM | === Batch 5/200
01/29 03:39:43 AM | loss = 0.910 + 1.011 + 0.111 = 2.031
01/29 03:39:43 AM | attribution_score[0:12]: 
[ 0.99  0.93  0.47  0.31  0.37  0.33  0.32  0.31  0.31  0.33  0.32  0.83 ]
[ 0.92  0.45  0.84  0.33  0.90  0.47  0.65  0.32  0.72  0.93  0.91  0.45 ]
[ 0.99  0.95  0.34  0.95  0.32  0.96  0.87  0.61  0.35  0.36  0.35  0.98 ]
[ 0.37  0.81  0.95  0.78  0.49  0.85  0.74  0.94  0.72  0.79  0.63  0.92 ]
[ 0.73  0.53  0.98  0.45  0.89  0.40  0.32  0.38  0.84  0.57  0.79  0.73 ]
[ 0.61  0.69  0.43  0.33  0.34  0.52  0.46  0.44  0.39  0.35  0.31  0.76 ]
[ 0.57  0.35  0.91  0.42  0.59  0.40  0.59  0.80  0.78  0.82  0.95  0.37 ]
[ 0.31  0.32  0.32  0.31  0.48  0.31  0.54  0.31  0.79  0.33  0.37  0.64 ]
[ 0.44  0.73  0.31  0.68  0.37  0.31  0.36  0.34  0.70  0.31  0.82  0.81 ]
[ 0.63  0.36  0.31  0.31  0.79  0.65  0.33  0.31  0.83  0.31  0.40  0.48 ]
[ 0.33  0.90  0.94  0.65  0.72  0.90  0.89  0.77  0.93  0.84  0.99  0.87 ]
[ 0.91  0.99  0.89  0.96  0.97  0.89  0.89  0.99  0.65  0.95  0.96  0.91 ]
[ 0.99  0.99  0.99  0.93  0.99  0.99  0.96  0.97  0.99  0.99  0.99  0.47 ]

01/29 03:39:43 AM | === Batch 6/200
01/29 03:39:44 AM | loss = 0.937 + 0.463 + 0.095 = 1.495
01/29 03:39:44 AM | attribution_score[0:12]: 
[ 0.99  0.94  0.38  0.20  0.26  0.22  0.21  0.20  0.20  0.21  0.21  0.85 ]
[ 0.93  0.34  0.84  0.22  0.88  0.35  0.71  0.21  0.73  0.94  0.91  0.45 ]
[ 0.99  0.95  0.23  0.96  0.20  0.96  0.85  0.64  0.24  0.25  0.24  0.99 ]
[ 0.30  0.75  0.94  0.81  0.50  0.88  0.72  0.95  0.64  0.76  0.56  0.92 ]
[ 0.72  0.51  0.99  0.44  0.90  0.39  0.23  0.28  0.87  0.63  0.76  0.65 ]
[ 0.67  0.74  0.31  0.23  0.23  0.40  0.44  0.39  0.31  0.31  0.20  0.67 ]
[ 0.65  0.26  0.90  0.39  0.63  0.39  0.55  0.80  0.80  0.85  0.95  0.25 ]
[ 0.20  0.21  0.21  0.20  0.43  0.20  0.50  0.20  0.78  0.21  0.28  0.55 ]
[ 0.41  0.72  0.20  0.69  0.30  0.20  0.25  0.23  0.74  0.25  0.76  0.82 ]
[ 0.60  0.26  0.20  0.20  0.78  0.68  0.23  0.20  0.88  0.20  0.30  0.40 ]
[ 0.24  0.93  0.94  0.63  0.75  0.89  0.92  0.80  0.95  0.86  0.99  0.90 ]
[ 0.93  0.99  0.91  0.97  0.97  0.87  0.92  1.00  0.53  0.95  0.97  0.93 ]
[ 0.99  0.99  1.00  0.95  1.00  1.00  0.97  0.97  0.99  0.99  0.99  0.46 ]

01/29 03:39:44 AM | === Batch 7/200
01/29 03:39:44 AM | loss = 1.051 + 0.027 + 0.081 = 1.159
01/29 03:39:44 AM | attribution_score[0:12]: 
[ 0.99  0.94  0.31  0.12  0.17  0.15  0.13  0.13  0.12  0.14  0.13  0.87 ]
[ 0.93  0.24  0.84  0.13  0.86  0.24  0.76  0.13  0.71  0.95  0.90  0.46 ]
[ 0.99  0.95  0.15  0.96  0.12  0.97  0.82  0.66  0.15  0.18  0.15  0.99 ]
[ 0.23  0.67  0.94  0.80  0.49  0.89  0.71  0.96  0.53  0.70  0.51  0.91 ]
[ 0.71  0.44  0.99  0.41  0.90  0.41  0.16  0.21  0.90  0.68  0.75  0.63 ]
[ 0.72  0.76  0.21  0.16  0.15  0.29  0.47  0.32  0.27  0.34  0.12  0.56 ]
[ 0.74  0.21  0.89  0.36  0.63  0.42  0.49  0.76  0.81  0.88  0.96  0.16 ]
[ 0.12  0.13  0.13  0.12  0.36  0.13  0.45  0.12  0.75  0.13  0.19  0.46 ]
[ 0.44  0.68  0.12  0.67  0.29  0.12  0.17  0.19  0.78  0.20  0.69  0.81 ]
[ 0.55  0.17  0.13  0.12  0.78  0.70  0.16  0.12  0.90  0.13  0.25  0.32 ]
[ 0.22  0.95  0.93  0.56  0.76  0.90  0.93  0.85  0.96  0.86  0.99  0.91 ]
[ 0.95  1.00  0.91  0.97  0.97  0.87  0.94  1.00  0.46  0.94  0.98  0.94 ]
[ 1.00  1.00  1.00  0.96  1.00  1.00  0.97  0.97  0.99  0.99  0.99  0.40 ]

01/29 03:39:44 AM | === Batch 8/200
01/29 03:39:44 AM | loss = 1.251 + 0.575 + 0.071 = 1.897
01/29 03:39:45 AM | attribution_score[0:12]: 
[ 0.99  0.95  0.34  0.08  0.15  0.13  0.10  0.09  0.08  0.15  0.10  0.91 ]
[ 0.95  0.19  0.86  0.10  0.87  0.22  0.81  0.09  0.71  0.96  0.91  0.51 ]
[ 0.99  0.95  0.12  0.97  0.09  0.97  0.84  0.72  0.11  0.16  0.12  0.99 ]
[ 0.22  0.65  0.95  0.82  0.47  0.90  0.73  0.97  0.52  0.72  0.57  0.91 ]
[ 0.74  0.35  0.99  0.38  0.91  0.48  0.14  0.19  0.92  0.68  0.80  0.68 ]
[ 0.74  0.78  0.18  0.12  0.12  0.25  0.54  0.32  0.29  0.42  0.09  0.56 ]
[ 0.81  0.21  0.89  0.36  0.64  0.42  0.48  0.71  0.83  0.90  0.97  0.12 ]
[ 0.08  0.09  0.10  0.09  0.35  0.10  0.49  0.08  0.73  0.11  0.16  0.45 ]
[ 0.51  0.71  0.09  0.68  0.32  0.10  0.14  0.20  0.82  0.17  0.71  0.81 ]
[ 0.58  0.14  0.09  0.09  0.82  0.72  0.12  0.09  0.93  0.10  0.24  0.34 ]
[ 0.23  0.96  0.94  0.54  0.77  0.92  0.93  0.89  0.96  0.86  1.00  0.93 ]
[ 0.97  1.00  0.92  0.98  0.98  0.89  0.95  1.00  0.49  0.95  0.99  0.96 ]
[ 1.00  1.00  1.00  0.97  1.00  1.00  0.98  0.97  1.00  0.99  0.99  0.38 ]

01/29 03:39:45 AM | === Batch 9/200
01/29 03:39:45 AM | loss = 0.984 + 0.587 + 0.065 = 1.635
01/29 03:39:45 AM | attribution_score[0:12]: 
[ 0.99  0.96  0.41  0.06  0.15  0.13  0.09  0.07  0.07  0.19  0.09  0.94 ]
[ 0.96  0.18  0.88  0.07  0.89  0.24  0.86  0.07  0.73  0.97  0.93  0.58 ]
[ 0.99  0.96  0.12  0.97  0.07  0.98  0.87  0.79  0.09  0.17  0.11  0.99 ]
[ 0.22  0.68  0.96  0.85  0.49  0.91  0.76  0.97  0.54  0.76  0.66  0.92 ]
[ 0.78  0.33  0.99  0.36  0.92  0.56  0.14  0.20  0.94  0.71  0.84  0.75 ]
[ 0.75  0.79  0.19  0.10  0.10  0.25  0.62  0.36  0.34  0.49  0.07  0.60 ]
[ 0.87  0.22  0.90  0.39  0.69  0.41  0.53  0.67  0.86  0.92  0.97  0.11 ]
[ 0.06  0.07  0.08  0.07  0.37  0.10  0.58  0.06  0.75  0.09  0.16  0.47 ]
[ 0.61  0.77  0.07  0.72  0.37  0.08  0.13  0.23  0.85  0.17  0.75  0.84 ]
[ 0.64  0.14  0.08  0.07  0.86  0.76  0.10  0.07  0.95  0.09  0.25  0.39 ]
[ 0.27  0.96  0.95  0.54  0.77  0.94  0.94  0.92  0.97  0.86  1.00  0.94 ]
[ 0.98  1.00  0.93  0.98  0.98  0.92  0.95  1.00  0.57  0.96  0.99  0.97 ]
[ 1.00  1.00  1.00  0.98  1.00  1.00  0.98  0.98  1.00  0.99  0.99  0.41 ]

01/29 03:39:45 AM | === Batch 10/200
01/29 03:39:45 AM | loss = 0.789 + 0.320 + 0.061 = 1.170
01/29 03:39:45 AM | attribution_score[0:12]: 
[ 0.99  0.96  0.50  0.05  0.17  0.14  0.08  0.06  0.05  0.25  0.09  0.96 ]
[ 0.97  0.18  0.91  0.06  0.90  0.28  0.89  0.06  0.77  0.98  0.94  0.65 ]
[ 0.99  0.96  0.13  0.98  0.06  0.98  0.91  0.84  0.09  0.19  0.12  1.00 ]
[ 0.23  0.73  0.97  0.88  0.54  0.92  0.80  0.98  0.59  0.81  0.74  0.93 ]
[ 0.83  0.35  0.99  0.42  0.93  0.66  0.14  0.24  0.96  0.75  0.88  0.81 ]
[ 0.79  0.83  0.21  0.09  0.09  0.28  0.71  0.41  0.42  0.57  0.06  0.67 ]
[ 0.90  0.26  0.92  0.45  0.74  0.46  0.60  0.65  0.89  0.92  0.98  0.10 ]
[ 0.05  0.06  0.06  0.06  0.42  0.09  0.67  0.05  0.77  0.09  0.17  0.51 ]
[ 0.70  0.83  0.06  0.77  0.44  0.08  0.13  0.29  0.87  0.17  0.81  0.87 ]
[ 0.72  0.15  0.07  0.06  0.90  0.80  0.10  0.07  0.96  0.10  0.28  0.48 ]
[ 0.32  0.97  0.96  0.58  0.80  0.96  0.95  0.95  0.98  0.87  1.00  0.95 ]
[ 0.99  1.00  0.94  0.98  0.98  0.95  0.96  1.00  0.65  0.97  0.99  0.97 ]
[ 1.00  1.00  1.00  0.99  1.00  1.00  0.99  0.98  1.00  0.99  0.99  0.45 ]

01/29 03:39:45 AM | === Batch 11/200
01/29 03:39:46 AM | loss = 0.857 + 0.070 + 0.057 = 0.985
01/29 03:39:46 AM | attribution_score[0:12]: 
[ 1.00  0.97  0.56  0.04  0.17  0.15  0.08  0.05  0.05  0.28  0.08  0.97 ]
[ 0.97  0.18  0.93  0.05  0.91  0.32  0.91  0.05  0.81  0.98  0.95  0.71 ]
[ 1.00  0.96  0.13  0.98  0.05  0.99  0.92  0.88  0.08  0.19  0.12  1.00 ]
[ 0.24  0.78  0.98  0.90  0.61  0.94  0.80  0.98  0.62  0.83  0.80  0.93 ]
[ 0.84  0.38  1.00  0.48  0.94  0.67  0.14  0.27  0.97  0.81  0.90  0.85 ]
[ 0.84  0.85  0.23  0.08  0.09  0.28  0.74  0.47  0.50  0.63  0.05  0.70 ]
[ 0.91  0.26  0.93  0.50  0.78  0.51  0.65  0.63  0.91  0.93  0.98  0.09 ]
[ 0.04  0.05  0.05  0.05  0.45  0.10  0.72  0.04  0.80  0.09  0.19  0.57 ]
[ 0.78  0.88  0.05  0.80  0.52  0.07  0.14  0.34  0.89  0.17  0.85  0.89 ]
[ 0.78  0.15  0.06  0.05  0.92  0.84  0.09  0.06  0.97  0.09  0.29  0.55 ]
[ 0.34  0.97  0.97  0.60  0.82  0.97  0.95  0.96  0.98  0.87  1.00  0.95 ]
[ 0.99  1.00  0.95  0.99  0.99  0.96  0.96  1.00  0.69  0.98  0.99  0.98 ]
[ 1.00  1.00  1.00  0.99  1.00  1.00  0.99  0.98  1.00  1.00  0.99  0.49 ]

01/29 03:39:46 AM | === Batch 12/200
01/29 03:39:46 AM | loss = 0.682 + 0.252 + 0.054 = 0.987
01/29 03:39:46 AM | attribution_score[0:12]: 
[ 1.00  0.97  0.59  0.03  0.17  0.17  0.07  0.05  0.04  0.28  0.07  0.98 ]
[ 0.98  0.17  0.95  0.04  0.91  0.37  0.93  0.04  0.84  0.99  0.95  0.74 ]
[ 1.00  0.97  0.12  0.98  0.04  0.99  0.94  0.90  0.07  0.19  0.12  1.00 ]
[ 0.24  0.82  0.98  0.90  0.69  0.94  0.82  0.98  0.61  0.84  0.84  0.94 ]
[ 0.85  0.43  1.00  0.52  0.94  0.68  0.14  0.27  0.98  0.84  0.91  0.88 ]
[ 0.86  0.86  0.26  0.08  0.08  0.27  0.75  0.52  0.58  0.66  0.05  0.74 ]
[ 0.92  0.28  0.92  0.56  0.81  0.55  0.67  0.59  0.92  0.93  0.99  0.08 ]
[ 0.03  0.05  0.05  0.04  0.45  0.10  0.75  0.03  0.83  0.09  0.22  0.62 ]
[ 0.82  0.91  0.04  0.83  0.57  0.06  0.14  0.39  0.90  0.16  0.89  0.91 ]
[ 0.82  0.13  0.05  0.04  0.94  0.86  0.09  0.05  0.98  0.08  0.29  0.58 ]
[ 0.33  0.98  0.98  0.62  0.84  0.98  0.96  0.97  0.99  0.88  1.00  0.96 ]
[ 0.99  1.00  0.96  0.99  0.99  0.97  0.97  1.00  0.71  0.98  0.99  0.98 ]
[ 1.00  1.00  1.00  0.99  1.00  1.00  0.99  0.98  1.00  1.00  0.99  0.51 ]

01/29 03:39:46 AM | === Batch 13/200
01/29 03:39:46 AM | loss = 0.757 + 0.369 + 0.051 = 1.177
01/29 03:39:47 AM | attribution_score[0:12]: 
[ 1.00  0.98  0.60  0.03  0.16  0.18  0.07  0.04  0.03  0.28  0.06  0.98 ]
[ 0.98  0.16  0.96  0.04  0.91  0.40  0.94  0.03  0.87  0.99  0.96  0.76 ]
[ 1.00  0.97  0.11  0.98  0.04  0.99  0.94  0.91  0.07  0.17  0.12  1.00 ]
[ 0.24  0.84  0.98  0.90  0.77  0.95  0.84  0.98  0.63  0.85  0.88  0.94 ]
[ 0.86  0.48  1.00  0.54  0.93  0.69  0.13  0.27  0.98  0.86  0.92  0.90 ]
[ 0.88  0.88  0.28  0.07  0.07  0.29  0.76  0.54  0.65  0.67  0.04  0.78 ]
[ 0.92  0.29  0.92  0.64  0.84  0.56  0.68  0.57  0.93  0.93  0.99  0.07 ]
[ 0.03  0.04  0.04  0.03  0.43  0.10  0.78  0.03  0.86  0.08  0.24  0.66 ]
[ 0.86  0.94  0.04  0.85  0.61  0.06  0.14  0.40  0.90  0.15  0.91  0.92 ]
[ 0.85  0.11  0.05  0.03  0.95  0.87  0.08  0.04  0.98  0.07  0.29  0.61 ]
[ 0.31  0.98  0.98  0.65  0.85  0.98  0.97  0.98  0.99  0.88  1.00  0.96 ]
[ 0.99  1.00  0.96  0.99  0.99  0.98  0.97  1.00  0.72  0.98  1.00  0.99 ]
[ 1.00  1.00  1.00  0.99  1.00  1.00  0.99  0.99  1.00  1.00  1.00  0.51 ]

01/29 03:39:47 AM | === Batch 14/200
01/29 03:39:47 AM | loss = 0.516 + 0.443 + 0.048 = 1.008
01/29 03:39:47 AM | attribution_score[0:12]: 
[ 1.00  0.98  0.59  0.02  0.15  0.20  0.06  0.04  0.03  0.29  0.06  0.98 ]
[ 0.99  0.16  0.96  0.03  0.91  0.45  0.95  0.03  0.89  0.99  0.97  0.78 ]
[ 1.00  0.97  0.10  0.99  0.03  0.99  0.95  0.92  0.06  0.15  0.11  1.00 ]
[ 0.25  0.86  0.98  0.90  0.83  0.95  0.85  0.98  0.63  0.85  0.90  0.95 ]
[ 0.85  0.56  1.00  0.55  0.92  0.69  0.13  0.25  0.98  0.86  0.93  0.92 ]
[ 0.90  0.89  0.31  0.06  0.06  0.29  0.76  0.52  0.71  0.66  0.04  0.81 ]
[ 0.92  0.30  0.90  0.69  0.87  0.53  0.68  0.56  0.94  0.94  0.99  0.06 ]
[ 0.02  0.04  0.03  0.03  0.39  0.09  0.79  0.02  0.89  0.08  0.24  0.69 ]
[ 0.87  0.95  0.03  0.87  0.64  0.05  0.13  0.42  0.90  0.13  0.93  0.93 ]
[ 0.87  0.09  0.04  0.03  0.95  0.86  0.07  0.04  0.99  0.06  0.28  0.62 ]
[ 0.29  0.98  0.98  0.69  0.87  0.99  0.97  0.98  0.99  0.89  1.00  0.97 ]
[ 1.00  1.00  0.96  0.99  0.99  0.98  0.97  1.00  0.71  0.99  1.00  0.99 ]
[ 1.00  1.00  1.00  0.99  1.00  1.00  0.99  0.99  1.00  1.00  1.00  0.47 ]

01/29 03:39:47 AM | === Batch 15/200
01/29 03:39:47 AM | loss = 0.353 + 0.477 + 0.046 = 0.876
01/29 03:39:47 AM | attribution_score[0:12]: 
[ 1.00  0.98  0.58  0.02  0.14  0.21  0.05  0.03  0.02  0.31  0.05  0.99 ]
[ 0.99  0.15  0.97  0.03  0.91  0.49  0.95  0.02  0.90  0.99  0.97  0.78 ]
[ 1.00  0.97  0.09  0.99  0.03  0.99  0.95  0.93  0.06  0.13  0.10  1.00 ]
[ 0.25  0.87  0.99  0.90  0.87  0.95  0.86  0.99  0.63  0.85  0.92  0.95 ]
[ 0.85  0.59  1.00  0.55  0.90  0.68  0.13  0.22  0.99  0.87  0.93  0.93 ]
[ 0.91  0.90  0.32  0.05  0.05  0.28  0.77  0.48  0.75  0.65  0.03  0.83 ]
[ 0.92  0.32  0.88  0.71  0.89  0.49  0.68  0.52  0.95  0.93  0.99  0.05 ]
[ 0.02  0.04  0.03  0.02  0.35  0.08  0.80  0.02  0.91  0.07  0.23  0.72 ]
[ 0.88  0.97  0.03  0.89  0.67  0.04  0.12  0.41  0.90  0.11  0.94  0.93 ]
[ 0.89  0.07  0.03  0.03  0.96  0.86  0.06  0.03  0.99  0.05  0.26  0.61 ]
[ 0.25  0.98  0.99  0.73  0.88  0.99  0.97  0.99  0.99  0.90  1.00  0.97 ]
[ 1.00  1.00  0.96  0.99  0.99  0.98  0.98  1.00  0.70  0.99  1.00  0.99 ]
[ 1.00  1.00  1.00  1.00  1.00  1.00  0.99  0.99  1.00  1.00  1.00  0.41 ]

01/29 03:39:47 AM | === Batch 16/200
01/29 03:39:48 AM | loss = 0.506 + 0.474 + 0.044 = 1.024
01/29 03:39:48 AM | attribution_score[0:12]: 
[ 1.00  0.98  0.56  0.02  0.13  0.21  0.05  0.03  0.02  0.32  0.04  0.99 ]
[ 0.99  0.15  0.97  0.02  0.91  0.51  0.96  0.02  0.92  0.99  0.98  0.79 ]
[ 1.00  0.97  0.08  0.99  0.02  0.99  0.96  0.94  0.05  0.11  0.08  1.00 ]
[ 0.24  0.87  0.99  0.91  0.90  0.95  0.86  0.99  0.63  0.85  0.93  0.95 ]
[ 0.84  0.60  1.00  0.55  0.87  0.67  0.12  0.19  0.99  0.87  0.94  0.94 ]
[ 0.92  0.90  0.32  0.05  0.04  0.26  0.78  0.41  0.79  0.64  0.03  0.84 ]
[ 0.92  0.35  0.85  0.73  0.90  0.46  0.65  0.47  0.95  0.93  0.99  0.05 ]
[ 0.02  0.04  0.02  0.02  0.31  0.08  0.80  0.01  0.93  0.06  0.22  0.76 ]
[ 0.89  0.97  0.03  0.90  0.69  0.04  0.10  0.40  0.89  0.09  0.96  0.94 ]
[ 0.90  0.06  0.03  0.02  0.96  0.84  0.05  0.03  0.99  0.05  0.24  0.60 ]
[ 0.22  0.99  0.99  0.75  0.89  0.99  0.98  0.99  0.99  0.90  1.00  0.97 ]
[ 1.00  1.00  0.97  0.99  0.99  0.98  0.98  1.00  0.68  0.99  1.00  0.99 ]
[ 1.00  1.00  1.00  1.00  1.00  1.00  0.99  0.99  1.00  1.00  1.00  0.35 ]

01/29 03:39:48 AM | === Batch 17/200
01/29 03:39:48 AM | loss = 0.508 + 0.447 + 0.042 = 0.997
01/29 03:39:48 AM | attribution_score[0:12]: 
[ 1.00  0.98  0.55  0.01  0.12  0.21  0.04  0.02  0.02  0.32  0.04  0.99 ]
[ 0.99  0.14  0.97  0.02  0.91  0.50  0.96  0.02  0.93  0.99  0.98  0.78 ]
[ 1.00  0.98  0.07  0.99  0.02  0.99  0.96  0.94  0.04  0.10  0.07  1.00 ]
[ 0.23  0.87  0.99  0.90  0.91  0.95  0.86  0.99  0.62  0.84  0.94  0.95 ]
[ 0.83  0.61  1.00  0.56  0.85  0.65  0.11  0.16  0.99  0.87  0.94  0.95 ]
[ 0.92  0.90  0.31  0.04  0.04  0.25  0.77  0.35  0.82  0.62  0.02  0.85 ]
[ 0.91  0.37  0.81  0.74  0.91  0.43  0.60  0.41  0.95  0.93  0.99  0.04 ]
[ 0.01  0.04  0.02  0.01  0.26  0.07  0.81  0.01  0.94  0.06  0.23  0.77 ]
[ 0.89  0.98  0.02  0.91  0.71  0.03  0.09  0.40  0.88  0.08  0.96  0.94 ]
[ 0.91  0.05  0.03  0.02  0.96  0.82  0.04  0.02  0.99  0.04  0.23  0.58 ]
[ 0.19  0.99  0.99  0.76  0.90  0.99  0.98  0.99  0.99  0.90  1.00  0.97 ]
[ 1.00  1.00  0.97  1.00  0.99  0.99  0.98  1.00  0.66  0.99  1.00  0.99 ]
[ 1.00  1.00  1.00  1.00  1.00  1.00  0.99  0.99  1.00  1.00  1.00  0.28 ]

01/29 03:39:48 AM | === Batch 18/200
01/29 03:39:48 AM | loss = 0.547 + 0.401 + 0.040 = 0.988
01/29 03:39:49 AM | attribution_score[0:12]: 
[ 1.00  0.98  0.51  0.01  0.10  0.22  0.04  0.02  0.01  0.29  0.03  0.99 ]
[ 0.99  0.14  0.98  0.02  0.90  0.50  0.96  0.01  0.94  0.99  0.98  0.75 ]
[ 1.00  0.98  0.06  0.99  0.02  0.99  0.96  0.94  0.04  0.08  0.06  1.00 ]
[ 0.21  0.87  0.99  0.89  0.93  0.96  0.83  0.99  0.59  0.83  0.95  0.95 ]
[ 0.81  0.62  1.00  0.62  0.85  0.59  0.11  0.14  0.99  0.87  0.94  0.95 ]
[ 0.93  0.89  0.29  0.04  0.03  0.24  0.75  0.30  0.82  0.64  0.02  0.85 ]
[ 0.91  0.36  0.76  0.75  0.91  0.40  0.53  0.37  0.95  0.93  0.99  0.04 ]
[ 0.01  0.03  0.02  0.01  0.21  0.07  0.81  0.01  0.95  0.05  0.22  0.76 ]
[ 0.90  0.98  0.02  0.91  0.72  0.03  0.07  0.41  0.88  0.07  0.97  0.94 ]
[ 0.91  0.04  0.02  0.02  0.97  0.81  0.03  0.02  0.99  0.03  0.21  0.55 ]
[ 0.16  0.99  0.99  0.76  0.90  0.99  0.98  0.99  0.99  0.90  1.00  0.98 ]
[ 1.00  1.00  0.97  1.00  1.00  0.99  0.98  1.00  0.64  0.99  1.00  0.99 ]
[ 1.00  1.00  1.00  1.00  1.00  1.00  0.99  0.99  1.00  1.00  1.00  0.22 ]

01/29 03:39:49 AM | === Batch 19/200
01/29 03:39:49 AM | loss = 0.484 + 0.346 + 0.039 = 0.869
01/29 03:39:49 AM | attribution_score[0:12]: 
[ 1.00  0.99  0.46  0.01  0.09  0.21  0.03  0.02  0.01  0.25  0.03  0.99 ]
[ 0.99  0.13  0.98  0.01  0.90  0.50  0.96  0.01  0.95  0.99  0.98  0.72 ]
[ 1.00  0.98  0.05  0.99  0.01  0.99  0.96  0.94  0.03  0.07  0.06  1.00 ]
[ 0.20  0.86  0.99  0.88  0.93  0.96  0.80  0.99  0.54  0.80  0.96  0.95 ]
[ 0.80  0.64  1.00  0.67  0.85  0.53  0.11  0.12  0.99  0.87  0.94  0.96 ]
[ 0.93  0.89  0.27  0.04  0.03  0.23  0.72  0.25  0.82  0.66  0.02  0.85 ]
[ 0.90  0.34  0.68  0.73  0.92  0.40  0.46  0.34  0.95  0.93  1.00  0.03 ]
[ 0.01  0.03  0.01  0.01  0.17  0.07  0.81  0.01  0.95  0.04  0.21  0.74 ]
[ 0.90  0.99  0.02  0.92  0.73  0.02  0.06  0.40  0.87  0.06  0.97  0.94 ]
[ 0.92  0.03  0.02  0.01  0.97  0.79  0.03  0.02  0.99  0.03  0.19  0.52 ]
[ 0.14  0.99  0.99  0.75  0.90  0.99  0.98  0.99  1.00  0.90  1.00  0.98 ]
[ 1.00  1.00  0.97  1.00  1.00  0.99  0.98  1.00  0.61  0.99  1.00  0.99 ]
[ 1.00  1.00  1.00  1.00  1.00  1.00  0.99  0.99  1.00  1.00  1.00  0.17 ]

01/29 03:39:49 AM | === Batch 20/200
01/29 03:39:49 AM | loss = 0.541 + 0.282 + 0.037 = 0.861
01/29 03:39:49 AM | === Batch 21/200
01/29 03:39:50 AM | loss = 0.611 + 0.217 + 0.036 = 0.864
01/29 03:39:50 AM | === Batch 22/200
01/29 03:39:50 AM | loss = 0.529 + 0.150 + 0.034 = 0.713
01/29 03:39:50 AM | === Batch 23/200
01/29 03:39:50 AM | loss = 0.689 + 0.084 + 0.033 = 0.806
01/29 03:39:51 AM | === Batch 24/200
01/29 03:39:51 AM | loss = 0.756 + 0.025 + 0.032 = 0.813
01/29 03:39:51 AM | === Batch 25/200
01/29 03:39:51 AM | loss = 0.552 + 0.068 + 0.031 = 0.651
01/29 03:39:52 AM | === Batch 26/200
01/29 03:39:52 AM | loss = 0.555 + 0.071 + 0.030 = 0.656
01/29 03:39:52 AM | === Batch 27/200
01/29 03:39:52 AM | loss = 0.555 + 0.005 + 0.029 = 0.589
01/29 03:39:52 AM | === Batch 28/200
01/29 03:39:52 AM | loss = 0.543 + 0.032 + 0.028 = 0.602
01/29 03:39:53 AM | === Batch 29/200
01/29 03:39:53 AM | loss = 0.562 + 0.044 + 0.027 = 0.633
01/29 03:39:53 AM | === Batch 30/200
01/29 03:39:53 AM | loss = 0.532 + 0.043 + 0.026 = 0.601
01/29 03:39:53 AM | === Batch 31/200
01/29 03:39:54 AM | loss = 0.571 + 0.031 + 0.026 = 0.628
01/29 03:39:54 AM | === Batch 32/200
01/29 03:39:54 AM | loss = 0.467 + 0.009 + 0.025 = 0.501
01/29 03:39:54 AM | === Batch 33/200
01/29 03:39:54 AM | loss = 0.664 + 0.037 + 0.025 = 0.725
01/29 03:39:55 AM | === Batch 34/200
01/29 03:39:55 AM | loss = 0.504 + 0.027 + 0.024 = 0.555
01/29 03:39:55 AM | === Batch 35/200
01/29 03:39:55 AM | loss = 0.519 + 0.021 + 0.024 = 0.564
01/29 03:39:55 AM | === Batch 36/200
01/29 03:39:56 AM | loss = 0.643 + 0.046 + 0.024 = 0.713
01/29 03:39:56 AM | === Batch 37/200
01/29 03:39:56 AM | loss = 0.463 + 0.060 + 0.023 = 0.546
01/29 03:39:56 AM | === Batch 38/200
01/29 03:39:56 AM | loss = 0.319 + 0.063 + 0.023 = 0.405
01/29 03:39:57 AM | === Batch 39/200
01/29 03:39:57 AM | loss = 0.478 + 0.054 + 0.022 = 0.555
01/29 03:39:57 AM | === Batch 40/200
01/29 03:39:57 AM | loss = 0.522 + 0.035 + 0.022 = 0.578
01/29 03:39:57 AM | === Batch 41/200
01/29 03:39:58 AM | loss = 0.470 + 0.008 + 0.022 = 0.501
01/29 03:39:58 AM | === Batch 42/200
01/29 03:39:58 AM | loss = 0.407 + 0.048 + 0.022 = 0.477
01/29 03:39:58 AM | === Batch 43/200
01/29 03:39:58 AM | loss = 0.642 + 0.046 + 0.021 = 0.709
01/29 03:39:59 AM | === Batch 44/200
01/29 03:39:59 AM | loss = 0.450 + 0.004 + 0.021 = 0.475
01/29 03:39:59 AM | === Batch 45/200
01/29 03:39:59 AM | loss = 0.477 + 0.019 + 0.021 = 0.517
01/29 03:39:59 AM | === Batch 46/200
01/29 03:40:00 AM | loss = 0.401 + 0.027 + 0.021 = 0.448
01/29 03:40:00 AM | === Batch 47/200
01/29 03:40:00 AM | loss = 0.486 + 0.024 + 0.020 = 0.530
01/29 03:40:00 AM | === Batch 48/200
01/29 03:40:00 AM | loss = 0.664 + 0.012 + 0.020 = 0.696
01/29 03:40:01 AM | === Batch 49/200
01/29 03:40:01 AM | loss = 0.554 + 0.010 + 0.020 = 0.584
01/29 03:40:01 AM | === Batch 50/200
01/29 03:40:01 AM | loss = 0.529 + 0.011 + 0.020 = 0.560
01/29 03:40:01 AM | === Batch 51/200
01/29 03:40:02 AM | loss = 0.358 + 0.017 + 0.020 = 0.394
01/29 03:40:02 AM | === Batch 52/200
01/29 03:40:02 AM | loss = 0.320 + 0.016 + 0.019 = 0.355
01/29 03:40:02 AM | === Batch 53/200
01/29 03:40:02 AM | loss = 0.401 + 0.008 + 0.019 = 0.427
01/29 03:40:03 AM | === Batch 54/200
01/29 03:40:03 AM | loss = 0.361 + 0.011 + 0.019 = 0.391
01/29 03:40:03 AM | === Batch 55/200
01/29 03:40:03 AM | loss = 0.307 + 0.009 + 0.019 = 0.335
01/29 03:40:03 AM | === Batch 56/200
01/29 03:40:03 AM | loss = 0.438 + 0.015 + 0.018 = 0.472
01/29 03:40:04 AM | === Batch 57/200
01/29 03:40:04 AM | loss = 0.516 + 0.014 + 0.018 = 0.548
01/29 03:40:04 AM | === Batch 58/200
01/29 03:40:04 AM | loss = 0.556 + 0.006 + 0.018 = 0.580
01/29 03:40:04 AM | === Batch 59/200
01/29 03:40:05 AM | loss = 0.472 + 0.014 + 0.018 = 0.504
01/29 03:40:05 AM | === Batch 60/200
01/29 03:40:05 AM | loss = 0.660 + 0.004 + 0.018 = 0.681
01/29 03:40:05 AM | === Batch 61/200
01/29 03:40:05 AM | loss = 0.601 + 0.009 + 0.017 = 0.627
01/29 03:40:06 AM | === Batch 62/200
01/29 03:40:06 AM | loss = 0.417 + 0.007 + 0.017 = 0.441
01/29 03:40:06 AM | === Batch 63/200
01/29 03:40:06 AM | loss = 0.489 + 0.001 + 0.017 = 0.507
01/29 03:40:06 AM | === Batch 64/200
01/29 03:40:07 AM | loss = 0.446 + 0.017 + 0.017 = 0.480
01/29 03:40:07 AM | === Batch 65/200
01/29 03:40:07 AM | loss = 0.287 + 0.027 + 0.017 = 0.330
01/29 03:40:07 AM | === Batch 66/200
01/29 03:40:07 AM | loss = 0.352 + 0.027 + 0.016 = 0.396
01/29 03:40:08 AM | === Batch 67/200
01/29 03:40:08 AM | loss = 0.479 + 0.021 + 0.016 = 0.517
01/29 03:40:08 AM | === Batch 68/200
01/29 03:40:08 AM | loss = 0.605 + 0.010 + 0.016 = 0.632
01/29 03:40:08 AM | === Batch 69/200
01/29 03:40:09 AM | loss = 0.511 + 0.008 + 0.016 = 0.535
01/29 03:40:09 AM | === Batch 70/200
01/29 03:40:09 AM | loss = 0.334 + 0.007 + 0.016 = 0.357
01/29 03:40:09 AM | === Batch 71/200
01/29 03:40:09 AM | loss = 0.472 + 0.009 + 0.016 = 0.497
01/29 03:40:10 AM | === Batch 72/200
01/29 03:40:10 AM | loss = 0.467 + 0.005 + 0.015 = 0.487
01/29 03:40:10 AM | === Batch 73/200
01/29 03:40:10 AM | loss = 0.612 + 0.009 + 0.015 = 0.637
01/29 03:40:10 AM | === Batch 74/200
01/29 03:40:10 AM | loss = 0.346 + 0.010 + 0.015 = 0.371
01/29 03:40:11 AM | === Batch 75/200
01/29 03:40:11 AM | loss = 0.503 + 0.016 + 0.015 = 0.534
01/29 03:40:11 AM | === Batch 76/200
01/29 03:40:11 AM | loss = 0.450 + 0.016 + 0.015 = 0.480
01/29 03:40:12 AM | === Batch 77/200
01/29 03:40:12 AM | loss = 0.299 + 0.009 + 0.015 = 0.323
01/29 03:40:12 AM | === Batch 78/200
01/29 03:40:12 AM | loss = 0.393 + 0.006 + 0.015 = 0.413
01/29 03:40:12 AM | === Batch 79/200
01/29 03:40:12 AM | loss = 0.413 + 0.010 + 0.015 = 0.437
01/29 03:40:13 AM | === Batch 80/200
01/29 03:40:13 AM | loss = 0.459 + 0.016 + 0.014 = 0.489
01/29 03:40:13 AM | === Batch 81/200
01/29 03:40:13 AM | loss = 0.298 + 0.013 + 0.014 = 0.325
01/29 03:40:13 AM | === Batch 82/200
01/29 03:40:14 AM | loss = 0.478 + 0.002 + 0.014 = 0.495
01/29 03:40:14 AM | === Batch 83/200
01/29 03:40:14 AM | loss = 0.506 + 0.020 + 0.014 = 0.541
01/29 03:40:14 AM | === Batch 84/200
01/29 03:40:14 AM | loss = 0.423 + 0.002 + 0.014 = 0.439
01/29 03:40:15 AM | === Batch 85/200
01/29 03:40:15 AM | loss = 0.397 + 0.030 + 0.014 = 0.440
01/29 03:40:15 AM | === Batch 86/200
01/29 03:40:15 AM | loss = 0.599 + 0.052 + 0.014 = 0.664
01/29 03:40:15 AM | === Batch 87/200
01/29 03:40:16 AM | loss = 0.472 + 0.065 + 0.013 = 0.550
01/29 03:40:16 AM | === Batch 88/200
01/29 03:40:16 AM | loss = 0.416 + 0.070 + 0.013 = 0.499
01/29 03:40:16 AM | === Batch 89/200
01/29 03:40:16 AM | loss = 0.417 + 0.069 + 0.013 = 0.499
01/29 03:40:17 AM | === Batch 90/200
01/29 03:40:17 AM | loss = 0.469 + 0.062 + 0.013 = 0.543
01/29 03:40:17 AM | === Batch 91/200
01/29 03:40:17 AM | loss = 0.522 + 0.049 + 0.013 = 0.585
01/29 03:40:17 AM | === Batch 92/200
01/29 03:40:17 AM | loss = 0.271 + 0.032 + 0.013 = 0.316
01/29 03:40:18 AM | === Batch 93/200
01/29 03:40:18 AM | loss = 0.472 + 0.008 + 0.013 = 0.493
01/29 03:40:18 AM | === Batch 94/200
01/29 03:40:18 AM | loss = 0.443 + 0.035 + 0.013 = 0.492
01/29 03:40:18 AM | === Batch 95/200
01/29 03:40:19 AM | loss = 0.490 + 0.038 + 0.013 = 0.542
01/29 03:40:19 AM | === Batch 96/200
01/29 03:40:19 AM | loss = 0.325 + 0.002 + 0.013 = 0.340
01/29 03:40:19 AM | === Batch 97/200
01/29 03:40:19 AM | loss = 0.405 + 0.034 + 0.012 = 0.451
01/29 03:40:20 AM | === Batch 98/200
01/29 03:40:20 AM | loss = 0.440 + 0.057 + 0.012 = 0.509
01/29 03:40:20 AM | === Batch 99/200
01/29 03:40:20 AM | loss = 0.512 + 0.071 + 0.012 = 0.595
01/29 03:40:20 AM | === Batch 100/200
01/29 03:40:20 AM | loss = 0.442 + 0.078 + 0.012 = 0.532
01/29 03:40:21 AM | attribution_score[0:12]: 
[ 1.00  0.99  0.06  0.00  0.00  0.89  0.00  0.00  0.00  0.96  0.00  1.00 ]
[ 1.00  0.01  0.99  0.00  0.98  0.95  0.99  0.00  0.99  1.00  0.99  0.39 ]
[ 1.00  0.93  0.00  0.99  0.00  1.00  0.89  0.92  0.00  0.00  0.00  1.00 ]
[ 0.05  0.12  1.00  0.99  0.19  0.99  0.97  0.99  0.10  0.27  0.99  0.79 ]
[ 0.94  0.97  1.00  0.99  0.99  0.98  0.01  0.04  1.00  0.99  0.98  0.99 ]
[ 0.99  0.99  0.01  0.00  0.01  0.02  0.90  0.02  0.91  0.07  0.00  0.99 ]
[ 0.94  0.06  0.02  0.97  1.00  0.08  0.02  0.03  1.00  0.97  1.00  0.04 ]
[ 0.00  0.01  0.00  0.00  0.01  0.99  1.00  0.00  0.99  0.01  0.02  0.26 ]
[ 0.99  1.00  0.00  0.99  0.94  0.00  0.00  0.04  0.98  0.02  1.00  0.99 ]
[ 0.96  0.00  0.00  0.00  1.00  0.93  0.00  0.00  1.00  0.00  0.05  0.14 ]
[ 0.01  1.00  1.00  0.01  0.92  1.00  0.99  1.00  1.00  0.95  1.00  0.99 ]
[ 1.00  1.00  0.99  1.00  1.00  1.00  1.00  1.00  0.02  1.00  1.00  1.00 ]
[ 1.00  1.00  1.00  1.00  1.00  1.00  1.00  1.00  1.00  1.00  1.00  0.00 ]

01/29 03:40:21 AM | === Batch 101/200
01/29 03:40:21 AM | loss = 0.404 + 0.079 + 0.012 = 0.495
01/29 03:40:21 AM | === Batch 102/200
01/29 03:40:21 AM | loss = 0.414 + 0.074 + 0.012 = 0.500
01/29 03:40:21 AM | === Batch 103/200
01/29 03:40:22 AM | loss = 0.596 + 0.066 + 0.012 = 0.673
01/29 03:40:22 AM | === Batch 104/200
01/29 03:40:22 AM | loss = 0.483 + 0.053 + 0.012 = 0.548
01/29 03:40:22 AM | === Batch 105/200
01/29 03:40:22 AM | loss = 0.327 + 0.037 + 0.012 = 0.375
01/29 03:40:23 AM | === Batch 106/200
01/29 03:40:23 AM | loss = 0.444 + 0.017 + 0.012 = 0.473
01/29 03:40:23 AM | === Batch 107/200
01/29 03:40:23 AM | loss = 0.537 + 0.008 + 0.012 = 0.556
01/29 03:40:23 AM | === Batch 108/200
01/29 03:40:24 AM | loss = 0.447 + 0.012 + 0.012 = 0.471
01/29 03:40:24 AM | === Batch 109/200
01/29 03:40:24 AM | loss = 0.291 + 0.009 + 0.011 = 0.312
01/29 03:40:24 AM | === Batch 110/200
01/29 03:40:24 AM | loss = 0.425 + 0.018 + 0.011 = 0.455
01/29 03:40:24 AM | === Batch 111/200
01/29 03:40:25 AM | loss = 0.500 + 0.021 + 0.011 = 0.532
01/29 03:40:25 AM | === Batch 112/200
01/29 03:40:25 AM | loss = 0.457 + 0.018 + 0.011 = 0.487
01/29 03:40:25 AM | === Batch 113/200
01/29 03:40:25 AM | loss = 0.525 + 0.009 + 0.011 = 0.546
01/29 03:40:26 AM | === Batch 114/200
01/29 03:40:26 AM | loss = 0.407 + 0.003 + 0.011 = 0.422
01/29 03:40:26 AM | === Batch 115/200
01/29 03:40:26 AM | loss = 0.401 + 0.006 + 0.011 = 0.419
01/29 03:40:26 AM | === Batch 116/200
01/29 03:40:27 AM | loss = 0.386 + 0.008 + 0.011 = 0.405
01/29 03:40:27 AM | === Batch 117/200
01/29 03:40:27 AM | loss = 0.395 + 0.005 + 0.011 = 0.412
01/29 03:40:27 AM | === Batch 118/200
01/29 03:40:27 AM | loss = 0.308 + 0.003 + 0.011 = 0.323
01/29 03:40:28 AM | === Batch 119/200
01/29 03:40:28 AM | loss = 0.534 + 0.010 + 0.011 = 0.555
01/29 03:40:28 AM | === Batch 120/200
01/29 03:40:28 AM | loss = 0.329 + 0.015 + 0.011 = 0.355
01/29 03:40:28 AM | === Batch 121/200
01/29 03:40:28 AM | loss = 0.319 + 0.013 + 0.011 = 0.343
01/29 03:40:29 AM | === Batch 122/200
01/29 03:40:29 AM | loss = 0.423 + 0.005 + 0.011 = 0.439
01/29 03:40:29 AM | === Batch 123/200
01/29 03:40:29 AM | loss = 0.379 + 0.013 + 0.011 = 0.402
01/29 03:40:30 AM | === Batch 124/200
01/29 03:40:30 AM | loss = 0.431 + 0.005 + 0.011 = 0.447
01/29 03:40:30 AM | === Batch 125/200
01/29 03:40:30 AM | loss = 0.320 + 0.016 + 0.011 = 0.347
01/29 03:40:30 AM | === Batch 126/200
01/29 03:40:30 AM | loss = 0.382 + 0.030 + 0.011 = 0.422
01/29 03:40:31 AM | === Batch 127/200
01/29 03:40:31 AM | loss = 0.430 + 0.035 + 0.011 = 0.476
01/29 03:40:31 AM | === Batch 128/200
01/29 03:40:31 AM | loss = 0.350 + 0.035 + 0.010 = 0.396
01/29 03:40:31 AM | === Batch 129/200
01/29 03:40:32 AM | loss = 0.513 + 0.030 + 0.011 = 0.553
01/29 03:40:32 AM | === Batch 130/200
01/29 03:40:32 AM | loss = 0.344 + 0.020 + 0.011 = 0.375
01/29 03:40:32 AM | === Batch 131/200
01/29 03:40:32 AM | loss = 0.404 + 0.006 + 0.011 = 0.421
01/29 03:40:33 AM | === Batch 132/200
01/29 03:40:33 AM | loss = 0.484 + 0.021 + 0.011 = 0.516
01/29 03:40:33 AM | === Batch 133/200
01/29 03:40:33 AM | loss = 0.376 + 0.016 + 0.011 = 0.403
01/29 03:40:33 AM | === Batch 134/200
01/29 03:40:34 AM | loss = 0.395 + 0.011 + 0.011 = 0.417
01/29 03:40:34 AM | === Batch 135/200
01/29 03:40:34 AM | loss = 0.401 + 0.024 + 0.011 = 0.436
01/29 03:40:34 AM | === Batch 136/200
01/29 03:40:34 AM | loss = 0.798 + 0.031 + 0.011 = 0.839
01/29 03:40:35 AM | === Batch 137/200
01/29 03:40:35 AM | loss = 0.288 + 0.032 + 0.011 = 0.330
01/29 03:40:35 AM | === Batch 138/200
01/29 03:40:35 AM | loss = 0.400 + 0.027 + 0.011 = 0.437
01/29 03:40:35 AM | === Batch 139/200
01/29 03:40:36 AM | loss = 0.459 + 0.017 + 0.011 = 0.486
01/29 03:40:36 AM | === Batch 140/200
01/29 03:40:36 AM | loss = 0.397 + 0.004 + 0.011 = 0.411
01/29 03:40:36 AM | === Batch 141/200
01/29 03:40:36 AM | loss = 0.525 + 0.025 + 0.011 = 0.560
01/29 03:40:37 AM | === Batch 142/200
01/29 03:40:37 AM | loss = 0.589 + 0.017 + 0.010 = 0.617
01/29 03:40:37 AM | === Batch 143/200
01/29 03:40:37 AM | loss = 0.446 + 0.011 + 0.010 = 0.467
01/29 03:40:37 AM | === Batch 144/200
01/29 03:40:37 AM | loss = 0.452 + 0.025 + 0.010 = 0.487
01/29 03:40:38 AM | === Batch 145/200
01/29 03:40:38 AM | loss = 0.359 + 0.034 + 0.010 = 0.403
01/29 03:40:38 AM | === Batch 146/200
01/29 03:40:38 AM | loss = 0.532 + 0.037 + 0.010 = 0.579
01/29 03:40:39 AM | === Batch 147/200
01/29 03:40:39 AM | loss = 0.397 + 0.035 + 0.010 = 0.442
01/29 03:40:39 AM | === Batch 148/200
01/29 03:40:39 AM | loss = 0.404 + 0.028 + 0.010 = 0.442
01/29 03:40:39 AM | === Batch 149/200
01/29 03:40:39 AM | loss = 0.399 + 0.018 + 0.010 = 0.426
01/29 03:40:40 AM | === Batch 150/200
01/29 03:40:40 AM | loss = 0.464 + 0.005 + 0.010 = 0.479
01/29 03:40:40 AM | === Batch 151/200
01/29 03:40:40 AM | loss = 0.298 + 0.023 + 0.010 = 0.331
01/29 03:40:40 AM | === Batch 152/200
01/29 03:40:41 AM | loss = 0.486 + 0.024 + 0.010 = 0.520
01/29 03:40:41 AM | === Batch 153/200
01/29 03:40:41 AM | loss = 0.497 + 0.005 + 0.010 = 0.512
01/29 03:40:41 AM | === Batch 154/200
01/29 03:40:41 AM | loss = 0.546 + 0.014 + 0.010 = 0.570
01/29 03:40:42 AM | === Batch 155/200
01/29 03:40:42 AM | loss = 0.420 + 0.019 + 0.010 = 0.449
01/29 03:40:42 AM | === Batch 156/200
01/29 03:40:42 AM | loss = 0.395 + 0.018 + 0.010 = 0.422
01/29 03:40:42 AM | === Batch 157/200
01/29 03:40:43 AM | loss = 0.347 + 0.012 + 0.010 = 0.368
01/29 03:40:43 AM | === Batch 158/200
01/29 03:40:43 AM | loss = 0.390 + 0.001 + 0.009 = 0.401
01/29 03:40:43 AM | === Batch 159/200
01/29 03:40:43 AM | loss = 0.518 + 0.022 + 0.009 = 0.550
01/29 03:40:44 AM | === Batch 160/200
01/29 03:40:44 AM | loss = 0.309 + 0.013 + 0.009 = 0.331
01/29 03:40:44 AM | === Batch 161/200
01/29 03:40:44 AM | loss = 0.339 + 0.013 + 0.009 = 0.361
01/29 03:40:44 AM | === Batch 162/200
01/29 03:40:45 AM | loss = 0.400 + 0.025 + 0.009 = 0.434
01/29 03:40:45 AM | === Batch 163/200
01/29 03:40:45 AM | loss = 0.524 + 0.033 + 0.009 = 0.567
01/29 03:40:45 AM | === Batch 164/200
01/29 03:40:45 AM | loss = 0.415 + 0.038 + 0.009 = 0.462
01/29 03:40:46 AM | === Batch 165/200
01/29 03:40:46 AM | loss = 0.367 + 0.037 + 0.009 = 0.413
01/29 03:40:46 AM | === Batch 166/200
01/29 03:40:46 AM | loss = 0.403 + 0.032 + 0.009 = 0.444
01/29 03:40:46 AM | === Batch 167/200
01/29 03:40:47 AM | loss = 0.434 + 0.022 + 0.009 = 0.466
01/29 03:40:47 AM | === Batch 168/200
01/29 03:40:47 AM | loss = 0.336 + 0.009 + 0.009 = 0.354
01/29 03:40:47 AM | === Batch 169/200
01/29 03:40:47 AM | loss = 0.387 + 0.010 + 0.009 = 0.405
01/29 03:40:47 AM | === Batch 170/200
01/29 03:40:48 AM | loss = 0.543 + 0.006 + 0.009 = 0.559
01/29 03:40:48 AM | === Batch 171/200
01/29 03:40:48 AM | loss = 0.420 + 0.016 + 0.009 = 0.444
01/29 03:40:48 AM | === Batch 172/200
01/29 03:40:48 AM | loss = 0.487 + 0.028 + 0.009 = 0.524
01/29 03:40:49 AM | === Batch 173/200
01/29 03:40:49 AM | loss = 0.325 + 0.035 + 0.009 = 0.369
01/29 03:40:49 AM | === Batch 174/200
01/29 03:40:49 AM | loss = 0.383 + 0.036 + 0.009 = 0.428
01/29 03:40:49 AM | === Batch 175/200
01/29 03:40:50 AM | loss = 0.491 + 0.032 + 0.009 = 0.533
01/29 03:40:50 AM | === Batch 176/200
01/29 03:40:50 AM | loss = 0.300 + 0.024 + 0.009 = 0.332
01/29 03:40:50 AM | === Batch 177/200
01/29 03:40:50 AM | loss = 0.406 + 0.011 + 0.009 = 0.426
01/29 03:40:51 AM | === Batch 178/200
01/29 03:40:51 AM | loss = 0.357 + 0.007 + 0.009 = 0.373
01/29 03:40:51 AM | === Batch 179/200
01/29 03:40:51 AM | loss = 0.437 + 0.005 + 0.009 = 0.450
01/29 03:40:51 AM | === Batch 180/200
01/29 03:40:52 AM | loss = 0.558 + 0.011 + 0.009 = 0.578
01/29 03:40:52 AM | === Batch 181/200
01/29 03:40:52 AM | loss = 0.428 + 0.018 + 0.009 = 0.455
01/29 03:40:52 AM | === Batch 182/200
01/29 03:40:52 AM | loss = 0.520 + 0.020 + 0.008 = 0.548
01/29 03:40:53 AM | === Batch 183/200
01/29 03:40:53 AM | loss = 0.495 + 0.018 + 0.008 = 0.521
01/29 03:40:53 AM | === Batch 184/200
01/29 03:40:53 AM | loss = 0.378 + 0.012 + 0.008 = 0.399
01/29 03:40:53 AM | === Batch 185/200
01/29 03:40:54 AM | loss = 0.331 + 0.004 + 0.008 = 0.343
01/29 03:40:54 AM | === Batch 186/200
01/29 03:40:54 AM | loss = 0.541 + 0.012 + 0.008 = 0.561
01/29 03:40:54 AM | === Batch 187/200
01/29 03:40:54 AM | loss = 0.303 + 0.002 + 0.008 = 0.313
01/29 03:40:55 AM | === Batch 188/200
01/29 03:40:55 AM | loss = 0.433 + 0.015 + 0.008 = 0.456
01/29 03:40:55 AM | === Batch 189/200
01/29 03:40:55 AM | loss = 0.369 + 0.026 + 0.008 = 0.404
01/29 03:40:55 AM | === Batch 190/200
01/29 03:40:56 AM | loss = 0.402 + 0.032 + 0.008 = 0.443
01/29 03:40:56 AM | === Batch 191/200
01/29 03:40:56 AM | loss = 0.319 + 0.033 + 0.008 = 0.360
01/29 03:40:56 AM | === Batch 192/200
01/29 03:40:56 AM | loss = 0.351 + 0.030 + 0.008 = 0.389
01/29 03:40:57 AM | === Batch 193/200
01/29 03:40:57 AM | loss = 0.516 + 0.025 + 0.008 = 0.549
01/29 03:40:57 AM | === Batch 194/200
01/29 03:40:57 AM | loss = 0.414 + 0.015 + 0.008 = 0.437
01/29 03:40:57 AM | === Batch 195/200
01/29 03:40:58 AM | loss = 0.306 + 0.004 + 0.008 = 0.318
01/29 03:40:58 AM | === Batch 196/200
01/29 03:40:58 AM | loss = 0.336 + 0.020 + 0.008 = 0.365
01/29 03:40:58 AM | === Batch 197/200
01/29 03:40:58 AM | loss = 0.299 + 0.020 + 0.008 = 0.327
01/29 03:40:59 AM | === Batch 198/200
01/29 03:40:59 AM | loss = 0.428 + 0.003 + 0.008 = 0.439
01/29 03:40:59 AM | === Batch 199/200
01/29 03:40:59 AM | loss = 0.505 + 0.013 + 0.008 = 0.526
01/29 03:40:59 AM | === Batch 200/200
01/29 03:41:00 AM | loss = 0.468 + 0.017 + 0.008 = 0.493
01/29 03:41:00 AM | attribution_score[0:12]: 
[ 1.00  1.00  0.02  0.00  0.00  0.96  0.00  0.00  0.00  0.98  0.00  1.00 ]
[ 1.00  0.01  0.97  0.00  0.98  0.95  1.00  0.00  0.99  1.00  1.00  0.35 ]
[ 1.00  0.69  0.00  1.00  0.00  1.00  0.80  0.97  0.00  0.00  0.00  1.00 ]
[ 0.01  0.01  1.00  1.00  0.98  0.99  0.95  0.99  0.46  0.02  0.99  0.95 ]
[ 0.98  0.92  1.00  0.99  0.99  0.98  0.02  0.23  1.00  0.99  0.97  0.99 ]
[ 0.98  1.00  0.01  0.00  0.02  0.06  0.98  0.01  0.32  0.05  0.00  0.99 ]
[ 0.97  0.05  0.01  0.99  1.00  0.02  0.01  0.02  1.00  0.99  1.00  0.99 ]
[ 0.00  0.00  0.00  0.00  0.01  1.00  1.00  0.00  1.00  0.00  0.07  0.02 ]
[ 0.99  1.00  0.00  0.99  0.99  0.00  0.00  0.04  0.99  0.01  1.00  1.00 ]
[ 0.98  0.00  0.00  0.00  1.00  0.95  0.00  0.00  1.00  0.00  0.04  0.04 ]
[ 0.00  1.00  1.00  0.01  0.97  1.00  0.99  1.00  1.00  0.98  1.00  0.99 ]
[ 1.00  1.00  0.99  1.00  1.00  1.00  1.00  1.00  0.01  1.00  1.00  1.00 ]
[ 1.00  1.00  1.00  1.00  1.00  1.00  1.00  1.00  1.00  1.00  1.00  0.00 ]

01/29 03:41:00 AM | ===
Best loss was 0.31 at iteration 187

01/29 03:41:00 AM | Looking for optimal threshold...
01/29 03:41:00 AM | Testing threshold 0.5
01/29 03:41:00 AM | Distance to target: 587,368
01/29 03:41:00 AM | Testing threshold 0.75
01/29 03:41:00 AM | Distance to target: 2,300,920
01/29 03:41:00 AM | Testing threshold 0.625
01/29 03:41:00 AM | Distance to target: 119,592
01/29 03:41:00 AM | Testing threshold 0.6875
01/29 03:41:00 AM | Distance to target: 698,920
01/29 03:41:00 AM | Testing threshold 0.65625
01/29 03:41:00 AM | Distance to target: 430,408
01/29 03:41:00 AM | Testing threshold 0.640625
01/29 03:41:00 AM | Distance to target: 430,408
01/29 03:41:00 AM | Testing threshold 0.6328125
01/29 03:41:00 AM | Distance to target: 430,408
01/29 03:41:00 AM | Testing threshold 0.62890625
01/29 03:41:00 AM | Distance to target: 397,720
01/29 03:41:00 AM | Testing threshold 0.626953125
01/29 03:41:00 AM | Distance to target: 63,128
01/29 03:41:00 AM | Testing threshold 0.6259765625
01/29 03:41:00 AM | Distance to target: 63,128
01/29 03:41:00 AM | Testing threshold 0.62548828125
01/29 03:41:00 AM | Distance to target: 119,592
01/29 03:41:00 AM | Testing threshold 0.625732421875
01/29 03:41:00 AM | Distance to target: 119,592
01/29 03:41:00 AM | Testing threshold 0.6258544921875
01/29 03:41:00 AM | Distance to target: 63,128
01/29 03:41:00 AM | Testing threshold 0.62579345703125
01/29 03:41:00 AM | Distance to target: 63,128
01/29 03:41:00 AM | Testing threshold 0.625762939453125
01/29 03:41:00 AM | Distance to target: 63,128
01/29 03:41:00 AM | Testing threshold 0.6257476806640625
01/29 03:41:00 AM | Distance to target: 63,128
01/29 03:41:00 AM | Testing threshold 0.6257400512695312
01/29 03:41:00 AM | Distance to target: 119,592
01/29 03:41:00 AM | Testing threshold 0.6257438659667969
01/29 03:41:00 AM | Distance to target: 63,128
01/29 03:41:00 AM | Testing threshold 0.6257419586181641
01/29 03:41:00 AM | Distance to target: 119,592
01/29 03:41:00 AM | Testing threshold 0.6257429122924805
01/29 03:41:00 AM | Distance to target: 119,592
01/29 03:41:00 AM | Testing threshold 0.6257433891296387
01/29 03:41:00 AM | Distance to target: 63,128
01/29 03:41:00 AM | Testing threshold 0.6257431507110596
01/29 03:41:00 AM | Distance to target: 119,592
01/29 03:41:00 AM | Testing threshold 0.6257432699203491
01/29 03:41:00 AM | Distance to target: 63,128
01/29 03:41:00 AM | Testing threshold 0.6257432103157043
01/29 03:41:00 AM | Distance to target: 63,128
01/29 03:41:00 AM | Testing threshold 0.625743180513382
01/29 03:41:00 AM | Distance to target: 119,592
01/29 03:41:00 AM | Testing threshold 0.6257431954145432
01/29 03:41:00 AM | Distance to target: 119,592
01/29 03:41:00 AM | Testing threshold 0.6257432028651237
01/29 03:41:00 AM | Distance to target: 119,592
01/29 03:41:00 AM | Testing threshold 0.625743206590414
01/29 03:41:00 AM | Distance to target: 119,592
01/29 03:41:00 AM | Testing threshold 0.6257432084530592
01/29 03:41:00 AM | Distance to target: 119,592
01/29 03:41:00 AM | Testing threshold 0.6257432093843818
01/29 03:41:00 AM | Distance to target: 119,592
01/29 03:41:00 AM | Testing threshold 0.6257432098500431
01/29 03:41:00 AM | Distance to target: 119,592
01/29 03:41:00 AM | Testing threshold 0.6257432100828737
01/29 03:41:00 AM | Distance to target: 119,592
01/29 03:41:00 AM | Testing threshold 0.625743210199289
01/29 03:41:00 AM | Distance to target: 119,592
01/29 03:41:00 AM | Testing threshold 0.6257432102574967
01/29 03:41:00 AM | Distance to target: 119,592
01/29 03:41:00 AM | Testing threshold 0.6257432102866005
01/29 03:41:00 AM | Distance to target: 119,592
01/29 03:41:00 AM | Testing threshold 0.6257432103011524
01/29 03:41:00 AM | Distance to target: 119,592
01/29 03:41:00 AM | Testing threshold 0.6257432103084284
01/29 03:41:00 AM | Distance to target: 119,592
01/29 03:41:00 AM | Testing threshold 0.6257432103120664
01/29 03:41:00 AM | Distance to target: 119,592
01/29 03:41:00 AM | Testing threshold 0.6257432103138854
01/29 03:41:00 AM | Distance to target: 119,592
01/29 03:41:00 AM | Testing threshold 0.6257432103147949
01/29 03:41:00 AM | Distance to target: 119,592
01/29 03:41:00 AM | Testing threshold 0.6257432103152496
01/29 03:41:00 AM | Distance to target: 119,592
01/29 03:41:00 AM | Testing threshold 0.625743210315477
01/29 03:41:00 AM | Distance to target: 119,592
01/29 03:41:00 AM | Testing threshold 0.6257432103155907
01/29 03:41:00 AM | Distance to target: 119,592
01/29 03:41:00 AM | Testing threshold 0.6257432103156475
01/29 03:41:00 AM | Distance to target: 119,592
01/29 03:41:00 AM | Testing threshold 0.6257432103156759
01/29 03:41:00 AM | Distance to target: 119,592
01/29 03:41:00 AM | Testing threshold 0.6257432103156901
01/29 03:41:00 AM | Distance to target: 119,592
01/29 03:41:00 AM | Testing threshold 0.6257432103156972
01/29 03:41:00 AM | Distance to target: 119,592
01/29 03:41:00 AM | Testing threshold 0.6257432103157008
01/29 03:41:00 AM | Distance to target: 119,592
01/29 03:41:00 AM | Testing threshold 0.6257432103157026
01/29 03:41:00 AM | Distance to target: 119,592
01/29 03:41:00 AM | Testing threshold 0.6257432103157035
01/29 03:41:00 AM | Distance to target: 119,592
01/29 03:41:02 AM | attribution_score[0:12]: 
[ 1.00  1.00  0.00  0.00  0.00  1.00  0.00  0.00  0.00  1.00  0.00  1.00 ]
[ 1.00  0.00  1.00  0.00  1.00  1.00  1.00  0.00  1.00  1.00  1.00  0.00 ]
[ 1.00  1.00  0.00  1.00  0.00  1.00  1.00  1.00  0.00  0.00  0.00  1.00 ]
[ 0.00  0.00  1.00  1.00  1.00  1.00  1.00  1.00  0.00  0.00  1.00  1.00 ]
[ 1.00  1.00  1.00  1.00  1.00  1.00  0.00  0.00  1.00  1.00  1.00  1.00 ]
[ 1.00  1.00  0.00  0.00  0.00  0.00  1.00  0.00  0.00  0.00  0.00  1.00 ]
[ 1.00  0.00  0.00  1.00  1.00  0.00  0.00  0.00  1.00  1.00  1.00  1.00 ]
[ 0.00  0.00  0.00  0.00  0.00  1.00  1.00  0.00  1.00  0.00  0.00  0.00 ]
[ 1.00  1.00  0.00  1.00  1.00  0.00  0.00  0.00  1.00  0.00  1.00  1.00 ]
[ 1.00  0.00  0.00  0.00  1.00  1.00  0.00  0.00  1.00  0.00  0.00  0.00 ]
[ 0.00  1.00  1.00  0.00  1.00  1.00  1.00  1.00  1.00  1.00  1.00  1.00 ]
[ 1.00  1.00  1.00  1.00  1.00  1.00  1.00  1.00  0.00  1.00  1.00  1.00 ]
[ 1.00  1.00  1.00  1.00  1.00  1.00  1.00  1.00  1.00  1.00  1.00  0.00 ]

01/29 03:41:02 AM | VGG(
  (features): Sequential(
    (conv0): Conv2d(3, 25, kernel_size=(3, 3), stride=(1, 1), padding=(1, 1))
    (norm0): BatchNorm2d(25, eps=1e-05, momentum=0.1, affine=True, track_running_stats=True)
    (relu0): ReLU(inplace=True)
    (conv1): Conv2d(25, 49, kernel_size=(3, 3), stride=(1, 1), padding=(1, 1))
    (norm1): BatchNorm2d(49, eps=1e-05, momentum=0.1, affine=True, track_running_stats=True)
    (relu1): ReLU(inplace=True)
    (pool2): MaxPool2d(kernel_size=2, stride=2, padding=0, dilation=1, ceil_mode=False)
    (conv3): Conv2d(49, 78, kernel_size=(3, 3), stride=(1, 1), padding=(1, 1))
    (norm3): BatchNorm2d(78, eps=1e-05, momentum=0.1, affine=True, track_running_stats=True)
    (relu3): ReLU(inplace=True)
    (conv4): Conv2d(78, 96, kernel_size=(3, 3), stride=(1, 1), padding=(1, 1))
    (norm4): BatchNorm2d(96, eps=1e-05, momentum=0.1, affine=True, track_running_stats=True)
    (relu4): ReLU(inplace=True)
    (pool5): MaxPool2d(kernel_size=2, stride=2, padding=0, dilation=1, ceil_mode=False)
    (conv6): Conv2d(96, 159, kernel_size=(3, 3), stride=(1, 1), padding=(1, 1))
    (norm6): BatchNorm2d(159, eps=1e-05, momentum=0.1, affine=True, track_running_stats=True)
    (relu6): ReLU(inplace=True)
    (conv7): Conv2d(159, 135, kernel_size=(3, 3), stride=(1, 1), padding=(1, 1))
    (norm7): BatchNorm2d(135, eps=1e-05, momentum=0.1, affine=True, track_running_stats=True)
    (relu7): ReLU(inplace=True)
    (conv8): Conv2d(135, 158, kernel_size=(3, 3), stride=(1, 1), padding=(1, 1))
    (norm8): BatchNorm2d(158, eps=1e-05, momentum=0.1, affine=True, track_running_stats=True)
    (relu8): ReLU(inplace=True)
    (pool9): MaxPool2d(kernel_size=2, stride=2, padding=0, dilation=1, ceil_mode=False)
    (conv10): Conv2d(158, 227, kernel_size=(3, 3), stride=(1, 1), padding=(1, 1))
    (norm10): BatchNorm2d(227, eps=1e-05, momentum=0.1, affine=True, track_running_stats=True)
    (relu10): ReLU(inplace=True)
    (conv11): Conv2d(227, 178, kernel_size=(3, 3), stride=(1, 1), padding=(1, 1))
    (norm11): BatchNorm2d(178, eps=1e-05, momentum=0.1, affine=True, track_running_stats=True)
    (relu11): ReLU(inplace=True)
    (conv12): Conv2d(178, 254, kernel_size=(3, 3), stride=(1, 1), padding=(1, 1))
    (norm12): BatchNorm2d(254, eps=1e-05, momentum=0.1, affine=True, track_running_stats=True)
    (relu12): ReLU(inplace=True)
    (pool13): MaxPool2d(kernel_size=2, stride=2, padding=0, dilation=1, ceil_mode=False)
    (conv14): Conv2d(254, 399, kernel_size=(3, 3), stride=(1, 1), padding=(1, 1))
    (norm14): BatchNorm2d(399, eps=1e-05, momentum=0.1, affine=True, track_running_stats=True)
    (relu14): ReLU(inplace=True)
    (conv15): Conv2d(399, 466, kernel_size=(3, 3), stride=(1, 1), padding=(1, 1))
    (norm15): BatchNorm2d(466, eps=1e-05, momentum=0.1, affine=True, track_running_stats=True)
    (relu15): ReLU(inplace=True)
    (conv16): Conv2d(466, 509, kernel_size=(3, 3), stride=(1, 1), padding=(1, 1))
    (norm16): BatchNorm2d(509, eps=1e-05, momentum=0.1, affine=True, track_running_stats=True)
    (relu16): ReLU(inplace=True)
  )
  (classifier): Sequential(
    (linear1): Linear(in_features=509, out_features=512, bias=True)
    (norm1): BatchNorm1d(512, eps=1e-05, momentum=0.1, affine=True, track_running_stats=True)
    (relu1): ReLU(inplace=True)
    (linear2): Linear(in_features=512, out_features=10, bias=True)
  )
)
01/29 03:41:03 AM | ----------------------------------------
01/29 03:41:03 AM | Performances input model:
01/29 03:41:03 AM |  - flops: 314,294,272
01/29 03:41:03 AM |  - params: 14,991,946
01/29 03:41:03 AM |  - accuracy: 93.95999908447266
01/29 03:41:03 AM | ----------------------------------------
01/29 03:41:03 AM | Performances pseudo-pruned model:
01/29 03:41:03 AM |  - flops: 314,294,272
01/29 03:41:03 AM |  - params: 14,991,946
01/29 03:41:03 AM |  - accuracy: 82.15999603271484
01/29 03:41:03 AM | ----------------------------------------
01/29 03:41:03 AM | Performances pruned model:
01/29 03:41:03 AM |  - flops: 108,618,400
01/29 03:41:03 AM |  - params: 6,725,116
01/29 03:41:03 AM |  - accuracy: 82.15999603271484
01/29 03:41:03 AM | ----------------------------------------
01/29 03:41:03 AM | Total time: 89.77s
