01/29 04:19:54 AM | args = Namespace(output_dir='result/rebuttal/nb_epoch/vgg/nbbtchs200/seed_00', loaded_model_path='./checkpoints/cifar10/vgg_16_bn.pt', resume=False, test_only=False, mode='prune', batch_size=64, nb_batches=200, Mflops_target=None, lr=0.6, momentum=0.9, beta=6, gamma=0.4, gpu='0', num_workers=4, dataset='cifar10', arch='vgg_16_bn', save_plot=False, seed=0, lr_finetuning=0.02, epoch_finetuning=200, wd=0.002, data_dir='./data/cifar10/', print_freq=200, num_classes=10, device_ids=[0], device=device(type='cuda', index=0), name_base='')
01/29 04:19:59 AM | ----------------------------------------
01/29 04:19:59 AM | ==> Building model...
01/29 04:19:59 AM | ----------------------------------------
01/29 04:19:59 AM | ==> Loading weights into the model...
01/29 04:19:59 AM | ----------------------------------------
01/29 04:19:59 AM | VGG(
  (features): Sequential(
    (conv0): Conv2d(3, 64, kernel_size=(3, 3), stride=(1, 1), padding=(1, 1))
    (norm0): BatchNorm2d(64, eps=1e-05, momentum=0.1, affine=True, track_running_stats=True)
    (relu0): ReLU(inplace=True)
    (conv1): Conv2d(64, 64, kernel_size=(3, 3), stride=(1, 1), padding=(1, 1))
    (norm1): BatchNorm2d(64, eps=1e-05, momentum=0.1, affine=True, track_running_stats=True)
    (relu1): ReLU(inplace=True)
    (pool2): MaxPool2d(kernel_size=2, stride=2, padding=0, dilation=1, ceil_mode=False)
    (conv3): Conv2d(64, 128, kernel_size=(3, 3), stride=(1, 1), padding=(1, 1))
    (norm3): BatchNorm2d(128, eps=1e-05, momentum=0.1, affine=True, track_running_stats=True)
    (relu3): ReLU(inplace=True)
    (conv4): Conv2d(128, 128, kernel_size=(3, 3), stride=(1, 1), padding=(1, 1))
    (norm4): BatchNorm2d(128, eps=1e-05, momentum=0.1, affine=True, track_running_stats=True)
    (relu4): ReLU(inplace=True)
    (pool5): MaxPool2d(kernel_size=2, stride=2, padding=0, dilation=1, ceil_mode=False)
    (conv6): Conv2d(128, 256, kernel_size=(3, 3), stride=(1, 1), padding=(1, 1))
    (norm6): BatchNorm2d(256, eps=1e-05, momentum=0.1, affine=True, track_running_stats=True)
    (relu6): ReLU(inplace=True)
    (conv7): Conv2d(256, 256, kernel_size=(3, 3), stride=(1, 1), padding=(1, 1))
    (norm7): BatchNorm2d(256, eps=1e-05, momentum=0.1, affine=True, track_running_stats=True)
    (relu7): ReLU(inplace=True)
    (conv8): Conv2d(256, 256, kernel_size=(3, 3), stride=(1, 1), padding=(1, 1))
    (norm8): BatchNorm2d(256, eps=1e-05, momentum=0.1, affine=True, track_running_stats=True)
    (relu8): ReLU(inplace=True)
    (pool9): MaxPool2d(kernel_size=2, stride=2, padding=0, dilation=1, ceil_mode=False)
    (conv10): Conv2d(256, 512, kernel_size=(3, 3), stride=(1, 1), padding=(1, 1))
    (norm10): BatchNorm2d(512, eps=1e-05, momentum=0.1, affine=True, track_running_stats=True)
    (relu10): ReLU(inplace=True)
    (conv11): Conv2d(512, 512, kernel_size=(3, 3), stride=(1, 1), padding=(1, 1))
    (norm11): BatchNorm2d(512, eps=1e-05, momentum=0.1, affine=True, track_running_stats=True)
    (relu11): ReLU(inplace=True)
    (conv12): Conv2d(512, 512, kernel_size=(3, 3), stride=(1, 1), padding=(1, 1))
    (norm12): BatchNorm2d(512, eps=1e-05, momentum=0.1, affine=True, track_running_stats=True)
    (relu12): ReLU(inplace=True)
    (pool13): MaxPool2d(kernel_size=2, stride=2, padding=0, dilation=1, ceil_mode=False)
    (conv14): Conv2d(512, 512, kernel_size=(3, 3), stride=(1, 1), padding=(1, 1))
    (norm14): BatchNorm2d(512, eps=1e-05, momentum=0.1, affine=True, track_running_stats=True)
    (relu14): ReLU(inplace=True)
    (conv15): Conv2d(512, 512, kernel_size=(3, 3), stride=(1, 1), padding=(1, 1))
    (norm15): BatchNorm2d(512, eps=1e-05, momentum=0.1, affine=True, track_running_stats=True)
    (relu15): ReLU(inplace=True)
    (conv16): Conv2d(512, 512, kernel_size=(3, 3), stride=(1, 1), padding=(1, 1))
    (norm16): BatchNorm2d(512, eps=1e-05, momentum=0.1, affine=True, track_running_stats=True)
    (relu16): ReLU(inplace=True)
  )
  (classifier): Sequential(
    (linear1): Linear(in_features=512, out_features=512, bias=True)
    (norm1): BatchNorm1d(512, eps=1e-05, momentum=0.1, affine=True, track_running_stats=True)
    (relu1): ReLU(inplace=True)
    (linear2): Linear(in_features=512, out_features=10, bias=True)
  )
)
01/29 04:20:01 AM | Save modules info...
01/29 04:20:01 AM | FLOPS pruning ratio is 0.65
01/29 04:20:01 AM | Pruning with information flow
01/29 04:20:01 AM | -----
01/29 04:20:01 AM | module: Conv2d(3, 64, kernel_size=(3, 3), stride=(1, 1), padding=(1, 1))
01/29 04:20:01 AM | cin: None
01/29 04:20:01 AM | cout: [0]
01/29 04:20:01 AM | inactive
01/29 04:20:01 AM | -----
01/29 04:20:01 AM | module: BatchNorm2d(64, eps=1e-05, momentum=0.1, affine=True, track_running_stats=True)
01/29 04:20:01 AM | cin: [0]
01/29 04:20:01 AM | cout: [0]
01/29 04:20:01 AM | inactive
01/29 04:20:01 AM | -----
01/29 04:20:01 AM | module: ReLU(inplace=True)
01/29 04:20:01 AM | cin: [0]
01/29 04:20:01 AM | cout: [0]
01/29 04:20:01 AM | active
01/29 04:20:01 AM | -----
01/29 04:20:01 AM | module: Conv2d(64, 64, kernel_size=(3, 3), stride=(1, 1), padding=(1, 1))
01/29 04:20:01 AM | cin: [0]
01/29 04:20:01 AM | cout: [1]
01/29 04:20:01 AM | inactive
01/29 04:20:01 AM | -----
01/29 04:20:01 AM | module: BatchNorm2d(64, eps=1e-05, momentum=0.1, affine=True, track_running_stats=True)
01/29 04:20:01 AM | cin: [1]
01/29 04:20:01 AM | cout: [1]
01/29 04:20:01 AM | inactive
01/29 04:20:01 AM | -----
01/29 04:20:01 AM | module: ReLU(inplace=True)
01/29 04:20:01 AM | cin: [1]
01/29 04:20:01 AM | cout: [1]
01/29 04:20:01 AM | active
01/29 04:20:01 AM | -----
01/29 04:20:01 AM | module: MaxPool2d(kernel_size=2, stride=2, padding=0, dilation=1, ceil_mode=False)
01/29 04:20:01 AM | cin: [1]
01/29 04:20:01 AM | cout: [1]
01/29 04:20:01 AM | inactive
01/29 04:20:01 AM | -----
01/29 04:20:01 AM | module: Conv2d(64, 128, kernel_size=(3, 3), stride=(1, 1), padding=(1, 1))
01/29 04:20:01 AM | cin: [1]
01/29 04:20:01 AM | cout: [2]
01/29 04:20:01 AM | inactive
01/29 04:20:01 AM | -----
01/29 04:20:01 AM | module: BatchNorm2d(128, eps=1e-05, momentum=0.1, affine=True, track_running_stats=True)
01/29 04:20:01 AM | cin: [2]
01/29 04:20:01 AM | cout: [2]
01/29 04:20:01 AM | inactive
01/29 04:20:01 AM | -----
01/29 04:20:01 AM | module: ReLU(inplace=True)
01/29 04:20:01 AM | cin: [2]
01/29 04:20:01 AM | cout: [2]
01/29 04:20:01 AM | active
01/29 04:20:01 AM | -----
01/29 04:20:01 AM | module: Conv2d(128, 128, kernel_size=(3, 3), stride=(1, 1), padding=(1, 1))
01/29 04:20:01 AM | cin: [2]
01/29 04:20:01 AM | cout: [3]
01/29 04:20:01 AM | inactive
01/29 04:20:01 AM | -----
01/29 04:20:01 AM | module: BatchNorm2d(128, eps=1e-05, momentum=0.1, affine=True, track_running_stats=True)
01/29 04:20:01 AM | cin: [3]
01/29 04:20:01 AM | cout: [3]
01/29 04:20:01 AM | inactive
01/29 04:20:01 AM | -----
01/29 04:20:01 AM | module: ReLU(inplace=True)
01/29 04:20:01 AM | cin: [3]
01/29 04:20:01 AM | cout: [3]
01/29 04:20:01 AM | active
01/29 04:20:01 AM | -----
01/29 04:20:01 AM | module: MaxPool2d(kernel_size=2, stride=2, padding=0, dilation=1, ceil_mode=False)
01/29 04:20:01 AM | cin: [3]
01/29 04:20:01 AM | cout: [3]
01/29 04:20:01 AM | inactive
01/29 04:20:01 AM | -----
01/29 04:20:01 AM | module: Conv2d(128, 256, kernel_size=(3, 3), stride=(1, 1), padding=(1, 1))
01/29 04:20:01 AM | cin: [3]
01/29 04:20:01 AM | cout: [4]
01/29 04:20:01 AM | inactive
01/29 04:20:01 AM | -----
01/29 04:20:01 AM | module: BatchNorm2d(256, eps=1e-05, momentum=0.1, affine=True, track_running_stats=True)
01/29 04:20:01 AM | cin: [4]
01/29 04:20:01 AM | cout: [4]
01/29 04:20:01 AM | inactive
01/29 04:20:01 AM | -----
01/29 04:20:01 AM | module: ReLU(inplace=True)
01/29 04:20:01 AM | cin: [4]
01/29 04:20:01 AM | cout: [4]
01/29 04:20:01 AM | active
01/29 04:20:01 AM | -----
01/29 04:20:01 AM | module: Conv2d(256, 256, kernel_size=(3, 3), stride=(1, 1), padding=(1, 1))
01/29 04:20:01 AM | cin: [4]
01/29 04:20:01 AM | cout: [5]
01/29 04:20:01 AM | inactive
01/29 04:20:01 AM | -----
01/29 04:20:01 AM | module: BatchNorm2d(256, eps=1e-05, momentum=0.1, affine=True, track_running_stats=True)
01/29 04:20:01 AM | cin: [5]
01/29 04:20:01 AM | cout: [5]
01/29 04:20:01 AM | inactive
01/29 04:20:01 AM | -----
01/29 04:20:01 AM | module: ReLU(inplace=True)
01/29 04:20:01 AM | cin: [5]
01/29 04:20:01 AM | cout: [5]
01/29 04:20:01 AM | active
01/29 04:20:01 AM | -----
01/29 04:20:01 AM | module: Conv2d(256, 256, kernel_size=(3, 3), stride=(1, 1), padding=(1, 1))
01/29 04:20:01 AM | cin: [5]
01/29 04:20:01 AM | cout: [6]
01/29 04:20:01 AM | inactive
01/29 04:20:01 AM | -----
01/29 04:20:01 AM | module: BatchNorm2d(256, eps=1e-05, momentum=0.1, affine=True, track_running_stats=True)
01/29 04:20:01 AM | cin: [6]
01/29 04:20:01 AM | cout: [6]
01/29 04:20:01 AM | inactive
01/29 04:20:01 AM | -----
01/29 04:20:01 AM | module: ReLU(inplace=True)
01/29 04:20:01 AM | cin: [6]
01/29 04:20:01 AM | cout: [6]
01/29 04:20:01 AM | active
01/29 04:20:01 AM | -----
01/29 04:20:01 AM | module: MaxPool2d(kernel_size=2, stride=2, padding=0, dilation=1, ceil_mode=False)
01/29 04:20:01 AM | cin: [6]
01/29 04:20:01 AM | cout: [6]
01/29 04:20:01 AM | inactive
01/29 04:20:01 AM | -----
01/29 04:20:01 AM | module: Conv2d(256, 512, kernel_size=(3, 3), stride=(1, 1), padding=(1, 1))
01/29 04:20:01 AM | cin: [6]
01/29 04:20:01 AM | cout: [7]
01/29 04:20:01 AM | inactive
01/29 04:20:01 AM | -----
01/29 04:20:01 AM | module: BatchNorm2d(512, eps=1e-05, momentum=0.1, affine=True, track_running_stats=True)
01/29 04:20:01 AM | cin: [7]
01/29 04:20:01 AM | cout: [7]
01/29 04:20:01 AM | inactive
01/29 04:20:01 AM | -----
01/29 04:20:01 AM | module: ReLU(inplace=True)
01/29 04:20:01 AM | cin: [7]
01/29 04:20:01 AM | cout: [7]
01/29 04:20:01 AM | active
01/29 04:20:01 AM | -----
01/29 04:20:01 AM | module: Conv2d(512, 512, kernel_size=(3, 3), stride=(1, 1), padding=(1, 1))
01/29 04:20:01 AM | cin: [7]
01/29 04:20:01 AM | cout: [8]
01/29 04:20:01 AM | inactive
01/29 04:20:01 AM | -----
01/29 04:20:01 AM | module: BatchNorm2d(512, eps=1e-05, momentum=0.1, affine=True, track_running_stats=True)
01/29 04:20:01 AM | cin: [8]
01/29 04:20:01 AM | cout: [8]
01/29 04:20:01 AM | inactive
01/29 04:20:01 AM | -----
01/29 04:20:01 AM | module: ReLU(inplace=True)
01/29 04:20:01 AM | cin: [8]
01/29 04:20:01 AM | cout: [8]
01/29 04:20:01 AM | active
01/29 04:20:01 AM | -----
01/29 04:20:01 AM | module: Conv2d(512, 512, kernel_size=(3, 3), stride=(1, 1), padding=(1, 1))
01/29 04:20:01 AM | cin: [8]
01/29 04:20:01 AM | cout: [9]
01/29 04:20:01 AM | inactive
01/29 04:20:01 AM | -----
01/29 04:20:01 AM | module: BatchNorm2d(512, eps=1e-05, momentum=0.1, affine=True, track_running_stats=True)
01/29 04:20:01 AM | cin: [9]
01/29 04:20:01 AM | cout: [9]
01/29 04:20:01 AM | inactive
01/29 04:20:01 AM | -----
01/29 04:20:01 AM | module: ReLU(inplace=True)
01/29 04:20:01 AM | cin: [9]
01/29 04:20:01 AM | cout: [9]
01/29 04:20:01 AM | active
01/29 04:20:01 AM | -----
01/29 04:20:01 AM | module: MaxPool2d(kernel_size=2, stride=2, padding=0, dilation=1, ceil_mode=False)
01/29 04:20:01 AM | cin: [9]
01/29 04:20:01 AM | cout: [9]
01/29 04:20:01 AM | inactive
01/29 04:20:01 AM | -----
01/29 04:20:01 AM | module: Conv2d(512, 512, kernel_size=(3, 3), stride=(1, 1), padding=(1, 1))
01/29 04:20:01 AM | cin: [9]
01/29 04:20:01 AM | cout: [10]
01/29 04:20:01 AM | inactive
01/29 04:20:01 AM | -----
01/29 04:20:01 AM | module: BatchNorm2d(512, eps=1e-05, momentum=0.1, affine=True, track_running_stats=True)
01/29 04:20:01 AM | cin: [10]
01/29 04:20:01 AM | cout: [10]
01/29 04:20:01 AM | inactive
01/29 04:20:01 AM | -----
01/29 04:20:01 AM | module: ReLU(inplace=True)
01/29 04:20:01 AM | cin: [10]
01/29 04:20:01 AM | cout: [10]
01/29 04:20:01 AM | active
01/29 04:20:01 AM | -----
01/29 04:20:01 AM | module: Conv2d(512, 512, kernel_size=(3, 3), stride=(1, 1), padding=(1, 1))
01/29 04:20:01 AM | cin: [10]
01/29 04:20:01 AM | cout: [11]
01/29 04:20:01 AM | inactive
01/29 04:20:01 AM | -----
01/29 04:20:01 AM | module: BatchNorm2d(512, eps=1e-05, momentum=0.1, affine=True, track_running_stats=True)
01/29 04:20:01 AM | cin: [11]
01/29 04:20:01 AM | cout: [11]
01/29 04:20:01 AM | inactive
01/29 04:20:01 AM | -----
01/29 04:20:01 AM | module: ReLU(inplace=True)
01/29 04:20:01 AM | cin: [11]
01/29 04:20:01 AM | cout: [11]
01/29 04:20:01 AM | active
01/29 04:20:01 AM | -----
01/29 04:20:01 AM | module: Conv2d(512, 512, kernel_size=(3, 3), stride=(1, 1), padding=(1, 1))
01/29 04:20:01 AM | cin: [11]
01/29 04:20:01 AM | cout: [12]
01/29 04:20:01 AM | inactive
01/29 04:20:01 AM | -----
01/29 04:20:01 AM | module: BatchNorm2d(512, eps=1e-05, momentum=0.1, affine=True, track_running_stats=True)
01/29 04:20:01 AM | cin: [12]
01/29 04:20:01 AM | cout: [12]
01/29 04:20:01 AM | inactive
01/29 04:20:01 AM | -----
01/29 04:20:01 AM | module: ReLU(inplace=True)
01/29 04:20:01 AM | cin: [12]
01/29 04:20:01 AM | cout: [12]
01/29 04:20:01 AM | active
01/29 04:20:01 AM | -----
01/29 04:20:01 AM | module: Linear(in_features=512, out_features=512, bias=True)
01/29 04:20:01 AM | cin: [12]
01/29 04:20:01 AM | cout: None
01/29 04:20:01 AM | inactive
01/29 04:20:01 AM | -----
01/29 04:20:01 AM | module: ReLU(inplace=True)
01/29 04:20:01 AM | cin: None
01/29 04:20:01 AM | cout: None
01/29 04:20:01 AM | active
01/29 04:20:01 AM | -----
01/29 04:20:01 AM | module: Linear(in_features=512, out_features=10, bias=True)
01/29 04:20:01 AM | cin: None
01/29 04:20:01 AM | cout: None
01/29 04:20:01 AM | inactive
01/29 04:20:01 AM | Used masks: [0, 1, 2, 3, 4, 5, 6, 7, 8, 9, 10, 11, 12]
01/29 04:20:01 AM | 13 unique masks in total
01/29 04:20:01 AM | === Batch 1/200
01/29 04:20:01 AM | loss = 0.047 + 4.266 + 0.040 = 4.353
01/29 04:20:02 AM | attribution_score[0:12]: 
[ 0.94  0.83  0.83  0.83  0.83  0.83  0.83  0.83  0.83  0.83  0.83  0.83 ]
[ 0.83  0.83  0.83  0.83  0.83  0.83  0.83  0.83  0.83  0.83  0.83  0.83 ]
[ 0.94  0.83  0.83  0.83  0.83  0.83  0.83  0.83  0.83  0.83  0.83  0.94 ]
[ 0.83  0.83  0.94  0.83  0.83  0.83  0.83  0.83  0.83  0.83  0.83  0.83 ]
[ 0.83  0.83  0.94  0.83  0.83  0.83  0.83  0.83  0.83  0.83  0.83  0.83 ]
[ 0.83  0.83  0.83  0.83  0.83  0.83  0.83  0.83  0.83  0.83  0.83  0.83 ]
[ 0.83  0.83  0.94  0.83  0.83  0.83  0.83  0.83  0.83  0.83  0.83  0.83 ]
[ 0.83  0.83  0.83  0.83  0.83  0.83  0.83  0.83  0.83  0.83  0.83  0.83 ]
[ 0.83  0.83  0.83  0.83  0.83  0.83  0.83  0.83  0.83  0.83  0.83  0.83 ]
[ 0.83  0.83  0.83  0.83  0.83  0.83  0.83  0.83  0.83  0.83  0.83  0.83 ]
[ 0.83  0.83  0.83  0.83  0.83  0.83  0.83  0.83  0.83  0.83  0.94  0.83 ]
[ 0.83  0.94  0.83  0.83  0.83  0.83  0.83  0.94  0.83  0.83  0.83  0.83 ]
[ 0.94  0.94  0.94  0.94  0.94  0.94  0.83  0.83  0.94  0.94  0.94  0.83 ]

01/29 04:20:02 AM | === Batch 2/200
01/29 04:20:02 AM | loss = 0.345 + 3.308 + 0.062 = 3.715
01/29 04:20:02 AM | attribution_score[0:12]: 
[ 0.96  0.88  0.77  0.73  0.75  0.73  0.73  0.73  0.73  0.73  0.73  0.81 ]
[ 0.87  0.76  0.75  0.74  0.87  0.73  0.74  0.73  0.73  0.86  0.88  0.74 ]
[ 0.96  0.88  0.74  0.88  0.73  0.88  0.86  0.77  0.74  0.74  0.73  0.96 ]
[ 0.73  0.83  0.96  0.74  0.76  0.73  0.85  0.87  0.81  0.85  0.73  0.88 ]
[ 0.83  0.76  0.96  0.74  0.75  0.73  0.73  0.75  0.74  0.74  0.86  0.85 ]
[ 0.73  0.75  0.77  0.74  0.73  0.80  0.74  0.74  0.73  0.74  0.73  0.86 ]
[ 0.74  0.73  0.94  0.74  0.74  0.75  0.74  0.73  0.76  0.74  0.86  0.75 ]
[ 0.73  0.73  0.73  0.73  0.74  0.73  0.73  0.73  0.74  0.73  0.73  0.82 ]
[ 0.75  0.73  0.73  0.73  0.74  0.73  0.73  0.73  0.74  0.73  0.80  0.73 ]
[ 0.73  0.73  0.73  0.73  0.85  0.74  0.73  0.73  0.74  0.73  0.75  0.73 ]
[ 0.73  0.75  0.85  0.74  0.73  0.86  0.73  0.75  0.81  0.73  0.96  0.74 ]
[ 0.88  0.97  0.76  0.87  0.88  0.86  0.74  0.97  0.84  0.88  0.87  0.74 ]
[ 0.97  0.96  0.97  0.91  0.97  0.96  0.88  0.88  0.96  0.97  0.97  0.73 ]

01/29 04:20:02 AM | === Batch 3/200
01/29 04:20:02 AM | loss = 0.339 + 2.497 + 0.081 = 2.918
01/29 04:20:03 AM | attribution_score[0:12]: 
[ 0.98  0.90  0.68  0.60  0.64  0.61  0.60  0.60  0.60  0.60  0.61  0.86 ]
[ 0.89  0.66  0.78  0.61  0.90  0.67  0.63  0.61  0.69  0.90  0.91  0.62 ]
[ 0.97  0.91  0.62  0.92  0.60  0.92  0.86  0.68  0.62  0.62  0.60  0.98 ]
[ 0.61  0.84  0.97  0.70  0.66  0.76  0.80  0.90  0.81  0.82  0.68  0.91 ]
[ 0.78  0.66  0.97  0.63  0.79  0.60  0.60  0.64  0.75  0.61  0.85  0.85 ]
[ 0.62  0.65  0.68  0.61  0.60  0.74  0.61  0.62  0.62  0.62  0.60  0.85 ]
[ 0.64  0.61  0.94  0.64  0.64  0.64  0.61  0.69  0.66  0.78  0.90  0.63 ]
[ 0.60  0.60  0.61  0.60  0.61  0.60  0.60  0.60  0.70  0.61  0.60  0.80 ]
[ 0.65  0.67  0.60  0.60  0.62  0.60  0.60  0.60  0.66  0.60  0.80  0.68 ]
[ 0.64  0.61  0.60  0.60  0.87  0.67  0.60  0.60  0.72  0.60  0.63  0.63 ]
[ 0.61  0.79  0.89  0.61  0.61  0.90  0.79  0.76  0.86  0.71  0.98  0.75 ]
[ 0.91  0.98  0.78  0.91  0.93  0.89  0.79  0.98  0.81  0.92  0.91  0.80 ]
[ 0.98  0.98  0.98  0.90  0.98  0.98  0.92  0.93  0.98  0.98  0.98  0.60 ]

01/29 04:20:03 AM | === Batch 4/200
01/29 04:20:03 AM | loss = 0.558 + 1.677 + 0.101 = 2.336
01/29 04:20:03 AM | attribution_score[0:12]: 
[ 0.98  0.92  0.57  0.46  0.50  0.47  0.46  0.45  0.45  0.46  0.46  0.84 ]
[ 0.90  0.56  0.83  0.47  0.90  0.58  0.61  0.46  0.72  0.92  0.91  0.48 ]
[ 0.98  0.94  0.48  0.94  0.45  0.94  0.87  0.64  0.48  0.49  0.48  0.98 ]
[ 0.47  0.85  0.96  0.73  0.57  0.82  0.74  0.92  0.78  0.80  0.64  0.92 ]
[ 0.71  0.53  0.98  0.53  0.85  0.47  0.45  0.51  0.80  0.56  0.82  0.80 ]
[ 0.61  0.64  0.55  0.46  0.47  0.64  0.50  0.50  0.50  0.49  0.45  0.82 ]
[ 0.53  0.47  0.93  0.53  0.52  0.52  0.57  0.73  0.71  0.84  0.94  0.50 ]
[ 0.45  0.46  0.46  0.45  0.50  0.45  0.57  0.45  0.73  0.47  0.48  0.73 ]
[ 0.55  0.71  0.45  0.61  0.50  0.45  0.47  0.47  0.65  0.45  0.83  0.74 ]
[ 0.62  0.47  0.45  0.45  0.84  0.65  0.46  0.45  0.77  0.45  0.52  0.56 ]
[ 0.47  0.85  0.93  0.60  0.64  0.92  0.85  0.79  0.90  0.77  0.99  0.81 ]
[ 0.91  0.99  0.84  0.95  0.95  0.90  0.85  0.99  0.74  0.94  0.94  0.86 ]
[ 0.99  0.99  0.99  0.92  0.99  0.99  0.95  0.96  0.98  0.99  0.99  0.56 ]

01/29 04:20:03 AM | === Batch 5/200
01/29 04:20:03 AM | loss = 0.910 + 1.011 + 0.111 = 2.031
01/29 04:20:04 AM | attribution_score[0:12]: 
[ 0.99  0.93  0.47  0.31  0.37  0.33  0.32  0.31  0.31  0.33  0.32  0.83 ]
[ 0.92  0.45  0.84  0.33  0.90  0.47  0.65  0.32  0.72  0.93  0.91  0.45 ]
[ 0.99  0.95  0.34  0.95  0.32  0.96  0.87  0.61  0.35  0.36  0.35  0.98 ]
[ 0.38  0.81  0.95  0.78  0.49  0.85  0.74  0.94  0.72  0.79  0.63  0.92 ]
[ 0.73  0.53  0.98  0.45  0.89  0.40  0.32  0.38  0.84  0.57  0.79  0.73 ]
[ 0.61  0.69  0.43  0.33  0.34  0.52  0.46  0.44  0.39  0.35  0.31  0.76 ]
[ 0.57  0.35  0.91  0.42  0.59  0.40  0.59  0.80  0.78  0.82  0.95  0.37 ]
[ 0.31  0.32  0.32  0.31  0.48  0.31  0.54  0.31  0.79  0.33  0.37  0.64 ]
[ 0.44  0.73  0.31  0.68  0.37  0.31  0.36  0.34  0.70  0.31  0.82  0.81 ]
[ 0.63  0.36  0.31  0.31  0.79  0.65  0.33  0.31  0.83  0.31  0.40  0.48 ]
[ 0.33  0.90  0.94  0.65  0.72  0.90  0.89  0.77  0.93  0.84  0.99  0.87 ]
[ 0.91  0.99  0.89  0.96  0.97  0.89  0.89  0.99  0.65  0.95  0.96  0.91 ]
[ 0.99  0.99  0.99  0.93  0.99  0.99  0.96  0.97  0.99  0.99  0.99  0.47 ]

01/29 04:20:04 AM | === Batch 6/200
01/29 04:20:04 AM | loss = 0.937 + 0.463 + 0.095 = 1.496
01/29 04:20:04 AM | attribution_score[0:12]: 
[ 0.99  0.94  0.38  0.20  0.26  0.22  0.21  0.20  0.20  0.21  0.21  0.85 ]
[ 0.93  0.34  0.84  0.22  0.88  0.35  0.72  0.21  0.72  0.94  0.91  0.45 ]
[ 0.99  0.95  0.23  0.96  0.20  0.96  0.85  0.64  0.24  0.25  0.24  0.99 ]
[ 0.30  0.75  0.94  0.81  0.50  0.88  0.72  0.95  0.64  0.76  0.56  0.92 ]
[ 0.72  0.52  0.99  0.44  0.90  0.39  0.23  0.28  0.87  0.63  0.76  0.65 ]
[ 0.67  0.74  0.31  0.23  0.23  0.40  0.44  0.39  0.31  0.31  0.20  0.67 ]
[ 0.65  0.26  0.90  0.39  0.63  0.39  0.55  0.80  0.80  0.85  0.95  0.25 ]
[ 0.20  0.21  0.21  0.20  0.43  0.20  0.50  0.20  0.78  0.21  0.28  0.55 ]
[ 0.41  0.72  0.20  0.69  0.30  0.20  0.25  0.24  0.74  0.25  0.76  0.82 ]
[ 0.60  0.26  0.20  0.20  0.78  0.68  0.23  0.20  0.88  0.20  0.30  0.40 ]
[ 0.24  0.93  0.94  0.63  0.75  0.89  0.92  0.80  0.95  0.86  0.99  0.90 ]
[ 0.93  0.99  0.91  0.97  0.97  0.87  0.92  1.00  0.52  0.95  0.97  0.93 ]
[ 0.99  0.99  1.00  0.95  1.00  1.00  0.97  0.97  0.99  0.99  0.99  0.46 ]

01/29 04:20:04 AM | === Batch 7/200
01/29 04:20:04 AM | loss = 1.051 + 0.027 + 0.081 = 1.160
01/29 04:20:04 AM | attribution_score[0:12]: 
[ 0.99  0.94  0.31  0.12  0.17  0.15  0.13  0.13  0.12  0.14  0.13  0.87 ]
[ 0.93  0.24  0.84  0.13  0.86  0.24  0.76  0.13  0.71  0.95  0.90  0.46 ]
[ 0.99  0.95  0.15  0.96  0.12  0.97  0.82  0.66  0.15  0.18  0.15  0.99 ]
[ 0.23  0.67  0.94  0.80  0.49  0.89  0.71  0.96  0.53  0.70  0.52  0.91 ]
[ 0.71  0.45  0.99  0.41  0.90  0.41  0.16  0.21  0.90  0.68  0.75  0.63 ]
[ 0.72  0.76  0.21  0.16  0.15  0.29  0.47  0.32  0.27  0.34  0.12  0.56 ]
[ 0.74  0.21  0.89  0.36  0.62  0.42  0.49  0.76  0.81  0.88  0.96  0.16 ]
[ 0.12  0.13  0.13  0.12  0.36  0.13  0.45  0.12  0.75  0.13  0.19  0.46 ]
[ 0.44  0.68  0.12  0.67  0.29  0.12  0.17  0.19  0.78  0.20  0.69  0.81 ]
[ 0.55  0.17  0.13  0.12  0.78  0.70  0.16  0.12  0.90  0.13  0.25  0.32 ]
[ 0.22  0.95  0.93  0.56  0.76  0.90  0.93  0.85  0.96  0.86  0.99  0.91 ]
[ 0.95  1.00  0.91  0.97  0.97  0.87  0.94  1.00  0.46  0.94  0.98  0.94 ]
[ 1.00  1.00  1.00  0.96  1.00  1.00  0.97  0.97  0.99  0.99  0.99  0.40 ]

01/29 04:20:04 AM | === Batch 8/200
01/29 04:20:05 AM | loss = 1.251 + 0.575 + 0.071 = 1.897
01/29 04:20:05 AM | attribution_score[0:12]: 
[ 0.99  0.95  0.34  0.08  0.15  0.13  0.10  0.09  0.08  0.15  0.10  0.91 ]
[ 0.95  0.19  0.86  0.10  0.87  0.22  0.81  0.09  0.71  0.96  0.91  0.51 ]
[ 0.99  0.95  0.12  0.97  0.09  0.97  0.84  0.72  0.11  0.16  0.12  0.99 ]
[ 0.22  0.65  0.95  0.82  0.46  0.90  0.73  0.97  0.52  0.72  0.58  0.91 ]
[ 0.74  0.36  0.99  0.38  0.91  0.48  0.14  0.19  0.92  0.68  0.79  0.68 ]
[ 0.74  0.78  0.18  0.12  0.12  0.25  0.54  0.31  0.29  0.42  0.09  0.56 ]
[ 0.81  0.21  0.89  0.36  0.64  0.42  0.48  0.71  0.83  0.90  0.97  0.12 ]
[ 0.08  0.09  0.10  0.09  0.35  0.10  0.49  0.08  0.73  0.11  0.16  0.44 ]
[ 0.51  0.71  0.09  0.68  0.32  0.10  0.14  0.20  0.82  0.17  0.71  0.81 ]
[ 0.58  0.14  0.09  0.09  0.82  0.72  0.12  0.09  0.93  0.10  0.24  0.34 ]
[ 0.23  0.96  0.94  0.54  0.77  0.92  0.93  0.89  0.96  0.86  1.00  0.93 ]
[ 0.97  1.00  0.92  0.98  0.98  0.90  0.95  1.00  0.49  0.95  0.99  0.96 ]
[ 1.00  1.00  1.00  0.97  1.00  1.00  0.98  0.97  1.00  0.99  0.99  0.38 ]

01/29 04:20:05 AM | === Batch 9/200
01/29 04:20:05 AM | loss = 0.984 + 0.587 + 0.065 = 1.636
01/29 04:20:05 AM | attribution_score[0:12]: 
[ 0.99  0.96  0.41  0.06  0.15  0.12  0.09  0.07  0.07  0.19  0.09  0.94 ]
[ 0.96  0.18  0.88  0.07  0.89  0.24  0.85  0.07  0.73  0.97  0.93  0.58 ]
[ 0.99  0.96  0.12  0.97  0.07  0.98  0.87  0.79  0.09  0.17  0.11  0.99 ]
[ 0.23  0.68  0.96  0.86  0.48  0.91  0.76  0.97  0.54  0.76  0.66  0.92 ]
[ 0.78  0.34  0.99  0.37  0.92  0.56  0.14  0.20  0.94  0.70  0.84  0.75 ]
[ 0.76  0.79  0.18  0.10  0.10  0.25  0.63  0.36  0.34  0.49  0.07  0.60 ]
[ 0.87  0.22  0.90  0.39  0.69  0.42  0.53  0.67  0.86  0.92  0.97  0.11 ]
[ 0.06  0.07  0.08  0.07  0.37  0.10  0.57  0.06  0.75  0.09  0.16  0.47 ]
[ 0.61  0.77  0.07  0.72  0.37  0.08  0.13  0.23  0.85  0.17  0.75  0.84 ]
[ 0.64  0.14  0.08  0.07  0.86  0.76  0.10  0.07  0.95  0.09  0.25  0.39 ]
[ 0.27  0.96  0.95  0.54  0.77  0.94  0.94  0.92  0.97  0.86  1.00  0.94 ]
[ 0.98  1.00  0.93  0.98  0.98  0.92  0.95  1.00  0.57  0.96  0.99  0.97 ]
[ 1.00  1.00  1.00  0.98  1.00  1.00  0.98  0.98  1.00  0.99  0.99  0.41 ]

01/29 04:20:05 AM | === Batch 10/200
01/29 04:20:05 AM | loss = 0.789 + 0.321 + 0.061 = 1.171
01/29 04:20:06 AM | attribution_score[0:12]: 
[ 0.99  0.96  0.50  0.05  0.17  0.14  0.08  0.06  0.05  0.25  0.09  0.96 ]
[ 0.97  0.18  0.91  0.06  0.90  0.28  0.89  0.06  0.77  0.98  0.94  0.65 ]
[ 0.99  0.96  0.13  0.98  0.06  0.98  0.91  0.84  0.09  0.19  0.12  1.00 ]
[ 0.23  0.73  0.97  0.88  0.54  0.92  0.80  0.98  0.59  0.81  0.74  0.93 ]
[ 0.83  0.35  0.99  0.42  0.93  0.66  0.14  0.24  0.96  0.75  0.88  0.81 ]
[ 0.80  0.82  0.21  0.09  0.09  0.29  0.71  0.40  0.42  0.57  0.06  0.67 ]
[ 0.90  0.25  0.92  0.45  0.74  0.46  0.60  0.65  0.89  0.93  0.98  0.10 ]
[ 0.05  0.06  0.06  0.06  0.42  0.09  0.67  0.05  0.77  0.09  0.17  0.51 ]
[ 0.70  0.83  0.06  0.77  0.44  0.08  0.13  0.29  0.87  0.17  0.81  0.87 ]
[ 0.72  0.15  0.07  0.06  0.90  0.80  0.10  0.07  0.96  0.10  0.28  0.48 ]
[ 0.32  0.97  0.96  0.58  0.80  0.96  0.95  0.95  0.98  0.87  1.00  0.95 ]
[ 0.99  1.00  0.94  0.98  0.98  0.95  0.96  1.00  0.65  0.97  0.99  0.97 ]
[ 1.00  1.00  1.00  0.99  1.00  1.00  0.99  0.98  1.00  0.99  0.99  0.46 ]

01/29 04:20:06 AM | === Batch 11/200
01/29 04:20:06 AM | loss = 0.858 + 0.070 + 0.057 = 0.985
01/29 04:20:06 AM | attribution_score[0:12]: 
[ 1.00  0.97  0.56  0.04  0.17  0.15  0.08  0.05  0.05  0.28  0.08  0.97 ]
[ 0.97  0.18  0.93  0.05  0.91  0.32  0.91  0.05  0.81  0.98  0.95  0.71 ]
[ 1.00  0.96  0.13  0.98  0.05  0.99  0.92  0.87  0.08  0.19  0.12  1.00 ]
[ 0.24  0.78  0.98  0.90  0.61  0.94  0.80  0.98  0.62  0.83  0.80  0.93 ]
[ 0.84  0.38  1.00  0.48  0.94  0.68  0.14  0.27  0.97  0.81  0.90  0.85 ]
[ 0.84  0.85  0.23  0.08  0.09  0.28  0.74  0.46  0.50  0.62  0.05  0.70 ]
[ 0.92  0.26  0.93  0.50  0.78  0.51  0.65  0.63  0.91  0.93  0.98  0.09 ]
[ 0.04  0.05  0.05  0.05  0.45  0.10  0.72  0.04  0.80  0.09  0.19  0.57 ]
[ 0.78  0.88  0.05  0.80  0.52  0.07  0.14  0.34  0.89  0.17  0.85  0.89 ]
[ 0.78  0.15  0.06  0.05  0.92  0.84  0.09  0.06  0.97  0.09  0.29  0.55 ]
[ 0.34  0.97  0.97  0.60  0.82  0.97  0.96  0.96  0.98  0.87  1.00  0.95 ]
[ 0.99  1.00  0.95  0.99  0.99  0.96  0.96  1.00  0.69  0.98  0.99  0.98 ]
[ 1.00  1.00  1.00  0.99  1.00  1.00  0.99  0.98  1.00  1.00  0.99  0.49 ]

01/29 04:20:06 AM | === Batch 12/200
01/29 04:20:06 AM | loss = 0.683 + 0.251 + 0.054 = 0.988
01/29 04:20:07 AM | attribution_score[0:12]: 
[ 1.00  0.97  0.59  0.03  0.17  0.17  0.07  0.05  0.04  0.28  0.07  0.98 ]
[ 0.98  0.17  0.95  0.04  0.91  0.37  0.93  0.04  0.84  0.99  0.95  0.74 ]
[ 1.00  0.97  0.12  0.98  0.04  0.99  0.94  0.89  0.07  0.18  0.12  1.00 ]
[ 0.24  0.82  0.98  0.90  0.69  0.94  0.81  0.98  0.61  0.84  0.84  0.94 ]
[ 0.85  0.44  1.00  0.53  0.93  0.69  0.14  0.27  0.98  0.84  0.91  0.88 ]
[ 0.86  0.86  0.26  0.08  0.08  0.28  0.75  0.50  0.58  0.65  0.05  0.74 ]
[ 0.92  0.28  0.92  0.56  0.81  0.55  0.67  0.59  0.92  0.93  0.99  0.08 ]
[ 0.03  0.05  0.05  0.04  0.45  0.10  0.75  0.03  0.83  0.09  0.22  0.61 ]
[ 0.82  0.91  0.04  0.82  0.57  0.06  0.14  0.39  0.90  0.16  0.89  0.91 ]
[ 0.82  0.13  0.05  0.04  0.94  0.86  0.09  0.05  0.98  0.08  0.29  0.58 ]
[ 0.33  0.98  0.98  0.62  0.84  0.98  0.96  0.97  0.99  0.88  1.00  0.96 ]
[ 0.99  1.00  0.96  0.99  0.99  0.97  0.97  1.00  0.71  0.98  0.99  0.98 ]
[ 1.00  1.00  1.00  0.99  1.00  1.00  0.99  0.98  1.00  1.00  0.99  0.51 ]

01/29 04:20:07 AM | === Batch 13/200
01/29 04:20:07 AM | loss = 0.757 + 0.369 + 0.051 = 1.177
01/29 04:20:07 AM | attribution_score[0:12]: 
[ 1.00  0.98  0.60  0.03  0.16  0.18  0.07  0.04  0.03  0.28  0.06  0.98 ]
[ 0.98  0.16  0.96  0.04  0.91  0.41  0.94  0.03  0.87  0.99  0.96  0.76 ]
[ 1.00  0.97  0.11  0.98  0.04  0.99  0.94  0.91  0.07  0.17  0.12  1.00 ]
[ 0.24  0.84  0.98  0.90  0.77  0.95  0.84  0.98  0.62  0.85  0.88  0.94 ]
[ 0.85  0.48  1.00  0.55  0.93  0.69  0.13  0.26  0.98  0.86  0.92  0.90 ]
[ 0.88  0.88  0.28  0.07  0.07  0.29  0.76  0.52  0.65  0.66  0.04  0.78 ]
[ 0.93  0.28  0.92  0.64  0.84  0.56  0.68  0.57  0.93  0.93  0.99  0.07 ]
[ 0.03  0.04  0.04  0.03  0.43  0.10  0.77  0.03  0.86  0.09  0.23  0.66 ]
[ 0.86  0.94  0.04  0.85  0.61  0.06  0.14  0.40  0.90  0.15  0.91  0.92 ]
[ 0.85  0.11  0.05  0.03  0.95  0.87  0.08  0.04  0.98  0.07  0.29  0.61 ]
[ 0.31  0.98  0.98  0.65  0.85  0.98  0.97  0.98  0.99  0.88  1.00  0.96 ]
[ 0.99  1.00  0.96  0.99  0.99  0.98  0.97  1.00  0.71  0.98  1.00  0.99 ]
[ 1.00  1.00  1.00  0.99  1.00  1.00  0.99  0.99  1.00  1.00  1.00  0.51 ]

01/29 04:20:07 AM | === Batch 14/200
01/29 04:20:07 AM | loss = 0.517 + 0.443 + 0.048 = 1.008
01/29 04:20:07 AM | attribution_score[0:12]: 
[ 1.00  0.98  0.60  0.02  0.15  0.20  0.06  0.04  0.03  0.29  0.06  0.98 ]
[ 0.99  0.16  0.96  0.03  0.91  0.46  0.95  0.03  0.89  0.99  0.97  0.78 ]
[ 1.00  0.97  0.10  0.99  0.03  0.99  0.95  0.92  0.06  0.15  0.11  1.00 ]
[ 0.25  0.86  0.98  0.90  0.83  0.95  0.85  0.98  0.62  0.85  0.90  0.95 ]
[ 0.85  0.56  1.00  0.55  0.92  0.69  0.13  0.24  0.98  0.86  0.93  0.92 ]
[ 0.90  0.89  0.30  0.06  0.06  0.29  0.76  0.51  0.71  0.66  0.04  0.81 ]
[ 0.92  0.30  0.90  0.70  0.87  0.53  0.68  0.55  0.94  0.94  0.99  0.06 ]
[ 0.02  0.04  0.03  0.03  0.39  0.09  0.79  0.02  0.89  0.08  0.24  0.69 ]
[ 0.87  0.95  0.03  0.87  0.64  0.05  0.13  0.42  0.90  0.13  0.93  0.93 ]
[ 0.87  0.09  0.04  0.03  0.95  0.86  0.07  0.04  0.99  0.06  0.27  0.62 ]
[ 0.29  0.98  0.98  0.69  0.87  0.99  0.97  0.98  0.99  0.89  1.00  0.97 ]
[ 1.00  1.00  0.96  0.99  0.99  0.98  0.97  1.00  0.71  0.99  1.00  0.99 ]
[ 1.00  1.00  1.00  0.99  1.00  1.00  0.99  0.99  1.00  1.00  1.00  0.47 ]

01/29 04:20:07 AM | === Batch 15/200
01/29 04:20:07 AM | loss = 0.353 + 0.476 + 0.046 = 0.876
01/29 04:20:08 AM | attribution_score[0:12]: 
[ 1.00  0.98  0.58  0.02  0.14  0.21  0.05  0.03  0.02  0.31  0.05  0.99 ]
[ 0.99  0.15  0.97  0.03  0.91  0.50  0.95  0.02  0.90  0.99  0.97  0.78 ]
[ 1.00  0.97  0.09  0.99  0.03  0.99  0.95  0.93  0.06  0.13  0.10  1.00 ]
[ 0.25  0.87  0.99  0.90  0.87  0.95  0.86  0.99  0.63  0.85  0.92  0.95 ]
[ 0.85  0.59  1.00  0.55  0.89  0.68  0.13  0.21  0.99  0.87  0.93  0.93 ]
[ 0.91  0.89  0.31  0.05  0.05  0.28  0.77  0.46  0.75  0.65  0.03  0.83 ]
[ 0.92  0.32  0.88  0.72  0.89  0.49  0.68  0.52  0.95  0.93  0.99  0.05 ]
[ 0.02  0.04  0.03  0.02  0.35  0.08  0.80  0.02  0.91  0.07  0.23  0.72 ]
[ 0.88  0.97  0.03  0.89  0.67  0.04  0.12  0.41  0.90  0.11  0.94  0.93 ]
[ 0.89  0.07  0.03  0.03  0.96  0.85  0.06  0.03  0.99  0.05  0.26  0.61 ]
[ 0.25  0.98  0.99  0.73  0.88  0.99  0.97  0.99  0.99  0.90  1.00  0.97 ]
[ 1.00  1.00  0.96  0.99  0.99  0.98  0.98  1.00  0.70  0.99  1.00  0.99 ]
[ 1.00  1.00  1.00  1.00  1.00  1.00  0.99  0.99  1.00  1.00  1.00  0.41 ]

01/29 04:20:08 AM | === Batch 16/200
01/29 04:20:08 AM | loss = 0.505 + 0.474 + 0.044 = 1.023
01/29 04:20:08 AM | attribution_score[0:12]: 
[ 1.00  0.98  0.56  0.02  0.13  0.20  0.05  0.03  0.02  0.32  0.04  0.99 ]
[ 0.99  0.15  0.97  0.02  0.91  0.52  0.96  0.02  0.92  0.99  0.98  0.79 ]
[ 1.00  0.97  0.08  0.99  0.02  0.99  0.96  0.94  0.05  0.11  0.09  1.00 ]
[ 0.23  0.87  0.99  0.91  0.89  0.95  0.86  0.99  0.62  0.85  0.93  0.95 ]
[ 0.84  0.60  1.00  0.55  0.87  0.67  0.12  0.18  0.99  0.87  0.94  0.94 ]
[ 0.92  0.89  0.32  0.05  0.04  0.26  0.78  0.39  0.79  0.63  0.03  0.84 ]
[ 0.92  0.35  0.85  0.74  0.90  0.46  0.65  0.47  0.95  0.93  0.99  0.05 ]
[ 0.02  0.04  0.02  0.02  0.31  0.08  0.80  0.01  0.92  0.06  0.22  0.76 ]
[ 0.89  0.97  0.03  0.90  0.69  0.04  0.10  0.40  0.89  0.09  0.96  0.94 ]
[ 0.90  0.06  0.03  0.02  0.96  0.84  0.05  0.03  0.99  0.05  0.24  0.60 ]
[ 0.22  0.99  0.99  0.75  0.89  0.99  0.98  0.99  0.99  0.90  1.00  0.97 ]
[ 1.00  1.00  0.97  0.99  0.99  0.98  0.98  1.00  0.68  0.99  1.00  0.99 ]
[ 1.00  1.00  1.00  1.00  1.00  1.00  0.99  0.99  1.00  1.00  1.00  0.35 ]

01/29 04:20:08 AM | === Batch 17/200
01/29 04:20:08 AM | loss = 0.506 + 0.446 + 0.042 = 0.995
01/29 04:20:09 AM | attribution_score[0:12]: 
[ 1.00  0.98  0.55  0.01  0.12  0.20  0.04  0.02  0.02  0.32  0.04  0.99 ]
[ 0.99  0.14  0.97  0.02  0.91  0.50  0.96  0.02  0.93  0.99  0.98  0.78 ]
[ 1.00  0.98  0.07  0.99  0.02  0.99  0.96  0.94  0.04  0.10  0.07  1.00 ]
[ 0.22  0.87  0.99  0.90  0.91  0.95  0.85  0.99  0.61  0.84  0.94  0.95 ]
[ 0.82  0.62  1.00  0.57  0.85  0.64  0.11  0.16  0.99  0.87  0.94  0.95 ]
[ 0.93  0.89  0.31  0.04  0.04  0.25  0.78  0.33  0.82  0.61  0.02  0.85 ]
[ 0.91  0.37  0.81  0.75  0.91  0.43  0.60  0.41  0.95  0.93  0.99  0.04 ]
[ 0.01  0.04  0.02  0.01  0.26  0.07  0.80  0.01  0.94  0.06  0.23  0.77 ]
[ 0.89  0.98  0.02  0.91  0.71  0.03  0.09  0.40  0.88  0.08  0.96  0.94 ]
[ 0.91  0.05  0.03  0.02  0.96  0.82  0.04  0.02  0.99  0.04  0.22  0.58 ]
[ 0.19  0.99  0.99  0.76  0.90  0.99  0.98  0.99  0.99  0.90  1.00  0.97 ]
[ 1.00  1.00  0.97  1.00  0.99  0.99  0.98  1.00  0.66  0.99  1.00  0.99 ]
[ 1.00  1.00  1.00  1.00  1.00  1.00  0.99  0.99  1.00  1.00  1.00  0.28 ]

01/29 04:20:09 AM | === Batch 18/200
01/29 04:20:09 AM | loss = 0.549 + 0.400 + 0.040 = 0.989
01/29 04:20:09 AM | attribution_score[0:12]: 
[ 1.00  0.98  0.51  0.01  0.10  0.21  0.04  0.02  0.01  0.29  0.03  0.99 ]
[ 0.99  0.14  0.98  0.02  0.90  0.50  0.96  0.01  0.94  0.99  0.98  0.75 ]
[ 1.00  0.98  0.06  0.99  0.02  0.99  0.96  0.94  0.04  0.08  0.06  1.00 ]
[ 0.21  0.86  0.99  0.89  0.93  0.96  0.83  0.99  0.58  0.83  0.95  0.95 ]
[ 0.81  0.63  1.00  0.62  0.84  0.58  0.11  0.14  0.99  0.87  0.94  0.95 ]
[ 0.93  0.89  0.28  0.04  0.03  0.24  0.75  0.29  0.82  0.63  0.02  0.85 ]
[ 0.91  0.36  0.76  0.75  0.92  0.41  0.53  0.37  0.95  0.93  0.99  0.04 ]
[ 0.01  0.03  0.02  0.01  0.21  0.07  0.81  0.01  0.95  0.05  0.22  0.75 ]
[ 0.90  0.98  0.02  0.91  0.72  0.03  0.07  0.41  0.88  0.07  0.97  0.94 ]
[ 0.91  0.04  0.02  0.02  0.97  0.81  0.03  0.02  0.99  0.03  0.21  0.55 ]
[ 0.16  0.99  0.99  0.76  0.90  0.99  0.98  0.99  1.00  0.90  1.00  0.98 ]
[ 1.00  1.00  0.97  1.00  1.00  0.99  0.98  1.00  0.64  0.99  1.00  0.99 ]
[ 1.00  1.00  1.00  1.00  1.00  1.00  0.99  0.99  1.00  1.00  1.00  0.22 ]

01/29 04:20:09 AM | === Batch 19/200
01/29 04:20:09 AM | loss = 0.483 + 0.345 + 0.039 = 0.867
01/29 04:20:09 AM | attribution_score[0:12]: 
[ 1.00  0.99  0.46  0.01  0.09  0.21  0.03  0.02  0.01  0.25  0.03  0.99 ]
[ 0.99  0.13  0.98  0.01  0.89  0.50  0.96  0.01  0.95  0.99  0.98  0.72 ]
[ 1.00  0.98  0.05  0.99  0.01  0.99  0.96  0.94  0.03  0.07  0.06  1.00 ]
[ 0.20  0.86  0.99  0.88  0.94  0.96  0.79  0.99  0.53  0.80  0.96  0.95 ]
[ 0.80  0.64  1.00  0.68  0.84  0.51  0.11  0.11  0.99  0.87  0.94  0.96 ]
[ 0.93  0.88  0.26  0.04  0.03  0.23  0.73  0.24  0.82  0.65  0.02  0.85 ]
[ 0.91  0.34  0.68  0.73  0.92  0.41  0.47  0.34  0.95  0.93  0.99  0.03 ]
[ 0.01  0.03  0.01  0.01  0.17  0.07  0.81  0.01  0.95  0.05  0.21  0.74 ]
[ 0.90  0.99  0.02  0.92  0.74  0.02  0.06  0.40  0.87  0.06  0.97  0.94 ]
[ 0.92  0.03  0.02  0.01  0.97  0.79  0.03  0.02  0.99  0.03  0.19  0.52 ]
[ 0.14  0.99  0.99  0.75  0.90  0.99  0.98  0.99  1.00  0.90  1.00  0.98 ]
[ 1.00  1.00  0.97  1.00  1.00  0.99  0.98  1.00  0.61  0.99  1.00  0.99 ]
[ 1.00  1.00  1.00  1.00  1.00  1.00  0.99  0.99  1.00  1.00  1.00  0.17 ]

01/29 04:20:09 AM | === Batch 20/200
01/29 04:20:10 AM | loss = 0.538 + 0.281 + 0.037 = 0.856
01/29 04:20:10 AM | === Batch 21/200
01/29 04:20:10 AM | loss = 0.612 + 0.215 + 0.036 = 0.863
01/29 04:20:10 AM | === Batch 22/200
01/29 04:20:10 AM | loss = 0.530 + 0.148 + 0.034 = 0.713
01/29 04:20:11 AM | === Batch 23/200
01/29 04:20:11 AM | loss = 0.689 + 0.082 + 0.033 = 0.804
01/29 04:20:11 AM | === Batch 24/200
01/29 04:20:11 AM | loss = 0.756 + 0.023 + 0.032 = 0.811
01/29 04:20:11 AM | === Batch 25/200
01/29 04:20:12 AM | loss = 0.550 + 0.072 + 0.031 = 0.653
01/29 04:20:12 AM | === Batch 26/200
01/29 04:20:12 AM | loss = 0.556 + 0.075 + 0.030 = 0.661
01/29 04:20:12 AM | === Batch 27/200
01/29 04:20:12 AM | loss = 0.557 + 0.003 + 0.029 = 0.588
01/29 04:20:13 AM | === Batch 28/200
01/29 04:20:13 AM | loss = 0.543 + 0.030 + 0.028 = 0.601
01/29 04:20:13 AM | === Batch 29/200
01/29 04:20:13 AM | loss = 0.561 + 0.042 + 0.027 = 0.630
01/29 04:20:13 AM | === Batch 30/200
01/29 04:20:14 AM | loss = 0.534 + 0.041 + 0.026 = 0.601
01/29 04:20:14 AM | === Batch 31/200
01/29 04:20:14 AM | loss = 0.571 + 0.029 + 0.026 = 0.626
01/29 04:20:14 AM | === Batch 32/200
01/29 04:20:14 AM | loss = 0.468 + 0.007 + 0.025 = 0.500
01/29 04:20:15 AM | === Batch 33/200
01/29 04:20:15 AM | loss = 0.664 + 0.041 + 0.025 = 0.729
01/29 04:20:15 AM | === Batch 34/200
01/29 04:20:15 AM | loss = 0.501 + 0.031 + 0.024 = 0.556
01/29 04:20:16 AM | === Batch 35/200
01/29 04:20:16 AM | loss = 0.517 + 0.018 + 0.024 = 0.559
01/29 04:20:16 AM | === Batch 36/200
01/29 04:20:16 AM | loss = 0.643 + 0.043 + 0.024 = 0.710
01/29 04:20:16 AM | === Batch 37/200
01/29 04:20:17 AM | loss = 0.464 + 0.057 + 0.023 = 0.544
01/29 04:20:17 AM | === Batch 38/200
01/29 04:20:17 AM | loss = 0.320 + 0.060 + 0.023 = 0.402
01/29 04:20:17 AM | === Batch 39/200
01/29 04:20:17 AM | loss = 0.482 + 0.051 + 0.022 = 0.555
01/29 04:20:18 AM | === Batch 40/200
01/29 04:20:18 AM | loss = 0.525 + 0.031 + 0.022 = 0.579
01/29 04:20:18 AM | === Batch 41/200
01/29 04:20:18 AM | loss = 0.470 + 0.005 + 0.022 = 0.497
01/29 04:20:18 AM | === Batch 42/200
01/29 04:20:19 AM | loss = 0.408 + 0.054 + 0.022 = 0.484
01/29 04:20:19 AM | === Batch 43/200
01/29 04:20:19 AM | loss = 0.647 + 0.051 + 0.021 = 0.719
01/29 04:20:19 AM | === Batch 44/200
01/29 04:20:19 AM | loss = 0.451 + 0.001 + 0.021 = 0.474
01/29 04:20:20 AM | === Batch 45/200
01/29 04:20:20 AM | loss = 0.478 + 0.017 + 0.021 = 0.516
01/29 04:20:20 AM | === Batch 46/200
01/29 04:20:20 AM | loss = 0.401 + 0.025 + 0.021 = 0.446
01/29 04:20:20 AM | === Batch 47/200
01/29 04:20:21 AM | loss = 0.485 + 0.023 + 0.020 = 0.528
01/29 04:20:21 AM | === Batch 48/200
01/29 04:20:21 AM | loss = 0.662 + 0.012 + 0.020 = 0.694
01/29 04:20:21 AM | === Batch 49/200
01/29 04:20:21 AM | loss = 0.554 + 0.008 + 0.020 = 0.582
01/29 04:20:22 AM | === Batch 50/200
01/29 04:20:22 AM | loss = 0.529 + 0.012 + 0.020 = 0.560
01/29 04:20:22 AM | === Batch 51/200
01/29 04:20:22 AM | loss = 0.355 + 0.017 + 0.019 = 0.392
01/29 04:20:22 AM | === Batch 52/200
01/29 04:20:23 AM | loss = 0.320 + 0.016 + 0.019 = 0.355
01/29 04:20:23 AM | === Batch 53/200
01/29 04:20:23 AM | loss = 0.397 + 0.008 + 0.019 = 0.424
01/29 04:20:23 AM | === Batch 54/200
01/29 04:20:23 AM | loss = 0.359 + 0.011 + 0.019 = 0.388
01/29 04:20:24 AM | === Batch 55/200
01/29 04:20:24 AM | loss = 0.305 + 0.009 + 0.018 = 0.333
01/29 04:20:24 AM | === Batch 56/200
01/29 04:20:24 AM | loss = 0.437 + 0.015 + 0.018 = 0.469
01/29 04:20:24 AM | === Batch 57/200
01/29 04:20:25 AM | loss = 0.510 + 0.013 + 0.018 = 0.541
01/29 04:20:25 AM | === Batch 58/200
01/29 04:20:25 AM | loss = 0.553 + 0.005 + 0.018 = 0.576
01/29 04:20:25 AM | === Batch 59/200
01/29 04:20:25 AM | loss = 0.473 + 0.016 + 0.018 = 0.506
01/29 04:20:26 AM | === Batch 60/200
01/29 04:20:26 AM | loss = 0.656 + 0.003 + 0.017 = 0.676
01/29 04:20:26 AM | === Batch 61/200
01/29 04:20:26 AM | loss = 0.606 + 0.007 + 0.017 = 0.630
01/29 04:20:26 AM | === Batch 62/200
01/29 04:20:27 AM | loss = 0.413 + 0.006 + 0.017 = 0.436
01/29 04:20:27 AM | === Batch 63/200
01/29 04:20:27 AM | loss = 0.487 + 0.003 + 0.017 = 0.507
01/29 04:20:27 AM | === Batch 64/200
01/29 04:20:27 AM | loss = 0.439 + 0.016 + 0.017 = 0.471
01/29 04:20:28 AM | === Batch 65/200
01/29 04:20:28 AM | loss = 0.283 + 0.025 + 0.016 = 0.324
01/29 04:20:28 AM | === Batch 66/200
01/29 04:20:28 AM | loss = 0.349 + 0.025 + 0.016 = 0.390
01/29 04:20:28 AM | === Batch 67/200
01/29 04:20:29 AM | loss = 0.479 + 0.018 + 0.016 = 0.513
01/29 04:20:29 AM | === Batch 68/200
01/29 04:20:29 AM | loss = 0.613 + 0.007 + 0.016 = 0.636
01/29 04:20:29 AM | === Batch 69/200
01/29 04:20:29 AM | loss = 0.514 + 0.015 + 0.016 = 0.545
01/29 04:20:29 AM | === Batch 70/200
01/29 04:20:30 AM | loss = 0.331 + 0.003 + 0.016 = 0.349
01/29 04:20:30 AM | === Batch 71/200
01/29 04:20:30 AM | loss = 0.474 + 0.005 + 0.015 = 0.494
01/29 04:20:30 AM | === Batch 72/200
01/29 04:20:30 AM | loss = 0.469 + 0.001 + 0.015 = 0.485
01/29 04:20:31 AM | === Batch 73/200
01/29 04:20:31 AM | loss = 0.608 + 0.018 + 0.015 = 0.641
01/29 04:20:31 AM | === Batch 74/200
01/29 04:20:31 AM | loss = 0.339 + 0.004 + 0.015 = 0.358
01/29 04:20:31 AM | === Batch 75/200
01/29 04:20:32 AM | loss = 0.512 + 0.009 + 0.015 = 0.536
01/29 04:20:32 AM | === Batch 76/200
01/29 04:20:32 AM | loss = 0.455 + 0.007 + 0.015 = 0.477
01/29 04:20:32 AM | === Batch 77/200
01/29 04:20:32 AM | loss = 0.303 + 0.002 + 0.015 = 0.320
01/29 04:20:33 AM | === Batch 78/200
01/29 04:20:33 AM | loss = 0.380 + 0.014 + 0.015 = 0.409
01/29 04:20:33 AM | === Batch 79/200
01/29 04:20:33 AM | loss = 0.401 + 0.022 + 0.015 = 0.437
01/29 04:20:33 AM | === Batch 80/200
01/29 04:20:34 AM | loss = 0.456 + 0.023 + 0.014 = 0.493
01/29 04:20:34 AM | === Batch 81/200
01/29 04:20:34 AM | loss = 0.296 + 0.015 + 0.014 = 0.326
01/29 04:20:34 AM | === Batch 82/200
01/29 04:20:34 AM | loss = 0.477 + 0.000 + 0.015 = 0.492
01/29 04:20:35 AM | === Batch 83/200
01/29 04:20:35 AM | loss = 0.501 + 0.013 + 0.014 = 0.528
01/29 04:20:35 AM | === Batch 84/200
01/29 04:20:35 AM | loss = 0.417 + 0.016 + 0.014 = 0.447
01/29 04:20:35 AM | === Batch 85/200
01/29 04:20:36 AM | loss = 0.414 + 0.012 + 0.014 = 0.441
01/29 04:20:36 AM | === Batch 86/200
01/29 04:20:36 AM | loss = 0.619 + 0.005 + 0.014 = 0.638
01/29 04:20:36 AM | === Batch 87/200
01/29 04:20:36 AM | loss = 0.491 + 0.014 + 0.014 = 0.519
01/29 04:20:37 AM | === Batch 88/200
01/29 04:20:37 AM | loss = 0.434 + 0.005 + 0.014 = 0.452
01/29 04:20:37 AM | === Batch 89/200
01/29 04:20:37 AM | loss = 0.440 + 0.009 + 0.014 = 0.463
01/29 04:20:37 AM | === Batch 90/200
01/29 04:20:37 AM | loss = 0.481 + 0.007 + 0.014 = 0.502
01/29 04:20:38 AM | === Batch 91/200
01/29 04:20:38 AM | loss = 0.523 + 0.004 + 0.014 = 0.541
01/29 04:20:38 AM | === Batch 92/200
01/29 04:20:38 AM | loss = 0.274 + 0.011 + 0.014 = 0.299
01/29 04:20:38 AM | === Batch 93/200
01/29 04:20:39 AM | loss = 0.469 + 0.014 + 0.014 = 0.497
01/29 04:20:39 AM | === Batch 94/200
01/29 04:20:39 AM | loss = 0.440 + 0.010 + 0.014 = 0.464
01/29 04:20:39 AM | === Batch 95/200
01/29 04:20:39 AM | loss = 0.493 + 0.001 + 0.014 = 0.507
01/29 04:20:40 AM | === Batch 96/200
01/29 04:20:40 AM | loss = 0.337 + 0.012 + 0.013 = 0.362
01/29 04:20:40 AM | === Batch 97/200
01/29 04:20:40 AM | loss = 0.408 + 0.016 + 0.013 = 0.437
01/29 04:20:40 AM | === Batch 98/200
01/29 04:20:41 AM | loss = 0.451 + 0.013 + 0.013 = 0.478
01/29 04:20:41 AM | === Batch 99/200
01/29 04:20:41 AM | loss = 0.547 + 0.004 + 0.013 = 0.564
01/29 04:20:41 AM | === Batch 100/200
01/29 04:20:41 AM | loss = 0.454 + 0.017 + 0.013 = 0.485
01/29 04:20:42 AM | attribution_score[0:12]: 
[ 1.00  0.99  0.06  0.00  0.00  0.87  0.00  0.00  0.00  0.95  0.00  1.00 ]
[ 1.00  0.01  0.99  0.00  0.97  0.96  0.99  0.00  0.99  1.00  0.99  0.32 ]
[ 1.00  0.93  0.00  0.99  0.00  1.00  0.59  0.87  0.00  0.00  0.00  1.00 ]
[ 0.06  0.08  1.00  0.99  0.19  0.99  0.97  0.99  0.07  0.34  0.99  0.80 ]
[ 0.92  0.96  1.00  0.99  0.99  0.98  0.01  0.03  1.00  0.99  0.97  0.99 ]
[ 0.99  0.99  0.01  0.00  0.01  0.05  0.90  0.02  0.91  0.08  0.00  0.99 ]
[ 0.95  0.07  0.02  0.97  1.00  0.06  0.02  0.03  1.00  0.97  1.00  0.04 ]
[ 0.00  0.01  0.00  0.00  0.01  0.99  1.00  0.00  0.99  0.01  0.02  0.17 ]
[ 0.99  1.00  0.00  0.98  0.93  0.00  0.00  0.04  0.98  0.02  1.00  0.99 ]
[ 0.95  0.00  0.00  0.00  1.00  0.92  0.00  0.00  1.00  0.00  0.05  0.16 ]
[ 0.01  1.00  1.00  0.02  0.91  1.00  0.99  1.00  1.00  0.96  1.00  0.99 ]
[ 1.00  1.00  0.99  1.00  1.00  1.00  1.00  1.00  0.02  1.00  1.00  1.00 ]
[ 1.00  1.00  1.00  1.00  1.00  1.00  1.00  1.00  1.00  1.00  1.00  0.00 ]

01/29 04:20:42 AM | === Batch 101/200
01/29 04:20:42 AM | loss = 0.401 + 0.000 + 0.013 = 0.414
01/29 04:20:42 AM | === Batch 102/200
01/29 04:20:42 AM | loss = 0.443 + 0.002 + 0.013 = 0.458
01/29 04:20:42 AM | === Batch 103/200
01/29 04:20:42 AM | loss = 0.596 + 0.003 + 0.013 = 0.612
01/29 04:20:43 AM | === Batch 104/200
01/29 04:20:43 AM | loss = 0.487 + 0.019 + 0.013 = 0.518
01/29 04:20:43 AM | === Batch 105/200
01/29 04:20:43 AM | loss = 0.326 + 0.030 + 0.013 = 0.369
01/29 04:20:44 AM | === Batch 106/200
01/29 04:20:44 AM | loss = 0.413 + 0.034 + 0.013 = 0.460
01/29 04:20:44 AM | === Batch 107/200
01/29 04:20:44 AM | loss = 0.537 + 0.031 + 0.013 = 0.581
01/29 04:20:44 AM | === Batch 108/200
01/29 04:20:44 AM | loss = 0.428 + 0.021 + 0.013 = 0.462
01/29 04:20:45 AM | === Batch 109/200
01/29 04:20:45 AM | loss = 0.294 + 0.005 + 0.013 = 0.312
01/29 04:20:45 AM | === Batch 110/200
01/29 04:20:45 AM | loss = 0.460 + 0.028 + 0.013 = 0.501
01/29 04:20:45 AM | === Batch 111/200
01/29 04:20:46 AM | loss = 0.518 + 0.022 + 0.013 = 0.553
01/29 04:20:46 AM | === Batch 112/200
01/29 04:20:46 AM | loss = 0.461 + 0.012 + 0.012 = 0.485
01/29 04:20:46 AM | === Batch 113/200
01/29 04:20:46 AM | loss = 0.495 + 0.027 + 0.012 = 0.534
01/29 04:20:47 AM | === Batch 114/200
01/29 04:20:47 AM | loss = 0.393 + 0.037 + 0.012 = 0.441
01/29 04:20:47 AM | === Batch 115/200
01/29 04:20:47 AM | loss = 0.383 + 0.040 + 0.012 = 0.436
01/29 04:20:47 AM | === Batch 116/200
01/29 04:20:48 AM | loss = 0.365 + 0.037 + 0.012 = 0.414
01/29 04:20:48 AM | === Batch 117/200
01/29 04:20:48 AM | loss = 0.379 + 0.029 + 0.012 = 0.420
01/29 04:20:48 AM | === Batch 118/200
01/29 04:20:48 AM | loss = 0.300 + 0.016 + 0.012 = 0.328
01/29 04:20:49 AM | === Batch 119/200
01/29 04:20:49 AM | loss = 0.544 + 0.001 + 0.012 = 0.557
01/29 04:20:49 AM | === Batch 120/200
01/29 04:20:49 AM | loss = 0.350 + 0.003 + 0.011 = 0.364
01/29 04:20:49 AM | === Batch 121/200
01/29 04:20:49 AM | loss = 0.325 + 0.000 + 0.011 = 0.336
01/29 04:20:50 AM | === Batch 122/200
01/29 04:20:50 AM | loss = 0.404 + 0.014 + 0.011 = 0.429
01/29 04:20:50 AM | === Batch 123/200
01/29 04:20:50 AM | loss = 0.371 + 0.022 + 0.011 = 0.404
01/29 04:20:51 AM | === Batch 124/200
01/29 04:20:51 AM | loss = 0.417 + 0.022 + 0.011 = 0.450
01/29 04:20:51 AM | === Batch 125/200
01/29 04:20:51 AM | loss = 0.342 + 0.016 + 0.011 = 0.369
01/29 04:20:51 AM | === Batch 126/200
01/29 04:20:51 AM | loss = 0.364 + 0.006 + 0.011 = 0.381
01/29 04:20:52 AM | === Batch 127/200
01/29 04:20:52 AM | loss = 0.423 + 0.015 + 0.011 = 0.450
01/29 04:20:52 AM | === Batch 128/200
01/29 04:20:52 AM | loss = 0.360 + 0.005 + 0.011 = 0.376
01/29 04:20:52 AM | === Batch 129/200
01/29 04:20:53 AM | loss = 0.502 + 0.020 + 0.011 = 0.533
01/29 04:20:53 AM | === Batch 130/200
01/29 04:20:53 AM | loss = 0.350 + 0.035 + 0.011 = 0.395
01/29 04:20:53 AM | === Batch 131/200
01/29 04:20:53 AM | loss = 0.415 + 0.041 + 0.011 = 0.468
01/29 04:20:54 AM | === Batch 132/200
01/29 04:20:54 AM | loss = 0.449 + 0.042 + 0.011 = 0.501
01/29 04:20:54 AM | === Batch 133/200
01/29 04:20:54 AM | loss = 0.369 + 0.037 + 0.011 = 0.417
01/29 04:20:54 AM | === Batch 134/200
01/29 04:20:55 AM | loss = 0.379 + 0.026 + 0.011 = 0.416
01/29 04:20:55 AM | === Batch 135/200
01/29 04:20:55 AM | loss = 0.385 + 0.012 + 0.011 = 0.408
01/29 04:20:55 AM | === Batch 136/200
01/29 04:20:55 AM | loss = 0.782 + 0.014 + 0.011 = 0.807
01/29 04:20:56 AM | === Batch 137/200
01/29 04:20:56 AM | loss = 0.298 + 0.014 + 0.011 = 0.322
01/29 04:20:56 AM | === Batch 138/200
01/29 04:20:56 AM | loss = 0.384 + 0.009 + 0.011 = 0.404
01/29 04:20:56 AM | === Batch 139/200
01/29 04:20:57 AM | loss = 0.438 + 0.019 + 0.011 = 0.467
01/29 04:20:57 AM | === Batch 140/200
01/29 04:20:57 AM | loss = 0.374 + 0.023 + 0.010 = 0.408
01/29 04:20:57 AM | === Batch 141/200
01/29 04:20:57 AM | loss = 0.489 + 0.021 + 0.010 = 0.520
01/29 04:20:58 AM | === Batch 142/200
01/29 04:20:58 AM | loss = 0.590 + 0.015 + 0.010 = 0.615
01/29 04:20:58 AM | === Batch 143/200
01/29 04:20:58 AM | loss = 0.449 + 0.006 + 0.010 = 0.465
01/29 04:20:58 AM | === Batch 144/200
01/29 04:20:59 AM | loss = 0.458 + 0.015 + 0.010 = 0.483
01/29 04:20:59 AM | === Batch 145/200
01/29 04:20:59 AM | loss = 0.344 + 0.003 + 0.010 = 0.357
01/29 04:20:59 AM | === Batch 146/200
01/29 04:20:59 AM | loss = 0.569 + 0.020 + 0.010 = 0.599
01/29 04:21:00 AM | === Batch 147/200
01/29 04:21:00 AM | loss = 0.381 + 0.035 + 0.010 = 0.426
01/29 04:21:00 AM | === Batch 148/200
01/29 04:21:00 AM | loss = 0.408 + 0.042 + 0.010 = 0.460
01/29 04:21:00 AM | === Batch 149/200
01/29 04:21:00 AM | loss = 0.380 + 0.045 + 0.010 = 0.436
01/29 04:21:01 AM | === Batch 150/200
01/29 04:21:01 AM | loss = 0.453 + 0.044 + 0.010 = 0.507
01/29 04:21:01 AM | === Batch 151/200
01/29 04:21:01 AM | loss = 0.290 + 0.037 + 0.010 = 0.337
01/29 04:21:01 AM | === Batch 152/200
01/29 04:21:02 AM | loss = 0.469 + 0.024 + 0.010 = 0.503
01/29 04:21:02 AM | === Batch 153/200
01/29 04:21:02 AM | loss = 0.464 + 0.010 + 0.010 = 0.484
01/29 04:21:02 AM | === Batch 154/200
01/29 04:21:02 AM | loss = 0.559 + 0.014 + 0.010 = 0.583
01/29 04:21:03 AM | === Batch 155/200
01/29 04:21:03 AM | loss = 0.416 + 0.011 + 0.010 = 0.436
01/29 04:21:03 AM | === Batch 156/200
01/29 04:21:03 AM | loss = 0.385 + 0.012 + 0.010 = 0.407
01/29 04:21:03 AM | === Batch 157/200
01/29 04:21:04 AM | loss = 0.339 + 0.023 + 0.010 = 0.371
01/29 04:21:04 AM | === Batch 158/200
01/29 04:21:04 AM | loss = 0.373 + 0.028 + 0.010 = 0.410
01/29 04:21:04 AM | === Batch 159/200
01/29 04:21:04 AM | loss = 0.444 + 0.027 + 0.010 = 0.481
01/29 04:21:05 AM | === Batch 160/200
01/29 04:21:05 AM | loss = 0.275 + 0.022 + 0.010 = 0.306
01/29 04:21:05 AM | === Batch 161/200
01/29 04:21:05 AM | loss = 0.357 + 0.013 + 0.010 = 0.380
01/29 04:21:05 AM | === Batch 162/200
01/29 04:21:06 AM | loss = 0.383 + 0.000 + 0.010 = 0.393
01/29 04:21:06 AM | === Batch 163/200
01/29 04:21:06 AM | loss = 0.539 + 0.029 + 0.010 = 0.578
01/29 04:21:06 AM | === Batch 164/200
01/29 04:21:06 AM | loss = 0.406 + 0.022 + 0.010 = 0.438
01/29 04:21:07 AM | === Batch 165/200
01/29 04:21:07 AM | loss = 0.409 + 0.006 + 0.010 = 0.424
01/29 04:21:07 AM | === Batch 166/200
01/29 04:21:07 AM | loss = 0.399 + 0.017 + 0.010 = 0.426
01/29 04:21:07 AM | === Batch 167/200
01/29 04:21:08 AM | loss = 0.417 + 0.023 + 0.010 = 0.449
01/29 04:21:08 AM | === Batch 168/200
01/29 04:21:08 AM | loss = 0.297 + 0.024 + 0.010 = 0.330
01/29 04:21:08 AM | === Batch 169/200
01/29 04:21:08 AM | loss = 0.331 + 0.020 + 0.010 = 0.360
01/29 04:21:09 AM | === Batch 170/200
01/29 04:21:09 AM | loss = 0.511 + 0.013 + 0.010 = 0.534
01/29 04:21:09 AM | === Batch 171/200
01/29 04:21:09 AM | loss = 0.419 + 0.003 + 0.010 = 0.432
01/29 04:21:09 AM | === Batch 172/200
01/29 04:21:09 AM | loss = 0.437 + 0.017 + 0.010 = 0.464
01/29 04:21:10 AM | === Batch 173/200
01/29 04:21:10 AM | loss = 0.325 + 0.007 + 0.010 = 0.342
01/29 04:21:10 AM | === Batch 174/200
01/29 04:21:10 AM | loss = 0.401 + 0.016 + 0.010 = 0.427
01/29 04:21:10 AM | === Batch 175/200
01/29 04:21:11 AM | loss = 0.473 + 0.030 + 0.009 = 0.512
01/29 04:21:11 AM | === Batch 176/200
01/29 04:21:11 AM | loss = 0.326 + 0.036 + 0.009 = 0.372
01/29 04:21:11 AM | === Batch 177/200
01/29 04:21:11 AM | loss = 0.368 + 0.038 + 0.009 = 0.415
01/29 04:21:12 AM | === Batch 178/200
01/29 04:21:12 AM | loss = 0.306 + 0.034 + 0.009 = 0.350
01/29 04:21:12 AM | === Batch 179/200
01/29 04:21:12 AM | loss = 0.381 + 0.027 + 0.009 = 0.417
01/29 04:21:12 AM | === Batch 180/200
01/29 04:21:12 AM | loss = 0.549 + 0.015 + 0.009 = 0.573
01/29 04:21:13 AM | === Batch 181/200
01/29 04:21:13 AM | loss = 0.442 + 0.002 + 0.009 = 0.454
01/29 04:21:13 AM | === Batch 182/200
01/29 04:21:13 AM | loss = 0.524 + 0.001 + 0.009 = 0.535
01/29 04:21:13 AM | === Batch 183/200
01/29 04:21:14 AM | loss = 0.511 + 0.016 + 0.009 = 0.536
01/29 04:21:14 AM | === Batch 184/200
01/29 04:21:14 AM | loss = 0.333 + 0.026 + 0.009 = 0.367
01/29 04:21:14 AM | === Batch 185/200
01/29 04:21:14 AM | loss = 0.304 + 0.031 + 0.009 = 0.344
01/29 04:21:15 AM | === Batch 186/200
01/29 04:21:15 AM | loss = 0.582 + 0.032 + 0.009 = 0.623
01/29 04:21:15 AM | === Batch 187/200
01/29 04:21:15 AM | loss = 0.273 + 0.029 + 0.009 = 0.311
01/29 04:21:15 AM | === Batch 188/200
01/29 04:21:16 AM | loss = 0.433 + 0.021 + 0.009 = 0.463
01/29 04:21:16 AM | === Batch 189/200
01/29 04:21:16 AM | loss = 0.355 + 0.010 + 0.009 = 0.374
01/29 04:21:16 AM | === Batch 190/200
01/29 04:21:16 AM | loss = 0.399 + 0.010 + 0.009 = 0.417
01/29 04:21:17 AM | === Batch 191/200
01/29 04:21:17 AM | loss = 0.324 + 0.011 + 0.009 = 0.344
01/29 04:21:17 AM | === Batch 192/200
01/29 04:21:17 AM | loss = 0.378 + 0.007 + 0.009 = 0.393
01/29 04:21:17 AM | === Batch 193/200
01/29 04:21:17 AM | loss = 0.591 + 0.016 + 0.008 = 0.615
01/29 04:21:18 AM | === Batch 194/200
01/29 04:21:18 AM | loss = 0.423 + 0.021 + 0.008 = 0.452
01/29 04:21:18 AM | === Batch 195/200
01/29 04:21:18 AM | loss = 0.253 + 0.021 + 0.008 = 0.283
01/29 04:21:19 AM | === Batch 196/200
01/29 04:21:19 AM | loss = 0.325 + 0.017 + 0.008 = 0.351
01/29 04:21:19 AM | === Batch 197/200
01/29 04:21:19 AM | loss = 0.302 + 0.009 + 0.008 = 0.319
01/29 04:21:19 AM | === Batch 198/200
01/29 04:21:19 AM | loss = 0.456 + 0.005 + 0.008 = 0.469
01/29 04:21:20 AM | === Batch 199/200
01/29 04:21:20 AM | loss = 0.515 + 0.003 + 0.008 = 0.527
01/29 04:21:20 AM | === Batch 200/200
01/29 04:21:20 AM | loss = 0.435 + 0.005 + 0.008 = 0.448
01/29 04:21:20 AM | attribution_score[0:12]: 
[ 1.00  1.00  0.02  0.00  0.00  0.97  0.00  0.00  0.00  0.97  0.00  1.00 ]
[ 1.00  0.01  0.98  0.00  0.98  0.96  1.00  0.00  0.99  1.00  1.00  0.10 ]
[ 1.00  0.55  0.00  1.00  0.00  1.00  0.02  0.94  0.00  0.00  0.00  1.00 ]
[ 0.00  0.02  1.00  1.00  0.54  0.99  0.97  0.99  0.16  0.04  0.99  0.97 ]
[ 0.90  0.78  1.00  0.99  0.99  0.98  0.03  0.02  1.00  0.99  0.97  0.99 ]
[ 0.99  0.99  0.01  0.00  0.04  0.05  0.31  0.01  0.43  0.08  0.00  0.99 ]
[ 0.96  0.09  0.01  0.99  1.00  0.01  0.01  0.03  0.99  0.99  1.00  0.03 ]
[ 0.00  0.00  0.00  0.00  0.01  1.00  1.00  0.00  1.00  0.00  0.06  0.02 ]
[ 0.99  1.00  0.00  0.99  0.99  0.00  0.00  0.05  0.99  0.00  1.00  1.00 ]
[ 0.98  0.00  0.00  0.00  1.00  0.95  0.00  0.00  1.00  0.00  0.04  0.05 ]
[ 0.00  1.00  1.00  0.01  0.97  1.00  0.99  1.00  1.00  0.98  1.00  0.99 ]
[ 1.00  1.00  0.99  1.00  1.00  1.00  1.00  1.00  0.01  1.00  1.00  1.00 ]
[ 1.00  1.00  1.00  1.00  1.00  1.00  1.00  1.00  1.00  1.00  1.00  0.00 ]

01/29 04:21:21 AM | ===
Best loss was 0.28 at iteration 195

01/29 04:21:21 AM | Looking for optimal threshold...
01/29 04:21:21 AM | Testing threshold 0.5
01/29 04:21:21 AM | Distance to target: 677,416
01/29 04:21:21 AM | Testing threshold 0.75
01/29 04:21:21 AM | Distance to target: 2,066,264
01/29 04:21:21 AM | Testing threshold 0.625
01/29 04:21:21 AM | Distance to target: 139,496
01/29 04:21:21 AM | Testing threshold 0.6875
01/29 04:21:21 AM | Distance to target: 525,080
01/29 04:21:21 AM | Testing threshold 0.65625
01/29 04:21:21 AM | Distance to target: 192,792
01/29 04:21:21 AM | Testing threshold 0.640625
01/29 04:21:21 AM | Distance to target: 139,496
01/29 04:21:21 AM | Testing threshold 0.6484375
01/29 04:21:21 AM | Distance to target: 192,792
01/29 04:21:21 AM | Testing threshold 0.64453125
01/29 04:21:21 AM | Distance to target: 139,496
01/29 04:21:21 AM | Testing threshold 0.646484375
01/29 04:21:21 AM | Distance to target: 139,496
01/29 04:21:21 AM | Testing threshold 0.6474609375
01/29 04:21:21 AM | Distance to target: 192,792
01/29 04:21:21 AM | Testing threshold 0.64697265625
01/29 04:21:21 AM | Distance to target: 192,792
01/29 04:21:21 AM | Testing threshold 0.646728515625
01/29 04:21:21 AM | Distance to target: 139,496
01/29 04:21:21 AM | Testing threshold 0.6468505859375
01/29 04:21:21 AM | Distance to target: 139,496
01/29 04:21:21 AM | Testing threshold 0.64691162109375
01/29 04:21:21 AM | Distance to target: 139,496
01/29 04:21:21 AM | Testing threshold 0.646942138671875
01/29 04:21:21 AM | Distance to target: 139,496
01/29 04:21:21 AM | Testing threshold 0.6469573974609375
01/29 04:21:21 AM | Distance to target: 139,496
01/29 04:21:21 AM | Testing threshold 0.6469650268554688
01/29 04:21:21 AM | Distance to target: 139,496
01/29 04:21:21 AM | Testing threshold 0.6469688415527344
01/29 04:21:21 AM | Distance to target: 139,496
01/29 04:21:21 AM | Testing threshold 0.6469707489013672
01/29 04:21:21 AM | Distance to target: 139,496
01/29 04:21:21 AM | Testing threshold 0.6469717025756836
01/29 04:21:21 AM | Distance to target: 192,792
01/29 04:21:21 AM | Testing threshold 0.6469712257385254
01/29 04:21:21 AM | Distance to target: 192,792
01/29 04:21:21 AM | Testing threshold 0.6469709873199463
01/29 04:21:21 AM | Distance to target: 192,792
01/29 04:21:21 AM | Testing threshold 0.6469708681106567
01/29 04:21:21 AM | Distance to target: 192,792
01/29 04:21:21 AM | Testing threshold 0.646970808506012
01/29 04:21:21 AM | Distance to target: 192,792
01/29 04:21:21 AM | Testing threshold 0.6469707787036896
01/29 04:21:21 AM | Distance to target: 139,496
01/29 04:21:21 AM | Testing threshold 0.6469707936048508
01/29 04:21:21 AM | Distance to target: 139,496
01/29 04:21:21 AM | Testing threshold 0.6469708010554314
01/29 04:21:21 AM | Distance to target: 139,496
01/29 04:21:21 AM | Testing threshold 0.6469708047807217
01/29 04:21:21 AM | Distance to target: 139,496
01/29 04:21:21 AM | Testing threshold 0.6469708066433668
01/29 04:21:21 AM | Distance to target: 139,496
01/29 04:21:21 AM | Testing threshold 0.6469708075746894
01/29 04:21:21 AM | Distance to target: 139,496
01/29 04:21:21 AM | Testing threshold 0.6469708080403507
01/29 04:21:21 AM | Distance to target: 139,496
01/29 04:21:21 AM | Testing threshold 0.6469708082731813
01/29 04:21:21 AM | Distance to target: 139,496
01/29 04:21:21 AM | Testing threshold 0.6469708083895966
01/29 04:21:21 AM | Distance to target: 139,496
01/29 04:21:21 AM | Testing threshold 0.6469708084478043
01/29 04:21:21 AM | Distance to target: 139,496
01/29 04:21:21 AM | Testing threshold 0.6469708084769081
01/29 04:21:21 AM | Distance to target: 139,496
01/29 04:21:21 AM | Testing threshold 0.64697080849146
01/29 04:21:21 AM | Distance to target: 139,496
01/29 04:21:21 AM | Testing threshold 0.646970808498736
01/29 04:21:21 AM | Distance to target: 139,496
01/29 04:21:21 AM | Testing threshold 0.646970808502374
01/29 04:21:21 AM | Distance to target: 139,496
01/29 04:21:21 AM | Testing threshold 0.646970808504193
01/29 04:21:21 AM | Distance to target: 139,496
01/29 04:21:21 AM | Testing threshold 0.6469708085051025
01/29 04:21:21 AM | Distance to target: 139,496
01/29 04:21:21 AM | Testing threshold 0.6469708085055572
01/29 04:21:21 AM | Distance to target: 139,496
01/29 04:21:21 AM | Testing threshold 0.6469708085057846
01/29 04:21:21 AM | Distance to target: 139,496
01/29 04:21:21 AM | Testing threshold 0.6469708085058983
01/29 04:21:21 AM | Distance to target: 139,496
01/29 04:21:21 AM | Testing threshold 0.6469708085059551
01/29 04:21:21 AM | Distance to target: 139,496
01/29 04:21:21 AM | Testing threshold 0.6469708085059835
01/29 04:21:21 AM | Distance to target: 139,496
01/29 04:21:21 AM | Testing threshold 0.6469708085059978
01/29 04:21:21 AM | Distance to target: 139,496
01/29 04:21:21 AM | Testing threshold 0.6469708085060049
01/29 04:21:21 AM | Distance to target: 139,496
01/29 04:21:21 AM | Testing threshold 0.6469708085060084
01/29 04:21:21 AM | Distance to target: 139,496
01/29 04:21:21 AM | Testing threshold 0.6469708085060102
01/29 04:21:21 AM | Distance to target: 139,496
01/29 04:21:21 AM | Testing threshold 0.6469708085060111
01/29 04:21:21 AM | Distance to target: 139,496
01/29 04:21:22 AM | attribution_score[0:12]: 
[ 1.00  1.00  0.00  0.00  0.00  1.00  0.00  0.00  0.00  1.00  0.00  1.00 ]
[ 1.00  0.00  1.00  0.00  1.00  1.00  1.00  0.00  1.00  1.00  1.00  0.00 ]
[ 1.00  0.00  0.00  1.00  0.00  1.00  0.00  1.00  0.00  0.00  0.00  1.00 ]
[ 0.00  0.00  1.00  1.00  0.00  1.00  1.00  1.00  0.00  0.00  1.00  1.00 ]
[ 1.00  1.00  1.00  1.00  1.00  1.00  0.00  0.00  1.00  1.00  1.00  1.00 ]
[ 1.00  1.00  0.00  0.00  0.00  0.00  0.00  0.00  0.00  0.00  0.00  1.00 ]
[ 1.00  0.00  0.00  1.00  1.00  0.00  0.00  0.00  1.00  1.00  1.00  0.00 ]
[ 0.00  0.00  0.00  0.00  0.00  1.00  1.00  0.00  1.00  0.00  0.00  0.00 ]
[ 1.00  1.00  0.00  1.00  1.00  0.00  0.00  0.00  1.00  0.00  1.00  1.00 ]
[ 1.00  0.00  0.00  0.00  1.00  1.00  0.00  0.00  1.00  0.00  0.00  0.00 ]
[ 0.00  1.00  1.00  0.00  1.00  1.00  1.00  1.00  1.00  1.00  1.00  1.00 ]
[ 1.00  1.00  1.00  1.00  1.00  1.00  1.00  1.00  0.00  1.00  1.00  1.00 ]
[ 1.00  1.00  1.00  1.00  1.00  1.00  1.00  1.00  1.00  1.00  1.00  0.00 ]

01/29 04:21:23 AM | VGG(
  (features): Sequential(
    (conv0): Conv2d(3, 26, kernel_size=(3, 3), stride=(1, 1), padding=(1, 1))
    (norm0): BatchNorm2d(26, eps=1e-05, momentum=0.1, affine=True, track_running_stats=True)
    (relu0): ReLU(inplace=True)
    (conv1): Conv2d(26, 49, kernel_size=(3, 3), stride=(1, 1), padding=(1, 1))
    (norm1): BatchNorm2d(49, eps=1e-05, momentum=0.1, affine=True, track_running_stats=True)
    (relu1): ReLU(inplace=True)
    (pool2): MaxPool2d(kernel_size=2, stride=2, padding=0, dilation=1, ceil_mode=False)
    (conv3): Conv2d(49, 77, kernel_size=(3, 3), stride=(1, 1), padding=(1, 1))
    (norm3): BatchNorm2d(77, eps=1e-05, momentum=0.1, affine=True, track_running_stats=True)
    (relu3): ReLU(inplace=True)
    (conv4): Conv2d(77, 95, kernel_size=(3, 3), stride=(1, 1), padding=(1, 1))
    (norm4): BatchNorm2d(95, eps=1e-05, momentum=0.1, affine=True, track_running_stats=True)
    (relu4): ReLU(inplace=True)
    (pool5): MaxPool2d(kernel_size=2, stride=2, padding=0, dilation=1, ceil_mode=False)
    (conv6): Conv2d(95, 162, kernel_size=(3, 3), stride=(1, 1), padding=(1, 1))
    (norm6): BatchNorm2d(162, eps=1e-05, momentum=0.1, affine=True, track_running_stats=True)
    (relu6): ReLU(inplace=True)
    (conv7): Conv2d(162, 135, kernel_size=(3, 3), stride=(1, 1), padding=(1, 1))
    (norm7): BatchNorm2d(135, eps=1e-05, momentum=0.1, affine=True, track_running_stats=True)
    (relu7): ReLU(inplace=True)
    (conv8): Conv2d(135, 154, kernel_size=(3, 3), stride=(1, 1), padding=(1, 1))
    (norm8): BatchNorm2d(154, eps=1e-05, momentum=0.1, affine=True, track_running_stats=True)
    (relu8): ReLU(inplace=True)
    (pool9): MaxPool2d(kernel_size=2, stride=2, padding=0, dilation=1, ceil_mode=False)
    (conv10): Conv2d(154, 228, kernel_size=(3, 3), stride=(1, 1), padding=(1, 1))
    (norm10): BatchNorm2d(228, eps=1e-05, momentum=0.1, affine=True, track_running_stats=True)
    (relu10): ReLU(inplace=True)
    (conv11): Conv2d(228, 181, kernel_size=(3, 3), stride=(1, 1), padding=(1, 1))
    (norm11): BatchNorm2d(181, eps=1e-05, momentum=0.1, affine=True, track_running_stats=True)
    (relu11): ReLU(inplace=True)
    (conv12): Conv2d(181, 256, kernel_size=(3, 3), stride=(1, 1), padding=(1, 1))
    (norm12): BatchNorm2d(256, eps=1e-05, momentum=0.1, affine=True, track_running_stats=True)
    (relu12): ReLU(inplace=True)
    (pool13): MaxPool2d(kernel_size=2, stride=2, padding=0, dilation=1, ceil_mode=False)
    (conv14): Conv2d(256, 397, kernel_size=(3, 3), stride=(1, 1), padding=(1, 1))
    (norm14): BatchNorm2d(397, eps=1e-05, momentum=0.1, affine=True, track_running_stats=True)
    (relu14): ReLU(inplace=True)
    (conv15): Conv2d(397, 463, kernel_size=(3, 3), stride=(1, 1), padding=(1, 1))
    (norm15): BatchNorm2d(463, eps=1e-05, momentum=0.1, affine=True, track_running_stats=True)
    (relu15): ReLU(inplace=True)
    (conv16): Conv2d(463, 509, kernel_size=(3, 3), stride=(1, 1), padding=(1, 1))
    (norm16): BatchNorm2d(509, eps=1e-05, momentum=0.1, affine=True, track_running_stats=True)
    (relu16): ReLU(inplace=True)
  )
  (classifier): Sequential(
    (linear1): Linear(in_features=509, out_features=512, bias=True)
    (norm1): BatchNorm1d(512, eps=1e-05, momentum=0.1, affine=True, track_running_stats=True)
    (relu1): ReLU(inplace=True)
    (linear2): Linear(in_features=512, out_features=10, bias=True)
  )
)
01/29 04:21:24 AM | ----------------------------------------
01/29 04:21:24 AM | Performances input model:
01/29 04:21:24 AM |  - flops: 314,294,272
01/29 04:21:24 AM |  - params: 14,991,946
01/29 04:21:24 AM |  - accuracy: 93.95999908447266
01/29 04:21:24 AM | ----------------------------------------
01/29 04:21:24 AM | Performances pseudo-pruned model:
01/29 04:21:24 AM |  - flops: 314,294,272
01/29 04:21:24 AM |  - params: 14,991,946
01/29 04:21:24 AM |  - accuracy: 82.72999572753906
01/29 04:21:24 AM | ----------------------------------------
01/29 04:21:24 AM | Performances pruned model:
01/29 04:21:24 AM |  - flops: 108,638,836
01/29 04:21:24 AM |  - params: 6,704,314
01/29 04:21:24 AM |  - accuracy: 82.72999572753906
01/29 04:21:24 AM | ----------------------------------------
01/29 04:21:24 AM | Total time: 90.37s
