01/29 03:32:10 AM | args = Namespace(output_dir='result/rebuttal/nb_epoch/vgg/nbbtchs150/seed_01', loaded_model_path='./checkpoints/cifar10/vgg_16_bn.pt', resume=False, test_only=False, mode='prune', batch_size=64, nb_batches=150, Mflops_target=None, lr=0.6, momentum=0.9, beta=6, gamma=0.4, gpu='0', num_workers=4, dataset='cifar10', arch='vgg_16_bn', save_plot=False, seed=1, lr_finetuning=0.02, epoch_finetuning=200, wd=0.002, data_dir='./data/cifar10/', print_freq=200, num_classes=10, device_ids=[0], device=device(type='cuda', index=0), name_base='')
01/29 03:32:15 AM | ----------------------------------------
01/29 03:32:15 AM | ==> Building model...
01/29 03:32:15 AM | ----------------------------------------
01/29 03:32:15 AM | ==> Loading weights into the model...
01/29 03:32:15 AM | ----------------------------------------
01/29 03:32:15 AM | VGG(
  (features): Sequential(
    (conv0): Conv2d(3, 64, kernel_size=(3, 3), stride=(1, 1), padding=(1, 1))
    (norm0): BatchNorm2d(64, eps=1e-05, momentum=0.1, affine=True, track_running_stats=True)
    (relu0): ReLU(inplace=True)
    (conv1): Conv2d(64, 64, kernel_size=(3, 3), stride=(1, 1), padding=(1, 1))
    (norm1): BatchNorm2d(64, eps=1e-05, momentum=0.1, affine=True, track_running_stats=True)
    (relu1): ReLU(inplace=True)
    (pool2): MaxPool2d(kernel_size=2, stride=2, padding=0, dilation=1, ceil_mode=False)
    (conv3): Conv2d(64, 128, kernel_size=(3, 3), stride=(1, 1), padding=(1, 1))
    (norm3): BatchNorm2d(128, eps=1e-05, momentum=0.1, affine=True, track_running_stats=True)
    (relu3): ReLU(inplace=True)
    (conv4): Conv2d(128, 128, kernel_size=(3, 3), stride=(1, 1), padding=(1, 1))
    (norm4): BatchNorm2d(128, eps=1e-05, momentum=0.1, affine=True, track_running_stats=True)
    (relu4): ReLU(inplace=True)
    (pool5): MaxPool2d(kernel_size=2, stride=2, padding=0, dilation=1, ceil_mode=False)
    (conv6): Conv2d(128, 256, kernel_size=(3, 3), stride=(1, 1), padding=(1, 1))
    (norm6): BatchNorm2d(256, eps=1e-05, momentum=0.1, affine=True, track_running_stats=True)
    (relu6): ReLU(inplace=True)
    (conv7): Conv2d(256, 256, kernel_size=(3, 3), stride=(1, 1), padding=(1, 1))
    (norm7): BatchNorm2d(256, eps=1e-05, momentum=0.1, affine=True, track_running_stats=True)
    (relu7): ReLU(inplace=True)
    (conv8): Conv2d(256, 256, kernel_size=(3, 3), stride=(1, 1), padding=(1, 1))
    (norm8): BatchNorm2d(256, eps=1e-05, momentum=0.1, affine=True, track_running_stats=True)
    (relu8): ReLU(inplace=True)
    (pool9): MaxPool2d(kernel_size=2, stride=2, padding=0, dilation=1, ceil_mode=False)
    (conv10): Conv2d(256, 512, kernel_size=(3, 3), stride=(1, 1), padding=(1, 1))
    (norm10): BatchNorm2d(512, eps=1e-05, momentum=0.1, affine=True, track_running_stats=True)
    (relu10): ReLU(inplace=True)
    (conv11): Conv2d(512, 512, kernel_size=(3, 3), stride=(1, 1), padding=(1, 1))
    (norm11): BatchNorm2d(512, eps=1e-05, momentum=0.1, affine=True, track_running_stats=True)
    (relu11): ReLU(inplace=True)
    (conv12): Conv2d(512, 512, kernel_size=(3, 3), stride=(1, 1), padding=(1, 1))
    (norm12): BatchNorm2d(512, eps=1e-05, momentum=0.1, affine=True, track_running_stats=True)
    (relu12): ReLU(inplace=True)
    (pool13): MaxPool2d(kernel_size=2, stride=2, padding=0, dilation=1, ceil_mode=False)
    (conv14): Conv2d(512, 512, kernel_size=(3, 3), stride=(1, 1), padding=(1, 1))
    (norm14): BatchNorm2d(512, eps=1e-05, momentum=0.1, affine=True, track_running_stats=True)
    (relu14): ReLU(inplace=True)
    (conv15): Conv2d(512, 512, kernel_size=(3, 3), stride=(1, 1), padding=(1, 1))
    (norm15): BatchNorm2d(512, eps=1e-05, momentum=0.1, affine=True, track_running_stats=True)
    (relu15): ReLU(inplace=True)
    (conv16): Conv2d(512, 512, kernel_size=(3, 3), stride=(1, 1), padding=(1, 1))
    (norm16): BatchNorm2d(512, eps=1e-05, momentum=0.1, affine=True, track_running_stats=True)
    (relu16): ReLU(inplace=True)
  )
  (classifier): Sequential(
    (linear1): Linear(in_features=512, out_features=512, bias=True)
    (norm1): BatchNorm1d(512, eps=1e-05, momentum=0.1, affine=True, track_running_stats=True)
    (relu1): ReLU(inplace=True)
    (linear2): Linear(in_features=512, out_features=10, bias=True)
  )
)
01/29 03:32:17 AM | Save modules info...
01/29 03:32:17 AM | FLOPS pruning ratio is 0.65
01/29 03:32:17 AM | Pruning with information flow
01/29 03:32:17 AM | -----
01/29 03:32:17 AM | module: Conv2d(3, 64, kernel_size=(3, 3), stride=(1, 1), padding=(1, 1))
01/29 03:32:17 AM | cin: None
01/29 03:32:17 AM | cout: [0]
01/29 03:32:17 AM | inactive
01/29 03:32:17 AM | -----
01/29 03:32:17 AM | module: BatchNorm2d(64, eps=1e-05, momentum=0.1, affine=True, track_running_stats=True)
01/29 03:32:17 AM | cin: [0]
01/29 03:32:17 AM | cout: [0]
01/29 03:32:17 AM | inactive
01/29 03:32:17 AM | -----
01/29 03:32:17 AM | module: ReLU(inplace=True)
01/29 03:32:17 AM | cin: [0]
01/29 03:32:17 AM | cout: [0]
01/29 03:32:17 AM | active
01/29 03:32:17 AM | -----
01/29 03:32:17 AM | module: Conv2d(64, 64, kernel_size=(3, 3), stride=(1, 1), padding=(1, 1))
01/29 03:32:17 AM | cin: [0]
01/29 03:32:17 AM | cout: [1]
01/29 03:32:17 AM | inactive
01/29 03:32:17 AM | -----
01/29 03:32:17 AM | module: BatchNorm2d(64, eps=1e-05, momentum=0.1, affine=True, track_running_stats=True)
01/29 03:32:17 AM | cin: [1]
01/29 03:32:17 AM | cout: [1]
01/29 03:32:17 AM | inactive
01/29 03:32:17 AM | -----
01/29 03:32:17 AM | module: ReLU(inplace=True)
01/29 03:32:17 AM | cin: [1]
01/29 03:32:17 AM | cout: [1]
01/29 03:32:17 AM | active
01/29 03:32:17 AM | -----
01/29 03:32:17 AM | module: MaxPool2d(kernel_size=2, stride=2, padding=0, dilation=1, ceil_mode=False)
01/29 03:32:17 AM | cin: [1]
01/29 03:32:17 AM | cout: [1]
01/29 03:32:17 AM | inactive
01/29 03:32:17 AM | -----
01/29 03:32:17 AM | module: Conv2d(64, 128, kernel_size=(3, 3), stride=(1, 1), padding=(1, 1))
01/29 03:32:17 AM | cin: [1]
01/29 03:32:17 AM | cout: [2]
01/29 03:32:17 AM | inactive
01/29 03:32:17 AM | -----
01/29 03:32:17 AM | module: BatchNorm2d(128, eps=1e-05, momentum=0.1, affine=True, track_running_stats=True)
01/29 03:32:17 AM | cin: [2]
01/29 03:32:17 AM | cout: [2]
01/29 03:32:17 AM | inactive
01/29 03:32:17 AM | -----
01/29 03:32:17 AM | module: ReLU(inplace=True)
01/29 03:32:17 AM | cin: [2]
01/29 03:32:17 AM | cout: [2]
01/29 03:32:17 AM | active
01/29 03:32:17 AM | -----
01/29 03:32:17 AM | module: Conv2d(128, 128, kernel_size=(3, 3), stride=(1, 1), padding=(1, 1))
01/29 03:32:17 AM | cin: [2]
01/29 03:32:17 AM | cout: [3]
01/29 03:32:17 AM | inactive
01/29 03:32:17 AM | -----
01/29 03:32:17 AM | module: BatchNorm2d(128, eps=1e-05, momentum=0.1, affine=True, track_running_stats=True)
01/29 03:32:17 AM | cin: [3]
01/29 03:32:17 AM | cout: [3]
01/29 03:32:17 AM | inactive
01/29 03:32:17 AM | -----
01/29 03:32:17 AM | module: ReLU(inplace=True)
01/29 03:32:17 AM | cin: [3]
01/29 03:32:17 AM | cout: [3]
01/29 03:32:17 AM | active
01/29 03:32:17 AM | -----
01/29 03:32:17 AM | module: MaxPool2d(kernel_size=2, stride=2, padding=0, dilation=1, ceil_mode=False)
01/29 03:32:17 AM | cin: [3]
01/29 03:32:17 AM | cout: [3]
01/29 03:32:17 AM | inactive
01/29 03:32:17 AM | -----
01/29 03:32:17 AM | module: Conv2d(128, 256, kernel_size=(3, 3), stride=(1, 1), padding=(1, 1))
01/29 03:32:17 AM | cin: [3]
01/29 03:32:17 AM | cout: [4]
01/29 03:32:17 AM | inactive
01/29 03:32:17 AM | -----
01/29 03:32:17 AM | module: BatchNorm2d(256, eps=1e-05, momentum=0.1, affine=True, track_running_stats=True)
01/29 03:32:17 AM | cin: [4]
01/29 03:32:17 AM | cout: [4]
01/29 03:32:17 AM | inactive
01/29 03:32:17 AM | -----
01/29 03:32:17 AM | module: ReLU(inplace=True)
01/29 03:32:17 AM | cin: [4]
01/29 03:32:17 AM | cout: [4]
01/29 03:32:17 AM | active
01/29 03:32:17 AM | -----
01/29 03:32:17 AM | module: Conv2d(256, 256, kernel_size=(3, 3), stride=(1, 1), padding=(1, 1))
01/29 03:32:17 AM | cin: [4]
01/29 03:32:17 AM | cout: [5]
01/29 03:32:17 AM | inactive
01/29 03:32:17 AM | -----
01/29 03:32:17 AM | module: BatchNorm2d(256, eps=1e-05, momentum=0.1, affine=True, track_running_stats=True)
01/29 03:32:17 AM | cin: [5]
01/29 03:32:17 AM | cout: [5]
01/29 03:32:17 AM | inactive
01/29 03:32:17 AM | -----
01/29 03:32:17 AM | module: ReLU(inplace=True)
01/29 03:32:17 AM | cin: [5]
01/29 03:32:17 AM | cout: [5]
01/29 03:32:17 AM | active
01/29 03:32:17 AM | -----
01/29 03:32:17 AM | module: Conv2d(256, 256, kernel_size=(3, 3), stride=(1, 1), padding=(1, 1))
01/29 03:32:17 AM | cin: [5]
01/29 03:32:17 AM | cout: [6]
01/29 03:32:17 AM | inactive
01/29 03:32:17 AM | -----
01/29 03:32:17 AM | module: BatchNorm2d(256, eps=1e-05, momentum=0.1, affine=True, track_running_stats=True)
01/29 03:32:17 AM | cin: [6]
01/29 03:32:17 AM | cout: [6]
01/29 03:32:17 AM | inactive
01/29 03:32:17 AM | -----
01/29 03:32:17 AM | module: ReLU(inplace=True)
01/29 03:32:17 AM | cin: [6]
01/29 03:32:17 AM | cout: [6]
01/29 03:32:17 AM | active
01/29 03:32:17 AM | -----
01/29 03:32:17 AM | module: MaxPool2d(kernel_size=2, stride=2, padding=0, dilation=1, ceil_mode=False)
01/29 03:32:17 AM | cin: [6]
01/29 03:32:17 AM | cout: [6]
01/29 03:32:17 AM | inactive
01/29 03:32:17 AM | -----
01/29 03:32:17 AM | module: Conv2d(256, 512, kernel_size=(3, 3), stride=(1, 1), padding=(1, 1))
01/29 03:32:17 AM | cin: [6]
01/29 03:32:17 AM | cout: [7]
01/29 03:32:17 AM | inactive
01/29 03:32:17 AM | -----
01/29 03:32:17 AM | module: BatchNorm2d(512, eps=1e-05, momentum=0.1, affine=True, track_running_stats=True)
01/29 03:32:17 AM | cin: [7]
01/29 03:32:17 AM | cout: [7]
01/29 03:32:17 AM | inactive
01/29 03:32:17 AM | -----
01/29 03:32:17 AM | module: ReLU(inplace=True)
01/29 03:32:17 AM | cin: [7]
01/29 03:32:17 AM | cout: [7]
01/29 03:32:17 AM | active
01/29 03:32:17 AM | -----
01/29 03:32:17 AM | module: Conv2d(512, 512, kernel_size=(3, 3), stride=(1, 1), padding=(1, 1))
01/29 03:32:17 AM | cin: [7]
01/29 03:32:17 AM | cout: [8]
01/29 03:32:17 AM | inactive
01/29 03:32:17 AM | -----
01/29 03:32:17 AM | module: BatchNorm2d(512, eps=1e-05, momentum=0.1, affine=True, track_running_stats=True)
01/29 03:32:17 AM | cin: [8]
01/29 03:32:17 AM | cout: [8]
01/29 03:32:17 AM | inactive
01/29 03:32:17 AM | -----
01/29 03:32:17 AM | module: ReLU(inplace=True)
01/29 03:32:17 AM | cin: [8]
01/29 03:32:17 AM | cout: [8]
01/29 03:32:17 AM | active
01/29 03:32:17 AM | -----
01/29 03:32:17 AM | module: Conv2d(512, 512, kernel_size=(3, 3), stride=(1, 1), padding=(1, 1))
01/29 03:32:17 AM | cin: [8]
01/29 03:32:17 AM | cout: [9]
01/29 03:32:17 AM | inactive
01/29 03:32:17 AM | -----
01/29 03:32:17 AM | module: BatchNorm2d(512, eps=1e-05, momentum=0.1, affine=True, track_running_stats=True)
01/29 03:32:17 AM | cin: [9]
01/29 03:32:17 AM | cout: [9]
01/29 03:32:17 AM | inactive
01/29 03:32:17 AM | -----
01/29 03:32:17 AM | module: ReLU(inplace=True)
01/29 03:32:17 AM | cin: [9]
01/29 03:32:17 AM | cout: [9]
01/29 03:32:17 AM | active
01/29 03:32:17 AM | -----
01/29 03:32:17 AM | module: MaxPool2d(kernel_size=2, stride=2, padding=0, dilation=1, ceil_mode=False)
01/29 03:32:17 AM | cin: [9]
01/29 03:32:17 AM | cout: [9]
01/29 03:32:17 AM | inactive
01/29 03:32:17 AM | -----
01/29 03:32:17 AM | module: Conv2d(512, 512, kernel_size=(3, 3), stride=(1, 1), padding=(1, 1))
01/29 03:32:17 AM | cin: [9]
01/29 03:32:17 AM | cout: [10]
01/29 03:32:17 AM | inactive
01/29 03:32:17 AM | -----
01/29 03:32:17 AM | module: BatchNorm2d(512, eps=1e-05, momentum=0.1, affine=True, track_running_stats=True)
01/29 03:32:17 AM | cin: [10]
01/29 03:32:17 AM | cout: [10]
01/29 03:32:17 AM | inactive
01/29 03:32:17 AM | -----
01/29 03:32:17 AM | module: ReLU(inplace=True)
01/29 03:32:17 AM | cin: [10]
01/29 03:32:17 AM | cout: [10]
01/29 03:32:17 AM | active
01/29 03:32:17 AM | -----
01/29 03:32:17 AM | module: Conv2d(512, 512, kernel_size=(3, 3), stride=(1, 1), padding=(1, 1))
01/29 03:32:17 AM | cin: [10]
01/29 03:32:17 AM | cout: [11]
01/29 03:32:17 AM | inactive
01/29 03:32:17 AM | -----
01/29 03:32:17 AM | module: BatchNorm2d(512, eps=1e-05, momentum=0.1, affine=True, track_running_stats=True)
01/29 03:32:17 AM | cin: [11]
01/29 03:32:17 AM | cout: [11]
01/29 03:32:17 AM | inactive
01/29 03:32:17 AM | -----
01/29 03:32:17 AM | module: ReLU(inplace=True)
01/29 03:32:17 AM | cin: [11]
01/29 03:32:17 AM | cout: [11]
01/29 03:32:17 AM | active
01/29 03:32:17 AM | -----
01/29 03:32:17 AM | module: Conv2d(512, 512, kernel_size=(3, 3), stride=(1, 1), padding=(1, 1))
01/29 03:32:17 AM | cin: [11]
01/29 03:32:17 AM | cout: [12]
01/29 03:32:17 AM | inactive
01/29 03:32:17 AM | -----
01/29 03:32:17 AM | module: BatchNorm2d(512, eps=1e-05, momentum=0.1, affine=True, track_running_stats=True)
01/29 03:32:17 AM | cin: [12]
01/29 03:32:17 AM | cout: [12]
01/29 03:32:17 AM | inactive
01/29 03:32:17 AM | -----
01/29 03:32:17 AM | module: ReLU(inplace=True)
01/29 03:32:17 AM | cin: [12]
01/29 03:32:17 AM | cout: [12]
01/29 03:32:17 AM | active
01/29 03:32:17 AM | -----
01/29 03:32:17 AM | module: Linear(in_features=512, out_features=512, bias=True)
01/29 03:32:17 AM | cin: [12]
01/29 03:32:17 AM | cout: None
01/29 03:32:17 AM | inactive
01/29 03:32:17 AM | -----
01/29 03:32:17 AM | module: ReLU(inplace=True)
01/29 03:32:17 AM | cin: None
01/29 03:32:17 AM | cout: None
01/29 03:32:17 AM | active
01/29 03:32:17 AM | -----
01/29 03:32:17 AM | module: Linear(in_features=512, out_features=10, bias=True)
01/29 03:32:17 AM | cin: None
01/29 03:32:17 AM | cout: None
01/29 03:32:17 AM | inactive
01/29 03:32:17 AM | Used masks: [0, 1, 2, 3, 4, 5, 6, 7, 8, 9, 10, 11, 12]
01/29 03:32:17 AM | 13 unique masks in total
01/29 03:32:17 AM | === Batch 1/150
01/29 03:32:17 AM | loss = 0.121 + 4.266 + 0.040 = 4.427
01/29 03:32:18 AM | attribution_score[0:12]: 
[ 0.94  0.94  0.83  0.83  0.83  0.83  0.83  0.83  0.83  0.94  0.83  0.83 ]
[ 0.83  0.83  0.94  0.83  0.94  0.83  0.83  0.83  0.83  0.94  0.83  0.83 ]
[ 0.83  0.94  0.83  0.83  0.83  0.83  0.83  0.94  0.83  0.83  0.83  0.94 ]
[ 0.83  0.83  0.83  0.83  0.83  0.83  0.83  0.83  0.94  0.83  0.83  0.94 ]
[ 0.83  0.83  0.94  0.83  0.83  0.83  0.94  0.83  0.94  0.94  0.83  0.83 ]
[ 0.83  0.83  0.94  0.83  0.83  0.83  0.83  0.83  0.83  0.83  0.83  0.83 ]
[ 0.83  0.83  0.83  0.83  0.94  0.83  0.83  0.83  0.83  0.94  0.83  0.83 ]
[ 0.83  0.83  0.83  0.83  0.83  0.83  0.83  0.83  0.83  0.83  0.83  0.83 ]
[ 0.83  0.83  0.83  0.83  0.83  0.83  0.83  0.83  0.83  0.83  0.83  0.83 ]
[ 0.83  0.83  0.83  0.83  0.83  0.83  0.83  0.83  0.83  0.83  0.83  0.83 ]
[ 0.83  0.83  0.83  0.83  0.83  0.83  0.83  0.83  0.83  0.83  0.94  0.83 ]
[ 0.83  0.83  0.83  0.83  0.83  0.83  0.83  0.94  0.83  0.83  0.83  0.83 ]
[ 0.94  0.94  0.94  0.83  0.94  0.94  0.83  0.94  0.83  0.94  0.94  0.83 ]

01/29 03:32:18 AM | === Batch 2/150
01/29 03:32:18 AM | loss = 0.130 + 3.498 + 0.058 = 3.685
01/29 03:32:18 AM | attribution_score[0:12]: 
[ 0.96  0.97  0.73  0.73  0.73  0.74  0.74  0.73  0.73  0.91  0.73  0.86 ]
[ 0.87  0.73  0.92  0.73  0.97  0.75  0.86  0.73  0.73  0.94  0.73  0.73 ]
[ 0.88  0.96  0.73  0.87  0.73  0.86  0.84  0.95  0.75  0.74  0.74  0.97 ]
[ 0.75  0.74  0.75  0.84  0.73  0.76  0.76  0.73  0.96  0.73  0.78  0.96 ]
[ 0.73  0.73  0.96  0.73  0.74  0.73  0.93  0.77  0.95  0.92  0.74  0.74 ]
[ 0.75  0.73  0.92  0.74  0.73  0.74  0.74  0.76  0.73  0.73  0.73  0.74 ]
[ 0.79  0.74  0.75  0.73  0.96  0.73  0.73  0.73  0.74  0.95  0.73  0.73 ]
[ 0.73  0.74  0.73  0.84  0.79  0.73  0.77  0.73  0.81  0.75  0.73  0.73 ]
[ 0.73  0.73  0.73  0.73  0.73  0.73  0.73  0.74  0.73  0.73  0.73  0.74 ]
[ 0.73  0.73  0.73  0.73  0.75  0.73  0.73  0.73  0.74  0.73  0.73  0.73 ]
[ 0.73  0.79  0.75  0.73  0.73  0.78  0.74  0.78  0.74  0.73  0.97  0.73 ]
[ 0.88  0.88  0.73  0.73  0.88  0.73  0.83  0.97  0.73  0.88  0.77  0.73 ]
[ 0.97  0.97  0.97  0.74  0.97  0.97  0.82  0.97  0.87  0.97  0.97  0.74 ]

01/29 03:32:18 AM | === Batch 3/150
01/29 03:32:18 AM | loss = 0.481 + 2.548 + 0.081 = 3.109
01/29 03:32:18 AM | attribution_score[0:12]: 
[ 0.98  0.97  0.60  0.60  0.61  0.61  0.62  0.60  0.60  0.87  0.61  0.87 ]
[ 0.84  0.60  0.89  0.60  0.97  0.67  0.85  0.60  0.70  0.95  0.60  0.61 ]
[ 0.91  0.97  0.60  0.90  0.61  0.90  0.81  0.95  0.64  0.63  0.62  0.97 ]
[ 0.66  0.62  0.77  0.87  0.72  0.75  0.65  0.60  0.97  0.60  0.69  0.97 ]
[ 0.60  0.65  0.96  0.64  0.71  0.74  0.89  0.75  0.96  0.89  0.63  0.63 ]
[ 0.65  0.79  0.88  0.63  0.61  0.62  0.65  0.65  0.61  0.60  0.60  0.72 ]
[ 0.77  0.62  0.73  0.64  0.97  0.61  0.61  0.60  0.63  0.97  0.77  0.61 ]
[ 0.60  0.62  0.60  0.82  0.71  0.66  0.73  0.60  0.81  0.65  0.60  0.60 ]
[ 0.60  0.61  0.60  0.60  0.61  0.60  0.60  0.61  0.63  0.60  0.61  0.76 ]
[ 0.62  0.60  0.60  0.60  0.64  0.63  0.60  0.60  0.63  0.60  0.61  0.62 ]
[ 0.60  0.84  0.80  0.61  0.60  0.72  0.78  0.83  0.61  0.69  0.98  0.61 ]
[ 0.92  0.92  0.74  0.79  0.93  0.73  0.88  0.98  0.65  0.92  0.82  0.62 ]
[ 0.98  0.98  0.98  0.61  0.98  0.98  0.87  0.98  0.92  0.98  0.98  0.62 ]

01/29 03:32:18 AM | === Batch 4/150
01/29 03:32:19 AM | loss = 0.751 + 1.667 + 0.102 = 2.521
01/29 03:32:19 AM | attribution_score[0:12]: 
[ 0.98  0.96  0.45  0.46  0.46  0.53  0.49  0.45  0.45  0.80  0.47  0.86 ]
[ 0.81  0.45  0.84  0.46  0.97  0.56  0.86  0.46  0.69  0.93  0.66  0.47 ]
[ 0.93  0.98  0.45  0.93  0.46  0.93  0.74  0.95  0.51  0.49  0.48  0.97 ]
[ 0.53  0.48  0.76  0.89  0.73  0.74  0.56  0.50  0.98  0.53  0.62  0.98 ]
[ 0.60  0.57  0.96  0.60  0.74  0.76  0.87  0.73  0.97  0.83  0.65  0.51 ]
[ 0.60  0.85  0.81  0.52  0.48  0.48  0.61  0.52  0.47  0.57  0.45  0.66 ]
[ 0.71  0.49  0.69  0.65  0.97  0.50  0.51  0.61  0.50  0.98  0.83  0.48 ]
[ 0.45  0.49  0.46  0.76  0.61  0.58  0.65  0.45  0.86  0.53  0.46  0.45 ]
[ 0.46  0.61  0.45  0.62  0.47  0.45  0.48  0.53  0.67  0.45  0.62  0.82 ]
[ 0.59  0.48  0.45  0.45  0.54  0.62  0.45  0.45  0.66  0.45  0.48  0.57 ]
[ 0.46  0.89  0.84  0.63  0.66  0.63  0.84  0.84  0.68  0.75  0.99  0.68 ]
[ 0.92  0.95  0.79  0.86  0.95  0.74  0.92  0.99  0.55  0.92  0.88  0.69 ]
[ 0.99  0.99  0.99  0.63  0.98  0.99  0.91  0.99  0.95  0.98  0.98  0.52 ]

01/29 03:32:19 AM | === Batch 5/150
01/29 03:32:19 AM | loss = 0.793 + 0.947 + 0.113 = 1.853
01/29 03:32:19 AM | attribution_score[0:12]: 
[ 0.99  0.96  0.32  0.32  0.33  0.46  0.37  0.31  0.31  0.76  0.33  0.88 ]
[ 0.81  0.33  0.77  0.32  0.97  0.43  0.90  0.33  0.66  0.90  0.70  0.37 ]
[ 0.95  0.98  0.31  0.94  0.32  0.95  0.64  0.95  0.37  0.36  0.34  0.97 ]
[ 0.40  0.34  0.74  0.90  0.66  0.77  0.50  0.47  0.98  0.51  0.55  0.98 ]
[ 0.66  0.46  0.94  0.56  0.73  0.81  0.85  0.70  0.97  0.79  0.71  0.49 ]
[ 0.56  0.86  0.72  0.40  0.36  0.41  0.66  0.43  0.36  0.60  0.31  0.65 ]
[ 0.73  0.42  0.67  0.60  0.97  0.41  0.41  0.61  0.47  0.98  0.88  0.42 ]
[ 0.31  0.41  0.34  0.67  0.51  0.47  0.54  0.31  0.88  0.41  0.33  0.32 ]
[ 0.38  0.62  0.31  0.67  0.43  0.31  0.38  0.43  0.74  0.36  0.68  0.87 ]
[ 0.60  0.36  0.31  0.31  0.42  0.60  0.31  0.31  0.73  0.31  0.35  0.53 ]
[ 0.40  0.93  0.84  0.69  0.73  0.65  0.89  0.88  0.76  0.81  0.99  0.76 ]
[ 0.90  0.97  0.83  0.90  0.96  0.77  0.94  0.99  0.43  0.90  0.92  0.77 ]
[ 0.99  0.99  0.99  0.71  0.99  0.99  0.93  0.99  0.97  0.98  0.98  0.40 ]

01/29 03:32:19 AM | === Batch 6/150
01/29 03:32:20 AM | loss = 1.012 + 0.367 + 0.097 = 1.477
01/29 03:32:20 AM | attribution_score[0:12]: 
[ 0.99  0.95  0.22  0.20  0.23  0.39  0.27  0.20  0.20  0.77  0.22  0.91 ]
[ 0.83  0.23  0.67  0.21  0.97  0.31  0.92  0.21  0.60  0.87  0.77  0.35 ]
[ 0.97  0.98  0.20  0.95  0.20  0.96  0.53  0.96  0.25  0.25  0.23  0.98 ]
[ 0.31  0.23  0.77  0.91  0.57  0.75  0.53  0.43  0.98  0.48  0.51  0.98 ]
[ 0.73  0.34  0.92  0.50  0.76  0.86  0.83  0.63  0.98  0.78  0.78  0.53 ]
[ 0.59  0.86  0.60  0.30  0.24  0.43  0.73  0.33  0.27  0.66  0.20  0.67 ]
[ 0.79  0.36  0.68  0.57  0.97  0.31  0.30  0.55  0.39  0.98  0.92  0.41 ]
[ 0.20  0.35  0.23  0.56  0.41  0.45  0.56  0.20  0.88  0.29  0.24  0.21 ]
[ 0.29  0.59  0.20  0.73  0.43  0.20  0.28  0.35  0.80  0.30  0.75  0.91 ]
[ 0.58  0.25  0.20  0.20  0.36  0.59  0.20  0.20  0.81  0.21  0.26  0.53 ]
[ 0.42  0.95  0.83  0.75  0.80  0.72  0.92  0.91  0.83  0.84  0.99  0.82 ]
[ 0.90  0.98  0.87  0.93  0.97  0.82  0.95  0.99  0.40  0.88  0.95  0.84 ]
[ 0.99  1.00  1.00  0.77  0.99  1.00  0.95  0.99  0.98  0.97  0.97  0.29 ]

01/29 03:32:20 AM | === Batch 7/150
01/29 03:32:20 AM | loss = 1.173 + 0.097 + 0.083 = 1.353
01/29 03:32:20 AM | attribution_score[0:12]: 
[ 0.99  0.96  0.23  0.16  0.21  0.42  0.24  0.16  0.15  0.81  0.19  0.93 ]
[ 0.87  0.19  0.69  0.17  0.97  0.30  0.94  0.16  0.59  0.89  0.83  0.40 ]
[ 0.97  0.97  0.16  0.96  0.17  0.97  0.55  0.96  0.22  0.20  0.19  0.98 ]
[ 0.26  0.18  0.82  0.93  0.58  0.78  0.59  0.47  0.97  0.53  0.56  0.98 ]
[ 0.79  0.34  0.92  0.51  0.79  0.90  0.83  0.67  0.98  0.82  0.84  0.56 ]
[ 0.66  0.88  0.62  0.29  0.22  0.51  0.80  0.31  0.22  0.74  0.15  0.73 ]
[ 0.85  0.38  0.73  0.61  0.98  0.31  0.26  0.54  0.42  0.98  0.95  0.46 ]
[ 0.15  0.37  0.20  0.53  0.41  0.51  0.63  0.15  0.89  0.29  0.24  0.15 ]
[ 0.30  0.64  0.17  0.80  0.47  0.17  0.26  0.38  0.85  0.33  0.82  0.94 ]
[ 0.63  0.26  0.16  0.16  0.37  0.64  0.18  0.17  0.87  0.20  0.25  0.59 ]
[ 0.48  0.96  0.87  0.78  0.83  0.79  0.94  0.94  0.88  0.86  1.00  0.86 ]
[ 0.92  0.99  0.91  0.94  0.98  0.88  0.95  0.99  0.45  0.89  0.97  0.89 ]
[ 1.00  1.00  1.00  0.82  0.99  1.00  0.96  0.99  0.99  0.97  0.96  0.24 ]

01/29 03:32:20 AM | === Batch 8/150
01/29 03:32:20 AM | loss = 1.275 + 0.027 + 0.075 = 1.378
01/29 03:32:21 AM | attribution_score[0:12]: 
[ 0.99  0.96  0.24  0.12  0.18  0.39  0.21  0.12  0.12  0.81  0.16  0.93 ]
[ 0.91  0.16  0.74  0.13  0.97  0.32  0.96  0.12  0.64  0.91  0.80  0.46 ]
[ 0.98  0.97  0.13  0.97  0.13  0.97  0.54  0.96  0.20  0.16  0.17  0.98 ]
[ 0.22  0.13  0.84  0.95  0.62  0.82  0.58  0.50  0.97  0.55  0.56  0.98 ]
[ 0.84  0.37  0.92  0.50  0.78  0.93  0.82  0.70  0.98  0.87  0.84  0.53 ]
[ 0.72  0.90  0.63  0.29  0.20  0.56  0.82  0.30  0.19  0.78  0.11  0.75 ]
[ 0.89  0.37  0.74  0.68  0.98  0.32  0.23  0.58  0.49  0.98  0.96  0.48 ]
[ 0.11  0.38  0.16  0.48  0.42  0.58  0.72  0.11  0.90  0.27  0.21  0.11 ]
[ 0.31  0.66  0.14  0.83  0.50  0.14  0.22  0.36  0.86  0.35  0.84  0.96 ]
[ 0.62  0.25  0.12  0.12  0.38  0.66  0.16  0.13  0.91  0.17  0.24  0.61 ]
[ 0.50  0.97  0.89  0.78  0.85  0.83  0.94  0.96  0.91  0.87  1.00  0.88 ]
[ 0.94  0.99  0.93  0.95  0.98  0.89  0.96  1.00  0.46  0.91  0.98  0.91 ]
[ 1.00  1.00  1.00  0.85  1.00  1.00  0.97  0.99  0.99  0.98  0.97  0.22 ]

01/29 03:32:21 AM | === Batch 9/150
01/29 03:32:21 AM | loss = 1.124 + 0.039 + 0.070 = 1.232
01/29 03:32:21 AM | attribution_score[0:12]: 
[ 0.99  0.97  0.24  0.09  0.16  0.36  0.19  0.09  0.08  0.77  0.12  0.93 ]
[ 0.94  0.14  0.80  0.09  0.95  0.37  0.97  0.09  0.71  0.94  0.75  0.54 ]
[ 0.98  0.96  0.10  0.97  0.10  0.98  0.50  0.97  0.18  0.13  0.16  0.98 ]
[ 0.18  0.10  0.85  0.96  0.69  0.87  0.56  0.47  0.96  0.53  0.53  0.98 ]
[ 0.86  0.43  0.93  0.52  0.74  0.95  0.79  0.74  0.98  0.91  0.82  0.48 ]
[ 0.80  0.93  0.62  0.32  0.17  0.58  0.81  0.29  0.16  0.82  0.08  0.78 ]
[ 0.92  0.35  0.74  0.75  0.98  0.34  0.19  0.54  0.57  0.99  0.96  0.50 ]
[ 0.08  0.36  0.13  0.44  0.41  0.65  0.78  0.08  0.89  0.24  0.18  0.08 ]
[ 0.30  0.66  0.11  0.83  0.53  0.11  0.17  0.33  0.86  0.35  0.84  0.97 ]
[ 0.58  0.22  0.09  0.10  0.37  0.66  0.14  0.10  0.93  0.14  0.24  0.61 ]
[ 0.50  0.97  0.90  0.76  0.87  0.86  0.95  0.97  0.93  0.87  1.00  0.89 ]
[ 0.95  1.00  0.94  0.96  0.99  0.88  0.97  1.00  0.42  0.93  0.98  0.92 ]
[ 1.00  1.00  1.00  0.89  1.00  1.00  0.97  0.99  0.99  0.98  0.97  0.22 ]

01/29 03:32:21 AM | === Batch 10/150
01/29 03:32:21 AM | loss = 0.790 + 0.012 + 0.065 = 0.867
01/29 03:32:21 AM | attribution_score[0:12]: 
[ 1.00  0.98  0.23  0.06  0.13  0.32  0.16  0.06  0.06  0.75  0.09  0.93 ]
[ 0.96  0.12  0.85  0.07  0.93  0.41  0.98  0.07  0.75  0.96  0.69  0.61 ]
[ 0.99  0.95  0.08  0.98  0.08  0.98  0.44  0.97  0.15  0.10  0.15  0.98 ]
[ 0.14  0.07  0.86  0.97  0.73  0.90  0.55  0.45  0.94  0.50  0.51  0.97 ]
[ 0.87  0.46  0.92  0.50  0.68  0.96  0.75  0.78  0.98  0.93  0.80  0.43 ]
[ 0.83  0.94  0.59  0.31  0.13  0.61  0.79  0.30  0.15  0.84  0.06  0.80 ]
[ 0.94  0.37  0.69  0.80  0.98  0.35  0.16  0.48  0.63  0.99  0.97  0.51 ]
[ 0.06  0.38  0.10  0.40  0.40  0.74  0.83  0.06  0.88  0.22  0.16  0.05 ]
[ 0.29  0.66  0.09  0.83  0.57  0.09  0.13  0.30  0.84  0.34  0.84  0.98 ]
[ 0.53  0.18  0.07  0.07  0.38  0.63  0.12  0.08  0.95  0.11  0.24  0.59 ]
[ 0.50  0.98  0.90  0.74  0.87  0.88  0.95  0.98  0.95  0.86  1.00  0.90 ]
[ 0.96  1.00  0.94  0.96  0.99  0.88  0.97  1.00  0.39  0.94  0.99  0.93 ]
[ 1.00  1.00  1.00  0.91  1.00  1.00  0.98  0.99  1.00  0.99  0.98  0.22 ]

01/29 03:32:21 AM | === Batch 11/150
01/29 03:32:22 AM | loss = 0.833 + 0.079 + 0.061 = 0.973
01/29 03:32:22 AM | attribution_score[0:12]: 
[ 1.00  0.98  0.25  0.05  0.12  0.33  0.16  0.05  0.05  0.76  0.08  0.94 ]
[ 0.97  0.12  0.88  0.06  0.93  0.47  0.99  0.05  0.78  0.97  0.68  0.69 ]
[ 0.99  0.95  0.07  0.98  0.06  0.99  0.45  0.97  0.16  0.09  0.15  0.99 ]
[ 0.11  0.06  0.87  0.97  0.77  0.92  0.56  0.46  0.94  0.51  0.56  0.98 ]
[ 0.89  0.52  0.91  0.51  0.67  0.97  0.76  0.83  0.98  0.95  0.79  0.40 ]
[ 0.85  0.95  0.63  0.30  0.12  0.67  0.77  0.33  0.15  0.85  0.05  0.84 ]
[ 0.95  0.42  0.67  0.84  0.99  0.37  0.15  0.41  0.68  0.99  0.97  0.57 ]
[ 0.04  0.41  0.08  0.42  0.44  0.82  0.87  0.05  0.88  0.25  0.16  0.04 ]
[ 0.32  0.71  0.08  0.83  0.64  0.07  0.11  0.32  0.83  0.35  0.86  0.99 ]
[ 0.53  0.15  0.06  0.06  0.41  0.61  0.12  0.06  0.96  0.10  0.27  0.62 ]
[ 0.52  0.98  0.92  0.72  0.87  0.91  0.95  0.99  0.96  0.85  1.00  0.90 ]
[ 0.97  1.00  0.95  0.97  0.99  0.88  0.97  1.00  0.39  0.95  0.99  0.94 ]
[ 1.00  1.00  1.00  0.92  1.00  1.00  0.98  1.00  1.00  0.99  0.98  0.25 ]

01/29 03:32:22 AM | === Batch 12/150
01/29 03:32:22 AM | loss = 0.803 + 0.049 + 0.058 = 0.910
01/29 03:32:22 AM | attribution_score[0:12]: 
[ 1.00  0.99  0.24  0.04  0.11  0.36  0.14  0.04  0.04  0.78  0.07  0.94 ]
[ 0.98  0.12  0.91  0.05  0.92  0.54  0.99  0.04  0.82  0.98  0.70  0.71 ]
[ 0.99  0.95  0.06  0.98  0.05  0.99  0.45  0.98  0.15  0.08  0.15  0.99 ]
[ 0.09  0.05  0.88  0.97  0.81  0.93  0.55  0.53  0.94  0.53  0.60  0.98 ]
[ 0.90  0.55  0.89  0.53  0.65  0.97  0.78  0.85  0.98  0.96  0.80  0.37 ]
[ 0.85  0.95  0.65  0.25  0.11  0.71  0.76  0.33  0.16  0.85  0.04  0.87 ]
[ 0.96  0.48  0.63  0.85  0.99  0.33  0.13  0.35  0.68  0.99  0.98  0.63 ]
[ 0.03  0.44  0.07  0.42  0.45  0.83  0.90  0.04  0.89  0.27  0.16  0.03 ]
[ 0.34  0.76  0.07  0.84  0.71  0.06  0.09  0.33  0.83  0.34  0.87  0.99 ]
[ 0.54  0.13  0.05  0.05  0.45  0.57  0.11  0.05  0.97  0.09  0.30  0.63 ]
[ 0.54  0.98  0.93  0.71  0.88  0.93  0.95  0.99  0.97  0.83  1.00  0.90 ]
[ 0.97  1.00  0.95  0.97  0.99  0.89  0.97  1.00  0.38  0.96  0.99  0.95 ]
[ 1.00  1.00  1.00  0.93  1.00  1.00  0.98  1.00  1.00  0.99  0.99  0.25 ]

01/29 03:32:22 AM | === Batch 13/150
01/29 03:32:22 AM | loss = 0.616 + 0.105 + 0.055 = 0.777
01/29 03:32:23 AM | attribution_score[0:12]: 
[ 1.00  0.99  0.24  0.03  0.09  0.42  0.13  0.04  0.03  0.81  0.06  0.95 ]
[ 0.98  0.13  0.92  0.04  0.92  0.62  0.99  0.03  0.85  0.98  0.74  0.72 ]
[ 0.99  0.94  0.05  0.99  0.04  0.99  0.44  0.98  0.14  0.06  0.14  0.99 ]
[ 0.08  0.04  0.89  0.98  0.84  0.93  0.56  0.59  0.94  0.56  0.62  0.98 ]
[ 0.91  0.55  0.87  0.53  0.64  0.98  0.80  0.86  0.98  0.97  0.81  0.34 ]
[ 0.86  0.96  0.65  0.23  0.10  0.75  0.75  0.32  0.16  0.83  0.03  0.89 ]
[ 0.96  0.47  0.58  0.86  0.99  0.29  0.12  0.34  0.69  0.99  0.98  0.66 ]
[ 0.03  0.47  0.06  0.41  0.44  0.84  0.91  0.03  0.92  0.29  0.16  0.03 ]
[ 0.33  0.81  0.06  0.85  0.76  0.05  0.08  0.34  0.82  0.32  0.89  0.99 ]
[ 0.54  0.11  0.04  0.04  0.48  0.53  0.10  0.04  0.97  0.08  0.33  0.64 ]
[ 0.53  0.99  0.94  0.70  0.88  0.94  0.96  0.99  0.98  0.83  1.00  0.91 ]
[ 0.98  1.00  0.95  0.98  0.99  0.90  0.97  1.00  0.37  0.97  0.99  0.96 ]
[ 1.00  1.00  1.00  0.93  1.00  1.00  0.99  1.00  1.00  0.99  0.99  0.24 ]

01/29 03:32:23 AM | === Batch 14/150
01/29 03:32:23 AM | loss = 0.739 + 0.138 + 0.053 = 0.930
01/29 03:32:23 AM | attribution_score[0:12]: 
[ 1.00  0.99  0.22  0.03  0.08  0.48  0.12  0.03  0.02  0.82  0.05  0.95 ]
[ 0.99  0.13  0.93  0.03  0.93  0.69  0.99  0.03  0.88  0.98  0.77  0.70 ]
[ 0.99  0.94  0.04  0.99  0.03  0.99  0.41  0.98  0.13  0.05  0.13  0.99 ]
[ 0.07  0.03  0.90  0.98  0.87  0.94  0.56  0.67  0.94  0.60  0.64  0.98 ]
[ 0.92  0.50  0.84  0.53  0.67  0.98  0.82  0.86  0.99  0.97  0.82  0.35 ]
[ 0.85  0.96  0.65  0.20  0.09  0.78  0.74  0.28  0.16  0.81  0.03  0.91 ]
[ 0.97  0.48  0.50  0.85  0.99  0.24  0.11  0.33  0.70  0.99  0.98  0.69 ]
[ 0.02  0.48  0.05  0.38  0.41  0.83  0.93  0.02  0.93  0.29  0.16  0.02 ]
[ 0.29  0.85  0.05  0.85  0.80  0.04  0.06  0.35  0.81  0.29  0.90  0.99 ]
[ 0.53  0.08  0.03  0.04  0.49  0.46  0.09  0.04  0.98  0.07  0.34  0.63 ]
[ 0.53  0.99  0.95  0.72  0.88  0.95  0.96  0.99  0.98  0.83  1.00  0.91 ]
[ 0.98  1.00  0.95  0.98  1.00  0.90  0.98  1.00  0.35  0.98  0.99  0.96 ]
[ 1.00  1.00  1.00  0.94  1.00  1.00  0.99  1.00  1.00  0.99  0.99  0.22 ]

01/29 03:32:23 AM | === Batch 15/150
01/29 03:32:23 AM | loss = 0.657 + 0.139 + 0.050 = 0.847
01/29 03:32:23 AM | attribution_score[0:12]: 
[ 1.00  0.99  0.19  0.02  0.07  0.54  0.11  0.03  0.02  0.84  0.04  0.95 ]
[ 0.99  0.13  0.94  0.03  0.92  0.74  0.99  0.02  0.91  0.98  0.81  0.67 ]
[ 0.99  0.94  0.03  0.99  0.03  0.99  0.37  0.98  0.12  0.05  0.12  0.98 ]
[ 0.06  0.03  0.91  0.98  0.89  0.94  0.58  0.73  0.95  0.62  0.65  0.98 ]
[ 0.93  0.45  0.80  0.56  0.72  0.98  0.84  0.86  0.99  0.98  0.83  0.39 ]
[ 0.86  0.96  0.63  0.17  0.08  0.80  0.74  0.25  0.16  0.80  0.02  0.92 ]
[ 0.97  0.50  0.44  0.84  0.99  0.20  0.10  0.33  0.69  0.99  0.99  0.73 ]
[ 0.02  0.50  0.04  0.33  0.37  0.81  0.94  0.02  0.94  0.27  0.17  0.02 ]
[ 0.26  0.88  0.05  0.86  0.84  0.04  0.05  0.35  0.82  0.26  0.91  1.00 ]
[ 0.53  0.07  0.03  0.03  0.49  0.42  0.08  0.03  0.98  0.06  0.33  0.64 ]
[ 0.52  0.99  0.95  0.73  0.89  0.96  0.96  0.99  0.98  0.83  1.00  0.92 ]
[ 0.98  1.00  0.95  0.98  1.00  0.91  0.98  1.00  0.32  0.98  0.99  0.96 ]
[ 1.00  1.00  1.00  0.94  1.00  1.00  0.99  1.00  1.00  1.00  0.99  0.19 ]

01/29 03:32:23 AM | === Batch 16/150
01/29 03:32:24 AM | loss = 0.503 + 0.124 + 0.048 = 0.675
01/29 03:32:24 AM | attribution_score[0:12]: 
[ 1.00  0.99  0.16  0.02  0.06  0.61  0.10  0.02  0.02  0.85  0.03  0.95 ]
[ 0.99  0.13  0.94  0.02  0.92  0.78  0.99  0.02  0.93  0.99  0.83  0.63 ]
[ 1.00  0.94  0.03  0.99  0.02  0.99  0.32  0.98  0.11  0.04  0.11  0.98 ]
[ 0.05  0.02  0.91  0.97  0.91  0.94  0.62  0.77  0.94  0.62  0.64  0.98 ]
[ 0.93  0.39  0.76  0.58  0.75  0.99  0.84  0.85  0.99  0.98  0.85  0.42 ]
[ 0.86  0.96  0.62  0.15  0.07  0.81  0.75  0.22  0.16  0.78  0.02  0.93 ]
[ 0.97  0.53  0.38  0.84  0.99  0.17  0.09  0.32  0.65  0.99  0.99  0.77 ]
[ 0.02  0.51  0.04  0.29  0.31  0.79  0.95  0.02  0.95  0.25  0.19  0.02 ]
[ 0.24  0.90  0.04  0.87  0.87  0.03  0.04  0.36  0.83  0.25  0.93  1.00 ]
[ 0.53  0.05  0.02  0.03  0.50  0.39  0.07  0.02  0.98  0.05  0.31  0.64 ]
[ 0.51  0.99  0.96  0.73  0.90  0.97  0.97  0.99  0.99  0.82  1.00  0.92 ]
[ 0.98  1.00  0.95  0.99  1.00  0.91  0.98  1.00  0.29  0.98  0.99  0.97 ]
[ 1.00  1.00  1.00  0.95  1.00  1.00  0.99  1.00  1.00  1.00  0.99  0.16 ]

01/29 03:32:24 AM | === Batch 17/150
01/29 03:32:24 AM | loss = 0.528 + 0.091 + 0.046 = 0.666
01/29 03:32:24 AM | attribution_score[0:12]: 
[ 1.00  0.99  0.14  0.01  0.05  0.65  0.09  0.02  0.01  0.86  0.03  0.96 ]
[ 0.99  0.12  0.95  0.02  0.92  0.80  0.99  0.02  0.94  0.99  0.85  0.59 ]
[ 1.00  0.93  0.02  0.99  0.02  0.99  0.27  0.99  0.10  0.03  0.10  0.98 ]
[ 0.04  0.02  0.92  0.97  0.93  0.94  0.66  0.81  0.95  0.60  0.63  0.98 ]
[ 0.93  0.33  0.71  0.57  0.77  0.99  0.84  0.84  0.99  0.98  0.87  0.46 ]
[ 0.87  0.96  0.58  0.13  0.06  0.82  0.76  0.19  0.16  0.76  0.02  0.94 ]
[ 0.97  0.57  0.31  0.83  0.99  0.14  0.07  0.30  0.61  0.99  0.99  0.80 ]
[ 0.01  0.49  0.04  0.25  0.26  0.77  0.96  0.01  0.95  0.24  0.21  0.01 ]
[ 0.23  0.92  0.04  0.88  0.89  0.03  0.04  0.35  0.83  0.24  0.93  1.00 ]
[ 0.51  0.04  0.02  0.02  0.52  0.35  0.06  0.02  0.99  0.04  0.29  0.64 ]
[ 0.49  0.99  0.96  0.72  0.91  0.97  0.97  1.00  0.99  0.81  1.00  0.92 ]
[ 0.99  1.00  0.95  0.99  1.00  0.91  0.98  1.00  0.26  0.98  0.99  0.97 ]
[ 1.00  1.00  1.00  0.96  1.00  1.00  0.99  1.00  1.00  1.00  0.99  0.14 ]

01/29 03:32:24 AM | === Batch 18/150
01/29 03:32:24 AM | loss = 0.458 + 0.043 + 0.044 = 0.546
01/29 03:32:25 AM | attribution_score[0:12]: 
[ 1.00  0.99  0.12  0.01  0.04  0.67  0.08  0.02  0.01  0.88  0.02  0.96 ]
[ 0.99  0.11  0.95  0.02  0.93  0.80  1.00  0.01  0.94  0.99  0.87  0.54 ]
[ 1.00  0.94  0.02  0.99  0.02  0.99  0.23  0.99  0.09  0.03  0.09  0.98 ]
[ 0.04  0.02  0.92  0.97  0.94  0.93  0.70  0.83  0.94  0.56  0.61  0.98 ]
[ 0.93  0.29  0.65  0.54  0.78  0.99  0.83  0.82  0.99  0.98  0.88  0.49 ]
[ 0.87  0.96  0.55  0.10  0.05  0.82  0.74  0.18  0.15  0.71  0.01  0.94 ]
[ 0.97  0.60  0.24  0.82  0.99  0.12  0.06  0.28  0.59  0.99  0.99  0.82 ]
[ 0.01  0.45  0.03  0.22  0.21  0.76  0.96  0.01  0.96  0.24  0.22  0.01 ]
[ 0.21  0.93  0.03  0.88  0.91  0.02  0.03  0.33  0.82  0.24  0.94  1.00 ]
[ 0.47  0.04  0.02  0.02  0.53  0.30  0.05  0.02  0.99  0.03  0.28  0.63 ]
[ 0.46  0.99  0.96  0.71  0.91  0.98  0.97  1.00  0.99  0.79  1.00  0.93 ]
[ 0.99  1.00  0.95  0.99  1.00  0.91  0.98  1.00  0.23  0.98  1.00  0.97 ]
[ 1.00  1.00  1.00  0.96  1.00  1.00  0.99  1.00  1.00  1.00  0.99  0.12 ]

01/29 03:32:25 AM | === Batch 19/150
01/29 03:32:25 AM | loss = 0.382 + 0.024 + 0.043 = 0.449
01/29 03:32:25 AM | attribution_score[0:12]: 
[ 1.00  0.99  0.12  0.01  0.04  0.70  0.07  0.01  0.01  0.90  0.02  0.96 ]
[ 1.00  0.10  0.95  0.01  0.94  0.81  1.00  0.01  0.95  0.99  0.89  0.52 ]
[ 1.00  0.95  0.02  0.99  0.01  0.99  0.21  0.99  0.08  0.02  0.08  0.98 ]
[ 0.04  0.01  0.92  0.97  0.94  0.94  0.74  0.85  0.95  0.56  0.62  0.98 ]
[ 0.94  0.29  0.67  0.54  0.79  0.99  0.82  0.83  0.99  0.98  0.90  0.54 ]
[ 0.87  0.96  0.56  0.09  0.04  0.83  0.74  0.17  0.15  0.66  0.01  0.95 ]
[ 0.97  0.64  0.20  0.82  0.99  0.10  0.06  0.29  0.60  0.99  0.99  0.85 ]
[ 0.01  0.46  0.03  0.22  0.19  0.77  0.97  0.01  0.96  0.27  0.24  0.01 ]
[ 0.23  0.94  0.03  0.89  0.92  0.02  0.03  0.33  0.83  0.27  0.95  1.00 ]
[ 0.48  0.03  0.01  0.02  0.58  0.30  0.05  0.02  0.99  0.03  0.28  0.66 ]
[ 0.46  0.99  0.97  0.69  0.91  0.98  0.97  1.00  0.99  0.78  1.00  0.93 ]
[ 0.99  1.00  0.95  0.99  1.00  0.92  0.98  1.00  0.22  0.98  1.00  0.98 ]
[ 1.00  1.00  1.00  0.96  1.00  1.00  0.99  1.00  1.00  1.00  0.99  0.11 ]

01/29 03:32:25 AM | === Batch 20/150
01/29 03:32:25 AM | loss = 0.636 + 0.017 + 0.041 = 0.694
01/29 03:32:25 AM | === Batch 21/150
01/29 03:32:26 AM | loss = 0.458 + 0.033 + 0.040 = 0.530
01/29 03:32:26 AM | === Batch 22/150
01/29 03:32:26 AM | loss = 0.692 + 0.033 + 0.038 = 0.764
01/29 03:32:26 AM | === Batch 23/150
01/29 03:32:26 AM | loss = 0.486 + 0.017 + 0.037 = 0.540
01/29 03:32:27 AM | === Batch 24/150
01/29 03:32:27 AM | loss = 0.494 + 0.022 + 0.036 = 0.552
01/29 03:32:27 AM | === Batch 25/150
01/29 03:32:27 AM | loss = 0.389 + 0.019 + 0.035 = 0.443
01/29 03:32:27 AM | === Batch 26/150
01/29 03:32:28 AM | loss = 0.424 + 0.035 + 0.034 = 0.492
01/29 03:32:28 AM | === Batch 27/150
01/29 03:32:28 AM | loss = 0.361 + 0.033 + 0.033 = 0.427
01/29 03:32:28 AM | === Batch 28/150
01/29 03:32:28 AM | loss = 0.465 + 0.019 + 0.032 = 0.515
01/29 03:32:29 AM | === Batch 29/150
01/29 03:32:29 AM | loss = 0.521 + 0.005 + 0.031 = 0.557
01/29 03:32:29 AM | === Batch 30/150
01/29 03:32:29 AM | loss = 0.705 + 0.027 + 0.031 = 0.763
01/29 03:32:29 AM | === Batch 31/150
01/29 03:32:30 AM | loss = 0.330 + 0.042 + 0.030 = 0.401
01/29 03:32:30 AM | === Batch 32/150
01/29 03:32:30 AM | loss = 0.403 + 0.044 + 0.029 = 0.476
01/29 03:32:30 AM | === Batch 33/150
01/29 03:32:30 AM | loss = 0.314 + 0.034 + 0.029 = 0.377
01/29 03:32:31 AM | === Batch 34/150
01/29 03:32:31 AM | loss = 0.373 + 0.012 + 0.028 = 0.414
01/29 03:32:31 AM | === Batch 35/150
01/29 03:32:31 AM | loss = 0.487 + 0.039 + 0.028 = 0.554
01/29 03:32:31 AM | === Batch 36/150
01/29 03:32:32 AM | loss = 0.519 + 0.016 + 0.027 = 0.562
01/29 03:32:32 AM | === Batch 37/150
01/29 03:32:32 AM | loss = 0.413 + 0.040 + 0.027 = 0.479
01/29 03:32:32 AM | === Batch 38/150
01/29 03:32:32 AM | loss = 0.399 + 0.069 + 0.026 = 0.494
01/29 03:32:33 AM | === Batch 39/150
01/29 03:32:33 AM | loss = 0.379 + 0.085 + 0.026 = 0.489
01/29 03:32:33 AM | === Batch 40/150
01/29 03:32:33 AM | loss = 0.472 + 0.088 + 0.025 = 0.586
01/29 03:32:33 AM | === Batch 41/150
01/29 03:32:34 AM | loss = 0.396 + 0.083 + 0.025 = 0.504
01/29 03:32:34 AM | === Batch 42/150
01/29 03:32:34 AM | loss = 0.383 + 0.068 + 0.024 = 0.476
01/29 03:32:34 AM | === Batch 43/150
01/29 03:32:34 AM | loss = 0.389 + 0.045 + 0.024 = 0.458
01/29 03:32:35 AM | === Batch 44/150
01/29 03:32:35 AM | loss = 0.288 + 0.014 + 0.024 = 0.326
01/29 03:32:35 AM | === Batch 45/150
01/29 03:32:35 AM | loss = 0.566 + 0.046 + 0.023 = 0.635
01/29 03:32:35 AM | === Batch 46/150
01/29 03:32:35 AM | loss = 0.386 + 0.046 + 0.023 = 0.455
01/29 03:32:36 AM | === Batch 47/150
01/29 03:32:36 AM | loss = 0.651 + 0.009 + 0.022 = 0.683
01/29 03:32:36 AM | === Batch 48/150
01/29 03:32:36 AM | loss = 0.311 + 0.030 + 0.022 = 0.363
01/29 03:32:36 AM | === Batch 49/150
01/29 03:32:37 AM | loss = 0.514 + 0.040 + 0.022 = 0.576
01/29 03:32:37 AM | === Batch 50/150
01/29 03:32:37 AM | loss = 0.597 + 0.042 + 0.021 = 0.660
01/29 03:32:37 AM | === Batch 51/150
01/29 03:32:37 AM | loss = 0.370 + 0.032 + 0.021 = 0.424
01/29 03:32:38 AM | === Batch 52/150
01/29 03:32:38 AM | loss = 0.475 + 0.018 + 0.021 = 0.514
01/29 03:32:38 AM | === Batch 53/150
01/29 03:32:38 AM | loss = 0.304 + 0.006 + 0.021 = 0.332
01/29 03:32:38 AM | === Batch 54/150
01/29 03:32:39 AM | loss = 0.480 + 0.007 + 0.021 = 0.507
01/29 03:32:39 AM | === Batch 55/150
01/29 03:32:39 AM | loss = 0.359 + 0.010 + 0.020 = 0.390
01/29 03:32:39 AM | === Batch 56/150
01/29 03:32:39 AM | loss = 0.625 + 0.006 + 0.020 = 0.651
01/29 03:32:40 AM | === Batch 57/150
01/29 03:32:40 AM | loss = 0.501 + 0.006 + 0.020 = 0.527
01/29 03:32:40 AM | === Batch 58/150
01/29 03:32:40 AM | loss = 0.418 + 0.016 + 0.020 = 0.454
01/29 03:32:40 AM | === Batch 59/150
01/29 03:32:40 AM | loss = 0.292 + 0.026 + 0.019 = 0.338
01/29 03:32:41 AM | === Batch 60/150
01/29 03:32:41 AM | loss = 0.492 + 0.027 + 0.019 = 0.538
01/29 03:32:41 AM | === Batch 61/150
01/29 03:32:41 AM | loss = 0.560 + 0.018 + 0.019 = 0.597
01/29 03:32:41 AM | === Batch 62/150
01/29 03:32:42 AM | loss = 0.580 + 0.003 + 0.019 = 0.602
01/29 03:32:42 AM | === Batch 63/150
01/29 03:32:42 AM | loss = 0.442 + 0.031 + 0.019 = 0.492
01/29 03:32:42 AM | === Batch 64/150
01/29 03:32:42 AM | loss = 0.329 + 0.011 + 0.019 = 0.358
01/29 03:32:43 AM | === Batch 65/150
01/29 03:32:43 AM | loss = 0.467 + 0.028 + 0.018 = 0.513
01/29 03:32:43 AM | === Batch 66/150
01/29 03:32:43 AM | loss = 0.570 + 0.048 + 0.018 = 0.637
01/29 03:32:43 AM | === Batch 67/150
01/29 03:32:44 AM | loss = 0.297 + 0.057 + 0.018 = 0.372
01/29 03:32:44 AM | === Batch 68/150
01/29 03:32:44 AM | loss = 0.350 + 0.056 + 0.018 = 0.424
01/29 03:32:44 AM | === Batch 69/150
01/29 03:32:44 AM | loss = 0.595 + 0.048 + 0.018 = 0.661
01/29 03:32:45 AM | === Batch 70/150
01/29 03:32:45 AM | loss = 0.401 + 0.033 + 0.017 = 0.451
01/29 03:32:45 AM | === Batch 71/150
01/29 03:32:45 AM | loss = 0.574 + 0.011 + 0.017 = 0.602
01/29 03:32:45 AM | === Batch 72/150
01/29 03:32:45 AM | loss = 0.472 + 0.024 + 0.017 = 0.514
01/29 03:32:46 AM | === Batch 73/150
01/29 03:32:46 AM | loss = 0.436 + 0.016 + 0.017 = 0.469
01/29 03:32:46 AM | === Batch 74/150
01/29 03:32:46 AM | loss = 0.333 + 0.020 + 0.017 = 0.370
01/29 03:32:46 AM | === Batch 75/150
01/29 03:32:47 AM | loss = 0.518 + 0.037 + 0.017 = 0.571
01/29 03:32:47 AM | === Batch 76/150
01/29 03:32:47 AM | loss = 0.320 + 0.045 + 0.016 = 0.382
01/29 03:32:47 AM | === Batch 77/150
01/29 03:32:47 AM | loss = 0.306 + 0.045 + 0.016 = 0.368
01/29 03:32:48 AM | === Batch 78/150
01/29 03:32:48 AM | loss = 0.431 + 0.037 + 0.016 = 0.485
01/29 03:32:48 AM | === Batch 79/150
01/29 03:32:48 AM | loss = 0.550 + 0.026 + 0.016 = 0.592
01/29 03:32:48 AM | === Batch 80/150
01/29 03:32:49 AM | loss = 0.532 + 0.009 + 0.016 = 0.557
01/29 03:32:49 AM | === Batch 81/150
01/29 03:32:49 AM | loss = 0.381 + 0.023 + 0.016 = 0.419
01/29 03:32:49 AM | === Batch 82/150
01/29 03:32:49 AM | loss = 0.439 + 0.015 + 0.016 = 0.470
01/29 03:32:50 AM | === Batch 83/150
01/29 03:32:50 AM | loss = 0.341 + 0.018 + 0.015 = 0.374
01/29 03:32:50 AM | === Batch 84/150
01/29 03:32:50 AM | loss = 0.429 + 0.034 + 0.015 = 0.479
01/29 03:32:50 AM | === Batch 85/150
01/29 03:32:51 AM | loss = 0.252 + 0.043 + 0.015 = 0.310
01/29 03:32:51 AM | === Batch 86/150
01/29 03:32:51 AM | loss = 0.439 + 0.043 + 0.015 = 0.497
01/29 03:32:51 AM | === Batch 87/150
01/29 03:32:51 AM | loss = 0.227 + 0.036 + 0.015 = 0.277
01/29 03:32:52 AM | === Batch 88/150
01/29 03:32:52 AM | loss = 0.425 + 0.023 + 0.014 = 0.462
01/29 03:32:52 AM | === Batch 89/150
01/29 03:32:52 AM | loss = 0.392 + 0.005 + 0.014 = 0.411
01/29 03:32:52 AM | === Batch 90/150
01/29 03:32:52 AM | loss = 0.541 + 0.034 + 0.014 = 0.590
01/29 03:32:53 AM | === Batch 91/150
01/29 03:32:53 AM | loss = 0.489 + 0.035 + 0.014 = 0.539
01/29 03:32:53 AM | === Batch 92/150
01/29 03:32:53 AM | loss = 0.347 + 0.000 + 0.014 = 0.361
01/29 03:32:53 AM | === Batch 93/150
01/29 03:32:54 AM | loss = 0.354 + 0.011 + 0.014 = 0.379
01/29 03:32:54 AM | === Batch 94/150
01/29 03:32:54 AM | loss = 0.481 + 0.016 + 0.014 = 0.511
01/29 03:32:54 AM | === Batch 95/150
01/29 03:32:54 AM | loss = 0.456 + 0.016 + 0.014 = 0.486
01/29 03:32:55 AM | === Batch 96/150
01/29 03:32:55 AM | loss = 0.419 + 0.010 + 0.014 = 0.443
01/29 03:32:55 AM | === Batch 97/150
01/29 03:32:55 AM | loss = 0.474 + 0.003 + 0.014 = 0.491
01/29 03:32:55 AM | === Batch 98/150
01/29 03:32:55 AM | loss = 0.491 + 0.009 + 0.014 = 0.513
01/29 03:32:56 AM | === Batch 99/150
01/29 03:32:56 AM | loss = 0.314 + 0.013 + 0.014 = 0.341
01/29 03:32:56 AM | === Batch 100/150
01/29 03:32:56 AM | loss = 0.548 + 0.009 + 0.014 = 0.571
01/29 03:32:57 AM | attribution_score[0:12]: 
[ 1.00  1.00  0.33  0.00  0.00  0.92  0.01  0.00  0.00  0.99  0.00  1.00 ]
[ 1.00  0.01  0.98  0.00  0.99  0.96  1.00  0.00  0.99  1.00  0.95  0.04 ]
[ 1.00  1.00  0.00  1.00  0.00  1.00  0.03  0.98  0.01  0.00  0.03  1.00 ]
[ 0.02  0.00  0.99  1.00  0.83  0.95  0.95  0.05  0.99  0.09  0.94  0.97 ]
[ 0.99  0.31  0.27  0.98  0.77  1.00  0.03  0.54  1.00  0.99  0.98  0.94 ]
[ 0.99  0.99  0.03  0.01  0.01  0.97  0.07  0.08  0.03  0.08  0.00  0.98 ]
[ 0.97  0.99  0.02  0.99  1.00  0.03  0.00  0.95  0.99  1.00  1.00  0.98 ]
[ 0.00  0.01  0.01  0.96  0.05  0.99  0.99  0.00  1.00  0.08  0.95  0.00 ]
[ 0.94  1.00  0.01  0.99  0.99  0.00  0.00  0.02  0.96  0.63  0.99  1.00 ]
[ 0.07  0.00  0.00  0.00  0.98  0.03  0.01  0.00  1.00  0.00  0.03  0.96 ]
[ 0.01  1.00  0.99  0.01  0.98  1.00  0.99  1.00  1.00  0.98  1.00  0.98 ]
[ 1.00  1.00  0.99  1.00  1.00  0.97  1.00  1.00  0.01  1.00  1.00  0.99 ]
[ 1.00  1.00  1.00  0.99  1.00  1.00  1.00  1.00  1.00  1.00  1.00  0.01 ]

01/29 03:32:57 AM | === Batch 101/150
01/29 03:32:57 AM | loss = 0.463 + 0.000 + 0.014 = 0.477
01/29 03:32:57 AM | === Batch 102/150
01/29 03:32:57 AM | loss = 0.251 + 0.027 + 0.014 = 0.292
01/29 03:32:57 AM | === Batch 103/150
01/29 03:32:57 AM | loss = 0.513 + 0.010 + 0.014 = 0.537
01/29 03:32:58 AM | === Batch 104/150
01/29 03:32:58 AM | loss = 0.351 + 0.025 + 0.014 = 0.390
01/29 03:32:58 AM | === Batch 105/150
01/29 03:32:58 AM | loss = 0.509 + 0.047 + 0.013 = 0.569
01/29 03:32:58 AM | === Batch 106/150
01/29 03:32:59 AM | loss = 0.326 + 0.060 + 0.013 = 0.399
01/29 03:32:59 AM | === Batch 107/150
01/29 03:32:59 AM | loss = 0.336 + 0.064 + 0.013 = 0.414
01/29 03:32:59 AM | === Batch 108/150
01/29 03:32:59 AM | loss = 0.474 + 0.061 + 0.013 = 0.548
01/29 03:33:00 AM | === Batch 109/150
01/29 03:33:00 AM | loss = 0.254 + 0.053 + 0.013 = 0.320
01/29 03:33:00 AM | === Batch 110/150
01/29 03:33:00 AM | loss = 0.506 + 0.038 + 0.013 = 0.557
01/29 03:33:00 AM | === Batch 111/150
01/29 03:33:00 AM | loss = 0.575 + 0.019 + 0.013 = 0.608
01/29 03:33:01 AM | === Batch 112/150
01/29 03:33:01 AM | loss = 0.322 + 0.004 + 0.013 = 0.339
01/29 03:33:01 AM | === Batch 113/150
01/29 03:33:01 AM | loss = 0.314 + 0.002 + 0.013 = 0.329
01/29 03:33:02 AM | === Batch 114/150
01/29 03:33:02 AM | loss = 0.361 + 0.002 + 0.013 = 0.376
01/29 03:33:02 AM | === Batch 115/150
01/29 03:33:02 AM | loss = 0.520 + 0.016 + 0.013 = 0.549
01/29 03:33:02 AM | === Batch 116/150
01/29 03:33:02 AM | loss = 0.412 + 0.024 + 0.013 = 0.449
01/29 03:33:03 AM | === Batch 117/150
01/29 03:33:03 AM | loss = 0.346 + 0.025 + 0.013 = 0.384
01/29 03:33:03 AM | === Batch 118/150
01/29 03:33:03 AM | loss = 0.485 + 0.019 + 0.013 = 0.516
01/29 03:33:03 AM | === Batch 119/150
01/29 03:33:04 AM | loss = 0.411 + 0.006 + 0.012 = 0.430
01/29 03:33:04 AM | === Batch 120/150
01/29 03:33:04 AM | loss = 0.434 + 0.018 + 0.012 = 0.464
01/29 03:33:04 AM | === Batch 121/150
01/29 03:33:04 AM | loss = 0.399 + 0.009 + 0.012 = 0.419
01/29 03:33:05 AM | === Batch 122/150
01/29 03:33:05 AM | loss = 0.358 + 0.016 + 0.012 = 0.386
01/29 03:33:05 AM | === Batch 123/150
01/29 03:33:05 AM | loss = 0.215 + 0.029 + 0.012 = 0.256
01/29 03:33:05 AM | === Batch 124/150
01/29 03:33:05 AM | loss = 0.443 + 0.035 + 0.012 = 0.490
01/29 03:33:06 AM | === Batch 125/150
01/29 03:33:06 AM | loss = 0.499 + 0.034 + 0.012 = 0.544
01/29 03:33:06 AM | === Batch 126/150
01/29 03:33:06 AM | loss = 0.259 + 0.028 + 0.012 = 0.298
01/29 03:33:06 AM | === Batch 127/150
01/29 03:33:07 AM | loss = 0.407 + 0.016 + 0.012 = 0.435
01/29 03:33:07 AM | === Batch 128/150
01/29 03:33:07 AM | loss = 0.332 + 0.001 + 0.012 = 0.345
01/29 03:33:07 AM | === Batch 129/150
01/29 03:33:07 AM | loss = 0.265 + 0.033 + 0.012 = 0.311
01/29 03:33:08 AM | === Batch 130/150
01/29 03:33:08 AM | loss = 0.293 + 0.030 + 0.012 = 0.335
01/29 03:33:08 AM | === Batch 131/150
01/29 03:33:08 AM | loss = 0.488 + 0.002 + 0.012 = 0.502
01/29 03:33:08 AM | === Batch 132/150
01/29 03:33:09 AM | loss = 0.351 + 0.014 + 0.011 = 0.376
01/29 03:33:09 AM | === Batch 133/150
01/29 03:33:09 AM | loss = 0.416 + 0.020 + 0.011 = 0.446
01/29 03:33:09 AM | === Batch 134/150
01/29 03:33:09 AM | loss = 0.387 + 0.021 + 0.011 = 0.420
01/29 03:33:10 AM | === Batch 135/150
01/29 03:33:10 AM | loss = 0.294 + 0.017 + 0.011 = 0.322
01/29 03:33:10 AM | === Batch 136/150
01/29 03:33:10 AM | loss = 0.422 + 0.008 + 0.011 = 0.442
01/29 03:33:10 AM | === Batch 137/150
01/29 03:33:10 AM | loss = 0.318 + 0.010 + 0.011 = 0.339
01/29 03:33:11 AM | === Batch 138/150
01/29 03:33:11 AM | loss = 0.542 + 0.002 + 0.011 = 0.555
01/29 03:33:11 AM | === Batch 139/150
01/29 03:33:11 AM | loss = 0.280 + 0.017 + 0.011 = 0.308
01/29 03:33:12 AM | === Batch 140/150
01/29 03:33:12 AM | loss = 0.490 + 0.029 + 0.011 = 0.530
01/29 03:33:12 AM | === Batch 141/150
01/29 03:33:12 AM | loss = 0.497 + 0.035 + 0.010 = 0.542
01/29 03:33:12 AM | === Batch 142/150
01/29 03:33:12 AM | loss = 0.220 + 0.033 + 0.010 = 0.264
01/29 03:33:13 AM | === Batch 143/150
01/29 03:33:13 AM | loss = 0.465 + 0.029 + 0.010 = 0.505
01/29 03:33:13 AM | === Batch 144/150
01/29 03:33:13 AM | loss = 0.361 + 0.022 + 0.010 = 0.393
01/29 03:33:13 AM | === Batch 145/150
01/29 03:33:14 AM | loss = 0.339 + 0.009 + 0.011 = 0.358
01/29 03:33:14 AM | === Batch 146/150
01/29 03:33:14 AM | loss = 0.396 + 0.012 + 0.011 = 0.418
01/29 03:33:14 AM | === Batch 147/150
01/29 03:33:14 AM | loss = 0.458 + 0.007 + 0.011 = 0.475
01/29 03:33:15 AM | === Batch 148/150
01/29 03:33:15 AM | loss = 0.441 + 0.015 + 0.010 = 0.467
01/29 03:33:15 AM | === Batch 149/150
01/29 03:33:15 AM | loss = 0.368 + 0.028 + 0.010 = 0.405
01/29 03:33:15 AM | === Batch 150/150
01/29 03:33:16 AM | loss = 0.372 + 0.036 + 0.010 = 0.418
01/29 03:33:16 AM | ===
Best loss was 0.26 at iteration 123

01/29 03:33:16 AM | Looking for optimal threshold...
01/29 03:33:16 AM | Testing threshold 0.5
01/29 03:33:16 AM | Distance to target: 2,382,816
01/29 03:33:16 AM | Testing threshold 0.75
01/29 03:33:16 AM | Distance to target: 5,031,104
01/29 03:33:16 AM | Testing threshold 0.625
01/29 03:33:16 AM | Distance to target: 1,304,880
01/29 03:33:16 AM | Testing threshold 0.5625
01/29 03:33:16 AM | Distance to target: 14,800
01/29 03:33:17 AM | attribution_score[0:12]: 
[ 1.00  1.00  0.00  0.00  0.00  1.00  0.00  0.00  0.00  1.00  0.00  1.00 ]
[ 1.00  0.00  1.00  0.00  1.00  1.00  1.00  0.00  1.00  1.00  1.00  0.00 ]
[ 1.00  1.00  0.00  1.00  0.00  1.00  0.00  1.00  0.00  0.00  0.00  1.00 ]
[ 0.00  0.00  1.00  1.00  1.00  1.00  1.00  0.00  1.00  0.00  1.00  1.00 ]
[ 1.00  0.00  1.00  1.00  1.00  1.00  0.00  0.00  1.00  1.00  1.00  1.00 ]
[ 1.00  1.00  0.00  0.00  0.00  1.00  0.00  0.00  0.00  0.00  0.00  1.00 ]
[ 1.00  1.00  0.00  1.00  1.00  0.00  0.00  1.00  1.00  1.00  1.00  1.00 ]
[ 0.00  0.00  0.00  1.00  0.00  1.00  1.00  0.00  1.00  0.00  1.00  0.00 ]
[ 1.00  1.00  0.00  1.00  1.00  0.00  0.00  0.00  1.00  1.00  1.00  1.00 ]
[ 0.00  0.00  0.00  0.00  1.00  0.00  0.00  0.00  1.00  0.00  0.00  1.00 ]
[ 0.00  1.00  1.00  0.00  1.00  1.00  1.00  1.00  1.00  1.00  1.00  1.00 ]
[ 1.00  1.00  1.00  1.00  1.00  1.00  1.00  1.00  0.00  1.00  1.00  1.00 ]
[ 1.00  1.00  1.00  1.00  1.00  1.00  1.00  1.00  1.00  1.00  1.00  0.00 ]

01/29 03:33:18 AM | VGG(
  (features): Sequential(
    (conv0): Conv2d(3, 26, kernel_size=(3, 3), stride=(1, 1), padding=(1, 1))
    (norm0): BatchNorm2d(26, eps=1e-05, momentum=0.1, affine=True, track_running_stats=True)
    (relu0): ReLU(inplace=True)
    (conv1): Conv2d(26, 46, kernel_size=(3, 3), stride=(1, 1), padding=(1, 1))
    (norm1): BatchNorm2d(46, eps=1e-05, momentum=0.1, affine=True, track_running_stats=True)
    (relu1): ReLU(inplace=True)
    (pool2): MaxPool2d(kernel_size=2, stride=2, padding=0, dilation=1, ceil_mode=False)
    (conv3): Conv2d(46, 75, kernel_size=(3, 3), stride=(1, 1), padding=(1, 1))
    (norm3): BatchNorm2d(75, eps=1e-05, momentum=0.1, affine=True, track_running_stats=True)
    (relu3): ReLU(inplace=True)
    (conv4): Conv2d(75, 97, kernel_size=(3, 3), stride=(1, 1), padding=(1, 1))
    (norm4): BatchNorm2d(97, eps=1e-05, momentum=0.1, affine=True, track_running_stats=True)
    (relu4): ReLU(inplace=True)
    (pool5): MaxPool2d(kernel_size=2, stride=2, padding=0, dilation=1, ceil_mode=False)
    (conv6): Conv2d(97, 160, kernel_size=(3, 3), stride=(1, 1), padding=(1, 1))
    (norm6): BatchNorm2d(160, eps=1e-05, momentum=0.1, affine=True, track_running_stats=True)
    (relu6): ReLU(inplace=True)
    (conv7): Conv2d(160, 133, kernel_size=(3, 3), stride=(1, 1), padding=(1, 1))
    (norm7): BatchNorm2d(133, eps=1e-05, momentum=0.1, affine=True, track_running_stats=True)
    (relu7): ReLU(inplace=True)
    (conv8): Conv2d(133, 160, kernel_size=(3, 3), stride=(1, 1), padding=(1, 1))
    (norm8): BatchNorm2d(160, eps=1e-05, momentum=0.1, affine=True, track_running_stats=True)
    (relu8): ReLU(inplace=True)
    (pool9): MaxPool2d(kernel_size=2, stride=2, padding=0, dilation=1, ceil_mode=False)
    (conv10): Conv2d(160, 237, kernel_size=(3, 3), stride=(1, 1), padding=(1, 1))
    (norm10): BatchNorm2d(237, eps=1e-05, momentum=0.1, affine=True, track_running_stats=True)
    (relu10): ReLU(inplace=True)
    (conv11): Conv2d(237, 194, kernel_size=(3, 3), stride=(1, 1), padding=(1, 1))
    (norm11): BatchNorm2d(194, eps=1e-05, momentum=0.1, affine=True, track_running_stats=True)
    (relu11): ReLU(inplace=True)
    (conv12): Conv2d(194, 259, kernel_size=(3, 3), stride=(1, 1), padding=(1, 1))
    (norm12): BatchNorm2d(259, eps=1e-05, momentum=0.1, affine=True, track_running_stats=True)
    (relu12): ReLU(inplace=True)
    (pool13): MaxPool2d(kernel_size=2, stride=2, padding=0, dilation=1, ceil_mode=False)
    (conv14): Conv2d(259, 400, kernel_size=(3, 3), stride=(1, 1), padding=(1, 1))
    (norm14): BatchNorm2d(400, eps=1e-05, momentum=0.1, affine=True, track_running_stats=True)
    (relu14): ReLU(inplace=True)
    (conv15): Conv2d(400, 453, kernel_size=(3, 3), stride=(1, 1), padding=(1, 1))
    (norm15): BatchNorm2d(453, eps=1e-05, momentum=0.1, affine=True, track_running_stats=True)
    (relu15): ReLU(inplace=True)
    (conv16): Conv2d(453, 506, kernel_size=(3, 3), stride=(1, 1), padding=(1, 1))
    (norm16): BatchNorm2d(506, eps=1e-05, momentum=0.1, affine=True, track_running_stats=True)
    (relu16): ReLU(inplace=True)
  )
  (classifier): Sequential(
    (linear1): Linear(in_features=506, out_features=512, bias=True)
    (norm1): BatchNorm1d(512, eps=1e-05, momentum=0.1, affine=True, track_running_stats=True)
    (relu1): ReLU(inplace=True)
    (linear2): Linear(in_features=512, out_features=10, bias=True)
  )
)
01/29 03:33:19 AM | ----------------------------------------
01/29 03:33:19 AM | Performances input model:
01/29 03:33:19 AM |  - flops: 314,294,272
01/29 03:33:19 AM |  - params: 14,991,946
01/29 03:33:19 AM |  - accuracy: 93.95999908447266
01/29 03:33:19 AM | ----------------------------------------
01/29 03:33:19 AM | Performances pseudo-pruned model:
01/29 03:33:19 AM |  - flops: 314,294,272
01/29 03:33:19 AM |  - params: 14,991,946
01/29 03:33:19 AM |  - accuracy: 80.79999542236328
01/29 03:33:19 AM | ----------------------------------------
01/29 03:33:19 AM | Performances pruned model:
01/29 03:33:19 AM |  - flops: 108,481,948
01/29 03:33:19 AM |  - params: 6,738,145
01/29 03:33:19 AM |  - accuracy: 80.79999542236328
01/29 03:33:19 AM | ----------------------------------------
01/29 03:33:19 AM | Total time: 69.33s
