01/29 04:21:33 AM | args = Namespace(output_dir='result/rebuttal/nb_epoch/vgg/nbbtchs200/seed_01', loaded_model_path='./checkpoints/cifar10/vgg_16_bn.pt', resume=False, test_only=False, mode='prune', batch_size=64, nb_batches=200, Mflops_target=None, lr=0.6, momentum=0.9, beta=6, gamma=0.4, gpu='0', num_workers=4, dataset='cifar10', arch='vgg_16_bn', save_plot=False, seed=1, lr_finetuning=0.02, epoch_finetuning=200, wd=0.002, data_dir='./data/cifar10/', print_freq=200, num_classes=10, device_ids=[0], device=device(type='cuda', index=0), name_base='')
01/29 04:21:38 AM | ----------------------------------------
01/29 04:21:38 AM | ==> Building model...
01/29 04:21:38 AM | ----------------------------------------
01/29 04:21:38 AM | ==> Loading weights into the model...
01/29 04:21:38 AM | ----------------------------------------
01/29 04:21:38 AM | VGG(
  (features): Sequential(
    (conv0): Conv2d(3, 64, kernel_size=(3, 3), stride=(1, 1), padding=(1, 1))
    (norm0): BatchNorm2d(64, eps=1e-05, momentum=0.1, affine=True, track_running_stats=True)
    (relu0): ReLU(inplace=True)
    (conv1): Conv2d(64, 64, kernel_size=(3, 3), stride=(1, 1), padding=(1, 1))
    (norm1): BatchNorm2d(64, eps=1e-05, momentum=0.1, affine=True, track_running_stats=True)
    (relu1): ReLU(inplace=True)
    (pool2): MaxPool2d(kernel_size=2, stride=2, padding=0, dilation=1, ceil_mode=False)
    (conv3): Conv2d(64, 128, kernel_size=(3, 3), stride=(1, 1), padding=(1, 1))
    (norm3): BatchNorm2d(128, eps=1e-05, momentum=0.1, affine=True, track_running_stats=True)
    (relu3): ReLU(inplace=True)
    (conv4): Conv2d(128, 128, kernel_size=(3, 3), stride=(1, 1), padding=(1, 1))
    (norm4): BatchNorm2d(128, eps=1e-05, momentum=0.1, affine=True, track_running_stats=True)
    (relu4): ReLU(inplace=True)
    (pool5): MaxPool2d(kernel_size=2, stride=2, padding=0, dilation=1, ceil_mode=False)
    (conv6): Conv2d(128, 256, kernel_size=(3, 3), stride=(1, 1), padding=(1, 1))
    (norm6): BatchNorm2d(256, eps=1e-05, momentum=0.1, affine=True, track_running_stats=True)
    (relu6): ReLU(inplace=True)
    (conv7): Conv2d(256, 256, kernel_size=(3, 3), stride=(1, 1), padding=(1, 1))
    (norm7): BatchNorm2d(256, eps=1e-05, momentum=0.1, affine=True, track_running_stats=True)
    (relu7): ReLU(inplace=True)
    (conv8): Conv2d(256, 256, kernel_size=(3, 3), stride=(1, 1), padding=(1, 1))
    (norm8): BatchNorm2d(256, eps=1e-05, momentum=0.1, affine=True, track_running_stats=True)
    (relu8): ReLU(inplace=True)
    (pool9): MaxPool2d(kernel_size=2, stride=2, padding=0, dilation=1, ceil_mode=False)
    (conv10): Conv2d(256, 512, kernel_size=(3, 3), stride=(1, 1), padding=(1, 1))
    (norm10): BatchNorm2d(512, eps=1e-05, momentum=0.1, affine=True, track_running_stats=True)
    (relu10): ReLU(inplace=True)
    (conv11): Conv2d(512, 512, kernel_size=(3, 3), stride=(1, 1), padding=(1, 1))
    (norm11): BatchNorm2d(512, eps=1e-05, momentum=0.1, affine=True, track_running_stats=True)
    (relu11): ReLU(inplace=True)
    (conv12): Conv2d(512, 512, kernel_size=(3, 3), stride=(1, 1), padding=(1, 1))
    (norm12): BatchNorm2d(512, eps=1e-05, momentum=0.1, affine=True, track_running_stats=True)
    (relu12): ReLU(inplace=True)
    (pool13): MaxPool2d(kernel_size=2, stride=2, padding=0, dilation=1, ceil_mode=False)
    (conv14): Conv2d(512, 512, kernel_size=(3, 3), stride=(1, 1), padding=(1, 1))
    (norm14): BatchNorm2d(512, eps=1e-05, momentum=0.1, affine=True, track_running_stats=True)
    (relu14): ReLU(inplace=True)
    (conv15): Conv2d(512, 512, kernel_size=(3, 3), stride=(1, 1), padding=(1, 1))
    (norm15): BatchNorm2d(512, eps=1e-05, momentum=0.1, affine=True, track_running_stats=True)
    (relu15): ReLU(inplace=True)
    (conv16): Conv2d(512, 512, kernel_size=(3, 3), stride=(1, 1), padding=(1, 1))
    (norm16): BatchNorm2d(512, eps=1e-05, momentum=0.1, affine=True, track_running_stats=True)
    (relu16): ReLU(inplace=True)
  )
  (classifier): Sequential(
    (linear1): Linear(in_features=512, out_features=512, bias=True)
    (norm1): BatchNorm1d(512, eps=1e-05, momentum=0.1, affine=True, track_running_stats=True)
    (relu1): ReLU(inplace=True)
    (linear2): Linear(in_features=512, out_features=10, bias=True)
  )
)
01/29 04:21:40 AM | Save modules info...
01/29 04:21:40 AM | FLOPS pruning ratio is 0.65
01/29 04:21:40 AM | Pruning with information flow
01/29 04:21:40 AM | -----
01/29 04:21:40 AM | module: Conv2d(3, 64, kernel_size=(3, 3), stride=(1, 1), padding=(1, 1))
01/29 04:21:40 AM | cin: None
01/29 04:21:40 AM | cout: [0]
01/29 04:21:40 AM | inactive
01/29 04:21:40 AM | -----
01/29 04:21:40 AM | module: BatchNorm2d(64, eps=1e-05, momentum=0.1, affine=True, track_running_stats=True)
01/29 04:21:40 AM | cin: [0]
01/29 04:21:40 AM | cout: [0]
01/29 04:21:40 AM | inactive
01/29 04:21:40 AM | -----
01/29 04:21:40 AM | module: ReLU(inplace=True)
01/29 04:21:40 AM | cin: [0]
01/29 04:21:40 AM | cout: [0]
01/29 04:21:40 AM | active
01/29 04:21:40 AM | -----
01/29 04:21:40 AM | module: Conv2d(64, 64, kernel_size=(3, 3), stride=(1, 1), padding=(1, 1))
01/29 04:21:40 AM | cin: [0]
01/29 04:21:40 AM | cout: [1]
01/29 04:21:40 AM | inactive
01/29 04:21:40 AM | -----
01/29 04:21:40 AM | module: BatchNorm2d(64, eps=1e-05, momentum=0.1, affine=True, track_running_stats=True)
01/29 04:21:40 AM | cin: [1]
01/29 04:21:40 AM | cout: [1]
01/29 04:21:40 AM | inactive
01/29 04:21:40 AM | -----
01/29 04:21:40 AM | module: ReLU(inplace=True)
01/29 04:21:40 AM | cin: [1]
01/29 04:21:40 AM | cout: [1]
01/29 04:21:40 AM | active
01/29 04:21:40 AM | -----
01/29 04:21:40 AM | module: MaxPool2d(kernel_size=2, stride=2, padding=0, dilation=1, ceil_mode=False)
01/29 04:21:40 AM | cin: [1]
01/29 04:21:40 AM | cout: [1]
01/29 04:21:40 AM | inactive
01/29 04:21:40 AM | -----
01/29 04:21:40 AM | module: Conv2d(64, 128, kernel_size=(3, 3), stride=(1, 1), padding=(1, 1))
01/29 04:21:40 AM | cin: [1]
01/29 04:21:40 AM | cout: [2]
01/29 04:21:40 AM | inactive
01/29 04:21:40 AM | -----
01/29 04:21:40 AM | module: BatchNorm2d(128, eps=1e-05, momentum=0.1, affine=True, track_running_stats=True)
01/29 04:21:40 AM | cin: [2]
01/29 04:21:40 AM | cout: [2]
01/29 04:21:40 AM | inactive
01/29 04:21:40 AM | -----
01/29 04:21:40 AM | module: ReLU(inplace=True)
01/29 04:21:40 AM | cin: [2]
01/29 04:21:40 AM | cout: [2]
01/29 04:21:40 AM | active
01/29 04:21:40 AM | -----
01/29 04:21:40 AM | module: Conv2d(128, 128, kernel_size=(3, 3), stride=(1, 1), padding=(1, 1))
01/29 04:21:40 AM | cin: [2]
01/29 04:21:40 AM | cout: [3]
01/29 04:21:40 AM | inactive
01/29 04:21:40 AM | -----
01/29 04:21:40 AM | module: BatchNorm2d(128, eps=1e-05, momentum=0.1, affine=True, track_running_stats=True)
01/29 04:21:40 AM | cin: [3]
01/29 04:21:40 AM | cout: [3]
01/29 04:21:40 AM | inactive
01/29 04:21:40 AM | -----
01/29 04:21:40 AM | module: ReLU(inplace=True)
01/29 04:21:40 AM | cin: [3]
01/29 04:21:40 AM | cout: [3]
01/29 04:21:40 AM | active
01/29 04:21:40 AM | -----
01/29 04:21:40 AM | module: MaxPool2d(kernel_size=2, stride=2, padding=0, dilation=1, ceil_mode=False)
01/29 04:21:40 AM | cin: [3]
01/29 04:21:40 AM | cout: [3]
01/29 04:21:40 AM | inactive
01/29 04:21:40 AM | -----
01/29 04:21:40 AM | module: Conv2d(128, 256, kernel_size=(3, 3), stride=(1, 1), padding=(1, 1))
01/29 04:21:40 AM | cin: [3]
01/29 04:21:40 AM | cout: [4]
01/29 04:21:40 AM | inactive
01/29 04:21:40 AM | -----
01/29 04:21:40 AM | module: BatchNorm2d(256, eps=1e-05, momentum=0.1, affine=True, track_running_stats=True)
01/29 04:21:40 AM | cin: [4]
01/29 04:21:40 AM | cout: [4]
01/29 04:21:40 AM | inactive
01/29 04:21:40 AM | -----
01/29 04:21:40 AM | module: ReLU(inplace=True)
01/29 04:21:40 AM | cin: [4]
01/29 04:21:40 AM | cout: [4]
01/29 04:21:40 AM | active
01/29 04:21:40 AM | -----
01/29 04:21:40 AM | module: Conv2d(256, 256, kernel_size=(3, 3), stride=(1, 1), padding=(1, 1))
01/29 04:21:40 AM | cin: [4]
01/29 04:21:40 AM | cout: [5]
01/29 04:21:40 AM | inactive
01/29 04:21:40 AM | -----
01/29 04:21:40 AM | module: BatchNorm2d(256, eps=1e-05, momentum=0.1, affine=True, track_running_stats=True)
01/29 04:21:40 AM | cin: [5]
01/29 04:21:40 AM | cout: [5]
01/29 04:21:40 AM | inactive
01/29 04:21:40 AM | -----
01/29 04:21:40 AM | module: ReLU(inplace=True)
01/29 04:21:40 AM | cin: [5]
01/29 04:21:40 AM | cout: [5]
01/29 04:21:40 AM | active
01/29 04:21:40 AM | -----
01/29 04:21:40 AM | module: Conv2d(256, 256, kernel_size=(3, 3), stride=(1, 1), padding=(1, 1))
01/29 04:21:40 AM | cin: [5]
01/29 04:21:40 AM | cout: [6]
01/29 04:21:40 AM | inactive
01/29 04:21:40 AM | -----
01/29 04:21:40 AM | module: BatchNorm2d(256, eps=1e-05, momentum=0.1, affine=True, track_running_stats=True)
01/29 04:21:40 AM | cin: [6]
01/29 04:21:40 AM | cout: [6]
01/29 04:21:40 AM | inactive
01/29 04:21:40 AM | -----
01/29 04:21:40 AM | module: ReLU(inplace=True)
01/29 04:21:40 AM | cin: [6]
01/29 04:21:40 AM | cout: [6]
01/29 04:21:40 AM | active
01/29 04:21:40 AM | -----
01/29 04:21:40 AM | module: MaxPool2d(kernel_size=2, stride=2, padding=0, dilation=1, ceil_mode=False)
01/29 04:21:40 AM | cin: [6]
01/29 04:21:40 AM | cout: [6]
01/29 04:21:40 AM | inactive
01/29 04:21:40 AM | -----
01/29 04:21:40 AM | module: Conv2d(256, 512, kernel_size=(3, 3), stride=(1, 1), padding=(1, 1))
01/29 04:21:40 AM | cin: [6]
01/29 04:21:40 AM | cout: [7]
01/29 04:21:40 AM | inactive
01/29 04:21:40 AM | -----
01/29 04:21:40 AM | module: BatchNorm2d(512, eps=1e-05, momentum=0.1, affine=True, track_running_stats=True)
01/29 04:21:40 AM | cin: [7]
01/29 04:21:40 AM | cout: [7]
01/29 04:21:40 AM | inactive
01/29 04:21:40 AM | -----
01/29 04:21:40 AM | module: ReLU(inplace=True)
01/29 04:21:40 AM | cin: [7]
01/29 04:21:40 AM | cout: [7]
01/29 04:21:40 AM | active
01/29 04:21:40 AM | -----
01/29 04:21:40 AM | module: Conv2d(512, 512, kernel_size=(3, 3), stride=(1, 1), padding=(1, 1))
01/29 04:21:40 AM | cin: [7]
01/29 04:21:40 AM | cout: [8]
01/29 04:21:40 AM | inactive
01/29 04:21:40 AM | -----
01/29 04:21:40 AM | module: BatchNorm2d(512, eps=1e-05, momentum=0.1, affine=True, track_running_stats=True)
01/29 04:21:40 AM | cin: [8]
01/29 04:21:40 AM | cout: [8]
01/29 04:21:40 AM | inactive
01/29 04:21:40 AM | -----
01/29 04:21:40 AM | module: ReLU(inplace=True)
01/29 04:21:40 AM | cin: [8]
01/29 04:21:40 AM | cout: [8]
01/29 04:21:40 AM | active
01/29 04:21:40 AM | -----
01/29 04:21:40 AM | module: Conv2d(512, 512, kernel_size=(3, 3), stride=(1, 1), padding=(1, 1))
01/29 04:21:40 AM | cin: [8]
01/29 04:21:40 AM | cout: [9]
01/29 04:21:40 AM | inactive
01/29 04:21:40 AM | -----
01/29 04:21:40 AM | module: BatchNorm2d(512, eps=1e-05, momentum=0.1, affine=True, track_running_stats=True)
01/29 04:21:40 AM | cin: [9]
01/29 04:21:40 AM | cout: [9]
01/29 04:21:40 AM | inactive
01/29 04:21:40 AM | -----
01/29 04:21:40 AM | module: ReLU(inplace=True)
01/29 04:21:40 AM | cin: [9]
01/29 04:21:40 AM | cout: [9]
01/29 04:21:40 AM | active
01/29 04:21:40 AM | -----
01/29 04:21:40 AM | module: MaxPool2d(kernel_size=2, stride=2, padding=0, dilation=1, ceil_mode=False)
01/29 04:21:40 AM | cin: [9]
01/29 04:21:40 AM | cout: [9]
01/29 04:21:40 AM | inactive
01/29 04:21:40 AM | -----
01/29 04:21:40 AM | module: Conv2d(512, 512, kernel_size=(3, 3), stride=(1, 1), padding=(1, 1))
01/29 04:21:40 AM | cin: [9]
01/29 04:21:40 AM | cout: [10]
01/29 04:21:40 AM | inactive
01/29 04:21:40 AM | -----
01/29 04:21:40 AM | module: BatchNorm2d(512, eps=1e-05, momentum=0.1, affine=True, track_running_stats=True)
01/29 04:21:40 AM | cin: [10]
01/29 04:21:40 AM | cout: [10]
01/29 04:21:40 AM | inactive
01/29 04:21:40 AM | -----
01/29 04:21:40 AM | module: ReLU(inplace=True)
01/29 04:21:40 AM | cin: [10]
01/29 04:21:40 AM | cout: [10]
01/29 04:21:40 AM | active
01/29 04:21:40 AM | -----
01/29 04:21:40 AM | module: Conv2d(512, 512, kernel_size=(3, 3), stride=(1, 1), padding=(1, 1))
01/29 04:21:40 AM | cin: [10]
01/29 04:21:40 AM | cout: [11]
01/29 04:21:40 AM | inactive
01/29 04:21:40 AM | -----
01/29 04:21:40 AM | module: BatchNorm2d(512, eps=1e-05, momentum=0.1, affine=True, track_running_stats=True)
01/29 04:21:40 AM | cin: [11]
01/29 04:21:40 AM | cout: [11]
01/29 04:21:40 AM | inactive
01/29 04:21:40 AM | -----
01/29 04:21:40 AM | module: ReLU(inplace=True)
01/29 04:21:40 AM | cin: [11]
01/29 04:21:40 AM | cout: [11]
01/29 04:21:40 AM | active
01/29 04:21:40 AM | -----
01/29 04:21:40 AM | module: Conv2d(512, 512, kernel_size=(3, 3), stride=(1, 1), padding=(1, 1))
01/29 04:21:40 AM | cin: [11]
01/29 04:21:40 AM | cout: [12]
01/29 04:21:40 AM | inactive
01/29 04:21:40 AM | -----
01/29 04:21:40 AM | module: BatchNorm2d(512, eps=1e-05, momentum=0.1, affine=True, track_running_stats=True)
01/29 04:21:40 AM | cin: [12]
01/29 04:21:40 AM | cout: [12]
01/29 04:21:40 AM | inactive
01/29 04:21:40 AM | -----
01/29 04:21:40 AM | module: ReLU(inplace=True)
01/29 04:21:40 AM | cin: [12]
01/29 04:21:40 AM | cout: [12]
01/29 04:21:40 AM | active
01/29 04:21:40 AM | -----
01/29 04:21:40 AM | module: Linear(in_features=512, out_features=512, bias=True)
01/29 04:21:40 AM | cin: [12]
01/29 04:21:40 AM | cout: None
01/29 04:21:40 AM | inactive
01/29 04:21:40 AM | -----
01/29 04:21:40 AM | module: ReLU(inplace=True)
01/29 04:21:40 AM | cin: None
01/29 04:21:40 AM | cout: None
01/29 04:21:40 AM | active
01/29 04:21:40 AM | -----
01/29 04:21:40 AM | module: Linear(in_features=512, out_features=10, bias=True)
01/29 04:21:40 AM | cin: None
01/29 04:21:40 AM | cout: None
01/29 04:21:40 AM | inactive
01/29 04:21:40 AM | Used masks: [0, 1, 2, 3, 4, 5, 6, 7, 8, 9, 10, 11, 12]
01/29 04:21:40 AM | 13 unique masks in total
01/29 04:21:40 AM | === Batch 1/200
01/29 04:21:41 AM | loss = 0.121 + 4.266 + 0.040 = 4.427
01/29 04:21:41 AM | attribution_score[0:12]: 
[ 0.94  0.94  0.83  0.83  0.83  0.83  0.83  0.83  0.83  0.94  0.83  0.83 ]
[ 0.83  0.83  0.94  0.83  0.94  0.83  0.83  0.83  0.83  0.94  0.83  0.83 ]
[ 0.83  0.94  0.83  0.83  0.83  0.83  0.83  0.94  0.83  0.83  0.83  0.94 ]
[ 0.83  0.83  0.83  0.83  0.83  0.83  0.83  0.83  0.94  0.83  0.83  0.94 ]
[ 0.83  0.83  0.94  0.83  0.83  0.83  0.94  0.83  0.94  0.94  0.83  0.83 ]
[ 0.83  0.83  0.94  0.83  0.83  0.83  0.83  0.83  0.83  0.83  0.83  0.83 ]
[ 0.83  0.83  0.83  0.83  0.94  0.83  0.83  0.83  0.83  0.94  0.83  0.83 ]
[ 0.83  0.83  0.83  0.83  0.83  0.83  0.83  0.83  0.83  0.83  0.83  0.83 ]
[ 0.83  0.83  0.83  0.83  0.83  0.83  0.83  0.83  0.83  0.83  0.83  0.83 ]
[ 0.83  0.83  0.83  0.83  0.83  0.83  0.83  0.83  0.83  0.83  0.83  0.83 ]
[ 0.83  0.83  0.83  0.83  0.83  0.83  0.83  0.83  0.83  0.83  0.94  0.83 ]
[ 0.83  0.83  0.83  0.83  0.83  0.83  0.83  0.94  0.83  0.83  0.83  0.83 ]
[ 0.94  0.94  0.94  0.83  0.94  0.94  0.83  0.94  0.83  0.94  0.94  0.83 ]

01/29 04:21:41 AM | === Batch 2/200
01/29 04:21:41 AM | loss = 0.130 + 3.498 + 0.058 = 3.685
01/29 04:21:42 AM | attribution_score[0:12]: 
[ 0.96  0.97  0.73  0.73  0.73  0.74  0.74  0.73  0.73  0.91  0.73  0.86 ]
[ 0.87  0.73  0.92  0.73  0.97  0.75  0.86  0.73  0.73  0.94  0.73  0.73 ]
[ 0.88  0.96  0.73  0.87  0.73  0.86  0.84  0.95  0.75  0.74  0.74  0.97 ]
[ 0.75  0.74  0.75  0.84  0.73  0.76  0.76  0.73  0.96  0.73  0.78  0.96 ]
[ 0.73  0.73  0.96  0.73  0.74  0.73  0.93  0.77  0.95  0.92  0.74  0.74 ]
[ 0.75  0.73  0.92  0.74  0.73  0.74  0.74  0.76  0.73  0.73  0.73  0.74 ]
[ 0.79  0.74  0.75  0.73  0.96  0.73  0.73  0.73  0.74  0.95  0.73  0.73 ]
[ 0.73  0.74  0.73  0.84  0.79  0.73  0.77  0.73  0.81  0.75  0.73  0.73 ]
[ 0.73  0.73  0.73  0.73  0.73  0.73  0.73  0.74  0.73  0.73  0.73  0.74 ]
[ 0.73  0.73  0.73  0.73  0.75  0.73  0.73  0.73  0.74  0.73  0.73  0.73 ]
[ 0.73  0.79  0.75  0.73  0.73  0.78  0.74  0.78  0.74  0.73  0.97  0.73 ]
[ 0.88  0.88  0.73  0.73  0.88  0.73  0.83  0.97  0.73  0.88  0.77  0.73 ]
[ 0.97  0.97  0.97  0.74  0.97  0.97  0.82  0.97  0.87  0.97  0.97  0.74 ]

01/29 04:21:42 AM | === Batch 3/200
01/29 04:21:42 AM | loss = 0.481 + 2.548 + 0.081 = 3.109
01/29 04:21:42 AM | attribution_score[0:12]: 
[ 0.98  0.97  0.60  0.60  0.61  0.61  0.62  0.60  0.60  0.87  0.61  0.87 ]
[ 0.84  0.60  0.89  0.60  0.97  0.67  0.85  0.60  0.70  0.95  0.60  0.61 ]
[ 0.91  0.97  0.60  0.90  0.61  0.90  0.81  0.95  0.64  0.63  0.62  0.97 ]
[ 0.66  0.62  0.77  0.87  0.72  0.75  0.65  0.60  0.97  0.60  0.69  0.97 ]
[ 0.60  0.65  0.96  0.64  0.71  0.74  0.89  0.75  0.96  0.89  0.63  0.63 ]
[ 0.65  0.79  0.88  0.63  0.61  0.62  0.65  0.65  0.61  0.60  0.60  0.72 ]
[ 0.77  0.62  0.73  0.64  0.97  0.61  0.61  0.60  0.63  0.97  0.77  0.61 ]
[ 0.60  0.62  0.60  0.82  0.71  0.66  0.73  0.60  0.81  0.65  0.60  0.60 ]
[ 0.60  0.61  0.60  0.60  0.61  0.60  0.60  0.61  0.63  0.60  0.61  0.76 ]
[ 0.62  0.60  0.60  0.60  0.64  0.63  0.60  0.60  0.63  0.60  0.61  0.62 ]
[ 0.60  0.84  0.80  0.61  0.60  0.72  0.78  0.83  0.61  0.69  0.98  0.61 ]
[ 0.92  0.92  0.74  0.79  0.93  0.73  0.88  0.98  0.65  0.92  0.82  0.62 ]
[ 0.98  0.98  0.98  0.61  0.98  0.98  0.87  0.98  0.92  0.98  0.98  0.62 ]

01/29 04:21:42 AM | === Batch 4/200
01/29 04:21:42 AM | loss = 0.751 + 1.667 + 0.102 = 2.521
01/29 04:21:43 AM | attribution_score[0:12]: 
[ 0.98  0.96  0.45  0.46  0.46  0.53  0.49  0.45  0.45  0.80  0.47  0.86 ]
[ 0.81  0.45  0.84  0.46  0.97  0.56  0.86  0.46  0.69  0.93  0.66  0.47 ]
[ 0.93  0.98  0.45  0.93  0.46  0.93  0.74  0.95  0.51  0.49  0.48  0.97 ]
[ 0.53  0.48  0.76  0.89  0.73  0.74  0.56  0.50  0.98  0.53  0.62  0.98 ]
[ 0.60  0.57  0.96  0.60  0.74  0.76  0.87  0.73  0.97  0.83  0.65  0.51 ]
[ 0.60  0.85  0.81  0.52  0.48  0.48  0.61  0.52  0.47  0.57  0.45  0.66 ]
[ 0.71  0.49  0.69  0.65  0.97  0.50  0.51  0.61  0.50  0.98  0.83  0.48 ]
[ 0.45  0.49  0.46  0.76  0.61  0.58  0.65  0.45  0.86  0.53  0.46  0.45 ]
[ 0.46  0.61  0.45  0.62  0.47  0.45  0.48  0.53  0.67  0.45  0.62  0.82 ]
[ 0.59  0.48  0.45  0.45  0.54  0.62  0.45  0.45  0.66  0.45  0.48  0.57 ]
[ 0.46  0.89  0.84  0.63  0.66  0.63  0.84  0.84  0.68  0.75  0.99  0.68 ]
[ 0.92  0.95  0.79  0.86  0.95  0.74  0.92  0.99  0.55  0.92  0.88  0.69 ]
[ 0.99  0.99  0.99  0.63  0.98  0.99  0.91  0.99  0.95  0.98  0.98  0.52 ]

01/29 04:21:43 AM | === Batch 5/200
01/29 04:21:43 AM | loss = 0.793 + 0.947 + 0.113 = 1.853
01/29 04:21:43 AM | attribution_score[0:12]: 
[ 0.99  0.96  0.32  0.32  0.33  0.46  0.37  0.31  0.31  0.76  0.33  0.88 ]
[ 0.81  0.33  0.77  0.32  0.97  0.43  0.90  0.33  0.66  0.90  0.70  0.37 ]
[ 0.95  0.98  0.31  0.94  0.32  0.95  0.64  0.95  0.37  0.36  0.34  0.97 ]
[ 0.40  0.34  0.74  0.90  0.66  0.77  0.50  0.47  0.98  0.51  0.55  0.98 ]
[ 0.66  0.46  0.94  0.56  0.73  0.81  0.85  0.70  0.97  0.78  0.71  0.49 ]
[ 0.56  0.86  0.72  0.40  0.36  0.41  0.66  0.43  0.36  0.60  0.31  0.65 ]
[ 0.73  0.42  0.67  0.60  0.97  0.41  0.41  0.61  0.47  0.98  0.88  0.42 ]
[ 0.31  0.41  0.34  0.67  0.51  0.47  0.54  0.31  0.88  0.41  0.33  0.32 ]
[ 0.38  0.62  0.31  0.67  0.43  0.31  0.38  0.43  0.74  0.36  0.68  0.87 ]
[ 0.60  0.36  0.31  0.31  0.42  0.60  0.31  0.31  0.73  0.31  0.35  0.53 ]
[ 0.40  0.93  0.84  0.69  0.73  0.65  0.89  0.88  0.76  0.81  0.99  0.76 ]
[ 0.90  0.97  0.83  0.90  0.96  0.77  0.94  0.99  0.43  0.90  0.92  0.77 ]
[ 0.99  0.99  0.99  0.71  0.99  0.99  0.93  0.99  0.97  0.98  0.98  0.40 ]

01/29 04:21:43 AM | === Batch 6/200
01/29 04:21:43 AM | loss = 1.012 + 0.368 + 0.097 = 1.477
01/29 04:21:44 AM | attribution_score[0:12]: 
[ 0.99  0.95  0.22  0.20  0.23  0.39  0.27  0.20  0.20  0.77  0.22  0.91 ]
[ 0.83  0.23  0.67  0.21  0.97  0.31  0.92  0.21  0.60  0.87  0.77  0.35 ]
[ 0.97  0.98  0.20  0.95  0.20  0.96  0.53  0.96  0.25  0.25  0.23  0.98 ]
[ 0.31  0.23  0.76  0.91  0.57  0.75  0.53  0.43  0.98  0.48  0.51  0.98 ]
[ 0.73  0.34  0.92  0.50  0.76  0.86  0.83  0.63  0.98  0.78  0.78  0.53 ]
[ 0.59  0.86  0.60  0.30  0.24  0.43  0.73  0.33  0.27  0.66  0.20  0.67 ]
[ 0.79  0.36  0.68  0.57  0.97  0.31  0.30  0.55  0.39  0.98  0.92  0.41 ]
[ 0.20  0.35  0.23  0.56  0.41  0.45  0.56  0.20  0.88  0.29  0.24  0.21 ]
[ 0.29  0.59  0.20  0.73  0.43  0.20  0.28  0.35  0.80  0.30  0.75  0.91 ]
[ 0.58  0.25  0.20  0.20  0.36  0.59  0.20  0.20  0.81  0.21  0.26  0.53 ]
[ 0.42  0.95  0.83  0.75  0.80  0.72  0.92  0.91  0.83  0.84  0.99  0.82 ]
[ 0.90  0.98  0.87  0.93  0.97  0.82  0.95  0.99  0.40  0.88  0.95  0.84 ]
[ 0.99  1.00  1.00  0.77  0.99  1.00  0.95  0.99  0.98  0.97  0.97  0.29 ]

01/29 04:21:44 AM | === Batch 7/200
01/29 04:21:44 AM | loss = 1.174 + 0.097 + 0.083 = 1.353
01/29 04:21:44 AM | attribution_score[0:12]: 
[ 0.99  0.96  0.23  0.16  0.21  0.42  0.24  0.16  0.15  0.81  0.19  0.93 ]
[ 0.87  0.19  0.69  0.17  0.97  0.30  0.94  0.16  0.59  0.89  0.83  0.40 ]
[ 0.97  0.97  0.16  0.96  0.17  0.97  0.55  0.96  0.22  0.20  0.19  0.98 ]
[ 0.26  0.18  0.82  0.93  0.58  0.78  0.59  0.47  0.97  0.53  0.56  0.98 ]
[ 0.79  0.34  0.92  0.51  0.79  0.90  0.83  0.67  0.98  0.82  0.84  0.57 ]
[ 0.66  0.88  0.62  0.29  0.22  0.51  0.80  0.31  0.22  0.74  0.15  0.73 ]
[ 0.85  0.38  0.73  0.61  0.98  0.31  0.26  0.54  0.42  0.98  0.95  0.47 ]
[ 0.15  0.37  0.20  0.53  0.41  0.51  0.63  0.15  0.89  0.29  0.24  0.15 ]
[ 0.30  0.64  0.17  0.80  0.47  0.17  0.26  0.38  0.85  0.33  0.82  0.94 ]
[ 0.63  0.26  0.16  0.16  0.37  0.64  0.18  0.17  0.87  0.20  0.25  0.59 ]
[ 0.48  0.96  0.87  0.78  0.83  0.79  0.94  0.94  0.88  0.86  1.00  0.86 ]
[ 0.92  0.99  0.91  0.94  0.98  0.88  0.95  0.99  0.45  0.89  0.97  0.89 ]
[ 1.00  1.00  1.00  0.82  0.99  1.00  0.96  0.99  0.99  0.97  0.96  0.24 ]

01/29 04:21:44 AM | === Batch 8/200
01/29 04:21:44 AM | loss = 1.275 + 0.028 + 0.075 = 1.378
01/29 04:21:45 AM | attribution_score[0:12]: 
[ 0.99  0.96  0.24  0.12  0.18  0.39  0.21  0.12  0.12  0.81  0.16  0.93 ]
[ 0.91  0.16  0.74  0.13  0.97  0.32  0.96  0.12  0.64  0.92  0.80  0.46 ]
[ 0.98  0.97  0.13  0.97  0.13  0.97  0.54  0.96  0.20  0.16  0.17  0.98 ]
[ 0.22  0.13  0.84  0.95  0.62  0.82  0.58  0.50  0.97  0.55  0.56  0.98 ]
[ 0.84  0.37  0.92  0.50  0.78  0.93  0.82  0.70  0.98  0.87  0.84  0.54 ]
[ 0.72  0.90  0.63  0.29  0.20  0.56  0.82  0.30  0.19  0.78  0.11  0.75 ]
[ 0.89  0.37  0.74  0.68  0.98  0.32  0.23  0.57  0.49  0.98  0.96  0.48 ]
[ 0.11  0.38  0.16  0.48  0.42  0.58  0.72  0.11  0.90  0.27  0.21  0.11 ]
[ 0.31  0.66  0.14  0.83  0.50  0.14  0.22  0.36  0.86  0.35  0.84  0.96 ]
[ 0.62  0.25  0.12  0.12  0.38  0.66  0.16  0.13  0.91  0.17  0.24  0.61 ]
[ 0.50  0.97  0.89  0.78  0.85  0.83  0.94  0.96  0.91  0.87  1.00  0.88 ]
[ 0.94  0.99  0.93  0.95  0.98  0.89  0.96  1.00  0.46  0.91  0.98  0.91 ]
[ 1.00  1.00  1.00  0.85  1.00  1.00  0.97  0.99  0.99  0.98  0.97  0.22 ]

01/29 04:21:45 AM | === Batch 9/200
01/29 04:21:45 AM | loss = 1.124 + 0.039 + 0.070 = 1.232
01/29 04:21:45 AM | attribution_score[0:12]: 
[ 0.99  0.97  0.24  0.09  0.16  0.36  0.19  0.09  0.08  0.77  0.12  0.93 ]
[ 0.94  0.14  0.80  0.09  0.95  0.37  0.97  0.09  0.71  0.94  0.75  0.54 ]
[ 0.98  0.96  0.10  0.97  0.10  0.98  0.50  0.97  0.18  0.13  0.16  0.98 ]
[ 0.18  0.10  0.85  0.96  0.69  0.87  0.56  0.47  0.96  0.52  0.53  0.98 ]
[ 0.86  0.43  0.93  0.52  0.74  0.95  0.79  0.75  0.98  0.91  0.82  0.48 ]
[ 0.80  0.93  0.62  0.32  0.17  0.58  0.81  0.30  0.16  0.82  0.08  0.78 ]
[ 0.92  0.35  0.74  0.75  0.98  0.34  0.19  0.54  0.57  0.99  0.96  0.50 ]
[ 0.08  0.36  0.13  0.44  0.41  0.65  0.78  0.08  0.89  0.24  0.18  0.08 ]
[ 0.30  0.66  0.11  0.83  0.53  0.11  0.17  0.33  0.86  0.35  0.84  0.97 ]
[ 0.58  0.22  0.09  0.10  0.37  0.66  0.14  0.10  0.93  0.14  0.24  0.61 ]
[ 0.50  0.97  0.90  0.76  0.87  0.86  0.95  0.97  0.93  0.87  1.00  0.89 ]
[ 0.95  1.00  0.94  0.96  0.99  0.88  0.97  1.00  0.42  0.93  0.98  0.92 ]
[ 1.00  1.00  1.00  0.89  1.00  1.00  0.97  0.99  0.99  0.98  0.97  0.22 ]

01/29 04:21:45 AM | === Batch 10/200
01/29 04:21:45 AM | loss = 0.790 + 0.012 + 0.065 = 0.867
01/29 04:21:46 AM | attribution_score[0:12]: 
[ 1.00  0.98  0.23  0.06  0.13  0.32  0.16  0.06  0.06  0.75  0.09  0.93 ]
[ 0.96  0.12  0.85  0.07  0.93  0.41  0.98  0.07  0.75  0.96  0.69  0.61 ]
[ 0.99  0.95  0.08  0.98  0.08  0.98  0.44  0.97  0.15  0.10  0.15  0.98 ]
[ 0.14  0.07  0.86  0.97  0.73  0.90  0.55  0.45  0.94  0.50  0.52  0.97 ]
[ 0.87  0.47  0.92  0.50  0.68  0.96  0.75  0.78  0.98  0.93  0.80  0.43 ]
[ 0.83  0.94  0.59  0.31  0.13  0.61  0.79  0.30  0.15  0.84  0.06  0.80 ]
[ 0.94  0.37  0.69  0.80  0.98  0.35  0.16  0.48  0.63  0.99  0.97  0.51 ]
[ 0.06  0.38  0.10  0.40  0.40  0.74  0.83  0.06  0.88  0.22  0.16  0.05 ]
[ 0.29  0.66  0.09  0.83  0.57  0.09  0.13  0.30  0.84  0.34  0.84  0.98 ]
[ 0.53  0.18  0.07  0.07  0.38  0.63  0.12  0.08  0.95  0.11  0.24  0.59 ]
[ 0.50  0.98  0.90  0.74  0.87  0.88  0.95  0.98  0.95  0.86  1.00  0.90 ]
[ 0.96  1.00  0.94  0.96  0.99  0.88  0.97  1.00  0.39  0.94  0.99  0.93 ]
[ 1.00  1.00  1.00  0.91  1.00  1.00  0.98  0.99  1.00  0.99  0.98  0.22 ]

01/29 04:21:46 AM | === Batch 11/200
01/29 04:21:46 AM | loss = 0.833 + 0.078 + 0.061 = 0.973
01/29 04:21:46 AM | attribution_score[0:12]: 
[ 1.00  0.98  0.25  0.05  0.12  0.33  0.16  0.05  0.05  0.77  0.08  0.94 ]
[ 0.97  0.12  0.88  0.06  0.93  0.47  0.99  0.05  0.78  0.97  0.68  0.68 ]
[ 0.99  0.95  0.07  0.98  0.06  0.99  0.45  0.97  0.16  0.09  0.15  0.99 ]
[ 0.11  0.06  0.87  0.97  0.77  0.92  0.56  0.46  0.94  0.51  0.56  0.98 ]
[ 0.89  0.52  0.91  0.51  0.67  0.97  0.76  0.83  0.98  0.95  0.79  0.41 ]
[ 0.85  0.95  0.63  0.30  0.12  0.67  0.77  0.34  0.15  0.85  0.05  0.84 ]
[ 0.95  0.42  0.67  0.84  0.99  0.37  0.15  0.41  0.68  0.99  0.97  0.57 ]
[ 0.04  0.41  0.08  0.42  0.44  0.82  0.87  0.05  0.88  0.25  0.16  0.04 ]
[ 0.32  0.71  0.08  0.83  0.64  0.07  0.11  0.32  0.83  0.35  0.86  0.99 ]
[ 0.53  0.15  0.06  0.06  0.41  0.61  0.12  0.06  0.96  0.10  0.27  0.62 ]
[ 0.52  0.98  0.92  0.72  0.87  0.91  0.95  0.99  0.96  0.85  1.00  0.90 ]
[ 0.97  1.00  0.95  0.97  0.99  0.88  0.97  1.00  0.39  0.95  0.99  0.94 ]
[ 1.00  1.00  1.00  0.92  1.00  1.00  0.98  1.00  1.00  0.99  0.98  0.25 ]

01/29 04:21:46 AM | === Batch 12/200
01/29 04:21:46 AM | loss = 0.803 + 0.049 + 0.058 = 0.910
01/29 04:21:47 AM | attribution_score[0:12]: 
[ 1.00  0.99  0.24  0.04  0.11  0.36  0.14  0.04  0.04  0.78  0.07  0.94 ]
[ 0.98  0.12  0.91  0.05  0.93  0.54  0.99  0.04  0.82  0.98  0.70  0.71 ]
[ 0.99  0.95  0.06  0.98  0.05  0.99  0.45  0.98  0.15  0.08  0.15  0.99 ]
[ 0.09  0.05  0.88  0.97  0.81  0.93  0.55  0.52  0.94  0.53  0.60  0.98 ]
[ 0.90  0.56  0.89  0.53  0.65  0.97  0.78  0.85  0.98  0.96  0.80  0.37 ]
[ 0.85  0.95  0.65  0.25  0.11  0.71  0.76  0.33  0.16  0.85  0.04  0.87 ]
[ 0.96  0.48  0.63  0.85  0.99  0.33  0.13  0.35  0.68  0.99  0.98  0.63 ]
[ 0.03  0.44  0.07  0.42  0.45  0.83  0.90  0.04  0.89  0.27  0.16  0.03 ]
[ 0.34  0.76  0.07  0.84  0.71  0.06  0.09  0.33  0.83  0.34  0.87  0.99 ]
[ 0.54  0.13  0.05  0.05  0.45  0.57  0.11  0.05  0.97  0.09  0.30  0.63 ]
[ 0.54  0.98  0.93  0.71  0.88  0.93  0.95  0.99  0.97  0.83  1.00  0.90 ]
[ 0.97  1.00  0.95  0.97  0.99  0.89  0.97  1.00  0.38  0.96  0.99  0.95 ]
[ 1.00  1.00  1.00  0.93  1.00  1.00  0.98  1.00  1.00  0.99  0.99  0.25 ]

01/29 04:21:47 AM | === Batch 13/200
01/29 04:21:47 AM | loss = 0.616 + 0.106 + 0.055 = 0.777
01/29 04:21:47 AM | attribution_score[0:12]: 
[ 1.00  0.99  0.24  0.03  0.10  0.42  0.13  0.04  0.03  0.81  0.06  0.95 ]
[ 0.98  0.13  0.92  0.04  0.92  0.62  0.99  0.03  0.85  0.98  0.74  0.72 ]
[ 0.99  0.94  0.05  0.99  0.04  0.99  0.44  0.98  0.14  0.06  0.14  0.99 ]
[ 0.08  0.04  0.89  0.98  0.85  0.94  0.56  0.59  0.94  0.56  0.62  0.98 ]
[ 0.91  0.55  0.88  0.53  0.64  0.98  0.80  0.86  0.98  0.97  0.81  0.34 ]
[ 0.86  0.96  0.65  0.23  0.10  0.75  0.75  0.32  0.16  0.83  0.03  0.89 ]
[ 0.96  0.47  0.58  0.86  0.99  0.29  0.12  0.34  0.69  0.99  0.98  0.66 ]
[ 0.03  0.47  0.06  0.41  0.44  0.84  0.91  0.03  0.92  0.29  0.16  0.03 ]
[ 0.33  0.81  0.06  0.85  0.76  0.05  0.08  0.34  0.82  0.32  0.89  0.99 ]
[ 0.54  0.11  0.04  0.04  0.48  0.53  0.10  0.04  0.97  0.08  0.33  0.64 ]
[ 0.53  0.99  0.94  0.70  0.88  0.94  0.96  0.99  0.98  0.83  1.00  0.91 ]
[ 0.98  1.00  0.95  0.98  0.99  0.90  0.97  1.00  0.37  0.97  0.99  0.96 ]
[ 1.00  1.00  1.00  0.93  1.00  1.00  0.99  1.00  1.00  0.99  0.99  0.24 ]

01/29 04:21:47 AM | === Batch 14/200
01/29 04:21:47 AM | loss = 0.739 + 0.138 + 0.053 = 0.930
01/29 04:21:48 AM | attribution_score[0:12]: 
[ 1.00  0.99  0.22  0.03  0.08  0.48  0.12  0.03  0.02  0.82  0.05  0.95 ]
[ 0.99  0.13  0.93  0.03  0.93  0.69  0.99  0.03  0.88  0.98  0.78  0.70 ]
[ 0.99  0.94  0.04  0.99  0.03  0.99  0.41  0.98  0.13  0.05  0.13  0.99 ]
[ 0.07  0.03  0.90  0.98  0.87  0.94  0.56  0.67  0.94  0.60  0.64  0.98 ]
[ 0.92  0.50  0.84  0.53  0.67  0.98  0.82  0.86  0.99  0.97  0.82  0.35 ]
[ 0.85  0.96  0.65  0.19  0.09  0.78  0.74  0.28  0.16  0.81  0.03  0.91 ]
[ 0.97  0.48  0.50  0.85  0.99  0.24  0.11  0.32  0.70  0.99  0.98  0.69 ]
[ 0.02  0.48  0.05  0.38  0.41  0.83  0.93  0.02  0.93  0.29  0.16  0.02 ]
[ 0.29  0.85  0.05  0.85  0.80  0.04  0.06  0.35  0.81  0.29  0.90  0.99 ]
[ 0.53  0.08  0.03  0.04  0.49  0.46  0.09  0.04  0.98  0.07  0.34  0.63 ]
[ 0.53  0.99  0.95  0.71  0.88  0.95  0.96  0.99  0.98  0.83  1.00  0.91 ]
[ 0.98  1.00  0.95  0.98  1.00  0.90  0.98  1.00  0.35  0.98  0.99  0.96 ]
[ 1.00  1.00  1.00  0.94  1.00  1.00  0.99  1.00  1.00  0.99  0.99  0.22 ]

01/29 04:21:48 AM | === Batch 15/200
01/29 04:21:48 AM | loss = 0.657 + 0.140 + 0.050 = 0.847
01/29 04:21:48 AM | attribution_score[0:12]: 
[ 1.00  0.99  0.19  0.02  0.07  0.54  0.11  0.03  0.02  0.84  0.04  0.95 ]
[ 0.99  0.13  0.94  0.03  0.92  0.74  0.99  0.02  0.91  0.98  0.81  0.67 ]
[ 0.99  0.94  0.03  0.99  0.03  0.99  0.37  0.98  0.12  0.05  0.12  0.98 ]
[ 0.06  0.03  0.91  0.98  0.90  0.94  0.58  0.73  0.95  0.62  0.65  0.98 ]
[ 0.93  0.45  0.80  0.55  0.71  0.98  0.84  0.86  0.99  0.98  0.83  0.40 ]
[ 0.86  0.96  0.64  0.17  0.08  0.80  0.74  0.25  0.16  0.80  0.02  0.92 ]
[ 0.97  0.50  0.45  0.84  0.99  0.20  0.10  0.33  0.69  0.99  0.99  0.73 ]
[ 0.02  0.50  0.04  0.33  0.37  0.81  0.94  0.02  0.94  0.27  0.17  0.02 ]
[ 0.26  0.88  0.05  0.86  0.84  0.04  0.05  0.35  0.82  0.26  0.91  1.00 ]
[ 0.53  0.07  0.03  0.03  0.49  0.42  0.08  0.03  0.98  0.06  0.33  0.64 ]
[ 0.52  0.99  0.95  0.73  0.89  0.96  0.96  0.99  0.98  0.83  1.00  0.92 ]
[ 0.98  1.00  0.95  0.98  1.00  0.91  0.98  1.00  0.32  0.98  0.99  0.96 ]
[ 1.00  1.00  1.00  0.94  1.00  1.00  0.99  1.00  1.00  1.00  0.99  0.19 ]

01/29 04:21:48 AM | === Batch 16/200
01/29 04:21:48 AM | loss = 0.503 + 0.125 + 0.048 = 0.676
01/29 04:21:49 AM | attribution_score[0:12]: 
[ 1.00  0.99  0.16  0.02  0.06  0.61  0.10  0.02  0.02  0.85  0.03  0.95 ]
[ 0.99  0.13  0.94  0.02  0.92  0.78  0.99  0.02  0.93  0.99  0.83  0.63 ]
[ 1.00  0.94  0.03  0.99  0.02  0.99  0.32  0.98  0.11  0.04  0.11  0.98 ]
[ 0.05  0.02  0.91  0.97  0.91  0.94  0.62  0.77  0.94  0.62  0.64  0.98 ]
[ 0.93  0.39  0.76  0.57  0.74  0.99  0.84  0.85  0.99  0.98  0.85  0.43 ]
[ 0.86  0.96  0.62  0.15  0.07  0.82  0.76  0.22  0.16  0.78  0.02  0.93 ]
[ 0.97  0.53  0.38  0.84  0.99  0.17  0.09  0.31  0.65  0.99  0.99  0.77 ]
[ 0.02  0.51  0.04  0.30  0.31  0.79  0.95  0.02  0.95  0.25  0.19  0.02 ]
[ 0.24  0.90  0.04  0.87  0.87  0.03  0.04  0.36  0.83  0.25  0.93  1.00 ]
[ 0.53  0.06  0.02  0.03  0.50  0.39  0.07  0.02  0.98  0.05  0.31  0.64 ]
[ 0.51  0.99  0.96  0.73  0.90  0.97  0.97  0.99  0.99  0.82  1.00  0.92 ]
[ 0.98  1.00  0.95  0.99  1.00  0.91  0.98  1.00  0.29  0.98  0.99  0.97 ]
[ 1.00  1.00  1.00  0.95  1.00  1.00  0.99  1.00  1.00  1.00  0.99  0.16 ]

01/29 04:21:49 AM | === Batch 17/200
01/29 04:21:49 AM | loss = 0.528 + 0.092 + 0.046 = 0.666
01/29 04:21:49 AM | attribution_score[0:12]: 
[ 1.00  0.99  0.14  0.01  0.05  0.64  0.09  0.02  0.01  0.86  0.03  0.96 ]
[ 0.99  0.12  0.95  0.02  0.92  0.80  0.99  0.02  0.94  0.99  0.85  0.58 ]
[ 1.00  0.93  0.02  0.99  0.02  0.99  0.27  0.99  0.10  0.03  0.10  0.98 ]
[ 0.04  0.02  0.91  0.97  0.93  0.94  0.66  0.81  0.94  0.60  0.63  0.98 ]
[ 0.93  0.33  0.71  0.57  0.77  0.99  0.84  0.84  0.99  0.98  0.87  0.46 ]
[ 0.87  0.96  0.59  0.13  0.06  0.82  0.76  0.19  0.16  0.76  0.02  0.94 ]
[ 0.97  0.57  0.32  0.83  0.99  0.14  0.07  0.30  0.61  0.99  0.99  0.80 ]
[ 0.01  0.49  0.04  0.26  0.26  0.77  0.96  0.01  0.95  0.24  0.21  0.01 ]
[ 0.23  0.92  0.04  0.88  0.89  0.03  0.04  0.35  0.83  0.24  0.93  1.00 ]
[ 0.51  0.04  0.02  0.02  0.52  0.35  0.06  0.02  0.99  0.04  0.29  0.64 ]
[ 0.49  0.99  0.96  0.72  0.91  0.97  0.97  1.00  0.99  0.81  1.00  0.92 ]
[ 0.99  1.00  0.95  0.99  1.00  0.91  0.98  1.00  0.26  0.98  0.99  0.97 ]
[ 1.00  1.00  1.00  0.96  1.00  1.00  0.99  1.00  1.00  1.00  0.99  0.14 ]

01/29 04:21:49 AM | === Batch 18/200
01/29 04:21:49 AM | loss = 0.458 + 0.044 + 0.044 = 0.546
01/29 04:21:50 AM | attribution_score[0:12]: 
[ 1.00  0.99  0.12  0.01  0.04  0.67  0.08  0.02  0.01  0.88  0.02  0.96 ]
[ 0.99  0.11  0.95  0.02  0.93  0.80  1.00  0.01  0.94  0.99  0.88  0.54 ]
[ 1.00  0.94  0.02  0.99  0.02  0.99  0.23  0.99  0.09  0.03  0.09  0.98 ]
[ 0.04  0.02  0.92  0.97  0.94  0.94  0.70  0.83  0.94  0.56  0.61  0.98 ]
[ 0.93  0.29  0.65  0.53  0.77  0.99  0.82  0.83  0.99  0.98  0.88  0.50 ]
[ 0.87  0.96  0.56  0.10  0.05  0.82  0.74  0.17  0.15  0.71  0.01  0.95 ]
[ 0.97  0.60  0.25  0.82  0.99  0.12  0.06  0.28  0.59  0.99  0.99  0.82 ]
[ 0.01  0.46  0.03  0.22  0.21  0.76  0.96  0.01  0.96  0.24  0.22  0.01 ]
[ 0.21  0.93  0.03  0.88  0.91  0.02  0.03  0.33  0.82  0.24  0.94  1.00 ]
[ 0.48  0.04  0.02  0.02  0.53  0.30  0.05  0.02  0.99  0.03  0.28  0.63 ]
[ 0.46  0.99  0.96  0.70  0.91  0.98  0.97  1.00  0.99  0.79  1.00  0.93 ]
[ 0.99  1.00  0.95  0.99  1.00  0.91  0.98  1.00  0.23  0.98  1.00  0.97 ]
[ 1.00  1.00  1.00  0.96  1.00  1.00  0.99  1.00  1.00  1.00  0.99  0.12 ]

01/29 04:21:50 AM | === Batch 19/200
01/29 04:21:50 AM | loss = 0.382 + 0.023 + 0.043 = 0.447
01/29 04:21:50 AM | attribution_score[0:12]: 
[ 1.00  0.99  0.12  0.01  0.04  0.70  0.07  0.01  0.01  0.90  0.02  0.96 ]
[ 1.00  0.10  0.95  0.01  0.94  0.81  1.00  0.01  0.95  0.99  0.89  0.52 ]
[ 1.00  0.95  0.02  0.99  0.01  0.99  0.21  0.99  0.09  0.02  0.08  0.98 ]
[ 0.04  0.01  0.92  0.97  0.95  0.94  0.75  0.85  0.95  0.56  0.63  0.98 ]
[ 0.94  0.28  0.67  0.52  0.79  0.99  0.81  0.83  0.99  0.99  0.90  0.55 ]
[ 0.87  0.96  0.56  0.09  0.04  0.83  0.74  0.17  0.15  0.66  0.01  0.95 ]
[ 0.97  0.64  0.20  0.82  0.99  0.10  0.06  0.29  0.60  0.99  0.99  0.85 ]
[ 0.01  0.46  0.03  0.22  0.19  0.77  0.97  0.01  0.96  0.27  0.25  0.01 ]
[ 0.23  0.94  0.03  0.89  0.92  0.02  0.03  0.33  0.83  0.27  0.95  1.00 ]
[ 0.48  0.03  0.01  0.02  0.58  0.30  0.05  0.02  0.99  0.03  0.28  0.66 ]
[ 0.46  0.99  0.97  0.69  0.91  0.98  0.97  1.00  0.99  0.78  1.00  0.93 ]
[ 0.99  1.00  0.95  0.99  1.00  0.92  0.98  1.00  0.22  0.98  1.00  0.98 ]
[ 1.00  1.00  1.00  0.96  1.00  1.00  0.99  1.00  1.00  1.00  0.99  0.11 ]

01/29 04:21:50 AM | === Batch 20/200
01/29 04:21:50 AM | loss = 0.635 + 0.018 + 0.041 = 0.694
01/29 04:21:51 AM | === Batch 21/200
01/29 04:21:51 AM | loss = 0.457 + 0.033 + 0.040 = 0.530
01/29 04:21:51 AM | === Batch 22/200
01/29 04:21:51 AM | loss = 0.691 + 0.034 + 0.038 = 0.763
01/29 04:21:52 AM | === Batch 23/200
01/29 04:21:52 AM | loss = 0.485 + 0.018 + 0.037 = 0.540
01/29 04:21:52 AM | === Batch 24/200
01/29 04:21:52 AM | loss = 0.495 + 0.021 + 0.036 = 0.552
01/29 04:21:53 AM | === Batch 25/200
01/29 04:21:53 AM | loss = 0.389 + 0.019 + 0.035 = 0.443
01/29 04:21:53 AM | === Batch 26/200
01/29 04:21:53 AM | loss = 0.425 + 0.035 + 0.034 = 0.494
01/29 04:21:54 AM | === Batch 27/200
01/29 04:21:54 AM | loss = 0.361 + 0.033 + 0.033 = 0.428
01/29 04:21:54 AM | === Batch 28/200
01/29 04:21:54 AM | loss = 0.464 + 0.019 + 0.032 = 0.514
01/29 04:21:54 AM | === Batch 29/200
01/29 04:21:55 AM | loss = 0.522 + 0.004 + 0.031 = 0.557
01/29 04:21:55 AM | === Batch 30/200
01/29 04:21:55 AM | loss = 0.706 + 0.027 + 0.031 = 0.764
01/29 04:21:55 AM | === Batch 31/200
01/29 04:21:55 AM | loss = 0.329 + 0.042 + 0.030 = 0.401
01/29 04:21:56 AM | === Batch 32/200
01/29 04:21:56 AM | loss = 0.401 + 0.044 + 0.029 = 0.474
01/29 04:21:56 AM | === Batch 33/200
01/29 04:21:56 AM | loss = 0.314 + 0.035 + 0.029 = 0.377
01/29 04:21:57 AM | === Batch 34/200
01/29 04:21:57 AM | loss = 0.374 + 0.012 + 0.028 = 0.415
01/29 04:21:57 AM | === Batch 35/200
01/29 04:21:57 AM | loss = 0.487 + 0.039 + 0.028 = 0.553
01/29 04:21:57 AM | === Batch 36/200
01/29 04:21:58 AM | loss = 0.519 + 0.016 + 0.027 = 0.562
01/29 04:21:58 AM | === Batch 37/200
01/29 04:21:58 AM | loss = 0.414 + 0.040 + 0.027 = 0.480
01/29 04:21:59 AM | === Batch 38/200
01/29 04:21:59 AM | loss = 0.401 + 0.070 + 0.026 = 0.497
01/29 04:21:59 AM | === Batch 39/200
01/29 04:21:59 AM | loss = 0.381 + 0.085 + 0.026 = 0.491
01/29 04:22:00 AM | === Batch 40/200
01/29 04:22:00 AM | loss = 0.471 + 0.089 + 0.025 = 0.585
01/29 04:22:00 AM | === Batch 41/200
01/29 04:22:00 AM | loss = 0.395 + 0.084 + 0.025 = 0.503
01/29 04:22:01 AM | === Batch 42/200
01/29 04:22:01 AM | loss = 0.384 + 0.069 + 0.024 = 0.477
01/29 04:22:01 AM | === Batch 43/200
01/29 04:22:01 AM | loss = 0.388 + 0.045 + 0.024 = 0.457
01/29 04:22:02 AM | === Batch 44/200
01/29 04:22:02 AM | loss = 0.287 + 0.014 + 0.024 = 0.325
01/29 04:22:02 AM | === Batch 45/200
01/29 04:22:02 AM | loss = 0.566 + 0.046 + 0.023 = 0.635
01/29 04:22:02 AM | === Batch 46/200
01/29 04:22:03 AM | loss = 0.387 + 0.045 + 0.023 = 0.455
01/29 04:22:03 AM | === Batch 47/200
01/29 04:22:03 AM | loss = 0.654 + 0.010 + 0.022 = 0.686
01/29 04:22:03 AM | === Batch 48/200
01/29 04:22:03 AM | loss = 0.310 + 0.031 + 0.022 = 0.363
01/29 04:22:04 AM | === Batch 49/200
01/29 04:22:04 AM | loss = 0.508 + 0.041 + 0.022 = 0.570
01/29 04:22:04 AM | === Batch 50/200
01/29 04:22:04 AM | loss = 0.596 + 0.043 + 0.021 = 0.660
01/29 04:22:05 AM | === Batch 51/200
01/29 04:22:05 AM | loss = 0.367 + 0.034 + 0.021 = 0.422
01/29 04:22:05 AM | === Batch 52/200
01/29 04:22:05 AM | loss = 0.473 + 0.020 + 0.021 = 0.514
01/29 04:22:05 AM | === Batch 53/200
01/29 04:22:06 AM | loss = 0.303 + 0.002 + 0.021 = 0.326
01/29 04:22:06 AM | === Batch 54/200
01/29 04:22:06 AM | loss = 0.480 + 0.010 + 0.021 = 0.510
01/29 04:22:06 AM | === Batch 55/200
01/29 04:22:07 AM | loss = 0.362 + 0.014 + 0.020 = 0.396
01/29 04:22:07 AM | === Batch 56/200
01/29 04:22:07 AM | loss = 0.623 + 0.009 + 0.020 = 0.652
01/29 04:22:07 AM | === Batch 57/200
01/29 04:22:07 AM | loss = 0.500 + 0.000 + 0.020 = 0.521
01/29 04:22:08 AM | === Batch 58/200
01/29 04:22:08 AM | loss = 0.417 + 0.019 + 0.020 = 0.456
01/29 04:22:08 AM | === Batch 59/200
01/29 04:22:08 AM | loss = 0.292 + 0.029 + 0.019 = 0.340
01/29 04:22:09 AM | === Batch 60/200
01/29 04:22:09 AM | loss = 0.490 + 0.029 + 0.019 = 0.539
01/29 04:22:09 AM | === Batch 61/200
01/29 04:22:09 AM | loss = 0.561 + 0.020 + 0.019 = 0.600
01/29 04:22:10 AM | === Batch 62/200
01/29 04:22:10 AM | loss = 0.589 + 0.005 + 0.019 = 0.613
01/29 04:22:10 AM | === Batch 63/200
01/29 04:22:10 AM | loss = 0.440 + 0.026 + 0.019 = 0.485
01/29 04:22:10 AM | === Batch 64/200
01/29 04:22:11 AM | loss = 0.328 + 0.005 + 0.019 = 0.351
01/29 04:22:11 AM | === Batch 65/200
01/29 04:22:11 AM | loss = 0.466 + 0.032 + 0.018 = 0.516
01/29 04:22:11 AM | === Batch 66/200
01/29 04:22:12 AM | loss = 0.573 + 0.053 + 0.018 = 0.644
01/29 04:22:12 AM | === Batch 67/200
01/29 04:22:12 AM | loss = 0.296 + 0.063 + 0.018 = 0.376
01/29 04:22:12 AM | === Batch 68/200
01/29 04:22:12 AM | loss = 0.347 + 0.062 + 0.018 = 0.427
01/29 04:22:13 AM | === Batch 69/200
01/29 04:22:13 AM | loss = 0.596 + 0.054 + 0.018 = 0.668
01/29 04:22:13 AM | === Batch 70/200
01/29 04:22:13 AM | loss = 0.400 + 0.039 + 0.017 = 0.457
01/29 04:22:13 AM | === Batch 71/200
01/29 04:22:14 AM | loss = 0.570 + 0.017 + 0.017 = 0.605
01/29 04:22:14 AM | === Batch 72/200
01/29 04:22:14 AM | loss = 0.469 + 0.012 + 0.017 = 0.499
01/29 04:22:14 AM | === Batch 73/200
01/29 04:22:15 AM | loss = 0.432 + 0.003 + 0.017 = 0.453
01/29 04:22:15 AM | === Batch 74/200
01/29 04:22:15 AM | loss = 0.334 + 0.027 + 0.017 = 0.378
01/29 04:22:15 AM | === Batch 75/200
01/29 04:22:15 AM | loss = 0.515 + 0.044 + 0.017 = 0.575
01/29 04:22:16 AM | === Batch 76/200
01/29 04:22:16 AM | loss = 0.323 + 0.053 + 0.016 = 0.393
01/29 04:22:16 AM | === Batch 77/200
01/29 04:22:16 AM | loss = 0.302 + 0.052 + 0.016 = 0.370
01/29 04:22:17 AM | === Batch 78/200
01/29 04:22:17 AM | loss = 0.425 + 0.044 + 0.016 = 0.486
01/29 04:22:17 AM | === Batch 79/200
01/29 04:22:17 AM | loss = 0.546 + 0.032 + 0.016 = 0.595
01/29 04:22:17 AM | === Batch 80/200
01/29 04:22:18 AM | loss = 0.530 + 0.015 + 0.016 = 0.561
01/29 04:22:18 AM | === Batch 81/200
01/29 04:22:18 AM | loss = 0.377 + 0.012 + 0.016 = 0.405
01/29 04:22:18 AM | === Batch 82/200
01/29 04:22:18 AM | loss = 0.438 + 0.004 + 0.016 = 0.458
01/29 04:22:19 AM | === Batch 83/200
01/29 04:22:19 AM | loss = 0.336 + 0.024 + 0.015 = 0.376
01/29 04:22:19 AM | === Batch 84/200
01/29 04:22:19 AM | loss = 0.421 + 0.041 + 0.015 = 0.477
01/29 04:22:20 AM | === Batch 85/200
01/29 04:22:20 AM | loss = 0.246 + 0.051 + 0.015 = 0.312
01/29 04:22:20 AM | === Batch 86/200
01/29 04:22:20 AM | loss = 0.440 + 0.051 + 0.015 = 0.506
01/29 04:22:21 AM | === Batch 87/200
01/29 04:22:21 AM | loss = 0.221 + 0.045 + 0.015 = 0.280
01/29 04:22:21 AM | === Batch 88/200
01/29 04:22:21 AM | loss = 0.418 + 0.032 + 0.014 = 0.464
01/29 04:22:22 AM | === Batch 89/200
01/29 04:22:22 AM | loss = 0.390 + 0.014 + 0.014 = 0.418
01/29 04:22:22 AM | === Batch 90/200
01/29 04:22:22 AM | loss = 0.542 + 0.017 + 0.014 = 0.573
01/29 04:22:23 AM | === Batch 91/200
01/29 04:22:23 AM | loss = 0.489 + 0.018 + 0.014 = 0.521
01/29 04:22:23 AM | === Batch 92/200
01/29 04:22:23 AM | loss = 0.339 + 0.009 + 0.014 = 0.362
01/29 04:22:24 AM | === Batch 93/200
01/29 04:22:24 AM | loss = 0.357 + 0.019 + 0.014 = 0.390
01/29 04:22:24 AM | === Batch 94/200
01/29 04:22:24 AM | loss = 0.476 + 0.024 + 0.014 = 0.513
01/29 04:22:24 AM | === Batch 95/200
01/29 04:22:25 AM | loss = 0.453 + 0.023 + 0.014 = 0.491
01/29 04:22:25 AM | === Batch 96/200
01/29 04:22:25 AM | loss = 0.420 + 0.017 + 0.014 = 0.451
01/29 04:22:25 AM | === Batch 97/200
01/29 04:22:25 AM | loss = 0.472 + 0.005 + 0.014 = 0.492
01/29 04:22:26 AM | === Batch 98/200
01/29 04:22:26 AM | loss = 0.502 + 0.021 + 0.014 = 0.536
01/29 04:22:26 AM | === Batch 99/200
01/29 04:22:26 AM | loss = 0.320 + 0.006 + 0.014 = 0.340
01/29 04:22:27 AM | === Batch 100/200
01/29 04:22:27 AM | loss = 0.537 + 0.022 + 0.014 = 0.573
01/29 04:22:27 AM | attribution_score[0:12]: 
[ 1.00  1.00  0.59  0.00  0.00  0.93  0.01  0.00  0.00  0.99  0.00  1.00 ]
[ 1.00  0.01  0.98  0.00  0.99  0.96  1.00  0.00  0.99  1.00  0.95  0.05 ]
[ 1.00  1.00  0.00  1.00  0.00  1.00  0.03  0.98  0.01  0.00  0.03  1.00 ]
[ 0.02  0.00  0.99  1.00  0.86  0.95  0.95  0.08  0.99  0.09  0.95  0.98 ]
[ 0.98  0.38  0.26  0.98  0.80  1.00  0.03  0.49  1.00  0.99  0.98  0.94 ]
[ 0.99  0.99  0.03  0.01  0.01  0.97  0.08  0.10  0.03  0.11  0.00  0.98 ]
[ 0.97  0.99  0.02  0.99  1.00  0.03  0.00  0.94  0.99  1.00  1.00  0.98 ]
[ 0.00  0.01  0.01  0.96  0.05  0.99  0.99  0.00  1.00  0.08  0.96  0.00 ]
[ 0.94  1.00  0.01  0.99  0.99  0.00  0.00  0.02  0.96  0.68  0.99  1.00 ]
[ 0.08  0.00  0.00  0.00  0.99  0.03  0.01  0.00  1.00  0.00  0.03  0.96 ]
[ 0.01  1.00  0.99  0.01  0.98  1.00  0.99  1.00  1.00  0.98  1.00  0.98 ]
[ 1.00  1.00  0.99  1.00  1.00  0.97  1.00  1.00  0.01  1.00  1.00  0.99 ]
[ 1.00  1.00  1.00  0.99  1.00  1.00  1.00  1.00  1.00  1.00  1.00  0.01 ]

01/29 04:22:27 AM | === Batch 101/200
01/29 04:22:27 AM | loss = 0.452 + 0.039 + 0.013 = 0.505
01/29 04:22:28 AM | === Batch 102/200
01/29 04:22:28 AM | loss = 0.230 + 0.048 + 0.013 = 0.292
01/29 04:22:28 AM | === Batch 103/200
01/29 04:22:28 AM | loss = 0.493 + 0.050 + 0.013 = 0.556
01/29 04:22:28 AM | === Batch 104/200
01/29 04:22:29 AM | loss = 0.341 + 0.046 + 0.013 = 0.401
01/29 04:22:29 AM | === Batch 105/200
01/29 04:22:29 AM | loss = 0.508 + 0.038 + 0.013 = 0.559
01/29 04:22:29 AM | === Batch 106/200
01/29 04:22:30 AM | loss = 0.337 + 0.024 + 0.013 = 0.374
01/29 04:22:30 AM | === Batch 107/200
01/29 04:22:30 AM | loss = 0.353 + 0.004 + 0.013 = 0.370
01/29 04:22:30 AM | === Batch 108/200
01/29 04:22:30 AM | loss = 0.498 + 0.040 + 0.014 = 0.551
01/29 04:22:31 AM | === Batch 109/200
01/29 04:22:31 AM | loss = 0.276 + 0.038 + 0.013 = 0.328
01/29 04:22:31 AM | === Batch 110/200
01/29 04:22:31 AM | loss = 0.511 + 0.002 + 0.013 = 0.527
01/29 04:22:32 AM | === Batch 111/200
01/29 04:22:32 AM | loss = 0.566 + 0.017 + 0.013 = 0.595
01/29 04:22:32 AM | === Batch 112/200
01/29 04:22:32 AM | loss = 0.312 + 0.024 + 0.013 = 0.350
01/29 04:22:33 AM | === Batch 113/200
01/29 04:22:33 AM | loss = 0.316 + 0.025 + 0.013 = 0.355
01/29 04:22:33 AM | === Batch 114/200
01/29 04:22:33 AM | loss = 0.365 + 0.019 + 0.013 = 0.397
01/29 04:22:34 AM | === Batch 115/200
01/29 04:22:34 AM | loss = 0.536 + 0.006 + 0.013 = 0.555
01/29 04:22:34 AM | === Batch 116/200
01/29 04:22:34 AM | loss = 0.408 + 0.023 + 0.013 = 0.443
01/29 04:22:35 AM | === Batch 117/200
01/29 04:22:35 AM | loss = 0.343 + 0.014 + 0.013 = 0.370
01/29 04:22:35 AM | === Batch 118/200
01/29 04:22:35 AM | loss = 0.474 + 0.016 + 0.013 = 0.502
01/29 04:22:36 AM | === Batch 119/200
01/29 04:22:36 AM | loss = 0.409 + 0.029 + 0.012 = 0.451
01/29 04:22:36 AM | === Batch 120/200
01/29 04:22:36 AM | loss = 0.395 + 0.036 + 0.012 = 0.444
01/29 04:22:37 AM | === Batch 121/200
01/29 04:22:37 AM | loss = 0.396 + 0.037 + 0.012 = 0.445
01/29 04:22:37 AM | === Batch 122/200
01/29 04:22:37 AM | loss = 0.369 + 0.028 + 0.012 = 0.409
01/29 04:22:37 AM | === Batch 123/200
01/29 04:22:38 AM | loss = 0.208 + 0.016 + 0.012 = 0.236
01/29 04:22:38 AM | === Batch 124/200
01/29 04:22:38 AM | loss = 0.459 + 0.004 + 0.012 = 0.476
01/29 04:22:38 AM | === Batch 125/200
01/29 04:22:39 AM | loss = 0.515 + 0.001 + 0.012 = 0.528
01/29 04:22:39 AM | === Batch 126/200
01/29 04:22:39 AM | loss = 0.271 + 0.001 + 0.012 = 0.285
01/29 04:22:39 AM | === Batch 127/200
01/29 04:22:39 AM | loss = 0.407 + 0.017 + 0.012 = 0.436
01/29 04:22:40 AM | === Batch 128/200
01/29 04:22:40 AM | loss = 0.327 + 0.028 + 0.012 = 0.367
01/29 04:22:40 AM | === Batch 129/200
01/29 04:22:40 AM | loss = 0.244 + 0.032 + 0.012 = 0.287
01/29 04:22:41 AM | === Batch 130/200
01/29 04:22:41 AM | loss = 0.288 + 0.029 + 0.012 = 0.329
01/29 04:22:41 AM | === Batch 131/200
01/29 04:22:41 AM | loss = 0.471 + 0.021 + 0.012 = 0.503
01/29 04:22:41 AM | === Batch 132/200
01/29 04:22:42 AM | loss = 0.358 + 0.008 + 0.012 = 0.378
01/29 04:22:42 AM | === Batch 133/200
01/29 04:22:42 AM | loss = 0.441 + 0.015 + 0.012 = 0.468
01/29 04:22:42 AM | === Batch 134/200
01/29 04:22:43 AM | loss = 0.396 + 0.004 + 0.012 = 0.412
01/29 04:22:43 AM | === Batch 135/200
01/29 04:22:43 AM | loss = 0.295 + 0.020 + 0.011 = 0.326
01/29 04:22:43 AM | === Batch 136/200
01/29 04:22:43 AM | loss = 0.403 + 0.034 + 0.011 = 0.448
01/29 04:22:44 AM | === Batch 137/200
01/29 04:22:44 AM | loss = 0.307 + 0.040 + 0.011 = 0.358
01/29 04:22:44 AM | === Batch 138/200
01/29 04:22:44 AM | loss = 0.538 + 0.042 + 0.011 = 0.591
01/29 04:22:45 AM | === Batch 139/200
01/29 04:22:45 AM | loss = 0.271 + 0.036 + 0.011 = 0.318
01/29 04:22:45 AM | === Batch 140/200
01/29 04:22:45 AM | loss = 0.483 + 0.028 + 0.011 = 0.522
01/29 04:22:46 AM | === Batch 141/200
01/29 04:22:46 AM | loss = 0.483 + 0.014 + 0.011 = 0.509
01/29 04:22:46 AM | === Batch 142/200
01/29 04:22:46 AM | loss = 0.256 + 0.007 + 0.011 = 0.273
01/29 04:22:47 AM | === Batch 143/200
01/29 04:22:47 AM | loss = 0.475 + 0.004 + 0.011 = 0.489
01/29 04:22:47 AM | === Batch 144/200
01/29 04:22:47 AM | loss = 0.366 + 0.016 + 0.011 = 0.393
01/29 04:22:48 AM | === Batch 145/200
01/29 04:22:48 AM | loss = 0.338 + 0.027 + 0.011 = 0.376
01/29 04:22:48 AM | === Batch 146/200
01/29 04:22:48 AM | loss = 0.376 + 0.034 + 0.010 = 0.421
01/29 04:22:48 AM | === Batch 147/200
01/29 04:22:49 AM | loss = 0.458 + 0.035 + 0.010 = 0.504
01/29 04:22:49 AM | === Batch 148/200
01/29 04:22:49 AM | loss = 0.458 + 0.032 + 0.010 = 0.500
01/29 04:22:49 AM | === Batch 149/200
01/29 04:22:50 AM | loss = 0.383 + 0.025 + 0.010 = 0.418
01/29 04:22:50 AM | === Batch 150/200
01/29 04:22:50 AM | loss = 0.385 + 0.017 + 0.010 = 0.413
01/29 04:22:50 AM | === Batch 151/200
01/29 04:22:50 AM | loss = 0.175 + 0.007 + 0.010 = 0.192
01/29 04:22:51 AM | === Batch 152/200
01/29 04:22:51 AM | loss = 0.353 + 0.013 + 0.010 = 0.376
01/29 04:22:51 AM | === Batch 153/200
01/29 04:22:51 AM | loss = 0.298 + 0.007 + 0.010 = 0.315
01/29 04:22:52 AM | === Batch 154/200
01/29 04:22:52 AM | loss = 0.491 + 0.012 + 0.010 = 0.513
01/29 04:22:52 AM | === Batch 155/200
01/29 04:22:52 AM | loss = 0.390 + 0.022 + 0.010 = 0.422
01/29 04:22:52 AM | === Batch 156/200
01/29 04:22:53 AM | loss = 0.544 + 0.026 + 0.009 = 0.579
01/29 04:22:53 AM | === Batch 157/200
01/29 04:22:53 AM | loss = 0.610 + 0.026 + 0.009 = 0.646
01/29 04:22:53 AM | === Batch 158/200
01/29 04:22:53 AM | loss = 0.278 + 0.023 + 0.009 = 0.310
01/29 04:22:54 AM | === Batch 159/200
01/29 04:22:54 AM | loss = 0.265 + 0.016 + 0.009 = 0.291
01/29 04:22:54 AM | === Batch 160/200
01/29 04:22:54 AM | loss = 0.282 + 0.006 + 0.010 = 0.298
01/29 04:22:55 AM | === Batch 161/200
01/29 04:22:55 AM | loss = 0.380 + 0.013 + 0.010 = 0.403
01/29 04:22:55 AM | === Batch 162/200
01/29 04:22:55 AM | loss = 0.316 + 0.011 + 0.009 = 0.336
01/29 04:22:56 AM | === Batch 163/200
01/29 04:22:56 AM | loss = 0.422 + 0.009 + 0.009 = 0.440
01/29 04:22:56 AM | === Batch 164/200
01/29 04:22:56 AM | loss = 0.327 + 0.018 + 0.009 = 0.355
01/29 04:22:56 AM | === Batch 165/200
01/29 04:22:57 AM | loss = 0.389 + 0.023 + 0.009 = 0.421
01/29 04:22:57 AM | === Batch 166/200
01/29 04:22:57 AM | loss = 0.259 + 0.022 + 0.009 = 0.290
01/29 04:22:57 AM | === Batch 167/200
01/29 04:22:57 AM | loss = 0.556 + 0.018 + 0.009 = 0.583
01/29 04:22:58 AM | === Batch 168/200
01/29 04:22:58 AM | loss = 0.405 + 0.010 + 0.009 = 0.424
01/29 04:22:58 AM | === Batch 169/200
01/29 04:22:58 AM | loss = 0.232 + 0.002 + 0.009 = 0.243
01/29 04:22:58 AM | === Batch 170/200
01/29 04:22:59 AM | loss = 0.314 + 0.001 + 0.009 = 0.323
01/29 04:22:59 AM | === Batch 171/200
01/29 04:22:59 AM | loss = 0.276 + 0.001 + 0.009 = 0.286
01/29 04:22:59 AM | === Batch 172/200
01/29 04:22:59 AM | loss = 0.370 + 0.009 + 0.009 = 0.387
01/29 04:23:00 AM | === Batch 173/200
01/29 04:23:00 AM | loss = 0.275 + 0.013 + 0.008 = 0.297
01/29 04:23:00 AM | === Batch 174/200
01/29 04:23:00 AM | loss = 0.475 + 0.012 + 0.008 = 0.496
01/29 04:23:01 AM | === Batch 175/200
01/29 04:23:01 AM | loss = 0.368 + 0.008 + 0.008 = 0.384
01/29 04:23:01 AM | === Batch 176/200
01/29 04:23:01 AM | loss = 0.338 + 0.000 + 0.008 = 0.347
01/29 04:23:02 AM | === Batch 177/200
01/29 04:23:02 AM | loss = 0.407 + 0.019 + 0.008 = 0.435
01/29 04:23:02 AM | === Batch 178/200
01/29 04:23:02 AM | loss = 0.354 + 0.015 + 0.008 = 0.378
01/29 04:23:02 AM | === Batch 179/200
01/29 04:23:03 AM | loss = 0.329 + 0.005 + 0.008 = 0.343
01/29 04:23:03 AM | === Batch 180/200
01/29 04:23:03 AM | loss = 0.505 + 0.014 + 0.008 = 0.527
01/29 04:23:03 AM | === Batch 181/200
01/29 04:23:03 AM | loss = 0.310 + 0.020 + 0.008 = 0.337
01/29 04:23:04 AM | === Batch 182/200
01/29 04:23:04 AM | loss = 0.649 + 0.021 + 0.008 = 0.678
01/29 04:23:04 AM | === Batch 183/200
01/29 04:23:04 AM | loss = 0.292 + 0.021 + 0.008 = 0.322
01/29 04:23:05 AM | === Batch 184/200
01/29 04:23:05 AM | loss = 0.477 + 0.019 + 0.008 = 0.504
01/29 04:23:05 AM | === Batch 185/200
01/29 04:23:05 AM | loss = 0.271 + 0.014 + 0.008 = 0.293
01/29 04:23:06 AM | === Batch 186/200
01/29 04:23:06 AM | loss = 0.331 + 0.007 + 0.008 = 0.346
01/29 04:23:06 AM | === Batch 187/200
01/29 04:23:06 AM | loss = 0.462 + 0.008 + 0.008 = 0.478
01/29 04:23:07 AM | === Batch 188/200
01/29 04:23:07 AM | loss = 0.562 + 0.006 + 0.008 = 0.576
01/29 04:23:07 AM | === Batch 189/200
01/29 04:23:07 AM | loss = 0.371 + 0.009 + 0.008 = 0.388
01/29 04:23:07 AM | === Batch 190/200
01/29 04:23:08 AM | loss = 0.353 + 0.016 + 0.008 = 0.377
01/29 04:23:08 AM | === Batch 191/200
01/29 04:23:08 AM | loss = 0.270 + 0.020 + 0.007 = 0.297
01/29 04:23:08 AM | === Batch 192/200
01/29 04:23:08 AM | loss = 0.379 + 0.020 + 0.007 = 0.406
01/29 04:23:09 AM | === Batch 193/200
01/29 04:23:09 AM | loss = 0.383 + 0.015 + 0.007 = 0.405
01/29 04:23:09 AM | === Batch 194/200
01/29 04:23:09 AM | loss = 0.222 + 0.008 + 0.008 = 0.238
01/29 04:23:10 AM | === Batch 195/200
01/29 04:23:10 AM | loss = 0.398 + 0.004 + 0.008 = 0.409
01/29 04:23:10 AM | === Batch 196/200
01/29 04:23:10 AM | loss = 0.445 + 0.004 + 0.008 = 0.456
01/29 04:23:10 AM | === Batch 197/200
01/29 04:23:11 AM | loss = 0.289 + 0.008 + 0.007 = 0.305
01/29 04:23:11 AM | === Batch 198/200
01/29 04:23:11 AM | loss = 0.374 + 0.014 + 0.007 = 0.396
01/29 04:23:11 AM | === Batch 199/200
01/29 04:23:12 AM | loss = 0.291 + 0.018 + 0.007 = 0.316
01/29 04:23:12 AM | === Batch 200/200
01/29 04:23:12 AM | loss = 0.398 + 0.018 + 0.007 = 0.423
01/29 04:23:12 AM | attribution_score[0:12]: 
[ 1.00  1.00  0.88  0.00  0.00  0.89  0.00  0.00  0.00  0.99  0.00  1.00 ]
[ 1.00  0.00  0.98  0.00  0.99  0.91  1.00  0.00  0.99  1.00  0.98  0.04 ]
[ 1.00  1.00  0.00  1.00  0.00  1.00  0.01  1.00  0.01  0.00  0.01  1.00 ]
[ 0.01  0.00  1.00  1.00  0.98  0.96  0.95  0.13  0.99  0.10  0.97  0.99 ]
[ 0.98  0.96  0.99  0.99  0.98  0.98  0.01  0.02  1.00  0.99  0.99  0.96 ]
[ 1.00  1.00  0.01  0.00  0.01  0.98  0.02  0.02  0.02  0.00  0.00  0.98 ]
[ 0.99  1.00  0.01  0.99  1.00  0.01  0.00  0.85  0.99  1.00  0.99  0.99 ]
[ 0.00  0.01  0.00  0.99  0.01  0.99  1.00  0.00  1.00  0.02  0.97  0.00 ]
[ 0.97  1.00  0.00  0.99  0.99  0.00  0.00  0.03  0.97  0.96  1.00  1.00 ]
[ 0.01  0.00  0.00  0.00  0.99  0.01  0.00  0.00  1.00  0.00  0.03  0.98 ]
[ 0.00  1.00  1.00  0.00  0.99  1.00  0.99  1.00  1.00  0.99  1.00  0.99 ]
[ 1.00  1.00  0.99  1.00  1.00  0.99  1.00  1.00  0.01  1.00  1.00  1.00 ]
[ 1.00  1.00  1.00  0.99  1.00  1.00  1.00  1.00  1.00  1.00  1.00  0.01 ]

01/29 04:23:12 AM | ===
Best loss was 0.19 at iteration 151

01/29 04:23:12 AM | Looking for optimal threshold...
01/29 04:23:12 AM | Testing threshold 0.5
01/29 04:23:12 AM | Distance to target: 2,544,752
01/29 04:23:12 AM | Testing threshold 0.75
01/29 04:23:12 AM | Distance to target: 4,307,664
01/29 04:23:12 AM | Testing threshold 0.625
01/29 04:23:12 AM | Distance to target: 1,432,592
01/29 04:23:12 AM | Testing threshold 0.5625
01/29 04:23:12 AM | Distance to target: 504,464
01/29 04:23:12 AM | Testing threshold 0.59375
01/29 04:23:12 AM | Distance to target: 1,095,696
01/29 04:23:12 AM | Testing threshold 0.578125
01/29 04:23:12 AM | Distance to target: 319,408
01/29 04:23:12 AM | Testing threshold 0.5859375
01/29 04:23:12 AM | Distance to target: 961,360
01/29 04:23:12 AM | Testing threshold 0.58203125
01/29 04:23:12 AM | Distance to target: 19,792
01/29 04:23:14 AM | attribution_score[0:12]: 
[ 1.00  1.00  1.00  0.00  0.00  1.00  0.00  0.00  0.00  1.00  0.00  1.00 ]
[ 1.00  0.00  1.00  0.00  1.00  1.00  1.00  0.00  1.00  1.00  1.00  0.00 ]
[ 1.00  1.00  0.00  1.00  0.00  1.00  0.00  1.00  0.00  0.00  0.00  1.00 ]
[ 0.00  0.00  1.00  1.00  1.00  1.00  1.00  0.00  1.00  0.00  1.00  1.00 ]
[ 1.00  1.00  1.00  1.00  1.00  1.00  0.00  0.00  1.00  1.00  1.00  1.00 ]
[ 1.00  1.00  0.00  0.00  0.00  1.00  0.00  0.00  0.00  0.00  0.00  1.00 ]
[ 1.00  1.00  0.00  1.00  1.00  0.00  0.00  1.00  1.00  1.00  1.00  1.00 ]
[ 0.00  0.00  0.00  1.00  0.00  1.00  1.00  0.00  1.00  0.00  1.00  0.00 ]
[ 1.00  1.00  0.00  1.00  1.00  0.00  0.00  0.00  1.00  1.00  1.00  1.00 ]
[ 0.00  0.00  0.00  0.00  1.00  0.00  0.00  0.00  1.00  0.00  0.00  1.00 ]
[ 0.00  1.00  1.00  0.00  1.00  1.00  1.00  1.00  1.00  1.00  1.00  1.00 ]
[ 1.00  1.00  1.00  1.00  1.00  1.00  1.00  1.00  0.00  1.00  1.00  1.00 ]
[ 1.00  1.00  1.00  1.00  1.00  1.00  1.00  1.00  1.00  1.00  1.00  0.00 ]

01/29 04:23:14 AM | VGG(
  (features): Sequential(
    (conv0): Conv2d(3, 27, kernel_size=(3, 3), stride=(1, 1), padding=(1, 1))
    (norm0): BatchNorm2d(27, eps=1e-05, momentum=0.1, affine=True, track_running_stats=True)
    (relu0): ReLU(inplace=True)
    (conv1): Conv2d(27, 47, kernel_size=(3, 3), stride=(1, 1), padding=(1, 1))
    (norm1): BatchNorm2d(47, eps=1e-05, momentum=0.1, affine=True, track_running_stats=True)
    (relu1): ReLU(inplace=True)
    (pool2): MaxPool2d(kernel_size=2, stride=2, padding=0, dilation=1, ceil_mode=False)
    (conv3): Conv2d(47, 72, kernel_size=(3, 3), stride=(1, 1), padding=(1, 1))
    (norm3): BatchNorm2d(72, eps=1e-05, momentum=0.1, affine=True, track_running_stats=True)
    (relu3): ReLU(inplace=True)
    (conv4): Conv2d(72, 100, kernel_size=(3, 3), stride=(1, 1), padding=(1, 1))
    (norm4): BatchNorm2d(100, eps=1e-05, momentum=0.1, affine=True, track_running_stats=True)
    (relu4): ReLU(inplace=True)
    (pool5): MaxPool2d(kernel_size=2, stride=2, padding=0, dilation=1, ceil_mode=False)
    (conv6): Conv2d(100, 157, kernel_size=(3, 3), stride=(1, 1), padding=(1, 1))
    (norm6): BatchNorm2d(157, eps=1e-05, momentum=0.1, affine=True, track_running_stats=True)
    (relu6): ReLU(inplace=True)
    (conv7): Conv2d(157, 133, kernel_size=(3, 3), stride=(1, 1), padding=(1, 1))
    (norm7): BatchNorm2d(133, eps=1e-05, momentum=0.1, affine=True, track_running_stats=True)
    (relu7): ReLU(inplace=True)
    (conv8): Conv2d(133, 159, kernel_size=(3, 3), stride=(1, 1), padding=(1, 1))
    (norm8): BatchNorm2d(159, eps=1e-05, momentum=0.1, affine=True, track_running_stats=True)
    (relu8): ReLU(inplace=True)
    (pool9): MaxPool2d(kernel_size=2, stride=2, padding=0, dilation=1, ceil_mode=False)
    (conv10): Conv2d(159, 235, kernel_size=(3, 3), stride=(1, 1), padding=(1, 1))
    (norm10): BatchNorm2d(235, eps=1e-05, momentum=0.1, affine=True, track_running_stats=True)
    (relu10): ReLU(inplace=True)
    (conv11): Conv2d(235, 193, kernel_size=(3, 3), stride=(1, 1), padding=(1, 1))
    (norm11): BatchNorm2d(193, eps=1e-05, momentum=0.1, affine=True, track_running_stats=True)
    (relu11): ReLU(inplace=True)
    (conv12): Conv2d(193, 259, kernel_size=(3, 3), stride=(1, 1), padding=(1, 1))
    (norm12): BatchNorm2d(259, eps=1e-05, momentum=0.1, affine=True, track_running_stats=True)
    (relu12): ReLU(inplace=True)
    (pool13): MaxPool2d(kernel_size=2, stride=2, padding=0, dilation=1, ceil_mode=False)
    (conv14): Conv2d(259, 401, kernel_size=(3, 3), stride=(1, 1), padding=(1, 1))
    (norm14): BatchNorm2d(401, eps=1e-05, momentum=0.1, affine=True, track_running_stats=True)
    (relu14): ReLU(inplace=True)
    (conv15): Conv2d(401, 453, kernel_size=(3, 3), stride=(1, 1), padding=(1, 1))
    (norm15): BatchNorm2d(453, eps=1e-05, momentum=0.1, affine=True, track_running_stats=True)
    (relu15): ReLU(inplace=True)
    (conv16): Conv2d(453, 506, kernel_size=(3, 3), stride=(1, 1), padding=(1, 1))
    (norm16): BatchNorm2d(506, eps=1e-05, momentum=0.1, affine=True, track_running_stats=True)
    (relu16): ReLU(inplace=True)
  )
  (classifier): Sequential(
    (linear1): Linear(in_features=506, out_features=512, bias=True)
    (norm1): BatchNorm1d(512, eps=1e-05, momentum=0.1, affine=True, track_running_stats=True)
    (relu1): ReLU(inplace=True)
    (linear2): Linear(in_features=512, out_features=10, bias=True)
  )
)
01/29 04:23:16 AM | ----------------------------------------
01/29 04:23:16 AM | Performances input model:
01/29 04:23:16 AM |  - flops: 314,294,272
01/29 04:23:16 AM |  - params: 14,991,946
01/29 04:23:16 AM |  - accuracy: 93.95999908447266
01/29 04:23:16 AM | ----------------------------------------
01/29 04:23:16 AM | Performances pseudo-pruned model:
01/29 04:23:16 AM |  - flops: 314,294,272
01/29 04:23:16 AM |  - params: 14,991,946
01/29 04:23:16 AM |  - accuracy: 81.16999816894531
01/29 04:23:16 AM | ----------------------------------------
01/29 04:23:16 AM | Performances pruned model:
01/29 04:23:16 AM |  - flops: 108,478,696
01/29 04:23:16 AM |  - params: 6,727,855
01/29 04:23:16 AM |  - accuracy: 81.16999816894531
01/29 04:23:16 AM | ----------------------------------------
01/29 04:23:16 AM | Total time: 103.17s
