01/29 09:49:30 PM | args = Namespace(output_dir='result/rebuttal/nb_epoch/vgg/nbbtchs50/seed_02', loaded_model_path='./checkpoints/cifar10/vgg_16_bn.pt', resume=False, test_only=False, mode='prune', batch_size=64, nb_batches=50, Mflops_target=None, lr=0.6, momentum=0.9, beta=6, gamma=0.4, gpu='0', num_workers=4, dataset='cifar10', arch='vgg_16_bn', save_plot=False, seed=2, lr_finetuning=0.02, epoch_finetuning=200, wd=0.002, data_dir='./data/cifar10/', print_freq=200, num_classes=10, device_ids=[0], device=device(type='cuda', index=0), name_base='')
01/29 09:49:42 PM | ----------------------------------------
01/29 09:49:42 PM | ==> Building model...
01/29 09:49:42 PM | ----------------------------------------
01/29 09:49:42 PM | ==> Loading weights into the model...
01/29 09:49:42 PM | ----------------------------------------
01/29 09:49:42 PM | VGG(
  (features): Sequential(
    (conv0): Conv2d(3, 64, kernel_size=(3, 3), stride=(1, 1), padding=(1, 1))
    (norm0): BatchNorm2d(64, eps=1e-05, momentum=0.1, affine=True, track_running_stats=True)
    (relu0): ReLU(inplace=True)
    (conv1): Conv2d(64, 64, kernel_size=(3, 3), stride=(1, 1), padding=(1, 1))
    (norm1): BatchNorm2d(64, eps=1e-05, momentum=0.1, affine=True, track_running_stats=True)
    (relu1): ReLU(inplace=True)
    (pool2): MaxPool2d(kernel_size=2, stride=2, padding=0, dilation=1, ceil_mode=False)
    (conv3): Conv2d(64, 128, kernel_size=(3, 3), stride=(1, 1), padding=(1, 1))
    (norm3): BatchNorm2d(128, eps=1e-05, momentum=0.1, affine=True, track_running_stats=True)
    (relu3): ReLU(inplace=True)
    (conv4): Conv2d(128, 128, kernel_size=(3, 3), stride=(1, 1), padding=(1, 1))
    (norm4): BatchNorm2d(128, eps=1e-05, momentum=0.1, affine=True, track_running_stats=True)
    (relu4): ReLU(inplace=True)
    (pool5): MaxPool2d(kernel_size=2, stride=2, padding=0, dilation=1, ceil_mode=False)
    (conv6): Conv2d(128, 256, kernel_size=(3, 3), stride=(1, 1), padding=(1, 1))
    (norm6): BatchNorm2d(256, eps=1e-05, momentum=0.1, affine=True, track_running_stats=True)
    (relu6): ReLU(inplace=True)
    (conv7): Conv2d(256, 256, kernel_size=(3, 3), stride=(1, 1), padding=(1, 1))
    (norm7): BatchNorm2d(256, eps=1e-05, momentum=0.1, affine=True, track_running_stats=True)
    (relu7): ReLU(inplace=True)
    (conv8): Conv2d(256, 256, kernel_size=(3, 3), stride=(1, 1), padding=(1, 1))
    (norm8): BatchNorm2d(256, eps=1e-05, momentum=0.1, affine=True, track_running_stats=True)
    (relu8): ReLU(inplace=True)
    (pool9): MaxPool2d(kernel_size=2, stride=2, padding=0, dilation=1, ceil_mode=False)
    (conv10): Conv2d(256, 512, kernel_size=(3, 3), stride=(1, 1), padding=(1, 1))
    (norm10): BatchNorm2d(512, eps=1e-05, momentum=0.1, affine=True, track_running_stats=True)
    (relu10): ReLU(inplace=True)
    (conv11): Conv2d(512, 512, kernel_size=(3, 3), stride=(1, 1), padding=(1, 1))
    (norm11): BatchNorm2d(512, eps=1e-05, momentum=0.1, affine=True, track_running_stats=True)
    (relu11): ReLU(inplace=True)
    (conv12): Conv2d(512, 512, kernel_size=(3, 3), stride=(1, 1), padding=(1, 1))
    (norm12): BatchNorm2d(512, eps=1e-05, momentum=0.1, affine=True, track_running_stats=True)
    (relu12): ReLU(inplace=True)
    (pool13): MaxPool2d(kernel_size=2, stride=2, padding=0, dilation=1, ceil_mode=False)
    (conv14): Conv2d(512, 512, kernel_size=(3, 3), stride=(1, 1), padding=(1, 1))
    (norm14): BatchNorm2d(512, eps=1e-05, momentum=0.1, affine=True, track_running_stats=True)
    (relu14): ReLU(inplace=True)
    (conv15): Conv2d(512, 512, kernel_size=(3, 3), stride=(1, 1), padding=(1, 1))
    (norm15): BatchNorm2d(512, eps=1e-05, momentum=0.1, affine=True, track_running_stats=True)
    (relu15): ReLU(inplace=True)
    (conv16): Conv2d(512, 512, kernel_size=(3, 3), stride=(1, 1), padding=(1, 1))
    (norm16): BatchNorm2d(512, eps=1e-05, momentum=0.1, affine=True, track_running_stats=True)
    (relu16): ReLU(inplace=True)
  )
  (classifier): Sequential(
    (linear1): Linear(in_features=512, out_features=512, bias=True)
    (norm1): BatchNorm1d(512, eps=1e-05, momentum=0.1, affine=True, track_running_stats=True)
    (relu1): ReLU(inplace=True)
    (linear2): Linear(in_features=512, out_features=10, bias=True)
  )
)
01/29 09:49:43 PM | Save modules info...
01/29 09:49:43 PM | FLOPS pruning ratio is 0.65
01/29 09:49:43 PM | Pruning with information flow
01/29 09:49:43 PM | -----
01/29 09:49:43 PM | module: Conv2d(3, 64, kernel_size=(3, 3), stride=(1, 1), padding=(1, 1))
01/29 09:49:43 PM | cin: None
01/29 09:49:43 PM | cout: [0]
01/29 09:49:43 PM | inactive
01/29 09:49:43 PM | -----
01/29 09:49:43 PM | module: BatchNorm2d(64, eps=1e-05, momentum=0.1, affine=True, track_running_stats=True)
01/29 09:49:43 PM | cin: [0]
01/29 09:49:43 PM | cout: [0]
01/29 09:49:43 PM | inactive
01/29 09:49:43 PM | -----
01/29 09:49:43 PM | module: ReLU(inplace=True)
01/29 09:49:43 PM | cin: [0]
01/29 09:49:43 PM | cout: [0]
01/29 09:49:43 PM | active
01/29 09:49:43 PM | -----
01/29 09:49:43 PM | module: Conv2d(64, 64, kernel_size=(3, 3), stride=(1, 1), padding=(1, 1))
01/29 09:49:43 PM | cin: [0]
01/29 09:49:43 PM | cout: [1]
01/29 09:49:43 PM | inactive
01/29 09:49:43 PM | -----
01/29 09:49:43 PM | module: BatchNorm2d(64, eps=1e-05, momentum=0.1, affine=True, track_running_stats=True)
01/29 09:49:43 PM | cin: [1]
01/29 09:49:43 PM | cout: [1]
01/29 09:49:43 PM | inactive
01/29 09:49:43 PM | -----
01/29 09:49:43 PM | module: ReLU(inplace=True)
01/29 09:49:43 PM | cin: [1]
01/29 09:49:43 PM | cout: [1]
01/29 09:49:43 PM | active
01/29 09:49:43 PM | -----
01/29 09:49:43 PM | module: MaxPool2d(kernel_size=2, stride=2, padding=0, dilation=1, ceil_mode=False)
01/29 09:49:43 PM | cin: [1]
01/29 09:49:43 PM | cout: [1]
01/29 09:49:43 PM | inactive
01/29 09:49:43 PM | -----
01/29 09:49:43 PM | module: Conv2d(64, 128, kernel_size=(3, 3), stride=(1, 1), padding=(1, 1))
01/29 09:49:43 PM | cin: [1]
01/29 09:49:43 PM | cout: [2]
01/29 09:49:43 PM | inactive
01/29 09:49:43 PM | -----
01/29 09:49:43 PM | module: BatchNorm2d(128, eps=1e-05, momentum=0.1, affine=True, track_running_stats=True)
01/29 09:49:43 PM | cin: [2]
01/29 09:49:43 PM | cout: [2]
01/29 09:49:43 PM | inactive
01/29 09:49:43 PM | -----
01/29 09:49:43 PM | module: ReLU(inplace=True)
01/29 09:49:43 PM | cin: [2]
01/29 09:49:43 PM | cout: [2]
01/29 09:49:43 PM | active
01/29 09:49:43 PM | -----
01/29 09:49:43 PM | module: Conv2d(128, 128, kernel_size=(3, 3), stride=(1, 1), padding=(1, 1))
01/29 09:49:43 PM | cin: [2]
01/29 09:49:43 PM | cout: [3]
01/29 09:49:43 PM | inactive
01/29 09:49:43 PM | -----
01/29 09:49:43 PM | module: BatchNorm2d(128, eps=1e-05, momentum=0.1, affine=True, track_running_stats=True)
01/29 09:49:43 PM | cin: [3]
01/29 09:49:43 PM | cout: [3]
01/29 09:49:43 PM | inactive
01/29 09:49:43 PM | -----
01/29 09:49:43 PM | module: ReLU(inplace=True)
01/29 09:49:43 PM | cin: [3]
01/29 09:49:43 PM | cout: [3]
01/29 09:49:43 PM | active
01/29 09:49:43 PM | -----
01/29 09:49:43 PM | module: MaxPool2d(kernel_size=2, stride=2, padding=0, dilation=1, ceil_mode=False)
01/29 09:49:43 PM | cin: [3]
01/29 09:49:43 PM | cout: [3]
01/29 09:49:43 PM | inactive
01/29 09:49:43 PM | -----
01/29 09:49:43 PM | module: Conv2d(128, 256, kernel_size=(3, 3), stride=(1, 1), padding=(1, 1))
01/29 09:49:43 PM | cin: [3]
01/29 09:49:43 PM | cout: [4]
01/29 09:49:43 PM | inactive
01/29 09:49:43 PM | -----
01/29 09:49:43 PM | module: BatchNorm2d(256, eps=1e-05, momentum=0.1, affine=True, track_running_stats=True)
01/29 09:49:43 PM | cin: [4]
01/29 09:49:43 PM | cout: [4]
01/29 09:49:43 PM | inactive
01/29 09:49:43 PM | -----
01/29 09:49:43 PM | module: ReLU(inplace=True)
01/29 09:49:43 PM | cin: [4]
01/29 09:49:43 PM | cout: [4]
01/29 09:49:43 PM | active
01/29 09:49:43 PM | -----
01/29 09:49:43 PM | module: Conv2d(256, 256, kernel_size=(3, 3), stride=(1, 1), padding=(1, 1))
01/29 09:49:43 PM | cin: [4]
01/29 09:49:43 PM | cout: [5]
01/29 09:49:43 PM | inactive
01/29 09:49:43 PM | -----
01/29 09:49:43 PM | module: BatchNorm2d(256, eps=1e-05, momentum=0.1, affine=True, track_running_stats=True)
01/29 09:49:43 PM | cin: [5]
01/29 09:49:43 PM | cout: [5]
01/29 09:49:43 PM | inactive
01/29 09:49:43 PM | -----
01/29 09:49:43 PM | module: ReLU(inplace=True)
01/29 09:49:43 PM | cin: [5]
01/29 09:49:43 PM | cout: [5]
01/29 09:49:43 PM | active
01/29 09:49:43 PM | -----
01/29 09:49:43 PM | module: Conv2d(256, 256, kernel_size=(3, 3), stride=(1, 1), padding=(1, 1))
01/29 09:49:43 PM | cin: [5]
01/29 09:49:43 PM | cout: [6]
01/29 09:49:43 PM | inactive
01/29 09:49:43 PM | -----
01/29 09:49:43 PM | module: BatchNorm2d(256, eps=1e-05, momentum=0.1, affine=True, track_running_stats=True)
01/29 09:49:43 PM | cin: [6]
01/29 09:49:43 PM | cout: [6]
01/29 09:49:43 PM | inactive
01/29 09:49:43 PM | -----
01/29 09:49:43 PM | module: ReLU(inplace=True)
01/29 09:49:43 PM | cin: [6]
01/29 09:49:43 PM | cout: [6]
01/29 09:49:43 PM | active
01/29 09:49:43 PM | -----
01/29 09:49:43 PM | module: MaxPool2d(kernel_size=2, stride=2, padding=0, dilation=1, ceil_mode=False)
01/29 09:49:43 PM | cin: [6]
01/29 09:49:43 PM | cout: [6]
01/29 09:49:43 PM | inactive
01/29 09:49:43 PM | -----
01/29 09:49:43 PM | module: Conv2d(256, 512, kernel_size=(3, 3), stride=(1, 1), padding=(1, 1))
01/29 09:49:43 PM | cin: [6]
01/29 09:49:43 PM | cout: [7]
01/29 09:49:43 PM | inactive
01/29 09:49:43 PM | -----
01/29 09:49:43 PM | module: BatchNorm2d(512, eps=1e-05, momentum=0.1, affine=True, track_running_stats=True)
01/29 09:49:43 PM | cin: [7]
01/29 09:49:43 PM | cout: [7]
01/29 09:49:43 PM | inactive
01/29 09:49:43 PM | -----
01/29 09:49:43 PM | module: ReLU(inplace=True)
01/29 09:49:43 PM | cin: [7]
01/29 09:49:43 PM | cout: [7]
01/29 09:49:43 PM | active
01/29 09:49:43 PM | -----
01/29 09:49:43 PM | module: Conv2d(512, 512, kernel_size=(3, 3), stride=(1, 1), padding=(1, 1))
01/29 09:49:43 PM | cin: [7]
01/29 09:49:43 PM | cout: [8]
01/29 09:49:43 PM | inactive
01/29 09:49:43 PM | -----
01/29 09:49:43 PM | module: BatchNorm2d(512, eps=1e-05, momentum=0.1, affine=True, track_running_stats=True)
01/29 09:49:43 PM | cin: [8]
01/29 09:49:43 PM | cout: [8]
01/29 09:49:43 PM | inactive
01/29 09:49:43 PM | -----
01/29 09:49:43 PM | module: ReLU(inplace=True)
01/29 09:49:43 PM | cin: [8]
01/29 09:49:43 PM | cout: [8]
01/29 09:49:43 PM | active
01/29 09:49:43 PM | -----
01/29 09:49:43 PM | module: Conv2d(512, 512, kernel_size=(3, 3), stride=(1, 1), padding=(1, 1))
01/29 09:49:43 PM | cin: [8]
01/29 09:49:43 PM | cout: [9]
01/29 09:49:43 PM | inactive
01/29 09:49:43 PM | -----
01/29 09:49:43 PM | module: BatchNorm2d(512, eps=1e-05, momentum=0.1, affine=True, track_running_stats=True)
01/29 09:49:43 PM | cin: [9]
01/29 09:49:43 PM | cout: [9]
01/29 09:49:43 PM | inactive
01/29 09:49:43 PM | -----
01/29 09:49:43 PM | module: ReLU(inplace=True)
01/29 09:49:43 PM | cin: [9]
01/29 09:49:43 PM | cout: [9]
01/29 09:49:43 PM | active
01/29 09:49:43 PM | -----
01/29 09:49:43 PM | module: MaxPool2d(kernel_size=2, stride=2, padding=0, dilation=1, ceil_mode=False)
01/29 09:49:43 PM | cin: [9]
01/29 09:49:43 PM | cout: [9]
01/29 09:49:43 PM | inactive
01/29 09:49:43 PM | -----
01/29 09:49:43 PM | module: Conv2d(512, 512, kernel_size=(3, 3), stride=(1, 1), padding=(1, 1))
01/29 09:49:43 PM | cin: [9]
01/29 09:49:43 PM | cout: [10]
01/29 09:49:43 PM | inactive
01/29 09:49:43 PM | -----
01/29 09:49:43 PM | module: BatchNorm2d(512, eps=1e-05, momentum=0.1, affine=True, track_running_stats=True)
01/29 09:49:43 PM | cin: [10]
01/29 09:49:43 PM | cout: [10]
01/29 09:49:43 PM | inactive
01/29 09:49:43 PM | -----
01/29 09:49:43 PM | module: ReLU(inplace=True)
01/29 09:49:43 PM | cin: [10]
01/29 09:49:43 PM | cout: [10]
01/29 09:49:43 PM | active
01/29 09:49:43 PM | -----
01/29 09:49:43 PM | module: Conv2d(512, 512, kernel_size=(3, 3), stride=(1, 1), padding=(1, 1))
01/29 09:49:43 PM | cin: [10]
01/29 09:49:43 PM | cout: [11]
01/29 09:49:43 PM | inactive
01/29 09:49:43 PM | -----
01/29 09:49:43 PM | module: BatchNorm2d(512, eps=1e-05, momentum=0.1, affine=True, track_running_stats=True)
01/29 09:49:43 PM | cin: [11]
01/29 09:49:43 PM | cout: [11]
01/29 09:49:43 PM | inactive
01/29 09:49:43 PM | -----
01/29 09:49:43 PM | module: ReLU(inplace=True)
01/29 09:49:43 PM | cin: [11]
01/29 09:49:43 PM | cout: [11]
01/29 09:49:43 PM | active
01/29 09:49:43 PM | -----
01/29 09:49:43 PM | module: Conv2d(512, 512, kernel_size=(3, 3), stride=(1, 1), padding=(1, 1))
01/29 09:49:43 PM | cin: [11]
01/29 09:49:43 PM | cout: [12]
01/29 09:49:43 PM | inactive
01/29 09:49:43 PM | -----
01/29 09:49:43 PM | module: BatchNorm2d(512, eps=1e-05, momentum=0.1, affine=True, track_running_stats=True)
01/29 09:49:43 PM | cin: [12]
01/29 09:49:43 PM | cout: [12]
01/29 09:49:43 PM | inactive
01/29 09:49:43 PM | -----
01/29 09:49:43 PM | module: ReLU(inplace=True)
01/29 09:49:43 PM | cin: [12]
01/29 09:49:43 PM | cout: [12]
01/29 09:49:43 PM | active
01/29 09:49:43 PM | -----
01/29 09:49:43 PM | module: Linear(in_features=512, out_features=512, bias=True)
01/29 09:49:43 PM | cin: [12]
01/29 09:49:43 PM | cout: None
01/29 09:49:43 PM | inactive
01/29 09:49:43 PM | -----
01/29 09:49:43 PM | module: ReLU(inplace=True)
01/29 09:49:43 PM | cin: None
01/29 09:49:43 PM | cout: None
01/29 09:49:43 PM | active
01/29 09:49:43 PM | -----
01/29 09:49:43 PM | module: Linear(in_features=512, out_features=10, bias=True)
01/29 09:49:43 PM | cin: None
01/29 09:49:43 PM | cout: None
01/29 09:49:43 PM | inactive
01/29 09:49:43 PM | Used masks: [0, 1, 2, 3, 4, 5, 6, 7, 8, 9, 10, 11, 12]
01/29 09:49:43 PM | 13 unique masks in total
01/29 09:49:44 PM | === Batch 1/50
01/29 09:49:44 PM | loss = 0.166 + 4.266 + 0.040 = 4.472
01/29 09:49:44 PM | attribution_score[0:12]: 
[ 0.83  0.94  0.83  0.83  0.83  0.83  0.83  0.83  0.83  0.94  0.83  0.94 ]
[ 0.94  0.83  0.94  0.83  0.94  0.83  0.94  0.83  0.83  0.94  0.83  0.83 ]
[ 0.94  0.94  0.83  0.94  0.83  0.83  0.94  0.94  0.83  0.83  0.83  0.94 ]
[ 0.83  0.94  0.94  0.94  0.94  0.94  0.83  0.83  0.94  0.83  0.94  0.94 ]
[ 0.94  0.83  0.83  0.83  0.83  0.94  0.83  0.83  0.83  0.83  0.83  0.83 ]
[ 0.83  0.83  0.83  0.94  0.83  0.83  0.94  0.83  0.83  0.83  0.83  0.83 ]
[ 0.94  0.83  0.83  0.83  0.83  0.83  0.94  0.83  0.94  0.83  0.94  0.83 ]
[ 0.83  0.83  0.83  0.83  0.83  0.83  0.94  0.83  0.83  0.94  0.83  0.83 ]
[ 0.83  0.83  0.83  0.83  0.83  0.83  0.83  0.83  0.83  0.83  0.83  0.83 ]
[ 0.83  0.83  0.83  0.83  0.83  0.83  0.83  0.83  0.83  0.83  0.83  0.83 ]
[ 0.83  0.83  0.83  0.83  0.83  0.83  0.83  0.83  0.83  0.83  0.94  0.83 ]
[ 0.83  0.94  0.83  0.83  0.83  0.83  0.83  0.94  0.83  0.83  0.83  0.83 ]
[ 0.94  0.94  0.94  0.83  0.94  0.94  0.83  0.83  0.83  0.94  0.83  0.83 ]

01/29 09:49:44 PM | === Batch 2/50
01/29 09:49:45 PM | loss = 0.241 + 3.587 + 0.056 = 3.884
01/29 09:49:45 PM | attribution_score[0:12]: 
[ 0.88  0.97  0.73  0.75  0.73  0.74  0.75  0.73  0.73  0.93  0.73  0.96 ]
[ 0.94  0.73  0.95  0.73  0.94  0.86  0.94  0.74  0.75  0.96  0.87  0.74 ]
[ 0.96  0.96  0.73  0.96  0.76  0.88  0.94  0.95  0.73  0.73  0.84  0.95 ]
[ 0.78  0.91  0.91  0.97  0.96  0.97  0.79  0.74  0.94  0.75  0.92  0.95 ]
[ 0.96  0.88  0.75  0.73  0.81  0.96  0.73  0.73  0.87  0.75  0.78  0.75 ]
[ 0.73  0.86  0.74  0.94  0.79  0.75  0.92  0.73  0.75  0.74  0.73  0.74 ]
[ 0.94  0.74  0.80  0.82  0.73  0.73  0.94  0.87  0.96  0.85  0.97  0.77 ]
[ 0.73  0.73  0.73  0.73  0.74  0.75  0.96  0.73  0.73  0.91  0.73  0.74 ]
[ 0.74  0.73  0.73  0.73  0.76  0.73  0.73  0.73  0.81  0.73  0.73  0.85 ]
[ 0.74  0.74  0.73  0.73  0.75  0.76  0.73  0.73  0.74  0.73  0.74  0.76 ]
[ 0.73  0.88  0.81  0.74  0.73  0.73  0.84  0.86  0.73  0.77  0.97  0.88 ]
[ 0.88  0.97  0.82  0.87  0.88  0.78  0.87  0.97  0.76  0.76  0.87  0.76 ]
[ 0.96  0.97  0.97  0.86  0.96  0.96  0.85  0.88  0.88  0.95  0.75  0.75 ]

01/29 09:49:45 PM | === Batch 3/50
01/29 09:49:45 PM | loss = 0.187 + 2.847 + 0.073 = 3.107
01/29 09:49:45 PM | attribution_score[0:12]: 
[ 0.91  0.98  0.62  0.63  0.61  0.62  0.63  0.60  0.60  0.91  0.61  0.96 ]
[ 0.94  0.60  0.94  0.60  0.92  0.88  0.93  0.62  0.65  0.97  0.90  0.62 ]
[ 0.97  0.98  0.61  0.97  0.65  0.91  0.92  0.95  0.60  0.62  0.79  0.95 ]
[ 0.69  0.87  0.87  0.98  0.96  0.98  0.72  0.61  0.94  0.63  0.88  0.96 ]
[ 0.97  0.92  0.73  0.60  0.77  0.96  0.60  0.61  0.91  0.69  0.74  0.72 ]
[ 0.60  0.89  0.62  0.92  0.72  0.65  0.87  0.60  0.65  0.62  0.60  0.61 ]
[ 0.92  0.62  0.73  0.77  0.65  0.60  0.91  0.86  0.97  0.89  0.98  0.70 ]
[ 0.60  0.60  0.60  0.60  0.62  0.65  0.96  0.60  0.60  0.86  0.60  0.63 ]
[ 0.62  0.60  0.60  0.60  0.66  0.60  0.60  0.60  0.76  0.60  0.60  0.87 ]
[ 0.62  0.61  0.61  0.60  0.64  0.66  0.60  0.60  0.61  0.60  0.61  0.65 ]
[ 0.60  0.92  0.83  0.61  0.60  0.61  0.86  0.87  0.60  0.69  0.98  0.86 ]
[ 0.91  0.98  0.78  0.91  0.92  0.72  0.90  0.98  0.65  0.78  0.90  0.65 ]
[ 0.97  0.98  0.98  0.81  0.97  0.98  0.88  0.92  0.91  0.96  0.77  0.66 ]

01/29 09:49:45 PM | === Batch 4/50
01/29 09:49:46 PM | loss = 0.400 + 1.920 + 0.096 = 2.415
01/29 09:49:46 PM | attribution_score[0:12]: 
[ 0.94  0.98  0.50  0.49  0.46  0.48  0.49  0.46  0.45  0.86  0.46  0.96 ]
[ 0.93  0.46  0.92  0.45  0.90  0.89  0.92  0.49  0.53  0.96  0.93  0.48 ]
[ 0.97  0.98  0.47  0.97  0.53  0.93  0.90  0.95  0.45  0.48  0.72  0.95 ]
[ 0.57  0.80  0.81  0.98  0.97  0.98  0.73  0.47  0.94  0.58  0.82  0.97 ]
[ 0.97  0.93  0.69  0.51  0.80  0.96  0.45  0.47  0.93  0.59  0.76  0.64 ]
[ 0.46  0.90  0.47  0.90  0.61  0.51  0.83  0.47  0.53  0.48  0.46  0.55 ]
[ 0.88  0.51  0.62  0.70  0.54  0.46  0.89  0.87  0.97  0.92  0.99  0.60 ]
[ 0.45  0.47  0.47  0.46  0.49  0.53  0.96  0.45  0.46  0.79  0.47  0.52 ]
[ 0.48  0.53  0.45  0.50  0.54  0.45  0.45  0.50  0.70  0.45  0.55  0.90 ]
[ 0.50  0.47  0.46  0.45  0.51  0.54  0.45  0.45  0.47  0.45  0.52  0.54 ]
[ 0.46  0.95  0.88  0.51  0.50  0.48  0.90  0.88  0.65  0.74  0.99  0.82 ]
[ 0.93  0.99  0.78  0.95  0.95  0.74  0.93  0.99  0.58  0.81  0.93  0.52 ]
[ 0.98  0.99  0.99  0.74  0.98  0.99  0.92  0.95  0.94  0.96  0.76  0.54 ]

01/29 09:49:46 PM | === Batch 5/50
01/29 09:49:46 PM | loss = 0.815 + 1.067 + 0.111 = 1.993
01/29 09:49:46 PM | attribution_score[0:12]: 
[ 0.96  0.98  0.37  0.35  0.32  0.34  0.35  0.32  0.31  0.80  0.33  0.97 ]
[ 0.93  0.32  0.93  0.31  0.85  0.90  0.93  0.36  0.48  0.96  0.93  0.37 ]
[ 0.97  0.98  0.33  0.98  0.39  0.95  0.85  0.95  0.32  0.34  0.62  0.95 ]
[ 0.43  0.79  0.72  0.99  0.96  0.99  0.67  0.44  0.93  0.60  0.84  0.97 ]
[ 0.98  0.95  0.61  0.42  0.81  0.96  0.32  0.34  0.94  0.47  0.74  0.54 ]
[ 0.38  0.90  0.34  0.85  0.49  0.39  0.79  0.34  0.43  0.40  0.32  0.52 ]
[ 0.86  0.38  0.54  0.60  0.56  0.33  0.89  0.89  0.97  0.93  0.99  0.50 ]
[ 0.31  0.39  0.33  0.32  0.37  0.40  0.96  0.31  0.47  0.68  0.36  0.43 ]
[ 0.43  0.58  0.31  0.51  0.53  0.32  0.32  0.43  0.74  0.41  0.57  0.93 ]
[ 0.45  0.37  0.32  0.31  0.48  0.54  0.33  0.31  0.52  0.32  0.44  0.52 ]
[ 0.32  0.96  0.92  0.40  0.46  0.54  0.93  0.91  0.73  0.78  0.99  0.86 ]
[ 0.95  0.99  0.83  0.97  0.97  0.79  0.95  0.99  0.53  0.85  0.95  0.60 ]
[ 0.98  0.99  0.99  0.77  0.98  0.99  0.95  0.97  0.96  0.95  0.71  0.41 ]

01/29 09:49:46 PM | === Batch 6/50
01/29 09:49:47 PM | loss = 1.149 + 0.481 + 0.095 = 1.725
01/29 09:49:47 PM | attribution_score[0:12]: 
[ 0.97  0.99  0.27  0.23  0.21  0.23  0.25  0.20  0.20  0.71  0.21  0.97 ]
[ 0.93  0.21  0.95  0.20  0.77  0.91  0.93  0.24  0.44  0.96  0.93  0.36 ]
[ 0.97  0.98  0.21  0.98  0.27  0.96  0.79  0.94  0.21  0.23  0.51  0.96 ]
[ 0.42  0.75  0.68  0.99  0.95  0.99  0.63  0.41  0.94  0.60  0.81  0.96 ]
[ 0.98  0.95  0.61  0.33  0.80  0.95  0.21  0.25  0.95  0.50  0.73  0.43 ]
[ 0.40  0.91  0.22  0.79  0.41  0.27  0.72  0.25  0.33  0.31  0.21  0.53 ]
[ 0.88  0.29  0.51  0.58  0.64  0.23  0.91  0.89  0.96  0.95  0.99  0.40 ]
[ 0.20  0.32  0.22  0.20  0.28  0.34  0.95  0.20  0.50  0.58  0.33  0.34 ]
[ 0.47  0.59  0.21  0.55  0.54  0.21  0.23  0.39  0.78  0.42  0.60  0.93 ]
[ 0.41  0.31  0.21  0.20  0.49  0.59  0.23  0.20  0.60  0.22  0.36  0.53 ]
[ 0.21  0.97  0.93  0.30  0.38  0.62  0.95  0.94  0.80  0.76  1.00  0.90 ]
[ 0.96  1.00  0.88  0.98  0.98  0.84  0.96  1.00  0.45  0.90  0.97  0.68 ]
[ 0.99  1.00  1.00  0.83  0.99  1.00  0.96  0.98  0.97  0.94  0.73  0.41 ]

01/29 09:49:47 PM | === Batch 7/50
01/29 09:49:47 PM | loss = 1.071 + 0.064 + 0.081 = 1.216
01/29 09:49:47 PM | attribution_score[0:12]: 
[ 0.97  0.99  0.18  0.15  0.13  0.15  0.17  0.13  0.12  0.62  0.13  0.97 ]
[ 0.93  0.13  0.95  0.12  0.68  0.92  0.94  0.16  0.40  0.96  0.93  0.36 ]
[ 0.97  0.98  0.13  0.98  0.17  0.97  0.69  0.94  0.13  0.15  0.38  0.95 ]
[ 0.41  0.70  0.69  0.99  0.95  0.99  0.62  0.38  0.94  0.57  0.79  0.95 ]
[ 0.98  0.96  0.65  0.25  0.77  0.96  0.14  0.17  0.96  0.51  0.73  0.39 ]
[ 0.39  0.91  0.14  0.70  0.32  0.20  0.70  0.18  0.26  0.23  0.13  0.60 ]
[ 0.90  0.20  0.43  0.55  0.72  0.17  0.92  0.87  0.96  0.96  1.00  0.29 ]
[ 0.12  0.33  0.15  0.13  0.22  0.32  0.95  0.12  0.58  0.45  0.30  0.26 ]
[ 0.52  0.58  0.14  0.62  0.60  0.14  0.16  0.34  0.79  0.45  0.65  0.94 ]
[ 0.38  0.24  0.13  0.12  0.48  0.64  0.16  0.13  0.69  0.16  0.34  0.54 ]
[ 0.14  0.98  0.93  0.23  0.31  0.71  0.96  0.96  0.87  0.72  1.00  0.93 ]
[ 0.97  1.00  0.91  0.98  0.98  0.88  0.97  1.00  0.34  0.93  0.98  0.77 ]
[ 0.99  1.00  1.00  0.87  0.99  1.00  0.97  0.98  0.98  0.93  0.77  0.42 ]

01/29 09:49:47 PM | === Batch 8/50
01/29 09:49:48 PM | loss = 1.205 + 0.453 + 0.071 = 1.728
01/29 09:49:48 PM | attribution_score[0:12]: 
[ 0.98  0.99  0.16  0.11  0.10  0.12  0.15  0.09  0.09  0.65  0.10  0.97 ]
[ 0.94  0.09  0.96  0.08  0.70  0.92  0.95  0.11  0.39  0.96  0.93  0.41 ]
[ 0.97  0.99  0.10  0.98  0.14  0.98  0.70  0.94  0.10  0.11  0.35  0.96 ]
[ 0.41  0.70  0.75  0.99  0.95  0.99  0.67  0.39  0.95  0.61  0.83  0.96 ]
[ 0.98  0.97  0.71  0.26  0.76  0.96  0.10  0.15  0.96  0.54  0.78  0.40 ]
[ 0.42  0.92  0.11  0.70  0.32  0.19  0.71  0.17  0.23  0.19  0.09  0.69 ]
[ 0.92  0.19  0.37  0.58  0.80  0.15  0.94  0.87  0.96  0.97  1.00  0.28 ]
[ 0.09  0.38  0.12  0.09  0.20  0.34  0.95  0.09  0.67  0.48  0.35  0.22 ]
[ 0.58  0.64  0.11  0.70  0.68  0.11  0.14  0.38  0.81  0.46  0.73  0.95 ]
[ 0.42  0.23  0.10  0.09  0.53  0.69  0.14  0.09  0.77  0.15  0.39  0.61 ]
[ 0.12  0.99  0.95  0.24  0.35  0.79  0.96  0.97  0.91  0.76  1.00  0.95 ]
[ 0.98  1.00  0.94  0.99  0.98  0.91  0.97  1.00  0.35  0.96  0.98  0.84 ]
[ 0.99  1.00  1.00  0.90  0.99  1.00  0.98  0.99  0.99  0.94  0.79  0.46 ]

01/29 09:49:48 PM | === Batch 9/50
01/29 09:49:48 PM | loss = 1.073 + 0.370 + 0.064 = 1.508
01/29 09:49:48 PM | attribution_score[0:12]: 
[ 0.98  0.99  0.17  0.09  0.08  0.11  0.15  0.07  0.07  0.72  0.08  0.98 ]
[ 0.95  0.08  0.97  0.06  0.74  0.93  0.96  0.09  0.44  0.97  0.93  0.49 ]
[ 0.98  0.99  0.08  0.98  0.13  0.98  0.75  0.94  0.10  0.09  0.37  0.97 ]
[ 0.41  0.73  0.81  0.99  0.96  1.00  0.71  0.43  0.96  0.67  0.87  0.97 ]
[ 0.99  0.97  0.77  0.28  0.76  0.97  0.08  0.14  0.97  0.61  0.82  0.47 ]
[ 0.48  0.93  0.09  0.73  0.35  0.20  0.76  0.18  0.23  0.18  0.07  0.77 ]
[ 0.93  0.20  0.37  0.65  0.86  0.15  0.96  0.87  0.96  0.98  1.00  0.29 ]
[ 0.06  0.46  0.11  0.07  0.20  0.39  0.96  0.06  0.76  0.54  0.42  0.21 ]
[ 0.67  0.70  0.09  0.78  0.76  0.10  0.14  0.45  0.82  0.50  0.81  0.96 ]
[ 0.49  0.24  0.08  0.07  0.61  0.75  0.14  0.07  0.84  0.15  0.47  0.70 ]
[ 0.12  0.99  0.96  0.26  0.41  0.85  0.97  0.98  0.95  0.80  1.00  0.96 ]
[ 0.99  1.00  0.96  0.99  0.99  0.94  0.98  1.00  0.38  0.97  0.99  0.88 ]
[ 0.99  1.00  1.00  0.92  1.00  1.00  0.99  0.99  0.99  0.95  0.82  0.51 ]

01/29 09:49:48 PM | === Batch 10/50
01/29 09:49:48 PM | loss = 1.017 + 0.005 + 0.059 = 1.082
01/29 09:49:49 PM | attribution_score[0:12]: 
[ 0.98  0.99  0.20  0.08  0.08  0.11  0.16  0.06  0.06  0.79  0.07  0.98 ]
[ 0.97  0.07  0.98  0.05  0.78  0.93  0.97  0.07  0.51  0.98  0.93  0.58 ]
[ 0.98  0.99  0.08  0.99  0.12  0.99  0.81  0.95  0.10  0.09  0.42  0.97 ]
[ 0.38  0.79  0.86  0.99  0.96  1.00  0.76  0.48  0.97  0.74  0.91  0.97 ]
[ 0.99  0.98  0.82  0.34  0.73  0.98  0.07  0.14  0.97  0.69  0.83  0.55 ]
[ 0.57  0.94  0.08  0.79  0.41  0.23  0.82  0.22  0.25  0.19  0.06  0.84 ]
[ 0.95  0.24  0.41  0.72  0.90  0.16  0.97  0.87  0.97  0.98  1.00  0.35 ]
[ 0.05  0.56  0.12  0.06  0.22  0.48  0.97  0.05  0.83  0.63  0.51  0.21 ]
[ 0.75  0.77  0.09  0.83  0.83  0.10  0.15  0.54  0.79  0.53  0.87  0.97 ]
[ 0.58  0.27  0.07  0.06  0.70  0.81  0.15  0.07  0.88  0.16  0.56  0.78 ]
[ 0.13  0.99  0.97  0.29  0.47  0.90  0.97  0.99  0.96  0.83  1.00  0.97 ]
[ 0.99  1.00  0.97  0.99  0.99  0.96  0.98  1.00  0.44  0.98  0.99  0.92 ]
[ 1.00  1.00  1.00  0.94  1.00  1.00  0.99  0.99  0.99  0.97  0.86  0.59 ]

01/29 09:49:49 PM | === Batch 11/50
01/29 09:49:49 PM | loss = 0.914 + 0.266 + 0.055 = 1.236
01/29 09:49:49 PM | attribution_score[0:12]: 
[ 0.99  0.99  0.22  0.07  0.07  0.11  0.16  0.05  0.05  0.83  0.07  0.98 ]
[ 0.97  0.07  0.98  0.04  0.79  0.93  0.98  0.06  0.58  0.98  0.93  0.65 ]
[ 0.99  0.99  0.08  0.99  0.12  0.99  0.84  0.96  0.10  0.08  0.45  0.98 ]
[ 0.34  0.82  0.89  0.99  0.96  1.00  0.80  0.47  0.98  0.76  0.93  0.97 ]
[ 0.99  0.98  0.82  0.44  0.68  0.98  0.06  0.14  0.98  0.78  0.83  0.62 ]
[ 0.65  0.95  0.08  0.83  0.43  0.25  0.86  0.25  0.27  0.22  0.05  0.88 ]
[ 0.96  0.31  0.44  0.78  0.93  0.19  0.98  0.85  0.98  0.98  1.00  0.37 ]
[ 0.04  0.65  0.13  0.05  0.23  0.56  0.97  0.04  0.87  0.72  0.54  0.21 ]
[ 0.81  0.83  0.09  0.86  0.89  0.10  0.14  0.62  0.74  0.49  0.91  0.98 ]
[ 0.61  0.24  0.06  0.05  0.73  0.82  0.16  0.06  0.90  0.17  0.66  0.84 ]
[ 0.14  0.99  0.98  0.33  0.53  0.93  0.98  0.99  0.98  0.85  1.00  0.98 ]
[ 0.99  1.00  0.98  0.99  0.99  0.97  0.98  1.00  0.47  0.99  0.99  0.93 ]
[ 1.00  1.00  1.00  0.95  1.00  1.00  0.99  0.99  0.99  0.98  0.89  0.62 ]

01/29 09:49:49 PM | === Batch 12/50
01/29 09:49:49 PM | loss = 0.986 + 0.447 + 0.052 = 1.485
01/29 09:49:50 PM | attribution_score[0:12]: 
[ 0.99  1.00  0.23  0.06  0.07  0.11  0.16  0.05  0.04  0.86  0.06  0.99 ]
[ 0.98  0.07  0.98  0.03  0.80  0.94  0.98  0.05  0.67  0.98  0.93  0.67 ]
[ 0.99  0.99  0.08  0.99  0.12  0.99  0.87  0.96  0.09  0.07  0.47  0.98 ]
[ 0.30  0.84  0.92  0.99  0.96  1.00  0.83  0.46  0.98  0.75  0.94  0.97 ]
[ 0.99  0.98  0.79  0.54  0.63  0.99  0.05  0.13  0.98  0.84  0.83  0.70 ]
[ 0.70  0.96  0.07  0.87  0.42  0.28  0.89  0.26  0.29  0.27  0.04  0.91 ]
[ 0.96  0.39  0.45  0.82  0.94  0.21  0.98  0.82  0.98  0.99  1.00  0.40 ]
[ 0.03  0.69  0.13  0.04  0.23  0.61  0.98  0.03  0.89  0.76  0.52  0.21 ]
[ 0.84  0.87  0.08  0.87  0.92  0.09  0.13  0.66  0.68  0.42  0.93  0.98 ]
[ 0.62  0.20  0.05  0.04  0.73  0.81  0.16  0.05  0.91  0.16  0.70  0.87 ]
[ 0.15  0.99  0.98  0.37  0.57  0.95  0.98  0.99  0.98  0.86  1.00  0.98 ]
[ 0.99  1.00  0.98  1.00  0.99  0.98  0.99  1.00  0.47  0.99  1.00  0.94 ]
[ 1.00  1.00  1.00  0.95  1.00  1.00  0.99  0.99  1.00  0.98  0.89  0.60 ]

01/29 09:49:50 PM | === Batch 13/50
01/29 09:49:50 PM | loss = 0.797 + 0.546 + 0.049 = 1.391
01/29 09:49:50 PM | attribution_score[0:12]: 
[ 0.99  1.00  0.24  0.05  0.06  0.12  0.15  0.04  0.03  0.88  0.05  0.99 ]
[ 0.98  0.07  0.99  0.03  0.80  0.94  0.98  0.04  0.76  0.98  0.92  0.68 ]
[ 0.99  0.99  0.08  0.99  0.11  0.99  0.88  0.97  0.08  0.06  0.47  0.99 ]
[ 0.26  0.85  0.93  1.00  0.96  1.00  0.86  0.45  0.98  0.73  0.95  0.98 ]
[ 0.99  0.99  0.76  0.65  0.64  0.99  0.05  0.13  0.98  0.89  0.83  0.76 ]
[ 0.74  0.96  0.07  0.88  0.39  0.29  0.92  0.25  0.30  0.35  0.04  0.93 ]
[ 0.97  0.49  0.46  0.85  0.95  0.24  0.99  0.77  0.98  0.99  1.00  0.41 ]
[ 0.03  0.71  0.12  0.04  0.21  0.63  0.98  0.03  0.90  0.78  0.48  0.20 ]
[ 0.86  0.89  0.07  0.88  0.94  0.08  0.11  0.70  0.60  0.33  0.95  0.99 ]
[ 0.62  0.16  0.05  0.04  0.70  0.79  0.15  0.04  0.91  0.14  0.72  0.89 ]
[ 0.15  0.99  0.99  0.40  0.59  0.96  0.98  0.99  0.99  0.86  1.00  0.98 ]
[ 1.00  1.00  0.99  1.00  1.00  0.98  0.99  1.00  0.45  0.99  1.00  0.95 ]
[ 1.00  1.00  1.00  0.96  1.00  1.00  0.99  0.99  1.00  0.98  0.89  0.56 ]

01/29 09:49:50 PM | === Batch 14/50
01/29 09:49:50 PM | loss = 0.654 + 0.581 + 0.046 = 1.281
01/29 09:49:51 PM | attribution_score[0:12]: 
[ 0.99  1.00  0.23  0.04  0.05  0.11  0.14  0.03  0.03  0.89  0.04  0.99 ]
[ 0.99  0.07  0.99  0.02  0.80  0.95  0.99  0.04  0.83  0.98  0.92  0.66 ]
[ 0.99  0.99  0.08  0.99  0.10  0.99  0.89  0.97  0.07  0.05  0.46  0.99 ]
[ 0.25  0.85  0.94  1.00  0.95  1.00  0.88  0.43  0.98  0.69  0.96  0.97 ]
[ 0.99  0.99  0.70  0.73  0.67  0.99  0.04  0.13  0.98  0.92  0.83  0.78 ]
[ 0.77  0.97  0.06  0.90  0.33  0.32  0.94  0.23  0.29  0.45  0.03  0.94 ]
[ 0.97  0.61  0.44  0.87  0.95  0.27  0.99  0.71  0.98  0.99  1.00  0.41 ]
[ 0.02  0.72  0.13  0.03  0.18  0.64  0.98  0.02  0.91  0.78  0.42  0.19 ]
[ 0.87  0.91  0.06  0.88  0.96  0.08  0.09  0.72  0.57  0.25  0.96  0.99 ]
[ 0.59  0.12  0.04  0.03  0.64  0.76  0.13  0.03  0.92  0.12  0.72  0.91 ]
[ 0.15  1.00  0.99  0.43  0.61  0.97  0.98  0.99  0.99  0.87  1.00  0.98 ]
[ 1.00  1.00  0.99  1.00  1.00  0.99  0.99  1.00  0.40  0.99  1.00  0.96 ]
[ 1.00  1.00  1.00  0.96  1.00  1.00  0.99  0.99  1.00  0.99  0.88  0.52 ]

01/29 09:49:51 PM | === Batch 15/50
01/29 09:49:51 PM | loss = 0.541 + 0.575 + 0.044 = 1.160
01/29 09:49:51 PM | attribution_score[0:12]: 
[ 0.99  1.00  0.21  0.03  0.05  0.11  0.12  0.03  0.02  0.90  0.04  0.99 ]
[ 0.99  0.07  0.99  0.02  0.80  0.95  0.99  0.03  0.87  0.98  0.93  0.64 ]
[ 0.99  0.99  0.07  0.99  0.08  0.99  0.89  0.97  0.06  0.05  0.43  0.99 ]
[ 0.24  0.85  0.95  1.00  0.95  1.00  0.89  0.39  0.98  0.65  0.97  0.97 ]
[ 0.99  0.99  0.64  0.81  0.68  0.99  0.04  0.12  0.99  0.94  0.84  0.79 ]
[ 0.79  0.97  0.06  0.91  0.31  0.35  0.95  0.21  0.28  0.53  0.03  0.95 ]
[ 0.97  0.71  0.41  0.88  0.96  0.28  0.99  0.63  0.98  0.99  1.00  0.38 ]
[ 0.02  0.72  0.13  0.03  0.16  0.63  0.98  0.02  0.92  0.77  0.36  0.17 ]
[ 0.88  0.92  0.05  0.88  0.97  0.07  0.08  0.72  0.55  0.18  0.97  0.99 ]
[ 0.56  0.09  0.03  0.02  0.57  0.72  0.11  0.03  0.92  0.09  0.71  0.92 ]
[ 0.14  1.00  0.99  0.46  0.64  0.98  0.98  0.99  0.99  0.87  1.00  0.98 ]
[ 1.00  1.00  0.99  1.00  1.00  0.99  0.99  1.00  0.34  1.00  1.00  0.96 ]
[ 1.00  1.00  1.00  0.96  1.00  1.00  0.99  1.00  1.00  0.99  0.88  0.50 ]

01/29 09:49:51 PM | === Batch 16/50
01/29 09:49:51 PM | loss = 0.324 + 0.540 + 0.042 = 0.905
01/29 09:49:52 PM | attribution_score[0:12]: 
[ 0.99  1.00  0.19  0.03  0.04  0.11  0.11  0.03  0.02  0.91  0.03  0.99 ]
[ 0.99  0.07  0.99  0.01  0.78  0.95  0.99  0.03  0.91  0.98  0.93  0.62 ]
[ 0.99  0.99  0.07  0.99  0.07  0.99  0.88  0.97  0.05  0.04  0.38  0.99 ]
[ 0.24  0.84  0.95  1.00  0.94  1.00  0.90  0.35  0.98  0.61  0.97  0.97 ]
[ 0.99  0.98  0.54  0.86  0.66  0.99  0.04  0.11  0.99  0.95  0.85  0.80 ]
[ 0.81  0.97  0.05  0.92  0.28  0.36  0.96  0.19  0.27  0.61  0.02  0.96 ]
[ 0.97  0.80  0.36  0.89  0.96  0.29  0.99  0.54  0.99  0.99  1.00  0.36 ]
[ 0.02  0.72  0.13  0.02  0.14  0.59  0.98  0.02  0.92  0.75  0.30  0.15 ]
[ 0.88  0.93  0.04  0.88  0.97  0.06  0.07  0.71  0.53  0.13  0.98  0.99 ]
[ 0.51  0.06  0.03  0.02  0.49  0.66  0.09  0.02  0.92  0.07  0.68  0.92 ]
[ 0.13  1.00  0.99  0.50  0.68  0.98  0.99  1.00  0.99  0.88  1.00  0.99 ]
[ 1.00  1.00  0.99  1.00  1.00  0.99  0.99  1.00  0.28  1.00  1.00  0.96 ]
[ 1.00  1.00  1.00  0.97  1.00  1.00  1.00  1.00  1.00  0.99  0.86  0.45 ]

01/29 09:49:52 PM | === Batch 17/50
01/29 09:49:52 PM | loss = 0.395 + 0.483 + 0.040 = 0.918
01/29 09:49:52 PM | attribution_score[0:12]: 
[ 0.99  1.00  0.17  0.02  0.04  0.11  0.09  0.02  0.02  0.92  0.03  0.99 ]
[ 0.99  0.06  0.99  0.01  0.76  0.95  0.99  0.02  0.93  0.98  0.94  0.62 ]
[ 0.99  1.00  0.06  0.99  0.06  0.99  0.87  0.98  0.04  0.03  0.32  0.99 ]
[ 0.25  0.82  0.96  1.00  0.94  1.00  0.91  0.33  0.98  0.59  0.97  0.97 ]
[ 1.00  0.98  0.46  0.90  0.63  1.00  0.04  0.10  0.99  0.96  0.85  0.80 ]
[ 0.84  0.97  0.05  0.92  0.27  0.39  0.97  0.16  0.25  0.64  0.02  0.97 ]
[ 0.98  0.86  0.32  0.89  0.97  0.34  0.99  0.43  0.99  0.99  1.00  0.33 ]
[ 0.01  0.72  0.12  0.02  0.12  0.53  0.98  0.01  0.93  0.73  0.25  0.14 ]
[ 0.89  0.94  0.03  0.88  0.98  0.05  0.06  0.69  0.52  0.10  0.98  0.99 ]
[ 0.46  0.05  0.02  0.02  0.39  0.59  0.07  0.02  0.92  0.06  0.63  0.93 ]
[ 0.11  1.00  0.99  0.53  0.73  0.98  0.99  1.00  1.00  0.89  1.00  0.99 ]
[ 1.00  1.00  0.99  1.00  1.00  0.99  0.99  1.00  0.21  1.00  1.00  0.97 ]
[ 1.00  1.00  1.00  0.97  1.00  1.00  1.00  1.00  1.00  0.99  0.85  0.43 ]

01/29 09:49:52 PM | === Batch 18/50
01/29 09:49:52 PM | loss = 0.486 + 0.419 + 0.039 = 0.944
01/29 09:49:52 PM | attribution_score[0:12]: 
[ 0.99  1.00  0.15  0.02  0.03  0.11  0.08  0.02  0.01  0.92  0.02  0.99 ]
[ 0.99  0.06  0.99  0.01  0.73  0.95  0.99  0.02  0.94  0.98  0.94  0.63 ]
[ 0.99  1.00  0.05  0.99  0.05  0.99  0.86  0.98  0.04  0.03  0.27  0.99 ]
[ 0.26  0.80  0.96  1.00  0.93  1.00  0.92  0.29  0.98  0.57  0.98  0.97 ]
[ 1.00  0.98  0.39  0.92  0.56  1.00  0.04  0.10  0.99  0.97  0.86  0.81 ]
[ 0.86  0.97  0.04  0.92  0.25  0.43  0.97  0.14  0.24  0.64  0.02  0.97 ]
[ 0.98  0.90  0.27  0.90  0.97  0.34  0.99  0.33  0.99  0.99  1.00  0.27 ]
[ 0.01  0.72  0.11  0.02  0.10  0.48  0.99  0.01  0.93  0.70  0.21  0.12 ]
[ 0.89  0.95  0.03  0.89  0.98  0.05  0.05  0.65  0.50  0.07  0.98  0.99 ]
[ 0.41  0.04  0.02  0.02  0.30  0.51  0.06  0.02  0.93  0.05  0.57  0.93 ]
[ 0.09  1.00  0.99  0.55  0.76  0.99  0.99  1.00  1.00  0.89  1.00  0.99 ]
[ 1.00  1.00  0.99  1.00  1.00  0.99  0.99  1.00  0.15  1.00  1.00  0.97 ]
[ 1.00  1.00  1.00  0.97  1.00  1.00  1.00  1.00  1.00  0.99  0.84  0.41 ]

01/29 09:49:52 PM | === Batch 19/50
01/29 09:49:53 PM | loss = 0.427 + 0.348 + 0.037 = 0.812
01/29 09:49:53 PM | attribution_score[0:12]: 
[ 0.99  1.00  0.13  0.02  0.03  0.11  0.07  0.02  0.01  0.92  0.02  0.99 ]
[ 0.99  0.05  0.99  0.01  0.71  0.95  0.99  0.02  0.96  0.97  0.95  0.62 ]
[ 0.99  1.00  0.05  0.99  0.04  1.00  0.84  0.98  0.03  0.02  0.21  0.99 ]
[ 0.26  0.77  0.97  1.00  0.93  1.00  0.92  0.27  0.97  0.55  0.98  0.97 ]
[ 1.00  0.98  0.32  0.94  0.49  1.00  0.04  0.09  0.99  0.97  0.86  0.83 ]
[ 0.86  0.98  0.04  0.91  0.23  0.46  0.98  0.11  0.22  0.63  0.01  0.98 ]
[ 0.98  0.93  0.21  0.89  0.97  0.31  0.99  0.24  0.99  0.99  1.00  0.22 ]
[ 0.01  0.72  0.09  0.02  0.09  0.42  0.99  0.01  0.94  0.67  0.18  0.10 ]
[ 0.89  0.95  0.02  0.89  0.98  0.04  0.04  0.61  0.47  0.05  0.99  0.99 ]
[ 0.35  0.03  0.02  0.01  0.23  0.43  0.05  0.02  0.93  0.04  0.50  0.93 ]
[ 0.07  1.00  0.99  0.56  0.78  0.99  0.99  1.00  1.00  0.90  1.00  0.99 ]
[ 1.00  1.00  0.99  1.00  1.00  0.99  0.99  1.00  0.11  1.00  1.00  0.97 ]
[ 1.00  1.00  1.00  0.97  1.00  1.00  1.00  1.00  1.00  0.99  0.84  0.40 ]

01/29 09:49:53 PM | === Batch 20/50
01/29 09:49:53 PM | loss = 0.718 + 0.273 + 0.036 = 1.026
01/29 09:49:53 PM | === Batch 21/50
01/29 09:49:53 PM | loss = 0.569 + 0.205 + 0.034 = 0.809
01/29 09:49:54 PM | === Batch 22/50
01/29 09:49:54 PM | loss = 0.512 + 0.144 + 0.033 = 0.689
01/29 09:49:54 PM | === Batch 23/50
01/29 09:49:54 PM | loss = 0.730 + 0.083 + 0.032 = 0.845
01/29 09:49:55 PM | === Batch 24/50
01/29 09:49:55 PM | loss = 0.640 + 0.025 + 0.031 = 0.697
01/29 09:49:55 PM | === Batch 25/50
01/29 09:49:55 PM | loss = 0.426 + 0.060 + 0.030 = 0.516
01/29 09:49:56 PM | === Batch 26/50
01/29 09:49:56 PM | loss = 0.441 + 0.049 + 0.029 = 0.520
01/29 09:49:56 PM | === Batch 27/50
01/29 09:49:56 PM | loss = 0.564 + 0.023 + 0.028 = 0.615
01/29 09:49:56 PM | === Batch 28/50
01/29 09:49:57 PM | loss = 0.371 + 0.055 + 0.027 = 0.453
01/29 09:49:57 PM | === Batch 29/50
01/29 09:49:57 PM | loss = 0.532 + 0.070 + 0.026 = 0.628
01/29 09:49:57 PM | === Batch 30/50
01/29 09:49:58 PM | loss = 0.456 + 0.074 + 0.025 = 0.556
01/29 09:49:58 PM | === Batch 31/50
01/29 09:49:58 PM | loss = 0.454 + 0.067 + 0.024 = 0.545
01/29 09:49:58 PM | === Batch 32/50
01/29 09:49:59 PM | loss = 0.492 + 0.050 + 0.024 = 0.566
01/29 09:49:59 PM | === Batch 33/50
01/29 09:49:59 PM | loss = 0.367 + 0.025 + 0.023 = 0.416
01/29 09:49:59 PM | === Batch 34/50
01/29 09:49:59 PM | loss = 0.430 + 0.013 + 0.023 = 0.466
01/29 09:50:00 PM | === Batch 35/50
01/29 09:50:00 PM | loss = 0.631 + 0.001 + 0.023 = 0.654
01/29 09:50:00 PM | === Batch 36/50
01/29 09:50:00 PM | loss = 0.449 + 0.003 + 0.022 = 0.475
01/29 09:50:01 PM | === Batch 37/50
01/29 09:50:01 PM | loss = 0.449 + 0.031 + 0.022 = 0.502
01/29 09:50:01 PM | === Batch 38/50
01/29 09:50:01 PM | loss = 0.471 + 0.048 + 0.021 = 0.541
01/29 09:50:01 PM | === Batch 39/50
01/29 09:50:02 PM | loss = 0.405 + 0.056 + 0.021 = 0.482
01/29 09:50:02 PM | === Batch 40/50
01/29 09:50:02 PM | loss = 0.601 + 0.055 + 0.021 = 0.677
01/29 09:50:02 PM | === Batch 41/50
01/29 09:50:03 PM | loss = 0.382 + 0.047 + 0.021 = 0.449
01/29 09:50:03 PM | === Batch 42/50
01/29 09:50:03 PM | loss = 0.523 + 0.031 + 0.020 = 0.575
01/29 09:50:03 PM | === Batch 43/50
01/29 09:50:03 PM | loss = 0.373 + 0.009 + 0.020 = 0.403
01/29 09:50:04 PM | === Batch 44/50
01/29 09:50:04 PM | loss = 0.456 + 0.032 + 0.020 = 0.509
01/29 09:50:04 PM | === Batch 45/50
01/29 09:50:04 PM | loss = 0.406 + 0.013 + 0.020 = 0.440
01/29 09:50:05 PM | === Batch 46/50
01/29 09:50:05 PM | loss = 0.448 + 0.030 + 0.019 = 0.497
01/29 09:50:05 PM | === Batch 47/50
01/29 09:50:05 PM | loss = 0.507 + 0.054 + 0.019 = 0.581
01/29 09:50:05 PM | === Batch 48/50
01/29 09:50:06 PM | loss = 0.415 + 0.068 + 0.019 = 0.502
01/29 09:50:06 PM | === Batch 49/50
01/29 09:50:06 PM | loss = 0.423 + 0.072 + 0.018 = 0.514
01/29 09:50:06 PM | === Batch 50/50
01/29 09:50:06 PM | loss = 0.468 + 0.066 + 0.018 = 0.552
01/29 09:50:07 PM | ===
Best loss was 0.40 at iteration 43

01/29 09:50:07 PM | Looking for optimal threshold...
01/29 09:50:07 PM | Testing threshold 0.5
01/29 09:50:07 PM | Distance to target: 3,748,584
01/29 09:50:07 PM | Testing threshold 0.75
01/29 09:50:07 PM | Distance to target: 11,685,672
01/29 09:50:07 PM | Testing threshold 0.625
01/29 09:50:07 PM | Distance to target: 2,947,240
01/29 09:50:07 PM | Testing threshold 0.5625
01/29 09:50:07 PM | Distance to target: 943,000
01/29 09:50:07 PM | Testing threshold 0.59375
01/29 09:50:07 PM | Distance to target: 1,367,176
01/29 09:50:07 PM | Testing threshold 0.578125
01/29 09:50:07 PM | Distance to target: 134,792
01/29 09:50:07 PM | Testing threshold 0.5703125
01/29 09:50:07 PM | Distance to target: 356,760
01/29 09:50:07 PM | Testing threshold 0.57421875
01/29 09:50:07 PM | Distance to target: 81,176
01/29 09:50:07 PM | Testing threshold 0.576171875
01/29 09:50:07 PM | Distance to target: 134,792
01/29 09:50:07 PM | Testing threshold 0.5751953125
01/29 09:50:07 PM | Distance to target: 26,808
01/29 09:50:09 PM | attribution_score[0:12]: 
[ 1.00  1.00  0.00  0.00  0.00  0.00  0.00  0.00  0.00  1.00  0.00  1.00 ]
[ 1.00  0.00  1.00  0.00  1.00  1.00  1.00  0.00  1.00  1.00  1.00  0.00 ]
[ 1.00  1.00  0.00  1.00  0.00  1.00  0.00  1.00  0.00  0.00  0.00  1.00 ]
[ 0.00  1.00  1.00  1.00  1.00  1.00  1.00  0.00  1.00  0.00  1.00  1.00 ]
[ 1.00  1.00  0.00  1.00  0.00  1.00  0.00  0.00  1.00  1.00  1.00  1.00 ]
[ 1.00  1.00  0.00  0.00  0.00  0.00  1.00  0.00  0.00  0.00  0.00  1.00 ]
[ 1.00  1.00  0.00  1.00  1.00  0.00  1.00  0.00  1.00  1.00  1.00  0.00 ]
[ 0.00  1.00  0.00  0.00  0.00  0.00  1.00  0.00  1.00  1.00  0.00  0.00 ]
[ 1.00  1.00  0.00  1.00  1.00  0.00  0.00  1.00  1.00  0.00  1.00  1.00 ]
[ 0.00  0.00  0.00  0.00  0.00  0.00  0.00  0.00  1.00  0.00  0.00  1.00 ]
[ 0.00  1.00  1.00  0.00  0.00  1.00  1.00  1.00  1.00  1.00  1.00  1.00 ]
[ 1.00  1.00  1.00  1.00  1.00  1.00  1.00  1.00  0.00  1.00  1.00  1.00 ]
[ 1.00  1.00  1.00  1.00  1.00  1.00  1.00  1.00  1.00  1.00  1.00  0.00 ]

01/29 09:50:09 PM | VGG(
  (features): Sequential(
    (conv0): Conv2d(3, 23, kernel_size=(3, 3), stride=(1, 1), padding=(1, 1))
    (norm0): BatchNorm2d(23, eps=1e-05, momentum=0.1, affine=True, track_running_stats=True)
    (relu0): ReLU(inplace=True)
    (conv1): Conv2d(23, 46, kernel_size=(3, 3), stride=(1, 1), padding=(1, 1))
    (norm1): BatchNorm2d(46, eps=1e-05, momentum=0.1, affine=True, track_running_stats=True)
    (relu1): ReLU(inplace=True)
    (pool2): MaxPool2d(kernel_size=2, stride=2, padding=0, dilation=1, ceil_mode=False)
    (conv3): Conv2d(46, 80, kernel_size=(3, 3), stride=(1, 1), padding=(1, 1))
    (norm3): BatchNorm2d(80, eps=1e-05, momentum=0.1, affine=True, track_running_stats=True)
    (relu3): ReLU(inplace=True)
    (conv4): Conv2d(80, 107, kernel_size=(3, 3), stride=(1, 1), padding=(1, 1))
    (norm4): BatchNorm2d(107, eps=1e-05, momentum=0.1, affine=True, track_running_stats=True)
    (relu4): ReLU(inplace=True)
    (pool5): MaxPool2d(kernel_size=2, stride=2, padding=0, dilation=1, ceil_mode=False)
    (conv6): Conv2d(107, 163, kernel_size=(3, 3), stride=(1, 1), padding=(1, 1))
    (norm6): BatchNorm2d(163, eps=1e-05, momentum=0.1, affine=True, track_running_stats=True)
    (relu6): ReLU(inplace=True)
    (conv7): Conv2d(163, 132, kernel_size=(3, 3), stride=(1, 1), padding=(1, 1))
    (norm7): BatchNorm2d(132, eps=1e-05, momentum=0.1, affine=True, track_running_stats=True)
    (relu7): ReLU(inplace=True)
    (conv8): Conv2d(132, 160, kernel_size=(3, 3), stride=(1, 1), padding=(1, 1))
    (norm8): BatchNorm2d(160, eps=1e-05, momentum=0.1, affine=True, track_running_stats=True)
    (relu8): ReLU(inplace=True)
    (pool9): MaxPool2d(kernel_size=2, stride=2, padding=0, dilation=1, ceil_mode=False)
    (conv10): Conv2d(160, 221, kernel_size=(3, 3), stride=(1, 1), padding=(1, 1))
    (norm10): BatchNorm2d(221, eps=1e-05, momentum=0.1, affine=True, track_running_stats=True)
    (relu10): ReLU(inplace=True)
    (conv11): Conv2d(221, 171, kernel_size=(3, 3), stride=(1, 1), padding=(1, 1))
    (norm11): BatchNorm2d(171, eps=1e-05, momentum=0.1, affine=True, track_running_stats=True)
    (relu11): ReLU(inplace=True)
    (conv12): Conv2d(171, 234, kernel_size=(3, 3), stride=(1, 1), padding=(1, 1))
    (norm12): BatchNorm2d(234, eps=1e-05, momentum=0.1, affine=True, track_running_stats=True)
    (relu12): ReLU(inplace=True)
    (pool13): MaxPool2d(kernel_size=2, stride=2, padding=0, dilation=1, ceil_mode=False)
    (conv14): Conv2d(234, 391, kernel_size=(3, 3), stride=(1, 1), padding=(1, 1))
    (norm14): BatchNorm2d(391, eps=1e-05, momentum=0.1, affine=True, track_running_stats=True)
    (relu14): ReLU(inplace=True)
    (conv15): Conv2d(391, 463, kernel_size=(3, 3), stride=(1, 1), padding=(1, 1))
    (norm15): BatchNorm2d(463, eps=1e-05, momentum=0.1, affine=True, track_running_stats=True)
    (relu15): ReLU(inplace=True)
    (conv16): Conv2d(463, 505, kernel_size=(3, 3), stride=(1, 1), padding=(1, 1))
    (norm16): BatchNorm2d(505, eps=1e-05, momentum=0.1, affine=True, track_running_stats=True)
    (relu16): ReLU(inplace=True)
  )
  (classifier): Sequential(
    (linear1): Linear(in_features=505, out_features=512, bias=True)
    (norm1): BatchNorm1d(512, eps=1e-05, momentum=0.1, affine=True, track_running_stats=True)
    (relu1): ReLU(inplace=True)
    (linear2): Linear(in_features=512, out_features=10, bias=True)
  )
)
01/29 09:50:10 PM | ----------------------------------------
01/29 09:50:10 PM | Performances input model:
01/29 09:50:10 PM |  - flops: 314,294,272
01/29 09:50:10 PM |  - params: 14,991,946
01/29 09:50:10 PM |  - accuracy: 93.95999908447266
01/29 09:50:10 PM | ----------------------------------------
01/29 09:50:10 PM | Performances pseudo-pruned model:
01/29 09:50:10 PM |  - flops: 314,294,272
01/29 09:50:10 PM |  - params: 14,991,946
01/29 09:50:10 PM |  - accuracy: 76.3699951171875
01/29 09:50:10 PM | ----------------------------------------
01/29 09:50:10 PM | Performances pruned model:
01/29 09:50:10 PM |  - flops: 108,469,820
01/29 09:50:10 PM |  - params: 6,509,873
01/29 09:50:10 PM |  - accuracy: 76.3699951171875
01/29 09:50:10 PM | ----------------------------------------
01/29 09:50:10 PM | Total time: 40.16s
