01/29 03:44:26 AM | args = Namespace(output_dir='result/rebuttal/nb_epoch/vgg/nbbtchs300/seed_00', loaded_model_path='./checkpoints/cifar10/vgg_16_bn.pt', resume=False, test_only=False, mode='prune', batch_size=64, nb_batches=300, Mflops_target=None, lr=0.6, momentum=0.9, beta=6, gamma=0.4, gpu='0', num_workers=4, dataset='cifar10', arch='vgg_16_bn', save_plot=False, seed=0, lr_finetuning=0.02, epoch_finetuning=200, wd=0.002, data_dir='./data/cifar10/', print_freq=200, num_classes=10, device_ids=[0], device=device(type='cuda', index=0), name_base='')
01/29 03:44:31 AM | ----------------------------------------
01/29 03:44:31 AM | ==> Building model...
01/29 03:44:31 AM | ----------------------------------------
01/29 03:44:31 AM | ==> Loading weights into the model...
01/29 03:44:31 AM | ----------------------------------------
01/29 03:44:31 AM | VGG(
  (features): Sequential(
    (conv0): Conv2d(3, 64, kernel_size=(3, 3), stride=(1, 1), padding=(1, 1))
    (norm0): BatchNorm2d(64, eps=1e-05, momentum=0.1, affine=True, track_running_stats=True)
    (relu0): ReLU(inplace=True)
    (conv1): Conv2d(64, 64, kernel_size=(3, 3), stride=(1, 1), padding=(1, 1))
    (norm1): BatchNorm2d(64, eps=1e-05, momentum=0.1, affine=True, track_running_stats=True)
    (relu1): ReLU(inplace=True)
    (pool2): MaxPool2d(kernel_size=2, stride=2, padding=0, dilation=1, ceil_mode=False)
    (conv3): Conv2d(64, 128, kernel_size=(3, 3), stride=(1, 1), padding=(1, 1))
    (norm3): BatchNorm2d(128, eps=1e-05, momentum=0.1, affine=True, track_running_stats=True)
    (relu3): ReLU(inplace=True)
    (conv4): Conv2d(128, 128, kernel_size=(3, 3), stride=(1, 1), padding=(1, 1))
    (norm4): BatchNorm2d(128, eps=1e-05, momentum=0.1, affine=True, track_running_stats=True)
    (relu4): ReLU(inplace=True)
    (pool5): MaxPool2d(kernel_size=2, stride=2, padding=0, dilation=1, ceil_mode=False)
    (conv6): Conv2d(128, 256, kernel_size=(3, 3), stride=(1, 1), padding=(1, 1))
    (norm6): BatchNorm2d(256, eps=1e-05, momentum=0.1, affine=True, track_running_stats=True)
    (relu6): ReLU(inplace=True)
    (conv7): Conv2d(256, 256, kernel_size=(3, 3), stride=(1, 1), padding=(1, 1))
    (norm7): BatchNorm2d(256, eps=1e-05, momentum=0.1, affine=True, track_running_stats=True)
    (relu7): ReLU(inplace=True)
    (conv8): Conv2d(256, 256, kernel_size=(3, 3), stride=(1, 1), padding=(1, 1))
    (norm8): BatchNorm2d(256, eps=1e-05, momentum=0.1, affine=True, track_running_stats=True)
    (relu8): ReLU(inplace=True)
    (pool9): MaxPool2d(kernel_size=2, stride=2, padding=0, dilation=1, ceil_mode=False)
    (conv10): Conv2d(256, 512, kernel_size=(3, 3), stride=(1, 1), padding=(1, 1))
    (norm10): BatchNorm2d(512, eps=1e-05, momentum=0.1, affine=True, track_running_stats=True)
    (relu10): ReLU(inplace=True)
    (conv11): Conv2d(512, 512, kernel_size=(3, 3), stride=(1, 1), padding=(1, 1))
    (norm11): BatchNorm2d(512, eps=1e-05, momentum=0.1, affine=True, track_running_stats=True)
    (relu11): ReLU(inplace=True)
    (conv12): Conv2d(512, 512, kernel_size=(3, 3), stride=(1, 1), padding=(1, 1))
    (norm12): BatchNorm2d(512, eps=1e-05, momentum=0.1, affine=True, track_running_stats=True)
    (relu12): ReLU(inplace=True)
    (pool13): MaxPool2d(kernel_size=2, stride=2, padding=0, dilation=1, ceil_mode=False)
    (conv14): Conv2d(512, 512, kernel_size=(3, 3), stride=(1, 1), padding=(1, 1))
    (norm14): BatchNorm2d(512, eps=1e-05, momentum=0.1, affine=True, track_running_stats=True)
    (relu14): ReLU(inplace=True)
    (conv15): Conv2d(512, 512, kernel_size=(3, 3), stride=(1, 1), padding=(1, 1))
    (norm15): BatchNorm2d(512, eps=1e-05, momentum=0.1, affine=True, track_running_stats=True)
    (relu15): ReLU(inplace=True)
    (conv16): Conv2d(512, 512, kernel_size=(3, 3), stride=(1, 1), padding=(1, 1))
    (norm16): BatchNorm2d(512, eps=1e-05, momentum=0.1, affine=True, track_running_stats=True)
    (relu16): ReLU(inplace=True)
  )
  (classifier): Sequential(
    (linear1): Linear(in_features=512, out_features=512, bias=True)
    (norm1): BatchNorm1d(512, eps=1e-05, momentum=0.1, affine=True, track_running_stats=True)
    (relu1): ReLU(inplace=True)
    (linear2): Linear(in_features=512, out_features=10, bias=True)
  )
)
01/29 03:44:33 AM | Save modules info...
01/29 03:44:33 AM | FLOPS pruning ratio is 0.65
01/29 03:44:33 AM | Pruning with information flow
01/29 03:44:33 AM | -----
01/29 03:44:33 AM | module: Conv2d(3, 64, kernel_size=(3, 3), stride=(1, 1), padding=(1, 1))
01/29 03:44:33 AM | cin: None
01/29 03:44:33 AM | cout: [0]
01/29 03:44:33 AM | inactive
01/29 03:44:33 AM | -----
01/29 03:44:33 AM | module: BatchNorm2d(64, eps=1e-05, momentum=0.1, affine=True, track_running_stats=True)
01/29 03:44:33 AM | cin: [0]
01/29 03:44:33 AM | cout: [0]
01/29 03:44:33 AM | inactive
01/29 03:44:33 AM | -----
01/29 03:44:33 AM | module: ReLU(inplace=True)
01/29 03:44:33 AM | cin: [0]
01/29 03:44:33 AM | cout: [0]
01/29 03:44:33 AM | active
01/29 03:44:33 AM | -----
01/29 03:44:33 AM | module: Conv2d(64, 64, kernel_size=(3, 3), stride=(1, 1), padding=(1, 1))
01/29 03:44:33 AM | cin: [0]
01/29 03:44:33 AM | cout: [1]
01/29 03:44:33 AM | inactive
01/29 03:44:33 AM | -----
01/29 03:44:33 AM | module: BatchNorm2d(64, eps=1e-05, momentum=0.1, affine=True, track_running_stats=True)
01/29 03:44:33 AM | cin: [1]
01/29 03:44:33 AM | cout: [1]
01/29 03:44:33 AM | inactive
01/29 03:44:33 AM | -----
01/29 03:44:33 AM | module: ReLU(inplace=True)
01/29 03:44:33 AM | cin: [1]
01/29 03:44:33 AM | cout: [1]
01/29 03:44:33 AM | active
01/29 03:44:33 AM | -----
01/29 03:44:33 AM | module: MaxPool2d(kernel_size=2, stride=2, padding=0, dilation=1, ceil_mode=False)
01/29 03:44:33 AM | cin: [1]
01/29 03:44:33 AM | cout: [1]
01/29 03:44:33 AM | inactive
01/29 03:44:33 AM | -----
01/29 03:44:33 AM | module: Conv2d(64, 128, kernel_size=(3, 3), stride=(1, 1), padding=(1, 1))
01/29 03:44:33 AM | cin: [1]
01/29 03:44:33 AM | cout: [2]
01/29 03:44:33 AM | inactive
01/29 03:44:33 AM | -----
01/29 03:44:33 AM | module: BatchNorm2d(128, eps=1e-05, momentum=0.1, affine=True, track_running_stats=True)
01/29 03:44:33 AM | cin: [2]
01/29 03:44:33 AM | cout: [2]
01/29 03:44:33 AM | inactive
01/29 03:44:33 AM | -----
01/29 03:44:33 AM | module: ReLU(inplace=True)
01/29 03:44:33 AM | cin: [2]
01/29 03:44:33 AM | cout: [2]
01/29 03:44:33 AM | active
01/29 03:44:33 AM | -----
01/29 03:44:33 AM | module: Conv2d(128, 128, kernel_size=(3, 3), stride=(1, 1), padding=(1, 1))
01/29 03:44:33 AM | cin: [2]
01/29 03:44:33 AM | cout: [3]
01/29 03:44:33 AM | inactive
01/29 03:44:33 AM | -----
01/29 03:44:33 AM | module: BatchNorm2d(128, eps=1e-05, momentum=0.1, affine=True, track_running_stats=True)
01/29 03:44:33 AM | cin: [3]
01/29 03:44:33 AM | cout: [3]
01/29 03:44:33 AM | inactive
01/29 03:44:33 AM | -----
01/29 03:44:33 AM | module: ReLU(inplace=True)
01/29 03:44:33 AM | cin: [3]
01/29 03:44:33 AM | cout: [3]
01/29 03:44:33 AM | active
01/29 03:44:33 AM | -----
01/29 03:44:33 AM | module: MaxPool2d(kernel_size=2, stride=2, padding=0, dilation=1, ceil_mode=False)
01/29 03:44:33 AM | cin: [3]
01/29 03:44:33 AM | cout: [3]
01/29 03:44:33 AM | inactive
01/29 03:44:33 AM | -----
01/29 03:44:33 AM | module: Conv2d(128, 256, kernel_size=(3, 3), stride=(1, 1), padding=(1, 1))
01/29 03:44:33 AM | cin: [3]
01/29 03:44:33 AM | cout: [4]
01/29 03:44:33 AM | inactive
01/29 03:44:33 AM | -----
01/29 03:44:33 AM | module: BatchNorm2d(256, eps=1e-05, momentum=0.1, affine=True, track_running_stats=True)
01/29 03:44:33 AM | cin: [4]
01/29 03:44:33 AM | cout: [4]
01/29 03:44:33 AM | inactive
01/29 03:44:33 AM | -----
01/29 03:44:33 AM | module: ReLU(inplace=True)
01/29 03:44:33 AM | cin: [4]
01/29 03:44:33 AM | cout: [4]
01/29 03:44:33 AM | active
01/29 03:44:33 AM | -----
01/29 03:44:33 AM | module: Conv2d(256, 256, kernel_size=(3, 3), stride=(1, 1), padding=(1, 1))
01/29 03:44:33 AM | cin: [4]
01/29 03:44:33 AM | cout: [5]
01/29 03:44:33 AM | inactive
01/29 03:44:33 AM | -----
01/29 03:44:33 AM | module: BatchNorm2d(256, eps=1e-05, momentum=0.1, affine=True, track_running_stats=True)
01/29 03:44:33 AM | cin: [5]
01/29 03:44:33 AM | cout: [5]
01/29 03:44:33 AM | inactive
01/29 03:44:33 AM | -----
01/29 03:44:33 AM | module: ReLU(inplace=True)
01/29 03:44:33 AM | cin: [5]
01/29 03:44:33 AM | cout: [5]
01/29 03:44:33 AM | active
01/29 03:44:33 AM | -----
01/29 03:44:33 AM | module: Conv2d(256, 256, kernel_size=(3, 3), stride=(1, 1), padding=(1, 1))
01/29 03:44:33 AM | cin: [5]
01/29 03:44:33 AM | cout: [6]
01/29 03:44:33 AM | inactive
01/29 03:44:33 AM | -----
01/29 03:44:33 AM | module: BatchNorm2d(256, eps=1e-05, momentum=0.1, affine=True, track_running_stats=True)
01/29 03:44:33 AM | cin: [6]
01/29 03:44:33 AM | cout: [6]
01/29 03:44:33 AM | inactive
01/29 03:44:33 AM | -----
01/29 03:44:33 AM | module: ReLU(inplace=True)
01/29 03:44:33 AM | cin: [6]
01/29 03:44:33 AM | cout: [6]
01/29 03:44:33 AM | active
01/29 03:44:33 AM | -----
01/29 03:44:33 AM | module: MaxPool2d(kernel_size=2, stride=2, padding=0, dilation=1, ceil_mode=False)
01/29 03:44:33 AM | cin: [6]
01/29 03:44:33 AM | cout: [6]
01/29 03:44:33 AM | inactive
01/29 03:44:33 AM | -----
01/29 03:44:33 AM | module: Conv2d(256, 512, kernel_size=(3, 3), stride=(1, 1), padding=(1, 1))
01/29 03:44:33 AM | cin: [6]
01/29 03:44:33 AM | cout: [7]
01/29 03:44:33 AM | inactive
01/29 03:44:33 AM | -----
01/29 03:44:33 AM | module: BatchNorm2d(512, eps=1e-05, momentum=0.1, affine=True, track_running_stats=True)
01/29 03:44:33 AM | cin: [7]
01/29 03:44:33 AM | cout: [7]
01/29 03:44:33 AM | inactive
01/29 03:44:33 AM | -----
01/29 03:44:33 AM | module: ReLU(inplace=True)
01/29 03:44:33 AM | cin: [7]
01/29 03:44:33 AM | cout: [7]
01/29 03:44:33 AM | active
01/29 03:44:33 AM | -----
01/29 03:44:33 AM | module: Conv2d(512, 512, kernel_size=(3, 3), stride=(1, 1), padding=(1, 1))
01/29 03:44:33 AM | cin: [7]
01/29 03:44:33 AM | cout: [8]
01/29 03:44:33 AM | inactive
01/29 03:44:33 AM | -----
01/29 03:44:33 AM | module: BatchNorm2d(512, eps=1e-05, momentum=0.1, affine=True, track_running_stats=True)
01/29 03:44:33 AM | cin: [8]
01/29 03:44:33 AM | cout: [8]
01/29 03:44:33 AM | inactive
01/29 03:44:33 AM | -----
01/29 03:44:33 AM | module: ReLU(inplace=True)
01/29 03:44:33 AM | cin: [8]
01/29 03:44:33 AM | cout: [8]
01/29 03:44:33 AM | active
01/29 03:44:33 AM | -----
01/29 03:44:33 AM | module: Conv2d(512, 512, kernel_size=(3, 3), stride=(1, 1), padding=(1, 1))
01/29 03:44:33 AM | cin: [8]
01/29 03:44:33 AM | cout: [9]
01/29 03:44:33 AM | inactive
01/29 03:44:33 AM | -----
01/29 03:44:33 AM | module: BatchNorm2d(512, eps=1e-05, momentum=0.1, affine=True, track_running_stats=True)
01/29 03:44:33 AM | cin: [9]
01/29 03:44:33 AM | cout: [9]
01/29 03:44:33 AM | inactive
01/29 03:44:33 AM | -----
01/29 03:44:33 AM | module: ReLU(inplace=True)
01/29 03:44:33 AM | cin: [9]
01/29 03:44:33 AM | cout: [9]
01/29 03:44:33 AM | active
01/29 03:44:33 AM | -----
01/29 03:44:33 AM | module: MaxPool2d(kernel_size=2, stride=2, padding=0, dilation=1, ceil_mode=False)
01/29 03:44:33 AM | cin: [9]
01/29 03:44:33 AM | cout: [9]
01/29 03:44:33 AM | inactive
01/29 03:44:33 AM | -----
01/29 03:44:33 AM | module: Conv2d(512, 512, kernel_size=(3, 3), stride=(1, 1), padding=(1, 1))
01/29 03:44:33 AM | cin: [9]
01/29 03:44:33 AM | cout: [10]
01/29 03:44:33 AM | inactive
01/29 03:44:33 AM | -----
01/29 03:44:33 AM | module: BatchNorm2d(512, eps=1e-05, momentum=0.1, affine=True, track_running_stats=True)
01/29 03:44:33 AM | cin: [10]
01/29 03:44:33 AM | cout: [10]
01/29 03:44:33 AM | inactive
01/29 03:44:33 AM | -----
01/29 03:44:33 AM | module: ReLU(inplace=True)
01/29 03:44:33 AM | cin: [10]
01/29 03:44:33 AM | cout: [10]
01/29 03:44:33 AM | active
01/29 03:44:33 AM | -----
01/29 03:44:33 AM | module: Conv2d(512, 512, kernel_size=(3, 3), stride=(1, 1), padding=(1, 1))
01/29 03:44:33 AM | cin: [10]
01/29 03:44:33 AM | cout: [11]
01/29 03:44:33 AM | inactive
01/29 03:44:33 AM | -----
01/29 03:44:33 AM | module: BatchNorm2d(512, eps=1e-05, momentum=0.1, affine=True, track_running_stats=True)
01/29 03:44:33 AM | cin: [11]
01/29 03:44:33 AM | cout: [11]
01/29 03:44:33 AM | inactive
01/29 03:44:33 AM | -----
01/29 03:44:33 AM | module: ReLU(inplace=True)
01/29 03:44:33 AM | cin: [11]
01/29 03:44:33 AM | cout: [11]
01/29 03:44:33 AM | active
01/29 03:44:33 AM | -----
01/29 03:44:33 AM | module: Conv2d(512, 512, kernel_size=(3, 3), stride=(1, 1), padding=(1, 1))
01/29 03:44:33 AM | cin: [11]
01/29 03:44:33 AM | cout: [12]
01/29 03:44:33 AM | inactive
01/29 03:44:33 AM | -----
01/29 03:44:33 AM | module: BatchNorm2d(512, eps=1e-05, momentum=0.1, affine=True, track_running_stats=True)
01/29 03:44:33 AM | cin: [12]
01/29 03:44:33 AM | cout: [12]
01/29 03:44:33 AM | inactive
01/29 03:44:33 AM | -----
01/29 03:44:33 AM | module: ReLU(inplace=True)
01/29 03:44:33 AM | cin: [12]
01/29 03:44:33 AM | cout: [12]
01/29 03:44:33 AM | active
01/29 03:44:33 AM | -----
01/29 03:44:33 AM | module: Linear(in_features=512, out_features=512, bias=True)
01/29 03:44:33 AM | cin: [12]
01/29 03:44:33 AM | cout: None
01/29 03:44:33 AM | inactive
01/29 03:44:33 AM | -----
01/29 03:44:33 AM | module: ReLU(inplace=True)
01/29 03:44:33 AM | cin: None
01/29 03:44:33 AM | cout: None
01/29 03:44:33 AM | active
01/29 03:44:33 AM | -----
01/29 03:44:33 AM | module: Linear(in_features=512, out_features=10, bias=True)
01/29 03:44:33 AM | cin: None
01/29 03:44:33 AM | cout: None
01/29 03:44:33 AM | inactive
01/29 03:44:33 AM | Used masks: [0, 1, 2, 3, 4, 5, 6, 7, 8, 9, 10, 11, 12]
01/29 03:44:33 AM | 13 unique masks in total
01/29 03:44:33 AM | === Batch 1/300
01/29 03:44:33 AM | loss = 0.047 + 4.266 + 0.040 = 4.353
01/29 03:44:34 AM | attribution_score[0:12]: 
[ 0.94  0.83  0.83  0.83  0.83  0.83  0.83  0.83  0.83  0.83  0.83  0.83 ]
[ 0.83  0.83  0.83  0.83  0.83  0.83  0.83  0.83  0.83  0.83  0.83  0.83 ]
[ 0.94  0.83  0.83  0.83  0.83  0.83  0.83  0.83  0.83  0.83  0.83  0.94 ]
[ 0.83  0.83  0.94  0.83  0.83  0.83  0.83  0.83  0.83  0.83  0.83  0.83 ]
[ 0.83  0.83  0.94  0.83  0.83  0.83  0.83  0.83  0.83  0.83  0.83  0.83 ]
[ 0.83  0.83  0.83  0.83  0.83  0.83  0.83  0.83  0.83  0.83  0.83  0.83 ]
[ 0.83  0.83  0.94  0.83  0.83  0.83  0.83  0.83  0.83  0.83  0.83  0.83 ]
[ 0.83  0.83  0.83  0.83  0.83  0.83  0.83  0.83  0.83  0.83  0.83  0.83 ]
[ 0.83  0.83  0.83  0.83  0.83  0.83  0.83  0.83  0.83  0.83  0.83  0.83 ]
[ 0.83  0.83  0.83  0.83  0.83  0.83  0.83  0.83  0.83  0.83  0.83  0.83 ]
[ 0.83  0.83  0.83  0.83  0.83  0.83  0.83  0.83  0.83  0.83  0.94  0.83 ]
[ 0.83  0.94  0.83  0.83  0.83  0.83  0.83  0.94  0.83  0.83  0.83  0.83 ]
[ 0.94  0.94  0.94  0.94  0.94  0.94  0.83  0.83  0.94  0.94  0.94  0.83 ]

01/29 03:44:34 AM | === Batch 2/300
01/29 03:44:34 AM | loss = 0.345 + 3.308 + 0.062 = 3.715
01/29 03:44:34 AM | attribution_score[0:12]: 
[ 0.96  0.88  0.77  0.73  0.75  0.73  0.73  0.73  0.73  0.73  0.73  0.81 ]
[ 0.87  0.76  0.75  0.74  0.87  0.73  0.74  0.73  0.73  0.86  0.88  0.74 ]
[ 0.96  0.88  0.74  0.88  0.73  0.88  0.86  0.77  0.74  0.74  0.73  0.96 ]
[ 0.73  0.83  0.96  0.74  0.76  0.73  0.85  0.87  0.81  0.85  0.73  0.88 ]
[ 0.83  0.76  0.96  0.74  0.75  0.73  0.73  0.75  0.74  0.74  0.86  0.85 ]
[ 0.73  0.75  0.77  0.74  0.73  0.80  0.74  0.74  0.73  0.74  0.73  0.86 ]
[ 0.74  0.73  0.94  0.74  0.74  0.75  0.74  0.73  0.76  0.74  0.86  0.75 ]
[ 0.73  0.73  0.73  0.73  0.74  0.73  0.73  0.73  0.74  0.73  0.73  0.82 ]
[ 0.75  0.73  0.73  0.73  0.74  0.73  0.73  0.73  0.74  0.73  0.80  0.73 ]
[ 0.73  0.73  0.73  0.73  0.85  0.74  0.73  0.73  0.74  0.73  0.75  0.73 ]
[ 0.73  0.75  0.85  0.74  0.73  0.86  0.73  0.75  0.81  0.73  0.96  0.74 ]
[ 0.88  0.97  0.76  0.87  0.88  0.86  0.74  0.97  0.84  0.88  0.87  0.74 ]
[ 0.97  0.96  0.97  0.91  0.97  0.96  0.88  0.88  0.96  0.97  0.97  0.73 ]

01/29 03:44:34 AM | === Batch 3/300
01/29 03:44:34 AM | loss = 0.339 + 2.497 + 0.081 = 2.918
01/29 03:44:35 AM | attribution_score[0:12]: 
[ 0.98  0.90  0.68  0.60  0.64  0.61  0.60  0.60  0.60  0.60  0.61  0.86 ]
[ 0.89  0.66  0.78  0.61  0.90  0.67  0.63  0.61  0.69  0.90  0.91  0.62 ]
[ 0.97  0.91  0.62  0.92  0.60  0.92  0.86  0.68  0.62  0.62  0.60  0.98 ]
[ 0.61  0.84  0.97  0.70  0.66  0.76  0.80  0.90  0.81  0.82  0.68  0.91 ]
[ 0.78  0.66  0.97  0.63  0.79  0.60  0.60  0.64  0.75  0.61  0.85  0.85 ]
[ 0.62  0.65  0.68  0.61  0.60  0.74  0.61  0.62  0.62  0.62  0.60  0.85 ]
[ 0.64  0.61  0.94  0.64  0.64  0.64  0.61  0.69  0.66  0.78  0.90  0.63 ]
[ 0.60  0.60  0.61  0.60  0.61  0.60  0.60  0.60  0.70  0.61  0.60  0.80 ]
[ 0.65  0.67  0.60  0.60  0.62  0.60  0.60  0.60  0.66  0.60  0.80  0.68 ]
[ 0.64  0.61  0.60  0.60  0.87  0.67  0.60  0.60  0.72  0.60  0.63  0.63 ]
[ 0.61  0.79  0.89  0.61  0.61  0.90  0.79  0.76  0.86  0.71  0.98  0.75 ]
[ 0.91  0.98  0.78  0.91  0.93  0.89  0.79  0.98  0.81  0.92  0.91  0.80 ]
[ 0.98  0.98  0.98  0.90  0.98  0.98  0.92  0.93  0.98  0.98  0.98  0.60 ]

01/29 03:44:35 AM | === Batch 4/300
01/29 03:44:35 AM | loss = 0.558 + 1.677 + 0.101 = 2.336
01/29 03:44:35 AM | attribution_score[0:12]: 
[ 0.98  0.92  0.57  0.46  0.50  0.47  0.46  0.45  0.45  0.46  0.46  0.84 ]
[ 0.90  0.56  0.83  0.47  0.90  0.58  0.61  0.46  0.72  0.92  0.91  0.48 ]
[ 0.98  0.94  0.48  0.94  0.45  0.94  0.87  0.64  0.48  0.49  0.48  0.98 ]
[ 0.47  0.85  0.96  0.73  0.57  0.82  0.74  0.92  0.78  0.80  0.64  0.92 ]
[ 0.71  0.53  0.98  0.53  0.85  0.47  0.45  0.51  0.80  0.56  0.82  0.80 ]
[ 0.61  0.64  0.55  0.46  0.47  0.64  0.50  0.50  0.50  0.49  0.45  0.82 ]
[ 0.53  0.47  0.93  0.53  0.52  0.52  0.57  0.73  0.71  0.84  0.94  0.50 ]
[ 0.45  0.46  0.46  0.45  0.50  0.45  0.57  0.45  0.73  0.47  0.48  0.73 ]
[ 0.55  0.71  0.45  0.61  0.50  0.45  0.47  0.47  0.65  0.45  0.83  0.74 ]
[ 0.62  0.47  0.45  0.45  0.84  0.65  0.46  0.45  0.77  0.45  0.52  0.56 ]
[ 0.47  0.85  0.93  0.60  0.64  0.92  0.85  0.79  0.90  0.77  0.99  0.81 ]
[ 0.91  0.99  0.84  0.95  0.95  0.90  0.85  0.99  0.74  0.94  0.94  0.86 ]
[ 0.99  0.99  0.99  0.92  0.99  0.99  0.95  0.96  0.98  0.99  0.99  0.56 ]

01/29 03:44:35 AM | === Batch 5/300
01/29 03:44:35 AM | loss = 0.910 + 1.011 + 0.111 = 2.031
01/29 03:44:36 AM | attribution_score[0:12]: 
[ 0.99  0.93  0.47  0.31  0.37  0.33  0.32  0.31  0.31  0.33  0.32  0.83 ]
[ 0.92  0.45  0.84  0.33  0.90  0.47  0.65  0.32  0.72  0.93  0.91  0.45 ]
[ 0.99  0.95  0.34  0.95  0.32  0.96  0.87  0.61  0.35  0.36  0.35  0.98 ]
[ 0.37  0.81  0.95  0.78  0.49  0.85  0.74  0.94  0.72  0.79  0.63  0.92 ]
[ 0.73  0.53  0.98  0.45  0.89  0.40  0.32  0.38  0.84  0.57  0.79  0.73 ]
[ 0.61  0.69  0.43  0.33  0.34  0.52  0.46  0.44  0.39  0.35  0.31  0.76 ]
[ 0.57  0.35  0.91  0.42  0.59  0.40  0.59  0.80  0.78  0.82  0.95  0.37 ]
[ 0.31  0.32  0.32  0.31  0.48  0.31  0.54  0.31  0.79  0.33  0.37  0.64 ]
[ 0.44  0.73  0.31  0.68  0.37  0.31  0.36  0.34  0.70  0.31  0.82  0.81 ]
[ 0.63  0.36  0.31  0.31  0.79  0.65  0.33  0.31  0.83  0.31  0.40  0.48 ]
[ 0.33  0.90  0.94  0.65  0.72  0.90  0.89  0.77  0.93  0.84  0.99  0.87 ]
[ 0.91  0.99  0.89  0.96  0.97  0.89  0.89  0.99  0.65  0.95  0.96  0.91 ]
[ 0.99  0.99  0.99  0.93  0.99  0.99  0.96  0.97  0.99  0.99  0.99  0.47 ]

01/29 03:44:36 AM | === Batch 6/300
01/29 03:44:36 AM | loss = 0.937 + 0.463 + 0.095 = 1.495
01/29 03:44:36 AM | attribution_score[0:12]: 
[ 0.99  0.94  0.38  0.20  0.26  0.22  0.21  0.20  0.20  0.21  0.21  0.85 ]
[ 0.93  0.34  0.84  0.22  0.88  0.35  0.71  0.21  0.73  0.94  0.91  0.45 ]
[ 0.99  0.95  0.23  0.96  0.20  0.96  0.85  0.64  0.24  0.25  0.24  0.99 ]
[ 0.30  0.75  0.94  0.81  0.50  0.88  0.72  0.95  0.64  0.76  0.56  0.92 ]
[ 0.72  0.51  0.99  0.44  0.90  0.39  0.23  0.28  0.87  0.63  0.76  0.65 ]
[ 0.67  0.74  0.31  0.23  0.23  0.40  0.44  0.39  0.31  0.31  0.20  0.67 ]
[ 0.65  0.26  0.90  0.39  0.63  0.39  0.55  0.80  0.80  0.85  0.95  0.25 ]
[ 0.20  0.21  0.21  0.20  0.43  0.20  0.50  0.20  0.78  0.21  0.28  0.55 ]
[ 0.41  0.72  0.20  0.69  0.30  0.20  0.25  0.23  0.74  0.25  0.76  0.82 ]
[ 0.60  0.26  0.20  0.20  0.78  0.68  0.23  0.20  0.88  0.20  0.30  0.40 ]
[ 0.24  0.93  0.94  0.63  0.75  0.89  0.92  0.80  0.95  0.86  0.99  0.90 ]
[ 0.93  0.99  0.91  0.97  0.97  0.87  0.92  1.00  0.52  0.95  0.97  0.93 ]
[ 0.99  0.99  1.00  0.95  1.00  1.00  0.97  0.97  0.99  0.99  0.99  0.46 ]

01/29 03:44:36 AM | === Batch 7/300
01/29 03:44:36 AM | loss = 1.051 + 0.027 + 0.081 = 1.159
01/29 03:44:36 AM | attribution_score[0:12]: 
[ 0.99  0.94  0.31  0.12  0.17  0.15  0.13  0.13  0.12  0.14  0.13  0.87 ]
[ 0.93  0.24  0.84  0.13  0.86  0.24  0.76  0.13  0.71  0.95  0.90  0.46 ]
[ 0.99  0.95  0.15  0.96  0.12  0.97  0.82  0.66  0.15  0.18  0.15  0.99 ]
[ 0.23  0.67  0.94  0.80  0.49  0.89  0.71  0.96  0.53  0.70  0.51  0.91 ]
[ 0.71  0.44  0.99  0.41  0.90  0.41  0.16  0.21  0.90  0.68  0.75  0.63 ]
[ 0.72  0.76  0.21  0.16  0.15  0.29  0.47  0.32  0.27  0.34  0.12  0.56 ]
[ 0.74  0.21  0.89  0.36  0.63  0.42  0.49  0.76  0.81  0.88  0.96  0.16 ]
[ 0.12  0.13  0.13  0.12  0.36  0.13  0.45  0.12  0.75  0.13  0.19  0.46 ]
[ 0.44  0.68  0.12  0.67  0.29  0.12  0.17  0.19  0.78  0.20  0.69  0.81 ]
[ 0.55  0.17  0.13  0.12  0.78  0.70  0.16  0.12  0.90  0.13  0.25  0.32 ]
[ 0.22  0.95  0.93  0.56  0.76  0.90  0.93  0.85  0.96  0.86  0.99  0.91 ]
[ 0.95  1.00  0.91  0.97  0.97  0.87  0.94  1.00  0.46  0.94  0.98  0.94 ]
[ 1.00  1.00  1.00  0.96  1.00  1.00  0.97  0.97  0.99  0.99  0.99  0.40 ]

01/29 03:44:36 AM | === Batch 8/300
01/29 03:44:36 AM | loss = 1.250 + 0.575 + 0.071 = 1.897
01/29 03:44:37 AM | attribution_score[0:12]: 
[ 0.99  0.95  0.34  0.08  0.15  0.13  0.10  0.09  0.08  0.15  0.10  0.91 ]
[ 0.95  0.19  0.86  0.10  0.87  0.22  0.81  0.09  0.71  0.96  0.91  0.51 ]
[ 0.99  0.95  0.12  0.97  0.09  0.97  0.84  0.72  0.11  0.16  0.12  0.99 ]
[ 0.22  0.65  0.95  0.82  0.46  0.90  0.73  0.97  0.52  0.72  0.57  0.91 ]
[ 0.74  0.35  0.99  0.38  0.91  0.48  0.14  0.19  0.92  0.68  0.80  0.68 ]
[ 0.74  0.78  0.18  0.12  0.12  0.25  0.54  0.32  0.29  0.42  0.09  0.56 ]
[ 0.81  0.21  0.89  0.36  0.64  0.41  0.48  0.71  0.83  0.90  0.97  0.12 ]
[ 0.08  0.09  0.10  0.09  0.35  0.10  0.49  0.08  0.73  0.11  0.16  0.45 ]
[ 0.51  0.71  0.09  0.68  0.32  0.10  0.14  0.20  0.82  0.17  0.71  0.81 ]
[ 0.58  0.14  0.09  0.09  0.82  0.72  0.12  0.09  0.93  0.10  0.24  0.34 ]
[ 0.23  0.96  0.94  0.54  0.77  0.92  0.93  0.89  0.96  0.86  1.00  0.93 ]
[ 0.97  1.00  0.92  0.98  0.98  0.89  0.95  1.00  0.49  0.95  0.99  0.96 ]
[ 1.00  1.00  1.00  0.97  1.00  1.00  0.98  0.97  1.00  0.99  0.99  0.38 ]

01/29 03:44:37 AM | === Batch 9/300
01/29 03:44:37 AM | loss = 0.984 + 0.587 + 0.065 = 1.635
01/29 03:44:37 AM | attribution_score[0:12]: 
[ 0.99  0.96  0.41  0.06  0.15  0.13  0.09  0.07  0.07  0.19  0.09  0.94 ]
[ 0.96  0.18  0.88  0.07  0.89  0.24  0.86  0.07  0.73  0.97  0.93  0.58 ]
[ 0.99  0.96  0.12  0.97  0.07  0.98  0.87  0.79  0.09  0.17  0.11  0.99 ]
[ 0.22  0.68  0.96  0.85  0.49  0.91  0.76  0.97  0.54  0.76  0.66  0.92 ]
[ 0.78  0.33  0.99  0.36  0.92  0.56  0.14  0.20  0.94  0.70  0.84  0.75 ]
[ 0.75  0.79  0.18  0.10  0.10  0.25  0.62  0.36  0.34  0.49  0.07  0.60 ]
[ 0.87  0.22  0.90  0.39  0.69  0.41  0.53  0.67  0.86  0.92  0.97  0.11 ]
[ 0.06  0.07  0.08  0.07  0.37  0.10  0.58  0.06  0.75  0.09  0.16  0.47 ]
[ 0.61  0.77  0.07  0.72  0.37  0.08  0.13  0.23  0.85  0.17  0.75  0.84 ]
[ 0.64  0.14  0.08  0.07  0.86  0.76  0.10  0.07  0.95  0.09  0.25  0.39 ]
[ 0.27  0.96  0.95  0.54  0.77  0.94  0.94  0.92  0.97  0.86  1.00  0.94 ]
[ 0.98  1.00  0.93  0.98  0.98  0.92  0.95  1.00  0.57  0.96  0.99  0.97 ]
[ 1.00  1.00  1.00  0.98  1.00  1.00  0.98  0.98  1.00  0.99  0.99  0.41 ]

01/29 03:44:37 AM | === Batch 10/300
01/29 03:44:37 AM | loss = 0.789 + 0.320 + 0.061 = 1.171
01/29 03:44:37 AM | attribution_score[0:12]: 
[ 0.99  0.96  0.50  0.05  0.17  0.14  0.08  0.06  0.05  0.25  0.09  0.96 ]
[ 0.97  0.18  0.91  0.06  0.90  0.28  0.89  0.06  0.77  0.98  0.94  0.65 ]
[ 0.99  0.96  0.13  0.98  0.06  0.98  0.91  0.84  0.08  0.19  0.12  1.00 ]
[ 0.23  0.73  0.97  0.88  0.54  0.92  0.80  0.98  0.59  0.81  0.74  0.93 ]
[ 0.83  0.35  0.99  0.42  0.93  0.66  0.14  0.24  0.96  0.75  0.88  0.81 ]
[ 0.79  0.82  0.21  0.09  0.10  0.28  0.71  0.41  0.42  0.57  0.06  0.66 ]
[ 0.90  0.25  0.92  0.45  0.74  0.46  0.60  0.65  0.89  0.92  0.98  0.10 ]
[ 0.05  0.06  0.06  0.06  0.42  0.09  0.67  0.05  0.77  0.09  0.17  0.51 ]
[ 0.70  0.83  0.06  0.77  0.44  0.08  0.13  0.29  0.87  0.17  0.81  0.87 ]
[ 0.72  0.15  0.07  0.06  0.90  0.80  0.10  0.07  0.96  0.10  0.28  0.48 ]
[ 0.32  0.97  0.96  0.58  0.80  0.96  0.95  0.95  0.98  0.87  1.00  0.95 ]
[ 0.99  1.00  0.94  0.98  0.98  0.95  0.96  1.00  0.65  0.97  0.99  0.97 ]
[ 1.00  1.00  1.00  0.99  1.00  1.00  0.99  0.98  1.00  0.99  0.99  0.45 ]

01/29 03:44:37 AM | === Batch 11/300
01/29 03:44:38 AM | loss = 0.858 + 0.070 + 0.057 = 0.985
01/29 03:44:38 AM | attribution_score[0:12]: 
[ 1.00  0.97  0.56  0.04  0.17  0.15  0.08  0.05  0.05  0.28  0.08  0.97 ]
[ 0.97  0.18  0.93  0.05  0.91  0.32  0.91  0.05  0.81  0.98  0.95  0.71 ]
[ 1.00  0.96  0.13  0.98  0.05  0.99  0.92  0.88  0.08  0.19  0.12  1.00 ]
[ 0.24  0.78  0.98  0.90  0.61  0.94  0.80  0.98  0.62  0.83  0.80  0.93 ]
[ 0.84  0.38  1.00  0.48  0.94  0.67  0.14  0.27  0.97  0.81  0.90  0.85 ]
[ 0.83  0.85  0.23  0.08  0.09  0.28  0.73  0.47  0.50  0.63  0.05  0.70 ]
[ 0.91  0.26  0.93  0.50  0.78  0.51  0.65  0.63  0.91  0.93  0.98  0.09 ]
[ 0.04  0.05  0.05  0.05  0.45  0.10  0.72  0.04  0.80  0.09  0.19  0.57 ]
[ 0.78  0.88  0.05  0.80  0.52  0.07  0.14  0.34  0.89  0.17  0.85  0.89 ]
[ 0.78  0.15  0.06  0.05  0.92  0.84  0.09  0.06  0.97  0.09  0.29  0.55 ]
[ 0.34  0.97  0.97  0.60  0.82  0.97  0.95  0.96  0.98  0.87  1.00  0.95 ]
[ 0.99  1.00  0.95  0.99  0.99  0.96  0.96  1.00  0.69  0.98  0.99  0.98 ]
[ 1.00  1.00  1.00  0.99  1.00  1.00  0.99  0.98  1.00  1.00  0.99  0.49 ]

01/29 03:44:38 AM | === Batch 12/300
01/29 03:44:38 AM | loss = 0.683 + 0.251 + 0.054 = 0.988
01/29 03:44:38 AM | attribution_score[0:12]: 
[ 1.00  0.97  0.59  0.03  0.17  0.17  0.07  0.05  0.04  0.28  0.07  0.98 ]
[ 0.98  0.17  0.95  0.04  0.91  0.37  0.93  0.04  0.84  0.99  0.95  0.74 ]
[ 1.00  0.97  0.12  0.98  0.04  0.99  0.94  0.90  0.07  0.19  0.12  1.00 ]
[ 0.24  0.82  0.98  0.90  0.69  0.94  0.82  0.98  0.61  0.84  0.84  0.94 ]
[ 0.85  0.43  1.00  0.52  0.94  0.68  0.14  0.27  0.98  0.84  0.91  0.88 ]
[ 0.86  0.86  0.26  0.08  0.08  0.27  0.75  0.52  0.58  0.66  0.05  0.74 ]
[ 0.92  0.28  0.92  0.56  0.81  0.55  0.67  0.59  0.92  0.93  0.99  0.08 ]
[ 0.03  0.05  0.05  0.04  0.45  0.10  0.75  0.03  0.83  0.09  0.22  0.62 ]
[ 0.82  0.91  0.04  0.83  0.57  0.06  0.14  0.39  0.90  0.16  0.89  0.91 ]
[ 0.82  0.13  0.05  0.04  0.94  0.86  0.09  0.05  0.98  0.08  0.29  0.58 ]
[ 0.33  0.98  0.98  0.62  0.84  0.98  0.96  0.97  0.99  0.88  1.00  0.96 ]
[ 0.99  1.00  0.96  0.99  0.99  0.97  0.97  1.00  0.71  0.98  0.99  0.98 ]
[ 1.00  1.00  1.00  0.99  1.00  1.00  0.99  0.98  1.00  1.00  0.99  0.51 ]

01/29 03:44:38 AM | === Batch 13/300
01/29 03:44:38 AM | loss = 0.757 + 0.369 + 0.051 = 1.177
01/29 03:44:39 AM | attribution_score[0:12]: 
[ 1.00  0.98  0.60  0.03  0.16  0.18  0.07  0.04  0.03  0.28  0.06  0.98 ]
[ 0.98  0.16  0.96  0.04  0.91  0.40  0.94  0.03  0.87  0.99  0.96  0.76 ]
[ 1.00  0.97  0.11  0.98  0.04  0.99  0.94  0.91  0.07  0.17  0.12  1.00 ]
[ 0.25  0.84  0.98  0.90  0.77  0.95  0.84  0.98  0.62  0.85  0.88  0.94 ]
[ 0.86  0.48  1.00  0.54  0.93  0.69  0.13  0.27  0.98  0.86  0.92  0.90 ]
[ 0.88  0.88  0.28  0.07  0.07  0.28  0.75  0.53  0.65  0.67  0.04  0.78 ]
[ 0.92  0.28  0.92  0.64  0.84  0.56  0.68  0.57  0.93  0.93  0.99  0.07 ]
[ 0.03  0.04  0.04  0.03  0.43  0.10  0.78  0.03  0.86  0.08  0.24  0.66 ]
[ 0.86  0.94  0.04  0.85  0.61  0.06  0.14  0.40  0.90  0.15  0.91  0.92 ]
[ 0.85  0.11  0.05  0.03  0.95  0.87  0.08  0.04  0.98  0.07  0.29  0.61 ]
[ 0.31  0.98  0.98  0.65  0.85  0.98  0.97  0.98  0.99  0.88  1.00  0.96 ]
[ 0.99  1.00  0.96  0.99  0.99  0.98  0.97  1.00  0.71  0.98  1.00  0.99 ]
[ 1.00  1.00  1.00  0.99  1.00  1.00  0.99  0.99  1.00  1.00  1.00  0.51 ]

01/29 03:44:39 AM | === Batch 14/300
01/29 03:44:39 AM | loss = 0.517 + 0.443 + 0.048 = 1.008
01/29 03:44:39 AM | attribution_score[0:12]: 
[ 1.00  0.98  0.59  0.02  0.15  0.20  0.06  0.04  0.03  0.29  0.06  0.98 ]
[ 0.99  0.16  0.96  0.03  0.91  0.45  0.95  0.03  0.89  0.99  0.97  0.78 ]
[ 1.00  0.97  0.10  0.99  0.03  0.99  0.95  0.92  0.06  0.15  0.11  1.00 ]
[ 0.26  0.86  0.98  0.90  0.83  0.95  0.85  0.98  0.63  0.85  0.90  0.95 ]
[ 0.85  0.55  1.00  0.54  0.92  0.68  0.13  0.25  0.98  0.86  0.93  0.92 ]
[ 0.90  0.89  0.31  0.06  0.06  0.29  0.76  0.52  0.70  0.66  0.04  0.81 ]
[ 0.92  0.30  0.90  0.69  0.87  0.53  0.68  0.56  0.94  0.94  0.99  0.06 ]
[ 0.02  0.04  0.03  0.03  0.39  0.09  0.79  0.02  0.89  0.08  0.24  0.69 ]
[ 0.87  0.95  0.03  0.87  0.64  0.05  0.13  0.42  0.90  0.13  0.93  0.93 ]
[ 0.87  0.09  0.04  0.03  0.95  0.86  0.07  0.04  0.99  0.06  0.28  0.61 ]
[ 0.29  0.98  0.98  0.69  0.87  0.99  0.97  0.98  0.99  0.89  1.00  0.97 ]
[ 1.00  1.00  0.96  0.99  0.99  0.98  0.97  1.00  0.71  0.99  1.00  0.99 ]
[ 1.00  1.00  1.00  0.99  1.00  1.00  0.99  0.99  1.00  1.00  1.00  0.47 ]

01/29 03:44:39 AM | === Batch 15/300
01/29 03:44:39 AM | loss = 0.353 + 0.476 + 0.046 = 0.876
01/29 03:44:39 AM | attribution_score[0:12]: 
[ 1.00  0.98  0.58  0.02  0.14  0.21  0.05  0.03  0.02  0.31  0.05  0.99 ]
[ 0.99  0.15  0.97  0.03  0.91  0.49  0.95  0.02  0.90  0.99  0.97  0.78 ]
[ 1.00  0.97  0.09  0.99  0.03  0.99  0.95  0.93  0.06  0.14  0.10  1.00 ]
[ 0.26  0.87  0.99  0.91  0.87  0.95  0.86  0.99  0.63  0.85  0.92  0.95 ]
[ 0.85  0.59  1.00  0.55  0.90  0.68  0.13  0.22  0.99  0.87  0.93  0.93 ]
[ 0.91  0.89  0.31  0.05  0.05  0.27  0.77  0.48  0.75  0.65  0.03  0.83 ]
[ 0.92  0.32  0.88  0.71  0.89  0.49  0.67  0.52  0.95  0.93  0.99  0.05 ]
[ 0.02  0.04  0.03  0.02  0.35  0.08  0.80  0.02  0.91  0.07  0.23  0.72 ]
[ 0.88  0.97  0.03  0.89  0.67  0.04  0.12  0.41  0.90  0.11  0.94  0.93 ]
[ 0.89  0.07  0.03  0.03  0.96  0.85  0.06  0.03  0.99  0.05  0.26  0.61 ]
[ 0.25  0.98  0.99  0.73  0.88  0.99  0.97  0.99  0.99  0.90  1.00  0.97 ]
[ 1.00  1.00  0.96  0.99  0.99  0.98  0.98  1.00  0.70  0.99  1.00  0.99 ]
[ 1.00  1.00  1.00  1.00  1.00  1.00  0.99  0.99  1.00  1.00  1.00  0.41 ]

01/29 03:44:39 AM | === Batch 16/300
01/29 03:44:39 AM | loss = 0.506 + 0.473 + 0.044 = 1.023
01/29 03:44:40 AM | attribution_score[0:12]: 
[ 1.00  0.98  0.56  0.02  0.13  0.21  0.05  0.03  0.02  0.32  0.04  0.99 ]
[ 0.99  0.15  0.97  0.02  0.91  0.51  0.96  0.02  0.92  0.99  0.98  0.79 ]
[ 1.00  0.97  0.08  0.99  0.02  0.99  0.96  0.94  0.05  0.12  0.08  1.00 ]
[ 0.24  0.87  0.99  0.91  0.89  0.95  0.86  0.99  0.62  0.85  0.93  0.95 ]
[ 0.84  0.60  1.00  0.54  0.87  0.67  0.12  0.19  0.99  0.87  0.94  0.94 ]
[ 0.92  0.89  0.32  0.05  0.04  0.26  0.77  0.41  0.79  0.64  0.03  0.84 ]
[ 0.92  0.35  0.85  0.73  0.90  0.45  0.65  0.47  0.95  0.93  0.99  0.05 ]
[ 0.02  0.04  0.02  0.02  0.31  0.07  0.80  0.01  0.93  0.06  0.22  0.76 ]
[ 0.89  0.97  0.03  0.90  0.69  0.04  0.10  0.40  0.89  0.09  0.96  0.94 ]
[ 0.90  0.06  0.03  0.02  0.96  0.84  0.05  0.03  0.99  0.05  0.24  0.60 ]
[ 0.22  0.99  0.99  0.75  0.89  0.99  0.98  0.99  0.99  0.90  1.00  0.97 ]
[ 1.00  1.00  0.97  0.99  0.99  0.98  0.98  1.00  0.68  0.99  1.00  0.99 ]
[ 1.00  1.00  1.00  1.00  1.00  1.00  0.99  0.99  1.00  1.00  1.00  0.35 ]

01/29 03:44:40 AM | === Batch 17/300
01/29 03:44:40 AM | loss = 0.507 + 0.446 + 0.042 = 0.995
01/29 03:44:40 AM | attribution_score[0:12]: 
[ 1.00  0.98  0.55  0.01  0.11  0.21  0.04  0.02  0.02  0.32  0.04  0.99 ]
[ 0.99  0.14  0.97  0.02  0.91  0.50  0.96  0.02  0.93  0.99  0.98  0.78 ]
[ 1.00  0.98  0.07  0.99  0.02  0.99  0.96  0.94  0.04  0.10  0.07  1.00 ]
[ 0.23  0.87  0.99  0.90  0.91  0.95  0.86  0.99  0.61  0.84  0.94  0.95 ]
[ 0.83  0.61  1.00  0.56  0.85  0.64  0.11  0.16  0.99  0.87  0.94  0.95 ]
[ 0.92  0.89  0.31  0.04  0.04  0.25  0.77  0.35  0.82  0.62  0.02  0.85 ]
[ 0.91  0.38  0.81  0.74  0.91  0.42  0.60  0.41  0.95  0.93  0.99  0.04 ]
[ 0.01  0.04  0.02  0.01  0.26  0.07  0.81  0.01  0.94  0.06  0.23  0.77 ]
[ 0.89  0.98  0.02  0.91  0.71  0.03  0.09  0.41  0.88  0.08  0.96  0.94 ]
[ 0.91  0.05  0.03  0.02  0.96  0.82  0.04  0.02  0.99  0.04  0.23  0.58 ]
[ 0.19  0.99  0.99  0.76  0.90  0.99  0.98  0.99  0.99  0.90  1.00  0.97 ]
[ 1.00  1.00  0.97  1.00  0.99  0.99  0.98  1.00  0.66  0.99  1.00  0.99 ]
[ 1.00  1.00  1.00  1.00  1.00  1.00  0.99  0.99  1.00  1.00  1.00  0.28 ]

01/29 03:44:40 AM | === Batch 18/300
01/29 03:44:40 AM | loss = 0.548 + 0.400 + 0.040 = 0.989
01/29 03:44:40 AM | attribution_score[0:12]: 
[ 1.00  0.98  0.51  0.01  0.10  0.22  0.04  0.02  0.01  0.29  0.03  0.99 ]
[ 0.99  0.14  0.98  0.02  0.91  0.50  0.96  0.01  0.94  0.99  0.98  0.75 ]
[ 1.00  0.98  0.06  0.99  0.02  0.99  0.96  0.94  0.04  0.08  0.06  1.00 ]
[ 0.22  0.86  0.99  0.89  0.93  0.96  0.83  0.99  0.58  0.83  0.95  0.95 ]
[ 0.81  0.62  1.00  0.61  0.85  0.58  0.11  0.14  0.99  0.87  0.94  0.95 ]
[ 0.93  0.89  0.28  0.04  0.03  0.24  0.74  0.30  0.82  0.64  0.02  0.85 ]
[ 0.91  0.36  0.76  0.75  0.92  0.40  0.53  0.37  0.95  0.93  0.99  0.04 ]
[ 0.01  0.03  0.02  0.01  0.21  0.07  0.81  0.01  0.95  0.05  0.22  0.76 ]
[ 0.90  0.98  0.02  0.91  0.72  0.03  0.07  0.41  0.88  0.07  0.97  0.94 ]
[ 0.91  0.04  0.02  0.02  0.97  0.81  0.03  0.02  0.99  0.03  0.21  0.55 ]
[ 0.16  0.99  0.99  0.76  0.90  0.99  0.98  0.99  0.99  0.90  1.00  0.98 ]
[ 1.00  1.00  0.97  1.00  1.00  0.99  0.98  1.00  0.64  0.99  1.00  0.99 ]
[ 1.00  1.00  1.00  1.00  1.00  1.00  0.99  0.99  1.00  1.00  1.00  0.22 ]

01/29 03:44:40 AM | === Batch 19/300
01/29 03:44:41 AM | loss = 0.485 + 0.345 + 0.039 = 0.869
01/29 03:44:41 AM | attribution_score[0:12]: 
[ 1.00  0.99  0.46  0.01  0.09  0.22  0.03  0.02  0.01  0.25  0.03  0.99 ]
[ 0.99  0.13  0.98  0.01  0.90  0.50  0.96  0.01  0.95  0.99  0.98  0.72 ]
[ 1.00  0.98  0.05  0.99  0.01  0.99  0.96  0.94  0.03  0.07  0.06  1.00 ]
[ 0.20  0.86  0.99  0.89  0.93  0.96  0.80  0.99  0.53  0.80  0.96  0.95 ]
[ 0.80  0.64  1.00  0.66  0.84  0.52  0.11  0.12  0.99  0.87  0.95  0.96 ]
[ 0.93  0.89  0.26  0.03  0.03  0.23  0.72  0.25  0.82  0.65  0.02  0.85 ]
[ 0.90  0.34  0.68  0.73  0.92  0.40  0.47  0.34  0.95  0.93  1.00  0.03 ]
[ 0.01  0.03  0.01  0.01  0.17  0.07  0.81  0.01  0.95  0.04  0.21  0.74 ]
[ 0.90  0.99  0.02  0.92  0.73  0.02  0.06  0.40  0.87  0.06  0.97  0.94 ]
[ 0.92  0.03  0.02  0.01  0.97  0.79  0.03  0.02  0.99  0.03  0.19  0.52 ]
[ 0.14  0.99  0.99  0.75  0.90  0.99  0.98  0.99  1.00  0.90  1.00  0.98 ]
[ 1.00  1.00  0.97  1.00  1.00  0.99  0.98  1.00  0.61  0.99  1.00  0.99 ]
[ 1.00  1.00  1.00  1.00  1.00  1.00  0.99  0.99  1.00  1.00  1.00  0.17 ]

01/29 03:44:41 AM | === Batch 20/300
01/29 03:44:41 AM | loss = 0.541 + 0.281 + 0.037 = 0.859
01/29 03:44:41 AM | === Batch 21/300
01/29 03:44:41 AM | loss = 0.610 + 0.216 + 0.036 = 0.862
01/29 03:44:42 AM | === Batch 22/300
01/29 03:44:42 AM | loss = 0.531 + 0.149 + 0.034 = 0.715
01/29 03:44:42 AM | === Batch 23/300
01/29 03:44:42 AM | loss = 0.692 + 0.082 + 0.033 = 0.808
01/29 03:44:42 AM | === Batch 24/300
01/29 03:44:43 AM | loss = 0.756 + 0.023 + 0.032 = 0.811
01/29 03:44:43 AM | === Batch 25/300
01/29 03:44:43 AM | loss = 0.552 + 0.071 + 0.031 = 0.653
01/29 03:44:43 AM | === Batch 26/300
01/29 03:44:43 AM | loss = 0.555 + 0.074 + 0.030 = 0.658
01/29 03:44:43 AM | === Batch 27/300
01/29 03:44:44 AM | loss = 0.554 + 0.004 + 0.029 = 0.586
01/29 03:44:44 AM | === Batch 28/300
01/29 03:44:44 AM | loss = 0.544 + 0.031 + 0.028 = 0.602
01/29 03:44:44 AM | === Batch 29/300
01/29 03:44:44 AM | loss = 0.560 + 0.044 + 0.027 = 0.631
01/29 03:44:45 AM | === Batch 30/300
01/29 03:44:45 AM | loss = 0.530 + 0.042 + 0.026 = 0.599
01/29 03:44:45 AM | === Batch 31/300
01/29 03:44:45 AM | loss = 0.570 + 0.031 + 0.026 = 0.627
01/29 03:44:45 AM | === Batch 32/300
01/29 03:44:45 AM | loss = 0.469 + 0.009 + 0.025 = 0.503
01/29 03:44:46 AM | === Batch 33/300
01/29 03:44:46 AM | loss = 0.664 + 0.036 + 0.025 = 0.725
01/29 03:44:46 AM | === Batch 34/300
01/29 03:44:46 AM | loss = 0.506 + 0.025 + 0.024 = 0.555
01/29 03:44:46 AM | === Batch 35/300
01/29 03:44:47 AM | loss = 0.519 + 0.022 + 0.024 = 0.564
01/29 03:44:47 AM | === Batch 36/300
01/29 03:44:47 AM | loss = 0.645 + 0.047 + 0.024 = 0.715
01/29 03:44:47 AM | === Batch 37/300
01/29 03:44:47 AM | loss = 0.462 + 0.060 + 0.023 = 0.545
01/29 03:44:48 AM | === Batch 38/300
01/29 03:44:48 AM | loss = 0.321 + 0.063 + 0.023 = 0.407
01/29 03:44:48 AM | === Batch 39/300
01/29 03:44:48 AM | loss = 0.478 + 0.054 + 0.022 = 0.554
01/29 03:44:48 AM | === Batch 40/300
01/29 03:44:48 AM | loss = 0.521 + 0.035 + 0.022 = 0.577
01/29 03:44:49 AM | === Batch 41/300
01/29 03:44:49 AM | loss = 0.468 + 0.008 + 0.022 = 0.498
01/29 03:44:49 AM | === Batch 42/300
01/29 03:44:49 AM | loss = 0.409 + 0.048 + 0.022 = 0.479
01/29 03:44:49 AM | === Batch 43/300
01/29 03:44:50 AM | loss = 0.647 + 0.046 + 0.021 = 0.714
01/29 03:44:50 AM | === Batch 44/300
01/29 03:44:50 AM | loss = 0.450 + 0.004 + 0.021 = 0.475
01/29 03:44:50 AM | === Batch 45/300
01/29 03:44:50 AM | loss = 0.477 + 0.019 + 0.021 = 0.517
01/29 03:44:51 AM | === Batch 46/300
01/29 03:44:51 AM | loss = 0.402 + 0.027 + 0.021 = 0.450
01/29 03:44:51 AM | === Batch 47/300
01/29 03:44:51 AM | loss = 0.489 + 0.024 + 0.020 = 0.533
01/29 03:44:51 AM | === Batch 48/300
01/29 03:44:51 AM | loss = 0.664 + 0.013 + 0.020 = 0.697
01/29 03:44:52 AM | === Batch 49/300
01/29 03:44:52 AM | loss = 0.558 + 0.008 + 0.020 = 0.586
01/29 03:44:52 AM | === Batch 50/300
01/29 03:44:52 AM | loss = 0.531 + 0.012 + 0.020 = 0.563
01/29 03:44:52 AM | === Batch 51/300
01/29 03:44:53 AM | loss = 0.352 + 0.018 + 0.019 = 0.390
01/29 03:44:53 AM | === Batch 52/300
01/29 03:44:53 AM | loss = 0.320 + 0.017 + 0.019 = 0.356
01/29 03:44:53 AM | === Batch 53/300
01/29 03:44:53 AM | loss = 0.396 + 0.009 + 0.019 = 0.424
01/29 03:44:54 AM | === Batch 54/300
01/29 03:44:54 AM | loss = 0.361 + 0.008 + 0.019 = 0.388
01/29 03:44:54 AM | === Batch 55/300
01/29 03:44:54 AM | loss = 0.305 + 0.011 + 0.018 = 0.334
01/29 03:44:54 AM | === Batch 56/300
01/29 03:44:55 AM | loss = 0.441 + 0.017 + 0.018 = 0.476
01/29 03:44:55 AM | === Batch 57/300
01/29 03:44:55 AM | loss = 0.513 + 0.016 + 0.018 = 0.546
01/29 03:44:55 AM | === Batch 58/300
01/29 03:44:55 AM | loss = 0.553 + 0.008 + 0.018 = 0.579
01/29 03:44:56 AM | === Batch 59/300
01/29 03:44:56 AM | loss = 0.473 + 0.011 + 0.018 = 0.502
01/29 03:44:56 AM | === Batch 60/300
01/29 03:44:56 AM | loss = 0.661 + 0.005 + 0.017 = 0.684
01/29 03:44:56 AM | === Batch 61/300
01/29 03:44:56 AM | loss = 0.607 + 0.011 + 0.017 = 0.635
01/29 03:44:57 AM | === Batch 62/300
01/29 03:44:57 AM | loss = 0.417 + 0.009 + 0.017 = 0.444
01/29 03:44:57 AM | === Batch 63/300
01/29 03:44:57 AM | loss = 0.489 + 0.002 + 0.017 = 0.508
01/29 03:44:58 AM | === Batch 64/300
01/29 03:44:58 AM | loss = 0.449 + 0.023 + 0.017 = 0.489
01/29 03:44:58 AM | === Batch 65/300
01/29 03:44:58 AM | loss = 0.293 + 0.001 + 0.017 = 0.310
01/29 03:44:58 AM | === Batch 66/300
01/29 03:44:58 AM | loss = 0.352 + 0.005 + 0.016 = 0.373
01/29 03:44:59 AM | === Batch 67/300
01/29 03:44:59 AM | loss = 0.487 + 0.001 + 0.016 = 0.505
01/29 03:44:59 AM | === Batch 68/300
01/29 03:44:59 AM | loss = 0.615 + 0.013 + 0.016 = 0.644
01/29 03:44:59 AM | === Batch 69/300
01/29 03:45:00 AM | loss = 0.504 + 0.011 + 0.016 = 0.531
01/29 03:45:00 AM | === Batch 70/300
01/29 03:45:00 AM | loss = 0.336 + 0.021 + 0.016 = 0.372
01/29 03:45:00 AM | === Batch 71/300
01/29 03:45:00 AM | loss = 0.472 + 0.022 + 0.015 = 0.509
01/29 03:45:01 AM | === Batch 72/300
01/29 03:45:01 AM | loss = 0.465 + 0.016 + 0.015 = 0.496
01/29 03:45:01 AM | === Batch 73/300
01/29 03:45:01 AM | loss = 0.599 + 0.005 + 0.015 = 0.619
01/29 03:45:01 AM | === Batch 74/300
01/29 03:45:01 AM | loss = 0.351 + 0.020 + 0.015 = 0.385
01/29 03:45:02 AM | === Batch 75/300
01/29 03:45:02 AM | loss = 0.513 + 0.005 + 0.015 = 0.532
01/29 03:45:02 AM | === Batch 76/300
01/29 03:45:02 AM | loss = 0.434 + 0.027 + 0.015 = 0.475
01/29 03:45:02 AM | === Batch 77/300
01/29 03:45:03 AM | loss = 0.286 + 0.047 + 0.014 = 0.348
01/29 03:45:03 AM | === Batch 78/300
01/29 03:45:03 AM | loss = 0.363 + 0.059 + 0.014 = 0.437
01/29 03:45:03 AM | === Batch 79/300
01/29 03:45:03 AM | loss = 0.391 + 0.063 + 0.014 = 0.468
01/29 03:45:03 AM | === Batch 80/300
01/29 03:45:04 AM | loss = 0.457 + 0.060 + 0.014 = 0.531
01/29 03:45:04 AM | === Batch 81/300
01/29 03:45:04 AM | loss = 0.294 + 0.049 + 0.014 = 0.357
01/29 03:45:04 AM | === Batch 82/300
01/29 03:45:04 AM | loss = 0.470 + 0.030 + 0.014 = 0.515
01/29 03:45:05 AM | === Batch 83/300
01/29 03:45:05 AM | loss = 0.499 + 0.009 + 0.014 = 0.522
01/29 03:45:05 AM | === Batch 84/300
01/29 03:45:05 AM | loss = 0.438 + 0.032 + 0.014 = 0.485
01/29 03:45:05 AM | === Batch 85/300
01/29 03:45:06 AM | loss = 0.440 + 0.028 + 0.014 = 0.482
01/29 03:45:06 AM | === Batch 86/300
01/29 03:45:06 AM | loss = 0.610 + 0.012 + 0.014 = 0.636
01/29 03:45:06 AM | === Batch 87/300
01/29 03:45:06 AM | loss = 0.494 + 0.030 + 0.014 = 0.537
01/29 03:45:07 AM | === Batch 88/300
01/29 03:45:07 AM | loss = 0.432 + 0.039 + 0.013 = 0.485
01/29 03:45:07 AM | === Batch 89/300
01/29 03:45:07 AM | loss = 0.429 + 0.041 + 0.013 = 0.484
01/29 03:45:07 AM | === Batch 90/300
01/29 03:45:07 AM | loss = 0.481 + 0.038 + 0.013 = 0.532
01/29 03:45:08 AM | === Batch 91/300
01/29 03:45:08 AM | loss = 0.523 + 0.028 + 0.013 = 0.565
01/29 03:45:08 AM | === Batch 92/300
01/29 03:45:08 AM | loss = 0.271 + 0.013 + 0.013 = 0.297
01/29 03:45:08 AM | === Batch 93/300
01/29 03:45:09 AM | loss = 0.477 + 0.016 + 0.013 = 0.507
01/29 03:45:09 AM | === Batch 94/300
01/29 03:45:09 AM | loss = 0.444 + 0.014 + 0.013 = 0.471
01/29 03:45:09 AM | === Batch 95/300
01/29 03:45:09 AM | loss = 0.490 + 0.013 + 0.013 = 0.515
01/29 03:45:10 AM | === Batch 96/300
01/29 03:45:10 AM | loss = 0.344 + 0.024 + 0.013 = 0.380
01/29 03:45:10 AM | === Batch 97/300
01/29 03:45:10 AM | loss = 0.410 + 0.027 + 0.012 = 0.450
01/29 03:45:10 AM | === Batch 98/300
01/29 03:45:11 AM | loss = 0.456 + 0.025 + 0.012 = 0.494
01/29 03:45:11 AM | === Batch 99/300
01/29 03:45:11 AM | loss = 0.553 + 0.017 + 0.012 = 0.582
01/29 03:45:11 AM | === Batch 100/300
01/29 03:45:11 AM | loss = 0.454 + 0.006 + 0.012 = 0.472
01/29 03:45:12 AM | attribution_score[0:12]: 
[ 1.00  0.99  0.06  0.00  0.00  0.92  0.00  0.00  0.00  0.95  0.00  1.00 ]
[ 1.00  0.01  0.99  0.00  0.98  0.95  0.99  0.00  0.99  1.00  0.99  0.20 ]
[ 1.00  0.90  0.00  0.99  0.00  1.00  0.76  0.92  0.00  0.00  0.00  1.00 ]
[ 0.05  0.07  1.00  0.99  0.21  0.99  0.97  0.99  0.11  0.31  0.99  0.77 ]
[ 0.91  0.96  1.00  0.99  0.98  0.98  0.01  0.03  1.00  0.99  0.98  0.99 ]
[ 0.99  0.99  0.01  0.00  0.01  0.07  0.87  0.02  0.92  0.09  0.00  0.99 ]
[ 0.94  0.05  0.02  0.97  1.00  0.06  0.02  0.03  1.00  0.97  1.00  0.04 ]
[ 0.00  0.01  0.00  0.00  0.01  0.99  1.00  0.00  0.99  0.01  0.02  0.25 ]
[ 0.98  1.00  0.00  0.98  0.94  0.00  0.00  0.03  0.98  0.01  1.00  0.99 ]
[ 0.95  0.00  0.00  0.00  1.00  0.93  0.00  0.00  1.00  0.00  0.05  0.12 ]
[ 0.01  1.00  1.00  0.01  0.90  1.00  0.99  1.00  1.00  0.95  1.00  0.99 ]
[ 1.00  1.00  0.99  1.00  1.00  1.00  1.00  1.00  0.02  1.00  1.00  1.00 ]
[ 1.00  1.00  1.00  1.00  1.00  1.00  1.00  1.00  1.00  1.00  1.00  0.00 ]

01/29 03:45:12 AM | === Batch 101/300
01/29 03:45:12 AM | loss = 0.413 + 0.019 + 0.012 = 0.444
01/29 03:45:12 AM | === Batch 102/300
01/29 03:45:12 AM | loss = 0.446 + 0.012 + 0.012 = 0.471
01/29 03:45:12 AM | === Batch 103/300
01/29 03:45:13 AM | loss = 0.605 + 0.016 + 0.012 = 0.633
01/29 03:45:13 AM | === Batch 104/300
01/29 03:45:13 AM | loss = 0.489 + 0.033 + 0.012 = 0.534
01/29 03:45:13 AM | === Batch 105/300
01/29 03:45:13 AM | loss = 0.321 + 0.042 + 0.012 = 0.375
01/29 03:45:14 AM | === Batch 106/300
01/29 03:45:14 AM | loss = 0.424 + 0.046 + 0.012 = 0.481
01/29 03:45:14 AM | === Batch 107/300
01/29 03:45:14 AM | loss = 0.523 + 0.044 + 0.012 = 0.579
01/29 03:45:14 AM | === Batch 108/300
01/29 03:45:14 AM | loss = 0.423 + 0.036 + 0.012 = 0.470
01/29 03:45:15 AM | === Batch 109/300
01/29 03:45:15 AM | loss = 0.291 + 0.022 + 0.012 = 0.326
01/29 03:45:15 AM | === Batch 110/300
01/29 03:45:15 AM | loss = 0.448 + 0.005 + 0.012 = 0.465
01/29 03:45:15 AM | === Batch 111/300
01/29 03:45:16 AM | loss = 0.509 + 0.031 + 0.012 = 0.551
01/29 03:45:16 AM | === Batch 112/300
01/29 03:45:16 AM | loss = 0.467 + 0.031 + 0.012 = 0.509
01/29 03:45:16 AM | === Batch 113/300
01/29 03:45:16 AM | loss = 0.516 + 0.002 + 0.012 = 0.530
01/29 03:45:17 AM | === Batch 114/300
01/29 03:45:17 AM | loss = 0.402 + 0.014 + 0.011 = 0.428
01/29 03:45:17 AM | === Batch 115/300
01/29 03:45:17 AM | loss = 0.389 + 0.021 + 0.011 = 0.421
01/29 03:45:17 AM | === Batch 116/300
01/29 03:45:18 AM | loss = 0.375 + 0.021 + 0.011 = 0.407
01/29 03:45:18 AM | === Batch 117/300
01/29 03:45:18 AM | loss = 0.386 + 0.017 + 0.011 = 0.413
01/29 03:45:18 AM | === Batch 118/300
01/29 03:45:18 AM | loss = 0.302 + 0.007 + 0.011 = 0.320
01/29 03:45:19 AM | === Batch 119/300
01/29 03:45:19 AM | loss = 0.550 + 0.012 + 0.011 = 0.572
01/29 03:45:19 AM | === Batch 120/300
01/29 03:45:19 AM | loss = 0.357 + 0.002 + 0.011 = 0.370
01/29 03:45:19 AM | === Batch 121/300
01/29 03:45:20 AM | loss = 0.323 + 0.019 + 0.011 = 0.353
01/29 03:45:20 AM | === Batch 122/300
01/29 03:45:20 AM | loss = 0.406 + 0.031 + 0.011 = 0.448
01/29 03:45:20 AM | === Batch 123/300
01/29 03:45:20 AM | loss = 0.360 + 0.036 + 0.011 = 0.407
01/29 03:45:20 AM | === Batch 124/300
01/29 03:45:21 AM | loss = 0.411 + 0.035 + 0.011 = 0.457
01/29 03:45:21 AM | === Batch 125/300
01/29 03:45:21 AM | loss = 0.318 + 0.028 + 0.011 = 0.357
01/29 03:45:21 AM | === Batch 126/300
01/29 03:45:21 AM | loss = 0.375 + 0.018 + 0.011 = 0.404
01/29 03:45:22 AM | === Batch 127/300
01/29 03:45:22 AM | loss = 0.426 + 0.004 + 0.011 = 0.441
01/29 03:45:22 AM | === Batch 128/300
01/29 03:45:22 AM | loss = 0.383 + 0.027 + 0.011 = 0.422
01/29 03:45:22 AM | === Batch 129/300
01/29 03:45:23 AM | loss = 0.524 + 0.024 + 0.011 = 0.558
01/29 03:45:23 AM | === Batch 130/300
01/29 03:45:23 AM | loss = 0.363 + 0.007 + 0.011 = 0.381
01/29 03:45:23 AM | === Batch 131/300
01/29 03:45:23 AM | loss = 0.409 + 0.019 + 0.011 = 0.438
01/29 03:45:24 AM | === Batch 132/300
01/29 03:45:24 AM | loss = 0.458 + 0.025 + 0.011 = 0.493
01/29 03:45:24 AM | === Batch 133/300
01/29 03:45:24 AM | loss = 0.370 + 0.025 + 0.011 = 0.406
01/29 03:45:24 AM | === Batch 134/300
01/29 03:45:24 AM | loss = 0.399 + 0.020 + 0.011 = 0.430
01/29 03:45:25 AM | === Batch 135/300
01/29 03:45:25 AM | loss = 0.407 + 0.011 + 0.011 = 0.429
01/29 03:45:25 AM | === Batch 136/300
01/29 03:45:25 AM | loss = 0.791 + 0.005 + 0.011 = 0.806
01/29 03:45:25 AM | === Batch 137/300
01/29 03:45:26 AM | loss = 0.281 + 0.002 + 0.011 = 0.293
01/29 03:45:26 AM | === Batch 138/300
01/29 03:45:26 AM | loss = 0.380 + 0.000 + 0.011 = 0.390
01/29 03:45:26 AM | === Batch 139/300
01/29 03:45:26 AM | loss = 0.461 + 0.014 + 0.011 = 0.485
01/29 03:45:27 AM | === Batch 140/300
01/29 03:45:27 AM | loss = 0.397 + 0.004 + 0.010 = 0.412
01/29 03:45:27 AM | === Batch 141/300
01/29 03:45:27 AM | loss = 0.481 + 0.009 + 0.010 = 0.501
01/29 03:45:27 AM | === Batch 142/300
01/29 03:45:28 AM | loss = 0.606 + 0.010 + 0.010 = 0.626
01/29 03:45:28 AM | === Batch 143/300
01/29 03:45:28 AM | loss = 0.440 + 0.004 + 0.010 = 0.455
01/29 03:45:28 AM | === Batch 144/300
01/29 03:45:28 AM | loss = 0.468 + 0.011 + 0.011 = 0.489
01/29 03:45:29 AM | === Batch 145/300
01/29 03:45:29 AM | loss = 0.355 + 0.005 + 0.010 = 0.371
01/29 03:45:29 AM | === Batch 146/300
01/29 03:45:29 AM | loss = 0.572 + 0.009 + 0.010 = 0.592
01/29 03:45:29 AM | === Batch 147/300
01/29 03:45:29 AM | loss = 0.404 + 0.008 + 0.010 = 0.422
01/29 03:45:30 AM | === Batch 148/300
01/29 03:45:30 AM | loss = 0.422 + 0.002 + 0.010 = 0.434
01/29 03:45:30 AM | === Batch 149/300
01/29 03:45:30 AM | loss = 0.401 + 0.016 + 0.010 = 0.428
01/29 03:45:30 AM | === Batch 150/300
01/29 03:45:31 AM | loss = 0.456 + 0.000 + 0.010 = 0.467
01/29 03:45:31 AM | === Batch 151/300
01/29 03:45:31 AM | loss = 0.281 + 0.023 + 0.010 = 0.315
01/29 03:45:31 AM | === Batch 152/300
01/29 03:45:31 AM | loss = 0.457 + 0.037 + 0.010 = 0.505
01/29 03:45:32 AM | === Batch 153/300
01/29 03:45:32 AM | loss = 0.480 + 0.046 + 0.010 = 0.536
01/29 03:45:32 AM | === Batch 154/300
01/29 03:45:32 AM | loss = 0.528 + 0.048 + 0.010 = 0.585
01/29 03:45:32 AM | === Batch 155/300
01/29 03:45:33 AM | loss = 0.413 + 0.045 + 0.010 = 0.468
01/29 03:45:33 AM | === Batch 156/300
01/29 03:45:33 AM | loss = 0.386 + 0.037 + 0.010 = 0.433
01/29 03:45:33 AM | === Batch 157/300
01/29 03:45:33 AM | loss = 0.333 + 0.025 + 0.010 = 0.368
01/29 03:45:34 AM | === Batch 158/300
01/29 03:45:34 AM | loss = 0.371 + 0.010 + 0.010 = 0.391
01/29 03:45:34 AM | === Batch 159/300
01/29 03:45:34 AM | loss = 0.471 + 0.013 + 0.010 = 0.494
01/29 03:45:34 AM | === Batch 160/300
01/29 03:45:35 AM | loss = 0.282 + 0.011 + 0.010 = 0.303
01/29 03:45:35 AM | === Batch 161/300
01/29 03:45:35 AM | loss = 0.350 + 0.012 + 0.010 = 0.371
01/29 03:45:35 AM | === Batch 162/300
01/29 03:45:35 AM | loss = 0.366 + 0.021 + 0.009 = 0.397
01/29 03:45:36 AM | === Batch 163/300
01/29 03:45:36 AM | loss = 0.539 + 0.024 + 0.009 = 0.573
01/29 03:45:36 AM | === Batch 164/300
01/29 03:45:36 AM | loss = 0.389 + 0.024 + 0.009 = 0.423
01/29 03:45:36 AM | === Batch 165/300
01/29 03:45:37 AM | loss = 0.389 + 0.018 + 0.009 = 0.417
01/29 03:45:37 AM | === Batch 166/300
01/29 03:45:37 AM | loss = 0.388 + 0.008 + 0.010 = 0.405
01/29 03:45:37 AM | === Batch 167/300
01/29 03:45:37 AM | loss = 0.444 + 0.012 + 0.010 = 0.465
01/29 03:45:38 AM | === Batch 168/300
01/29 03:45:38 AM | loss = 0.332 + 0.004 + 0.010 = 0.346
01/29 03:45:38 AM | === Batch 169/300
01/29 03:45:38 AM | loss = 0.353 + 0.018 + 0.010 = 0.380
01/29 03:45:38 AM | === Batch 170/300
01/29 03:45:38 AM | loss = 0.526 + 0.032 + 0.010 = 0.568
01/29 03:45:39 AM | === Batch 171/300
01/29 03:45:39 AM | loss = 0.398 + 0.042 + 0.009 = 0.449
01/29 03:45:39 AM | === Batch 172/300
01/29 03:45:39 AM | loss = 0.438 + 0.046 + 0.009 = 0.493
01/29 03:45:39 AM | === Batch 173/300
01/29 03:45:40 AM | loss = 0.311 + 0.044 + 0.009 = 0.364
01/29 03:45:40 AM | === Batch 174/300
01/29 03:45:40 AM | loss = 0.398 + 0.038 + 0.009 = 0.446
01/29 03:45:40 AM | === Batch 175/300
01/29 03:45:40 AM | loss = 0.472 + 0.029 + 0.009 = 0.511
01/29 03:45:41 AM | === Batch 176/300
01/29 03:45:41 AM | loss = 0.313 + 0.015 + 0.009 = 0.337
01/29 03:45:41 AM | === Batch 177/300
01/29 03:45:41 AM | loss = 0.396 + 0.003 + 0.009 = 0.408
01/29 03:45:41 AM | === Batch 178/300
01/29 03:45:42 AM | loss = 0.336 + 0.000 + 0.009 = 0.346
01/29 03:45:42 AM | === Batch 179/300
01/29 03:45:42 AM | loss = 0.403 + 0.004 + 0.009 = 0.416
01/29 03:45:42 AM | === Batch 180/300
01/29 03:45:42 AM | loss = 0.559 + 0.011 + 0.009 = 0.580
01/29 03:45:43 AM | === Batch 181/300
01/29 03:45:43 AM | loss = 0.421 + 0.017 + 0.009 = 0.447
01/29 03:45:43 AM | === Batch 182/300
01/29 03:45:43 AM | loss = 0.504 + 0.016 + 0.009 = 0.529
01/29 03:45:43 AM | === Batch 183/300
01/29 03:45:43 AM | loss = 0.492 + 0.011 + 0.009 = 0.512
01/29 03:45:44 AM | === Batch 184/300
01/29 03:45:44 AM | loss = 0.341 + 0.003 + 0.009 = 0.354
01/29 03:45:44 AM | === Batch 185/300
01/29 03:45:44 AM | loss = 0.320 + 0.015 + 0.009 = 0.344
01/29 03:45:45 AM | === Batch 186/300
01/29 03:45:45 AM | loss = 0.564 + 0.003 + 0.009 = 0.577
01/29 03:45:45 AM | === Batch 187/300
01/29 03:45:45 AM | loss = 0.308 + 0.019 + 0.009 = 0.336
01/29 03:45:45 AM | === Batch 188/300
01/29 03:45:46 AM | loss = 0.428 + 0.031 + 0.009 = 0.468
01/29 03:45:46 AM | === Batch 189/300
01/29 03:45:46 AM | loss = 0.369 + 0.039 + 0.009 = 0.416
01/29 03:45:46 AM | === Batch 190/300
01/29 03:45:46 AM | loss = 0.399 + 0.040 + 0.009 = 0.448
01/29 03:45:47 AM | === Batch 191/300
01/29 03:45:47 AM | loss = 0.318 + 0.037 + 0.009 = 0.363
01/29 03:45:47 AM | === Batch 192/300
01/29 03:45:47 AM | loss = 0.375 + 0.029 + 0.009 = 0.413
01/29 03:45:47 AM | === Batch 193/300
01/29 03:45:47 AM | loss = 0.531 + 0.020 + 0.009 = 0.560
01/29 03:45:48 AM | === Batch 194/300
01/29 03:45:48 AM | loss = 0.425 + 0.007 + 0.009 = 0.440
01/29 03:45:48 AM | === Batch 195/300
01/29 03:45:48 AM | loss = 0.289 + 0.019 + 0.009 = 0.317
01/29 03:45:49 AM | === Batch 196/300
01/29 03:45:49 AM | loss = 0.331 + 0.017 + 0.009 = 0.357
01/29 03:45:49 AM | === Batch 197/300
01/29 03:45:49 AM | loss = 0.314 + 0.006 + 0.009 = 0.329
01/29 03:45:49 AM | === Batch 198/300
01/29 03:45:50 AM | loss = 0.427 + 0.015 + 0.009 = 0.450
01/29 03:45:50 AM | === Batch 199/300
01/29 03:45:50 AM | loss = 0.507 + 0.019 + 0.009 = 0.534
01/29 03:45:50 AM | === Batch 200/300
01/29 03:45:50 AM | loss = 0.441 + 0.017 + 0.009 = 0.466
01/29 03:45:50 AM | attribution_score[0:12]: 
[ 1.00  1.00  0.02  0.00  0.00  0.96  0.00  0.00  0.00  0.97  0.00  1.00 ]
[ 1.00  0.01  0.98  0.00  0.98  0.95  1.00  0.00  0.99  1.00  1.00  0.11 ]
[ 1.00  0.98  0.00  1.00  0.00  1.00  0.03  0.96  0.00  0.00  0.00  1.00 ]
[ 0.01  0.01  1.00  1.00  0.96  0.99  0.95  0.99  0.16  0.02  0.99  0.96 ]
[ 0.92  0.93  1.00  1.00  0.99  0.98  0.02  0.04  1.00  0.99  0.96  0.99 ]
[ 0.99  0.99  0.01  0.00  0.23  0.10  0.20  0.01  0.71  0.12  0.00  0.99 ]
[ 0.96  0.13  0.01  0.99  1.00  0.02  0.01  0.03  1.00  0.99  1.00  0.92 ]
[ 0.00  0.00  0.00  0.00  0.01  1.00  1.00  0.00  1.00  0.00  0.04  0.02 ]
[ 0.99  1.00  0.00  0.99  0.99  0.00  0.00  0.04  0.99  0.00  1.00  1.00 ]
[ 0.98  0.00  0.00  0.00  1.00  0.95  0.00  0.00  1.00  0.00  0.03  0.04 ]
[ 0.00  1.00  1.00  0.01  0.97  1.00  0.99  1.00  1.00  0.98  1.00  0.99 ]
[ 1.00  1.00  0.99  1.00  1.00  1.00  1.00  1.00  0.01  1.00  1.00  1.00 ]
[ 1.00  1.00  1.00  1.00  1.00  1.00  1.00  1.00  1.00  1.00  1.00  0.00 ]

01/29 03:45:50 AM | === Batch 201/300
01/29 03:45:51 AM | loss = 0.383 + 0.011 + 0.009 = 0.403
01/29 03:45:51 AM | === Batch 202/300
01/29 03:45:51 AM | loss = 0.262 + 0.001 + 0.009 = 0.272
01/29 03:45:51 AM | === Batch 203/300
01/29 03:45:51 AM | loss = 0.500 + 0.008 + 0.009 = 0.516
01/29 03:45:52 AM | === Batch 204/300
01/29 03:45:52 AM | loss = 0.522 + 0.011 + 0.009 = 0.542
01/29 03:45:52 AM | === Batch 205/300
01/29 03:45:52 AM | loss = 0.258 + 0.012 + 0.009 = 0.279
01/29 03:45:52 AM | === Batch 206/300
01/29 03:45:53 AM | loss = 0.404 + 0.007 + 0.009 = 0.420
01/29 03:45:53 AM | === Batch 207/300
01/29 03:45:53 AM | loss = 0.368 + 0.003 + 0.009 = 0.379
01/29 03:45:53 AM | === Batch 208/300
01/29 03:45:53 AM | loss = 0.392 + 0.005 + 0.009 = 0.406
01/29 03:45:54 AM | === Batch 209/300
01/29 03:45:54 AM | loss = 0.351 + 0.007 + 0.009 = 0.367
01/29 03:45:54 AM | === Batch 210/300
01/29 03:45:54 AM | loss = 0.399 + 0.006 + 0.009 = 0.413
01/29 03:45:54 AM | === Batch 211/300
01/29 03:45:55 AM | loss = 0.334 + 0.002 + 0.009 = 0.345
01/29 03:45:55 AM | === Batch 212/300
01/29 03:45:55 AM | loss = 0.287 + 0.009 + 0.009 = 0.305
01/29 03:45:55 AM | === Batch 213/300
01/29 03:45:55 AM | loss = 0.506 + 0.013 + 0.009 = 0.528
01/29 03:45:56 AM | === Batch 214/300
01/29 03:45:56 AM | loss = 0.449 + 0.012 + 0.009 = 0.469
01/29 03:45:56 AM | === Batch 215/300
01/29 03:45:56 AM | loss = 0.253 + 0.006 + 0.009 = 0.268
01/29 03:45:56 AM | === Batch 216/300
01/29 03:45:57 AM | loss = 0.442 + 0.008 + 0.009 = 0.459
01/29 03:45:57 AM | === Batch 217/300
01/29 03:45:57 AM | loss = 0.401 + 0.004 + 0.009 = 0.414
01/29 03:45:57 AM | === Batch 218/300
01/29 03:45:57 AM | loss = 0.509 + 0.007 + 0.009 = 0.525
01/29 03:45:58 AM | === Batch 219/300
01/29 03:45:58 AM | loss = 0.477 + 0.006 + 0.009 = 0.492
01/29 03:45:58 AM | === Batch 220/300
01/29 03:45:58 AM | loss = 0.372 + 0.001 + 0.009 = 0.382
01/29 03:45:58 AM | === Batch 221/300
01/29 03:45:59 AM | loss = 0.495 + 0.008 + 0.009 = 0.511
01/29 03:45:59 AM | === Batch 222/300
01/29 03:45:59 AM | loss = 0.368 + 0.011 + 0.009 = 0.388
01/29 03:45:59 AM | === Batch 223/300
01/29 03:45:59 AM | loss = 0.341 + 0.010 + 0.009 = 0.360
01/29 03:46:00 AM | === Batch 224/300
01/29 03:46:00 AM | loss = 0.329 + 0.005 + 0.009 = 0.343
01/29 03:46:00 AM | === Batch 225/300
01/29 03:46:00 AM | loss = 0.429 + 0.011 + 0.009 = 0.449
01/29 03:46:00 AM | === Batch 226/300
01/29 03:46:01 AM | loss = 0.469 + 0.000 + 0.009 = 0.478
01/29 03:46:01 AM | === Batch 227/300
01/29 03:46:01 AM | loss = 0.511 + 0.003 + 0.009 = 0.523
01/29 03:46:01 AM | === Batch 228/300
01/29 03:46:01 AM | loss = 0.373 + 0.002 + 0.009 = 0.383
01/29 03:46:02 AM | === Batch 229/300
01/29 03:46:02 AM | loss = 0.358 + 0.011 + 0.009 = 0.378
01/29 03:46:02 AM | === Batch 230/300
01/29 03:46:02 AM | loss = 0.286 + 0.017 + 0.008 = 0.311
01/29 03:46:02 AM | === Batch 231/300
01/29 03:46:02 AM | loss = 0.469 + 0.018 + 0.008 = 0.495
01/29 03:46:03 AM | === Batch 232/300
01/29 03:46:03 AM | loss = 0.249 + 0.014 + 0.008 = 0.272
01/29 03:46:03 AM | === Batch 233/300
01/29 03:46:03 AM | loss = 0.393 + 0.007 + 0.008 = 0.409
01/29 03:46:04 AM | === Batch 234/300
01/29 03:46:04 AM | loss = 0.389 + 0.006 + 0.008 = 0.404
01/29 03:46:04 AM | === Batch 235/300
01/29 03:46:04 AM | loss = 0.339 + 0.003 + 0.008 = 0.350
01/29 03:46:04 AM | === Batch 236/300
01/29 03:46:04 AM | loss = 0.327 + 0.003 + 0.008 = 0.338
01/29 03:46:05 AM | === Batch 237/300
01/29 03:46:05 AM | loss = 0.218 + 0.001 + 0.008 = 0.227
01/29 03:46:05 AM | === Batch 238/300
01/29 03:46:05 AM | loss = 0.340 + 0.012 + 0.008 = 0.360
01/29 03:46:05 AM | === Batch 239/300
01/29 03:46:06 AM | loss = 0.289 + 0.002 + 0.008 = 0.299
01/29 03:46:06 AM | === Batch 240/300
01/29 03:46:06 AM | loss = 0.479 + 0.005 + 0.008 = 0.492
01/29 03:46:06 AM | === Batch 241/300
01/29 03:46:06 AM | loss = 0.362 + 0.004 + 0.008 = 0.374
01/29 03:46:07 AM | === Batch 242/300
01/29 03:46:07 AM | loss = 0.525 + 0.004 + 0.008 = 0.538
01/29 03:46:07 AM | === Batch 243/300
01/29 03:46:07 AM | loss = 0.406 + 0.005 + 0.008 = 0.420
01/29 03:46:07 AM | === Batch 244/300
01/29 03:46:08 AM | loss = 0.352 + 0.008 + 0.008 = 0.368
01/29 03:46:08 AM | === Batch 245/300
01/29 03:46:08 AM | loss = 0.356 + 0.006 + 0.008 = 0.370
01/29 03:46:08 AM | === Batch 246/300
01/29 03:46:08 AM | loss = 0.400 + 0.002 + 0.008 = 0.411
01/29 03:46:09 AM | === Batch 247/300
01/29 03:46:09 AM | loss = 0.459 + 0.006 + 0.008 = 0.473
01/29 03:46:09 AM | === Batch 248/300
01/29 03:46:09 AM | loss = 0.407 + 0.010 + 0.008 = 0.425
01/29 03:46:09 AM | === Batch 249/300
01/29 03:46:10 AM | loss = 0.384 + 0.007 + 0.008 = 0.399
01/29 03:46:10 AM | === Batch 250/300
01/29 03:46:10 AM | loss = 0.394 + 0.001 + 0.008 = 0.403
01/29 03:46:10 AM | === Batch 251/300
01/29 03:46:10 AM | loss = 0.422 + 0.007 + 0.008 = 0.437
01/29 03:46:11 AM | === Batch 252/300
01/29 03:46:11 AM | loss = 0.407 + 0.011 + 0.008 = 0.426
01/29 03:46:11 AM | === Batch 253/300
01/29 03:46:11 AM | loss = 0.323 + 0.011 + 0.008 = 0.342
01/29 03:46:11 AM | === Batch 254/300
01/29 03:46:12 AM | loss = 0.596 + 0.006 + 0.008 = 0.610
01/29 03:46:12 AM | === Batch 255/300
01/29 03:46:12 AM | loss = 0.407 + 0.008 + 0.008 = 0.422
01/29 03:46:12 AM | === Batch 256/300
01/29 03:46:12 AM | loss = 0.357 + 0.000 + 0.008 = 0.365
01/29 03:46:13 AM | === Batch 257/300
01/29 03:46:13 AM | loss = 0.307 + 0.001 + 0.008 = 0.316
01/29 03:46:13 AM | === Batch 258/300
01/29 03:46:13 AM | loss = 0.493 + 0.004 + 0.008 = 0.505
01/29 03:46:13 AM | === Batch 259/300
01/29 03:46:13 AM | loss = 0.371 + 0.011 + 0.008 = 0.389
01/29 03:46:14 AM | === Batch 260/300
01/29 03:46:14 AM | loss = 0.282 + 0.019 + 0.008 = 0.309
01/29 03:46:14 AM | === Batch 261/300
01/29 03:46:14 AM | loss = 0.233 + 0.023 + 0.008 = 0.263
01/29 03:46:14 AM | === Batch 262/300
01/29 03:46:15 AM | loss = 0.360 + 0.021 + 0.008 = 0.389
01/29 03:46:15 AM | === Batch 263/300
01/29 03:46:15 AM | loss = 0.356 + 0.014 + 0.008 = 0.378
01/29 03:46:15 AM | === Batch 264/300
01/29 03:46:15 AM | loss = 0.428 + 0.002 + 0.008 = 0.438
01/29 03:46:16 AM | === Batch 265/300
01/29 03:46:16 AM | loss = 0.269 + 0.021 + 0.008 = 0.298
01/29 03:46:16 AM | === Batch 266/300
01/29 03:46:16 AM | loss = 0.533 + 0.021 + 0.008 = 0.562
01/29 03:46:16 AM | === Batch 267/300
01/29 03:46:17 AM | loss = 0.467 + 0.002 + 0.008 = 0.477
01/29 03:46:17 AM | === Batch 268/300
01/29 03:46:17 AM | loss = 0.219 + 0.011 + 0.007 = 0.237
01/29 03:46:17 AM | === Batch 269/300
01/29 03:46:17 AM | loss = 0.280 + 0.014 + 0.007 = 0.301
01/29 03:46:18 AM | === Batch 270/300
01/29 03:46:18 AM | loss = 0.461 + 0.012 + 0.007 = 0.480
01/29 03:46:18 AM | === Batch 271/300
01/29 03:46:18 AM | loss = 0.317 + 0.008 + 0.007 = 0.332
01/29 03:46:18 AM | === Batch 272/300
01/29 03:46:19 AM | loss = 0.486 + 0.000 + 0.007 = 0.494
01/29 03:46:19 AM | === Batch 273/300
01/29 03:46:19 AM | loss = 0.472 + 0.005 + 0.007 = 0.484
01/29 03:46:19 AM | === Batch 274/300
01/29 03:46:19 AM | loss = 0.399 + 0.008 + 0.007 = 0.414
01/29 03:46:20 AM | === Batch 275/300
01/29 03:46:20 AM | loss = 0.430 + 0.004 + 0.007 = 0.441
01/29 03:46:20 AM | === Batch 276/300
01/29 03:46:20 AM | loss = 0.590 + 0.004 + 0.007 = 0.600
01/29 03:46:20 AM | === Batch 277/300
01/29 03:46:21 AM | loss = 0.264 + 0.008 + 0.007 = 0.279
01/29 03:46:21 AM | === Batch 278/300
01/29 03:46:21 AM | loss = 0.406 + 0.012 + 0.007 = 0.426
01/29 03:46:21 AM | === Batch 279/300
01/29 03:46:21 AM | loss = 0.272 + 0.011 + 0.007 = 0.291
01/29 03:46:22 AM | === Batch 280/300
01/29 03:46:22 AM | loss = 0.454 + 0.006 + 0.007 = 0.467
01/29 03:46:22 AM | === Batch 281/300
01/29 03:46:22 AM | loss = 0.333 + 0.008 + 0.007 = 0.348
01/29 03:46:22 AM | === Batch 282/300
01/29 03:46:23 AM | loss = 0.315 + 0.004 + 0.007 = 0.326
01/29 03:46:23 AM | === Batch 283/300
01/29 03:46:23 AM | loss = 0.292 + 0.007 + 0.007 = 0.307
01/29 03:46:23 AM | === Batch 284/300
01/29 03:46:23 AM | loss = 0.360 + 0.007 + 0.007 = 0.374
01/29 03:46:24 AM | === Batch 285/300
01/29 03:46:24 AM | loss = 0.378 + 0.001 + 0.007 = 0.386
01/29 03:46:24 AM | === Batch 286/300
01/29 03:46:24 AM | loss = 0.397 + 0.012 + 0.007 = 0.416
01/29 03:46:24 AM | === Batch 287/300
01/29 03:46:24 AM | loss = 0.403 + 0.001 + 0.007 = 0.411
01/29 03:46:25 AM | === Batch 288/300
01/29 03:46:25 AM | loss = 0.352 + 0.005 + 0.007 = 0.364
01/29 03:46:25 AM | === Batch 289/300
01/29 03:46:25 AM | loss = 0.355 + 0.003 + 0.007 = 0.365
01/29 03:46:26 AM | === Batch 290/300
01/29 03:46:26 AM | loss = 0.372 + 0.004 + 0.007 = 0.383
01/29 03:46:26 AM | === Batch 291/300
01/29 03:46:26 AM | loss = 0.549 + 0.005 + 0.007 = 0.561
01/29 03:46:26 AM | === Batch 292/300
01/29 03:46:27 AM | loss = 0.311 + 0.006 + 0.007 = 0.324
01/29 03:46:27 AM | === Batch 293/300
01/29 03:46:27 AM | loss = 0.336 + 0.003 + 0.007 = 0.346
01/29 03:46:27 AM | === Batch 294/300
01/29 03:46:27 AM | loss = 0.470 + 0.007 + 0.007 = 0.484
01/29 03:46:28 AM | === Batch 295/300
01/29 03:46:28 AM | loss = 0.293 + 0.004 + 0.007 = 0.304
01/29 03:46:28 AM | === Batch 296/300
01/29 03:46:28 AM | loss = 0.412 + 0.007 + 0.007 = 0.427
01/29 03:46:28 AM | === Batch 297/300
01/29 03:46:28 AM | loss = 0.395 + 0.007 + 0.007 = 0.409
01/29 03:46:29 AM | === Batch 298/300
01/29 03:46:29 AM | loss = 0.387 + 0.003 + 0.007 = 0.396
01/29 03:46:29 AM | === Batch 299/300
01/29 03:46:29 AM | loss = 0.442 + 0.008 + 0.007 = 0.457
01/29 03:46:29 AM | === Batch 300/300
01/29 03:46:30 AM | loss = 0.392 + 0.004 + 0.007 = 0.403
01/29 03:46:30 AM | attribution_score[0:12]: 
[ 1.00  1.00  0.01  0.00  0.00  0.96  0.00  0.00  0.00  0.98  0.00  1.00 ]
[ 1.00  0.00  0.99  0.00  0.98  0.98  1.00  0.00  0.99  1.00  1.00  0.09 ]
[ 1.00  0.97  0.00  1.00  0.00  1.00  0.01  0.98  0.00  0.00  0.00  1.00 ]
[ 0.04  0.01  1.00  1.00  0.95  0.98  0.96  1.00  0.93  0.03  1.00  0.98 ]
[ 1.00  0.01  1.00  1.00  0.99  0.98  0.01  0.08  1.00  0.99  0.94  0.99 ]
[ 1.00  1.00  0.00  0.00  0.15  0.03  0.07  0.01  0.61  0.15  0.00  1.00 ]
[ 0.99  0.99  0.01  0.97  1.00  0.01  0.00  0.02  1.00  1.00  1.00  0.97 ]
[ 0.00  0.00  0.00  0.00  0.00  1.00  1.00  0.00  1.00  0.00  0.01  0.01 ]
[ 0.99  1.00  0.00  1.00  0.99  0.00  0.00  0.05  0.99  0.01  1.00  1.00 ]
[ 0.98  0.00  0.00  0.00  1.00  0.97  0.00  0.00  1.00  0.00  0.02  0.05 ]
[ 0.00  1.00  1.00  0.01  0.98  1.00  0.99  1.00  1.00  0.99  1.00  0.99 ]
[ 1.00  1.00  1.00  1.00  1.00  1.00  1.00  1.00  0.01  1.00  1.00  1.00 ]
[ 1.00  1.00  1.00  1.00  1.00  1.00  1.00  1.00  1.00  1.00  1.00  0.00 ]

01/29 03:46:30 AM | ===
Best loss was 0.23 at iteration 237

01/29 03:46:30 AM | Looking for optimal threshold...
01/29 03:46:30 AM | Testing threshold 0.5
01/29 03:46:30 AM | Distance to target: 1,307,568
01/29 03:46:30 AM | Testing threshold 0.75
01/29 03:46:30 AM | Distance to target: 3,139,216
01/29 03:46:30 AM | Testing threshold 0.625
01/29 03:46:30 AM | Distance to target: 1,249,016
01/29 03:46:30 AM | Testing threshold 0.5625
01/29 03:46:30 AM | Distance to target: 636,872
01/29 03:46:30 AM | Testing threshold 0.59375
01/29 03:46:30 AM | Distance to target: 652,984
01/29 03:46:30 AM | Testing threshold 0.578125
01/29 03:46:30 AM | Distance to target: 182,328
01/29 03:46:30 AM | Testing threshold 0.5703125
01/29 03:46:30 AM | Distance to target: 81,992
01/29 03:46:30 AM | Testing threshold 0.57421875
01/29 03:46:30 AM | Distance to target: 81,992
01/29 03:46:30 AM | Testing threshold 0.576171875
01/29 03:46:30 AM | Distance to target: 81,992
01/29 03:46:30 AM | Testing threshold 0.5771484375
01/29 03:46:30 AM | Distance to target: 81,992
01/29 03:46:30 AM | Testing threshold 0.57763671875
01/29 03:46:30 AM | Distance to target: 81,992
01/29 03:46:30 AM | Testing threshold 0.577880859375
01/29 03:46:30 AM | Distance to target: 81,992
01/29 03:46:30 AM | Testing threshold 0.5780029296875
01/29 03:46:30 AM | Distance to target: 182,328
01/29 03:46:30 AM | Testing threshold 0.57794189453125
01/29 03:46:30 AM | Distance to target: 182,328
01/29 03:46:30 AM | Testing threshold 0.577911376953125
01/29 03:46:30 AM | Distance to target: 182,328
01/29 03:46:30 AM | Testing threshold 0.5778961181640625
01/29 03:46:30 AM | Distance to target: 81,992
01/29 03:46:30 AM | Testing threshold 0.5779037475585938
01/29 03:46:30 AM | Distance to target: 182,328
01/29 03:46:30 AM | Testing threshold 0.5778999328613281
01/29 03:46:30 AM | Distance to target: 182,328
01/29 03:46:30 AM | Testing threshold 0.5778980255126953
01/29 03:46:30 AM | Distance to target: 81,992
01/29 03:46:30 AM | Testing threshold 0.5778989791870117
01/29 03:46:30 AM | Distance to target: 182,328
01/29 03:46:30 AM | Testing threshold 0.5778985023498535
01/29 03:46:30 AM | Distance to target: 182,328
01/29 03:46:30 AM | Testing threshold 0.5778982639312744
01/29 03:46:30 AM | Distance to target: 81,992
01/29 03:46:30 AM | Testing threshold 0.577898383140564
01/29 03:46:30 AM | Distance to target: 182,328
01/29 03:46:30 AM | Testing threshold 0.5778983235359192
01/29 03:46:30 AM | Distance to target: 81,992
01/29 03:46:30 AM | Testing threshold 0.5778983533382416
01/29 03:46:30 AM | Distance to target: 81,992
01/29 03:46:30 AM | Testing threshold 0.5778983682394028
01/29 03:46:30 AM | Distance to target: 81,992
01/29 03:46:30 AM | Testing threshold 0.5778983756899834
01/29 03:46:30 AM | Distance to target: 81,992
01/29 03:46:30 AM | Testing threshold 0.5778983794152737
01/29 03:46:30 AM | Distance to target: 81,992
01/29 03:46:30 AM | Testing threshold 0.5778983812779188
01/29 03:46:30 AM | Distance to target: 81,992
01/29 03:46:30 AM | Testing threshold 0.5778983822092414
01/29 03:46:30 AM | Distance to target: 81,992
01/29 03:46:30 AM | Testing threshold 0.5778983826749027
01/29 03:46:30 AM | Distance to target: 81,992
01/29 03:46:30 AM | Testing threshold 0.5778983829077333
01/29 03:46:30 AM | Distance to target: 81,992
01/29 03:46:30 AM | Testing threshold 0.5778983830241486
01/29 03:46:30 AM | Distance to target: 81,992
01/29 03:46:30 AM | Testing threshold 0.5778983830823563
01/29 03:46:30 AM | Distance to target: 81,992
01/29 03:46:30 AM | Testing threshold 0.5778983831114601
01/29 03:46:30 AM | Distance to target: 81,992
01/29 03:46:30 AM | Testing threshold 0.577898383126012
01/29 03:46:30 AM | Distance to target: 81,992
01/29 03:46:30 AM | Testing threshold 0.577898383133288
01/29 03:46:30 AM | Distance to target: 81,992
01/29 03:46:30 AM | Testing threshold 0.577898383136926
01/29 03:46:30 AM | Distance to target: 81,992
01/29 03:46:30 AM | Testing threshold 0.577898383138745
01/29 03:46:30 AM | Distance to target: 81,992
01/29 03:46:30 AM | Testing threshold 0.5778983831396545
01/29 03:46:30 AM | Distance to target: 81,992
01/29 03:46:30 AM | Testing threshold 0.5778983831401092
01/29 03:46:30 AM | Distance to target: 81,992
01/29 03:46:30 AM | Testing threshold 0.5778983831403366
01/29 03:46:30 AM | Distance to target: 81,992
01/29 03:46:30 AM | Testing threshold 0.5778983831404503
01/29 03:46:30 AM | Distance to target: 81,992
01/29 03:46:30 AM | Testing threshold 0.5778983831405071
01/29 03:46:30 AM | Distance to target: 81,992
01/29 03:46:30 AM | Testing threshold 0.5778983831405355
01/29 03:46:30 AM | Distance to target: 81,992
01/29 03:46:30 AM | Testing threshold 0.5778983831405498
01/29 03:46:30 AM | Distance to target: 81,992
01/29 03:46:30 AM | Testing threshold 0.5778983831405569
01/29 03:46:30 AM | Distance to target: 81,992
01/29 03:46:30 AM | Testing threshold 0.5778983831405604
01/29 03:46:30 AM | Distance to target: 81,992
01/29 03:46:30 AM | Testing threshold 0.5778983831405622
01/29 03:46:30 AM | Distance to target: 81,992
01/29 03:46:30 AM | Testing threshold 0.5778983831405631
01/29 03:46:30 AM | Distance to target: 81,992
01/29 03:46:32 AM | attribution_score[0:12]: 
[ 1.00  1.00  0.00  0.00  0.00  1.00  0.00  0.00  0.00  1.00  0.00  1.00 ]
[ 1.00  0.00  1.00  0.00  1.00  1.00  1.00  0.00  1.00  1.00  1.00  0.00 ]
[ 1.00  1.00  0.00  1.00  0.00  1.00  0.00  1.00  0.00  0.00  0.00  1.00 ]
[ 0.00  0.00  1.00  1.00  1.00  1.00  1.00  1.00  1.00  0.00  1.00  1.00 ]
[ 1.00  0.00  1.00  1.00  1.00  1.00  0.00  0.00  1.00  1.00  1.00  1.00 ]
[ 1.00  1.00  0.00  0.00  0.00  0.00  0.00  0.00  1.00  0.00  0.00  1.00 ]
[ 1.00  0.00  0.00  1.00  1.00  0.00  0.00  0.00  1.00  1.00  1.00  1.00 ]
[ 0.00  0.00  0.00  0.00  0.00  1.00  1.00  0.00  1.00  0.00  0.00  0.00 ]
[ 1.00  1.00  0.00  1.00  1.00  0.00  0.00  0.00  1.00  0.00  1.00  1.00 ]
[ 1.00  0.00  0.00  0.00  1.00  1.00  0.00  0.00  1.00  0.00  0.00  0.00 ]
[ 0.00  1.00  1.00  0.00  1.00  1.00  1.00  1.00  1.00  1.00  1.00  1.00 ]
[ 1.00  1.00  1.00  1.00  1.00  1.00  1.00  1.00  0.00  1.00  1.00  1.00 ]
[ 1.00  1.00  1.00  1.00  1.00  1.00  1.00  1.00  1.00  1.00  1.00  0.00 ]

01/29 03:46:32 AM | VGG(
  (features): Sequential(
    (conv0): Conv2d(3, 26, kernel_size=(3, 3), stride=(1, 1), padding=(1, 1))
    (norm0): BatchNorm2d(26, eps=1e-05, momentum=0.1, affine=True, track_running_stats=True)
    (relu0): ReLU(inplace=True)
    (conv1): Conv2d(26, 49, kernel_size=(3, 3), stride=(1, 1), padding=(1, 1))
    (norm1): BatchNorm2d(49, eps=1e-05, momentum=0.1, affine=True, track_running_stats=True)
    (relu1): ReLU(inplace=True)
    (pool2): MaxPool2d(kernel_size=2, stride=2, padding=0, dilation=1, ceil_mode=False)
    (conv3): Conv2d(49, 76, kernel_size=(3, 3), stride=(1, 1), padding=(1, 1))
    (norm3): BatchNorm2d(76, eps=1e-05, momentum=0.1, affine=True, track_running_stats=True)
    (relu3): ReLU(inplace=True)
    (conv4): Conv2d(76, 98, kernel_size=(3, 3), stride=(1, 1), padding=(1, 1))
    (norm4): BatchNorm2d(98, eps=1e-05, momentum=0.1, affine=True, track_running_stats=True)
    (relu4): ReLU(inplace=True)
    (pool5): MaxPool2d(kernel_size=2, stride=2, padding=0, dilation=1, ceil_mode=False)
    (conv6): Conv2d(98, 154, kernel_size=(3, 3), stride=(1, 1), padding=(1, 1))
    (norm6): BatchNorm2d(154, eps=1e-05, momentum=0.1, affine=True, track_running_stats=True)
    (relu6): ReLU(inplace=True)
    (conv7): Conv2d(154, 135, kernel_size=(3, 3), stride=(1, 1), padding=(1, 1))
    (norm7): BatchNorm2d(135, eps=1e-05, momentum=0.1, affine=True, track_running_stats=True)
    (relu7): ReLU(inplace=True)
    (conv8): Conv2d(135, 156, kernel_size=(3, 3), stride=(1, 1), padding=(1, 1))
    (norm8): BatchNorm2d(156, eps=1e-05, momentum=0.1, affine=True, track_running_stats=True)
    (relu8): ReLU(inplace=True)
    (pool9): MaxPool2d(kernel_size=2, stride=2, padding=0, dilation=1, ceil_mode=False)
    (conv10): Conv2d(156, 232, kernel_size=(3, 3), stride=(1, 1), padding=(1, 1))
    (norm10): BatchNorm2d(232, eps=1e-05, momentum=0.1, affine=True, track_running_stats=True)
    (relu10): ReLU(inplace=True)
    (conv11): Conv2d(232, 183, kernel_size=(3, 3), stride=(1, 1), padding=(1, 1))
    (norm11): BatchNorm2d(183, eps=1e-05, momentum=0.1, affine=True, track_running_stats=True)
    (relu11): ReLU(inplace=True)
    (conv12): Conv2d(183, 256, kernel_size=(3, 3), stride=(1, 1), padding=(1, 1))
    (norm12): BatchNorm2d(256, eps=1e-05, momentum=0.1, affine=True, track_running_stats=True)
    (relu12): ReLU(inplace=True)
    (pool13): MaxPool2d(kernel_size=2, stride=2, padding=0, dilation=1, ceil_mode=False)
    (conv14): Conv2d(256, 399, kernel_size=(3, 3), stride=(1, 1), padding=(1, 1))
    (norm14): BatchNorm2d(399, eps=1e-05, momentum=0.1, affine=True, track_running_stats=True)
    (relu14): ReLU(inplace=True)
    (conv15): Conv2d(399, 461, kernel_size=(3, 3), stride=(1, 1), padding=(1, 1))
    (norm15): BatchNorm2d(461, eps=1e-05, momentum=0.1, affine=True, track_running_stats=True)
    (relu15): ReLU(inplace=True)
    (conv16): Conv2d(461, 509, kernel_size=(3, 3), stride=(1, 1), padding=(1, 1))
    (norm16): BatchNorm2d(509, eps=1e-05, momentum=0.1, affine=True, track_running_stats=True)
    (relu16): ReLU(inplace=True)
  )
  (classifier): Sequential(
    (linear1): Linear(in_features=509, out_features=512, bias=True)
    (norm1): BatchNorm1d(512, eps=1e-05, momentum=0.1, affine=True, track_running_stats=True)
    (relu1): ReLU(inplace=True)
    (linear2): Linear(in_features=512, out_features=10, bias=True)
  )
)
01/29 03:46:33 AM | ----------------------------------------
01/29 03:46:33 AM | Performances input model:
01/29 03:46:33 AM |  - flops: 314,294,272
01/29 03:46:33 AM |  - params: 14,991,946
01/29 03:46:33 AM |  - accuracy: 93.95999908447266
01/29 03:46:33 AM | ----------------------------------------
01/29 03:46:33 AM | Performances pseudo-pruned model:
01/29 03:46:33 AM |  - flops: 314,294,272
01/29 03:46:33 AM |  - params: 14,991,946
01/29 03:46:33 AM |  - accuracy: 82.58999633789062
01/29 03:46:33 AM | ----------------------------------------
01/29 03:46:33 AM | Performances pruned model:
01/29 03:46:33 AM |  - flops: 108,581,548
01/29 03:46:33 AM |  - params: 6,716,722
01/29 03:46:33 AM |  - accuracy: 82.58999633789062
01/29 03:46:33 AM | ----------------------------------------
01/29 03:46:33 AM | Total time: 127.68s
