01/29 03:34:47 AM | args = Namespace(output_dir='result/rebuttal/nb_epoch/vgg/nbbtchs180/seed_00', loaded_model_path='./checkpoints/cifar10/vgg_16_bn.pt', resume=False, test_only=False, mode='prune', batch_size=64, nb_batches=180, Mflops_target=None, lr=0.6, momentum=0.9, beta=6, gamma=0.4, gpu='0', num_workers=4, dataset='cifar10', arch='vgg_16_bn', save_plot=False, seed=0, lr_finetuning=0.02, epoch_finetuning=200, wd=0.002, data_dir='./data/cifar10/', print_freq=200, num_classes=10, device_ids=[0], device=device(type='cuda', index=0), name_base='')
01/29 03:34:52 AM | ----------------------------------------
01/29 03:34:52 AM | ==> Building model...
01/29 03:34:53 AM | ----------------------------------------
01/29 03:34:53 AM | ==> Loading weights into the model...
01/29 03:34:53 AM | ----------------------------------------
01/29 03:34:53 AM | VGG(
  (features): Sequential(
    (conv0): Conv2d(3, 64, kernel_size=(3, 3), stride=(1, 1), padding=(1, 1))
    (norm0): BatchNorm2d(64, eps=1e-05, momentum=0.1, affine=True, track_running_stats=True)
    (relu0): ReLU(inplace=True)
    (conv1): Conv2d(64, 64, kernel_size=(3, 3), stride=(1, 1), padding=(1, 1))
    (norm1): BatchNorm2d(64, eps=1e-05, momentum=0.1, affine=True, track_running_stats=True)
    (relu1): ReLU(inplace=True)
    (pool2): MaxPool2d(kernel_size=2, stride=2, padding=0, dilation=1, ceil_mode=False)
    (conv3): Conv2d(64, 128, kernel_size=(3, 3), stride=(1, 1), padding=(1, 1))
    (norm3): BatchNorm2d(128, eps=1e-05, momentum=0.1, affine=True, track_running_stats=True)
    (relu3): ReLU(inplace=True)
    (conv4): Conv2d(128, 128, kernel_size=(3, 3), stride=(1, 1), padding=(1, 1))
    (norm4): BatchNorm2d(128, eps=1e-05, momentum=0.1, affine=True, track_running_stats=True)
    (relu4): ReLU(inplace=True)
    (pool5): MaxPool2d(kernel_size=2, stride=2, padding=0, dilation=1, ceil_mode=False)
    (conv6): Conv2d(128, 256, kernel_size=(3, 3), stride=(1, 1), padding=(1, 1))
    (norm6): BatchNorm2d(256, eps=1e-05, momentum=0.1, affine=True, track_running_stats=True)
    (relu6): ReLU(inplace=True)
    (conv7): Conv2d(256, 256, kernel_size=(3, 3), stride=(1, 1), padding=(1, 1))
    (norm7): BatchNorm2d(256, eps=1e-05, momentum=0.1, affine=True, track_running_stats=True)
    (relu7): ReLU(inplace=True)
    (conv8): Conv2d(256, 256, kernel_size=(3, 3), stride=(1, 1), padding=(1, 1))
    (norm8): BatchNorm2d(256, eps=1e-05, momentum=0.1, affine=True, track_running_stats=True)
    (relu8): ReLU(inplace=True)
    (pool9): MaxPool2d(kernel_size=2, stride=2, padding=0, dilation=1, ceil_mode=False)
    (conv10): Conv2d(256, 512, kernel_size=(3, 3), stride=(1, 1), padding=(1, 1))
    (norm10): BatchNorm2d(512, eps=1e-05, momentum=0.1, affine=True, track_running_stats=True)
    (relu10): ReLU(inplace=True)
    (conv11): Conv2d(512, 512, kernel_size=(3, 3), stride=(1, 1), padding=(1, 1))
    (norm11): BatchNorm2d(512, eps=1e-05, momentum=0.1, affine=True, track_running_stats=True)
    (relu11): ReLU(inplace=True)
    (conv12): Conv2d(512, 512, kernel_size=(3, 3), stride=(1, 1), padding=(1, 1))
    (norm12): BatchNorm2d(512, eps=1e-05, momentum=0.1, affine=True, track_running_stats=True)
    (relu12): ReLU(inplace=True)
    (pool13): MaxPool2d(kernel_size=2, stride=2, padding=0, dilation=1, ceil_mode=False)
    (conv14): Conv2d(512, 512, kernel_size=(3, 3), stride=(1, 1), padding=(1, 1))
    (norm14): BatchNorm2d(512, eps=1e-05, momentum=0.1, affine=True, track_running_stats=True)
    (relu14): ReLU(inplace=True)
    (conv15): Conv2d(512, 512, kernel_size=(3, 3), stride=(1, 1), padding=(1, 1))
    (norm15): BatchNorm2d(512, eps=1e-05, momentum=0.1, affine=True, track_running_stats=True)
    (relu15): ReLU(inplace=True)
    (conv16): Conv2d(512, 512, kernel_size=(3, 3), stride=(1, 1), padding=(1, 1))
    (norm16): BatchNorm2d(512, eps=1e-05, momentum=0.1, affine=True, track_running_stats=True)
    (relu16): ReLU(inplace=True)
  )
  (classifier): Sequential(
    (linear1): Linear(in_features=512, out_features=512, bias=True)
    (norm1): BatchNorm1d(512, eps=1e-05, momentum=0.1, affine=True, track_running_stats=True)
    (relu1): ReLU(inplace=True)
    (linear2): Linear(in_features=512, out_features=10, bias=True)
  )
)
01/29 03:34:54 AM | Save modules info...
01/29 03:34:54 AM | FLOPS pruning ratio is 0.65
01/29 03:34:54 AM | Pruning with information flow
01/29 03:34:54 AM | -----
01/29 03:34:54 AM | module: Conv2d(3, 64, kernel_size=(3, 3), stride=(1, 1), padding=(1, 1))
01/29 03:34:54 AM | cin: None
01/29 03:34:54 AM | cout: [0]
01/29 03:34:54 AM | inactive
01/29 03:34:54 AM | -----
01/29 03:34:54 AM | module: BatchNorm2d(64, eps=1e-05, momentum=0.1, affine=True, track_running_stats=True)
01/29 03:34:54 AM | cin: [0]
01/29 03:34:54 AM | cout: [0]
01/29 03:34:54 AM | inactive
01/29 03:34:54 AM | -----
01/29 03:34:54 AM | module: ReLU(inplace=True)
01/29 03:34:54 AM | cin: [0]
01/29 03:34:54 AM | cout: [0]
01/29 03:34:54 AM | active
01/29 03:34:54 AM | -----
01/29 03:34:54 AM | module: Conv2d(64, 64, kernel_size=(3, 3), stride=(1, 1), padding=(1, 1))
01/29 03:34:54 AM | cin: [0]
01/29 03:34:54 AM | cout: [1]
01/29 03:34:54 AM | inactive
01/29 03:34:54 AM | -----
01/29 03:34:54 AM | module: BatchNorm2d(64, eps=1e-05, momentum=0.1, affine=True, track_running_stats=True)
01/29 03:34:54 AM | cin: [1]
01/29 03:34:54 AM | cout: [1]
01/29 03:34:54 AM | inactive
01/29 03:34:54 AM | -----
01/29 03:34:54 AM | module: ReLU(inplace=True)
01/29 03:34:54 AM | cin: [1]
01/29 03:34:54 AM | cout: [1]
01/29 03:34:54 AM | active
01/29 03:34:54 AM | -----
01/29 03:34:54 AM | module: MaxPool2d(kernel_size=2, stride=2, padding=0, dilation=1, ceil_mode=False)
01/29 03:34:54 AM | cin: [1]
01/29 03:34:54 AM | cout: [1]
01/29 03:34:54 AM | inactive
01/29 03:34:54 AM | -----
01/29 03:34:54 AM | module: Conv2d(64, 128, kernel_size=(3, 3), stride=(1, 1), padding=(1, 1))
01/29 03:34:54 AM | cin: [1]
01/29 03:34:54 AM | cout: [2]
01/29 03:34:54 AM | inactive
01/29 03:34:54 AM | -----
01/29 03:34:54 AM | module: BatchNorm2d(128, eps=1e-05, momentum=0.1, affine=True, track_running_stats=True)
01/29 03:34:54 AM | cin: [2]
01/29 03:34:54 AM | cout: [2]
01/29 03:34:54 AM | inactive
01/29 03:34:54 AM | -----
01/29 03:34:54 AM | module: ReLU(inplace=True)
01/29 03:34:54 AM | cin: [2]
01/29 03:34:54 AM | cout: [2]
01/29 03:34:54 AM | active
01/29 03:34:54 AM | -----
01/29 03:34:54 AM | module: Conv2d(128, 128, kernel_size=(3, 3), stride=(1, 1), padding=(1, 1))
01/29 03:34:54 AM | cin: [2]
01/29 03:34:54 AM | cout: [3]
01/29 03:34:54 AM | inactive
01/29 03:34:54 AM | -----
01/29 03:34:54 AM | module: BatchNorm2d(128, eps=1e-05, momentum=0.1, affine=True, track_running_stats=True)
01/29 03:34:54 AM | cin: [3]
01/29 03:34:54 AM | cout: [3]
01/29 03:34:54 AM | inactive
01/29 03:34:54 AM | -----
01/29 03:34:54 AM | module: ReLU(inplace=True)
01/29 03:34:54 AM | cin: [3]
01/29 03:34:54 AM | cout: [3]
01/29 03:34:54 AM | active
01/29 03:34:54 AM | -----
01/29 03:34:54 AM | module: MaxPool2d(kernel_size=2, stride=2, padding=0, dilation=1, ceil_mode=False)
01/29 03:34:54 AM | cin: [3]
01/29 03:34:54 AM | cout: [3]
01/29 03:34:54 AM | inactive
01/29 03:34:54 AM | -----
01/29 03:34:54 AM | module: Conv2d(128, 256, kernel_size=(3, 3), stride=(1, 1), padding=(1, 1))
01/29 03:34:54 AM | cin: [3]
01/29 03:34:54 AM | cout: [4]
01/29 03:34:54 AM | inactive
01/29 03:34:54 AM | -----
01/29 03:34:54 AM | module: BatchNorm2d(256, eps=1e-05, momentum=0.1, affine=True, track_running_stats=True)
01/29 03:34:54 AM | cin: [4]
01/29 03:34:54 AM | cout: [4]
01/29 03:34:54 AM | inactive
01/29 03:34:54 AM | -----
01/29 03:34:54 AM | module: ReLU(inplace=True)
01/29 03:34:54 AM | cin: [4]
01/29 03:34:54 AM | cout: [4]
01/29 03:34:54 AM | active
01/29 03:34:54 AM | -----
01/29 03:34:54 AM | module: Conv2d(256, 256, kernel_size=(3, 3), stride=(1, 1), padding=(1, 1))
01/29 03:34:54 AM | cin: [4]
01/29 03:34:54 AM | cout: [5]
01/29 03:34:54 AM | inactive
01/29 03:34:54 AM | -----
01/29 03:34:54 AM | module: BatchNorm2d(256, eps=1e-05, momentum=0.1, affine=True, track_running_stats=True)
01/29 03:34:54 AM | cin: [5]
01/29 03:34:54 AM | cout: [5]
01/29 03:34:54 AM | inactive
01/29 03:34:54 AM | -----
01/29 03:34:54 AM | module: ReLU(inplace=True)
01/29 03:34:54 AM | cin: [5]
01/29 03:34:54 AM | cout: [5]
01/29 03:34:54 AM | active
01/29 03:34:54 AM | -----
01/29 03:34:54 AM | module: Conv2d(256, 256, kernel_size=(3, 3), stride=(1, 1), padding=(1, 1))
01/29 03:34:54 AM | cin: [5]
01/29 03:34:54 AM | cout: [6]
01/29 03:34:54 AM | inactive
01/29 03:34:54 AM | -----
01/29 03:34:54 AM | module: BatchNorm2d(256, eps=1e-05, momentum=0.1, affine=True, track_running_stats=True)
01/29 03:34:54 AM | cin: [6]
01/29 03:34:54 AM | cout: [6]
01/29 03:34:54 AM | inactive
01/29 03:34:54 AM | -----
01/29 03:34:54 AM | module: ReLU(inplace=True)
01/29 03:34:54 AM | cin: [6]
01/29 03:34:54 AM | cout: [6]
01/29 03:34:54 AM | active
01/29 03:34:54 AM | -----
01/29 03:34:54 AM | module: MaxPool2d(kernel_size=2, stride=2, padding=0, dilation=1, ceil_mode=False)
01/29 03:34:54 AM | cin: [6]
01/29 03:34:54 AM | cout: [6]
01/29 03:34:54 AM | inactive
01/29 03:34:54 AM | -----
01/29 03:34:54 AM | module: Conv2d(256, 512, kernel_size=(3, 3), stride=(1, 1), padding=(1, 1))
01/29 03:34:54 AM | cin: [6]
01/29 03:34:54 AM | cout: [7]
01/29 03:34:54 AM | inactive
01/29 03:34:54 AM | -----
01/29 03:34:54 AM | module: BatchNorm2d(512, eps=1e-05, momentum=0.1, affine=True, track_running_stats=True)
01/29 03:34:54 AM | cin: [7]
01/29 03:34:54 AM | cout: [7]
01/29 03:34:54 AM | inactive
01/29 03:34:54 AM | -----
01/29 03:34:54 AM | module: ReLU(inplace=True)
01/29 03:34:54 AM | cin: [7]
01/29 03:34:54 AM | cout: [7]
01/29 03:34:54 AM | active
01/29 03:34:54 AM | -----
01/29 03:34:54 AM | module: Conv2d(512, 512, kernel_size=(3, 3), stride=(1, 1), padding=(1, 1))
01/29 03:34:54 AM | cin: [7]
01/29 03:34:54 AM | cout: [8]
01/29 03:34:54 AM | inactive
01/29 03:34:54 AM | -----
01/29 03:34:54 AM | module: BatchNorm2d(512, eps=1e-05, momentum=0.1, affine=True, track_running_stats=True)
01/29 03:34:54 AM | cin: [8]
01/29 03:34:54 AM | cout: [8]
01/29 03:34:54 AM | inactive
01/29 03:34:54 AM | -----
01/29 03:34:54 AM | module: ReLU(inplace=True)
01/29 03:34:54 AM | cin: [8]
01/29 03:34:54 AM | cout: [8]
01/29 03:34:54 AM | active
01/29 03:34:54 AM | -----
01/29 03:34:54 AM | module: Conv2d(512, 512, kernel_size=(3, 3), stride=(1, 1), padding=(1, 1))
01/29 03:34:54 AM | cin: [8]
01/29 03:34:54 AM | cout: [9]
01/29 03:34:54 AM | inactive
01/29 03:34:54 AM | -----
01/29 03:34:54 AM | module: BatchNorm2d(512, eps=1e-05, momentum=0.1, affine=True, track_running_stats=True)
01/29 03:34:54 AM | cin: [9]
01/29 03:34:54 AM | cout: [9]
01/29 03:34:54 AM | inactive
01/29 03:34:54 AM | -----
01/29 03:34:54 AM | module: ReLU(inplace=True)
01/29 03:34:54 AM | cin: [9]
01/29 03:34:54 AM | cout: [9]
01/29 03:34:54 AM | active
01/29 03:34:54 AM | -----
01/29 03:34:54 AM | module: MaxPool2d(kernel_size=2, stride=2, padding=0, dilation=1, ceil_mode=False)
01/29 03:34:54 AM | cin: [9]
01/29 03:34:54 AM | cout: [9]
01/29 03:34:54 AM | inactive
01/29 03:34:54 AM | -----
01/29 03:34:54 AM | module: Conv2d(512, 512, kernel_size=(3, 3), stride=(1, 1), padding=(1, 1))
01/29 03:34:54 AM | cin: [9]
01/29 03:34:54 AM | cout: [10]
01/29 03:34:54 AM | inactive
01/29 03:34:54 AM | -----
01/29 03:34:54 AM | module: BatchNorm2d(512, eps=1e-05, momentum=0.1, affine=True, track_running_stats=True)
01/29 03:34:54 AM | cin: [10]
01/29 03:34:54 AM | cout: [10]
01/29 03:34:54 AM | inactive
01/29 03:34:54 AM | -----
01/29 03:34:54 AM | module: ReLU(inplace=True)
01/29 03:34:54 AM | cin: [10]
01/29 03:34:54 AM | cout: [10]
01/29 03:34:54 AM | active
01/29 03:34:54 AM | -----
01/29 03:34:54 AM | module: Conv2d(512, 512, kernel_size=(3, 3), stride=(1, 1), padding=(1, 1))
01/29 03:34:54 AM | cin: [10]
01/29 03:34:54 AM | cout: [11]
01/29 03:34:54 AM | inactive
01/29 03:34:54 AM | -----
01/29 03:34:54 AM | module: BatchNorm2d(512, eps=1e-05, momentum=0.1, affine=True, track_running_stats=True)
01/29 03:34:54 AM | cin: [11]
01/29 03:34:54 AM | cout: [11]
01/29 03:34:54 AM | inactive
01/29 03:34:54 AM | -----
01/29 03:34:54 AM | module: ReLU(inplace=True)
01/29 03:34:54 AM | cin: [11]
01/29 03:34:54 AM | cout: [11]
01/29 03:34:54 AM | active
01/29 03:34:54 AM | -----
01/29 03:34:54 AM | module: Conv2d(512, 512, kernel_size=(3, 3), stride=(1, 1), padding=(1, 1))
01/29 03:34:54 AM | cin: [11]
01/29 03:34:54 AM | cout: [12]
01/29 03:34:54 AM | inactive
01/29 03:34:54 AM | -----
01/29 03:34:54 AM | module: BatchNorm2d(512, eps=1e-05, momentum=0.1, affine=True, track_running_stats=True)
01/29 03:34:54 AM | cin: [12]
01/29 03:34:54 AM | cout: [12]
01/29 03:34:54 AM | inactive
01/29 03:34:54 AM | -----
01/29 03:34:54 AM | module: ReLU(inplace=True)
01/29 03:34:54 AM | cin: [12]
01/29 03:34:54 AM | cout: [12]
01/29 03:34:54 AM | active
01/29 03:34:54 AM | -----
01/29 03:34:54 AM | module: Linear(in_features=512, out_features=512, bias=True)
01/29 03:34:54 AM | cin: [12]
01/29 03:34:54 AM | cout: None
01/29 03:34:54 AM | inactive
01/29 03:34:54 AM | -----
01/29 03:34:54 AM | module: ReLU(inplace=True)
01/29 03:34:54 AM | cin: None
01/29 03:34:54 AM | cout: None
01/29 03:34:54 AM | active
01/29 03:34:54 AM | -----
01/29 03:34:54 AM | module: Linear(in_features=512, out_features=10, bias=True)
01/29 03:34:54 AM | cin: None
01/29 03:34:54 AM | cout: None
01/29 03:34:54 AM | inactive
01/29 03:34:54 AM | Used masks: [0, 1, 2, 3, 4, 5, 6, 7, 8, 9, 10, 11, 12]
01/29 03:34:54 AM | 13 unique masks in total
01/29 03:34:54 AM | === Batch 1/180
01/29 03:34:55 AM | loss = 0.047 + 4.266 + 0.040 = 4.353
01/29 03:34:55 AM | attribution_score[0:12]: 
[ 0.94  0.83  0.83  0.83  0.83  0.83  0.83  0.83  0.83  0.83  0.83  0.83 ]
[ 0.83  0.83  0.83  0.83  0.83  0.83  0.83  0.83  0.83  0.83  0.83  0.83 ]
[ 0.94  0.83  0.83  0.83  0.83  0.83  0.83  0.83  0.83  0.83  0.83  0.94 ]
[ 0.83  0.83  0.94  0.83  0.83  0.83  0.83  0.83  0.83  0.83  0.83  0.83 ]
[ 0.83  0.83  0.94  0.83  0.83  0.83  0.83  0.83  0.83  0.83  0.83  0.83 ]
[ 0.83  0.83  0.83  0.83  0.83  0.83  0.83  0.83  0.83  0.83  0.83  0.83 ]
[ 0.83  0.83  0.94  0.83  0.83  0.83  0.83  0.83  0.83  0.83  0.83  0.83 ]
[ 0.83  0.83  0.83  0.83  0.83  0.83  0.83  0.83  0.83  0.83  0.83  0.83 ]
[ 0.83  0.83  0.83  0.83  0.83  0.83  0.83  0.83  0.83  0.83  0.83  0.83 ]
[ 0.83  0.83  0.83  0.83  0.83  0.83  0.83  0.83  0.83  0.83  0.83  0.83 ]
[ 0.83  0.83  0.83  0.83  0.83  0.83  0.83  0.83  0.83  0.83  0.94  0.83 ]
[ 0.83  0.94  0.83  0.83  0.83  0.83  0.83  0.94  0.83  0.83  0.83  0.83 ]
[ 0.94  0.94  0.94  0.94  0.94  0.94  0.83  0.83  0.94  0.94  0.94  0.83 ]

01/29 03:34:55 AM | === Batch 2/180
01/29 03:34:55 AM | loss = 0.345 + 3.308 + 0.062 = 3.715
01/29 03:34:56 AM | attribution_score[0:12]: 
[ 0.96  0.88  0.77  0.73  0.75  0.73  0.73  0.73  0.73  0.73  0.73  0.81 ]
[ 0.87  0.76  0.75  0.74  0.87  0.73  0.74  0.73  0.73  0.86  0.88  0.74 ]
[ 0.96  0.88  0.74  0.88  0.73  0.88  0.86  0.77  0.74  0.74  0.73  0.96 ]
[ 0.73  0.83  0.96  0.74  0.76  0.73  0.85  0.87  0.81  0.85  0.73  0.88 ]
[ 0.83  0.76  0.96  0.74  0.75  0.73  0.73  0.75  0.74  0.74  0.86  0.85 ]
[ 0.73  0.75  0.77  0.74  0.73  0.80  0.74  0.74  0.73  0.74  0.73  0.86 ]
[ 0.74  0.73  0.94  0.74  0.74  0.75  0.74  0.73  0.76  0.74  0.86  0.75 ]
[ 0.73  0.73  0.73  0.73  0.74  0.73  0.73  0.73  0.74  0.73  0.73  0.82 ]
[ 0.75  0.73  0.73  0.73  0.74  0.73  0.73  0.73  0.74  0.73  0.80  0.73 ]
[ 0.73  0.73  0.73  0.73  0.85  0.74  0.73  0.73  0.74  0.73  0.75  0.73 ]
[ 0.73  0.75  0.85  0.74  0.73  0.86  0.73  0.75  0.81  0.73  0.96  0.74 ]
[ 0.88  0.97  0.76  0.87  0.88  0.86  0.74  0.97  0.84  0.88  0.87  0.74 ]
[ 0.97  0.96  0.97  0.91  0.97  0.96  0.88  0.88  0.96  0.97  0.97  0.73 ]

01/29 03:34:56 AM | === Batch 3/180
01/29 03:34:56 AM | loss = 0.339 + 2.497 + 0.081 = 2.918
01/29 03:34:56 AM | attribution_score[0:12]: 
[ 0.98  0.90  0.68  0.60  0.64  0.61  0.60  0.60  0.60  0.60  0.61  0.86 ]
[ 0.89  0.66  0.78  0.61  0.90  0.67  0.63  0.61  0.69  0.90  0.91  0.62 ]
[ 0.97  0.91  0.62  0.92  0.60  0.92  0.86  0.68  0.62  0.62  0.60  0.98 ]
[ 0.61  0.84  0.97  0.70  0.66  0.76  0.80  0.90  0.81  0.82  0.68  0.91 ]
[ 0.78  0.66  0.97  0.63  0.79  0.60  0.60  0.64  0.75  0.61  0.85  0.85 ]
[ 0.62  0.65  0.68  0.61  0.60  0.74  0.61  0.62  0.62  0.62  0.60  0.85 ]
[ 0.64  0.61  0.94  0.64  0.64  0.64  0.61  0.69  0.66  0.78  0.90  0.63 ]
[ 0.60  0.60  0.61  0.60  0.61  0.60  0.60  0.60  0.70  0.61  0.60  0.80 ]
[ 0.65  0.67  0.60  0.60  0.62  0.60  0.60  0.60  0.66  0.60  0.80  0.68 ]
[ 0.64  0.61  0.60  0.60  0.87  0.67  0.60  0.60  0.72  0.60  0.63  0.63 ]
[ 0.61  0.79  0.89  0.61  0.61  0.90  0.79  0.76  0.86  0.71  0.98  0.75 ]
[ 0.91  0.98  0.78  0.91  0.93  0.89  0.79  0.98  0.81  0.92  0.91  0.80 ]
[ 0.98  0.98  0.98  0.90  0.98  0.98  0.92  0.93  0.98  0.98  0.98  0.60 ]

01/29 03:34:56 AM | === Batch 4/180
01/29 03:34:56 AM | loss = 0.558 + 1.677 + 0.101 = 2.336
01/29 03:34:56 AM | attribution_score[0:12]: 
[ 0.98  0.92  0.57  0.46  0.50  0.47  0.46  0.45  0.45  0.46  0.46  0.84 ]
[ 0.90  0.56  0.83  0.47  0.90  0.58  0.61  0.46  0.72  0.92  0.91  0.48 ]
[ 0.98  0.94  0.48  0.94  0.45  0.94  0.87  0.64  0.48  0.49  0.48  0.98 ]
[ 0.47  0.85  0.96  0.73  0.57  0.82  0.74  0.92  0.78  0.80  0.64  0.92 ]
[ 0.71  0.53  0.98  0.53  0.85  0.47  0.45  0.51  0.80  0.56  0.82  0.80 ]
[ 0.61  0.64  0.55  0.46  0.47  0.64  0.50  0.50  0.50  0.49  0.45  0.82 ]
[ 0.53  0.47  0.93  0.53  0.52  0.52  0.57  0.73  0.71  0.84  0.94  0.50 ]
[ 0.45  0.46  0.46  0.45  0.50  0.45  0.57  0.45  0.73  0.47  0.48  0.73 ]
[ 0.55  0.71  0.45  0.61  0.50  0.45  0.47  0.47  0.65  0.45  0.83  0.74 ]
[ 0.62  0.47  0.45  0.45  0.84  0.65  0.46  0.45  0.77  0.45  0.52  0.56 ]
[ 0.47  0.85  0.93  0.60  0.64  0.92  0.85  0.79  0.90  0.77  0.99  0.81 ]
[ 0.91  0.99  0.84  0.95  0.95  0.90  0.85  0.99  0.74  0.94  0.94  0.86 ]
[ 0.99  0.99  0.99  0.92  0.99  0.99  0.95  0.96  0.98  0.99  0.99  0.56 ]

01/29 03:34:56 AM | === Batch 5/180
01/29 03:34:57 AM | loss = 0.910 + 1.011 + 0.111 = 2.031
01/29 03:34:57 AM | attribution_score[0:12]: 
[ 0.99  0.93  0.47  0.31  0.37  0.33  0.32  0.31  0.31  0.33  0.32  0.83 ]
[ 0.92  0.45  0.84  0.33  0.90  0.47  0.65  0.32  0.72  0.93  0.91  0.45 ]
[ 0.99  0.95  0.34  0.95  0.32  0.96  0.87  0.61  0.35  0.36  0.35  0.98 ]
[ 0.38  0.81  0.95  0.78  0.49  0.85  0.74  0.94  0.72  0.79  0.63  0.92 ]
[ 0.73  0.53  0.98  0.45  0.89  0.40  0.32  0.38  0.84  0.57  0.79  0.73 ]
[ 0.61  0.69  0.43  0.33  0.34  0.52  0.46  0.44  0.39  0.35  0.31  0.76 ]
[ 0.57  0.35  0.91  0.42  0.59  0.40  0.59  0.80  0.78  0.82  0.95  0.37 ]
[ 0.31  0.32  0.32  0.31  0.48  0.31  0.54  0.31  0.79  0.33  0.37  0.64 ]
[ 0.44  0.73  0.31  0.68  0.37  0.31  0.36  0.34  0.70  0.31  0.82  0.81 ]
[ 0.63  0.36  0.31  0.31  0.79  0.65  0.33  0.31  0.83  0.31  0.40  0.48 ]
[ 0.33  0.90  0.94  0.65  0.72  0.90  0.89  0.77  0.93  0.84  0.99  0.87 ]
[ 0.91  0.99  0.89  0.96  0.97  0.89  0.89  0.99  0.65  0.95  0.96  0.91 ]
[ 0.99  0.99  0.99  0.93  0.99  0.99  0.96  0.97  0.99  0.99  0.99  0.47 ]

01/29 03:34:57 AM | === Batch 6/180
01/29 03:34:57 AM | loss = 0.937 + 0.463 + 0.095 = 1.496
01/29 03:34:57 AM | attribution_score[0:12]: 
[ 0.99  0.94  0.38  0.20  0.26  0.22  0.21  0.20  0.20  0.21  0.21  0.85 ]
[ 0.93  0.34  0.84  0.22  0.88  0.35  0.72  0.21  0.72  0.94  0.91  0.45 ]
[ 0.99  0.95  0.23  0.96  0.20  0.96  0.85  0.64  0.24  0.25  0.24  0.99 ]
[ 0.30  0.75  0.94  0.81  0.50  0.88  0.72  0.95  0.64  0.76  0.56  0.92 ]
[ 0.72  0.52  0.99  0.44  0.90  0.39  0.23  0.28  0.87  0.63  0.76  0.65 ]
[ 0.67  0.74  0.31  0.23  0.23  0.40  0.44  0.39  0.31  0.31  0.20  0.67 ]
[ 0.65  0.26  0.90  0.39  0.63  0.39  0.55  0.80  0.80  0.85  0.95  0.25 ]
[ 0.20  0.21  0.21  0.20  0.43  0.20  0.50  0.20  0.78  0.21  0.28  0.55 ]
[ 0.41  0.72  0.20  0.69  0.30  0.20  0.25  0.24  0.74  0.25  0.76  0.82 ]
[ 0.60  0.26  0.20  0.20  0.78  0.68  0.23  0.20  0.88  0.20  0.30  0.40 ]
[ 0.24  0.93  0.94  0.63  0.75  0.89  0.92  0.80  0.95  0.86  0.99  0.90 ]
[ 0.93  0.99  0.91  0.97  0.97  0.87  0.92  1.00  0.52  0.95  0.97  0.93 ]
[ 0.99  0.99  1.00  0.95  1.00  1.00  0.97  0.97  0.99  0.99  0.99  0.46 ]

01/29 03:34:57 AM | === Batch 7/180
01/29 03:34:57 AM | loss = 1.051 + 0.027 + 0.081 = 1.160
01/29 03:34:58 AM | attribution_score[0:12]: 
[ 0.99  0.94  0.31  0.12  0.17  0.15  0.13  0.13  0.12  0.14  0.13  0.87 ]
[ 0.93  0.24  0.84  0.13  0.86  0.24  0.76  0.13  0.71  0.95  0.90  0.46 ]
[ 0.99  0.95  0.15  0.96  0.12  0.97  0.82  0.66  0.15  0.18  0.15  0.99 ]
[ 0.23  0.67  0.94  0.80  0.49  0.89  0.71  0.96  0.53  0.70  0.52  0.91 ]
[ 0.71  0.45  0.99  0.41  0.90  0.41  0.16  0.21  0.90  0.68  0.75  0.63 ]
[ 0.72  0.76  0.21  0.16  0.15  0.29  0.47  0.32  0.27  0.34  0.12  0.56 ]
[ 0.74  0.21  0.89  0.36  0.62  0.42  0.49  0.76  0.81  0.88  0.96  0.16 ]
[ 0.12  0.13  0.13  0.12  0.36  0.13  0.45  0.12  0.75  0.13  0.19  0.46 ]
[ 0.44  0.68  0.12  0.67  0.29  0.12  0.17  0.19  0.78  0.20  0.69  0.81 ]
[ 0.55  0.17  0.13  0.12  0.78  0.70  0.16  0.12  0.90  0.13  0.25  0.32 ]
[ 0.22  0.95  0.93  0.56  0.76  0.90  0.93  0.85  0.96  0.86  0.99  0.91 ]
[ 0.95  1.00  0.91  0.97  0.97  0.87  0.94  1.00  0.46  0.94  0.98  0.94 ]
[ 1.00  1.00  1.00  0.96  1.00  1.00  0.97  0.97  0.99  0.99  0.99  0.40 ]

01/29 03:34:58 AM | === Batch 8/180
01/29 03:34:58 AM | loss = 1.251 + 0.575 + 0.071 = 1.897
01/29 03:34:58 AM | attribution_score[0:12]: 
[ 0.99  0.95  0.34  0.08  0.15  0.13  0.10  0.09  0.08  0.15  0.10  0.91 ]
[ 0.95  0.19  0.86  0.10  0.87  0.22  0.81  0.09  0.71  0.96  0.91  0.51 ]
[ 0.99  0.95  0.12  0.97  0.09  0.97  0.84  0.72  0.11  0.16  0.12  0.99 ]
[ 0.22  0.65  0.95  0.82  0.46  0.90  0.73  0.97  0.52  0.72  0.58  0.91 ]
[ 0.74  0.36  0.99  0.38  0.91  0.48  0.14  0.19  0.92  0.68  0.79  0.68 ]
[ 0.74  0.78  0.18  0.12  0.12  0.25  0.54  0.31  0.29  0.42  0.09  0.56 ]
[ 0.81  0.21  0.89  0.36  0.64  0.42  0.48  0.71  0.83  0.90  0.97  0.12 ]
[ 0.08  0.09  0.10  0.09  0.35  0.10  0.49  0.08  0.73  0.11  0.16  0.45 ]
[ 0.51  0.71  0.09  0.68  0.32  0.10  0.14  0.20  0.82  0.17  0.71  0.81 ]
[ 0.58  0.14  0.09  0.09  0.82  0.72  0.12  0.09  0.93  0.10  0.24  0.34 ]
[ 0.23  0.96  0.94  0.54  0.77  0.92  0.93  0.89  0.96  0.86  1.00  0.93 ]
[ 0.97  1.00  0.92  0.98  0.98  0.90  0.95  1.00  0.49  0.95  0.99  0.96 ]
[ 1.00  1.00  1.00  0.97  1.00  1.00  0.98  0.97  1.00  0.99  0.99  0.38 ]

01/29 03:34:58 AM | === Batch 9/180
01/29 03:34:58 AM | loss = 0.984 + 0.587 + 0.065 = 1.636
01/29 03:34:58 AM | attribution_score[0:12]: 
[ 0.99  0.96  0.41  0.06  0.15  0.13  0.09  0.07  0.07  0.19  0.09  0.94 ]
[ 0.96  0.18  0.88  0.07  0.89  0.24  0.85  0.07  0.73  0.97  0.93  0.58 ]
[ 0.99  0.96  0.12  0.97  0.07  0.98  0.87  0.79  0.09  0.17  0.11  0.99 ]
[ 0.23  0.68  0.96  0.86  0.48  0.91  0.76  0.97  0.54  0.76  0.66  0.92 ]
[ 0.78  0.34  0.99  0.37  0.92  0.56  0.14  0.20  0.94  0.70  0.84  0.75 ]
[ 0.76  0.79  0.18  0.10  0.10  0.25  0.63  0.36  0.34  0.49  0.07  0.60 ]
[ 0.87  0.22  0.90  0.39  0.69  0.42  0.53  0.67  0.86  0.92  0.97  0.11 ]
[ 0.06  0.07  0.08  0.07  0.37  0.10  0.57  0.06  0.75  0.09  0.16  0.47 ]
[ 0.61  0.77  0.07  0.72  0.37  0.08  0.13  0.23  0.85  0.17  0.75  0.84 ]
[ 0.64  0.14  0.08  0.07  0.86  0.76  0.10  0.07  0.95  0.09  0.25  0.39 ]
[ 0.27  0.96  0.95  0.54  0.77  0.94  0.94  0.92  0.97  0.86  1.00  0.94 ]
[ 0.98  1.00  0.93  0.98  0.98  0.92  0.95  1.00  0.57  0.96  0.99  0.97 ]
[ 1.00  1.00  1.00  0.98  1.00  1.00  0.98  0.98  1.00  0.99  0.99  0.41 ]

01/29 03:34:58 AM | === Batch 10/180
01/29 03:34:59 AM | loss = 0.789 + 0.320 + 0.061 = 1.170
01/29 03:34:59 AM | attribution_score[0:12]: 
[ 0.99  0.96  0.50  0.05  0.17  0.14  0.08  0.06  0.05  0.25  0.09  0.96 ]
[ 0.97  0.18  0.91  0.06  0.90  0.28  0.89  0.06  0.77  0.98  0.94  0.65 ]
[ 0.99  0.96  0.13  0.98  0.06  0.98  0.91  0.84  0.09  0.19  0.12  1.00 ]
[ 0.24  0.73  0.97  0.88  0.54  0.92  0.80  0.98  0.59  0.81  0.74  0.93 ]
[ 0.83  0.35  0.99  0.42  0.93  0.66  0.14  0.24  0.96  0.75  0.88  0.81 ]
[ 0.79  0.82  0.21  0.09  0.09  0.29  0.71  0.40  0.42  0.57  0.06  0.67 ]
[ 0.90  0.26  0.92  0.45  0.74  0.46  0.60  0.65  0.89  0.93  0.98  0.10 ]
[ 0.05  0.06  0.06  0.06  0.42  0.09  0.67  0.05  0.77  0.09  0.17  0.51 ]
[ 0.70  0.83  0.06  0.77  0.44  0.08  0.13  0.29  0.87  0.17  0.81  0.87 ]
[ 0.72  0.15  0.07  0.06  0.90  0.80  0.10  0.07  0.96  0.10  0.28  0.48 ]
[ 0.32  0.97  0.96  0.58  0.80  0.96  0.95  0.95  0.98  0.87  1.00  0.95 ]
[ 0.99  1.00  0.94  0.98  0.98  0.95  0.96  1.00  0.65  0.97  0.99  0.97 ]
[ 1.00  1.00  1.00  0.99  1.00  1.00  0.99  0.98  1.00  0.99  0.99  0.46 ]

01/29 03:34:59 AM | === Batch 11/180
01/29 03:34:59 AM | loss = 0.857 + 0.070 + 0.057 = 0.985
01/29 03:34:59 AM | attribution_score[0:12]: 
[ 1.00  0.97  0.56  0.04  0.17  0.15  0.08  0.05  0.05  0.28  0.08  0.97 ]
[ 0.97  0.18  0.93  0.05  0.91  0.32  0.91  0.05  0.81  0.98  0.95  0.71 ]
[ 1.00  0.96  0.13  0.98  0.05  0.99  0.92  0.87  0.08  0.19  0.12  1.00 ]
[ 0.24  0.78  0.98  0.90  0.61  0.94  0.80  0.98  0.62  0.83  0.80  0.93 ]
[ 0.84  0.38  1.00  0.48  0.94  0.68  0.14  0.27  0.97  0.81  0.90  0.85 ]
[ 0.84  0.85  0.23  0.08  0.09  0.28  0.74  0.46  0.50  0.63  0.05  0.70 ]
[ 0.92  0.26  0.93  0.50  0.78  0.51  0.65  0.63  0.91  0.93  0.98  0.09 ]
[ 0.04  0.05  0.05  0.05  0.45  0.10  0.72  0.04  0.80  0.09  0.19  0.57 ]
[ 0.78  0.88  0.05  0.80  0.52  0.07  0.14  0.34  0.89  0.17  0.85  0.89 ]
[ 0.78  0.15  0.06  0.05  0.92  0.84  0.09  0.06  0.97  0.09  0.29  0.55 ]
[ 0.34  0.97  0.97  0.60  0.82  0.97  0.96  0.96  0.98  0.87  1.00  0.95 ]
[ 0.99  1.00  0.95  0.99  0.99  0.96  0.96  1.00  0.69  0.98  0.99  0.98 ]
[ 1.00  1.00  1.00  0.99  1.00  1.00  0.99  0.98  1.00  1.00  0.99  0.49 ]

01/29 03:34:59 AM | === Batch 12/180
01/29 03:34:59 AM | loss = 0.683 + 0.251 + 0.054 = 0.988
01/29 03:35:00 AM | attribution_score[0:12]: 
[ 1.00  0.97  0.59  0.03  0.17  0.17  0.07  0.05  0.04  0.28  0.07  0.98 ]
[ 0.98  0.17  0.95  0.04  0.91  0.37  0.93  0.04  0.84  0.99  0.95  0.74 ]
[ 1.00  0.97  0.12  0.98  0.04  0.99  0.94  0.89  0.07  0.18  0.12  1.00 ]
[ 0.24  0.82  0.98  0.90  0.69  0.94  0.81  0.98  0.61  0.84  0.84  0.94 ]
[ 0.85  0.44  1.00  0.53  0.93  0.69  0.14  0.27  0.98  0.84  0.91  0.88 ]
[ 0.86  0.86  0.26  0.08  0.08  0.27  0.75  0.50  0.58  0.65  0.05  0.74 ]
[ 0.92  0.28  0.92  0.56  0.81  0.55  0.67  0.59  0.92  0.93  0.99  0.08 ]
[ 0.03  0.05  0.05  0.04  0.45  0.10  0.75  0.03  0.83  0.09  0.22  0.61 ]
[ 0.82  0.91  0.04  0.83  0.57  0.06  0.14  0.39  0.90  0.16  0.89  0.91 ]
[ 0.82  0.13  0.05  0.04  0.94  0.86  0.09  0.05  0.98  0.08  0.29  0.58 ]
[ 0.33  0.98  0.98  0.62  0.84  0.98  0.96  0.97  0.99  0.88  1.00  0.96 ]
[ 0.99  1.00  0.96  0.99  0.99  0.97  0.97  1.00  0.71  0.98  0.99  0.98 ]
[ 1.00  1.00  1.00  0.99  1.00  1.00  0.99  0.98  1.00  1.00  0.99  0.51 ]

01/29 03:35:00 AM | === Batch 13/180
01/29 03:35:00 AM | loss = 0.757 + 0.369 + 0.051 = 1.177
01/29 03:35:00 AM | attribution_score[0:12]: 
[ 1.00  0.98  0.60  0.03  0.16  0.18  0.07  0.04  0.03  0.28  0.06  0.98 ]
[ 0.98  0.16  0.96  0.04  0.91  0.41  0.94  0.03  0.87  0.99  0.96  0.76 ]
[ 1.00  0.97  0.11  0.98  0.04  0.99  0.94  0.91  0.07  0.17  0.12  1.00 ]
[ 0.24  0.84  0.98  0.90  0.77  0.95  0.84  0.98  0.62  0.85  0.88  0.94 ]
[ 0.86  0.48  1.00  0.54  0.93  0.69  0.13  0.26  0.98  0.86  0.92  0.90 ]
[ 0.88  0.88  0.28  0.07  0.07  0.29  0.76  0.52  0.65  0.66  0.04  0.78 ]
[ 0.93  0.28  0.92  0.64  0.84  0.56  0.68  0.57  0.93  0.93  0.99  0.07 ]
[ 0.03  0.04  0.04  0.03  0.43  0.10  0.77  0.03  0.86  0.09  0.24  0.66 ]
[ 0.86  0.94  0.04  0.85  0.61  0.06  0.14  0.40  0.90  0.15  0.91  0.92 ]
[ 0.85  0.11  0.05  0.03  0.95  0.87  0.08  0.04  0.98  0.07  0.29  0.61 ]
[ 0.31  0.98  0.98  0.65  0.85  0.98  0.97  0.98  0.99  0.88  1.00  0.96 ]
[ 0.99  1.00  0.96  0.99  0.99  0.98  0.97  1.00  0.71  0.98  1.00  0.99 ]
[ 1.00  1.00  1.00  0.99  1.00  1.00  0.99  0.99  1.00  1.00  1.00  0.51 ]

01/29 03:35:00 AM | === Batch 14/180
01/29 03:35:00 AM | loss = 0.517 + 0.443 + 0.048 = 1.008
01/29 03:35:00 AM | attribution_score[0:12]: 
[ 1.00  0.98  0.60  0.02  0.15  0.20  0.06  0.04  0.03  0.29  0.06  0.98 ]
[ 0.99  0.16  0.96  0.03  0.91  0.46  0.94  0.03  0.89  0.99  0.97  0.78 ]
[ 1.00  0.97  0.10  0.99  0.03  0.99  0.95  0.92  0.06  0.15  0.11  1.00 ]
[ 0.25  0.86  0.99  0.90  0.83  0.95  0.85  0.98  0.62  0.85  0.90  0.95 ]
[ 0.85  0.56  1.00  0.55  0.92  0.69  0.13  0.24  0.98  0.86  0.93  0.92 ]
[ 0.90  0.89  0.31  0.06  0.06  0.29  0.76  0.51  0.71  0.66  0.04  0.81 ]
[ 0.92  0.30  0.90  0.70  0.87  0.53  0.68  0.56  0.94  0.94  0.99  0.06 ]
[ 0.02  0.04  0.03  0.03  0.39  0.09  0.79  0.02  0.89  0.08  0.24  0.69 ]
[ 0.87  0.95  0.03  0.87  0.64  0.05  0.13  0.42  0.90  0.13  0.93  0.93 ]
[ 0.87  0.09  0.04  0.03  0.95  0.86  0.07  0.04  0.99  0.06  0.28  0.62 ]
[ 0.29  0.98  0.98  0.69  0.87  0.99  0.97  0.98  0.99  0.89  1.00  0.97 ]
[ 1.00  1.00  0.96  0.99  0.99  0.98  0.97  1.00  0.71  0.99  1.00  0.99 ]
[ 1.00  1.00  1.00  0.99  1.00  1.00  0.99  0.99  1.00  1.00  1.00  0.47 ]

01/29 03:35:00 AM | === Batch 15/180
01/29 03:35:01 AM | loss = 0.353 + 0.476 + 0.046 = 0.875
01/29 03:35:01 AM | attribution_score[0:12]: 
[ 1.00  0.98  0.58  0.02  0.14  0.20  0.05  0.03  0.02  0.31  0.05  0.99 ]
[ 0.99  0.15  0.97  0.03  0.91  0.50  0.95  0.02  0.90  0.99  0.97  0.78 ]
[ 1.00  0.97  0.09  0.99  0.03  0.99  0.95  0.93  0.06  0.13  0.10  1.00 ]
[ 0.25  0.87  0.99  0.91  0.87  0.95  0.86  0.99  0.62  0.85  0.92  0.95 ]
[ 0.85  0.59  1.00  0.55  0.90  0.68  0.13  0.21  0.99  0.87  0.93  0.93 ]
[ 0.91  0.89  0.31  0.05  0.05  0.28  0.77  0.46  0.75  0.65  0.03  0.83 ]
[ 0.92  0.32  0.88  0.72  0.89  0.49  0.68  0.52  0.95  0.94  0.99  0.05 ]
[ 0.02  0.04  0.03  0.02  0.35  0.08  0.80  0.02  0.91  0.07  0.23  0.72 ]
[ 0.88  0.97  0.03  0.89  0.67  0.04  0.12  0.41  0.90  0.11  0.94  0.93 ]
[ 0.89  0.07  0.03  0.03  0.96  0.85  0.06  0.03  0.99  0.05  0.26  0.61 ]
[ 0.25  0.98  0.99  0.73  0.88  0.99  0.97  0.99  0.99  0.90  1.00  0.97 ]
[ 1.00  1.00  0.96  0.99  0.99  0.98  0.98  1.00  0.70  0.99  1.00  0.99 ]
[ 1.00  1.00  1.00  1.00  1.00  1.00  0.99  0.99  1.00  1.00  1.00  0.41 ]

01/29 03:35:01 AM | === Batch 16/180
01/29 03:35:01 AM | loss = 0.505 + 0.474 + 0.044 = 1.023
01/29 03:35:01 AM | attribution_score[0:12]: 
[ 1.00  0.98  0.56  0.02  0.13  0.20  0.05  0.03  0.02  0.32  0.04  0.99 ]
[ 0.99  0.15  0.97  0.02  0.91  0.52  0.96  0.02  0.92  0.99  0.98  0.79 ]
[ 1.00  0.98  0.08  0.99  0.02  0.99  0.96  0.94  0.05  0.11  0.09  1.00 ]
[ 0.23  0.87  0.99  0.91  0.89  0.95  0.86  0.99  0.62  0.85  0.94  0.95 ]
[ 0.84  0.61  1.00  0.55  0.87  0.67  0.12  0.18  0.99  0.87  0.94  0.94 ]
[ 0.92  0.89  0.32  0.05  0.04  0.26  0.78  0.39  0.79  0.63  0.03  0.84 ]
[ 0.92  0.35  0.85  0.74  0.90  0.46  0.65  0.47  0.95  0.93  0.99  0.05 ]
[ 0.02  0.04  0.02  0.02  0.31  0.08  0.80  0.01  0.92  0.06  0.22  0.76 ]
[ 0.89  0.97  0.03  0.90  0.69  0.04  0.10  0.40  0.89  0.09  0.96  0.94 ]
[ 0.90  0.06  0.03  0.02  0.96  0.84  0.05  0.03  0.99  0.05  0.24  0.60 ]
[ 0.22  0.99  0.99  0.75  0.89  0.99  0.98  0.99  0.99  0.90  1.00  0.97 ]
[ 1.00  1.00  0.97  0.99  0.99  0.98  0.98  1.00  0.68  0.99  1.00  0.99 ]
[ 1.00  1.00  1.00  1.00  1.00  1.00  0.99  0.99  1.00  1.00  1.00  0.35 ]

01/29 03:35:01 AM | === Batch 17/180
01/29 03:35:01 AM | loss = 0.507 + 0.446 + 0.042 = 0.995
01/29 03:35:02 AM | attribution_score[0:12]: 
[ 1.00  0.98  0.55  0.01  0.12  0.20  0.04  0.02  0.02  0.32  0.04  0.99 ]
[ 0.99  0.14  0.97  0.02  0.91  0.50  0.96  0.02  0.93  0.99  0.98  0.78 ]
[ 1.00  0.98  0.07  0.99  0.02  0.99  0.96  0.94  0.04  0.10  0.07  1.00 ]
[ 0.22  0.87  0.99  0.90  0.91  0.96  0.85  0.99  0.61  0.84  0.94  0.95 ]
[ 0.82  0.62  1.00  0.57  0.85  0.64  0.11  0.16  0.99  0.87  0.94  0.95 ]
[ 0.92  0.89  0.31  0.04  0.04  0.25  0.77  0.33  0.82  0.61  0.02  0.85 ]
[ 0.91  0.37  0.81  0.75  0.91  0.43  0.60  0.41  0.95  0.93  0.99  0.04 ]
[ 0.01  0.04  0.02  0.01  0.26  0.07  0.80  0.01  0.94  0.06  0.23  0.77 ]
[ 0.89  0.98  0.02  0.91  0.71  0.03  0.09  0.40  0.88  0.08  0.96  0.94 ]
[ 0.91  0.05  0.03  0.02  0.96  0.82  0.04  0.02  0.99  0.04  0.22  0.58 ]
[ 0.19  0.99  0.99  0.76  0.90  0.99  0.98  0.99  0.99  0.90  1.00  0.97 ]
[ 1.00  1.00  0.97  1.00  0.99  0.99  0.98  1.00  0.66  0.99  1.00  0.99 ]
[ 1.00  1.00  1.00  1.00  1.00  1.00  0.99  0.99  1.00  1.00  1.00  0.28 ]

01/29 03:35:02 AM | === Batch 18/180
01/29 03:35:02 AM | loss = 0.550 + 0.400 + 0.040 = 0.990
01/29 03:35:02 AM | attribution_score[0:12]: 
[ 1.00  0.98  0.51  0.01  0.10  0.21  0.04  0.02  0.01  0.29  0.03  0.99 ]
[ 0.99  0.14  0.98  0.02  0.90  0.50  0.96  0.01  0.94  0.99  0.98  0.75 ]
[ 1.00  0.98  0.06  0.99  0.02  0.99  0.96  0.94  0.04  0.08  0.06  1.00 ]
[ 0.21  0.86  0.99  0.89  0.93  0.96  0.83  0.99  0.58  0.83  0.95  0.95 ]
[ 0.81  0.63  1.00  0.62  0.84  0.58  0.11  0.14  0.99  0.87  0.94  0.95 ]
[ 0.93  0.89  0.28  0.04  0.03  0.24  0.75  0.29  0.82  0.63  0.02  0.85 ]
[ 0.91  0.36  0.76  0.75  0.92  0.41  0.54  0.37  0.95  0.93  0.99  0.04 ]
[ 0.01  0.03  0.02  0.01  0.21  0.07  0.81  0.01  0.95  0.05  0.22  0.76 ]
[ 0.90  0.98  0.02  0.91  0.72  0.03  0.07  0.41  0.88  0.07  0.97  0.94 ]
[ 0.91  0.04  0.02  0.02  0.97  0.81  0.03  0.02  0.99  0.03  0.21  0.55 ]
[ 0.16  0.99  0.99  0.76  0.90  0.99  0.98  0.99  0.99  0.90  1.00  0.98 ]
[ 1.00  1.00  0.97  1.00  1.00  0.99  0.98  1.00  0.64  0.99  1.00  0.99 ]
[ 1.00  1.00  1.00  1.00  1.00  1.00  0.99  0.99  1.00  1.00  1.00  0.22 ]

01/29 03:35:02 AM | === Batch 19/180
01/29 03:35:02 AM | loss = 0.483 + 0.345 + 0.039 = 0.867
01/29 03:35:02 AM | attribution_score[0:12]: 
[ 1.00  0.99  0.46  0.01  0.09  0.21  0.03  0.02  0.01  0.25  0.03  0.99 ]
[ 0.99  0.13  0.98  0.01  0.89  0.51  0.96  0.01  0.95  0.99  0.98  0.72 ]
[ 1.00  0.98  0.05  0.99  0.01  0.99  0.96  0.94  0.03  0.07  0.06  1.00 ]
[ 0.20  0.86  0.99  0.88  0.94  0.96  0.79  0.99  0.53  0.80  0.96  0.95 ]
[ 0.80  0.65  1.00  0.67  0.84  0.52  0.11  0.11  0.99  0.87  0.94  0.96 ]
[ 0.93  0.88  0.26  0.03  0.03  0.23  0.72  0.24  0.82  0.65  0.02  0.85 ]
[ 0.90  0.34  0.69  0.73  0.92  0.41  0.47  0.34  0.95  0.93  0.99  0.03 ]
[ 0.01  0.03  0.01  0.01  0.17  0.07  0.81  0.01  0.95  0.05  0.21  0.74 ]
[ 0.90  0.99  0.02  0.92  0.74  0.02  0.06  0.40  0.87  0.06  0.97  0.94 ]
[ 0.92  0.03  0.02  0.01  0.97  0.79  0.03  0.02  0.99  0.03  0.19  0.52 ]
[ 0.14  0.99  0.99  0.75  0.90  0.99  0.98  0.99  1.00  0.90  1.00  0.98 ]
[ 1.00  1.00  0.97  1.00  1.00  0.99  0.98  1.00  0.61  0.99  1.00  0.99 ]
[ 1.00  1.00  1.00  1.00  1.00  1.00  0.99  0.99  1.00  1.00  1.00  0.17 ]

01/29 03:35:02 AM | === Batch 20/180
01/29 03:35:03 AM | loss = 0.537 + 0.281 + 0.037 = 0.855
01/29 03:35:03 AM | === Batch 21/180
01/29 03:35:03 AM | loss = 0.612 + 0.215 + 0.036 = 0.863
01/29 03:35:03 AM | === Batch 22/180
01/29 03:35:03 AM | loss = 0.529 + 0.148 + 0.034 = 0.712
01/29 03:35:04 AM | === Batch 23/180
01/29 03:35:04 AM | loss = 0.690 + 0.081 + 0.033 = 0.804
01/29 03:35:04 AM | === Batch 24/180
01/29 03:35:04 AM | loss = 0.757 + 0.022 + 0.032 = 0.811
01/29 03:35:04 AM | === Batch 25/180
01/29 03:35:05 AM | loss = 0.550 + 0.073 + 0.031 = 0.654
01/29 03:35:05 AM | === Batch 26/180
01/29 03:35:05 AM | loss = 0.556 + 0.076 + 0.030 = 0.662
01/29 03:35:05 AM | === Batch 27/180
01/29 03:35:05 AM | loss = 0.555 + 0.002 + 0.029 = 0.586
01/29 03:35:06 AM | === Batch 28/180
01/29 03:35:06 AM | loss = 0.544 + 0.030 + 0.028 = 0.601
01/29 03:35:06 AM | === Batch 29/180
01/29 03:35:06 AM | loss = 0.561 + 0.042 + 0.027 = 0.630
01/29 03:35:06 AM | === Batch 30/180
01/29 03:35:07 AM | loss = 0.533 + 0.041 + 0.026 = 0.600
01/29 03:35:07 AM | === Batch 31/180
01/29 03:35:07 AM | loss = 0.571 + 0.029 + 0.026 = 0.626
01/29 03:35:07 AM | === Batch 32/180
01/29 03:35:07 AM | loss = 0.469 + 0.007 + 0.025 = 0.502
01/29 03:35:08 AM | === Batch 33/180
01/29 03:35:08 AM | loss = 0.663 + 0.041 + 0.025 = 0.729
01/29 03:35:08 AM | === Batch 34/180
01/29 03:35:08 AM | loss = 0.502 + 0.031 + 0.024 = 0.557
01/29 03:35:08 AM | === Batch 35/180
01/29 03:35:09 AM | loss = 0.517 + 0.019 + 0.024 = 0.560
01/29 03:35:09 AM | === Batch 36/180
01/29 03:35:09 AM | loss = 0.642 + 0.043 + 0.023 = 0.709
01/29 03:35:09 AM | === Batch 37/180
01/29 03:35:09 AM | loss = 0.464 + 0.057 + 0.023 = 0.544
01/29 03:35:10 AM | === Batch 38/180
01/29 03:35:10 AM | loss = 0.319 + 0.060 + 0.023 = 0.402
01/29 03:35:10 AM | === Batch 39/180
01/29 03:35:10 AM | loss = 0.479 + 0.051 + 0.022 = 0.552
01/29 03:35:10 AM | === Batch 40/180
01/29 03:35:11 AM | loss = 0.525 + 0.031 + 0.022 = 0.578
01/29 03:35:11 AM | === Batch 41/180
01/29 03:35:11 AM | loss = 0.470 + 0.005 + 0.022 = 0.497
01/29 03:35:11 AM | === Batch 42/180
01/29 03:35:11 AM | loss = 0.409 + 0.054 + 0.022 = 0.485
01/29 03:35:12 AM | === Batch 43/180
01/29 03:35:12 AM | loss = 0.642 + 0.051 + 0.021 = 0.714
01/29 03:35:12 AM | === Batch 44/180
01/29 03:35:12 AM | loss = 0.451 + 0.001 + 0.021 = 0.473
01/29 03:35:12 AM | === Batch 45/180
01/29 03:35:13 AM | loss = 0.475 + 0.017 + 0.021 = 0.513
01/29 03:35:13 AM | === Batch 46/180
01/29 03:35:13 AM | loss = 0.402 + 0.024 + 0.021 = 0.447
01/29 03:35:13 AM | === Batch 47/180
01/29 03:35:13 AM | loss = 0.486 + 0.022 + 0.020 = 0.528
01/29 03:35:14 AM | === Batch 48/180
01/29 03:35:14 AM | loss = 0.665 + 0.011 + 0.020 = 0.697
01/29 03:35:14 AM | === Batch 49/180
01/29 03:35:14 AM | loss = 0.554 + 0.010 + 0.020 = 0.584
01/29 03:35:14 AM | === Batch 50/180
01/29 03:35:15 AM | loss = 0.526 + 0.011 + 0.020 = 0.556
01/29 03:35:15 AM | === Batch 51/180
01/29 03:35:15 AM | loss = 0.354 + 0.016 + 0.019 = 0.389
01/29 03:35:15 AM | === Batch 52/180
01/29 03:35:15 AM | loss = 0.318 + 0.015 + 0.019 = 0.352
01/29 03:35:16 AM | === Batch 53/180
01/29 03:35:16 AM | loss = 0.399 + 0.006 + 0.019 = 0.424
01/29 03:35:16 AM | === Batch 54/180
01/29 03:35:16 AM | loss = 0.359 + 0.015 + 0.019 = 0.392
01/29 03:35:16 AM | === Batch 55/180
01/29 03:35:17 AM | loss = 0.307 + 0.007 + 0.018 = 0.332
01/29 03:35:17 AM | === Batch 56/180
01/29 03:35:17 AM | loss = 0.442 + 0.013 + 0.018 = 0.472
01/29 03:35:17 AM | === Batch 57/180
01/29 03:35:17 AM | loss = 0.514 + 0.011 + 0.018 = 0.543
01/29 03:35:18 AM | === Batch 58/180
01/29 03:35:18 AM | loss = 0.556 + 0.004 + 0.018 = 0.578
01/29 03:35:18 AM | === Batch 59/180
01/29 03:35:18 AM | loss = 0.471 + 0.018 + 0.018 = 0.506
01/29 03:35:18 AM | === Batch 60/180
01/29 03:35:18 AM | loss = 0.658 + 0.002 + 0.017 = 0.677
01/29 03:35:19 AM | === Batch 61/180
01/29 03:35:19 AM | loss = 0.602 + 0.008 + 0.017 = 0.627
01/29 03:35:19 AM | === Batch 62/180
01/29 03:35:19 AM | loss = 0.416 + 0.007 + 0.017 = 0.440
01/29 03:35:20 AM | === Batch 63/180
01/29 03:35:20 AM | loss = 0.486 + 0.000 + 0.017 = 0.503
01/29 03:35:20 AM | === Batch 64/180
01/29 03:35:20 AM | loss = 0.452 + 0.025 + 0.017 = 0.493
01/29 03:35:20 AM | === Batch 65/180
01/29 03:35:21 AM | loss = 0.296 + 0.000 + 0.016 = 0.313
01/29 03:35:21 AM | === Batch 66/180
01/29 03:35:21 AM | loss = 0.362 + 0.005 + 0.016 = 0.383
01/29 03:35:21 AM | === Batch 67/180
01/29 03:35:21 AM | loss = 0.490 + 0.002 + 0.016 = 0.508
01/29 03:35:22 AM | === Batch 68/180
01/29 03:35:22 AM | loss = 0.614 + 0.011 + 0.016 = 0.641
01/29 03:35:22 AM | === Batch 69/180
01/29 03:35:22 AM | loss = 0.503 + 0.012 + 0.016 = 0.531
01/29 03:35:22 AM | === Batch 70/180
01/29 03:35:23 AM | loss = 0.329 + 0.022 + 0.015 = 0.366
01/29 03:35:23 AM | === Batch 71/180
01/29 03:35:23 AM | loss = 0.470 + 0.023 + 0.015 = 0.508
01/29 03:35:23 AM | === Batch 72/180
01/29 03:35:23 AM | loss = 0.467 + 0.017 + 0.015 = 0.500
01/29 03:35:24 AM | === Batch 73/180
01/29 03:35:24 AM | loss = 0.606 + 0.006 + 0.015 = 0.627
01/29 03:35:24 AM | === Batch 74/180
01/29 03:35:24 AM | loss = 0.349 + 0.017 + 0.015 = 0.381
01/29 03:35:24 AM | === Batch 75/180
01/29 03:35:25 AM | loss = 0.517 + 0.002 + 0.015 = 0.534
01/29 03:35:25 AM | === Batch 76/180
01/29 03:35:25 AM | loss = 0.443 + 0.028 + 0.014 = 0.486
01/29 03:35:25 AM | === Batch 77/180
01/29 03:35:25 AM | loss = 0.282 + 0.048 + 0.014 = 0.343
01/29 03:35:26 AM | === Batch 78/180
01/29 03:35:26 AM | loss = 0.365 + 0.059 + 0.014 = 0.438
01/29 03:35:26 AM | === Batch 79/180
01/29 03:35:26 AM | loss = 0.390 + 0.062 + 0.014 = 0.466
01/29 03:35:26 AM | === Batch 80/180
01/29 03:35:27 AM | loss = 0.449 + 0.058 + 0.014 = 0.521
01/29 03:35:27 AM | === Batch 81/180
01/29 03:35:27 AM | loss = 0.295 + 0.047 + 0.014 = 0.356
01/29 03:35:27 AM | === Batch 82/180
01/29 03:35:27 AM | loss = 0.473 + 0.028 + 0.014 = 0.516
01/29 03:35:28 AM | === Batch 83/180
01/29 03:35:28 AM | loss = 0.504 + 0.009 + 0.014 = 0.526
01/29 03:35:28 AM | === Batch 84/180
01/29 03:35:28 AM | loss = 0.440 + 0.034 + 0.014 = 0.487
01/29 03:35:28 AM | === Batch 85/180
01/29 03:35:29 AM | loss = 0.445 + 0.030 + 0.014 = 0.488
01/29 03:35:29 AM | === Batch 86/180
01/29 03:35:29 AM | loss = 0.612 + 0.010 + 0.014 = 0.636
01/29 03:35:29 AM | === Batch 87/180
01/29 03:35:29 AM | loss = 0.485 + 0.028 + 0.013 = 0.526
01/29 03:35:30 AM | === Batch 88/180
01/29 03:35:30 AM | loss = 0.427 + 0.037 + 0.013 = 0.477
01/29 03:35:30 AM | === Batch 89/180
01/29 03:35:30 AM | loss = 0.430 + 0.039 + 0.013 = 0.482
01/29 03:35:30 AM | === Batch 90/180
01/29 03:35:31 AM | loss = 0.485 + 0.036 + 0.013 = 0.534
01/29 03:35:31 AM | === Batch 91/180
01/29 03:35:31 AM | loss = 0.536 + 0.027 + 0.013 = 0.575
01/29 03:35:31 AM | === Batch 92/180
01/29 03:35:31 AM | loss = 0.282 + 0.012 + 0.013 = 0.307
01/29 03:35:32 AM | === Batch 93/180
01/29 03:35:32 AM | loss = 0.485 + 0.016 + 0.013 = 0.514
01/29 03:35:32 AM | === Batch 94/180
01/29 03:35:32 AM | loss = 0.452 + 0.014 + 0.013 = 0.478
01/29 03:35:32 AM | === Batch 95/180
01/29 03:35:33 AM | loss = 0.487 + 0.013 + 0.012 = 0.513
01/29 03:35:33 AM | === Batch 96/180
01/29 03:35:33 AM | loss = 0.336 + 0.024 + 0.012 = 0.373
01/29 03:35:33 AM | === Batch 97/180
01/29 03:35:33 AM | loss = 0.406 + 0.028 + 0.012 = 0.447
01/29 03:35:34 AM | === Batch 98/180
01/29 03:35:34 AM | loss = 0.456 + 0.025 + 0.012 = 0.494
01/29 03:35:34 AM | === Batch 99/180
01/29 03:35:34 AM | loss = 0.546 + 0.016 + 0.012 = 0.574
01/29 03:35:34 AM | === Batch 100/180
01/29 03:35:35 AM | loss = 0.451 + 0.004 + 0.012 = 0.467
01/29 03:35:35 AM | attribution_score[0:12]: 
[ 1.00  0.99  0.05  0.00  0.00  0.90  0.00  0.00  0.00  0.96  0.00  1.00 ]
[ 1.00  0.01  0.99  0.00  0.97  0.96  0.99  0.00  0.99  1.00  0.99  0.22 ]
[ 1.00  0.90  0.00  0.99  0.00  1.00  0.74  0.89  0.00  0.00  0.00  1.00 ]
[ 0.05  0.06  1.00  0.99  0.21  0.99  0.97  0.99  0.04  0.24  0.99  0.76 ]
[ 0.93  0.96  1.00  0.99  0.99  0.98  0.01  0.03  1.00  0.99  0.98  0.99 ]
[ 0.99  0.99  0.01  0.00  0.01  0.07  0.90  0.02  0.91  0.06  0.00  0.99 ]
[ 0.94  0.06  0.02  0.97  1.00  0.06  0.02  0.02  1.00  0.97  1.00  0.03 ]
[ 0.00  0.01  0.00  0.00  0.01  0.99  1.00  0.00  0.99  0.01  0.02  0.16 ]
[ 0.98  1.00  0.00  0.98  0.94  0.00  0.00  0.04  0.98  0.01  1.00  0.99 ]
[ 0.95  0.00  0.00  0.00  1.00  0.92  0.00  0.00  1.00  0.00  0.05  0.11 ]
[ 0.01  1.00  1.00  0.01  0.91  1.00  0.99  1.00  1.00  0.96  1.00  0.99 ]
[ 1.00  1.00  0.99  1.00  1.00  1.00  1.00  1.00  0.02  1.00  1.00  1.00 ]
[ 1.00  1.00  1.00  1.00  1.00  1.00  1.00  1.00  1.00  1.00  1.00  0.00 ]

01/29 03:35:35 AM | === Batch 101/180
01/29 03:35:35 AM | loss = 0.417 + 0.024 + 0.012 = 0.453
01/29 03:35:35 AM | === Batch 102/180
01/29 03:35:35 AM | loss = 0.458 + 0.020 + 0.012 = 0.490
01/29 03:35:36 AM | === Batch 103/180
01/29 03:35:36 AM | loss = 0.611 + 0.012 + 0.012 = 0.635
01/29 03:35:36 AM | === Batch 104/180
01/29 03:35:36 AM | loss = 0.482 + 0.028 + 0.012 = 0.522
01/29 03:35:36 AM | === Batch 105/180
01/29 03:35:37 AM | loss = 0.332 + 0.037 + 0.012 = 0.380
01/29 03:35:37 AM | === Batch 106/180
01/29 03:35:37 AM | loss = 0.408 + 0.040 + 0.012 = 0.460
01/29 03:35:37 AM | === Batch 107/180
01/29 03:35:37 AM | loss = 0.525 + 0.038 + 0.012 = 0.575
01/29 03:35:38 AM | === Batch 108/180
01/29 03:35:38 AM | loss = 0.423 + 0.030 + 0.012 = 0.465
01/29 03:35:38 AM | === Batch 109/180
01/29 03:35:38 AM | loss = 0.305 + 0.018 + 0.012 = 0.334
01/29 03:35:38 AM | === Batch 110/180
01/29 03:35:38 AM | loss = 0.442 + 0.001 + 0.012 = 0.454
01/29 03:35:39 AM | === Batch 111/180
01/29 03:35:39 AM | loss = 0.518 + 0.038 + 0.012 = 0.567
01/29 03:35:39 AM | === Batch 112/180
01/29 03:35:39 AM | loss = 0.471 + 0.036 + 0.012 = 0.519
01/29 03:35:40 AM | === Batch 113/180
01/29 03:35:40 AM | loss = 0.514 + 0.003 + 0.011 = 0.528
01/29 03:35:40 AM | === Batch 114/180
01/29 03:35:40 AM | loss = 0.396 + 0.032 + 0.011 = 0.439
01/29 03:35:40 AM | === Batch 115/180
01/29 03:35:41 AM | loss = 0.389 + 0.058 + 0.011 = 0.458
01/29 03:35:41 AM | === Batch 116/180
01/29 03:35:41 AM | loss = 0.353 + 0.075 + 0.011 = 0.439
01/29 03:35:41 AM | === Batch 117/180
01/29 03:35:41 AM | loss = 0.367 + 0.086 + 0.010 = 0.463
01/29 03:35:42 AM | === Batch 118/180
01/29 03:35:42 AM | loss = 0.286 + 0.090 + 0.010 = 0.386
01/29 03:35:42 AM | === Batch 119/180
01/29 03:35:42 AM | loss = 0.518 + 0.089 + 0.010 = 0.617
01/29 03:35:43 AM | === Batch 120/180
01/29 03:35:43 AM | loss = 0.342 + 0.081 + 0.010 = 0.433
01/29 03:35:43 AM | === Batch 121/180
01/29 03:35:43 AM | loss = 0.309 + 0.070 + 0.010 = 0.389
01/29 03:35:43 AM | === Batch 122/180
01/29 03:35:43 AM | loss = 0.398 + 0.055 + 0.010 = 0.463
01/29 03:35:44 AM | === Batch 123/180
01/29 03:35:44 AM | loss = 0.379 + 0.037 + 0.010 = 0.426
01/29 03:35:44 AM | === Batch 124/180
01/29 03:35:44 AM | loss = 0.425 + 0.017 + 0.010 = 0.452
01/29 03:35:44 AM | === Batch 125/180
01/29 03:35:45 AM | loss = 0.334 + 0.012 + 0.010 = 0.356
01/29 03:35:45 AM | === Batch 126/180
01/29 03:35:45 AM | loss = 0.391 + 0.021 + 0.010 = 0.421
01/29 03:35:45 AM | === Batch 127/180
01/29 03:35:45 AM | loss = 0.410 + 0.001 + 0.010 = 0.420
01/29 03:35:46 AM | === Batch 128/180
01/29 03:35:46 AM | loss = 0.362 + 0.023 + 0.009 = 0.395
01/29 03:35:46 AM | === Batch 129/180
01/29 03:35:46 AM | loss = 0.527 + 0.039 + 0.009 = 0.575
01/29 03:35:46 AM | === Batch 130/180
01/29 03:35:47 AM | loss = 0.337 + 0.049 + 0.009 = 0.395
01/29 03:35:47 AM | === Batch 131/180
01/29 03:35:47 AM | loss = 0.387 + 0.054 + 0.009 = 0.449
01/29 03:35:47 AM | === Batch 132/180
01/29 03:35:47 AM | loss = 0.448 + 0.054 + 0.009 = 0.511
01/29 03:35:48 AM | === Batch 133/180
01/29 03:35:48 AM | loss = 0.369 + 0.050 + 0.009 = 0.428
01/29 03:35:48 AM | === Batch 134/180
01/29 03:35:48 AM | loss = 0.404 + 0.043 + 0.009 = 0.456
01/29 03:35:48 AM | === Batch 135/180
01/29 03:35:49 AM | loss = 0.396 + 0.034 + 0.009 = 0.438
01/29 03:35:49 AM | === Batch 136/180
01/29 03:35:49 AM | loss = 0.772 + 0.021 + 0.009 = 0.802
01/29 03:35:49 AM | === Batch 137/180
01/29 03:35:49 AM | loss = 0.289 + 0.004 + 0.009 = 0.302
01/29 03:35:50 AM | === Batch 138/180
01/29 03:35:50 AM | loss = 0.405 + 0.029 + 0.009 = 0.442
01/29 03:35:50 AM | === Batch 139/180
01/29 03:35:50 AM | loss = 0.482 + 0.039 + 0.009 = 0.530
01/29 03:35:50 AM | === Batch 140/180
01/29 03:35:51 AM | loss = 0.398 + 0.022 + 0.009 = 0.428
01/29 03:35:51 AM | === Batch 141/180
01/29 03:35:51 AM | loss = 0.517 + 0.009 + 0.009 = 0.535
01/29 03:35:51 AM | === Batch 142/180
01/29 03:35:51 AM | loss = 0.616 + 0.025 + 0.009 = 0.650
01/29 03:35:52 AM | === Batch 143/180
01/29 03:35:52 AM | loss = 0.438 + 0.035 + 0.009 = 0.481
01/29 03:35:52 AM | === Batch 144/180
01/29 03:35:52 AM | loss = 0.425 + 0.040 + 0.009 = 0.474
01/29 03:35:52 AM | === Batch 145/180
01/29 03:35:52 AM | loss = 0.361 + 0.042 + 0.009 = 0.412
01/29 03:35:53 AM | === Batch 146/180
01/29 03:35:53 AM | loss = 0.564 + 0.040 + 0.008 = 0.613
01/29 03:35:53 AM | === Batch 147/180
01/29 03:35:53 AM | loss = 0.429 + 0.034 + 0.008 = 0.472
01/29 03:35:53 AM | === Batch 148/180
01/29 03:35:54 AM | loss = 0.402 + 0.025 + 0.008 = 0.436
01/29 03:35:54 AM | === Batch 149/180
01/29 03:35:54 AM | loss = 0.398 + 0.014 + 0.009 = 0.421
01/29 03:35:54 AM | === Batch 150/180
01/29 03:35:54 AM | loss = 0.468 + 0.001 + 0.009 = 0.478
01/29 03:35:55 AM | === Batch 151/180
01/29 03:35:55 AM | loss = 0.295 + 0.029 + 0.009 = 0.333
01/29 03:35:55 AM | === Batch 152/180
01/29 03:35:55 AM | loss = 0.486 + 0.035 + 0.009 = 0.529
01/29 03:35:55 AM | === Batch 153/180
01/29 03:35:56 AM | loss = 0.510 + 0.016 + 0.009 = 0.534
01/29 03:35:56 AM | === Batch 154/180
01/29 03:35:56 AM | loss = 0.577 + 0.012 + 0.009 = 0.598
01/29 03:35:56 AM | === Batch 155/180
01/29 03:35:56 AM | loss = 0.417 + 0.027 + 0.008 = 0.453
01/29 03:35:57 AM | === Batch 156/180
01/29 03:35:57 AM | loss = 0.383 + 0.036 + 0.008 = 0.428
01/29 03:35:57 AM | === Batch 157/180
01/29 03:35:57 AM | loss = 0.345 + 0.041 + 0.008 = 0.395
01/29 03:35:57 AM | === Batch 158/180
01/29 03:35:58 AM | loss = 0.363 + 0.042 + 0.008 = 0.413
01/29 03:35:58 AM | === Batch 159/180
01/29 03:35:58 AM | loss = 0.458 + 0.040 + 0.008 = 0.506
01/29 03:35:58 AM | === Batch 160/180
01/29 03:35:58 AM | loss = 0.282 + 0.034 + 0.008 = 0.324
01/29 03:35:59 AM | === Batch 161/180
01/29 03:35:59 AM | loss = 0.344 + 0.026 + 0.008 = 0.378
01/29 03:35:59 AM | === Batch 162/180
01/29 03:35:59 AM | loss = 0.373 + 0.014 + 0.008 = 0.396
01/29 03:35:59 AM | === Batch 163/180
01/29 03:35:59 AM | loss = 0.515 + 0.000 + 0.008 = 0.524
01/29 03:36:00 AM | === Batch 164/180
01/29 03:36:00 AM | loss = 0.416 + 0.028 + 0.009 = 0.452
01/29 03:36:00 AM | === Batch 165/180
01/29 03:36:00 AM | loss = 0.408 + 0.029 + 0.009 = 0.445
01/29 03:36:00 AM | === Batch 166/180
01/29 03:36:01 AM | loss = 0.414 + 0.007 + 0.008 = 0.429
01/29 03:36:01 AM | === Batch 167/180
01/29 03:36:01 AM | loss = 0.462 + 0.018 + 0.008 = 0.488
01/29 03:36:01 AM | === Batch 168/180
01/29 03:36:01 AM | loss = 0.291 + 0.033 + 0.008 = 0.331
01/29 03:36:02 AM | === Batch 169/180
01/29 03:36:02 AM | loss = 0.366 + 0.043 + 0.008 = 0.417
01/29 03:36:02 AM | === Batch 170/180
01/29 03:36:02 AM | loss = 0.517 + 0.048 + 0.008 = 0.573
01/29 03:36:02 AM | === Batch 171/180
01/29 03:36:03 AM | loss = 0.399 + 0.051 + 0.008 = 0.457
01/29 03:36:03 AM | === Batch 172/180
01/29 03:36:03 AM | loss = 0.455 + 0.050 + 0.008 = 0.513
01/29 03:36:03 AM | === Batch 173/180
01/29 03:36:03 AM | loss = 0.334 + 0.044 + 0.008 = 0.386
01/29 03:36:04 AM | === Batch 174/180
01/29 03:36:04 AM | loss = 0.384 + 0.035 + 0.008 = 0.428
01/29 03:36:04 AM | === Batch 175/180
01/29 03:36:04 AM | loss = 0.464 + 0.024 + 0.008 = 0.495
01/29 03:36:04 AM | === Batch 176/180
01/29 03:36:04 AM | loss = 0.330 + 0.010 + 0.008 = 0.348
01/29 03:36:05 AM | === Batch 177/180
01/29 03:36:05 AM | loss = 0.398 + 0.013 + 0.008 = 0.419
01/29 03:36:05 AM | === Batch 178/180
01/29 03:36:05 AM | loss = 0.363 + 0.018 + 0.008 = 0.389
01/29 03:36:05 AM | === Batch 179/180
01/29 03:36:06 AM | loss = 0.433 + 0.001 + 0.008 = 0.442
01/29 03:36:06 AM | === Batch 180/180
01/29 03:36:06 AM | loss = 0.568 + 0.007 + 0.008 = 0.584
01/29 03:36:06 AM | ===
Best loss was 0.30 at iteration 137

01/29 03:36:06 AM | Looking for optimal threshold...
01/29 03:36:06 AM | Testing threshold 0.5
01/29 03:36:06 AM | Distance to target: 1,892,056
01/29 03:36:06 AM | Testing threshold 0.75
01/29 03:36:06 AM | Distance to target: 1,878,680
01/29 03:36:06 AM | Testing threshold 0.625
01/29 03:36:06 AM | Distance to target: 972,056
01/29 03:36:06 AM | Testing threshold 0.6875
01/29 03:36:06 AM | Distance to target: 981,928
01/29 03:36:06 AM | Testing threshold 0.65625
01/29 03:36:06 AM | Distance to target: 182,360
01/29 03:36:06 AM | Testing threshold 0.671875
01/29 03:36:06 AM | Distance to target: 159,144
01/29 03:36:06 AM | Testing threshold 0.6640625
01/29 03:36:06 AM | Distance to target: 159,144
01/29 03:36:06 AM | Testing threshold 0.66015625
01/29 03:36:06 AM | Distance to target: 182,360
01/29 03:36:06 AM | Testing threshold 0.662109375
01/29 03:36:06 AM | Distance to target: 182,360
01/29 03:36:06 AM | Testing threshold 0.6630859375
01/29 03:36:06 AM | Distance to target: 159,144
01/29 03:36:06 AM | Testing threshold 0.66259765625
01/29 03:36:06 AM | Distance to target: 182,360
01/29 03:36:06 AM | Testing threshold 0.662841796875
01/29 03:36:06 AM | Distance to target: 159,144
01/29 03:36:06 AM | Testing threshold 0.6627197265625
01/29 03:36:06 AM | Distance to target: 182,360
01/29 03:36:06 AM | Testing threshold 0.66278076171875
01/29 03:36:06 AM | Distance to target: 159,144
01/29 03:36:06 AM | Testing threshold 0.662750244140625
01/29 03:36:06 AM | Distance to target: 159,144
01/29 03:36:06 AM | Testing threshold 0.6627349853515625
01/29 03:36:06 AM | Distance to target: 182,360
01/29 03:36:06 AM | Testing threshold 0.6627426147460938
01/29 03:36:07 AM | Distance to target: 182,360
01/29 03:36:07 AM | Testing threshold 0.6627464294433594
01/29 03:36:07 AM | Distance to target: 159,144
01/29 03:36:07 AM | Testing threshold 0.6627445220947266
01/29 03:36:07 AM | Distance to target: 159,144
01/29 03:36:07 AM | Testing threshold 0.6627435684204102
01/29 03:36:07 AM | Distance to target: 159,144
01/29 03:36:07 AM | Testing threshold 0.662743091583252
01/29 03:36:07 AM | Distance to target: 182,360
01/29 03:36:07 AM | Testing threshold 0.662743330001831
01/29 03:36:07 AM | Distance to target: 182,360
01/29 03:36:07 AM | Testing threshold 0.6627434492111206
01/29 03:36:07 AM | Distance to target: 159,144
01/29 03:36:07 AM | Testing threshold 0.6627433896064758
01/29 03:36:07 AM | Distance to target: 159,144
01/29 03:36:07 AM | Testing threshold 0.6627433598041534
01/29 03:36:07 AM | Distance to target: 182,360
01/29 03:36:07 AM | Testing threshold 0.6627433747053146
01/29 03:36:07 AM | Distance to target: 182,360
01/29 03:36:07 AM | Testing threshold 0.6627433821558952
01/29 03:36:07 AM | Distance to target: 182,360
01/29 03:36:07 AM | Testing threshold 0.6627433858811855
01/29 03:36:07 AM | Distance to target: 182,360
01/29 03:36:07 AM | Testing threshold 0.6627433877438307
01/29 03:36:07 AM | Distance to target: 182,360
01/29 03:36:07 AM | Testing threshold 0.6627433886751533
01/29 03:36:07 AM | Distance to target: 182,360
01/29 03:36:07 AM | Testing threshold 0.6627433891408145
01/29 03:36:07 AM | Distance to target: 182,360
01/29 03:36:07 AM | Testing threshold 0.6627433893736452
01/29 03:36:07 AM | Distance to target: 182,360
01/29 03:36:07 AM | Testing threshold 0.6627433894900605
01/29 03:36:07 AM | Distance to target: 182,360
01/29 03:36:07 AM | Testing threshold 0.6627433895482682
01/29 03:36:07 AM | Distance to target: 182,360
01/29 03:36:07 AM | Testing threshold 0.662743389577372
01/29 03:36:07 AM | Distance to target: 182,360
01/29 03:36:07 AM | Testing threshold 0.6627433895919239
01/29 03:36:07 AM | Distance to target: 182,360
01/29 03:36:07 AM | Testing threshold 0.6627433895991999
01/29 03:36:07 AM | Distance to target: 182,360
01/29 03:36:07 AM | Testing threshold 0.6627433896028379
01/29 03:36:07 AM | Distance to target: 182,360
01/29 03:36:07 AM | Testing threshold 0.6627433896046568
01/29 03:36:07 AM | Distance to target: 182,360
01/29 03:36:07 AM | Testing threshold 0.6627433896055663
01/29 03:36:07 AM | Distance to target: 182,360
01/29 03:36:07 AM | Testing threshold 0.6627433896060211
01/29 03:36:07 AM | Distance to target: 182,360
01/29 03:36:07 AM | Testing threshold 0.6627433896062485
01/29 03:36:07 AM | Distance to target: 182,360
01/29 03:36:07 AM | Testing threshold 0.6627433896063621
01/29 03:36:07 AM | Distance to target: 182,360
01/29 03:36:07 AM | Testing threshold 0.662743389606419
01/29 03:36:07 AM | Distance to target: 182,360
01/29 03:36:07 AM | Testing threshold 0.6627433896064474
01/29 03:36:07 AM | Distance to target: 182,360
01/29 03:36:07 AM | Testing threshold 0.6627433896064616
01/29 03:36:07 AM | Distance to target: 182,360
01/29 03:36:07 AM | Testing threshold 0.6627433896064687
01/29 03:36:07 AM | Distance to target: 182,360
01/29 03:36:07 AM | Testing threshold 0.6627433896064723
01/29 03:36:07 AM | Distance to target: 182,360
01/29 03:36:07 AM | Testing threshold 0.662743389606474
01/29 03:36:07 AM | Distance to target: 182,360
01/29 03:36:07 AM | Testing threshold 0.6627433896064749
01/29 03:36:07 AM | Distance to target: 182,360
01/29 03:36:08 AM | attribution_score[0:12]: 
[ 1.00  1.00  0.00  0.00  0.00  1.00  0.00  0.00  0.00  1.00  0.00  1.00 ]
[ 1.00  0.00  1.00  0.00  1.00  1.00  1.00  0.00  1.00  1.00  1.00  0.00 ]
[ 1.00  1.00  0.00  1.00  0.00  1.00  1.00  1.00  0.00  0.00  0.00  1.00 ]
[ 0.00  0.00  1.00  1.00  1.00  1.00  1.00  1.00  0.00  0.00  1.00  1.00 ]
[ 1.00  1.00  1.00  1.00  1.00  1.00  0.00  0.00  1.00  1.00  1.00  1.00 ]
[ 1.00  1.00  0.00  0.00  0.00  0.00  1.00  0.00  1.00  0.00  0.00  1.00 ]
[ 1.00  0.00  0.00  1.00  1.00  0.00  0.00  0.00  1.00  1.00  1.00  0.00 ]
[ 0.00  0.00  0.00  0.00  0.00  1.00  1.00  0.00  1.00  0.00  0.00  0.00 ]
[ 1.00  1.00  0.00  1.00  1.00  0.00  0.00  0.00  1.00  0.00  1.00  1.00 ]
[ 1.00  0.00  0.00  0.00  1.00  1.00  0.00  0.00  1.00  0.00  0.00  0.00 ]
[ 0.00  1.00  1.00  0.00  1.00  1.00  1.00  1.00  1.00  1.00  1.00  1.00 ]
[ 1.00  1.00  1.00  1.00  1.00  1.00  1.00  1.00  0.00  1.00  1.00  1.00 ]
[ 1.00  1.00  1.00  1.00  1.00  1.00  1.00  1.00  1.00  1.00  1.00  0.00 ]

01/29 03:36:08 AM | VGG(
  (features): Sequential(
    (conv0): Conv2d(3, 26, kernel_size=(3, 3), stride=(1, 1), padding=(1, 1))
    (norm0): BatchNorm2d(26, eps=1e-05, momentum=0.1, affine=True, track_running_stats=True)
    (relu0): ReLU(inplace=True)
    (conv1): Conv2d(26, 49, kernel_size=(3, 3), stride=(1, 1), padding=(1, 1))
    (norm1): BatchNorm2d(49, eps=1e-05, momentum=0.1, affine=True, track_running_stats=True)
    (relu1): ReLU(inplace=True)
    (pool2): MaxPool2d(kernel_size=2, stride=2, padding=0, dilation=1, ceil_mode=False)
    (conv3): Conv2d(49, 77, kernel_size=(3, 3), stride=(1, 1), padding=(1, 1))
    (norm3): BatchNorm2d(77, eps=1e-05, momentum=0.1, affine=True, track_running_stats=True)
    (relu3): ReLU(inplace=True)
    (conv4): Conv2d(77, 99, kernel_size=(3, 3), stride=(1, 1), padding=(1, 1))
    (norm4): BatchNorm2d(99, eps=1e-05, momentum=0.1, affine=True, track_running_stats=True)
    (relu4): ReLU(inplace=True)
    (pool5): MaxPool2d(kernel_size=2, stride=2, padding=0, dilation=1, ceil_mode=False)
    (conv6): Conv2d(99, 156, kernel_size=(3, 3), stride=(1, 1), padding=(1, 1))
    (norm6): BatchNorm2d(156, eps=1e-05, momentum=0.1, affine=True, track_running_stats=True)
    (relu6): ReLU(inplace=True)
    (conv7): Conv2d(156, 136, kernel_size=(3, 3), stride=(1, 1), padding=(1, 1))
    (norm7): BatchNorm2d(136, eps=1e-05, momentum=0.1, affine=True, track_running_stats=True)
    (relu7): ReLU(inplace=True)
    (conv8): Conv2d(136, 153, kernel_size=(3, 3), stride=(1, 1), padding=(1, 1))
    (norm8): BatchNorm2d(153, eps=1e-05, momentum=0.1, affine=True, track_running_stats=True)
    (relu8): ReLU(inplace=True)
    (pool9): MaxPool2d(kernel_size=2, stride=2, padding=0, dilation=1, ceil_mode=False)
    (conv10): Conv2d(153, 225, kernel_size=(3, 3), stride=(1, 1), padding=(1, 1))
    (norm10): BatchNorm2d(225, eps=1e-05, momentum=0.1, affine=True, track_running_stats=True)
    (relu10): ReLU(inplace=True)
    (conv11): Conv2d(225, 177, kernel_size=(3, 3), stride=(1, 1), padding=(1, 1))
    (norm11): BatchNorm2d(177, eps=1e-05, momentum=0.1, affine=True, track_running_stats=True)
    (relu11): ReLU(inplace=True)
    (conv12): Conv2d(177, 253, kernel_size=(3, 3), stride=(1, 1), padding=(1, 1))
    (norm12): BatchNorm2d(253, eps=1e-05, momentum=0.1, affine=True, track_running_stats=True)
    (relu12): ReLU(inplace=True)
    (pool13): MaxPool2d(kernel_size=2, stride=2, padding=0, dilation=1, ceil_mode=False)
    (conv14): Conv2d(253, 400, kernel_size=(3, 3), stride=(1, 1), padding=(1, 1))
    (norm14): BatchNorm2d(400, eps=1e-05, momentum=0.1, affine=True, track_running_stats=True)
    (relu14): ReLU(inplace=True)
    (conv15): Conv2d(400, 468, kernel_size=(3, 3), stride=(1, 1), padding=(1, 1))
    (norm15): BatchNorm2d(468, eps=1e-05, momentum=0.1, affine=True, track_running_stats=True)
    (relu15): ReLU(inplace=True)
    (conv16): Conv2d(468, 509, kernel_size=(3, 3), stride=(1, 1), padding=(1, 1))
    (norm16): BatchNorm2d(509, eps=1e-05, momentum=0.1, affine=True, track_running_stats=True)
    (relu16): ReLU(inplace=True)
  )
  (classifier): Sequential(
    (linear1): Linear(in_features=509, out_features=512, bias=True)
    (norm1): BatchNorm1d(512, eps=1e-05, momentum=0.1, affine=True, track_running_stats=True)
    (relu1): ReLU(inplace=True)
    (linear2): Linear(in_features=512, out_features=10, bias=True)
  )
)
01/29 03:36:10 AM | ----------------------------------------
01/29 03:36:10 AM | Performances input model:
01/29 03:36:10 AM |  - flops: 314,294,272
01/29 03:36:10 AM |  - params: 14,991,946
01/29 03:36:10 AM |  - accuracy: 93.95999908447266
01/29 03:36:10 AM | ----------------------------------------
01/29 03:36:10 AM | Performances pseudo-pruned model:
01/29 03:36:10 AM |  - flops: 314,294,272
01/29 03:36:10 AM |  - params: 14,991,946
01/29 03:36:10 AM |  - accuracy: 82.29000091552734
01/29 03:36:10 AM | ----------------------------------------
01/29 03:36:10 AM | Performances pruned model:
01/29 03:36:10 AM |  - flops: 108,682,204
01/29 03:36:10 AM |  - params: 6,718,189
01/29 03:36:10 AM |  - accuracy: 82.29000091552734
01/29 03:36:10 AM | ----------------------------------------
01/29 03:36:10 AM | Total time: 82.74s
