01/29 09:52:45 PM | args = Namespace(output_dir='result/rebuttal/nb_epoch/vgg/nbbtchs275/seed_01', loaded_model_path='./checkpoints/cifar10/vgg_16_bn.pt', resume=False, test_only=False, mode='prune', batch_size=64, nb_batches=275, Mflops_target=None, lr=0.6, momentum=0.9, beta=6, gamma=0.4, gpu='0', num_workers=4, dataset='cifar10', arch='vgg_16_bn', save_plot=False, seed=1, lr_finetuning=0.02, epoch_finetuning=200, wd=0.002, data_dir='./data/cifar10/', print_freq=200, num_classes=10, device_ids=[0], device=device(type='cuda', index=0), name_base='')
01/29 09:52:51 PM | ----------------------------------------
01/29 09:52:51 PM | ==> Building model...
01/29 09:52:51 PM | ----------------------------------------
01/29 09:52:51 PM | ==> Loading weights into the model...
01/29 09:52:51 PM | ----------------------------------------
01/29 09:52:51 PM | VGG(
  (features): Sequential(
    (conv0): Conv2d(3, 64, kernel_size=(3, 3), stride=(1, 1), padding=(1, 1))
    (norm0): BatchNorm2d(64, eps=1e-05, momentum=0.1, affine=True, track_running_stats=True)
    (relu0): ReLU(inplace=True)
    (conv1): Conv2d(64, 64, kernel_size=(3, 3), stride=(1, 1), padding=(1, 1))
    (norm1): BatchNorm2d(64, eps=1e-05, momentum=0.1, affine=True, track_running_stats=True)
    (relu1): ReLU(inplace=True)
    (pool2): MaxPool2d(kernel_size=2, stride=2, padding=0, dilation=1, ceil_mode=False)
    (conv3): Conv2d(64, 128, kernel_size=(3, 3), stride=(1, 1), padding=(1, 1))
    (norm3): BatchNorm2d(128, eps=1e-05, momentum=0.1, affine=True, track_running_stats=True)
    (relu3): ReLU(inplace=True)
    (conv4): Conv2d(128, 128, kernel_size=(3, 3), stride=(1, 1), padding=(1, 1))
    (norm4): BatchNorm2d(128, eps=1e-05, momentum=0.1, affine=True, track_running_stats=True)
    (relu4): ReLU(inplace=True)
    (pool5): MaxPool2d(kernel_size=2, stride=2, padding=0, dilation=1, ceil_mode=False)
    (conv6): Conv2d(128, 256, kernel_size=(3, 3), stride=(1, 1), padding=(1, 1))
    (norm6): BatchNorm2d(256, eps=1e-05, momentum=0.1, affine=True, track_running_stats=True)
    (relu6): ReLU(inplace=True)
    (conv7): Conv2d(256, 256, kernel_size=(3, 3), stride=(1, 1), padding=(1, 1))
    (norm7): BatchNorm2d(256, eps=1e-05, momentum=0.1, affine=True, track_running_stats=True)
    (relu7): ReLU(inplace=True)
    (conv8): Conv2d(256, 256, kernel_size=(3, 3), stride=(1, 1), padding=(1, 1))
    (norm8): BatchNorm2d(256, eps=1e-05, momentum=0.1, affine=True, track_running_stats=True)
    (relu8): ReLU(inplace=True)
    (pool9): MaxPool2d(kernel_size=2, stride=2, padding=0, dilation=1, ceil_mode=False)
    (conv10): Conv2d(256, 512, kernel_size=(3, 3), stride=(1, 1), padding=(1, 1))
    (norm10): BatchNorm2d(512, eps=1e-05, momentum=0.1, affine=True, track_running_stats=True)
    (relu10): ReLU(inplace=True)
    (conv11): Conv2d(512, 512, kernel_size=(3, 3), stride=(1, 1), padding=(1, 1))
    (norm11): BatchNorm2d(512, eps=1e-05, momentum=0.1, affine=True, track_running_stats=True)
    (relu11): ReLU(inplace=True)
    (conv12): Conv2d(512, 512, kernel_size=(3, 3), stride=(1, 1), padding=(1, 1))
    (norm12): BatchNorm2d(512, eps=1e-05, momentum=0.1, affine=True, track_running_stats=True)
    (relu12): ReLU(inplace=True)
    (pool13): MaxPool2d(kernel_size=2, stride=2, padding=0, dilation=1, ceil_mode=False)
    (conv14): Conv2d(512, 512, kernel_size=(3, 3), stride=(1, 1), padding=(1, 1))
    (norm14): BatchNorm2d(512, eps=1e-05, momentum=0.1, affine=True, track_running_stats=True)
    (relu14): ReLU(inplace=True)
    (conv15): Conv2d(512, 512, kernel_size=(3, 3), stride=(1, 1), padding=(1, 1))
    (norm15): BatchNorm2d(512, eps=1e-05, momentum=0.1, affine=True, track_running_stats=True)
    (relu15): ReLU(inplace=True)
    (conv16): Conv2d(512, 512, kernel_size=(3, 3), stride=(1, 1), padding=(1, 1))
    (norm16): BatchNorm2d(512, eps=1e-05, momentum=0.1, affine=True, track_running_stats=True)
    (relu16): ReLU(inplace=True)
  )
  (classifier): Sequential(
    (linear1): Linear(in_features=512, out_features=512, bias=True)
    (norm1): BatchNorm1d(512, eps=1e-05, momentum=0.1, affine=True, track_running_stats=True)
    (relu1): ReLU(inplace=True)
    (linear2): Linear(in_features=512, out_features=10, bias=True)
  )
)
01/29 09:52:53 PM | Save modules info...
01/29 09:52:53 PM | FLOPS pruning ratio is 0.65
01/29 09:52:53 PM | Pruning with information flow
01/29 09:52:53 PM | -----
01/29 09:52:53 PM | module: Conv2d(3, 64, kernel_size=(3, 3), stride=(1, 1), padding=(1, 1))
01/29 09:52:53 PM | cin: None
01/29 09:52:53 PM | cout: [0]
01/29 09:52:53 PM | inactive
01/29 09:52:53 PM | -----
01/29 09:52:53 PM | module: BatchNorm2d(64, eps=1e-05, momentum=0.1, affine=True, track_running_stats=True)
01/29 09:52:53 PM | cin: [0]
01/29 09:52:53 PM | cout: [0]
01/29 09:52:53 PM | inactive
01/29 09:52:53 PM | -----
01/29 09:52:53 PM | module: ReLU(inplace=True)
01/29 09:52:53 PM | cin: [0]
01/29 09:52:53 PM | cout: [0]
01/29 09:52:53 PM | active
01/29 09:52:53 PM | -----
01/29 09:52:53 PM | module: Conv2d(64, 64, kernel_size=(3, 3), stride=(1, 1), padding=(1, 1))
01/29 09:52:53 PM | cin: [0]
01/29 09:52:53 PM | cout: [1]
01/29 09:52:53 PM | inactive
01/29 09:52:53 PM | -----
01/29 09:52:53 PM | module: BatchNorm2d(64, eps=1e-05, momentum=0.1, affine=True, track_running_stats=True)
01/29 09:52:53 PM | cin: [1]
01/29 09:52:53 PM | cout: [1]
01/29 09:52:53 PM | inactive
01/29 09:52:53 PM | -----
01/29 09:52:53 PM | module: ReLU(inplace=True)
01/29 09:52:53 PM | cin: [1]
01/29 09:52:53 PM | cout: [1]
01/29 09:52:53 PM | active
01/29 09:52:53 PM | -----
01/29 09:52:53 PM | module: MaxPool2d(kernel_size=2, stride=2, padding=0, dilation=1, ceil_mode=False)
01/29 09:52:53 PM | cin: [1]
01/29 09:52:53 PM | cout: [1]
01/29 09:52:53 PM | inactive
01/29 09:52:53 PM | -----
01/29 09:52:53 PM | module: Conv2d(64, 128, kernel_size=(3, 3), stride=(1, 1), padding=(1, 1))
01/29 09:52:53 PM | cin: [1]
01/29 09:52:53 PM | cout: [2]
01/29 09:52:53 PM | inactive
01/29 09:52:53 PM | -----
01/29 09:52:53 PM | module: BatchNorm2d(128, eps=1e-05, momentum=0.1, affine=True, track_running_stats=True)
01/29 09:52:53 PM | cin: [2]
01/29 09:52:53 PM | cout: [2]
01/29 09:52:53 PM | inactive
01/29 09:52:53 PM | -----
01/29 09:52:53 PM | module: ReLU(inplace=True)
01/29 09:52:53 PM | cin: [2]
01/29 09:52:53 PM | cout: [2]
01/29 09:52:53 PM | active
01/29 09:52:53 PM | -----
01/29 09:52:53 PM | module: Conv2d(128, 128, kernel_size=(3, 3), stride=(1, 1), padding=(1, 1))
01/29 09:52:53 PM | cin: [2]
01/29 09:52:53 PM | cout: [3]
01/29 09:52:53 PM | inactive
01/29 09:52:53 PM | -----
01/29 09:52:53 PM | module: BatchNorm2d(128, eps=1e-05, momentum=0.1, affine=True, track_running_stats=True)
01/29 09:52:53 PM | cin: [3]
01/29 09:52:53 PM | cout: [3]
01/29 09:52:53 PM | inactive
01/29 09:52:53 PM | -----
01/29 09:52:53 PM | module: ReLU(inplace=True)
01/29 09:52:53 PM | cin: [3]
01/29 09:52:53 PM | cout: [3]
01/29 09:52:53 PM | active
01/29 09:52:53 PM | -----
01/29 09:52:53 PM | module: MaxPool2d(kernel_size=2, stride=2, padding=0, dilation=1, ceil_mode=False)
01/29 09:52:53 PM | cin: [3]
01/29 09:52:53 PM | cout: [3]
01/29 09:52:53 PM | inactive
01/29 09:52:53 PM | -----
01/29 09:52:53 PM | module: Conv2d(128, 256, kernel_size=(3, 3), stride=(1, 1), padding=(1, 1))
01/29 09:52:53 PM | cin: [3]
01/29 09:52:53 PM | cout: [4]
01/29 09:52:53 PM | inactive
01/29 09:52:53 PM | -----
01/29 09:52:53 PM | module: BatchNorm2d(256, eps=1e-05, momentum=0.1, affine=True, track_running_stats=True)
01/29 09:52:53 PM | cin: [4]
01/29 09:52:53 PM | cout: [4]
01/29 09:52:53 PM | inactive
01/29 09:52:53 PM | -----
01/29 09:52:53 PM | module: ReLU(inplace=True)
01/29 09:52:53 PM | cin: [4]
01/29 09:52:53 PM | cout: [4]
01/29 09:52:53 PM | active
01/29 09:52:53 PM | -----
01/29 09:52:53 PM | module: Conv2d(256, 256, kernel_size=(3, 3), stride=(1, 1), padding=(1, 1))
01/29 09:52:53 PM | cin: [4]
01/29 09:52:53 PM | cout: [5]
01/29 09:52:53 PM | inactive
01/29 09:52:53 PM | -----
01/29 09:52:53 PM | module: BatchNorm2d(256, eps=1e-05, momentum=0.1, affine=True, track_running_stats=True)
01/29 09:52:53 PM | cin: [5]
01/29 09:52:53 PM | cout: [5]
01/29 09:52:53 PM | inactive
01/29 09:52:53 PM | -----
01/29 09:52:53 PM | module: ReLU(inplace=True)
01/29 09:52:53 PM | cin: [5]
01/29 09:52:53 PM | cout: [5]
01/29 09:52:53 PM | active
01/29 09:52:53 PM | -----
01/29 09:52:53 PM | module: Conv2d(256, 256, kernel_size=(3, 3), stride=(1, 1), padding=(1, 1))
01/29 09:52:53 PM | cin: [5]
01/29 09:52:53 PM | cout: [6]
01/29 09:52:53 PM | inactive
01/29 09:52:53 PM | -----
01/29 09:52:53 PM | module: BatchNorm2d(256, eps=1e-05, momentum=0.1, affine=True, track_running_stats=True)
01/29 09:52:53 PM | cin: [6]
01/29 09:52:53 PM | cout: [6]
01/29 09:52:53 PM | inactive
01/29 09:52:53 PM | -----
01/29 09:52:53 PM | module: ReLU(inplace=True)
01/29 09:52:53 PM | cin: [6]
01/29 09:52:53 PM | cout: [6]
01/29 09:52:53 PM | active
01/29 09:52:53 PM | -----
01/29 09:52:53 PM | module: MaxPool2d(kernel_size=2, stride=2, padding=0, dilation=1, ceil_mode=False)
01/29 09:52:53 PM | cin: [6]
01/29 09:52:53 PM | cout: [6]
01/29 09:52:53 PM | inactive
01/29 09:52:53 PM | -----
01/29 09:52:53 PM | module: Conv2d(256, 512, kernel_size=(3, 3), stride=(1, 1), padding=(1, 1))
01/29 09:52:53 PM | cin: [6]
01/29 09:52:53 PM | cout: [7]
01/29 09:52:53 PM | inactive
01/29 09:52:53 PM | -----
01/29 09:52:53 PM | module: BatchNorm2d(512, eps=1e-05, momentum=0.1, affine=True, track_running_stats=True)
01/29 09:52:53 PM | cin: [7]
01/29 09:52:53 PM | cout: [7]
01/29 09:52:53 PM | inactive
01/29 09:52:53 PM | -----
01/29 09:52:53 PM | module: ReLU(inplace=True)
01/29 09:52:53 PM | cin: [7]
01/29 09:52:53 PM | cout: [7]
01/29 09:52:53 PM | active
01/29 09:52:53 PM | -----
01/29 09:52:53 PM | module: Conv2d(512, 512, kernel_size=(3, 3), stride=(1, 1), padding=(1, 1))
01/29 09:52:53 PM | cin: [7]
01/29 09:52:53 PM | cout: [8]
01/29 09:52:53 PM | inactive
01/29 09:52:53 PM | -----
01/29 09:52:53 PM | module: BatchNorm2d(512, eps=1e-05, momentum=0.1, affine=True, track_running_stats=True)
01/29 09:52:53 PM | cin: [8]
01/29 09:52:53 PM | cout: [8]
01/29 09:52:53 PM | inactive
01/29 09:52:53 PM | -----
01/29 09:52:53 PM | module: ReLU(inplace=True)
01/29 09:52:53 PM | cin: [8]
01/29 09:52:53 PM | cout: [8]
01/29 09:52:53 PM | active
01/29 09:52:53 PM | -----
01/29 09:52:53 PM | module: Conv2d(512, 512, kernel_size=(3, 3), stride=(1, 1), padding=(1, 1))
01/29 09:52:53 PM | cin: [8]
01/29 09:52:53 PM | cout: [9]
01/29 09:52:53 PM | inactive
01/29 09:52:53 PM | -----
01/29 09:52:53 PM | module: BatchNorm2d(512, eps=1e-05, momentum=0.1, affine=True, track_running_stats=True)
01/29 09:52:53 PM | cin: [9]
01/29 09:52:53 PM | cout: [9]
01/29 09:52:53 PM | inactive
01/29 09:52:53 PM | -----
01/29 09:52:53 PM | module: ReLU(inplace=True)
01/29 09:52:53 PM | cin: [9]
01/29 09:52:53 PM | cout: [9]
01/29 09:52:53 PM | active
01/29 09:52:53 PM | -----
01/29 09:52:53 PM | module: MaxPool2d(kernel_size=2, stride=2, padding=0, dilation=1, ceil_mode=False)
01/29 09:52:53 PM | cin: [9]
01/29 09:52:53 PM | cout: [9]
01/29 09:52:53 PM | inactive
01/29 09:52:53 PM | -----
01/29 09:52:53 PM | module: Conv2d(512, 512, kernel_size=(3, 3), stride=(1, 1), padding=(1, 1))
01/29 09:52:53 PM | cin: [9]
01/29 09:52:53 PM | cout: [10]
01/29 09:52:53 PM | inactive
01/29 09:52:53 PM | -----
01/29 09:52:53 PM | module: BatchNorm2d(512, eps=1e-05, momentum=0.1, affine=True, track_running_stats=True)
01/29 09:52:53 PM | cin: [10]
01/29 09:52:53 PM | cout: [10]
01/29 09:52:53 PM | inactive
01/29 09:52:53 PM | -----
01/29 09:52:53 PM | module: ReLU(inplace=True)
01/29 09:52:53 PM | cin: [10]
01/29 09:52:53 PM | cout: [10]
01/29 09:52:53 PM | active
01/29 09:52:53 PM | -----
01/29 09:52:53 PM | module: Conv2d(512, 512, kernel_size=(3, 3), stride=(1, 1), padding=(1, 1))
01/29 09:52:53 PM | cin: [10]
01/29 09:52:53 PM | cout: [11]
01/29 09:52:53 PM | inactive
01/29 09:52:53 PM | -----
01/29 09:52:53 PM | module: BatchNorm2d(512, eps=1e-05, momentum=0.1, affine=True, track_running_stats=True)
01/29 09:52:53 PM | cin: [11]
01/29 09:52:53 PM | cout: [11]
01/29 09:52:53 PM | inactive
01/29 09:52:53 PM | -----
01/29 09:52:53 PM | module: ReLU(inplace=True)
01/29 09:52:53 PM | cin: [11]
01/29 09:52:53 PM | cout: [11]
01/29 09:52:53 PM | active
01/29 09:52:53 PM | -----
01/29 09:52:53 PM | module: Conv2d(512, 512, kernel_size=(3, 3), stride=(1, 1), padding=(1, 1))
01/29 09:52:53 PM | cin: [11]
01/29 09:52:53 PM | cout: [12]
01/29 09:52:53 PM | inactive
01/29 09:52:53 PM | -----
01/29 09:52:53 PM | module: BatchNorm2d(512, eps=1e-05, momentum=0.1, affine=True, track_running_stats=True)
01/29 09:52:53 PM | cin: [12]
01/29 09:52:53 PM | cout: [12]
01/29 09:52:53 PM | inactive
01/29 09:52:53 PM | -----
01/29 09:52:53 PM | module: ReLU(inplace=True)
01/29 09:52:53 PM | cin: [12]
01/29 09:52:53 PM | cout: [12]
01/29 09:52:53 PM | active
01/29 09:52:53 PM | -----
01/29 09:52:53 PM | module: Linear(in_features=512, out_features=512, bias=True)
01/29 09:52:53 PM | cin: [12]
01/29 09:52:53 PM | cout: None
01/29 09:52:53 PM | inactive
01/29 09:52:53 PM | -----
01/29 09:52:53 PM | module: ReLU(inplace=True)
01/29 09:52:53 PM | cin: None
01/29 09:52:53 PM | cout: None
01/29 09:52:53 PM | active
01/29 09:52:53 PM | -----
01/29 09:52:53 PM | module: Linear(in_features=512, out_features=10, bias=True)
01/29 09:52:53 PM | cin: None
01/29 09:52:53 PM | cout: None
01/29 09:52:53 PM | inactive
01/29 09:52:53 PM | Used masks: [0, 1, 2, 3, 4, 5, 6, 7, 8, 9, 10, 11, 12]
01/29 09:52:53 PM | 13 unique masks in total
01/29 09:52:53 PM | === Batch 1/275
01/29 09:52:54 PM | loss = 0.121 + 4.266 + 0.040 = 4.427
01/29 09:52:54 PM | attribution_score[0:12]: 
[ 0.94  0.94  0.83  0.83  0.83  0.83  0.83  0.83  0.83  0.94  0.83  0.83 ]
[ 0.83  0.83  0.94  0.83  0.94  0.83  0.83  0.83  0.83  0.94  0.83  0.83 ]
[ 0.83  0.94  0.83  0.83  0.83  0.83  0.83  0.94  0.83  0.83  0.83  0.94 ]
[ 0.83  0.83  0.83  0.83  0.83  0.83  0.83  0.83  0.94  0.83  0.83  0.94 ]
[ 0.83  0.83  0.94  0.83  0.83  0.83  0.94  0.83  0.94  0.94  0.83  0.83 ]
[ 0.83  0.83  0.94  0.83  0.83  0.83  0.83  0.83  0.83  0.83  0.83  0.83 ]
[ 0.83  0.83  0.83  0.83  0.94  0.83  0.83  0.83  0.83  0.94  0.83  0.83 ]
[ 0.83  0.83  0.83  0.83  0.83  0.83  0.83  0.83  0.83  0.83  0.83  0.83 ]
[ 0.83  0.83  0.83  0.83  0.83  0.83  0.83  0.83  0.83  0.83  0.83  0.83 ]
[ 0.83  0.83  0.83  0.83  0.83  0.83  0.83  0.83  0.83  0.83  0.83  0.83 ]
[ 0.83  0.83  0.83  0.83  0.83  0.83  0.83  0.83  0.83  0.83  0.94  0.83 ]
[ 0.83  0.83  0.83  0.83  0.83  0.83  0.83  0.94  0.83  0.83  0.83  0.83 ]
[ 0.94  0.94  0.94  0.83  0.94  0.94  0.83  0.94  0.83  0.94  0.94  0.83 ]

01/29 09:52:54 PM | === Batch 2/275
01/29 09:52:54 PM | loss = 0.130 + 3.498 + 0.058 = 3.685
01/29 09:52:55 PM | attribution_score[0:12]: 
[ 0.96  0.97  0.73  0.73  0.73  0.74  0.74  0.73  0.73  0.91  0.73  0.86 ]
[ 0.87  0.73  0.92  0.73  0.97  0.75  0.86  0.73  0.73  0.94  0.73  0.73 ]
[ 0.88  0.96  0.73  0.87  0.73  0.86  0.84  0.95  0.75  0.74  0.74  0.97 ]
[ 0.75  0.74  0.75  0.84  0.73  0.76  0.76  0.73  0.96  0.73  0.78  0.96 ]
[ 0.73  0.73  0.96  0.73  0.74  0.73  0.93  0.77  0.95  0.92  0.74  0.74 ]
[ 0.75  0.73  0.92  0.74  0.73  0.74  0.74  0.76  0.73  0.73  0.73  0.74 ]
[ 0.79  0.74  0.75  0.73  0.96  0.73  0.73  0.73  0.74  0.95  0.73  0.73 ]
[ 0.73  0.74  0.73  0.84  0.79  0.73  0.77  0.73  0.81  0.75  0.73  0.73 ]
[ 0.73  0.73  0.73  0.73  0.73  0.73  0.73  0.74  0.73  0.73  0.73  0.74 ]
[ 0.73  0.73  0.73  0.73  0.75  0.73  0.73  0.73  0.74  0.73  0.73  0.73 ]
[ 0.73  0.79  0.75  0.73  0.73  0.78  0.74  0.78  0.74  0.73  0.97  0.73 ]
[ 0.88  0.88  0.73  0.73  0.88  0.73  0.83  0.97  0.73  0.88  0.77  0.73 ]
[ 0.97  0.97  0.97  0.74  0.97  0.97  0.82  0.97  0.87  0.97  0.97  0.74 ]

01/29 09:52:55 PM | === Batch 3/275
01/29 09:52:55 PM | loss = 0.481 + 2.548 + 0.081 = 3.109
01/29 09:52:55 PM | attribution_score[0:12]: 
[ 0.98  0.97  0.60  0.60  0.61  0.61  0.62  0.60  0.60  0.87  0.61  0.87 ]
[ 0.84  0.60  0.89  0.60  0.97  0.67  0.85  0.60  0.70  0.95  0.60  0.61 ]
[ 0.91  0.97  0.60  0.90  0.61  0.90  0.81  0.95  0.64  0.63  0.62  0.97 ]
[ 0.66  0.62  0.77  0.87  0.72  0.76  0.65  0.60  0.97  0.60  0.69  0.97 ]
[ 0.60  0.65  0.96  0.64  0.71  0.74  0.89  0.75  0.96  0.89  0.63  0.63 ]
[ 0.65  0.79  0.88  0.63  0.61  0.62  0.65  0.65  0.61  0.60  0.60  0.72 ]
[ 0.77  0.62  0.73  0.64  0.97  0.61  0.61  0.60  0.63  0.97  0.77  0.61 ]
[ 0.60  0.62  0.60  0.82  0.71  0.66  0.73  0.60  0.81  0.65  0.60  0.60 ]
[ 0.60  0.61  0.60  0.60  0.61  0.60  0.60  0.61  0.63  0.60  0.61  0.76 ]
[ 0.62  0.60  0.60  0.60  0.64  0.63  0.60  0.60  0.63  0.60  0.61  0.62 ]
[ 0.60  0.84  0.80  0.61  0.60  0.72  0.78  0.83  0.61  0.69  0.98  0.61 ]
[ 0.92  0.92  0.74  0.79  0.93  0.73  0.88  0.98  0.65  0.92  0.82  0.62 ]
[ 0.98  0.98  0.98  0.61  0.98  0.98  0.87  0.98  0.92  0.98  0.98  0.62 ]

01/29 09:52:55 PM | === Batch 4/275
01/29 09:52:55 PM | loss = 0.751 + 1.667 + 0.102 = 2.521
01/29 09:52:56 PM | attribution_score[0:12]: 
[ 0.98  0.96  0.45  0.46  0.46  0.53  0.49  0.45  0.45  0.80  0.47  0.86 ]
[ 0.81  0.45  0.84  0.46  0.97  0.56  0.86  0.46  0.69  0.93  0.66  0.47 ]
[ 0.93  0.98  0.45  0.93  0.46  0.93  0.74  0.95  0.51  0.49  0.48  0.97 ]
[ 0.53  0.48  0.76  0.89  0.73  0.75  0.56  0.50  0.98  0.53  0.62  0.98 ]
[ 0.60  0.57  0.96  0.60  0.74  0.76  0.87  0.73  0.97  0.83  0.65  0.51 ]
[ 0.60  0.85  0.81  0.52  0.48  0.48  0.61  0.52  0.47  0.57  0.45  0.66 ]
[ 0.71  0.49  0.69  0.65  0.97  0.50  0.51  0.61  0.50  0.98  0.83  0.48 ]
[ 0.45  0.49  0.46  0.76  0.61  0.58  0.65  0.45  0.86  0.53  0.47  0.45 ]
[ 0.46  0.61  0.45  0.62  0.47  0.45  0.48  0.53  0.67  0.45  0.62  0.82 ]
[ 0.59  0.48  0.45  0.45  0.54  0.62  0.45  0.45  0.66  0.45  0.48  0.57 ]
[ 0.46  0.89  0.84  0.63  0.66  0.63  0.84  0.84  0.68  0.75  0.99  0.68 ]
[ 0.92  0.95  0.79  0.86  0.95  0.74  0.92  0.99  0.55  0.92  0.88  0.69 ]
[ 0.99  0.99  0.99  0.63  0.98  0.99  0.91  0.99  0.95  0.98  0.98  0.52 ]

01/29 09:52:56 PM | === Batch 5/275
01/29 09:52:56 PM | loss = 0.793 + 0.947 + 0.113 = 1.853
01/29 09:52:56 PM | attribution_score[0:12]: 
[ 0.99  0.96  0.32  0.32  0.33  0.46  0.37  0.31  0.31  0.76  0.33  0.88 ]
[ 0.81  0.33  0.77  0.32  0.97  0.43  0.90  0.33  0.66  0.90  0.70  0.37 ]
[ 0.95  0.98  0.31  0.94  0.32  0.95  0.64  0.95  0.37  0.36  0.34  0.97 ]
[ 0.40  0.34  0.74  0.90  0.66  0.77  0.50  0.47  0.98  0.51  0.55  0.98 ]
[ 0.66  0.46  0.94  0.56  0.73  0.81  0.85  0.69  0.97  0.78  0.71  0.49 ]
[ 0.56  0.86  0.72  0.40  0.36  0.41  0.66  0.43  0.36  0.60  0.31  0.65 ]
[ 0.73  0.42  0.67  0.60  0.97  0.41  0.41  0.61  0.47  0.98  0.88  0.42 ]
[ 0.31  0.41  0.34  0.67  0.51  0.47  0.54  0.31  0.88  0.41  0.33  0.32 ]
[ 0.38  0.62  0.31  0.67  0.43  0.31  0.38  0.43  0.74  0.36  0.68  0.87 ]
[ 0.60  0.36  0.31  0.31  0.42  0.60  0.31  0.31  0.73  0.31  0.35  0.53 ]
[ 0.40  0.93  0.84  0.69  0.73  0.65  0.89  0.88  0.76  0.81  0.99  0.76 ]
[ 0.90  0.97  0.83  0.90  0.96  0.77  0.94  0.99  0.43  0.90  0.92  0.77 ]
[ 0.99  0.99  0.99  0.71  0.99  0.99  0.93  0.99  0.97  0.98  0.98  0.40 ]

01/29 09:52:56 PM | === Batch 6/275
01/29 09:52:56 PM | loss = 1.012 + 0.368 + 0.098 = 1.477
01/29 09:52:56 PM | attribution_score[0:12]: 
[ 0.99  0.95  0.22  0.20  0.23  0.39  0.27  0.20  0.20  0.77  0.22  0.91 ]
[ 0.83  0.23  0.67  0.21  0.97  0.31  0.92  0.21  0.60  0.87  0.77  0.35 ]
[ 0.97  0.98  0.20  0.95  0.20  0.96  0.53  0.96  0.25  0.25  0.23  0.98 ]
[ 0.31  0.23  0.76  0.91  0.57  0.75  0.53  0.42  0.98  0.48  0.51  0.98 ]
[ 0.73  0.34  0.92  0.50  0.76  0.86  0.83  0.63  0.98  0.78  0.78  0.53 ]
[ 0.59  0.86  0.60  0.30  0.24  0.43  0.73  0.33  0.27  0.66  0.20  0.67 ]
[ 0.79  0.36  0.68  0.57  0.97  0.31  0.30  0.55  0.39  0.98  0.92  0.41 ]
[ 0.20  0.35  0.23  0.56  0.41  0.45  0.56  0.20  0.88  0.29  0.24  0.21 ]
[ 0.29  0.59  0.20  0.73  0.43  0.20  0.28  0.35  0.80  0.30  0.75  0.91 ]
[ 0.58  0.25  0.20  0.20  0.36  0.59  0.20  0.20  0.81  0.21  0.26  0.53 ]
[ 0.42  0.95  0.83  0.75  0.80  0.72  0.92  0.91  0.83  0.84  0.99  0.82 ]
[ 0.90  0.98  0.87  0.93  0.97  0.82  0.95  0.99  0.40  0.88  0.95  0.84 ]
[ 0.99  1.00  1.00  0.77  0.99  1.00  0.95  0.99  0.98  0.97  0.97  0.29 ]

01/29 09:52:57 PM | === Batch 7/275
01/29 09:52:57 PM | loss = 1.174 + 0.097 + 0.083 = 1.354
01/29 09:52:57 PM | attribution_score[0:12]: 
[ 0.99  0.96  0.23  0.16  0.21  0.42  0.24  0.16  0.15  0.81  0.19  0.92 ]
[ 0.87  0.19  0.69  0.17  0.97  0.30  0.94  0.16  0.59  0.89  0.83  0.40 ]
[ 0.97  0.97  0.16  0.96  0.17  0.97  0.55  0.96  0.22  0.20  0.19  0.98 ]
[ 0.26  0.18  0.82  0.93  0.58  0.78  0.60  0.47  0.97  0.53  0.55  0.98 ]
[ 0.79  0.34  0.92  0.50  0.78  0.90  0.83  0.66  0.98  0.82  0.84  0.56 ]
[ 0.66  0.88  0.62  0.29  0.22  0.51  0.80  0.31  0.22  0.74  0.15  0.73 ]
[ 0.85  0.37  0.73  0.61  0.98  0.31  0.26  0.54  0.42  0.98  0.95  0.46 ]
[ 0.15  0.37  0.20  0.53  0.41  0.51  0.63  0.15  0.89  0.29  0.24  0.15 ]
[ 0.30  0.64  0.17  0.80  0.47  0.17  0.26  0.38  0.85  0.33  0.82  0.94 ]
[ 0.63  0.26  0.16  0.16  0.37  0.64  0.18  0.17  0.87  0.20  0.25  0.60 ]
[ 0.48  0.96  0.87  0.78  0.83  0.79  0.94  0.94  0.88  0.86  1.00  0.86 ]
[ 0.92  0.99  0.91  0.94  0.98  0.88  0.95  0.99  0.45  0.89  0.97  0.89 ]
[ 1.00  1.00  1.00  0.82  0.99  1.00  0.96  0.99  0.99  0.97  0.96  0.24 ]

01/29 09:52:57 PM | === Batch 8/275
01/29 09:52:57 PM | loss = 1.276 + 0.027 + 0.075 = 1.379
01/29 09:52:57 PM | attribution_score[0:12]: 
[ 0.99  0.96  0.24  0.12  0.18  0.39  0.21  0.12  0.12  0.81  0.16  0.93 ]
[ 0.91  0.16  0.74  0.13  0.97  0.32  0.96  0.12  0.64  0.92  0.80  0.46 ]
[ 0.98  0.97  0.13  0.97  0.13  0.97  0.54  0.96  0.20  0.16  0.17  0.98 ]
[ 0.22  0.14  0.84  0.95  0.62  0.82  0.58  0.50  0.97  0.56  0.56  0.98 ]
[ 0.84  0.37  0.92  0.49  0.77  0.93  0.82  0.69  0.98  0.86  0.84  0.53 ]
[ 0.72  0.90  0.63  0.29  0.20  0.56  0.82  0.30  0.19  0.78  0.11  0.75 ]
[ 0.89  0.37  0.74  0.68  0.98  0.32  0.23  0.57  0.49  0.98  0.96  0.48 ]
[ 0.11  0.37  0.16  0.48  0.42  0.58  0.72  0.11  0.90  0.27  0.21  0.11 ]
[ 0.31  0.66  0.14  0.83  0.50  0.14  0.22  0.36  0.86  0.35  0.84  0.96 ]
[ 0.62  0.25  0.12  0.12  0.38  0.66  0.16  0.13  0.91  0.17  0.24  0.61 ]
[ 0.50  0.97  0.89  0.78  0.85  0.83  0.94  0.96  0.91  0.87  1.00  0.88 ]
[ 0.94  0.99  0.93  0.95  0.98  0.89  0.96  1.00  0.46  0.91  0.98  0.91 ]
[ 1.00  1.00  1.00  0.85  1.00  1.00  0.97  0.99  0.99  0.98  0.97  0.22 ]

01/29 09:52:57 PM | === Batch 9/275
01/29 09:52:58 PM | loss = 1.127 + 0.038 + 0.070 = 1.234
01/29 09:52:58 PM | attribution_score[0:12]: 
[ 0.99  0.97  0.24  0.09  0.16  0.36  0.19  0.09  0.08  0.77  0.12  0.93 ]
[ 0.94  0.14  0.80  0.09  0.95  0.37  0.97  0.09  0.71  0.94  0.75  0.54 ]
[ 0.98  0.96  0.10  0.97  0.10  0.98  0.50  0.97  0.18  0.13  0.16  0.98 ]
[ 0.18  0.10  0.84  0.96  0.69  0.87  0.56  0.47  0.96  0.53  0.53  0.98 ]
[ 0.86  0.43  0.93  0.51  0.73  0.95  0.79  0.74  0.98  0.91  0.82  0.48 ]
[ 0.80  0.93  0.62  0.32  0.17  0.58  0.81  0.30  0.16  0.82  0.08  0.78 ]
[ 0.92  0.35  0.74  0.75  0.98  0.34  0.19  0.54  0.57  0.99  0.96  0.50 ]
[ 0.08  0.36  0.13  0.44  0.41  0.65  0.78  0.08  0.89  0.24  0.18  0.08 ]
[ 0.30  0.66  0.11  0.83  0.53  0.11  0.17  0.33  0.86  0.36  0.84  0.97 ]
[ 0.58  0.22  0.09  0.10  0.37  0.66  0.14  0.10  0.93  0.14  0.24  0.61 ]
[ 0.50  0.97  0.90  0.76  0.87  0.86  0.95  0.97  0.93  0.87  1.00  0.89 ]
[ 0.95  1.00  0.94  0.96  0.99  0.88  0.97  1.00  0.42  0.93  0.98  0.92 ]
[ 1.00  1.00  1.00  0.89  1.00  1.00  0.97  0.99  0.99  0.98  0.97  0.22 ]

01/29 09:52:58 PM | === Batch 10/275
01/29 09:52:58 PM | loss = 0.791 + 0.010 + 0.065 = 0.867
01/29 09:52:58 PM | attribution_score[0:12]: 
[ 1.00  0.98  0.23  0.06  0.13  0.32  0.16  0.06  0.06  0.75  0.09  0.93 ]
[ 0.96  0.12  0.85  0.07  0.93  0.41  0.98  0.07  0.75  0.96  0.69  0.61 ]
[ 0.99  0.95  0.08  0.98  0.08  0.98  0.44  0.97  0.16  0.10  0.14  0.98 ]
[ 0.14  0.08  0.85  0.97  0.73  0.90  0.55  0.45  0.94  0.50  0.51  0.97 ]
[ 0.87  0.46  0.92  0.48  0.68  0.96  0.75  0.78  0.98  0.93  0.79  0.43 ]
[ 0.83  0.94  0.59  0.31  0.13  0.61  0.79  0.31  0.15  0.84  0.06  0.80 ]
[ 0.94  0.36  0.69  0.80  0.98  0.35  0.16  0.48  0.63  0.99  0.97  0.51 ]
[ 0.06  0.37  0.10  0.40  0.39  0.74  0.83  0.06  0.88  0.22  0.16  0.05 ]
[ 0.29  0.66  0.09  0.83  0.57  0.09  0.13  0.30  0.84  0.34  0.84  0.98 ]
[ 0.53  0.18  0.07  0.07  0.38  0.63  0.12  0.08  0.95  0.11  0.24  0.59 ]
[ 0.50  0.98  0.90  0.74  0.87  0.88  0.95  0.98  0.95  0.86  1.00  0.90 ]
[ 0.96  1.00  0.94  0.96  0.99  0.88  0.97  1.00  0.39  0.94  0.99  0.93 ]
[ 1.00  1.00  1.00  0.91  1.00  1.00  0.98  0.99  1.00  0.99  0.98  0.22 ]

01/29 09:52:58 PM | === Batch 11/275
01/29 09:52:59 PM | loss = 0.837 + 0.082 + 0.061 = 0.979
01/29 09:52:59 PM | attribution_score[0:12]: 
[ 1.00  0.98  0.24  0.05  0.12  0.33  0.15  0.05  0.05  0.77  0.08  0.94 ]
[ 0.97  0.12  0.88  0.06  0.93  0.47  0.99  0.05  0.78  0.97  0.68  0.68 ]
[ 0.99  0.95  0.07  0.98  0.06  0.99  0.45  0.97  0.16  0.09  0.15  0.99 ]
[ 0.12  0.06  0.87  0.97  0.78  0.92  0.56  0.46  0.94  0.51  0.56  0.98 ]
[ 0.89  0.52  0.91  0.50  0.67  0.97  0.76  0.82  0.98  0.95  0.79  0.40 ]
[ 0.85  0.95  0.63  0.30  0.12  0.66  0.77  0.34  0.15  0.86  0.05  0.84 ]
[ 0.95  0.42  0.68  0.84  0.99  0.37  0.15  0.40  0.67  0.99  0.97  0.57 ]
[ 0.04  0.41  0.08  0.42  0.43  0.82  0.87  0.05  0.88  0.25  0.16  0.04 ]
[ 0.32  0.71  0.08  0.83  0.64  0.07  0.11  0.32  0.83  0.35  0.86  0.99 ]
[ 0.53  0.15  0.06  0.06  0.41  0.61  0.12  0.06  0.96  0.10  0.27  0.62 ]
[ 0.52  0.98  0.92  0.72  0.87  0.91  0.95  0.99  0.96  0.85  1.00  0.90 ]
[ 0.97  1.00  0.95  0.97  0.99  0.88  0.97  1.00  0.38  0.95  0.99  0.94 ]
[ 1.00  1.00  1.00  0.92  1.00  1.00  0.98  1.00  1.00  0.99  0.98  0.25 ]

01/29 09:52:59 PM | === Batch 12/275
01/29 09:52:59 PM | loss = 0.806 + 0.047 + 0.058 = 0.912
01/29 09:52:59 PM | attribution_score[0:12]: 
[ 1.00  0.99  0.24  0.04  0.11  0.36  0.14  0.04  0.04  0.78  0.07  0.94 ]
[ 0.98  0.12  0.91  0.05  0.93  0.54  0.99  0.04  0.82  0.98  0.70  0.71 ]
[ 0.99  0.95  0.06  0.98  0.05  0.99  0.45  0.98  0.15  0.08  0.15  0.99 ]
[ 0.09  0.05  0.88  0.97  0.81  0.93  0.55  0.52  0.94  0.53  0.60  0.98 ]
[ 0.90  0.55  0.89  0.51  0.65  0.97  0.79  0.85  0.98  0.96  0.80  0.36 ]
[ 0.85  0.95  0.65  0.26  0.11  0.71  0.76  0.35  0.16  0.86  0.04  0.87 ]
[ 0.96  0.47  0.63  0.85  0.99  0.33  0.13  0.35  0.68  0.99  0.98  0.63 ]
[ 0.03  0.44  0.07  0.42  0.45  0.83  0.90  0.04  0.89  0.27  0.16  0.03 ]
[ 0.34  0.76  0.07  0.84  0.71  0.06  0.09  0.33  0.83  0.35  0.87  0.99 ]
[ 0.54  0.13  0.05  0.05  0.45  0.57  0.11  0.05  0.97  0.09  0.30  0.63 ]
[ 0.54  0.98  0.93  0.71  0.88  0.93  0.95  0.99  0.97  0.83  1.00  0.90 ]
[ 0.97  1.00  0.95  0.97  0.99  0.89  0.97  1.00  0.38  0.96  0.99  0.95 ]
[ 1.00  1.00  1.00  0.93  1.00  1.00  0.98  1.00  1.00  0.99  0.99  0.25 ]

01/29 09:52:59 PM | === Batch 13/275
01/29 09:52:59 PM | loss = 0.618 + 0.104 + 0.055 = 0.777
01/29 09:53:00 PM | attribution_score[0:12]: 
[ 1.00  0.99  0.24  0.03  0.09  0.42  0.13  0.04  0.03  0.81  0.06  0.95 ]
[ 0.98  0.13  0.92  0.04  0.92  0.62  0.99  0.03  0.85  0.98  0.74  0.72 ]
[ 0.99  0.94  0.05  0.99  0.04  0.99  0.44  0.98  0.14  0.06  0.14  0.99 ]
[ 0.08  0.04  0.89  0.98  0.85  0.94  0.56  0.58  0.94  0.56  0.62  0.98 ]
[ 0.91  0.54  0.88  0.51  0.64  0.98  0.81  0.86  0.98  0.97  0.81  0.33 ]
[ 0.85  0.96  0.65  0.23  0.10  0.75  0.75  0.33  0.16  0.84  0.03  0.89 ]
[ 0.96  0.47  0.58  0.86  0.99  0.29  0.12  0.33  0.69  0.99  0.98  0.66 ]
[ 0.03  0.46  0.06  0.40  0.44  0.83  0.91  0.03  0.92  0.29  0.16  0.03 ]
[ 0.33  0.81  0.06  0.85  0.76  0.05  0.08  0.34  0.82  0.32  0.89  0.99 ]
[ 0.54  0.11  0.04  0.04  0.48  0.53  0.10  0.04  0.97  0.08  0.33  0.63 ]
[ 0.53  0.99  0.94  0.70  0.88  0.94  0.96  0.99  0.98  0.83  1.00  0.91 ]
[ 0.98  1.00  0.95  0.98  0.99  0.90  0.97  1.00  0.37  0.97  0.99  0.96 ]
[ 1.00  1.00  1.00  0.93  1.00  1.00  0.99  1.00  1.00  0.99  0.99  0.24 ]

01/29 09:53:00 PM | === Batch 14/275
01/29 09:53:00 PM | loss = 0.740 + 0.137 + 0.053 = 0.929
01/29 09:53:00 PM | attribution_score[0:12]: 
[ 1.00  0.99  0.22  0.03  0.08  0.48  0.12  0.03  0.02  0.82  0.05  0.95 ]
[ 0.99  0.13  0.93  0.03  0.93  0.69  0.99  0.03  0.88  0.98  0.78  0.70 ]
[ 0.99  0.94  0.04  0.99  0.03  0.99  0.42  0.98  0.13  0.05  0.13  0.99 ]
[ 0.07  0.03  0.90  0.98  0.87  0.94  0.56  0.66  0.94  0.59  0.64  0.98 ]
[ 0.92  0.49  0.85  0.51  0.67  0.98  0.83  0.86  0.99  0.97  0.82  0.34 ]
[ 0.85  0.96  0.65  0.20  0.09  0.77  0.73  0.29  0.16  0.82  0.03  0.91 ]
[ 0.97  0.48  0.50  0.85  0.99  0.23  0.11  0.32  0.70  0.99  0.98  0.70 ]
[ 0.02  0.48  0.05  0.38  0.41  0.82  0.93  0.02  0.93  0.29  0.16  0.02 ]
[ 0.29  0.85  0.05  0.85  0.80  0.04  0.06  0.35  0.82  0.29  0.90  0.99 ]
[ 0.53  0.09  0.03  0.04  0.49  0.46  0.09  0.04  0.98  0.07  0.34  0.63 ]
[ 0.53  0.99  0.95  0.72  0.89  0.95  0.96  0.99  0.98  0.83  1.00  0.91 ]
[ 0.98  1.00  0.95  0.98  1.00  0.90  0.98  1.00  0.35  0.98  0.99  0.96 ]
[ 1.00  1.00  1.00  0.94  1.00  1.00  0.99  1.00  1.00  0.99  0.99  0.22 ]

01/29 09:53:00 PM | === Batch 15/275
01/29 09:53:00 PM | loss = 0.657 + 0.138 + 0.050 = 0.846
01/29 09:53:01 PM | attribution_score[0:12]: 
[ 1.00  0.99  0.19  0.02  0.07  0.54  0.11  0.02  0.02  0.84  0.04  0.95 ]
[ 0.99  0.13  0.94  0.03  0.93  0.74  0.99  0.02  0.91  0.99  0.81  0.67 ]
[ 0.99  0.94  0.03  0.99  0.03  0.99  0.37  0.98  0.13  0.05  0.12  0.98 ]
[ 0.06  0.03  0.90  0.98  0.90  0.94  0.58  0.72  0.95  0.61  0.65  0.98 ]
[ 0.93  0.44  0.81  0.53  0.72  0.98  0.85  0.85  0.99  0.98  0.83  0.38 ]
[ 0.86  0.96  0.63  0.17  0.08  0.80  0.74  0.26  0.16  0.81  0.02  0.92 ]
[ 0.97  0.50  0.45  0.84  0.99  0.20  0.10  0.33  0.68  0.99  0.99  0.73 ]
[ 0.02  0.50  0.04  0.33  0.36  0.80  0.94  0.02  0.94  0.27  0.17  0.02 ]
[ 0.26  0.88  0.05  0.86  0.84  0.04  0.05  0.35  0.82  0.27  0.91  1.00 ]
[ 0.53  0.07  0.03  0.03  0.49  0.42  0.08  0.03  0.98  0.06  0.33  0.64 ]
[ 0.52  0.99  0.95  0.73  0.89  0.96  0.96  0.99  0.98  0.83  1.00  0.92 ]
[ 0.98  1.00  0.95  0.98  1.00  0.91  0.98  1.00  0.32  0.98  0.99  0.96 ]
[ 1.00  1.00  1.00  0.94  1.00  1.00  0.99  1.00  1.00  1.00  0.99  0.19 ]

01/29 09:53:01 PM | === Batch 16/275
01/29 09:53:01 PM | loss = 0.504 + 0.124 + 0.048 = 0.675
01/29 09:53:01 PM | attribution_score[0:12]: 
[ 1.00  0.99  0.16  0.02  0.06  0.61  0.10  0.02  0.02  0.84  0.03  0.95 ]
[ 0.99  0.13  0.94  0.02  0.92  0.78  0.99  0.02  0.93  0.99  0.84  0.63 ]
[ 1.00  0.94  0.03  0.99  0.02  0.99  0.33  0.98  0.11  0.04  0.11  0.98 ]
[ 0.05  0.02  0.91  0.97  0.92  0.94  0.61  0.76  0.94  0.61  0.64  0.98 ]
[ 0.93  0.38  0.77  0.55  0.75  0.99  0.85  0.85  0.99  0.98  0.85  0.41 ]
[ 0.86  0.96  0.62  0.15  0.07  0.81  0.75  0.23  0.16  0.79  0.02  0.93 ]
[ 0.97  0.54  0.38  0.84  0.99  0.17  0.09  0.31  0.64  0.99  0.99  0.77 ]
[ 0.02  0.50  0.04  0.29  0.31  0.79  0.95  0.02  0.95  0.25  0.19  0.02 ]
[ 0.24  0.90  0.04  0.87  0.87  0.03  0.05  0.36  0.83  0.25  0.93  1.00 ]
[ 0.53  0.06  0.02  0.03  0.50  0.39  0.07  0.02  0.98  0.05  0.31  0.64 ]
[ 0.51  0.99  0.96  0.73  0.90  0.97  0.97  0.99  0.99  0.82  1.00  0.92 ]
[ 0.98  1.00  0.95  0.99  1.00  0.91  0.98  1.00  0.29  0.98  0.99  0.97 ]
[ 1.00  1.00  1.00  0.95  1.00  1.00  0.99  1.00  1.00  1.00  0.99  0.16 ]

01/29 09:53:01 PM | === Batch 17/275
01/29 09:53:01 PM | loss = 0.528 + 0.090 + 0.046 = 0.665
01/29 09:53:01 PM | attribution_score[0:12]: 
[ 1.00  0.99  0.14  0.01  0.05  0.64  0.09  0.02  0.01  0.86  0.03  0.95 ]
[ 0.99  0.12  0.95  0.02  0.92  0.80  0.99  0.02  0.94  0.99  0.86  0.59 ]
[ 1.00  0.94  0.02  0.99  0.02  0.99  0.28  0.99  0.10  0.03  0.10  0.98 ]
[ 0.05  0.02  0.91  0.97  0.93  0.94  0.65  0.80  0.94  0.59  0.63  0.98 ]
[ 0.93  0.32  0.72  0.55  0.77  0.99  0.85  0.83  0.99  0.98  0.86  0.45 ]
[ 0.87  0.96  0.58  0.13  0.06  0.81  0.75  0.20  0.16  0.77  0.02  0.94 ]
[ 0.97  0.57  0.32  0.83  0.99  0.14  0.07  0.29  0.60  0.99  0.99  0.80 ]
[ 0.01  0.48  0.04  0.25  0.26  0.77  0.96  0.01  0.95  0.24  0.21  0.01 ]
[ 0.22  0.92  0.04  0.88  0.89  0.03  0.04  0.35  0.83  0.24  0.93  1.00 ]
[ 0.51  0.04  0.02  0.02  0.52  0.35  0.06  0.02  0.99  0.04  0.29  0.64 ]
[ 0.49  0.99  0.96  0.72  0.91  0.97  0.97  1.00  0.99  0.81  1.00  0.92 ]
[ 0.99  1.00  0.95  0.99  1.00  0.91  0.98  1.00  0.26  0.98  0.99  0.97 ]
[ 1.00  1.00  1.00  0.96  1.00  1.00  0.99  1.00  1.00  1.00  0.99  0.14 ]

01/29 09:53:01 PM | === Batch 18/275
01/29 09:53:02 PM | loss = 0.457 + 0.042 + 0.044 = 0.544
01/29 09:53:02 PM | attribution_score[0:12]: 
[ 1.00  0.99  0.12  0.01  0.04  0.66  0.08  0.02  0.01  0.88  0.02  0.96 ]
[ 0.99  0.11  0.95  0.02  0.93  0.80  1.00  0.01  0.94  0.99  0.88  0.54 ]
[ 1.00  0.94  0.02  0.99  0.02  0.99  0.24  0.99  0.09  0.03  0.09  0.98 ]
[ 0.04  0.02  0.91  0.97  0.94  0.93  0.70  0.82  0.94  0.55  0.62  0.98 ]
[ 0.93  0.29  0.66  0.51  0.78  0.99  0.84  0.82  0.99  0.98  0.88  0.48 ]
[ 0.86  0.96  0.55  0.11  0.05  0.81  0.73  0.18  0.15  0.73  0.01  0.94 ]
[ 0.97  0.60  0.25  0.82  0.99  0.11  0.06  0.28  0.58  0.99  0.99  0.82 ]
[ 0.01  0.45  0.03  0.22  0.21  0.75  0.96  0.01  0.96  0.24  0.22  0.01 ]
[ 0.21  0.93  0.03  0.88  0.91  0.02  0.03  0.32  0.82  0.25  0.94  1.00 ]
[ 0.48  0.04  0.02  0.02  0.53  0.30  0.05  0.02  0.99  0.03  0.28  0.63 ]
[ 0.46  0.99  0.96  0.71  0.91  0.98  0.97  1.00  0.99  0.79  1.00  0.93 ]
[ 0.99  1.00  0.95  0.99  1.00  0.91  0.98  1.00  0.23  0.98  1.00  0.97 ]
[ 1.00  1.00  1.00  0.96  1.00  1.00  0.99  1.00  1.00  1.00  0.99  0.12 ]

01/29 09:53:02 PM | === Batch 19/275
01/29 09:53:02 PM | loss = 0.384 + 0.027 + 0.043 = 0.454
01/29 09:53:02 PM | attribution_score[0:12]: 
[ 1.00  0.99  0.12  0.01  0.04  0.69  0.07  0.01  0.01  0.90  0.02  0.96 ]
[ 1.00  0.10  0.95  0.01  0.94  0.81  1.00  0.01  0.95  0.99  0.90  0.52 ]
[ 1.00  0.95  0.02  0.99  0.01  0.99  0.22  0.99  0.09  0.02  0.08  0.98 ]
[ 0.04  0.01  0.92  0.97  0.95  0.94  0.74  0.84  0.94  0.55  0.63  0.98 ]
[ 0.93  0.28  0.68  0.50  0.79  0.99  0.83  0.83  0.99  0.99  0.90  0.53 ]
[ 0.87  0.96  0.56  0.09  0.04  0.82  0.73  0.18  0.15  0.67  0.01  0.95 ]
[ 0.97  0.64  0.20  0.82  0.99  0.10  0.06  0.28  0.59  0.99  0.99  0.85 ]
[ 0.01  0.46  0.03  0.22  0.19  0.77  0.97  0.01  0.96  0.27  0.24  0.01 ]
[ 0.22  0.94  0.03  0.89  0.92  0.02  0.03  0.33  0.83  0.27  0.95  1.00 ]
[ 0.48  0.03  0.01  0.02  0.58  0.30  0.05  0.02  0.99  0.03  0.28  0.66 ]
[ 0.46  0.99  0.97  0.69  0.91  0.98  0.97  1.00  0.99  0.78  1.00  0.93 ]
[ 0.99  1.00  0.95  0.99  1.00  0.92  0.98  1.00  0.22  0.98  1.00  0.98 ]
[ 1.00  1.00  1.00  0.96  1.00  1.00  0.99  1.00  1.00  1.00  0.99  0.11 ]

01/29 09:53:02 PM | === Batch 20/275
01/29 09:53:03 PM | loss = 0.634 + 0.015 + 0.041 = 0.691
01/29 09:53:03 PM | === Batch 21/275
01/29 09:53:03 PM | loss = 0.460 + 0.031 + 0.040 = 0.530
01/29 09:53:03 PM | === Batch 22/275
01/29 09:53:04 PM | loss = 0.691 + 0.031 + 0.038 = 0.761
01/29 09:53:04 PM | === Batch 23/275
01/29 09:53:04 PM | loss = 0.488 + 0.015 + 0.037 = 0.540
01/29 09:53:04 PM | === Batch 24/275
01/29 09:53:05 PM | loss = 0.498 + 0.026 + 0.036 = 0.560
01/29 09:53:05 PM | === Batch 25/275
01/29 09:53:05 PM | loss = 0.390 + 0.016 + 0.035 = 0.442
01/29 09:53:05 PM | === Batch 26/275
01/29 09:53:06 PM | loss = 0.427 + 0.032 + 0.034 = 0.493
01/29 09:53:06 PM | === Batch 27/275
01/29 09:53:06 PM | loss = 0.364 + 0.030 + 0.033 = 0.426
01/29 09:53:06 PM | === Batch 28/275
01/29 09:53:07 PM | loss = 0.465 + 0.016 + 0.032 = 0.513
01/29 09:53:07 PM | === Batch 29/275
01/29 09:53:07 PM | loss = 0.523 + 0.010 + 0.031 = 0.564
01/29 09:53:07 PM | === Batch 30/275
01/29 09:53:07 PM | loss = 0.709 + 0.024 + 0.031 = 0.764
01/29 09:53:08 PM | === Batch 31/275
01/29 09:53:08 PM | loss = 0.330 + 0.039 + 0.030 = 0.399
01/29 09:53:08 PM | === Batch 32/275
01/29 09:53:08 PM | loss = 0.403 + 0.041 + 0.029 = 0.473
01/29 09:53:09 PM | === Batch 33/275
01/29 09:53:09 PM | loss = 0.314 + 0.032 + 0.029 = 0.375
01/29 09:53:09 PM | === Batch 34/275
01/29 09:53:09 PM | loss = 0.373 + 0.010 + 0.028 = 0.411
01/29 09:53:09 PM | === Batch 35/275
01/29 09:53:10 PM | loss = 0.493 + 0.042 + 0.028 = 0.563
01/29 09:53:10 PM | === Batch 36/275
01/29 09:53:10 PM | loss = 0.520 + 0.019 + 0.027 = 0.566
01/29 09:53:10 PM | === Batch 37/275
01/29 09:53:10 PM | loss = 0.412 + 0.039 + 0.027 = 0.478
01/29 09:53:11 PM | === Batch 38/275
01/29 09:53:11 PM | loss = 0.397 + 0.069 + 0.026 = 0.492
01/29 09:53:11 PM | === Batch 39/275
01/29 09:53:11 PM | loss = 0.379 + 0.084 + 0.026 = 0.488
01/29 09:53:12 PM | === Batch 40/275
01/29 09:53:12 PM | loss = 0.473 + 0.088 + 0.025 = 0.586
01/29 09:53:12 PM | === Batch 41/275
01/29 09:53:12 PM | loss = 0.395 + 0.082 + 0.025 = 0.502
01/29 09:53:13 PM | === Batch 42/275
01/29 09:53:13 PM | loss = 0.385 + 0.068 + 0.024 = 0.477
01/29 09:53:13 PM | === Batch 43/275
01/29 09:53:13 PM | loss = 0.387 + 0.044 + 0.024 = 0.456
01/29 09:53:14 PM | === Batch 44/275
01/29 09:53:14 PM | loss = 0.287 + 0.014 + 0.024 = 0.325
01/29 09:53:14 PM | === Batch 45/275
01/29 09:53:14 PM | loss = 0.566 + 0.045 + 0.023 = 0.635
01/29 09:53:14 PM | === Batch 46/275
01/29 09:53:15 PM | loss = 0.388 + 0.044 + 0.023 = 0.455
01/29 09:53:15 PM | === Batch 47/275
01/29 09:53:15 PM | loss = 0.658 + 0.010 + 0.022 = 0.690
01/29 09:53:15 PM | === Batch 48/275
01/29 09:53:16 PM | loss = 0.309 + 0.031 + 0.022 = 0.362
01/29 09:53:16 PM | === Batch 49/275
01/29 09:53:16 PM | loss = 0.510 + 0.041 + 0.021 = 0.573
01/29 09:53:16 PM | === Batch 50/275
01/29 09:53:16 PM | loss = 0.594 + 0.043 + 0.021 = 0.658
01/29 09:53:17 PM | === Batch 51/275
01/29 09:53:17 PM | loss = 0.372 + 0.034 + 0.021 = 0.428
01/29 09:53:17 PM | === Batch 52/275
01/29 09:53:17 PM | loss = 0.474 + 0.021 + 0.021 = 0.515
01/29 09:53:18 PM | === Batch 53/275
01/29 09:53:18 PM | loss = 0.303 + 0.000 + 0.021 = 0.324
01/29 09:53:18 PM | === Batch 54/275
01/29 09:53:18 PM | loss = 0.502 + 0.050 + 0.021 = 0.573
01/29 09:53:19 PM | === Batch 55/275
01/29 09:53:19 PM | loss = 0.376 + 0.035 + 0.020 = 0.431
01/29 09:53:19 PM | === Batch 56/275
01/29 09:53:19 PM | loss = 0.621 + 0.016 + 0.020 = 0.658
01/29 09:53:20 PM | === Batch 57/275
01/29 09:53:20 PM | loss = 0.487 + 0.042 + 0.020 = 0.550
01/29 09:53:20 PM | === Batch 58/275
01/29 09:53:20 PM | loss = 0.403 + 0.058 + 0.019 = 0.480
01/29 09:53:21 PM | === Batch 59/275
01/29 09:53:21 PM | loss = 0.282 + 0.064 + 0.019 = 0.364
01/29 09:53:21 PM | === Batch 60/275
01/29 09:53:21 PM | loss = 0.479 + 0.060 + 0.019 = 0.558
01/29 09:53:22 PM | === Batch 61/275
01/29 09:53:22 PM | loss = 0.555 + 0.048 + 0.019 = 0.621
01/29 09:53:22 PM | === Batch 62/275
01/29 09:53:23 PM | loss = 0.580 + 0.030 + 0.019 = 0.628
01/29 09:53:23 PM | === Batch 63/275
01/29 09:53:23 PM | loss = 0.435 + 0.009 + 0.018 = 0.462
01/29 09:53:23 PM | === Batch 64/275
01/29 09:53:24 PM | loss = 0.330 + 0.032 + 0.018 = 0.381
01/29 09:53:24 PM | === Batch 65/275
01/29 09:53:24 PM | loss = 0.480 + 0.029 + 0.018 = 0.527
01/29 09:53:24 PM | === Batch 66/275
01/29 09:53:25 PM | loss = 0.575 + 0.009 + 0.018 = 0.602
01/29 09:53:25 PM | === Batch 67/275
01/29 09:53:25 PM | loss = 0.309 + 0.022 + 0.018 = 0.348
01/29 09:53:25 PM | === Batch 68/275
01/29 09:53:25 PM | loss = 0.364 + 0.025 + 0.017 = 0.406
01/29 09:53:26 PM | === Batch 69/275
01/29 09:53:26 PM | loss = 0.598 + 0.021 + 0.017 = 0.636
01/29 09:53:26 PM | === Batch 70/275
01/29 09:53:26 PM | loss = 0.415 + 0.009 + 0.017 = 0.441
01/29 09:53:27 PM | === Batch 71/275
01/29 09:53:27 PM | loss = 0.572 + 0.016 + 0.017 = 0.605
01/29 09:53:27 PM | === Batch 72/275
01/29 09:53:27 PM | loss = 0.469 + 0.002 + 0.017 = 0.488
01/29 09:53:28 PM | === Batch 73/275
01/29 09:53:28 PM | loss = 0.436 + 0.005 + 0.017 = 0.458
01/29 09:53:28 PM | === Batch 74/275
01/29 09:53:28 PM | loss = 0.336 + 0.001 + 0.017 = 0.354
01/29 09:53:29 PM | === Batch 75/275
01/29 09:53:29 PM | loss = 0.542 + 0.021 + 0.017 = 0.580
01/29 09:53:29 PM | === Batch 76/275
01/29 09:53:29 PM | loss = 0.326 + 0.002 + 0.016 = 0.344
01/29 09:53:29 PM | === Batch 77/275
01/29 09:53:30 PM | loss = 0.313 + 0.006 + 0.016 = 0.335
01/29 09:53:30 PM | === Batch 78/275
01/29 09:53:30 PM | loss = 0.445 + 0.003 + 0.016 = 0.464
01/29 09:53:30 PM | === Batch 79/275
01/29 09:53:30 PM | loss = 0.557 + 0.009 + 0.016 = 0.582
01/29 09:53:31 PM | === Batch 80/275
01/29 09:53:31 PM | loss = 0.518 + 0.012 + 0.016 = 0.546
01/29 09:53:31 PM | === Batch 81/275
01/29 09:53:31 PM | loss = 0.363 + 0.021 + 0.016 = 0.400
01/29 09:53:32 PM | === Batch 82/275
01/29 09:53:32 PM | loss = 0.428 + 0.022 + 0.016 = 0.466
01/29 09:53:32 PM | === Batch 83/275
01/29 09:53:32 PM | loss = 0.336 + 0.017 + 0.016 = 0.368
01/29 09:53:33 PM | === Batch 84/275
01/29 09:53:33 PM | loss = 0.425 + 0.005 + 0.016 = 0.445
01/29 09:53:33 PM | === Batch 85/275
01/29 09:53:33 PM | loss = 0.258 + 0.023 + 0.015 = 0.296
01/29 09:53:33 PM | === Batch 86/275
01/29 09:53:34 PM | loss = 0.455 + 0.009 + 0.015 = 0.479
01/29 09:53:34 PM | === Batch 87/275
01/29 09:53:34 PM | loss = 0.228 + 0.024 + 0.015 = 0.267
01/29 09:53:34 PM | === Batch 88/275
01/29 09:53:35 PM | loss = 0.424 + 0.042 + 0.015 = 0.481
01/29 09:53:35 PM | === Batch 89/275
01/29 09:53:35 PM | loss = 0.390 + 0.051 + 0.015 = 0.455
01/29 09:53:35 PM | === Batch 90/275
01/29 09:53:35 PM | loss = 0.516 + 0.052 + 0.014 = 0.582
01/29 09:53:36 PM | === Batch 91/275
01/29 09:53:36 PM | loss = 0.476 + 0.045 + 0.014 = 0.535
01/29 09:53:36 PM | === Batch 92/275
01/29 09:53:36 PM | loss = 0.326 + 0.030 + 0.014 = 0.370
01/29 09:53:37 PM | === Batch 93/275
01/29 09:53:37 PM | loss = 0.372 + 0.010 + 0.014 = 0.397
01/29 09:53:37 PM | === Batch 94/275
01/29 09:53:37 PM | loss = 0.504 + 0.025 + 0.014 = 0.544
01/29 09:53:37 PM | === Batch 95/275
01/29 09:53:38 PM | loss = 0.466 + 0.020 + 0.014 = 0.501
01/29 09:53:38 PM | === Batch 96/275
01/29 09:53:38 PM | loss = 0.422 + 0.013 + 0.014 = 0.449
01/29 09:53:38 PM | === Batch 97/275
01/29 09:53:39 PM | loss = 0.457 + 0.028 + 0.014 = 0.499
01/29 09:53:39 PM | === Batch 98/275
01/29 09:53:39 PM | loss = 0.473 + 0.035 + 0.014 = 0.522
01/29 09:53:39 PM | === Batch 99/275
01/29 09:53:39 PM | loss = 0.300 + 0.036 + 0.014 = 0.350
01/29 09:53:40 PM | === Batch 100/275
01/29 09:53:40 PM | loss = 0.551 + 0.029 + 0.014 = 0.594
01/29 09:53:40 PM | attribution_score[0:12]: 
[ 1.00  1.00  0.41  0.00  0.00  0.93  0.01  0.00  0.00  0.99  0.00  1.00 ]
[ 1.00  0.01  0.98  0.00  0.99  0.96  1.00  0.00  0.99  1.00  0.95  0.04 ]
[ 1.00  1.00  0.00  1.00  0.00  1.00  0.03  0.98  0.01  0.00  0.03  1.00 ]
[ 0.02  0.00  1.00  1.00  0.87  0.96  0.95  0.11  0.98  0.09  0.95  0.95 ]
[ 0.98  0.21  0.37  0.98  0.79  1.00  0.03  0.39  1.00  0.99  0.98  0.94 ]
[ 0.99  0.99  0.03  0.01  0.01  0.97  0.09  0.08  0.03  0.09  0.00  0.98 ]
[ 0.97  0.99  0.02  0.99  1.00  0.03  0.00  0.94  0.99  1.00  1.00  0.98 ]
[ 0.00  0.01  0.01  0.95  0.05  0.99  0.99  0.00  1.00  0.09  0.96  0.00 ]
[ 0.93  1.00  0.01  0.99  0.99  0.00  0.00  0.02  0.96  0.80  0.99  1.00 ]
[ 0.08  0.00  0.00  0.00  0.98  0.03  0.01  0.00  1.00  0.00  0.03  0.96 ]
[ 0.01  1.00  0.99  0.01  0.98  1.00  0.99  1.00  1.00  0.98  1.00  0.98 ]
[ 1.00  1.00  0.99  1.00  1.00  0.97  1.00  1.00  0.01  1.00  1.00  0.99 ]
[ 1.00  1.00  1.00  0.99  1.00  1.00  1.00  1.00  1.00  1.00  1.00  0.01 ]

01/29 09:53:40 PM | === Batch 101/275
01/29 09:53:41 PM | loss = 0.455 + 0.018 + 0.014 = 0.486
01/29 09:53:41 PM | === Batch 102/275
01/29 09:53:41 PM | loss = 0.254 + 0.001 + 0.014 = 0.269
01/29 09:53:41 PM | === Batch 103/275
01/29 09:53:41 PM | loss = 0.537 + 0.037 + 0.014 = 0.589
01/29 09:53:42 PM | === Batch 104/275
01/29 09:53:42 PM | loss = 0.370 + 0.028 + 0.014 = 0.411
01/29 09:53:42 PM | === Batch 105/275
01/29 09:53:42 PM | loss = 0.522 + 0.012 + 0.013 = 0.547
01/29 09:53:43 PM | === Batch 106/275
01/29 09:53:43 PM | loss = 0.330 + 0.030 + 0.013 = 0.374
01/29 09:53:43 PM | === Batch 107/275
01/29 09:53:43 PM | loss = 0.333 + 0.040 + 0.013 = 0.386
01/29 09:53:43 PM | === Batch 108/275
01/29 09:53:44 PM | loss = 0.479 + 0.041 + 0.013 = 0.533
01/29 09:53:44 PM | === Batch 109/275
01/29 09:53:44 PM | loss = 0.274 + 0.036 + 0.013 = 0.323
01/29 09:53:44 PM | === Batch 110/275
01/29 09:53:45 PM | loss = 0.518 + 0.025 + 0.013 = 0.556
01/29 09:53:45 PM | === Batch 111/275
01/29 09:53:45 PM | loss = 0.590 + 0.010 + 0.013 = 0.613
01/29 09:53:45 PM | === Batch 112/275
01/29 09:53:45 PM | loss = 0.319 + 0.017 + 0.013 = 0.349
01/29 09:53:46 PM | === Batch 113/275
01/29 09:53:46 PM | loss = 0.315 + 0.006 + 0.013 = 0.334
01/29 09:53:46 PM | === Batch 114/275
01/29 09:53:46 PM | loss = 0.378 + 0.022 + 0.013 = 0.414
01/29 09:53:47 PM | === Batch 115/275
01/29 09:53:47 PM | loss = 0.529 + 0.039 + 0.013 = 0.580
01/29 09:53:47 PM | === Batch 116/275
01/29 09:53:47 PM | loss = 0.410 + 0.046 + 0.013 = 0.468
01/29 09:53:47 PM | === Batch 117/275
01/29 09:53:48 PM | loss = 0.348 + 0.045 + 0.012 = 0.406
01/29 09:53:48 PM | === Batch 118/275
01/29 09:53:48 PM | loss = 0.496 + 0.039 + 0.012 = 0.546
01/29 09:53:48 PM | === Batch 119/275
01/29 09:53:49 PM | loss = 0.430 + 0.026 + 0.012 = 0.469
01/29 09:53:49 PM | === Batch 120/275
01/29 09:53:49 PM | loss = 0.418 + 0.011 + 0.012 = 0.440
01/29 09:53:49 PM | === Batch 121/275
01/29 09:53:49 PM | loss = 0.384 + 0.017 + 0.012 = 0.413
01/29 09:53:50 PM | === Batch 122/275
01/29 09:53:50 PM | loss = 0.360 + 0.022 + 0.012 = 0.394
01/29 09:53:50 PM | === Batch 123/275
01/29 09:53:50 PM | loss = 0.219 + 0.005 + 0.012 = 0.236
01/29 09:53:50 PM | === Batch 124/275
01/29 09:53:51 PM | loss = 0.444 + 0.013 + 0.012 = 0.469
01/29 09:53:51 PM | === Batch 125/275
01/29 09:53:51 PM | loss = 0.494 + 0.015 + 0.012 = 0.520
01/29 09:53:51 PM | === Batch 126/275
01/29 09:53:52 PM | loss = 0.284 + 0.012 + 0.012 = 0.307
01/29 09:53:52 PM | === Batch 127/275
01/29 09:53:52 PM | loss = 0.432 + 0.005 + 0.012 = 0.448
01/29 09:53:52 PM | === Batch 128/275
01/29 09:53:52 PM | loss = 0.341 + 0.014 + 0.012 = 0.366
01/29 09:53:53 PM | === Batch 129/275
01/29 09:53:53 PM | loss = 0.257 + 0.002 + 0.011 = 0.270
01/29 09:53:53 PM | === Batch 130/275
01/29 09:53:53 PM | loss = 0.272 + 0.022 + 0.011 = 0.305
01/29 09:53:53 PM | === Batch 131/275
01/29 09:53:54 PM | loss = 0.486 + 0.036 + 0.011 = 0.534
01/29 09:53:54 PM | === Batch 132/275
01/29 09:53:54 PM | loss = 0.359 + 0.045 + 0.011 = 0.415
01/29 09:53:54 PM | === Batch 133/275
01/29 09:53:54 PM | loss = 0.409 + 0.046 + 0.011 = 0.466
01/29 09:53:55 PM | === Batch 134/275
01/29 09:53:55 PM | loss = 0.391 + 0.045 + 0.011 = 0.447
01/29 09:53:55 PM | === Batch 135/275
01/29 09:53:55 PM | loss = 0.288 + 0.038 + 0.011 = 0.338
01/29 09:53:56 PM | === Batch 136/275
01/29 09:53:56 PM | loss = 0.448 + 0.028 + 0.011 = 0.487
01/29 09:53:56 PM | === Batch 137/275
01/29 09:53:56 PM | loss = 0.339 + 0.013 + 0.011 = 0.362
01/29 09:53:56 PM | === Batch 138/275
01/29 09:53:57 PM | loss = 0.524 + 0.009 + 0.011 = 0.543
01/29 09:53:57 PM | === Batch 139/275
01/29 09:53:57 PM | loss = 0.274 + 0.011 + 0.011 = 0.296
01/29 09:53:57 PM | === Batch 140/275
01/29 09:53:58 PM | loss = 0.489 + 0.010 + 0.011 = 0.510
01/29 09:53:58 PM | === Batch 141/275
01/29 09:53:58 PM | loss = 0.480 + 0.020 + 0.010 = 0.510
01/29 09:53:58 PM | === Batch 142/275
01/29 09:53:58 PM | loss = 0.223 + 0.023 + 0.010 = 0.257
01/29 09:53:59 PM | === Batch 143/275
01/29 09:53:59 PM | loss = 0.471 + 0.022 + 0.010 = 0.504
01/29 09:53:59 PM | === Batch 144/275
01/29 09:53:59 PM | loss = 0.370 + 0.016 + 0.010 = 0.397
01/29 09:54:00 PM | === Batch 145/275
01/29 09:54:00 PM | loss = 0.331 + 0.006 + 0.010 = 0.348
01/29 09:54:00 PM | === Batch 146/275
01/29 09:54:00 PM | loss = 0.395 + 0.012 + 0.010 = 0.417
01/29 09:54:01 PM | === Batch 147/275
01/29 09:54:01 PM | loss = 0.453 + 0.005 + 0.010 = 0.468
01/29 09:54:01 PM | === Batch 148/275
01/29 09:54:01 PM | loss = 0.443 + 0.017 + 0.010 = 0.470
01/29 09:54:02 PM | === Batch 149/275
01/29 09:54:02 PM | loss = 0.374 + 0.031 + 0.010 = 0.415
01/29 09:54:02 PM | === Batch 150/275
01/29 09:54:02 PM | loss = 0.385 + 0.041 + 0.010 = 0.436
01/29 09:54:02 PM | === Batch 151/275
01/29 09:54:03 PM | loss = 0.172 + 0.045 + 0.010 = 0.227
01/29 09:54:03 PM | === Batch 152/275
01/29 09:54:03 PM | loss = 0.320 + 0.043 + 0.010 = 0.373
01/29 09:54:03 PM | === Batch 153/275
01/29 09:54:03 PM | loss = 0.288 + 0.038 + 0.010 = 0.336
01/29 09:54:04 PM | === Batch 154/275
01/29 09:54:04 PM | loss = 0.499 + 0.030 + 0.009 = 0.539
01/29 09:54:04 PM | === Batch 155/275
01/29 09:54:04 PM | loss = 0.373 + 0.018 + 0.009 = 0.400
01/29 09:54:05 PM | === Batch 156/275
01/29 09:54:05 PM | loss = 0.539 + 0.003 + 0.009 = 0.551
01/29 09:54:05 PM | === Batch 157/275
01/29 09:54:05 PM | loss = 0.687 + 0.028 + 0.009 = 0.724
01/29 09:54:05 PM | === Batch 158/275
01/29 09:54:06 PM | loss = 0.321 + 0.029 + 0.009 = 0.360
01/29 09:54:06 PM | === Batch 159/275
01/29 09:54:06 PM | loss = 0.253 + 0.006 + 0.009 = 0.268
01/29 09:54:06 PM | === Batch 160/275
01/29 09:54:07 PM | loss = 0.276 + 0.021 + 0.009 = 0.306
01/29 09:54:07 PM | === Batch 161/275
01/29 09:54:07 PM | loss = 0.398 + 0.037 + 0.009 = 0.444
01/29 09:54:07 PM | === Batch 162/275
01/29 09:54:07 PM | loss = 0.322 + 0.047 + 0.009 = 0.378
01/29 09:54:08 PM | === Batch 163/275
01/29 09:54:08 PM | loss = 0.411 + 0.053 + 0.009 = 0.473
01/29 09:54:08 PM | === Batch 164/275
01/29 09:54:08 PM | loss = 0.321 + 0.055 + 0.009 = 0.385
01/29 09:54:09 PM | === Batch 165/275
01/29 09:54:09 PM | loss = 0.357 + 0.052 + 0.009 = 0.418
01/29 09:54:09 PM | === Batch 166/275
01/29 09:54:09 PM | loss = 0.266 + 0.046 + 0.009 = 0.320
01/29 09:54:09 PM | === Batch 167/275
01/29 09:54:10 PM | loss = 0.514 + 0.035 + 0.009 = 0.558
01/29 09:54:10 PM | === Batch 168/275
01/29 09:54:10 PM | loss = 0.367 + 0.025 + 0.009 = 0.401
01/29 09:54:10 PM | === Batch 169/275
01/29 09:54:11 PM | loss = 0.232 + 0.012 + 0.009 = 0.252
01/29 09:54:11 PM | === Batch 170/275
01/29 09:54:11 PM | loss = 0.317 + 0.008 + 0.009 = 0.333
01/29 09:54:11 PM | === Batch 171/275
01/29 09:54:11 PM | loss = 0.301 + 0.007 + 0.008 = 0.316
01/29 09:54:12 PM | === Batch 172/275
01/29 09:54:12 PM | loss = 0.378 + 0.007 + 0.008 = 0.393
01/29 09:54:12 PM | === Batch 173/275
01/29 09:54:12 PM | loss = 0.284 + 0.012 + 0.008 = 0.304
01/29 09:54:13 PM | === Batch 174/275
01/29 09:54:13 PM | loss = 0.488 + 0.012 + 0.008 = 0.507
01/29 09:54:13 PM | === Batch 175/275
01/29 09:54:13 PM | loss = 0.376 + 0.007 + 0.008 = 0.391
01/29 09:54:13 PM | === Batch 176/275
01/29 09:54:14 PM | loss = 0.332 + 0.001 + 0.008 = 0.340
01/29 09:54:14 PM | === Batch 177/275
01/29 09:54:14 PM | loss = 0.418 + 0.003 + 0.008 = 0.428
01/29 09:54:14 PM | === Batch 178/275
01/29 09:54:15 PM | loss = 0.349 + 0.002 + 0.008 = 0.359
01/29 09:54:15 PM | === Batch 179/275
01/29 09:54:15 PM | loss = 0.301 + 0.003 + 0.008 = 0.312
01/29 09:54:15 PM | === Batch 180/275
01/29 09:54:16 PM | loss = 0.487 + 0.007 + 0.008 = 0.501
01/29 09:54:16 PM | === Batch 181/275
01/29 09:54:16 PM | loss = 0.328 + 0.011 + 0.008 = 0.347
01/29 09:54:16 PM | === Batch 182/275
01/29 09:54:16 PM | loss = 0.654 + 0.014 + 0.008 = 0.675
01/29 09:54:17 PM | === Batch 183/275
01/29 09:54:17 PM | loss = 0.262 + 0.014 + 0.008 = 0.283
01/29 09:54:17 PM | === Batch 184/275
01/29 09:54:17 PM | loss = 0.472 + 0.011 + 0.008 = 0.491
01/29 09:54:18 PM | === Batch 185/275
01/29 09:54:18 PM | loss = 0.272 + 0.006 + 0.008 = 0.286
01/29 09:54:18 PM | === Batch 186/275
01/29 09:54:18 PM | loss = 0.322 + 0.003 + 0.007 = 0.332
01/29 09:54:18 PM | === Batch 187/275
01/29 09:54:19 PM | loss = 0.413 + 0.001 + 0.007 = 0.421
01/29 09:54:19 PM | === Batch 188/275
01/29 09:54:19 PM | loss = 0.539 + 0.001 + 0.007 = 0.547
01/29 09:54:19 PM | === Batch 189/275
01/29 09:54:20 PM | loss = 0.364 + 0.007 + 0.007 = 0.378
01/29 09:54:20 PM | === Batch 190/275
01/29 09:54:20 PM | loss = 0.355 + 0.012 + 0.007 = 0.374
01/29 09:54:20 PM | === Batch 191/275
01/29 09:54:20 PM | loss = 0.252 + 0.014 + 0.007 = 0.273
01/29 09:54:21 PM | === Batch 192/275
01/29 09:54:21 PM | loss = 0.374 + 0.013 + 0.007 = 0.394
01/29 09:54:21 PM | === Batch 193/275
01/29 09:54:21 PM | loss = 0.367 + 0.008 + 0.007 = 0.382
01/29 09:54:22 PM | === Batch 194/275
01/29 09:54:22 PM | loss = 0.244 + 0.001 + 0.007 = 0.252
01/29 09:54:22 PM | === Batch 195/275
01/29 09:54:22 PM | loss = 0.422 + 0.016 + 0.007 = 0.445
01/29 09:54:23 PM | === Batch 196/275
01/29 09:54:23 PM | loss = 0.478 + 0.015 + 0.007 = 0.501
01/29 09:54:23 PM | === Batch 197/275
01/29 09:54:23 PM | loss = 0.307 + 0.003 + 0.007 = 0.317
01/29 09:54:23 PM | === Batch 198/275
01/29 09:54:24 PM | loss = 0.413 + 0.011 + 0.007 = 0.431
01/29 09:54:24 PM | === Batch 199/275
01/29 09:54:24 PM | loss = 0.276 + 0.015 + 0.007 = 0.297
01/29 09:54:24 PM | === Batch 200/275
01/29 09:54:25 PM | loss = 0.404 + 0.015 + 0.007 = 0.426
01/29 09:54:25 PM | attribution_score[0:12]: 
[ 1.00  1.00  0.09  0.00  0.00  0.82  0.00  0.00  0.00  0.99  0.00  1.00 ]
[ 1.00  0.00  0.98  0.00  0.99  0.95  1.00  0.00  0.98  1.00  0.99  0.03 ]
[ 1.00  0.99  0.00  1.00  0.00  1.00  0.02  0.99  0.01  0.00  0.01  1.00 ]
[ 0.01  0.00  1.00  1.00  0.97  0.98  0.95  0.10  0.95  0.08  0.98  0.99 ]
[ 0.99  0.96  0.99  0.99  0.98  0.99  0.01  0.02  1.00  0.99  0.99  0.98 ]
[ 1.00  1.00  0.01  0.00  0.01  0.98  0.02  0.01  0.02  0.00  0.00  0.99 ]
[ 0.99  1.00  0.01  1.00  1.00  0.00  0.00  0.77  0.99  1.00  0.99  0.99 ]
[ 0.00  0.01  0.00  0.99  0.01  0.99  1.00  0.00  1.00  0.02  0.97  0.00 ]
[ 0.97  1.00  0.00  0.99  0.99  0.00  0.00  0.03  0.98  0.97  1.00  1.00 ]
[ 0.02  0.00  0.00  0.00  0.99  0.01  0.00  0.00  1.00  0.00  0.03  0.98 ]
[ 0.00  1.00  1.00  0.00  0.99  1.00  0.99  1.00  1.00  0.99  1.00  0.99 ]
[ 1.00  1.00  0.99  1.00  1.00  0.99  1.00  1.00  0.01  1.00  1.00  1.00 ]
[ 1.00  1.00  1.00  0.99  1.00  1.00  1.00  1.00  1.00  1.00  1.00  0.00 ]

01/29 09:54:25 PM | === Batch 201/275
01/29 09:54:25 PM | loss = 0.354 + 0.011 + 0.007 = 0.372
01/29 09:54:25 PM | === Batch 202/275
01/29 09:54:25 PM | loss = 0.499 + 0.005 + 0.007 = 0.510
01/29 09:54:26 PM | === Batch 203/275
01/29 09:54:26 PM | loss = 0.422 + 0.007 + 0.007 = 0.435
01/29 09:54:26 PM | === Batch 204/275
01/29 09:54:26 PM | loss = 0.528 + 0.003 + 0.007 = 0.538
01/29 09:54:26 PM | === Batch 205/275
01/29 09:54:27 PM | loss = 0.417 + 0.009 + 0.007 = 0.433
01/29 09:54:27 PM | === Batch 206/275
01/29 09:54:27 PM | loss = 0.413 + 0.017 + 0.007 = 0.437
01/29 09:54:27 PM | === Batch 207/275
01/29 09:54:28 PM | loss = 0.331 + 0.022 + 0.007 = 0.360
01/29 09:54:28 PM | === Batch 208/275
01/29 09:54:28 PM | loss = 0.452 + 0.023 + 0.007 = 0.481
01/29 09:54:28 PM | === Batch 209/275
01/29 09:54:29 PM | loss = 0.392 + 0.019 + 0.007 = 0.419
01/29 09:54:29 PM | === Batch 210/275
01/29 09:54:29 PM | loss = 0.337 + 0.013 + 0.007 = 0.357
01/29 09:54:29 PM | === Batch 211/275
01/29 09:54:29 PM | loss = 0.318 + 0.004 + 0.007 = 0.329
01/29 09:54:30 PM | === Batch 212/275
01/29 09:54:30 PM | loss = 0.574 + 0.013 + 0.007 = 0.594
01/29 09:54:30 PM | === Batch 213/275
01/29 09:54:30 PM | loss = 0.610 + 0.014 + 0.007 = 0.632
01/29 09:54:31 PM | === Batch 214/275
01/29 09:54:31 PM | loss = 0.440 + 0.004 + 0.007 = 0.450
01/29 09:54:31 PM | === Batch 215/275
01/29 09:54:31 PM | loss = 0.364 + 0.012 + 0.007 = 0.383
01/29 09:54:31 PM | === Batch 216/275
01/29 09:54:32 PM | loss = 0.364 + 0.016 + 0.007 = 0.387
01/29 09:54:32 PM | === Batch 217/275
01/29 09:54:32 PM | loss = 0.364 + 0.016 + 0.007 = 0.387
01/29 09:54:32 PM | === Batch 218/275
01/29 09:54:32 PM | loss = 0.390 + 0.012 + 0.007 = 0.409
01/29 09:54:33 PM | === Batch 219/275
01/29 09:54:33 PM | loss = 0.318 + 0.006 + 0.007 = 0.331
01/29 09:54:33 PM | === Batch 220/275
01/29 09:54:33 PM | loss = 0.400 + 0.006 + 0.007 = 0.413
01/29 09:54:34 PM | === Batch 221/275
01/29 09:54:34 PM | loss = 0.341 + 0.004 + 0.007 = 0.351
01/29 09:54:34 PM | === Batch 222/275
01/29 09:54:34 PM | loss = 0.433 + 0.009 + 0.007 = 0.449
01/29 09:54:35 PM | === Batch 223/275
01/29 09:54:35 PM | loss = 0.300 + 0.015 + 0.007 = 0.322
01/29 09:54:35 PM | === Batch 224/275
01/29 09:54:35 PM | loss = 0.428 + 0.017 + 0.007 = 0.452
01/29 09:54:35 PM | === Batch 225/275
01/29 09:54:36 PM | loss = 0.445 + 0.015 + 0.007 = 0.467
01/29 09:54:36 PM | === Batch 226/275
01/29 09:54:36 PM | loss = 0.494 + 0.010 + 0.007 = 0.511
01/29 09:54:36 PM | === Batch 227/275
01/29 09:54:36 PM | loss = 0.595 + 0.005 + 0.007 = 0.607
01/29 09:54:37 PM | === Batch 228/275
01/29 09:54:37 PM | loss = 0.438 + 0.009 + 0.007 = 0.454
01/29 09:54:37 PM | === Batch 229/275
01/29 09:54:37 PM | loss = 0.534 + 0.001 + 0.007 = 0.543
01/29 09:54:38 PM | === Batch 230/275
01/29 09:54:38 PM | loss = 0.341 + 0.015 + 0.007 = 0.362
01/29 09:54:38 PM | === Batch 231/275
01/29 09:54:38 PM | loss = 0.488 + 0.024 + 0.007 = 0.518
01/29 09:54:38 PM | === Batch 232/275
01/29 09:54:39 PM | loss = 0.455 + 0.030 + 0.007 = 0.491
01/29 09:54:39 PM | === Batch 233/275
01/29 09:54:39 PM | loss = 0.504 + 0.031 + 0.007 = 0.542
01/29 09:54:39 PM | === Batch 234/275
01/29 09:54:40 PM | loss = 0.323 + 0.030 + 0.007 = 0.359
01/29 09:54:40 PM | === Batch 235/275
01/29 09:54:40 PM | loss = 0.326 + 0.026 + 0.007 = 0.359
01/29 09:54:40 PM | === Batch 236/275
01/29 09:54:41 PM | loss = 0.379 + 0.021 + 0.007 = 0.407
01/29 09:54:41 PM | === Batch 237/275
01/29 09:54:41 PM | loss = 0.366 + 0.015 + 0.006 = 0.388
01/29 09:54:41 PM | === Batch 238/275
01/29 09:54:41 PM | loss = 0.402 + 0.008 + 0.006 = 0.416
01/29 09:54:42 PM | === Batch 239/275
01/29 09:54:42 PM | loss = 0.394 + 0.003 + 0.006 = 0.404
01/29 09:54:42 PM | === Batch 240/275
01/29 09:54:42 PM | loss = 0.443 + 0.000 + 0.006 = 0.450
01/29 09:54:43 PM | === Batch 241/275
01/29 09:54:43 PM | loss = 0.497 + 0.001 + 0.006 = 0.505
01/29 09:54:43 PM | === Batch 242/275
01/29 09:54:43 PM | loss = 0.331 + 0.008 + 0.006 = 0.345
01/29 09:54:43 PM | === Batch 243/275
01/29 09:54:44 PM | loss = 0.483 + 0.013 + 0.006 = 0.502
01/29 09:54:44 PM | === Batch 244/275
01/29 09:54:44 PM | loss = 0.391 + 0.015 + 0.006 = 0.413
01/29 09:54:44 PM | === Batch 245/275
01/29 09:54:44 PM | loss = 0.346 + 0.016 + 0.006 = 0.368
01/29 09:54:45 PM | === Batch 246/275
01/29 09:54:45 PM | loss = 0.282 + 0.013 + 0.006 = 0.302
01/29 09:54:45 PM | === Batch 247/275
01/29 09:54:45 PM | loss = 0.404 + 0.008 + 0.006 = 0.419
01/29 09:54:46 PM | === Batch 248/275
01/29 09:54:46 PM | loss = 0.388 + 0.001 + 0.006 = 0.396
01/29 09:54:46 PM | === Batch 249/275
01/29 09:54:46 PM | loss = 0.378 + 0.001 + 0.006 = 0.385
01/29 09:54:46 PM | === Batch 250/275
01/29 09:54:47 PM | loss = 0.280 + 0.003 + 0.006 = 0.289
01/29 09:54:47 PM | === Batch 251/275
01/29 09:54:47 PM | loss = 0.409 + 0.006 + 0.006 = 0.422
01/29 09:54:47 PM | === Batch 252/275
01/29 09:54:48 PM | loss = 0.415 + 0.012 + 0.006 = 0.433
01/29 09:54:48 PM | === Batch 253/275
01/29 09:54:48 PM | loss = 0.311 + 0.013 + 0.006 = 0.331
01/29 09:54:48 PM | === Batch 254/275
01/29 09:54:48 PM | loss = 0.469 + 0.012 + 0.006 = 0.488
01/29 09:54:49 PM | === Batch 255/275
01/29 09:54:49 PM | loss = 0.557 + 0.006 + 0.007 = 0.569
01/29 09:54:49 PM | === Batch 256/275
01/29 09:54:49 PM | loss = 0.386 + 0.004 + 0.007 = 0.398
01/29 09:54:50 PM | === Batch 257/275
01/29 09:54:50 PM | loss = 0.447 + 0.003 + 0.007 = 0.456
01/29 09:54:50 PM | === Batch 258/275
01/29 09:54:50 PM | loss = 0.320 + 0.005 + 0.007 = 0.332
01/29 09:54:50 PM | === Batch 259/275
01/29 09:54:51 PM | loss = 0.434 + 0.004 + 0.007 = 0.445
01/29 09:54:51 PM | === Batch 260/275
01/29 09:54:51 PM | loss = 0.308 + 0.000 + 0.007 = 0.315
01/29 09:54:51 PM | === Batch 261/275
01/29 09:54:51 PM | loss = 0.530 + 0.008 + 0.007 = 0.545
01/29 09:54:52 PM | === Batch 262/275
01/29 09:54:52 PM | loss = 0.533 + 0.012 + 0.007 = 0.551
01/29 09:54:52 PM | === Batch 263/275
01/29 09:54:52 PM | loss = 0.366 + 0.012 + 0.007 = 0.384
01/29 09:54:53 PM | === Batch 264/275
01/29 09:54:53 PM | loss = 0.315 + 0.008 + 0.007 = 0.330
01/29 09:54:53 PM | === Batch 265/275
01/29 09:54:53 PM | loss = 0.355 + 0.001 + 0.007 = 0.362
01/29 09:54:54 PM | === Batch 266/275
01/29 09:54:54 PM | loss = 0.380 + 0.019 + 0.007 = 0.406
01/29 09:54:54 PM | === Batch 267/275
01/29 09:54:54 PM | loss = 0.455 + 0.014 + 0.007 = 0.477
01/29 09:54:55 PM | === Batch 268/275
01/29 09:54:55 PM | loss = 0.281 + 0.006 + 0.007 = 0.294
01/29 09:54:55 PM | === Batch 269/275
01/29 09:54:55 PM | loss = 0.340 + 0.014 + 0.007 = 0.361
01/29 09:54:56 PM | === Batch 270/275
01/29 09:54:56 PM | loss = 0.383 + 0.015 + 0.007 = 0.405
01/29 09:54:56 PM | === Batch 271/275
01/29 09:54:56 PM | loss = 0.448 + 0.014 + 0.007 = 0.469
01/29 09:54:57 PM | === Batch 272/275
01/29 09:54:57 PM | loss = 0.341 + 0.007 + 0.007 = 0.355
01/29 09:54:57 PM | === Batch 273/275
01/29 09:54:57 PM | loss = 0.356 + 0.004 + 0.007 = 0.367
01/29 09:54:57 PM | === Batch 274/275
01/29 09:54:58 PM | loss = 0.449 + 0.003 + 0.007 = 0.459
01/29 09:54:58 PM | === Batch 275/275
01/29 09:54:58 PM | loss = 0.451 + 0.004 + 0.007 = 0.462
01/29 09:54:59 PM | ===
Best loss was 0.25 at iteration 194

01/29 09:54:59 PM | Looking for optimal threshold...
01/29 09:54:59 PM | Testing threshold 0.5
01/29 09:54:59 PM | Distance to target: 876,760
01/29 09:54:59 PM | Testing threshold 0.75
01/29 09:54:59 PM | Distance to target: 406,728
01/29 09:54:59 PM | Testing threshold 0.625
01/29 09:54:59 PM | Distance to target: 143,512
01/29 09:54:59 PM | Testing threshold 0.6875
01/29 09:54:59 PM | Distance to target: 24
01/29 09:55:00 PM | attribution_score[0:12]: 
[ 1.00  1.00  0.00  0.00  0.00  1.00  0.00  0.00  0.00  1.00  0.00  1.00 ]
[ 1.00  0.00  1.00  0.00  1.00  1.00  1.00  0.00  1.00  1.00  1.00  0.00 ]
[ 1.00  1.00  0.00  1.00  0.00  1.00  0.00  1.00  0.00  0.00  0.00  1.00 ]
[ 0.00  0.00  1.00  1.00  1.00  1.00  1.00  0.00  1.00  0.00  1.00  1.00 ]
[ 1.00  1.00  1.00  1.00  1.00  1.00  0.00  0.00  1.00  1.00  1.00  1.00 ]
[ 1.00  1.00  0.00  0.00  0.00  1.00  0.00  0.00  0.00  0.00  0.00  1.00 ]
[ 1.00  1.00  0.00  1.00  1.00  0.00  0.00  1.00  1.00  1.00  1.00  1.00 ]
[ 0.00  0.00  0.00  1.00  0.00  1.00  1.00  0.00  1.00  0.00  1.00  0.00 ]
[ 1.00  1.00  0.00  1.00  1.00  0.00  0.00  0.00  1.00  1.00  1.00  1.00 ]
[ 0.00  0.00  0.00  0.00  1.00  0.00  0.00  0.00  1.00  0.00  0.00  1.00 ]
[ 0.00  1.00  1.00  0.00  1.00  1.00  1.00  1.00  1.00  1.00  1.00  1.00 ]
[ 1.00  1.00  1.00  1.00  1.00  1.00  1.00  1.00  0.00  1.00  1.00  1.00 ]
[ 1.00  1.00  1.00  1.00  1.00  1.00  1.00  1.00  1.00  1.00  1.00  0.00 ]

01/29 09:55:00 PM | VGG(
  (features): Sequential(
    (conv0): Conv2d(3, 27, kernel_size=(3, 3), stride=(1, 1), padding=(1, 1))
    (norm0): BatchNorm2d(27, eps=1e-05, momentum=0.1, affine=True, track_running_stats=True)
    (relu0): ReLU(inplace=True)
    (conv1): Conv2d(27, 47, kernel_size=(3, 3), stride=(1, 1), padding=(1, 1))
    (norm1): BatchNorm2d(47, eps=1e-05, momentum=0.1, affine=True, track_running_stats=True)
    (relu1): ReLU(inplace=True)
    (pool2): MaxPool2d(kernel_size=2, stride=2, padding=0, dilation=1, ceil_mode=False)
    (conv3): Conv2d(47, 71, kernel_size=(3, 3), stride=(1, 1), padding=(1, 1))
    (norm3): BatchNorm2d(71, eps=1e-05, momentum=0.1, affine=True, track_running_stats=True)
    (relu3): ReLU(inplace=True)
    (conv4): Conv2d(71, 99, kernel_size=(3, 3), stride=(1, 1), padding=(1, 1))
    (norm4): BatchNorm2d(99, eps=1e-05, momentum=0.1, affine=True, track_running_stats=True)
    (relu4): ReLU(inplace=True)
    (pool5): MaxPool2d(kernel_size=2, stride=2, padding=0, dilation=1, ceil_mode=False)
    (conv6): Conv2d(99, 156, kernel_size=(3, 3), stride=(1, 1), padding=(1, 1))
    (norm6): BatchNorm2d(156, eps=1e-05, momentum=0.1, affine=True, track_running_stats=True)
    (relu6): ReLU(inplace=True)
    (conv7): Conv2d(156, 135, kernel_size=(3, 3), stride=(1, 1), padding=(1, 1))
    (norm7): BatchNorm2d(135, eps=1e-05, momentum=0.1, affine=True, track_running_stats=True)
    (relu7): ReLU(inplace=True)
    (conv8): Conv2d(135, 162, kernel_size=(3, 3), stride=(1, 1), padding=(1, 1))
    (norm8): BatchNorm2d(162, eps=1e-05, momentum=0.1, affine=True, track_running_stats=True)
    (relu8): ReLU(inplace=True)
    (pool9): MaxPool2d(kernel_size=2, stride=2, padding=0, dilation=1, ceil_mode=False)
    (conv10): Conv2d(162, 239, kernel_size=(3, 3), stride=(1, 1), padding=(1, 1))
    (norm10): BatchNorm2d(239, eps=1e-05, momentum=0.1, affine=True, track_running_stats=True)
    (relu10): ReLU(inplace=True)
    (conv11): Conv2d(239, 192, kernel_size=(3, 3), stride=(1, 1), padding=(1, 1))
    (norm11): BatchNorm2d(192, eps=1e-05, momentum=0.1, affine=True, track_running_stats=True)
    (relu11): ReLU(inplace=True)
    (conv12): Conv2d(192, 259, kernel_size=(3, 3), stride=(1, 1), padding=(1, 1))
    (norm12): BatchNorm2d(259, eps=1e-05, momentum=0.1, affine=True, track_running_stats=True)
    (relu12): ReLU(inplace=True)
    (pool13): MaxPool2d(kernel_size=2, stride=2, padding=0, dilation=1, ceil_mode=False)
    (conv14): Conv2d(259, 399, kernel_size=(3, 3), stride=(1, 1), padding=(1, 1))
    (norm14): BatchNorm2d(399, eps=1e-05, momentum=0.1, affine=True, track_running_stats=True)
    (relu14): ReLU(inplace=True)
    (conv15): Conv2d(399, 452, kernel_size=(3, 3), stride=(1, 1), padding=(1, 1))
    (norm15): BatchNorm2d(452, eps=1e-05, momentum=0.1, affine=True, track_running_stats=True)
    (relu15): ReLU(inplace=True)
    (conv16): Conv2d(452, 506, kernel_size=(3, 3), stride=(1, 1), padding=(1, 1))
    (norm16): BatchNorm2d(506, eps=1e-05, momentum=0.1, affine=True, track_running_stats=True)
    (relu16): ReLU(inplace=True)
  )
  (classifier): Sequential(
    (linear1): Linear(in_features=506, out_features=512, bias=True)
    (norm1): BatchNorm1d(512, eps=1e-05, momentum=0.1, affine=True, track_running_stats=True)
    (relu1): ReLU(inplace=True)
    (linear2): Linear(in_features=512, out_features=10, bias=True)
  )
)
01/29 09:55:08 PM | ----------------------------------------
01/29 09:55:08 PM | Performances input model:
01/29 09:55:08 PM |  - flops: 314,294,272
01/29 09:55:08 PM |  - params: 14,991,946
01/29 09:55:08 PM |  - accuracy: 93.95999908447266
01/29 09:55:08 PM | ----------------------------------------
01/29 09:55:08 PM | Performances pseudo-pruned model:
01/29 09:55:08 PM |  - flops: 314,294,272
01/29 09:55:08 PM |  - params: 14,991,946
01/29 09:55:08 PM |  - accuracy: 83.25
01/29 09:55:08 PM | ----------------------------------------
01/29 09:55:08 PM | Performances pruned model:
01/29 09:55:08 PM |  - flops: 108,498,304
01/29 09:55:08 PM |  - params: 6,725,395
01/29 09:55:08 PM |  - accuracy: 83.25
01/29 09:55:08 PM | ----------------------------------------
01/29 09:55:08 PM | Total time: 142.30s
