01/29 03:18:53 AM | args = Namespace(output_dir='result/rebuttal/nb_epoch/vgg/nbbtchs60/seed_00', loaded_model_path='./checkpoints/cifar10/vgg_16_bn.pt', resume=False, test_only=False, mode='prune', batch_size=64, nb_batches=60, Mflops_target=None, lr=0.6, momentum=0.9, beta=6, gamma=0.4, gpu='0', num_workers=4, dataset='cifar10', arch='vgg_16_bn', save_plot=False, seed=0, lr_finetuning=0.02, epoch_finetuning=200, wd=0.002, data_dir='./data/cifar10/', print_freq=200, num_classes=10, device_ids=[0], device=device(type='cuda', index=0), name_base='')
01/29 03:18:59 AM | ----------------------------------------
01/29 03:18:59 AM | ==> Building model...
01/29 03:18:59 AM | ----------------------------------------
01/29 03:18:59 AM | ==> Loading weights into the model...
01/29 03:18:59 AM | ----------------------------------------
01/29 03:18:59 AM | VGG(
  (features): Sequential(
    (conv0): Conv2d(3, 64, kernel_size=(3, 3), stride=(1, 1), padding=(1, 1))
    (norm0): BatchNorm2d(64, eps=1e-05, momentum=0.1, affine=True, track_running_stats=True)
    (relu0): ReLU(inplace=True)
    (conv1): Conv2d(64, 64, kernel_size=(3, 3), stride=(1, 1), padding=(1, 1))
    (norm1): BatchNorm2d(64, eps=1e-05, momentum=0.1, affine=True, track_running_stats=True)
    (relu1): ReLU(inplace=True)
    (pool2): MaxPool2d(kernel_size=2, stride=2, padding=0, dilation=1, ceil_mode=False)
    (conv3): Conv2d(64, 128, kernel_size=(3, 3), stride=(1, 1), padding=(1, 1))
    (norm3): BatchNorm2d(128, eps=1e-05, momentum=0.1, affine=True, track_running_stats=True)
    (relu3): ReLU(inplace=True)
    (conv4): Conv2d(128, 128, kernel_size=(3, 3), stride=(1, 1), padding=(1, 1))
    (norm4): BatchNorm2d(128, eps=1e-05, momentum=0.1, affine=True, track_running_stats=True)
    (relu4): ReLU(inplace=True)
    (pool5): MaxPool2d(kernel_size=2, stride=2, padding=0, dilation=1, ceil_mode=False)
    (conv6): Conv2d(128, 256, kernel_size=(3, 3), stride=(1, 1), padding=(1, 1))
    (norm6): BatchNorm2d(256, eps=1e-05, momentum=0.1, affine=True, track_running_stats=True)
    (relu6): ReLU(inplace=True)
    (conv7): Conv2d(256, 256, kernel_size=(3, 3), stride=(1, 1), padding=(1, 1))
    (norm7): BatchNorm2d(256, eps=1e-05, momentum=0.1, affine=True, track_running_stats=True)
    (relu7): ReLU(inplace=True)
    (conv8): Conv2d(256, 256, kernel_size=(3, 3), stride=(1, 1), padding=(1, 1))
    (norm8): BatchNorm2d(256, eps=1e-05, momentum=0.1, affine=True, track_running_stats=True)
    (relu8): ReLU(inplace=True)
    (pool9): MaxPool2d(kernel_size=2, stride=2, padding=0, dilation=1, ceil_mode=False)
    (conv10): Conv2d(256, 512, kernel_size=(3, 3), stride=(1, 1), padding=(1, 1))
    (norm10): BatchNorm2d(512, eps=1e-05, momentum=0.1, affine=True, track_running_stats=True)
    (relu10): ReLU(inplace=True)
    (conv11): Conv2d(512, 512, kernel_size=(3, 3), stride=(1, 1), padding=(1, 1))
    (norm11): BatchNorm2d(512, eps=1e-05, momentum=0.1, affine=True, track_running_stats=True)
    (relu11): ReLU(inplace=True)
    (conv12): Conv2d(512, 512, kernel_size=(3, 3), stride=(1, 1), padding=(1, 1))
    (norm12): BatchNorm2d(512, eps=1e-05, momentum=0.1, affine=True, track_running_stats=True)
    (relu12): ReLU(inplace=True)
    (pool13): MaxPool2d(kernel_size=2, stride=2, padding=0, dilation=1, ceil_mode=False)
    (conv14): Conv2d(512, 512, kernel_size=(3, 3), stride=(1, 1), padding=(1, 1))
    (norm14): BatchNorm2d(512, eps=1e-05, momentum=0.1, affine=True, track_running_stats=True)
    (relu14): ReLU(inplace=True)
    (conv15): Conv2d(512, 512, kernel_size=(3, 3), stride=(1, 1), padding=(1, 1))
    (norm15): BatchNorm2d(512, eps=1e-05, momentum=0.1, affine=True, track_running_stats=True)
    (relu15): ReLU(inplace=True)
    (conv16): Conv2d(512, 512, kernel_size=(3, 3), stride=(1, 1), padding=(1, 1))
    (norm16): BatchNorm2d(512, eps=1e-05, momentum=0.1, affine=True, track_running_stats=True)
    (relu16): ReLU(inplace=True)
  )
  (classifier): Sequential(
    (linear1): Linear(in_features=512, out_features=512, bias=True)
    (norm1): BatchNorm1d(512, eps=1e-05, momentum=0.1, affine=True, track_running_stats=True)
    (relu1): ReLU(inplace=True)
    (linear2): Linear(in_features=512, out_features=10, bias=True)
  )
)
01/29 03:19:00 AM | Save modules info...
01/29 03:19:00 AM | FLOPS pruning ratio is 0.65
01/29 03:19:00 AM | Pruning with information flow
01/29 03:19:00 AM | -----
01/29 03:19:00 AM | module: Conv2d(3, 64, kernel_size=(3, 3), stride=(1, 1), padding=(1, 1))
01/29 03:19:00 AM | cin: None
01/29 03:19:00 AM | cout: [0]
01/29 03:19:00 AM | inactive
01/29 03:19:00 AM | -----
01/29 03:19:00 AM | module: BatchNorm2d(64, eps=1e-05, momentum=0.1, affine=True, track_running_stats=True)
01/29 03:19:00 AM | cin: [0]
01/29 03:19:00 AM | cout: [0]
01/29 03:19:00 AM | inactive
01/29 03:19:00 AM | -----
01/29 03:19:00 AM | module: ReLU(inplace=True)
01/29 03:19:00 AM | cin: [0]
01/29 03:19:00 AM | cout: [0]
01/29 03:19:00 AM | active
01/29 03:19:00 AM | -----
01/29 03:19:00 AM | module: Conv2d(64, 64, kernel_size=(3, 3), stride=(1, 1), padding=(1, 1))
01/29 03:19:00 AM | cin: [0]
01/29 03:19:00 AM | cout: [1]
01/29 03:19:00 AM | inactive
01/29 03:19:00 AM | -----
01/29 03:19:00 AM | module: BatchNorm2d(64, eps=1e-05, momentum=0.1, affine=True, track_running_stats=True)
01/29 03:19:00 AM | cin: [1]
01/29 03:19:00 AM | cout: [1]
01/29 03:19:00 AM | inactive
01/29 03:19:00 AM | -----
01/29 03:19:00 AM | module: ReLU(inplace=True)
01/29 03:19:00 AM | cin: [1]
01/29 03:19:00 AM | cout: [1]
01/29 03:19:00 AM | active
01/29 03:19:00 AM | -----
01/29 03:19:00 AM | module: MaxPool2d(kernel_size=2, stride=2, padding=0, dilation=1, ceil_mode=False)
01/29 03:19:00 AM | cin: [1]
01/29 03:19:00 AM | cout: [1]
01/29 03:19:00 AM | inactive
01/29 03:19:00 AM | -----
01/29 03:19:00 AM | module: Conv2d(64, 128, kernel_size=(3, 3), stride=(1, 1), padding=(1, 1))
01/29 03:19:00 AM | cin: [1]
01/29 03:19:00 AM | cout: [2]
01/29 03:19:00 AM | inactive
01/29 03:19:00 AM | -----
01/29 03:19:00 AM | module: BatchNorm2d(128, eps=1e-05, momentum=0.1, affine=True, track_running_stats=True)
01/29 03:19:00 AM | cin: [2]
01/29 03:19:00 AM | cout: [2]
01/29 03:19:00 AM | inactive
01/29 03:19:00 AM | -----
01/29 03:19:00 AM | module: ReLU(inplace=True)
01/29 03:19:00 AM | cin: [2]
01/29 03:19:00 AM | cout: [2]
01/29 03:19:00 AM | active
01/29 03:19:00 AM | -----
01/29 03:19:00 AM | module: Conv2d(128, 128, kernel_size=(3, 3), stride=(1, 1), padding=(1, 1))
01/29 03:19:00 AM | cin: [2]
01/29 03:19:00 AM | cout: [3]
01/29 03:19:00 AM | inactive
01/29 03:19:00 AM | -----
01/29 03:19:00 AM | module: BatchNorm2d(128, eps=1e-05, momentum=0.1, affine=True, track_running_stats=True)
01/29 03:19:00 AM | cin: [3]
01/29 03:19:00 AM | cout: [3]
01/29 03:19:00 AM | inactive
01/29 03:19:00 AM | -----
01/29 03:19:00 AM | module: ReLU(inplace=True)
01/29 03:19:00 AM | cin: [3]
01/29 03:19:00 AM | cout: [3]
01/29 03:19:00 AM | active
01/29 03:19:00 AM | -----
01/29 03:19:00 AM | module: MaxPool2d(kernel_size=2, stride=2, padding=0, dilation=1, ceil_mode=False)
01/29 03:19:00 AM | cin: [3]
01/29 03:19:00 AM | cout: [3]
01/29 03:19:00 AM | inactive
01/29 03:19:00 AM | -----
01/29 03:19:00 AM | module: Conv2d(128, 256, kernel_size=(3, 3), stride=(1, 1), padding=(1, 1))
01/29 03:19:00 AM | cin: [3]
01/29 03:19:00 AM | cout: [4]
01/29 03:19:00 AM | inactive
01/29 03:19:00 AM | -----
01/29 03:19:00 AM | module: BatchNorm2d(256, eps=1e-05, momentum=0.1, affine=True, track_running_stats=True)
01/29 03:19:00 AM | cin: [4]
01/29 03:19:00 AM | cout: [4]
01/29 03:19:00 AM | inactive
01/29 03:19:00 AM | -----
01/29 03:19:00 AM | module: ReLU(inplace=True)
01/29 03:19:00 AM | cin: [4]
01/29 03:19:00 AM | cout: [4]
01/29 03:19:00 AM | active
01/29 03:19:00 AM | -----
01/29 03:19:00 AM | module: Conv2d(256, 256, kernel_size=(3, 3), stride=(1, 1), padding=(1, 1))
01/29 03:19:00 AM | cin: [4]
01/29 03:19:00 AM | cout: [5]
01/29 03:19:00 AM | inactive
01/29 03:19:00 AM | -----
01/29 03:19:00 AM | module: BatchNorm2d(256, eps=1e-05, momentum=0.1, affine=True, track_running_stats=True)
01/29 03:19:00 AM | cin: [5]
01/29 03:19:00 AM | cout: [5]
01/29 03:19:00 AM | inactive
01/29 03:19:00 AM | -----
01/29 03:19:00 AM | module: ReLU(inplace=True)
01/29 03:19:00 AM | cin: [5]
01/29 03:19:00 AM | cout: [5]
01/29 03:19:00 AM | active
01/29 03:19:00 AM | -----
01/29 03:19:00 AM | module: Conv2d(256, 256, kernel_size=(3, 3), stride=(1, 1), padding=(1, 1))
01/29 03:19:00 AM | cin: [5]
01/29 03:19:00 AM | cout: [6]
01/29 03:19:00 AM | inactive
01/29 03:19:00 AM | -----
01/29 03:19:00 AM | module: BatchNorm2d(256, eps=1e-05, momentum=0.1, affine=True, track_running_stats=True)
01/29 03:19:00 AM | cin: [6]
01/29 03:19:00 AM | cout: [6]
01/29 03:19:00 AM | inactive
01/29 03:19:00 AM | -----
01/29 03:19:00 AM | module: ReLU(inplace=True)
01/29 03:19:00 AM | cin: [6]
01/29 03:19:00 AM | cout: [6]
01/29 03:19:00 AM | active
01/29 03:19:00 AM | -----
01/29 03:19:00 AM | module: MaxPool2d(kernel_size=2, stride=2, padding=0, dilation=1, ceil_mode=False)
01/29 03:19:00 AM | cin: [6]
01/29 03:19:00 AM | cout: [6]
01/29 03:19:00 AM | inactive
01/29 03:19:00 AM | -----
01/29 03:19:00 AM | module: Conv2d(256, 512, kernel_size=(3, 3), stride=(1, 1), padding=(1, 1))
01/29 03:19:00 AM | cin: [6]
01/29 03:19:00 AM | cout: [7]
01/29 03:19:00 AM | inactive
01/29 03:19:00 AM | -----
01/29 03:19:00 AM | module: BatchNorm2d(512, eps=1e-05, momentum=0.1, affine=True, track_running_stats=True)
01/29 03:19:00 AM | cin: [7]
01/29 03:19:00 AM | cout: [7]
01/29 03:19:00 AM | inactive
01/29 03:19:00 AM | -----
01/29 03:19:00 AM | module: ReLU(inplace=True)
01/29 03:19:00 AM | cin: [7]
01/29 03:19:00 AM | cout: [7]
01/29 03:19:00 AM | active
01/29 03:19:00 AM | -----
01/29 03:19:00 AM | module: Conv2d(512, 512, kernel_size=(3, 3), stride=(1, 1), padding=(1, 1))
01/29 03:19:00 AM | cin: [7]
01/29 03:19:00 AM | cout: [8]
01/29 03:19:00 AM | inactive
01/29 03:19:00 AM | -----
01/29 03:19:00 AM | module: BatchNorm2d(512, eps=1e-05, momentum=0.1, affine=True, track_running_stats=True)
01/29 03:19:00 AM | cin: [8]
01/29 03:19:00 AM | cout: [8]
01/29 03:19:00 AM | inactive
01/29 03:19:00 AM | -----
01/29 03:19:00 AM | module: ReLU(inplace=True)
01/29 03:19:00 AM | cin: [8]
01/29 03:19:00 AM | cout: [8]
01/29 03:19:00 AM | active
01/29 03:19:00 AM | -----
01/29 03:19:00 AM | module: Conv2d(512, 512, kernel_size=(3, 3), stride=(1, 1), padding=(1, 1))
01/29 03:19:00 AM | cin: [8]
01/29 03:19:00 AM | cout: [9]
01/29 03:19:00 AM | inactive
01/29 03:19:00 AM | -----
01/29 03:19:00 AM | module: BatchNorm2d(512, eps=1e-05, momentum=0.1, affine=True, track_running_stats=True)
01/29 03:19:00 AM | cin: [9]
01/29 03:19:00 AM | cout: [9]
01/29 03:19:00 AM | inactive
01/29 03:19:00 AM | -----
01/29 03:19:00 AM | module: ReLU(inplace=True)
01/29 03:19:00 AM | cin: [9]
01/29 03:19:00 AM | cout: [9]
01/29 03:19:00 AM | active
01/29 03:19:00 AM | -----
01/29 03:19:00 AM | module: MaxPool2d(kernel_size=2, stride=2, padding=0, dilation=1, ceil_mode=False)
01/29 03:19:00 AM | cin: [9]
01/29 03:19:00 AM | cout: [9]
01/29 03:19:00 AM | inactive
01/29 03:19:00 AM | -----
01/29 03:19:00 AM | module: Conv2d(512, 512, kernel_size=(3, 3), stride=(1, 1), padding=(1, 1))
01/29 03:19:00 AM | cin: [9]
01/29 03:19:00 AM | cout: [10]
01/29 03:19:00 AM | inactive
01/29 03:19:00 AM | -----
01/29 03:19:00 AM | module: BatchNorm2d(512, eps=1e-05, momentum=0.1, affine=True, track_running_stats=True)
01/29 03:19:00 AM | cin: [10]
01/29 03:19:00 AM | cout: [10]
01/29 03:19:00 AM | inactive
01/29 03:19:00 AM | -----
01/29 03:19:00 AM | module: ReLU(inplace=True)
01/29 03:19:00 AM | cin: [10]
01/29 03:19:00 AM | cout: [10]
01/29 03:19:00 AM | active
01/29 03:19:00 AM | -----
01/29 03:19:00 AM | module: Conv2d(512, 512, kernel_size=(3, 3), stride=(1, 1), padding=(1, 1))
01/29 03:19:00 AM | cin: [10]
01/29 03:19:00 AM | cout: [11]
01/29 03:19:00 AM | inactive
01/29 03:19:00 AM | -----
01/29 03:19:00 AM | module: BatchNorm2d(512, eps=1e-05, momentum=0.1, affine=True, track_running_stats=True)
01/29 03:19:00 AM | cin: [11]
01/29 03:19:00 AM | cout: [11]
01/29 03:19:00 AM | inactive
01/29 03:19:00 AM | -----
01/29 03:19:00 AM | module: ReLU(inplace=True)
01/29 03:19:00 AM | cin: [11]
01/29 03:19:00 AM | cout: [11]
01/29 03:19:00 AM | active
01/29 03:19:00 AM | -----
01/29 03:19:00 AM | module: Conv2d(512, 512, kernel_size=(3, 3), stride=(1, 1), padding=(1, 1))
01/29 03:19:00 AM | cin: [11]
01/29 03:19:00 AM | cout: [12]
01/29 03:19:00 AM | inactive
01/29 03:19:00 AM | -----
01/29 03:19:00 AM | module: BatchNorm2d(512, eps=1e-05, momentum=0.1, affine=True, track_running_stats=True)
01/29 03:19:00 AM | cin: [12]
01/29 03:19:00 AM | cout: [12]
01/29 03:19:00 AM | inactive
01/29 03:19:00 AM | -----
01/29 03:19:00 AM | module: ReLU(inplace=True)
01/29 03:19:00 AM | cin: [12]
01/29 03:19:00 AM | cout: [12]
01/29 03:19:00 AM | active
01/29 03:19:00 AM | -----
01/29 03:19:00 AM | module: Linear(in_features=512, out_features=512, bias=True)
01/29 03:19:00 AM | cin: [12]
01/29 03:19:00 AM | cout: None
01/29 03:19:00 AM | inactive
01/29 03:19:00 AM | -----
01/29 03:19:00 AM | module: ReLU(inplace=True)
01/29 03:19:00 AM | cin: None
01/29 03:19:00 AM | cout: None
01/29 03:19:00 AM | active
01/29 03:19:00 AM | -----
01/29 03:19:00 AM | module: Linear(in_features=512, out_features=10, bias=True)
01/29 03:19:00 AM | cin: None
01/29 03:19:00 AM | cout: None
01/29 03:19:00 AM | inactive
01/29 03:19:00 AM | Used masks: [0, 1, 2, 3, 4, 5, 6, 7, 8, 9, 10, 11, 12]
01/29 03:19:00 AM | 13 unique masks in total
01/29 03:19:01 AM | === Batch 1/60
01/29 03:19:01 AM | loss = 0.047 + 4.266 + 0.040 = 4.353
01/29 03:19:01 AM | attribution_score[0:12]: 
[ 0.94  0.83  0.83  0.83  0.83  0.83  0.83  0.83  0.83  0.83  0.83  0.83 ]
[ 0.83  0.83  0.83  0.83  0.83  0.83  0.83  0.83  0.83  0.83  0.83  0.83 ]
[ 0.94  0.83  0.83  0.83  0.83  0.83  0.83  0.83  0.83  0.83  0.83  0.94 ]
[ 0.83  0.83  0.94  0.83  0.83  0.83  0.83  0.83  0.83  0.83  0.83  0.83 ]
[ 0.83  0.83  0.94  0.83  0.83  0.83  0.83  0.83  0.83  0.83  0.83  0.83 ]
[ 0.83  0.83  0.83  0.83  0.83  0.83  0.83  0.83  0.83  0.83  0.83  0.83 ]
[ 0.83  0.83  0.94  0.83  0.83  0.83  0.83  0.83  0.83  0.83  0.83  0.83 ]
[ 0.83  0.83  0.83  0.83  0.83  0.83  0.83  0.83  0.83  0.83  0.83  0.83 ]
[ 0.83  0.83  0.83  0.83  0.83  0.83  0.83  0.83  0.83  0.83  0.83  0.83 ]
[ 0.83  0.83  0.83  0.83  0.83  0.83  0.83  0.83  0.83  0.83  0.83  0.83 ]
[ 0.83  0.83  0.83  0.83  0.83  0.83  0.83  0.83  0.83  0.83  0.94  0.83 ]
[ 0.83  0.94  0.83  0.83  0.83  0.83  0.83  0.94  0.83  0.83  0.83  0.83 ]
[ 0.94  0.94  0.94  0.94  0.94  0.94  0.83  0.83  0.94  0.94  0.94  0.83 ]

01/29 03:19:01 AM | === Batch 2/60
01/29 03:19:02 AM | loss = 0.345 + 3.308 + 0.062 = 3.715
01/29 03:19:02 AM | attribution_score[0:12]: 
[ 0.96  0.88  0.77  0.73  0.75  0.73  0.73  0.73  0.73  0.73  0.73  0.81 ]
[ 0.87  0.76  0.75  0.74  0.87  0.73  0.74  0.73  0.73  0.86  0.88  0.74 ]
[ 0.96  0.88  0.74  0.88  0.73  0.88  0.86  0.77  0.74  0.74  0.73  0.96 ]
[ 0.73  0.83  0.96  0.74  0.76  0.73  0.85  0.87  0.81  0.85  0.73  0.88 ]
[ 0.83  0.76  0.96  0.74  0.75  0.73  0.73  0.75  0.74  0.74  0.86  0.85 ]
[ 0.73  0.75  0.77  0.74  0.73  0.80  0.74  0.74  0.73  0.74  0.73  0.86 ]
[ 0.74  0.73  0.94  0.74  0.74  0.75  0.74  0.73  0.76  0.74  0.86  0.75 ]
[ 0.73  0.73  0.73  0.73  0.74  0.73  0.73  0.73  0.74  0.73  0.73  0.82 ]
[ 0.75  0.73  0.73  0.73  0.74  0.73  0.73  0.73  0.74  0.73  0.80  0.73 ]
[ 0.73  0.73  0.73  0.73  0.85  0.74  0.73  0.73  0.74  0.73  0.75  0.73 ]
[ 0.73  0.75  0.85  0.74  0.73  0.86  0.73  0.75  0.81  0.73  0.96  0.74 ]
[ 0.88  0.97  0.76  0.87  0.88  0.86  0.74  0.97  0.84  0.88  0.87  0.74 ]
[ 0.97  0.96  0.97  0.91  0.97  0.96  0.88  0.88  0.96  0.97  0.97  0.73 ]

01/29 03:19:02 AM | === Batch 3/60
01/29 03:19:02 AM | loss = 0.339 + 2.497 + 0.081 = 2.918
01/29 03:19:02 AM | attribution_score[0:12]: 
[ 0.98  0.90  0.68  0.60  0.64  0.61  0.60  0.60  0.60  0.60  0.61  0.86 ]
[ 0.89  0.66  0.78  0.61  0.90  0.67  0.63  0.61  0.69  0.90  0.91  0.62 ]
[ 0.97  0.91  0.62  0.92  0.60  0.92  0.86  0.68  0.62  0.62  0.60  0.98 ]
[ 0.61  0.84  0.97  0.70  0.66  0.76  0.80  0.90  0.81  0.82  0.68  0.91 ]
[ 0.78  0.66  0.97  0.63  0.79  0.60  0.60  0.64  0.75  0.61  0.85  0.85 ]
[ 0.62  0.65  0.68  0.61  0.60  0.74  0.61  0.62  0.62  0.62  0.60  0.85 ]
[ 0.64  0.61  0.94  0.64  0.64  0.64  0.61  0.69  0.66  0.78  0.90  0.63 ]
[ 0.60  0.60  0.61  0.60  0.61  0.60  0.60  0.60  0.70  0.61  0.60  0.80 ]
[ 0.65  0.67  0.60  0.60  0.62  0.60  0.60  0.60  0.66  0.60  0.80  0.68 ]
[ 0.64  0.61  0.60  0.60  0.87  0.67  0.60  0.60  0.72  0.60  0.63  0.63 ]
[ 0.61  0.79  0.89  0.61  0.61  0.90  0.79  0.76  0.86  0.71  0.98  0.75 ]
[ 0.91  0.98  0.78  0.91  0.93  0.89  0.79  0.98  0.81  0.92  0.91  0.80 ]
[ 0.98  0.98  0.98  0.90  0.98  0.98  0.92  0.93  0.98  0.98  0.98  0.60 ]

01/29 03:19:02 AM | === Batch 4/60
01/29 03:19:02 AM | loss = 0.558 + 1.677 + 0.101 = 2.336
01/29 03:19:03 AM | attribution_score[0:12]: 
[ 0.98  0.92  0.57  0.46  0.50  0.47  0.46  0.45  0.45  0.46  0.46  0.84 ]
[ 0.90  0.56  0.83  0.47  0.90  0.58  0.61  0.46  0.72  0.92  0.91  0.48 ]
[ 0.98  0.94  0.48  0.94  0.45  0.94  0.87  0.64  0.48  0.49  0.48  0.98 ]
[ 0.47  0.85  0.96  0.73  0.57  0.82  0.74  0.92  0.78  0.80  0.64  0.92 ]
[ 0.71  0.53  0.98  0.53  0.85  0.47  0.45  0.51  0.80  0.56  0.82  0.80 ]
[ 0.61  0.64  0.55  0.46  0.47  0.64  0.50  0.50  0.50  0.49  0.45  0.82 ]
[ 0.53  0.47  0.93  0.53  0.52  0.52  0.57  0.73  0.71  0.84  0.94  0.50 ]
[ 0.45  0.46  0.46  0.45  0.50  0.45  0.57  0.45  0.73  0.47  0.48  0.73 ]
[ 0.55  0.71  0.45  0.61  0.50  0.45  0.47  0.47  0.65  0.45  0.83  0.74 ]
[ 0.62  0.47  0.45  0.45  0.84  0.65  0.46  0.45  0.77  0.45  0.52  0.56 ]
[ 0.47  0.85  0.93  0.60  0.64  0.92  0.85  0.79  0.90  0.77  0.99  0.81 ]
[ 0.91  0.99  0.84  0.95  0.95  0.90  0.85  0.99  0.74  0.94  0.94  0.86 ]
[ 0.99  0.99  0.99  0.92  0.99  0.99  0.95  0.96  0.98  0.99  0.99  0.56 ]

01/29 03:19:03 AM | === Batch 5/60
01/29 03:19:03 AM | loss = 0.910 + 1.011 + 0.111 = 2.031
01/29 03:19:03 AM | attribution_score[0:12]: 
[ 0.99  0.93  0.47  0.31  0.37  0.33  0.32  0.31  0.31  0.33  0.32  0.83 ]
[ 0.92  0.45  0.84  0.33  0.90  0.47  0.65  0.32  0.72  0.93  0.91  0.45 ]
[ 0.99  0.95  0.34  0.95  0.32  0.96  0.87  0.61  0.35  0.36  0.35  0.98 ]
[ 0.37  0.81  0.95  0.78  0.49  0.85  0.74  0.94  0.72  0.79  0.63  0.92 ]
[ 0.73  0.53  0.98  0.45  0.89  0.40  0.32  0.38  0.84  0.57  0.79  0.73 ]
[ 0.61  0.69  0.43  0.33  0.34  0.52  0.46  0.44  0.39  0.35  0.31  0.76 ]
[ 0.57  0.35  0.91  0.42  0.59  0.40  0.59  0.80  0.78  0.82  0.95  0.37 ]
[ 0.31  0.32  0.32  0.31  0.48  0.31  0.54  0.31  0.79  0.33  0.38  0.64 ]
[ 0.44  0.73  0.31  0.68  0.37  0.31  0.36  0.34  0.70  0.31  0.81  0.81 ]
[ 0.63  0.36  0.31  0.31  0.79  0.65  0.33  0.31  0.83  0.31  0.40  0.48 ]
[ 0.33  0.90  0.94  0.65  0.72  0.90  0.89  0.77  0.93  0.84  0.99  0.87 ]
[ 0.91  0.99  0.89  0.96  0.97  0.89  0.89  0.99  0.65  0.95  0.96  0.91 ]
[ 0.99  0.99  0.99  0.93  0.99  0.99  0.96  0.97  0.99  0.99  0.99  0.47 ]

01/29 03:19:03 AM | === Batch 6/60
01/29 03:19:03 AM | loss = 0.937 + 0.463 + 0.095 = 1.495
01/29 03:19:04 AM | attribution_score[0:12]: 
[ 0.99  0.94  0.38  0.20  0.26  0.22  0.21  0.20  0.20  0.21  0.21  0.85 ]
[ 0.93  0.34  0.84  0.22  0.88  0.35  0.71  0.21  0.73  0.94  0.91  0.45 ]
[ 0.99  0.95  0.23  0.96  0.20  0.96  0.85  0.64  0.24  0.25  0.24  0.99 ]
[ 0.30  0.75  0.94  0.81  0.50  0.88  0.72  0.95  0.64  0.76  0.56  0.92 ]
[ 0.72  0.51  0.99  0.44  0.90  0.39  0.23  0.28  0.87  0.63  0.76  0.65 ]
[ 0.67  0.74  0.31  0.23  0.23  0.40  0.44  0.39  0.31  0.31  0.20  0.67 ]
[ 0.65  0.26  0.90  0.39  0.63  0.39  0.55  0.80  0.80  0.85  0.95  0.25 ]
[ 0.20  0.21  0.21  0.20  0.43  0.20  0.50  0.20  0.78  0.21  0.28  0.55 ]
[ 0.41  0.72  0.20  0.69  0.30  0.20  0.25  0.23  0.74  0.25  0.76  0.82 ]
[ 0.60  0.26  0.20  0.20  0.78  0.68  0.23  0.20  0.88  0.20  0.30  0.40 ]
[ 0.24  0.93  0.94  0.63  0.75  0.89  0.92  0.80  0.95  0.86  0.99  0.90 ]
[ 0.93  0.99  0.91  0.97  0.97  0.87  0.92  1.00  0.52  0.95  0.97  0.93 ]
[ 0.99  0.99  1.00  0.95  1.00  1.00  0.97  0.97  0.99  0.99  0.99  0.46 ]

01/29 03:19:04 AM | === Batch 7/60
01/29 03:19:04 AM | loss = 1.051 + 0.027 + 0.081 = 1.159
01/29 03:19:04 AM | attribution_score[0:12]: 
[ 0.99  0.94  0.31  0.12  0.17  0.15  0.13  0.13  0.12  0.14  0.13  0.87 ]
[ 0.93  0.24  0.84  0.13  0.86  0.24  0.76  0.13  0.71  0.95  0.90  0.46 ]
[ 0.99  0.95  0.15  0.96  0.12  0.97  0.82  0.66  0.15  0.18  0.15  0.99 ]
[ 0.23  0.67  0.94  0.80  0.49  0.89  0.71  0.96  0.53  0.70  0.51  0.91 ]
[ 0.71  0.44  0.99  0.41  0.90  0.41  0.16  0.21  0.90  0.68  0.75  0.63 ]
[ 0.72  0.76  0.21  0.16  0.15  0.29  0.47  0.32  0.27  0.34  0.12  0.56 ]
[ 0.74  0.21  0.89  0.36  0.63  0.42  0.49  0.76  0.81  0.88  0.96  0.16 ]
[ 0.12  0.13  0.13  0.12  0.36  0.13  0.45  0.12  0.75  0.13  0.19  0.46 ]
[ 0.44  0.68  0.12  0.67  0.29  0.12  0.17  0.19  0.78  0.20  0.69  0.81 ]
[ 0.55  0.17  0.13  0.12  0.78  0.70  0.16  0.12  0.90  0.13  0.25  0.32 ]
[ 0.22  0.95  0.93  0.56  0.76  0.90  0.93  0.85  0.96  0.86  0.99  0.91 ]
[ 0.95  1.00  0.91  0.97  0.97  0.87  0.94  1.00  0.46  0.94  0.98  0.94 ]
[ 1.00  1.00  1.00  0.96  1.00  1.00  0.97  0.97  0.99  0.99  0.99  0.40 ]

01/29 03:19:04 AM | === Batch 8/60
01/29 03:19:04 AM | loss = 1.251 + 0.575 + 0.071 = 1.897
01/29 03:19:04 AM | attribution_score[0:12]: 
[ 0.99  0.95  0.34  0.08  0.15  0.13  0.10  0.09  0.08  0.15  0.10  0.91 ]
[ 0.95  0.19  0.86  0.10  0.87  0.22  0.81  0.09  0.71  0.96  0.91  0.51 ]
[ 0.99  0.95  0.12  0.97  0.09  0.97  0.84  0.72  0.11  0.16  0.12  0.99 ]
[ 0.22  0.65  0.95  0.82  0.46  0.90  0.73  0.97  0.52  0.72  0.57  0.91 ]
[ 0.74  0.35  0.99  0.38  0.91  0.48  0.14  0.19  0.92  0.68  0.80  0.68 ]
[ 0.74  0.78  0.18  0.12  0.12  0.25  0.54  0.31  0.29  0.42  0.09  0.56 ]
[ 0.81  0.21  0.89  0.36  0.64  0.42  0.48  0.71  0.83  0.90  0.97  0.12 ]
[ 0.08  0.09  0.10  0.09  0.35  0.10  0.49  0.08  0.73  0.11  0.16  0.45 ]
[ 0.51  0.71  0.09  0.68  0.32  0.10  0.14  0.20  0.82  0.17  0.71  0.81 ]
[ 0.58  0.14  0.09  0.09  0.82  0.72  0.12  0.09  0.93  0.10  0.24  0.34 ]
[ 0.23  0.96  0.94  0.54  0.77  0.92  0.93  0.89  0.96  0.86  1.00  0.93 ]
[ 0.97  1.00  0.92  0.98  0.98  0.89  0.95  1.00  0.49  0.95  0.99  0.96 ]
[ 1.00  1.00  1.00  0.97  1.00  1.00  0.98  0.97  1.00  0.99  0.99  0.38 ]

01/29 03:19:04 AM | === Batch 9/60
01/29 03:19:05 AM | loss = 0.984 + 0.587 + 0.065 = 1.636
01/29 03:19:05 AM | attribution_score[0:12]: 
[ 0.99  0.96  0.41  0.06  0.15  0.12  0.09  0.07  0.07  0.19  0.09  0.94 ]
[ 0.96  0.18  0.88  0.07  0.89  0.24  0.86  0.07  0.73  0.97  0.93  0.58 ]
[ 0.99  0.96  0.12  0.97  0.07  0.98  0.87  0.79  0.09  0.17  0.11  0.99 ]
[ 0.22  0.68  0.96  0.86  0.48  0.91  0.76  0.97  0.54  0.76  0.66  0.92 ]
[ 0.78  0.33  0.99  0.37  0.92  0.56  0.14  0.20  0.94  0.71  0.84  0.75 ]
[ 0.75  0.79  0.19  0.10  0.10  0.25  0.62  0.36  0.34  0.49  0.07  0.60 ]
[ 0.87  0.22  0.90  0.39  0.69  0.41  0.53  0.67  0.86  0.92  0.97  0.11 ]
[ 0.06  0.07  0.08  0.07  0.37  0.10  0.58  0.06  0.75  0.09  0.16  0.47 ]
[ 0.61  0.77  0.07  0.72  0.37  0.08  0.13  0.23  0.85  0.17  0.75  0.84 ]
[ 0.64  0.14  0.08  0.07  0.86  0.75  0.10  0.07  0.95  0.09  0.25  0.39 ]
[ 0.27  0.96  0.95  0.54  0.77  0.94  0.94  0.92  0.97  0.86  1.00  0.94 ]
[ 0.98  1.00  0.93  0.98  0.98  0.92  0.95  1.00  0.57  0.96  0.99  0.97 ]
[ 1.00  1.00  1.00  0.98  1.00  1.00  0.98  0.98  1.00  0.99  0.99  0.41 ]

01/29 03:19:05 AM | === Batch 10/60
01/29 03:19:05 AM | loss = 0.790 + 0.320 + 0.061 = 1.171
01/29 03:19:05 AM | attribution_score[0:12]: 
[ 0.99  0.96  0.50  0.05  0.17  0.14  0.08  0.06  0.05  0.25  0.09  0.96 ]
[ 0.97  0.18  0.91  0.06  0.90  0.28  0.89  0.06  0.77  0.98  0.94  0.65 ]
[ 0.99  0.96  0.13  0.98  0.06  0.98  0.91  0.84  0.09  0.19  0.12  1.00 ]
[ 0.23  0.73  0.97  0.88  0.54  0.92  0.80  0.98  0.59  0.81  0.74  0.93 ]
[ 0.83  0.35  0.99  0.42  0.93  0.66  0.14  0.24  0.96  0.75  0.88  0.81 ]
[ 0.79  0.82  0.21  0.09  0.09  0.28  0.71  0.41  0.42  0.57  0.06  0.66 ]
[ 0.90  0.25  0.92  0.45  0.74  0.46  0.60  0.65  0.89  0.92  0.98  0.10 ]
[ 0.05  0.06  0.06  0.06  0.42  0.09  0.67  0.05  0.77  0.09  0.17  0.51 ]
[ 0.70  0.83  0.06  0.77  0.44  0.08  0.13  0.29  0.87  0.17  0.81  0.87 ]
[ 0.72  0.15  0.07  0.06  0.90  0.80  0.10  0.07  0.96  0.10  0.28  0.48 ]
[ 0.32  0.97  0.96  0.58  0.80  0.96  0.95  0.95  0.98  0.87  1.00  0.95 ]
[ 0.99  1.00  0.94  0.98  0.98  0.95  0.96  1.00  0.65  0.97  0.99  0.97 ]
[ 1.00  1.00  1.00  0.99  1.00  1.00  0.99  0.98  1.00  0.99  0.99  0.46 ]

01/29 03:19:05 AM | === Batch 11/60
01/29 03:19:05 AM | loss = 0.858 + 0.070 + 0.057 = 0.985
01/29 03:19:06 AM | attribution_score[0:12]: 
[ 1.00  0.97  0.56  0.04  0.17  0.15  0.08  0.05  0.05  0.28  0.08  0.97 ]
[ 0.97  0.17  0.93  0.05  0.91  0.32  0.91  0.05  0.81  0.98  0.95  0.71 ]
[ 1.00  0.96  0.12  0.98  0.05  0.99  0.92  0.87  0.08  0.19  0.12  1.00 ]
[ 0.24  0.78  0.98  0.90  0.61  0.94  0.80  0.98  0.62  0.83  0.80  0.93 ]
[ 0.84  0.38  1.00  0.48  0.94  0.67  0.14  0.27  0.97  0.81  0.90  0.85 ]
[ 0.84  0.85  0.23  0.08  0.09  0.28  0.73  0.47  0.50  0.63  0.05  0.70 ]
[ 0.91  0.26  0.93  0.50  0.78  0.51  0.65  0.63  0.91  0.93  0.98  0.09 ]
[ 0.04  0.05  0.05  0.05  0.45  0.10  0.72  0.04  0.80  0.09  0.19  0.57 ]
[ 0.78  0.88  0.05  0.80  0.52  0.07  0.14  0.34  0.89  0.17  0.85  0.89 ]
[ 0.78  0.15  0.06  0.05  0.92  0.84  0.09  0.06  0.97  0.09  0.29  0.55 ]
[ 0.34  0.97  0.97  0.60  0.82  0.97  0.95  0.96  0.98  0.87  1.00  0.95 ]
[ 0.99  1.00  0.95  0.99  0.99  0.96  0.96  1.00  0.69  0.98  0.99  0.98 ]
[ 1.00  1.00  1.00  0.99  1.00  1.00  0.99  0.98  1.00  1.00  0.99  0.49 ]

01/29 03:19:06 AM | === Batch 12/60
01/29 03:19:06 AM | loss = 0.683 + 0.251 + 0.054 = 0.988
01/29 03:19:06 AM | attribution_score[0:12]: 
[ 1.00  0.97  0.59  0.03  0.17  0.17  0.07  0.05  0.04  0.28  0.07  0.97 ]
[ 0.98  0.17  0.95  0.04  0.91  0.37  0.93  0.04  0.84  0.99  0.95  0.74 ]
[ 1.00  0.97  0.12  0.98  0.04  0.99  0.94  0.90  0.07  0.18  0.12  1.00 ]
[ 0.24  0.82  0.98  0.90  0.69  0.94  0.81  0.98  0.61  0.84  0.84  0.94 ]
[ 0.85  0.43  1.00  0.53  0.93  0.68  0.14  0.27  0.98  0.84  0.91  0.88 ]
[ 0.86  0.86  0.26  0.08  0.08  0.27  0.75  0.51  0.58  0.65  0.05  0.74 ]
[ 0.92  0.28  0.92  0.56  0.81  0.55  0.67  0.59  0.92  0.93  0.99  0.08 ]
[ 0.03  0.05  0.05  0.04  0.45  0.10  0.75  0.03  0.83  0.09  0.22  0.61 ]
[ 0.82  0.91  0.04  0.83  0.57  0.06  0.14  0.39  0.90  0.16  0.89  0.91 ]
[ 0.82  0.13  0.05  0.04  0.94  0.86  0.09  0.05  0.98  0.08  0.29  0.58 ]
[ 0.33  0.98  0.98  0.62  0.84  0.98  0.96  0.97  0.99  0.88  1.00  0.96 ]
[ 0.99  1.00  0.96  0.99  0.99  0.97  0.97  1.00  0.71  0.98  0.99  0.98 ]
[ 1.00  1.00  1.00  0.99  1.00  1.00  0.99  0.98  1.00  1.00  0.99  0.51 ]

01/29 03:19:06 AM | === Batch 13/60
01/29 03:19:06 AM | loss = 0.758 + 0.369 + 0.051 = 1.178
01/29 03:19:06 AM | attribution_score[0:12]: 
[ 1.00  0.98  0.60  0.03  0.16  0.18  0.06  0.04  0.03  0.28  0.06  0.98 ]
[ 0.98  0.16  0.96  0.04  0.91  0.41  0.94  0.03  0.87  0.99  0.96  0.76 ]
[ 1.00  0.97  0.11  0.98  0.04  0.99  0.94  0.91  0.07  0.17  0.12  1.00 ]
[ 0.25  0.84  0.98  0.90  0.77  0.95  0.83  0.98  0.62  0.85  0.88  0.94 ]
[ 0.86  0.48  1.00  0.55  0.93  0.70  0.13  0.26  0.98  0.86  0.92  0.90 ]
[ 0.88  0.88  0.28  0.07  0.07  0.28  0.76  0.53  0.65  0.66  0.04  0.78 ]
[ 0.92  0.28  0.92  0.64  0.84  0.56  0.68  0.57  0.93  0.93  0.99  0.07 ]
[ 0.03  0.04  0.04  0.03  0.43  0.10  0.78  0.03  0.86  0.08  0.24  0.66 ]
[ 0.86  0.94  0.04  0.85  0.61  0.06  0.14  0.40  0.90  0.15  0.91  0.92 ]
[ 0.85  0.11  0.05  0.03  0.95  0.87  0.08  0.04  0.98  0.07  0.29  0.61 ]
[ 0.31  0.98  0.98  0.65  0.85  0.98  0.97  0.98  0.99  0.88  1.00  0.96 ]
[ 0.99  1.00  0.96  0.99  0.99  0.98  0.97  1.00  0.71  0.98  1.00  0.99 ]
[ 1.00  1.00  1.00  0.99  1.00  1.00  0.99  0.99  1.00  1.00  1.00  0.51 ]

01/29 03:19:06 AM | === Batch 14/60
01/29 03:19:07 AM | loss = 0.517 + 0.443 + 0.048 = 1.008
01/29 03:19:07 AM | attribution_score[0:12]: 
[ 1.00  0.98  0.60  0.02  0.15  0.20  0.06  0.04  0.03  0.29  0.06  0.98 ]
[ 0.99  0.16  0.96  0.03  0.91  0.45  0.95  0.03  0.89  0.99  0.97  0.78 ]
[ 1.00  0.97  0.10  0.99  0.03  0.99  0.95  0.92  0.06  0.15  0.11  1.00 ]
[ 0.26  0.86  0.99  0.90  0.83  0.95  0.85  0.98  0.62  0.85  0.90  0.95 ]
[ 0.85  0.56  1.00  0.55  0.92  0.69  0.13  0.24  0.98  0.86  0.93  0.92 ]
[ 0.90  0.89  0.31  0.06  0.06  0.28  0.76  0.51  0.71  0.66  0.04  0.81 ]
[ 0.92  0.30  0.90  0.70  0.87  0.53  0.68  0.55  0.94  0.94  0.99  0.06 ]
[ 0.02  0.04  0.03  0.03  0.39  0.09  0.79  0.02  0.89  0.08  0.24  0.69 ]
[ 0.87  0.96  0.03  0.87  0.64  0.05  0.13  0.42  0.90  0.13  0.93  0.93 ]
[ 0.87  0.09  0.04  0.03  0.95  0.86  0.07  0.04  0.99  0.06  0.28  0.62 ]
[ 0.29  0.98  0.98  0.69  0.87  0.99  0.97  0.98  0.99  0.89  1.00  0.97 ]
[ 1.00  1.00  0.96  0.99  0.99  0.98  0.97  1.00  0.71  0.99  1.00  0.99 ]
[ 1.00  1.00  1.00  0.99  1.00  1.00  0.99  0.99  1.00  1.00  1.00  0.47 ]

01/29 03:19:07 AM | === Batch 15/60
01/29 03:19:07 AM | loss = 0.353 + 0.476 + 0.046 = 0.875
01/29 03:19:07 AM | attribution_score[0:12]: 
[ 1.00  0.98  0.58  0.02  0.14  0.21  0.05  0.03  0.02  0.31  0.05  0.99 ]
[ 0.99  0.15  0.97  0.03  0.91  0.49  0.95  0.02  0.90  0.99  0.97  0.78 ]
[ 1.00  0.97  0.09  0.99  0.03  0.99  0.95  0.93  0.06  0.13  0.10  1.00 ]
[ 0.26  0.87  0.99  0.91  0.87  0.95  0.86  0.99  0.62  0.85  0.92  0.95 ]
[ 0.85  0.59  1.00  0.55  0.90  0.69  0.12  0.21  0.99  0.87  0.93  0.93 ]
[ 0.91  0.90  0.31  0.05  0.05  0.27  0.77  0.46  0.75  0.65  0.03  0.83 ]
[ 0.92  0.32  0.88  0.72  0.89  0.49  0.68  0.52  0.95  0.93  0.99  0.05 ]
[ 0.02  0.04  0.03  0.02  0.35  0.08  0.80  0.02  0.91  0.07  0.23  0.72 ]
[ 0.88  0.97  0.03  0.89  0.67  0.04  0.12  0.41  0.90  0.11  0.94  0.93 ]
[ 0.89  0.07  0.03  0.03  0.96  0.85  0.06  0.03  0.99  0.05  0.26  0.61 ]
[ 0.25  0.98  0.99  0.73  0.88  0.99  0.97  0.99  0.99  0.90  1.00  0.97 ]
[ 1.00  1.00  0.96  0.99  0.99  0.98  0.98  1.00  0.70  0.99  1.00  0.99 ]
[ 1.00  1.00  1.00  1.00  1.00  1.00  0.99  0.99  1.00  1.00  1.00  0.41 ]

01/29 03:19:07 AM | === Batch 16/60
01/29 03:19:07 AM | loss = 0.506 + 0.473 + 0.044 = 1.023
01/29 03:19:08 AM | attribution_score[0:12]: 
[ 1.00  0.98  0.57  0.02  0.13  0.20  0.05  0.03  0.02  0.32  0.04  0.99 ]
[ 0.99  0.15  0.97  0.02  0.91  0.51  0.96  0.02  0.92  0.99  0.98  0.79 ]
[ 1.00  0.98  0.08  0.99  0.02  0.99  0.96  0.94  0.05  0.11  0.08  1.00 ]
[ 0.24  0.87  0.99  0.91  0.89  0.95  0.86  0.99  0.62  0.85  0.93  0.95 ]
[ 0.84  0.60  1.00  0.55  0.87  0.68  0.12  0.18  0.99  0.87  0.94  0.94 ]
[ 0.92  0.90  0.32  0.05  0.04  0.26  0.78  0.40  0.79  0.64  0.03  0.84 ]
[ 0.92  0.34  0.85  0.74  0.90  0.46  0.65  0.46  0.95  0.93  0.99  0.05 ]
[ 0.02  0.04  0.02  0.02  0.31  0.08  0.80  0.01  0.93  0.06  0.22  0.76 ]
[ 0.89  0.97  0.03  0.90  0.69  0.04  0.10  0.40  0.89  0.09  0.96  0.94 ]
[ 0.90  0.06  0.03  0.02  0.96  0.84  0.05  0.03  0.99  0.05  0.24  0.60 ]
[ 0.22  0.99  0.99  0.75  0.89  0.99  0.98  0.99  0.99  0.90  1.00  0.97 ]
[ 1.00  1.00  0.97  0.99  0.99  0.98  0.98  1.00  0.68  0.99  1.00  0.99 ]
[ 1.00  1.00  1.00  1.00  1.00  1.00  0.99  0.99  1.00  1.00  1.00  0.35 ]

01/29 03:19:08 AM | === Batch 17/60
01/29 03:19:08 AM | loss = 0.507 + 0.446 + 0.042 = 0.995
01/29 03:19:08 AM | attribution_score[0:12]: 
[ 1.00  0.98  0.55  0.01  0.12  0.20  0.04  0.02  0.02  0.32  0.04  0.99 ]
[ 0.99  0.14  0.97  0.02  0.91  0.50  0.96  0.02  0.93  0.99  0.98  0.78 ]
[ 1.00  0.98  0.07  0.99  0.02  0.99  0.96  0.94  0.04  0.10  0.07  1.00 ]
[ 0.23  0.87  0.99  0.90  0.91  0.95  0.85  0.99  0.61  0.84  0.94  0.95 ]
[ 0.83  0.61  1.00  0.57  0.85  0.65  0.11  0.16  0.99  0.87  0.94  0.95 ]
[ 0.92  0.89  0.31  0.04  0.04  0.25  0.77  0.33  0.82  0.62  0.02  0.85 ]
[ 0.91  0.37  0.81  0.75  0.91  0.42  0.60  0.41  0.95  0.93  0.99  0.04 ]
[ 0.01  0.04  0.02  0.01  0.26  0.07  0.81  0.01  0.94  0.06  0.24  0.77 ]
[ 0.89  0.98  0.02  0.91  0.71  0.03  0.09  0.40  0.88  0.08  0.96  0.94 ]
[ 0.91  0.05  0.03  0.02  0.96  0.82  0.04  0.02  0.99  0.04  0.23  0.58 ]
[ 0.19  0.99  0.99  0.76  0.90  0.99  0.98  0.99  0.99  0.90  1.00  0.97 ]
[ 1.00  1.00  0.97  1.00  0.99  0.99  0.98  1.00  0.66  0.99  1.00  0.99 ]
[ 1.00  1.00  1.00  1.00  1.00  1.00  0.99  0.99  1.00  1.00  1.00  0.28 ]

01/29 03:19:08 AM | === Batch 18/60
01/29 03:19:08 AM | loss = 0.548 + 0.400 + 0.040 = 0.989
01/29 03:19:09 AM | attribution_score[0:12]: 
[ 1.00  0.98  0.51  0.01  0.10  0.22  0.04  0.02  0.01  0.29  0.03  0.99 ]
[ 0.99  0.14  0.98  0.02  0.90  0.50  0.96  0.01  0.94  0.99  0.98  0.75 ]
[ 1.00  0.98  0.06  0.99  0.02  0.99  0.96  0.94  0.04  0.08  0.06  1.00 ]
[ 0.22  0.87  0.99  0.89  0.93  0.96  0.83  0.99  0.58  0.82  0.95  0.95 ]
[ 0.81  0.62  1.00  0.62  0.84  0.59  0.11  0.14  0.99  0.87  0.94  0.95 ]
[ 0.93  0.89  0.28  0.04  0.03  0.24  0.75  0.29  0.82  0.64  0.02  0.85 ]
[ 0.91  0.36  0.76  0.75  0.91  0.40  0.53  0.37  0.95  0.93  0.99  0.04 ]
[ 0.01  0.03  0.02  0.01  0.21  0.07  0.81  0.01  0.95  0.05  0.23  0.76 ]
[ 0.90  0.98  0.02  0.91  0.72  0.03  0.07  0.41  0.88  0.07  0.97  0.94 ]
[ 0.91  0.04  0.02  0.02  0.97  0.80  0.03  0.02  0.99  0.03  0.21  0.55 ]
[ 0.16  0.99  0.99  0.76  0.90  0.99  0.98  0.99  1.00  0.90  1.00  0.98 ]
[ 1.00  1.00  0.97  1.00  1.00  0.99  0.98  1.00  0.64  0.99  1.00  0.99 ]
[ 1.00  1.00  1.00  1.00  1.00  1.00  0.99  0.99  1.00  1.00  1.00  0.22 ]

01/29 03:19:09 AM | === Batch 19/60
01/29 03:19:09 AM | loss = 0.484 + 0.345 + 0.039 = 0.868
01/29 03:19:09 AM | attribution_score[0:12]: 
[ 1.00  0.99  0.46  0.01  0.09  0.21  0.03  0.02  0.01  0.24  0.03  0.99 ]
[ 0.99  0.13  0.98  0.01  0.89  0.50  0.96  0.01  0.95  0.99  0.98  0.72 ]
[ 1.00  0.98  0.05  0.99  0.01  0.99  0.96  0.94  0.03  0.07  0.05  1.00 ]
[ 0.20  0.86  0.99  0.88  0.93  0.96  0.79  0.99  0.53  0.80  0.96  0.95 ]
[ 0.80  0.64  1.00  0.67  0.84  0.53  0.11  0.12  0.99  0.87  0.94  0.96 ]
[ 0.93  0.89  0.26  0.04  0.03  0.23  0.72  0.24  0.82  0.66  0.02  0.85 ]
[ 0.90  0.34  0.68  0.73  0.92  0.40  0.46  0.34  0.95  0.93  1.00  0.03 ]
[ 0.01  0.03  0.01  0.01  0.17  0.07  0.81  0.01  0.95  0.04  0.22  0.74 ]
[ 0.90  0.99  0.02  0.92  0.73  0.02  0.06  0.40  0.87  0.06  0.97  0.94 ]
[ 0.92  0.03  0.02  0.01  0.97  0.79  0.03  0.02  0.99  0.03  0.19  0.52 ]
[ 0.14  0.99  0.99  0.75  0.90  0.99  0.98  0.99  1.00  0.90  1.00  0.98 ]
[ 1.00  1.00  0.97  1.00  1.00  0.99  0.98  1.00  0.61  0.99  1.00  0.99 ]
[ 1.00  1.00  1.00  1.00  1.00  1.00  0.99  0.99  1.00  1.00  1.00  0.17 ]

01/29 03:19:09 AM | === Batch 20/60
01/29 03:19:09 AM | loss = 0.538 + 0.281 + 0.037 = 0.856
01/29 03:19:09 AM | === Batch 21/60
01/29 03:19:10 AM | loss = 0.612 + 0.215 + 0.036 = 0.863
01/29 03:19:10 AM | === Batch 22/60
01/29 03:19:10 AM | loss = 0.530 + 0.149 + 0.034 = 0.713
01/29 03:19:10 AM | === Batch 23/60
01/29 03:19:10 AM | loss = 0.690 + 0.082 + 0.033 = 0.805
01/29 03:19:11 AM | === Batch 24/60
01/29 03:19:11 AM | loss = 0.756 + 0.023 + 0.032 = 0.811
01/29 03:19:11 AM | === Batch 25/60
01/29 03:19:11 AM | loss = 0.551 + 0.071 + 0.031 = 0.653
01/29 03:19:12 AM | === Batch 26/60
01/29 03:19:12 AM | loss = 0.555 + 0.074 + 0.030 = 0.659
01/29 03:19:12 AM | === Batch 27/60
01/29 03:19:12 AM | loss = 0.555 + 0.003 + 0.029 = 0.587
01/29 03:19:12 AM | === Batch 28/60
01/29 03:19:13 AM | loss = 0.545 + 0.031 + 0.028 = 0.603
01/29 03:19:13 AM | === Batch 29/60
01/29 03:19:13 AM | loss = 0.560 + 0.043 + 0.027 = 0.630
01/29 03:19:13 AM | === Batch 30/60
01/29 03:19:13 AM | loss = 0.531 + 0.042 + 0.026 = 0.599
01/29 03:19:14 AM | === Batch 31/60
01/29 03:19:14 AM | loss = 0.572 + 0.030 + 0.026 = 0.628
01/29 03:19:14 AM | === Batch 32/60
01/29 03:19:14 AM | loss = 0.469 + 0.008 + 0.025 = 0.502
01/29 03:19:14 AM | === Batch 33/60
01/29 03:19:15 AM | loss = 0.664 + 0.038 + 0.025 = 0.727
01/29 03:19:15 AM | === Batch 34/60
01/29 03:19:15 AM | loss = 0.505 + 0.029 + 0.024 = 0.558
01/29 03:19:15 AM | === Batch 35/60
01/29 03:19:15 AM | loss = 0.520 + 0.020 + 0.024 = 0.564
01/29 03:19:16 AM | === Batch 36/60
01/29 03:19:16 AM | loss = 0.642 + 0.045 + 0.024 = 0.710
01/29 03:19:16 AM | === Batch 37/60
01/29 03:19:16 AM | loss = 0.463 + 0.058 + 0.023 = 0.545
01/29 03:19:16 AM | === Batch 38/60
01/29 03:19:17 AM | loss = 0.321 + 0.061 + 0.023 = 0.405
01/29 03:19:17 AM | === Batch 39/60
01/29 03:19:17 AM | loss = 0.477 + 0.052 + 0.022 = 0.552
01/29 03:19:17 AM | === Batch 40/60
01/29 03:19:17 AM | loss = 0.526 + 0.032 + 0.022 = 0.580
01/29 03:19:18 AM | === Batch 41/60
01/29 03:19:18 AM | loss = 0.474 + 0.006 + 0.022 = 0.502
01/29 03:19:18 AM | === Batch 42/60
01/29 03:19:18 AM | loss = 0.406 + 0.053 + 0.022 = 0.482
01/29 03:19:19 AM | === Batch 43/60
01/29 03:19:19 AM | loss = 0.647 + 0.051 + 0.021 = 0.720
01/29 03:19:19 AM | === Batch 44/60
01/29 03:19:19 AM | loss = 0.450 + 0.001 + 0.021 = 0.472
01/29 03:19:19 AM | === Batch 45/60
01/29 03:19:20 AM | loss = 0.477 + 0.016 + 0.021 = 0.514
01/29 03:19:20 AM | === Batch 46/60
01/29 03:19:20 AM | loss = 0.405 + 0.024 + 0.021 = 0.449
01/29 03:19:20 AM | === Batch 47/60
01/29 03:19:20 AM | loss = 0.484 + 0.021 + 0.020 = 0.525
01/29 03:19:21 AM | === Batch 48/60
01/29 03:19:21 AM | loss = 0.663 + 0.009 + 0.020 = 0.693
01/29 03:19:21 AM | === Batch 49/60
01/29 03:19:21 AM | loss = 0.553 + 0.013 + 0.020 = 0.586
01/29 03:19:21 AM | === Batch 50/60
01/29 03:19:22 AM | loss = 0.531 + 0.009 + 0.020 = 0.560
01/29 03:19:22 AM | === Batch 51/60
01/29 03:19:22 AM | loss = 0.356 + 0.015 + 0.020 = 0.391
01/29 03:19:22 AM | === Batch 52/60
01/29 03:19:22 AM | loss = 0.319 + 0.014 + 0.019 = 0.352
01/29 03:19:23 AM | === Batch 53/60
01/29 03:19:23 AM | loss = 0.397 + 0.006 + 0.019 = 0.422
01/29 03:19:23 AM | === Batch 54/60
01/29 03:19:23 AM | loss = 0.359 + 0.016 + 0.019 = 0.394
01/29 03:19:23 AM | === Batch 55/60
01/29 03:19:24 AM | loss = 0.309 + 0.007 + 0.019 = 0.334
01/29 03:19:24 AM | === Batch 56/60
01/29 03:19:24 AM | loss = 0.439 + 0.012 + 0.018 = 0.470
01/29 03:19:24 AM | === Batch 57/60
01/29 03:19:24 AM | loss = 0.510 + 0.011 + 0.018 = 0.539
01/29 03:19:25 AM | === Batch 58/60
01/29 03:19:25 AM | loss = 0.553 + 0.003 + 0.018 = 0.574
01/29 03:19:25 AM | === Batch 59/60
01/29 03:19:25 AM | loss = 0.474 + 0.020 + 0.018 = 0.512
01/29 03:19:26 AM | === Batch 60/60
01/29 03:19:26 AM | loss = 0.659 + 0.000 + 0.018 = 0.677
01/29 03:19:26 AM | ===
Best loss was 0.33 at iteration 55

01/29 03:19:26 AM | Looking for optimal threshold...
01/29 03:19:26 AM | Testing threshold 0.5
01/29 03:19:26 AM | Distance to target: 1,103,824
01/29 03:19:26 AM | Testing threshold 0.75
01/29 03:19:26 AM | Distance to target: 10,253,824
01/29 03:19:26 AM | Testing threshold 0.625
01/29 03:19:26 AM | Distance to target: 3,409,736
01/29 03:19:26 AM | Testing threshold 0.5625
01/29 03:19:26 AM | Distance to target: 1,974,160
01/29 03:19:26 AM | Testing threshold 0.53125
01/29 03:19:26 AM | Distance to target: 633,512
01/29 03:19:26 AM | Testing threshold 0.515625
01/29 03:19:26 AM | Distance to target: 198,872
01/29 03:19:26 AM | Testing threshold 0.5234375
01/29 03:19:26 AM | Distance to target: 48,104
01/29 03:19:28 AM | attribution_score[0:12]: 
[ 1.00  1.00  0.00  0.00  0.00  0.00  0.00  0.00  0.00  0.00  0.00  1.00 ]
[ 1.00  0.00  1.00  0.00  1.00  1.00  1.00  0.00  1.00  1.00  1.00  1.00 ]
[ 1.00  1.00  0.00  1.00  0.00  1.00  1.00  1.00  0.00  0.00  0.00  1.00 ]
[ 0.00  0.00  1.00  1.00  1.00  1.00  1.00  1.00  0.00  0.00  1.00  1.00 ]
[ 1.00  1.00  1.00  1.00  1.00  0.00  0.00  0.00  1.00  1.00  1.00  1.00 ]
[ 1.00  1.00  0.00  0.00  0.00  0.00  1.00  0.00  1.00  0.00  0.00  1.00 ]
[ 1.00  0.00  0.00  1.00  1.00  0.00  0.00  0.00  1.00  1.00  1.00  0.00 ]
[ 0.00  0.00  0.00  0.00  0.00  1.00  1.00  0.00  1.00  0.00  0.00  1.00 ]
[ 1.00  1.00  0.00  1.00  1.00  0.00  0.00  0.00  1.00  0.00  1.00  1.00 ]
[ 1.00  0.00  0.00  0.00  1.00  1.00  0.00  0.00  1.00  0.00  0.00  0.00 ]
[ 0.00  1.00  1.00  0.00  1.00  1.00  1.00  1.00  1.00  1.00  1.00  1.00 ]
[ 1.00  1.00  1.00  1.00  1.00  1.00  1.00  1.00  0.00  1.00  1.00  1.00 ]
[ 1.00  1.00  1.00  1.00  1.00  1.00  1.00  1.00  1.00  1.00  1.00  0.00 ]

01/29 03:19:28 AM | VGG(
  (features): Sequential(
    (conv0): Conv2d(3, 24, kernel_size=(3, 3), stride=(1, 1), padding=(1, 1))
    (norm0): BatchNorm2d(24, eps=1e-05, momentum=0.1, affine=True, track_running_stats=True)
    (relu0): ReLU(inplace=True)
    (conv1): Conv2d(24, 49, kernel_size=(3, 3), stride=(1, 1), padding=(1, 1))
    (norm1): BatchNorm2d(49, eps=1e-05, momentum=0.1, affine=True, track_running_stats=True)
    (relu1): ReLU(inplace=True)
    (pool2): MaxPool2d(kernel_size=2, stride=2, padding=0, dilation=1, ceil_mode=False)
    (conv3): Conv2d(49, 79, kernel_size=(3, 3), stride=(1, 1), padding=(1, 1))
    (norm3): BatchNorm2d(79, eps=1e-05, momentum=0.1, affine=True, track_running_stats=True)
    (relu3): ReLU(inplace=True)
    (conv4): Conv2d(79, 98, kernel_size=(3, 3), stride=(1, 1), padding=(1, 1))
    (norm4): BatchNorm2d(98, eps=1e-05, momentum=0.1, affine=True, track_running_stats=True)
    (relu4): ReLU(inplace=True)
    (pool5): MaxPool2d(kernel_size=2, stride=2, padding=0, dilation=1, ceil_mode=False)
    (conv6): Conv2d(98, 155, kernel_size=(3, 3), stride=(1, 1), padding=(1, 1))
    (norm6): BatchNorm2d(155, eps=1e-05, momentum=0.1, affine=True, track_running_stats=True)
    (relu6): ReLU(inplace=True)
    (conv7): Conv2d(155, 137, kernel_size=(3, 3), stride=(1, 1), padding=(1, 1))
    (norm7): BatchNorm2d(137, eps=1e-05, momentum=0.1, affine=True, track_running_stats=True)
    (relu7): ReLU(inplace=True)
    (conv8): Conv2d(137, 156, kernel_size=(3, 3), stride=(1, 1), padding=(1, 1))
    (norm8): BatchNorm2d(156, eps=1e-05, momentum=0.1, affine=True, track_running_stats=True)
    (relu8): ReLU(inplace=True)
    (pool9): MaxPool2d(kernel_size=2, stride=2, padding=0, dilation=1, ceil_mode=False)
    (conv10): Conv2d(156, 220, kernel_size=(3, 3), stride=(1, 1), padding=(1, 1))
    (norm10): BatchNorm2d(220, eps=1e-05, momentum=0.1, affine=True, track_running_stats=True)
    (relu10): ReLU(inplace=True)
    (conv11): Conv2d(220, 172, kernel_size=(3, 3), stride=(1, 1), padding=(1, 1))
    (norm11): BatchNorm2d(172, eps=1e-05, momentum=0.1, affine=True, track_running_stats=True)
    (relu11): ReLU(inplace=True)
    (conv12): Conv2d(172, 250, kernel_size=(3, 3), stride=(1, 1), padding=(1, 1))
    (norm12): BatchNorm2d(250, eps=1e-05, momentum=0.1, affine=True, track_running_stats=True)
    (relu12): ReLU(inplace=True)
    (pool13): MaxPool2d(kernel_size=2, stride=2, padding=0, dilation=1, ceil_mode=False)
    (conv14): Conv2d(250, 407, kernel_size=(3, 3), stride=(1, 1), padding=(1, 1))
    (norm14): BatchNorm2d(407, eps=1e-05, momentum=0.1, affine=True, track_running_stats=True)
    (relu14): ReLU(inplace=True)
    (conv15): Conv2d(407, 482, kernel_size=(3, 3), stride=(1, 1), padding=(1, 1))
    (norm15): BatchNorm2d(482, eps=1e-05, momentum=0.1, affine=True, track_running_stats=True)
    (relu15): ReLU(inplace=True)
    (conv16): Conv2d(482, 509, kernel_size=(3, 3), stride=(1, 1), padding=(1, 1))
    (norm16): BatchNorm2d(509, eps=1e-05, momentum=0.1, affine=True, track_running_stats=True)
    (relu16): ReLU(inplace=True)
  )
  (classifier): Sequential(
    (linear1): Linear(in_features=509, out_features=512, bias=True)
    (norm1): BatchNorm1d(512, eps=1e-05, momentum=0.1, affine=True, track_running_stats=True)
    (relu1): ReLU(inplace=True)
    (linear2): Linear(in_features=512, out_features=10, bias=True)
  )
)
01/29 03:19:29 AM | ----------------------------------------
01/29 03:19:29 AM | Performances input model:
01/29 03:19:29 AM |  - flops: 314,294,272
01/29 03:19:29 AM |  - params: 14,991,946
01/29 03:19:29 AM |  - accuracy: 93.95999908447266
01/29 03:19:29 AM | ----------------------------------------
01/29 03:19:29 AM | Performances pseudo-pruned model:
01/29 03:19:29 AM |  - flops: 314,294,272
01/29 03:19:29 AM |  - params: 14,991,946
01/29 03:19:29 AM |  - accuracy: 79.9000015258789
01/29 03:19:29 AM | ----------------------------------------
01/29 03:19:29 AM | Performances pruned model:
01/29 03:19:29 AM |  - flops: 108,450,016
01/29 03:19:29 AM |  - params: 6,837,208
01/29 03:19:29 AM |  - accuracy: 79.9000015258789
01/29 03:19:29 AM | ----------------------------------------
01/29 03:19:29 AM | Total time: 35.80s
