01/29 04:33:35 AM | args = Namespace(output_dir='result/rebuttal/nb_epoch/vgg/nbbtchs250/seed_01', loaded_model_path='./checkpoints/cifar10/vgg_16_bn.pt', resume=False, test_only=False, mode='prune', batch_size=64, nb_batches=250, Mflops_target=None, lr=0.6, momentum=0.9, beta=6, gamma=0.4, gpu='0', num_workers=4, dataset='cifar10', arch='vgg_16_bn', save_plot=False, seed=1, lr_finetuning=0.02, epoch_finetuning=200, wd=0.002, data_dir='./data/cifar10/', print_freq=200, num_classes=10, device_ids=[0], device=device(type='cuda', index=0), name_base='')
01/29 04:33:40 AM | ----------------------------------------
01/29 04:33:40 AM | ==> Building model...
01/29 04:33:40 AM | ----------------------------------------
01/29 04:33:40 AM | ==> Loading weights into the model...
01/29 04:33:40 AM | ----------------------------------------
01/29 04:33:40 AM | VGG(
  (features): Sequential(
    (conv0): Conv2d(3, 64, kernel_size=(3, 3), stride=(1, 1), padding=(1, 1))
    (norm0): BatchNorm2d(64, eps=1e-05, momentum=0.1, affine=True, track_running_stats=True)
    (relu0): ReLU(inplace=True)
    (conv1): Conv2d(64, 64, kernel_size=(3, 3), stride=(1, 1), padding=(1, 1))
    (norm1): BatchNorm2d(64, eps=1e-05, momentum=0.1, affine=True, track_running_stats=True)
    (relu1): ReLU(inplace=True)
    (pool2): MaxPool2d(kernel_size=2, stride=2, padding=0, dilation=1, ceil_mode=False)
    (conv3): Conv2d(64, 128, kernel_size=(3, 3), stride=(1, 1), padding=(1, 1))
    (norm3): BatchNorm2d(128, eps=1e-05, momentum=0.1, affine=True, track_running_stats=True)
    (relu3): ReLU(inplace=True)
    (conv4): Conv2d(128, 128, kernel_size=(3, 3), stride=(1, 1), padding=(1, 1))
    (norm4): BatchNorm2d(128, eps=1e-05, momentum=0.1, affine=True, track_running_stats=True)
    (relu4): ReLU(inplace=True)
    (pool5): MaxPool2d(kernel_size=2, stride=2, padding=0, dilation=1, ceil_mode=False)
    (conv6): Conv2d(128, 256, kernel_size=(3, 3), stride=(1, 1), padding=(1, 1))
    (norm6): BatchNorm2d(256, eps=1e-05, momentum=0.1, affine=True, track_running_stats=True)
    (relu6): ReLU(inplace=True)
    (conv7): Conv2d(256, 256, kernel_size=(3, 3), stride=(1, 1), padding=(1, 1))
    (norm7): BatchNorm2d(256, eps=1e-05, momentum=0.1, affine=True, track_running_stats=True)
    (relu7): ReLU(inplace=True)
    (conv8): Conv2d(256, 256, kernel_size=(3, 3), stride=(1, 1), padding=(1, 1))
    (norm8): BatchNorm2d(256, eps=1e-05, momentum=0.1, affine=True, track_running_stats=True)
    (relu8): ReLU(inplace=True)
    (pool9): MaxPool2d(kernel_size=2, stride=2, padding=0, dilation=1, ceil_mode=False)
    (conv10): Conv2d(256, 512, kernel_size=(3, 3), stride=(1, 1), padding=(1, 1))
    (norm10): BatchNorm2d(512, eps=1e-05, momentum=0.1, affine=True, track_running_stats=True)
    (relu10): ReLU(inplace=True)
    (conv11): Conv2d(512, 512, kernel_size=(3, 3), stride=(1, 1), padding=(1, 1))
    (norm11): BatchNorm2d(512, eps=1e-05, momentum=0.1, affine=True, track_running_stats=True)
    (relu11): ReLU(inplace=True)
    (conv12): Conv2d(512, 512, kernel_size=(3, 3), stride=(1, 1), padding=(1, 1))
    (norm12): BatchNorm2d(512, eps=1e-05, momentum=0.1, affine=True, track_running_stats=True)
    (relu12): ReLU(inplace=True)
    (pool13): MaxPool2d(kernel_size=2, stride=2, padding=0, dilation=1, ceil_mode=False)
    (conv14): Conv2d(512, 512, kernel_size=(3, 3), stride=(1, 1), padding=(1, 1))
    (norm14): BatchNorm2d(512, eps=1e-05, momentum=0.1, affine=True, track_running_stats=True)
    (relu14): ReLU(inplace=True)
    (conv15): Conv2d(512, 512, kernel_size=(3, 3), stride=(1, 1), padding=(1, 1))
    (norm15): BatchNorm2d(512, eps=1e-05, momentum=0.1, affine=True, track_running_stats=True)
    (relu15): ReLU(inplace=True)
    (conv16): Conv2d(512, 512, kernel_size=(3, 3), stride=(1, 1), padding=(1, 1))
    (norm16): BatchNorm2d(512, eps=1e-05, momentum=0.1, affine=True, track_running_stats=True)
    (relu16): ReLU(inplace=True)
  )
  (classifier): Sequential(
    (linear1): Linear(in_features=512, out_features=512, bias=True)
    (norm1): BatchNorm1d(512, eps=1e-05, momentum=0.1, affine=True, track_running_stats=True)
    (relu1): ReLU(inplace=True)
    (linear2): Linear(in_features=512, out_features=10, bias=True)
  )
)
01/29 04:33:42 AM | Save modules info...
01/29 04:33:42 AM | FLOPS pruning ratio is 0.65
01/29 04:33:42 AM | Pruning with information flow
01/29 04:33:42 AM | -----
01/29 04:33:42 AM | module: Conv2d(3, 64, kernel_size=(3, 3), stride=(1, 1), padding=(1, 1))
01/29 04:33:42 AM | cin: None
01/29 04:33:42 AM | cout: [0]
01/29 04:33:42 AM | inactive
01/29 04:33:42 AM | -----
01/29 04:33:42 AM | module: BatchNorm2d(64, eps=1e-05, momentum=0.1, affine=True, track_running_stats=True)
01/29 04:33:42 AM | cin: [0]
01/29 04:33:42 AM | cout: [0]
01/29 04:33:42 AM | inactive
01/29 04:33:42 AM | -----
01/29 04:33:42 AM | module: ReLU(inplace=True)
01/29 04:33:42 AM | cin: [0]
01/29 04:33:42 AM | cout: [0]
01/29 04:33:42 AM | active
01/29 04:33:42 AM | -----
01/29 04:33:42 AM | module: Conv2d(64, 64, kernel_size=(3, 3), stride=(1, 1), padding=(1, 1))
01/29 04:33:42 AM | cin: [0]
01/29 04:33:42 AM | cout: [1]
01/29 04:33:42 AM | inactive
01/29 04:33:42 AM | -----
01/29 04:33:42 AM | module: BatchNorm2d(64, eps=1e-05, momentum=0.1, affine=True, track_running_stats=True)
01/29 04:33:42 AM | cin: [1]
01/29 04:33:42 AM | cout: [1]
01/29 04:33:42 AM | inactive
01/29 04:33:42 AM | -----
01/29 04:33:42 AM | module: ReLU(inplace=True)
01/29 04:33:42 AM | cin: [1]
01/29 04:33:42 AM | cout: [1]
01/29 04:33:42 AM | active
01/29 04:33:42 AM | -----
01/29 04:33:42 AM | module: MaxPool2d(kernel_size=2, stride=2, padding=0, dilation=1, ceil_mode=False)
01/29 04:33:42 AM | cin: [1]
01/29 04:33:42 AM | cout: [1]
01/29 04:33:42 AM | inactive
01/29 04:33:42 AM | -----
01/29 04:33:42 AM | module: Conv2d(64, 128, kernel_size=(3, 3), stride=(1, 1), padding=(1, 1))
01/29 04:33:42 AM | cin: [1]
01/29 04:33:42 AM | cout: [2]
01/29 04:33:42 AM | inactive
01/29 04:33:42 AM | -----
01/29 04:33:42 AM | module: BatchNorm2d(128, eps=1e-05, momentum=0.1, affine=True, track_running_stats=True)
01/29 04:33:42 AM | cin: [2]
01/29 04:33:42 AM | cout: [2]
01/29 04:33:42 AM | inactive
01/29 04:33:42 AM | -----
01/29 04:33:42 AM | module: ReLU(inplace=True)
01/29 04:33:42 AM | cin: [2]
01/29 04:33:42 AM | cout: [2]
01/29 04:33:42 AM | active
01/29 04:33:42 AM | -----
01/29 04:33:42 AM | module: Conv2d(128, 128, kernel_size=(3, 3), stride=(1, 1), padding=(1, 1))
01/29 04:33:42 AM | cin: [2]
01/29 04:33:42 AM | cout: [3]
01/29 04:33:42 AM | inactive
01/29 04:33:42 AM | -----
01/29 04:33:42 AM | module: BatchNorm2d(128, eps=1e-05, momentum=0.1, affine=True, track_running_stats=True)
01/29 04:33:42 AM | cin: [3]
01/29 04:33:42 AM | cout: [3]
01/29 04:33:42 AM | inactive
01/29 04:33:42 AM | -----
01/29 04:33:42 AM | module: ReLU(inplace=True)
01/29 04:33:42 AM | cin: [3]
01/29 04:33:42 AM | cout: [3]
01/29 04:33:42 AM | active
01/29 04:33:42 AM | -----
01/29 04:33:42 AM | module: MaxPool2d(kernel_size=2, stride=2, padding=0, dilation=1, ceil_mode=False)
01/29 04:33:42 AM | cin: [3]
01/29 04:33:42 AM | cout: [3]
01/29 04:33:42 AM | inactive
01/29 04:33:42 AM | -----
01/29 04:33:42 AM | module: Conv2d(128, 256, kernel_size=(3, 3), stride=(1, 1), padding=(1, 1))
01/29 04:33:42 AM | cin: [3]
01/29 04:33:42 AM | cout: [4]
01/29 04:33:42 AM | inactive
01/29 04:33:42 AM | -----
01/29 04:33:42 AM | module: BatchNorm2d(256, eps=1e-05, momentum=0.1, affine=True, track_running_stats=True)
01/29 04:33:42 AM | cin: [4]
01/29 04:33:42 AM | cout: [4]
01/29 04:33:42 AM | inactive
01/29 04:33:42 AM | -----
01/29 04:33:42 AM | module: ReLU(inplace=True)
01/29 04:33:42 AM | cin: [4]
01/29 04:33:42 AM | cout: [4]
01/29 04:33:42 AM | active
01/29 04:33:42 AM | -----
01/29 04:33:42 AM | module: Conv2d(256, 256, kernel_size=(3, 3), stride=(1, 1), padding=(1, 1))
01/29 04:33:42 AM | cin: [4]
01/29 04:33:42 AM | cout: [5]
01/29 04:33:42 AM | inactive
01/29 04:33:42 AM | -----
01/29 04:33:42 AM | module: BatchNorm2d(256, eps=1e-05, momentum=0.1, affine=True, track_running_stats=True)
01/29 04:33:42 AM | cin: [5]
01/29 04:33:42 AM | cout: [5]
01/29 04:33:42 AM | inactive
01/29 04:33:42 AM | -----
01/29 04:33:42 AM | module: ReLU(inplace=True)
01/29 04:33:42 AM | cin: [5]
01/29 04:33:42 AM | cout: [5]
01/29 04:33:42 AM | active
01/29 04:33:42 AM | -----
01/29 04:33:42 AM | module: Conv2d(256, 256, kernel_size=(3, 3), stride=(1, 1), padding=(1, 1))
01/29 04:33:42 AM | cin: [5]
01/29 04:33:42 AM | cout: [6]
01/29 04:33:42 AM | inactive
01/29 04:33:42 AM | -----
01/29 04:33:42 AM | module: BatchNorm2d(256, eps=1e-05, momentum=0.1, affine=True, track_running_stats=True)
01/29 04:33:42 AM | cin: [6]
01/29 04:33:42 AM | cout: [6]
01/29 04:33:42 AM | inactive
01/29 04:33:42 AM | -----
01/29 04:33:42 AM | module: ReLU(inplace=True)
01/29 04:33:42 AM | cin: [6]
01/29 04:33:42 AM | cout: [6]
01/29 04:33:42 AM | active
01/29 04:33:42 AM | -----
01/29 04:33:42 AM | module: MaxPool2d(kernel_size=2, stride=2, padding=0, dilation=1, ceil_mode=False)
01/29 04:33:42 AM | cin: [6]
01/29 04:33:42 AM | cout: [6]
01/29 04:33:42 AM | inactive
01/29 04:33:42 AM | -----
01/29 04:33:42 AM | module: Conv2d(256, 512, kernel_size=(3, 3), stride=(1, 1), padding=(1, 1))
01/29 04:33:42 AM | cin: [6]
01/29 04:33:42 AM | cout: [7]
01/29 04:33:42 AM | inactive
01/29 04:33:42 AM | -----
01/29 04:33:42 AM | module: BatchNorm2d(512, eps=1e-05, momentum=0.1, affine=True, track_running_stats=True)
01/29 04:33:42 AM | cin: [7]
01/29 04:33:42 AM | cout: [7]
01/29 04:33:42 AM | inactive
01/29 04:33:42 AM | -----
01/29 04:33:42 AM | module: ReLU(inplace=True)
01/29 04:33:42 AM | cin: [7]
01/29 04:33:42 AM | cout: [7]
01/29 04:33:42 AM | active
01/29 04:33:42 AM | -----
01/29 04:33:42 AM | module: Conv2d(512, 512, kernel_size=(3, 3), stride=(1, 1), padding=(1, 1))
01/29 04:33:42 AM | cin: [7]
01/29 04:33:42 AM | cout: [8]
01/29 04:33:42 AM | inactive
01/29 04:33:42 AM | -----
01/29 04:33:42 AM | module: BatchNorm2d(512, eps=1e-05, momentum=0.1, affine=True, track_running_stats=True)
01/29 04:33:42 AM | cin: [8]
01/29 04:33:42 AM | cout: [8]
01/29 04:33:42 AM | inactive
01/29 04:33:42 AM | -----
01/29 04:33:42 AM | module: ReLU(inplace=True)
01/29 04:33:42 AM | cin: [8]
01/29 04:33:42 AM | cout: [8]
01/29 04:33:42 AM | active
01/29 04:33:42 AM | -----
01/29 04:33:42 AM | module: Conv2d(512, 512, kernel_size=(3, 3), stride=(1, 1), padding=(1, 1))
01/29 04:33:42 AM | cin: [8]
01/29 04:33:42 AM | cout: [9]
01/29 04:33:42 AM | inactive
01/29 04:33:42 AM | -----
01/29 04:33:42 AM | module: BatchNorm2d(512, eps=1e-05, momentum=0.1, affine=True, track_running_stats=True)
01/29 04:33:42 AM | cin: [9]
01/29 04:33:42 AM | cout: [9]
01/29 04:33:42 AM | inactive
01/29 04:33:42 AM | -----
01/29 04:33:42 AM | module: ReLU(inplace=True)
01/29 04:33:42 AM | cin: [9]
01/29 04:33:42 AM | cout: [9]
01/29 04:33:42 AM | active
01/29 04:33:42 AM | -----
01/29 04:33:42 AM | module: MaxPool2d(kernel_size=2, stride=2, padding=0, dilation=1, ceil_mode=False)
01/29 04:33:42 AM | cin: [9]
01/29 04:33:42 AM | cout: [9]
01/29 04:33:42 AM | inactive
01/29 04:33:42 AM | -----
01/29 04:33:42 AM | module: Conv2d(512, 512, kernel_size=(3, 3), stride=(1, 1), padding=(1, 1))
01/29 04:33:42 AM | cin: [9]
01/29 04:33:42 AM | cout: [10]
01/29 04:33:42 AM | inactive
01/29 04:33:42 AM | -----
01/29 04:33:42 AM | module: BatchNorm2d(512, eps=1e-05, momentum=0.1, affine=True, track_running_stats=True)
01/29 04:33:42 AM | cin: [10]
01/29 04:33:42 AM | cout: [10]
01/29 04:33:42 AM | inactive
01/29 04:33:42 AM | -----
01/29 04:33:42 AM | module: ReLU(inplace=True)
01/29 04:33:42 AM | cin: [10]
01/29 04:33:42 AM | cout: [10]
01/29 04:33:42 AM | active
01/29 04:33:42 AM | -----
01/29 04:33:42 AM | module: Conv2d(512, 512, kernel_size=(3, 3), stride=(1, 1), padding=(1, 1))
01/29 04:33:42 AM | cin: [10]
01/29 04:33:42 AM | cout: [11]
01/29 04:33:42 AM | inactive
01/29 04:33:42 AM | -----
01/29 04:33:42 AM | module: BatchNorm2d(512, eps=1e-05, momentum=0.1, affine=True, track_running_stats=True)
01/29 04:33:42 AM | cin: [11]
01/29 04:33:42 AM | cout: [11]
01/29 04:33:42 AM | inactive
01/29 04:33:42 AM | -----
01/29 04:33:42 AM | module: ReLU(inplace=True)
01/29 04:33:42 AM | cin: [11]
01/29 04:33:42 AM | cout: [11]
01/29 04:33:42 AM | active
01/29 04:33:42 AM | -----
01/29 04:33:42 AM | module: Conv2d(512, 512, kernel_size=(3, 3), stride=(1, 1), padding=(1, 1))
01/29 04:33:42 AM | cin: [11]
01/29 04:33:42 AM | cout: [12]
01/29 04:33:42 AM | inactive
01/29 04:33:42 AM | -----
01/29 04:33:42 AM | module: BatchNorm2d(512, eps=1e-05, momentum=0.1, affine=True, track_running_stats=True)
01/29 04:33:42 AM | cin: [12]
01/29 04:33:42 AM | cout: [12]
01/29 04:33:42 AM | inactive
01/29 04:33:42 AM | -----
01/29 04:33:42 AM | module: ReLU(inplace=True)
01/29 04:33:42 AM | cin: [12]
01/29 04:33:42 AM | cout: [12]
01/29 04:33:42 AM | active
01/29 04:33:42 AM | -----
01/29 04:33:42 AM | module: Linear(in_features=512, out_features=512, bias=True)
01/29 04:33:42 AM | cin: [12]
01/29 04:33:42 AM | cout: None
01/29 04:33:42 AM | inactive
01/29 04:33:42 AM | -----
01/29 04:33:42 AM | module: ReLU(inplace=True)
01/29 04:33:42 AM | cin: None
01/29 04:33:42 AM | cout: None
01/29 04:33:42 AM | active
01/29 04:33:42 AM | -----
01/29 04:33:42 AM | module: Linear(in_features=512, out_features=10, bias=True)
01/29 04:33:42 AM | cin: None
01/29 04:33:42 AM | cout: None
01/29 04:33:42 AM | inactive
01/29 04:33:42 AM | Used masks: [0, 1, 2, 3, 4, 5, 6, 7, 8, 9, 10, 11, 12]
01/29 04:33:42 AM | 13 unique masks in total
01/29 04:33:43 AM | === Batch 1/250
01/29 04:33:43 AM | loss = 0.121 + 4.266 + 0.040 = 4.427
01/29 04:33:43 AM | attribution_score[0:12]: 
[ 0.94  0.94  0.83  0.83  0.83  0.83  0.83  0.83  0.83  0.94  0.83  0.83 ]
[ 0.83  0.83  0.94  0.83  0.94  0.83  0.83  0.83  0.83  0.94  0.83  0.83 ]
[ 0.83  0.94  0.83  0.83  0.83  0.83  0.83  0.94  0.83  0.83  0.83  0.94 ]
[ 0.83  0.83  0.83  0.83  0.83  0.83  0.83  0.83  0.94  0.83  0.83  0.94 ]
[ 0.83  0.83  0.94  0.83  0.83  0.83  0.94  0.83  0.94  0.94  0.83  0.83 ]
[ 0.83  0.83  0.94  0.83  0.83  0.83  0.83  0.83  0.83  0.83  0.83  0.83 ]
[ 0.83  0.83  0.83  0.83  0.94  0.83  0.83  0.83  0.83  0.94  0.83  0.83 ]
[ 0.83  0.83  0.83  0.83  0.83  0.83  0.83  0.83  0.83  0.83  0.83  0.83 ]
[ 0.83  0.83  0.83  0.83  0.83  0.83  0.83  0.83  0.83  0.83  0.83  0.83 ]
[ 0.83  0.83  0.83  0.83  0.83  0.83  0.83  0.83  0.83  0.83  0.83  0.83 ]
[ 0.83  0.83  0.83  0.83  0.83  0.83  0.83  0.83  0.83  0.83  0.94  0.83 ]
[ 0.83  0.83  0.83  0.83  0.83  0.83  0.83  0.94  0.83  0.83  0.83  0.83 ]
[ 0.94  0.94  0.94  0.83  0.94  0.94  0.83  0.94  0.83  0.94  0.94  0.83 ]

01/29 04:33:43 AM | === Batch 2/250
01/29 04:33:43 AM | loss = 0.130 + 3.498 + 0.058 = 3.685
01/29 04:33:44 AM | attribution_score[0:12]: 
[ 0.96  0.97  0.73  0.73  0.73  0.74  0.74  0.73  0.73  0.91  0.73  0.86 ]
[ 0.87  0.73  0.92  0.73  0.97  0.75  0.86  0.73  0.73  0.94  0.73  0.73 ]
[ 0.88  0.96  0.73  0.87  0.73  0.86  0.84  0.95  0.75  0.74  0.74  0.97 ]
[ 0.75  0.74  0.75  0.84  0.73  0.76  0.76  0.73  0.96  0.73  0.78  0.96 ]
[ 0.73  0.73  0.96  0.73  0.74  0.73  0.93  0.77  0.95  0.92  0.74  0.74 ]
[ 0.75  0.73  0.92  0.74  0.73  0.74  0.74  0.76  0.73  0.73  0.73  0.74 ]
[ 0.79  0.74  0.75  0.73  0.96  0.73  0.73  0.73  0.74  0.95  0.73  0.73 ]
[ 0.73  0.74  0.73  0.84  0.79  0.73  0.77  0.73  0.81  0.75  0.73  0.73 ]
[ 0.73  0.73  0.73  0.73  0.73  0.73  0.73  0.74  0.73  0.73  0.73  0.74 ]
[ 0.73  0.73  0.73  0.73  0.75  0.73  0.73  0.73  0.74  0.73  0.73  0.73 ]
[ 0.73  0.79  0.75  0.73  0.73  0.78  0.74  0.78  0.74  0.73  0.97  0.73 ]
[ 0.88  0.88  0.73  0.73  0.88  0.73  0.83  0.97  0.73  0.88  0.77  0.73 ]
[ 0.97  0.97  0.97  0.74  0.97  0.97  0.82  0.97  0.87  0.97  0.97  0.74 ]

01/29 04:33:44 AM | === Batch 3/250
01/29 04:33:44 AM | loss = 0.481 + 2.548 + 0.081 = 3.109
01/29 04:33:44 AM | attribution_score[0:12]: 
[ 0.98  0.97  0.60  0.60  0.61  0.61  0.62  0.60  0.60  0.87  0.61  0.87 ]
[ 0.84  0.60  0.89  0.60  0.97  0.67  0.85  0.60  0.70  0.95  0.60  0.61 ]
[ 0.91  0.97  0.60  0.90  0.61  0.90  0.81  0.95  0.64  0.63  0.62  0.97 ]
[ 0.66  0.62  0.77  0.87  0.72  0.76  0.65  0.60  0.97  0.60  0.69  0.97 ]
[ 0.60  0.65  0.96  0.64  0.71  0.74  0.89  0.75  0.96  0.89  0.63  0.63 ]
[ 0.65  0.79  0.88  0.63  0.61  0.62  0.65  0.65  0.61  0.60  0.60  0.72 ]
[ 0.77  0.62  0.73  0.64  0.97  0.61  0.61  0.60  0.63  0.97  0.77  0.61 ]
[ 0.60  0.62  0.60  0.82  0.71  0.66  0.73  0.60  0.81  0.65  0.60  0.60 ]
[ 0.60  0.61  0.60  0.60  0.61  0.60  0.60  0.61  0.63  0.60  0.61  0.76 ]
[ 0.62  0.60  0.60  0.60  0.64  0.63  0.60  0.60  0.63  0.60  0.61  0.62 ]
[ 0.60  0.84  0.80  0.61  0.60  0.72  0.78  0.83  0.61  0.69  0.98  0.61 ]
[ 0.92  0.92  0.74  0.79  0.93  0.73  0.88  0.98  0.65  0.92  0.82  0.62 ]
[ 0.98  0.98  0.98  0.61  0.98  0.98  0.87  0.98  0.92  0.98  0.98  0.62 ]

01/29 04:33:44 AM | === Batch 4/250
01/29 04:33:44 AM | loss = 0.751 + 1.667 + 0.102 = 2.521
01/29 04:33:45 AM | attribution_score[0:12]: 
[ 0.98  0.96  0.45  0.46  0.46  0.53  0.49  0.45  0.45  0.80  0.47  0.86 ]
[ 0.81  0.45  0.84  0.46  0.97  0.56  0.86  0.46  0.69  0.93  0.66  0.47 ]
[ 0.93  0.98  0.45  0.93  0.46  0.93  0.74  0.95  0.51  0.49  0.48  0.97 ]
[ 0.53  0.48  0.76  0.89  0.73  0.75  0.56  0.50  0.98  0.53  0.62  0.98 ]
[ 0.60  0.57  0.96  0.60  0.74  0.76  0.87  0.73  0.97  0.83  0.65  0.51 ]
[ 0.60  0.85  0.81  0.52  0.48  0.48  0.61  0.52  0.47  0.57  0.45  0.66 ]
[ 0.71  0.49  0.69  0.65  0.97  0.50  0.51  0.61  0.50  0.98  0.83  0.48 ]
[ 0.45  0.49  0.46  0.76  0.61  0.58  0.65  0.45  0.86  0.53  0.47  0.45 ]
[ 0.46  0.61  0.45  0.62  0.47  0.45  0.48  0.53  0.67  0.45  0.62  0.82 ]
[ 0.59  0.48  0.45  0.45  0.54  0.62  0.45  0.45  0.66  0.45  0.48  0.57 ]
[ 0.46  0.89  0.84  0.63  0.66  0.63  0.84  0.84  0.68  0.75  0.99  0.68 ]
[ 0.92  0.95  0.79  0.86  0.95  0.74  0.92  0.99  0.55  0.92  0.88  0.69 ]
[ 0.99  0.99  0.99  0.63  0.98  0.99  0.91  0.99  0.95  0.98  0.98  0.52 ]

01/29 04:33:45 AM | === Batch 5/250
01/29 04:33:45 AM | loss = 0.793 + 0.947 + 0.113 = 1.853
01/29 04:33:45 AM | attribution_score[0:12]: 
[ 0.99  0.96  0.32  0.32  0.33  0.46  0.37  0.31  0.31  0.76  0.33  0.88 ]
[ 0.81  0.33  0.77  0.32  0.97  0.43  0.90  0.33  0.66  0.90  0.70  0.37 ]
[ 0.95  0.98  0.31  0.94  0.32  0.95  0.64  0.95  0.37  0.36  0.34  0.97 ]
[ 0.40  0.34  0.74  0.90  0.66  0.77  0.50  0.47  0.98  0.51  0.55  0.98 ]
[ 0.66  0.46  0.94  0.56  0.73  0.81  0.85  0.69  0.97  0.78  0.71  0.49 ]
[ 0.56  0.86  0.72  0.40  0.36  0.41  0.66  0.43  0.36  0.60  0.31  0.65 ]
[ 0.73  0.42  0.67  0.60  0.97  0.41  0.41  0.61  0.47  0.98  0.88  0.42 ]
[ 0.31  0.41  0.34  0.67  0.51  0.47  0.54  0.31  0.88  0.41  0.33  0.32 ]
[ 0.38  0.62  0.31  0.67  0.43  0.31  0.38  0.43  0.74  0.36  0.68  0.87 ]
[ 0.60  0.36  0.31  0.31  0.42  0.60  0.31  0.31  0.73  0.31  0.35  0.53 ]
[ 0.40  0.93  0.84  0.69  0.73  0.65  0.89  0.88  0.76  0.81  0.99  0.76 ]
[ 0.90  0.97  0.83  0.90  0.96  0.77  0.94  0.99  0.43  0.90  0.92  0.77 ]
[ 0.99  0.99  0.99  0.71  0.99  0.99  0.93  0.99  0.97  0.98  0.98  0.40 ]

01/29 04:33:45 AM | === Batch 6/250
01/29 04:33:45 AM | loss = 1.012 + 0.368 + 0.098 = 1.477
01/29 04:33:46 AM | attribution_score[0:12]: 
[ 0.99  0.95  0.22  0.20  0.23  0.39  0.27  0.20  0.20  0.77  0.22  0.91 ]
[ 0.83  0.23  0.67  0.21  0.97  0.31  0.92  0.21  0.60  0.87  0.77  0.35 ]
[ 0.97  0.98  0.20  0.95  0.20  0.96  0.53  0.96  0.25  0.25  0.23  0.98 ]
[ 0.31  0.23  0.76  0.91  0.57  0.75  0.53  0.42  0.98  0.48  0.51  0.98 ]
[ 0.73  0.34  0.92  0.50  0.76  0.86  0.83  0.63  0.98  0.78  0.78  0.53 ]
[ 0.59  0.86  0.60  0.30  0.24  0.43  0.73  0.33  0.27  0.66  0.20  0.67 ]
[ 0.79  0.36  0.68  0.57  0.97  0.31  0.30  0.55  0.39  0.98  0.92  0.41 ]
[ 0.20  0.35  0.23  0.56  0.41  0.45  0.56  0.20  0.88  0.29  0.24  0.21 ]
[ 0.29  0.59  0.20  0.73  0.43  0.20  0.28  0.35  0.80  0.30  0.75  0.91 ]
[ 0.58  0.25  0.20  0.20  0.36  0.59  0.20  0.20  0.81  0.21  0.26  0.53 ]
[ 0.42  0.95  0.83  0.75  0.80  0.72  0.92  0.91  0.83  0.84  0.99  0.82 ]
[ 0.90  0.98  0.87  0.93  0.97  0.82  0.95  0.99  0.40  0.88  0.95  0.84 ]
[ 0.99  1.00  1.00  0.77  0.99  1.00  0.95  0.99  0.98  0.97  0.97  0.29 ]

01/29 04:33:46 AM | === Batch 7/250
01/29 04:33:46 AM | loss = 1.174 + 0.097 + 0.083 = 1.354
01/29 04:33:46 AM | attribution_score[0:12]: 
[ 0.99  0.96  0.23  0.16  0.21  0.42  0.24  0.16  0.15  0.81  0.19  0.92 ]
[ 0.87  0.19  0.69  0.17  0.97  0.30  0.94  0.16  0.59  0.89  0.83  0.40 ]
[ 0.97  0.97  0.16  0.96  0.17  0.97  0.55  0.96  0.22  0.20  0.19  0.98 ]
[ 0.26  0.18  0.82  0.93  0.58  0.78  0.60  0.47  0.97  0.53  0.55  0.98 ]
[ 0.79  0.34  0.92  0.50  0.78  0.90  0.83  0.66  0.98  0.82  0.84  0.56 ]
[ 0.66  0.88  0.62  0.29  0.22  0.51  0.80  0.31  0.22  0.74  0.15  0.73 ]
[ 0.85  0.37  0.73  0.61  0.98  0.31  0.26  0.54  0.42  0.98  0.95  0.46 ]
[ 0.15  0.37  0.20  0.53  0.41  0.51  0.63  0.15  0.89  0.29  0.24  0.15 ]
[ 0.30  0.64  0.17  0.80  0.47  0.17  0.26  0.38  0.85  0.33  0.82  0.94 ]
[ 0.63  0.26  0.16  0.16  0.37  0.64  0.18  0.17  0.87  0.20  0.25  0.60 ]
[ 0.48  0.96  0.87  0.78  0.83  0.79  0.94  0.94  0.88  0.86  1.00  0.86 ]
[ 0.92  0.99  0.91  0.94  0.98  0.88  0.95  0.99  0.45  0.89  0.97  0.89 ]
[ 1.00  1.00  1.00  0.82  0.99  1.00  0.96  0.99  0.99  0.97  0.96  0.24 ]

01/29 04:33:46 AM | === Batch 8/250
01/29 04:33:46 AM | loss = 1.276 + 0.027 + 0.075 = 1.379
01/29 04:33:47 AM | attribution_score[0:12]: 
[ 0.99  0.96  0.24  0.12  0.18  0.39  0.21  0.12  0.12  0.81  0.16  0.93 ]
[ 0.91  0.16  0.74  0.13  0.97  0.32  0.96  0.12  0.64  0.92  0.80  0.46 ]
[ 0.98  0.97  0.13  0.97  0.13  0.97  0.54  0.96  0.20  0.16  0.17  0.98 ]
[ 0.22  0.14  0.84  0.95  0.62  0.82  0.58  0.50  0.97  0.56  0.56  0.98 ]
[ 0.84  0.37  0.92  0.49  0.77  0.93  0.82  0.69  0.98  0.86  0.84  0.53 ]
[ 0.72  0.90  0.63  0.29  0.20  0.56  0.82  0.30  0.19  0.78  0.11  0.75 ]
[ 0.89  0.37  0.74  0.68  0.98  0.32  0.23  0.57  0.49  0.98  0.96  0.48 ]
[ 0.11  0.37  0.16  0.48  0.42  0.58  0.72  0.11  0.90  0.27  0.21  0.11 ]
[ 0.31  0.66  0.14  0.83  0.50  0.14  0.22  0.36  0.86  0.35  0.84  0.96 ]
[ 0.62  0.25  0.12  0.12  0.38  0.66  0.16  0.13  0.91  0.17  0.24  0.61 ]
[ 0.50  0.97  0.89  0.78  0.85  0.83  0.94  0.96  0.91  0.87  1.00  0.88 ]
[ 0.94  0.99  0.93  0.95  0.98  0.89  0.96  1.00  0.46  0.91  0.98  0.91 ]
[ 1.00  1.00  1.00  0.85  1.00  1.00  0.97  0.99  0.99  0.98  0.97  0.22 ]

01/29 04:33:47 AM | === Batch 9/250
01/29 04:33:47 AM | loss = 1.127 + 0.038 + 0.070 = 1.234
01/29 04:33:47 AM | attribution_score[0:12]: 
[ 0.99  0.97  0.24  0.09  0.16  0.36  0.19  0.09  0.08  0.77  0.12  0.93 ]
[ 0.94  0.14  0.80  0.09  0.95  0.37  0.97  0.09  0.71  0.94  0.75  0.54 ]
[ 0.98  0.96  0.10  0.97  0.10  0.98  0.50  0.97  0.18  0.13  0.16  0.98 ]
[ 0.18  0.10  0.84  0.96  0.69  0.87  0.56  0.47  0.96  0.53  0.53  0.98 ]
[ 0.86  0.43  0.93  0.51  0.73  0.95  0.79  0.74  0.98  0.91  0.82  0.48 ]
[ 0.80  0.93  0.62  0.32  0.17  0.58  0.81  0.30  0.16  0.82  0.08  0.78 ]
[ 0.92  0.35  0.74  0.75  0.98  0.34  0.19  0.54  0.57  0.99  0.96  0.50 ]
[ 0.08  0.36  0.13  0.44  0.41  0.65  0.78  0.08  0.89  0.24  0.18  0.08 ]
[ 0.30  0.66  0.11  0.83  0.53  0.11  0.17  0.33  0.86  0.36  0.84  0.97 ]
[ 0.58  0.22  0.09  0.10  0.37  0.66  0.14  0.10  0.93  0.14  0.24  0.61 ]
[ 0.50  0.97  0.90  0.76  0.87  0.86  0.95  0.97  0.93  0.87  1.00  0.89 ]
[ 0.95  1.00  0.94  0.96  0.99  0.88  0.97  1.00  0.42  0.93  0.98  0.92 ]
[ 1.00  1.00  1.00  0.89  1.00  1.00  0.97  0.99  0.99  0.98  0.97  0.22 ]

01/29 04:33:47 AM | === Batch 10/250
01/29 04:33:47 AM | loss = 0.791 + 0.010 + 0.065 = 0.867
01/29 04:33:47 AM | attribution_score[0:12]: 
[ 1.00  0.98  0.23  0.06  0.13  0.32  0.16  0.06  0.06  0.75  0.09  0.93 ]
[ 0.96  0.12  0.85  0.07  0.93  0.41  0.98  0.07  0.75  0.96  0.69  0.61 ]
[ 0.99  0.95  0.08  0.98  0.08  0.98  0.44  0.97  0.16  0.10  0.15  0.98 ]
[ 0.14  0.08  0.85  0.97  0.73  0.90  0.55  0.45  0.94  0.50  0.51  0.97 ]
[ 0.87  0.46  0.92  0.49  0.68  0.96  0.75  0.78  0.98  0.93  0.79  0.43 ]
[ 0.83  0.94  0.59  0.31  0.13  0.61  0.79  0.31  0.15  0.84  0.06  0.80 ]
[ 0.94  0.36  0.69  0.80  0.98  0.35  0.16  0.48  0.63  0.99  0.97  0.51 ]
[ 0.06  0.37  0.10  0.40  0.39  0.74  0.83  0.06  0.88  0.22  0.16  0.05 ]
[ 0.29  0.66  0.09  0.83  0.57  0.09  0.13  0.30  0.84  0.34  0.84  0.98 ]
[ 0.53  0.18  0.07  0.07  0.38  0.63  0.12  0.08  0.95  0.11  0.24  0.59 ]
[ 0.50  0.98  0.90  0.74  0.87  0.88  0.95  0.98  0.95  0.86  1.00  0.90 ]
[ 0.96  1.00  0.94  0.96  0.99  0.88  0.97  1.00  0.39  0.94  0.99  0.93 ]
[ 1.00  1.00  1.00  0.91  1.00  1.00  0.98  0.99  1.00  0.99  0.98  0.22 ]

01/29 04:33:47 AM | === Batch 11/250
01/29 04:33:48 AM | loss = 0.837 + 0.082 + 0.061 = 0.979
01/29 04:33:48 AM | attribution_score[0:12]: 
[ 1.00  0.98  0.24  0.05  0.12  0.33  0.15  0.05  0.05  0.77  0.08  0.94 ]
[ 0.97  0.12  0.88  0.06  0.93  0.47  0.99  0.05  0.78  0.97  0.68  0.68 ]
[ 0.99  0.95  0.07  0.98  0.06  0.99  0.45  0.97  0.16  0.09  0.15  0.99 ]
[ 0.12  0.06  0.87  0.97  0.78  0.92  0.56  0.46  0.94  0.51  0.56  0.98 ]
[ 0.89  0.52  0.91  0.50  0.67  0.97  0.76  0.82  0.98  0.95  0.79  0.40 ]
[ 0.85  0.95  0.63  0.30  0.12  0.66  0.77  0.34  0.15  0.86  0.05  0.84 ]
[ 0.95  0.42  0.68  0.84  0.99  0.37  0.15  0.40  0.67  0.99  0.97  0.57 ]
[ 0.04  0.41  0.08  0.42  0.43  0.82  0.87  0.05  0.88  0.25  0.16  0.04 ]
[ 0.32  0.71  0.08  0.83  0.64  0.07  0.11  0.32  0.83  0.35  0.86  0.99 ]
[ 0.53  0.15  0.06  0.06  0.41  0.61  0.12  0.06  0.96  0.10  0.27  0.62 ]
[ 0.52  0.98  0.92  0.72  0.87  0.91  0.95  0.99  0.96  0.85  1.00  0.90 ]
[ 0.97  1.00  0.95  0.97  0.99  0.88  0.97  1.00  0.38  0.95  0.99  0.94 ]
[ 1.00  1.00  1.00  0.92  1.00  1.00  0.98  1.00  1.00  0.99  0.98  0.25 ]

01/29 04:33:48 AM | === Batch 12/250
01/29 04:33:48 AM | loss = 0.806 + 0.047 + 0.058 = 0.911
01/29 04:33:48 AM | attribution_score[0:12]: 
[ 1.00  0.99  0.24  0.04  0.11  0.36  0.14  0.04  0.04  0.78  0.07  0.94 ]
[ 0.98  0.12  0.91  0.05  0.93  0.54  0.99  0.04  0.82  0.98  0.70  0.71 ]
[ 0.99  0.95  0.06  0.98  0.05  0.99  0.45  0.98  0.15  0.08  0.15  0.99 ]
[ 0.09  0.05  0.88  0.97  0.81  0.93  0.55  0.52  0.94  0.53  0.60  0.98 ]
[ 0.90  0.55  0.89  0.51  0.65  0.97  0.79  0.85  0.98  0.96  0.80  0.36 ]
[ 0.85  0.95  0.65  0.26  0.11  0.71  0.76  0.35  0.16  0.86  0.04  0.87 ]
[ 0.96  0.47  0.63  0.85  0.99  0.33  0.13  0.35  0.68  0.99  0.98  0.63 ]
[ 0.03  0.44  0.07  0.42  0.45  0.83  0.90  0.04  0.89  0.27  0.16  0.03 ]
[ 0.34  0.76  0.07  0.84  0.71  0.06  0.09  0.33  0.83  0.35  0.87  0.99 ]
[ 0.54  0.13  0.05  0.05  0.45  0.57  0.11  0.05  0.97  0.09  0.30  0.63 ]
[ 0.54  0.98  0.93  0.71  0.88  0.93  0.95  0.99  0.97  0.83  1.00  0.90 ]
[ 0.97  1.00  0.95  0.97  0.99  0.89  0.97  1.00  0.38  0.96  0.99  0.95 ]
[ 1.00  1.00  1.00  0.93  1.00  1.00  0.98  1.00  1.00  0.99  0.99  0.25 ]

01/29 04:33:48 AM | === Batch 13/250
01/29 04:33:48 AM | loss = 0.618 + 0.104 + 0.055 = 0.777
01/29 04:33:49 AM | attribution_score[0:12]: 
[ 1.00  0.99  0.24  0.03  0.09  0.42  0.13  0.04  0.03  0.81  0.06  0.95 ]
[ 0.98  0.13  0.92  0.04  0.92  0.62  0.99  0.03  0.85  0.98  0.74  0.72 ]
[ 0.99  0.94  0.05  0.99  0.04  0.99  0.44  0.98  0.14  0.06  0.14  0.99 ]
[ 0.08  0.04  0.89  0.98  0.85  0.94  0.56  0.58  0.94  0.56  0.62  0.98 ]
[ 0.91  0.54  0.88  0.52  0.64  0.98  0.81  0.86  0.98  0.97  0.81  0.33 ]
[ 0.85  0.96  0.65  0.23  0.10  0.75  0.75  0.33  0.16  0.84  0.03  0.89 ]
[ 0.96  0.47  0.58  0.86  0.99  0.29  0.12  0.33  0.69  0.99  0.98  0.66 ]
[ 0.03  0.46  0.06  0.40  0.44  0.84  0.91  0.03  0.92  0.29  0.16  0.03 ]
[ 0.33  0.81  0.06  0.85  0.76  0.05  0.08  0.34  0.82  0.32  0.89  0.99 ]
[ 0.54  0.11  0.04  0.04  0.48  0.53  0.10  0.04  0.97  0.08  0.33  0.63 ]
[ 0.53  0.99  0.94  0.70  0.88  0.94  0.96  0.99  0.98  0.83  1.00  0.91 ]
[ 0.98  1.00  0.95  0.98  0.99  0.90  0.97  1.00  0.37  0.97  0.99  0.96 ]
[ 1.00  1.00  1.00  0.93  1.00  1.00  0.99  1.00  1.00  0.99  0.99  0.24 ]

01/29 04:33:49 AM | === Batch 14/250
01/29 04:33:49 AM | loss = 0.741 + 0.137 + 0.053 = 0.930
01/29 04:33:49 AM | attribution_score[0:12]: 
[ 1.00  0.99  0.22  0.03  0.08  0.48  0.12  0.03  0.02  0.82  0.05  0.95 ]
[ 0.99  0.13  0.93  0.03  0.93  0.69  0.99  0.03  0.88  0.98  0.78  0.70 ]
[ 0.99  0.94  0.04  0.99  0.03  0.99  0.41  0.98  0.14  0.05  0.13  0.99 ]
[ 0.07  0.03  0.90  0.98  0.87  0.94  0.56  0.66  0.94  0.59  0.64  0.98 ]
[ 0.92  0.49  0.85  0.51  0.67  0.98  0.83  0.86  0.99  0.97  0.82  0.34 ]
[ 0.85  0.96  0.65  0.20  0.09  0.77  0.73  0.29  0.16  0.82  0.03  0.91 ]
[ 0.97  0.48  0.50  0.85  0.99  0.24  0.11  0.32  0.70  0.99  0.98  0.70 ]
[ 0.02  0.48  0.05  0.38  0.41  0.82  0.93  0.02  0.93  0.29  0.16  0.02 ]
[ 0.29  0.85  0.05  0.85  0.80  0.04  0.06  0.35  0.82  0.29  0.90  0.99 ]
[ 0.53  0.09  0.03  0.04  0.49  0.46  0.09  0.04  0.98  0.07  0.34  0.63 ]
[ 0.53  0.99  0.95  0.72  0.89  0.95  0.96  0.99  0.98  0.83  1.00  0.91 ]
[ 0.98  1.00  0.95  0.98  1.00  0.90  0.98  1.00  0.35  0.98  0.99  0.96 ]
[ 1.00  1.00  1.00  0.94  1.00  1.00  0.99  1.00  1.00  0.99  0.99  0.22 ]

01/29 04:33:49 AM | === Batch 15/250
01/29 04:33:49 AM | loss = 0.657 + 0.138 + 0.050 = 0.846
01/29 04:33:49 AM | attribution_score[0:12]: 
[ 1.00  0.99  0.19  0.02  0.07  0.54  0.11  0.02  0.02  0.84  0.04  0.95 ]
[ 0.99  0.13  0.94  0.03  0.93  0.74  0.99  0.02  0.91  0.99  0.81  0.67 ]
[ 0.99  0.94  0.03  0.99  0.03  0.99  0.37  0.98  0.13  0.05  0.12  0.98 ]
[ 0.06  0.03  0.91  0.98  0.90  0.94  0.58  0.72  0.95  0.61  0.65  0.98 ]
[ 0.93  0.44  0.81  0.54  0.72  0.98  0.85  0.85  0.99  0.98  0.83  0.38 ]
[ 0.85  0.96  0.63  0.17  0.08  0.80  0.74  0.26  0.16  0.81  0.02  0.92 ]
[ 0.97  0.50  0.45  0.84  0.99  0.20  0.10  0.32  0.68  0.99  0.99  0.73 ]
[ 0.02  0.50  0.04  0.33  0.36  0.80  0.94  0.02  0.94  0.27  0.17  0.02 ]
[ 0.26  0.88  0.05  0.86  0.84  0.04  0.05  0.35  0.82  0.27  0.91  1.00 ]
[ 0.53  0.07  0.03  0.03  0.49  0.42  0.08  0.03  0.98  0.06  0.33  0.64 ]
[ 0.52  0.99  0.95  0.73  0.89  0.96  0.96  0.99  0.98  0.83  1.00  0.92 ]
[ 0.98  1.00  0.95  0.98  1.00  0.91  0.98  1.00  0.32  0.98  0.99  0.96 ]
[ 1.00  1.00  1.00  0.94  1.00  1.00  0.99  1.00  1.00  1.00  0.99  0.19 ]

01/29 04:33:49 AM | === Batch 16/250
01/29 04:33:50 AM | loss = 0.503 + 0.124 + 0.048 = 0.675
01/29 04:33:50 AM | attribution_score[0:12]: 
[ 1.00  0.99  0.16  0.02  0.06  0.61  0.10  0.02  0.02  0.84  0.03  0.95 ]
[ 0.99  0.13  0.94  0.02  0.92  0.78  0.99  0.02  0.93  0.99  0.84  0.63 ]
[ 1.00  0.94  0.03  0.99  0.02  0.99  0.32  0.98  0.11  0.04  0.11  0.98 ]
[ 0.05  0.02  0.91  0.97  0.92  0.94  0.61  0.76  0.94  0.61  0.64  0.98 ]
[ 0.93  0.38  0.77  0.56  0.75  0.99  0.85  0.85  0.99  0.98  0.85  0.41 ]
[ 0.86  0.96  0.62  0.15  0.07  0.81  0.75  0.23  0.16  0.79  0.02  0.93 ]
[ 0.97  0.54  0.38  0.84  0.99  0.17  0.09  0.31  0.64  0.99  0.99  0.77 ]
[ 0.02  0.50  0.04  0.29  0.31  0.79  0.95  0.02  0.95  0.25  0.19  0.02 ]
[ 0.24  0.90  0.04  0.87  0.87  0.03  0.05  0.36  0.83  0.25  0.93  1.00 ]
[ 0.53  0.06  0.02  0.03  0.50  0.38  0.07  0.02  0.98  0.05  0.31  0.64 ]
[ 0.51  0.99  0.96  0.73  0.90  0.97  0.97  0.99  0.99  0.82  1.00  0.92 ]
[ 0.98  1.00  0.95  0.99  1.00  0.91  0.98  1.00  0.29  0.98  0.99  0.97 ]
[ 1.00  1.00  1.00  0.95  1.00  1.00  0.99  1.00  1.00  1.00  0.99  0.16 ]

01/29 04:33:50 AM | === Batch 17/250
01/29 04:33:50 AM | loss = 0.528 + 0.091 + 0.046 = 0.665
01/29 04:33:50 AM | attribution_score[0:12]: 
[ 1.00  0.99  0.14  0.01  0.05  0.64  0.09  0.02  0.01  0.86  0.03  0.95 ]
[ 0.99  0.12  0.95  0.02  0.92  0.80  0.99  0.02  0.94  0.99  0.86  0.58 ]
[ 1.00  0.94  0.02  0.99  0.02  0.99  0.28  0.99  0.10  0.03  0.10  0.98 ]
[ 0.05  0.02  0.91  0.97  0.93  0.94  0.65  0.80  0.94  0.59  0.63  0.98 ]
[ 0.93  0.32  0.72  0.55  0.77  0.99  0.85  0.84  0.99  0.98  0.87  0.45 ]
[ 0.87  0.96  0.58  0.13  0.06  0.81  0.75  0.20  0.16  0.77  0.02  0.94 ]
[ 0.97  0.57  0.32  0.83  0.99  0.14  0.07  0.29  0.60  0.99  0.99  0.80 ]
[ 0.01  0.48  0.04  0.25  0.26  0.77  0.96  0.01  0.95  0.24  0.21  0.01 ]
[ 0.22  0.92  0.04  0.88  0.89  0.03  0.04  0.35  0.83  0.24  0.93  1.00 ]
[ 0.51  0.04  0.02  0.02  0.52  0.35  0.06  0.02  0.99  0.04  0.29  0.64 ]
[ 0.49  0.99  0.96  0.72  0.91  0.97  0.97  1.00  0.99  0.81  1.00  0.92 ]
[ 0.99  1.00  0.95  0.99  1.00  0.91  0.98  1.00  0.26  0.98  0.99  0.97 ]
[ 1.00  1.00  1.00  0.96  1.00  1.00  0.99  1.00  1.00  1.00  0.99  0.14 ]

01/29 04:33:50 AM | === Batch 18/250
01/29 04:33:50 AM | loss = 0.457 + 0.043 + 0.044 = 0.544
01/29 04:33:51 AM | attribution_score[0:12]: 
[ 1.00  0.99  0.12  0.01  0.04  0.66  0.08  0.02  0.01  0.88  0.02  0.96 ]
[ 0.99  0.11  0.95  0.02  0.93  0.80  1.00  0.01  0.94  0.99  0.88  0.54 ]
[ 1.00  0.94  0.02  0.99  0.02  0.99  0.24  0.99  0.09  0.03  0.09  0.98 ]
[ 0.04  0.02  0.91  0.97  0.94  0.94  0.70  0.82  0.94  0.56  0.61  0.98 ]
[ 0.93  0.28  0.67  0.52  0.78  0.99  0.84  0.82  0.99  0.98  0.88  0.48 ]
[ 0.86  0.96  0.55  0.11  0.05  0.81  0.73  0.18  0.15  0.73  0.01  0.94 ]
[ 0.97  0.60  0.25  0.82  0.99  0.11  0.06  0.28  0.58  0.99  0.99  0.82 ]
[ 0.01  0.45  0.03  0.22  0.21  0.75  0.96  0.01  0.96  0.24  0.22  0.01 ]
[ 0.21  0.93  0.03  0.88  0.91  0.02  0.03  0.32  0.82  0.25  0.94  1.00 ]
[ 0.48  0.04  0.02  0.02  0.53  0.30  0.05  0.02  0.99  0.03  0.28  0.63 ]
[ 0.46  0.99  0.96  0.71  0.91  0.98  0.97  1.00  0.99  0.79  1.00  0.93 ]
[ 0.99  1.00  0.95  0.99  1.00  0.91  0.98  1.00  0.23  0.98  1.00  0.97 ]
[ 1.00  1.00  1.00  0.96  1.00  1.00  0.99  1.00  1.00  1.00  0.99  0.12 ]

01/29 04:33:51 AM | === Batch 19/250
01/29 04:33:51 AM | loss = 0.384 + 0.026 + 0.043 = 0.454
01/29 04:33:51 AM | attribution_score[0:12]: 
[ 1.00  0.99  0.12  0.01  0.04  0.70  0.07  0.01  0.01  0.90  0.02  0.96 ]
[ 1.00  0.10  0.95  0.01  0.94  0.81  1.00  0.01  0.95  0.99  0.89  0.52 ]
[ 1.00  0.95  0.02  0.99  0.01  0.99  0.22  0.99  0.09  0.02  0.08  0.98 ]
[ 0.04  0.01  0.92  0.97  0.95  0.94  0.74  0.84  0.94  0.56  0.63  0.98 ]
[ 0.93  0.28  0.69  0.51  0.79  0.99  0.83  0.83  0.99  0.99  0.90  0.53 ]
[ 0.87  0.96  0.56  0.10  0.04  0.83  0.73  0.18  0.15  0.67  0.01  0.95 ]
[ 0.97  0.64  0.20  0.82  0.99  0.10  0.06  0.28  0.59  0.99  0.99  0.85 ]
[ 0.01  0.46  0.03  0.22  0.19  0.77  0.97  0.01  0.96  0.27  0.24  0.01 ]
[ 0.23  0.94  0.03  0.89  0.92  0.02  0.03  0.33  0.83  0.27  0.95  1.00 ]
[ 0.48  0.03  0.01  0.02  0.58  0.30  0.05  0.02  0.99  0.03  0.28  0.66 ]
[ 0.46  0.99  0.97  0.69  0.91  0.98  0.97  1.00  0.99  0.78  1.00  0.93 ]
[ 0.99  1.00  0.95  0.99  1.00  0.92  0.98  1.00  0.22  0.98  1.00  0.98 ]
[ 1.00  1.00  1.00  0.96  1.00  1.00  0.99  1.00  1.00  1.00  0.99  0.11 ]

01/29 04:33:51 AM | === Batch 20/250
01/29 04:33:51 AM | loss = 0.634 + 0.016 + 0.041 = 0.691
01/29 04:33:51 AM | === Batch 21/250
01/29 04:33:52 AM | loss = 0.460 + 0.031 + 0.040 = 0.531
01/29 04:33:52 AM | === Batch 22/250
01/29 04:33:52 AM | loss = 0.692 + 0.031 + 0.038 = 0.761
01/29 04:33:52 AM | === Batch 23/250
01/29 04:33:52 AM | loss = 0.489 + 0.015 + 0.037 = 0.541
01/29 04:33:53 AM | === Batch 24/250
01/29 04:33:53 AM | loss = 0.498 + 0.027 + 0.036 = 0.561
01/29 04:33:53 AM | === Batch 25/250
01/29 04:33:53 AM | loss = 0.390 + 0.016 + 0.035 = 0.441
01/29 04:33:53 AM | === Batch 26/250
01/29 04:33:54 AM | loss = 0.427 + 0.032 + 0.034 = 0.492
01/29 04:33:54 AM | === Batch 27/250
01/29 04:33:54 AM | loss = 0.362 + 0.030 + 0.033 = 0.425
01/29 04:33:54 AM | === Batch 28/250
01/29 04:33:54 AM | loss = 0.465 + 0.016 + 0.032 = 0.512
01/29 04:33:55 AM | === Batch 29/250
01/29 04:33:55 AM | loss = 0.523 + 0.010 + 0.031 = 0.564
01/29 04:33:55 AM | === Batch 30/250
01/29 04:33:55 AM | loss = 0.711 + 0.025 + 0.031 = 0.766
01/29 04:33:55 AM | === Batch 31/250
01/29 04:33:56 AM | loss = 0.332 + 0.040 + 0.030 = 0.401
01/29 04:33:56 AM | === Batch 32/250
01/29 04:33:56 AM | loss = 0.402 + 0.042 + 0.029 = 0.473
01/29 04:33:56 AM | === Batch 33/250
01/29 04:33:56 AM | loss = 0.315 + 0.033 + 0.029 = 0.376
01/29 04:33:57 AM | === Batch 34/250
01/29 04:33:57 AM | loss = 0.372 + 0.010 + 0.028 = 0.411
01/29 04:33:57 AM | === Batch 35/250
01/29 04:33:57 AM | loss = 0.491 + 0.041 + 0.028 = 0.561
01/29 04:33:57 AM | === Batch 36/250
01/29 04:33:58 AM | loss = 0.521 + 0.018 + 0.027 = 0.566
01/29 04:33:58 AM | === Batch 37/250
01/29 04:33:58 AM | loss = 0.411 + 0.039 + 0.027 = 0.477
01/29 04:33:58 AM | === Batch 38/250
01/29 04:33:58 AM | loss = 0.398 + 0.069 + 0.026 = 0.493
01/29 04:33:59 AM | === Batch 39/250
01/29 04:33:59 AM | loss = 0.379 + 0.084 + 0.026 = 0.488
01/29 04:33:59 AM | === Batch 40/250
01/29 04:33:59 AM | loss = 0.471 + 0.088 + 0.025 = 0.585
01/29 04:33:59 AM | === Batch 41/250
01/29 04:34:00 AM | loss = 0.395 + 0.083 + 0.025 = 0.503
01/29 04:34:00 AM | === Batch 42/250
01/29 04:34:00 AM | loss = 0.384 + 0.068 + 0.024 = 0.476
01/29 04:34:00 AM | === Batch 43/250
01/29 04:34:01 AM | loss = 0.390 + 0.045 + 0.024 = 0.459
01/29 04:34:01 AM | === Batch 44/250
01/29 04:34:01 AM | loss = 0.288 + 0.015 + 0.024 = 0.326
01/29 04:34:01 AM | === Batch 45/250
01/29 04:34:01 AM | loss = 0.570 + 0.044 + 0.023 = 0.638
01/29 04:34:02 AM | === Batch 46/250
01/29 04:34:02 AM | loss = 0.385 + 0.043 + 0.023 = 0.451
01/29 04:34:02 AM | === Batch 47/250
01/29 04:34:02 AM | loss = 0.656 + 0.011 + 0.022 = 0.689
01/29 04:34:02 AM | === Batch 48/250
01/29 04:34:03 AM | loss = 0.310 + 0.032 + 0.022 = 0.364
01/29 04:34:03 AM | === Batch 49/250
01/29 04:34:03 AM | loss = 0.510 + 0.042 + 0.022 = 0.574
01/29 04:34:03 AM | === Batch 50/250
01/29 04:34:03 AM | loss = 0.594 + 0.044 + 0.021 = 0.659
01/29 04:34:04 AM | === Batch 51/250
01/29 04:34:04 AM | loss = 0.373 + 0.035 + 0.021 = 0.429
01/29 04:34:04 AM | === Batch 52/250
01/29 04:34:04 AM | loss = 0.473 + 0.020 + 0.021 = 0.515
01/29 04:34:04 AM | === Batch 53/250
01/29 04:34:04 AM | loss = 0.304 + 0.001 + 0.021 = 0.325
01/29 04:34:05 AM | === Batch 54/250
01/29 04:34:05 AM | loss = 0.482 + 0.011 + 0.021 = 0.513
01/29 04:34:05 AM | === Batch 55/250
01/29 04:34:05 AM | loss = 0.364 + 0.014 + 0.020 = 0.399
01/29 04:34:05 AM | === Batch 56/250
01/29 04:34:06 AM | loss = 0.624 + 0.010 + 0.020 = 0.654
01/29 04:34:06 AM | === Batch 57/250
01/29 04:34:06 AM | loss = 0.504 + 0.001 + 0.020 = 0.525
01/29 04:34:06 AM | === Batch 58/250
01/29 04:34:06 AM | loss = 0.431 + 0.029 + 0.020 = 0.479
01/29 04:34:07 AM | === Batch 59/250
01/29 04:34:07 AM | loss = 0.300 + 0.002 + 0.019 = 0.322
01/29 04:34:07 AM | === Batch 60/250
01/29 04:34:07 AM | loss = 0.487 + 0.037 + 0.019 = 0.543
01/29 04:34:07 AM | === Batch 61/250
01/29 04:34:08 AM | loss = 0.543 + 0.063 + 0.019 = 0.624
01/29 04:34:08 AM | === Batch 62/250
01/29 04:34:08 AM | loss = 0.554 + 0.079 + 0.019 = 0.651
01/29 04:34:08 AM | === Batch 63/250
01/29 04:34:08 AM | loss = 0.402 + 0.086 + 0.018 = 0.506
01/29 04:34:09 AM | === Batch 64/250
01/29 04:34:09 AM | loss = 0.313 + 0.086 + 0.018 = 0.417
01/29 04:34:09 AM | === Batch 65/250
01/29 04:34:09 AM | loss = 0.455 + 0.074 + 0.018 = 0.547
01/29 04:34:09 AM | === Batch 66/250
01/29 04:34:10 AM | loss = 0.567 + 0.055 + 0.018 = 0.640
01/29 04:34:10 AM | === Batch 67/250
01/29 04:34:10 AM | loss = 0.315 + 0.028 + 0.018 = 0.360
01/29 04:34:10 AM | === Batch 68/250
01/29 04:34:10 AM | loss = 0.374 + 0.009 + 0.018 = 0.402
01/29 04:34:11 AM | === Batch 69/250
01/29 04:34:11 AM | loss = 0.605 + 0.012 + 0.018 = 0.635
01/29 04:34:11 AM | === Batch 70/250
01/29 04:34:11 AM | loss = 0.401 + 0.016 + 0.017 = 0.435
01/29 04:34:11 AM | === Batch 71/250
01/29 04:34:12 AM | loss = 0.558 + 0.029 + 0.017 = 0.604
01/29 04:34:12 AM | === Batch 72/250
01/29 04:34:12 AM | loss = 0.461 + 0.036 + 0.017 = 0.514
01/29 04:34:12 AM | === Batch 73/250
01/29 04:34:12 AM | loss = 0.414 + 0.035 + 0.017 = 0.466
01/29 04:34:12 AM | === Batch 74/250
01/29 04:34:13 AM | loss = 0.338 + 0.027 + 0.017 = 0.382
01/29 04:34:13 AM | === Batch 75/250
01/29 04:34:13 AM | loss = 0.541 + 0.011 + 0.017 = 0.569
01/29 04:34:13 AM | === Batch 76/250
01/29 04:34:13 AM | loss = 0.344 + 0.017 + 0.017 = 0.377
01/29 04:34:14 AM | === Batch 77/250
01/29 04:34:14 AM | loss = 0.320 + 0.010 + 0.016 = 0.346
01/29 04:34:14 AM | === Batch 78/250
01/29 04:34:14 AM | loss = 0.437 + 0.021 + 0.016 = 0.473
01/29 04:34:15 AM | === Batch 79/250
01/29 04:34:15 AM | loss = 0.541 + 0.039 + 0.016 = 0.596
01/29 04:34:15 AM | === Batch 80/250
01/29 04:34:15 AM | loss = 0.509 + 0.049 + 0.016 = 0.573
01/29 04:34:15 AM | === Batch 81/250
01/29 04:34:16 AM | loss = 0.350 + 0.051 + 0.016 = 0.417
01/29 04:34:16 AM | === Batch 82/250
01/29 04:34:16 AM | loss = 0.424 + 0.046 + 0.015 = 0.486
01/29 04:34:16 AM | === Batch 83/250
01/29 04:34:17 AM | loss = 0.340 + 0.035 + 0.015 = 0.391
01/29 04:34:17 AM | === Batch 84/250
01/29 04:34:17 AM | loss = 0.448 + 0.019 + 0.015 = 0.482
01/29 04:34:17 AM | === Batch 85/250
01/29 04:34:17 AM | loss = 0.265 + 0.002 + 0.015 = 0.282
01/29 04:34:18 AM | === Batch 86/250
01/29 04:34:18 AM | loss = 0.462 + 0.004 + 0.015 = 0.481
01/29 04:34:18 AM | === Batch 87/250
01/29 04:34:18 AM | loss = 0.234 + 0.001 + 0.015 = 0.250
01/29 04:34:18 AM | === Batch 88/250
01/29 04:34:19 AM | loss = 0.437 + 0.014 + 0.015 = 0.465
01/29 04:34:19 AM | === Batch 89/250
01/29 04:34:19 AM | loss = 0.391 + 0.007 + 0.015 = 0.413
01/29 04:34:19 AM | === Batch 90/250
01/29 04:34:20 AM | loss = 0.522 + 0.012 + 0.014 = 0.548
01/29 04:34:20 AM | === Batch 91/250
01/29 04:34:20 AM | loss = 0.490 + 0.008 + 0.014 = 0.512
01/29 04:34:20 AM | === Batch 92/250
01/29 04:34:20 AM | loss = 0.337 + 0.005 + 0.014 = 0.356
01/29 04:34:21 AM | === Batch 93/250
01/29 04:34:21 AM | loss = 0.360 + 0.009 + 0.014 = 0.383
01/29 04:34:21 AM | === Batch 94/250
01/29 04:34:21 AM | loss = 0.484 + 0.013 + 0.014 = 0.511
01/29 04:34:21 AM | === Batch 95/250
01/29 04:34:22 AM | loss = 0.461 + 0.012 + 0.014 = 0.487
01/29 04:34:22 AM | === Batch 96/250
01/29 04:34:22 AM | loss = 0.425 + 0.006 + 0.014 = 0.445
01/29 04:34:22 AM | === Batch 97/250
01/29 04:34:23 AM | loss = 0.478 + 0.013 + 0.014 = 0.505
01/29 04:34:23 AM | === Batch 98/250
01/29 04:34:23 AM | loss = 0.495 + 0.003 + 0.014 = 0.512
01/29 04:34:23 AM | === Batch 99/250
01/29 04:34:23 AM | loss = 0.314 + 0.007 + 0.014 = 0.334
01/29 04:34:24 AM | === Batch 100/250
01/29 04:34:24 AM | loss = 0.550 + 0.004 + 0.014 = 0.567
01/29 04:34:24 AM | attribution_score[0:12]: 
[ 1.00  1.00  0.56  0.00  0.00  0.92  0.01  0.00  0.00  0.99  0.00  1.00 ]
[ 1.00  0.01  0.98  0.00  0.99  0.96  1.00  0.00  0.99  1.00  0.95  0.04 ]
[ 1.00  1.00  0.00  1.00  0.00  1.00  0.03  0.98  0.01  0.00  0.03  1.00 ]
[ 0.02  0.00  1.00  1.00  0.87  0.95  0.95  0.17  0.98  0.08  0.95  0.97 ]
[ 0.98  0.29  0.40  0.98  0.76  0.99  0.04  0.40  1.00  0.99  0.98  0.95 ]
[ 0.99  0.99  0.03  0.01  0.01  0.98  0.09  0.09  0.03  0.10  0.00  0.98 ]
[ 0.97  0.99  0.02  0.99  1.00  0.02  0.00  0.94  0.99  1.00  1.00  0.98 ]
[ 0.00  0.01  0.01  0.95  0.05  0.99  0.99  0.00  1.00  0.09  0.96  0.00 ]
[ 0.92  1.00  0.01  0.99  0.99  0.00  0.00  0.02  0.96  0.65  0.99  1.00 ]
[ 0.07  0.00  0.00  0.00  0.99  0.03  0.01  0.00  1.00  0.00  0.03  0.95 ]
[ 0.01  1.00  0.99  0.01  0.98  1.00  0.99  1.00  1.00  0.98  1.00  0.98 ]
[ 1.00  1.00  0.99  1.00  1.00  0.97  1.00  1.00  0.01  1.00  1.00  0.99 ]
[ 1.00  1.00  1.00  0.99  1.00  1.00  1.00  1.00  1.00  1.00  1.00  0.01 ]

01/29 04:34:24 AM | === Batch 101/250
01/29 04:34:24 AM | loss = 0.472 + 0.009 + 0.014 = 0.494
01/29 04:34:25 AM | === Batch 102/250
01/29 04:34:25 AM | loss = 0.238 + 0.008 + 0.014 = 0.260
01/29 04:34:25 AM | === Batch 103/250
01/29 04:34:25 AM | loss = 0.500 + 0.013 + 0.013 = 0.527
01/29 04:34:25 AM | === Batch 104/250
01/29 04:34:26 AM | loss = 0.345 + 0.014 + 0.013 = 0.373
01/29 04:34:26 AM | === Batch 105/250
01/29 04:34:26 AM | loss = 0.545 + 0.009 + 0.013 = 0.567
01/29 04:34:26 AM | === Batch 106/250
01/29 04:34:26 AM | loss = 0.352 + 0.003 + 0.013 = 0.368
01/29 04:34:27 AM | === Batch 107/250
01/29 04:34:27 AM | loss = 0.349 + 0.009 + 0.013 = 0.372
01/29 04:34:27 AM | === Batch 108/250
01/29 04:34:27 AM | loss = 0.473 + 0.012 + 0.013 = 0.498
01/29 04:34:27 AM | === Batch 109/250
01/29 04:34:28 AM | loss = 0.277 + 0.009 + 0.013 = 0.299
01/29 04:34:28 AM | === Batch 110/250
01/29 04:34:28 AM | loss = 0.506 + 0.000 + 0.013 = 0.520
01/29 04:34:28 AM | === Batch 111/250
01/29 04:34:28 AM | loss = 0.576 + 0.014 + 0.013 = 0.603
01/29 04:34:29 AM | === Batch 112/250
01/29 04:34:29 AM | loss = 0.304 + 0.021 + 0.013 = 0.338
01/29 04:34:29 AM | === Batch 113/250
01/29 04:34:29 AM | loss = 0.329 + 0.022 + 0.013 = 0.364
01/29 04:34:29 AM | === Batch 114/250
01/29 04:34:29 AM | loss = 0.375 + 0.015 + 0.013 = 0.402
01/29 04:34:30 AM | === Batch 115/250
01/29 04:34:30 AM | loss = 0.538 + 0.002 + 0.013 = 0.553
01/29 04:34:30 AM | === Batch 116/250
01/29 04:34:30 AM | loss = 0.427 + 0.032 + 0.013 = 0.472
01/29 04:34:30 AM | === Batch 117/250
01/29 04:34:31 AM | loss = 0.332 + 0.025 + 0.013 = 0.370
01/29 04:34:31 AM | === Batch 118/250
01/29 04:34:31 AM | loss = 0.496 + 0.009 + 0.013 = 0.517
01/29 04:34:31 AM | === Batch 119/250
01/29 04:34:31 AM | loss = 0.415 + 0.023 + 0.013 = 0.451
01/29 04:34:32 AM | === Batch 120/250
01/29 04:34:32 AM | loss = 0.402 + 0.030 + 0.013 = 0.444
01/29 04:34:32 AM | === Batch 121/250
01/29 04:34:32 AM | loss = 0.381 + 0.030 + 0.012 = 0.424
01/29 04:34:32 AM | === Batch 122/250
01/29 04:34:33 AM | loss = 0.361 + 0.022 + 0.012 = 0.395
01/29 04:34:33 AM | === Batch 123/250
01/29 04:34:33 AM | loss = 0.217 + 0.009 + 0.012 = 0.238
01/29 04:34:33 AM | === Batch 124/250
01/29 04:34:33 AM | loss = 0.469 + 0.017 + 0.012 = 0.498
01/29 04:34:34 AM | === Batch 125/250
01/29 04:34:34 AM | loss = 0.508 + 0.011 + 0.012 = 0.531
01/29 04:34:34 AM | === Batch 126/250
01/29 04:34:34 AM | loss = 0.279 + 0.017 + 0.012 = 0.309
01/29 04:34:35 AM | === Batch 127/250
01/29 04:34:35 AM | loss = 0.428 + 0.033 + 0.012 = 0.473
01/29 04:34:35 AM | === Batch 128/250
01/29 04:34:35 AM | loss = 0.340 + 0.041 + 0.012 = 0.393
01/29 04:34:35 AM | === Batch 129/250
01/29 04:34:36 AM | loss = 0.243 + 0.042 + 0.012 = 0.297
01/29 04:34:36 AM | === Batch 130/250
01/29 04:34:36 AM | loss = 0.295 + 0.036 + 0.012 = 0.343
01/29 04:34:36 AM | === Batch 131/250
01/29 04:34:36 AM | loss = 0.457 + 0.024 + 0.012 = 0.493
01/29 04:34:37 AM | === Batch 132/250
01/29 04:34:37 AM | loss = 0.362 + 0.009 + 0.012 = 0.383
01/29 04:34:37 AM | === Batch 133/250
01/29 04:34:37 AM | loss = 0.413 + 0.021 + 0.012 = 0.446
01/29 04:34:37 AM | === Batch 134/250
01/29 04:34:38 AM | loss = 0.407 + 0.013 + 0.012 = 0.432
01/29 04:34:38 AM | === Batch 135/250
01/29 04:34:38 AM | loss = 0.287 + 0.014 + 0.012 = 0.313
01/29 04:34:38 AM | === Batch 136/250
01/29 04:34:38 AM | loss = 0.406 + 0.028 + 0.012 = 0.446
01/29 04:34:39 AM | === Batch 137/250
01/29 04:34:39 AM | loss = 0.315 + 0.034 + 0.011 = 0.361
01/29 04:34:39 AM | === Batch 138/250
01/29 04:34:39 AM | loss = 0.534 + 0.034 + 0.011 = 0.580
01/29 04:34:40 AM | === Batch 139/250
01/29 04:34:40 AM | loss = 0.270 + 0.028 + 0.011 = 0.309
01/29 04:34:40 AM | === Batch 140/250
01/29 04:34:40 AM | loss = 0.449 + 0.019 + 0.011 = 0.479
01/29 04:34:40 AM | === Batch 141/250
01/29 04:34:40 AM | loss = 0.495 + 0.004 + 0.011 = 0.510
01/29 04:34:41 AM | === Batch 142/250
01/29 04:34:41 AM | loss = 0.266 + 0.025 + 0.011 = 0.302
01/29 04:34:41 AM | === Batch 143/250
01/29 04:34:41 AM | loss = 0.483 + 0.022 + 0.011 = 0.516
01/29 04:34:42 AM | === Batch 144/250
01/29 04:34:42 AM | loss = 0.382 + 0.006 + 0.011 = 0.399
01/29 04:34:42 AM | === Batch 145/250
01/29 04:34:42 AM | loss = 0.334 + 0.017 + 0.011 = 0.361
01/29 04:34:42 AM | === Batch 146/250
01/29 04:34:42 AM | loss = 0.368 + 0.023 + 0.010 = 0.401
01/29 04:34:43 AM | === Batch 147/250
01/29 04:34:43 AM | loss = 0.454 + 0.024 + 0.010 = 0.488
01/29 04:34:43 AM | === Batch 148/250
01/29 04:34:43 AM | loss = 0.461 + 0.020 + 0.010 = 0.491
01/29 04:34:44 AM | === Batch 149/250
01/29 04:34:44 AM | loss = 0.368 + 0.012 + 0.010 = 0.391
01/29 04:34:44 AM | === Batch 150/250
01/29 04:34:44 AM | loss = 0.389 + 0.002 + 0.010 = 0.402
01/29 04:34:45 AM | === Batch 151/250
01/29 04:34:45 AM | loss = 0.185 + 0.018 + 0.010 = 0.213
01/29 04:34:45 AM | === Batch 152/250
01/29 04:34:45 AM | loss = 0.329 + 0.013 + 0.010 = 0.351
01/29 04:34:46 AM | === Batch 153/250
01/29 04:34:46 AM | loss = 0.296 + 0.010 + 0.010 = 0.316
01/29 04:34:46 AM | === Batch 154/250
01/29 04:34:46 AM | loss = 0.493 + 0.022 + 0.010 = 0.525
01/29 04:34:46 AM | === Batch 155/250
01/29 04:34:47 AM | loss = 0.381 + 0.028 + 0.010 = 0.419
01/29 04:34:47 AM | === Batch 156/250
01/29 04:34:47 AM | loss = 0.511 + 0.029 + 0.010 = 0.550
01/29 04:34:47 AM | === Batch 157/250
01/29 04:34:48 AM | loss = 0.611 + 0.026 + 0.010 = 0.646
01/29 04:34:48 AM | === Batch 158/250
01/29 04:34:48 AM | loss = 0.294 + 0.020 + 0.009 = 0.324
01/29 04:34:48 AM | === Batch 159/250
01/29 04:34:49 AM | loss = 0.236 + 0.010 + 0.009 = 0.256
01/29 04:34:49 AM | === Batch 160/250
01/29 04:34:49 AM | loss = 0.310 + 0.003 + 0.009 = 0.323
01/29 04:34:49 AM | === Batch 161/250
01/29 04:34:50 AM | loss = 0.396 + 0.000 + 0.009 = 0.405
01/29 04:34:50 AM | === Batch 162/250
01/29 04:34:50 AM | loss = 0.346 + 0.002 + 0.009 = 0.357
01/29 04:34:50 AM | === Batch 163/250
01/29 04:34:51 AM | loss = 0.461 + 0.010 + 0.009 = 0.480
01/29 04:34:51 AM | === Batch 164/250
01/29 04:34:51 AM | loss = 0.322 + 0.017 + 0.009 = 0.347
01/29 04:34:51 AM | === Batch 165/250
01/29 04:34:52 AM | loss = 0.392 + 0.018 + 0.009 = 0.419
01/29 04:34:52 AM | === Batch 166/250
01/29 04:34:52 AM | loss = 0.258 + 0.017 + 0.009 = 0.283
01/29 04:34:52 AM | === Batch 167/250
01/29 04:34:53 AM | loss = 0.526 + 0.011 + 0.009 = 0.546
01/29 04:34:53 AM | === Batch 168/250
01/29 04:34:53 AM | loss = 0.393 + 0.004 + 0.009 = 0.406
01/29 04:34:53 AM | === Batch 169/250
01/29 04:34:54 AM | loss = 0.217 + 0.010 + 0.009 = 0.235
01/29 04:34:54 AM | === Batch 170/250
01/29 04:34:54 AM | loss = 0.354 + 0.005 + 0.009 = 0.368
01/29 04:34:54 AM | === Batch 171/250
01/29 04:34:55 AM | loss = 0.278 + 0.011 + 0.008 = 0.298
01/29 04:34:55 AM | === Batch 172/250
01/29 04:34:55 AM | loss = 0.367 + 0.019 + 0.008 = 0.394
01/29 04:34:55 AM | === Batch 173/250
01/29 04:34:56 AM | loss = 0.268 + 0.022 + 0.008 = 0.298
01/29 04:34:56 AM | === Batch 174/250
01/29 04:34:56 AM | loss = 0.458 + 0.019 + 0.008 = 0.485
01/29 04:34:56 AM | === Batch 175/250
01/29 04:34:57 AM | loss = 0.355 + 0.015 + 0.008 = 0.378
01/29 04:34:57 AM | === Batch 176/250
01/29 04:34:57 AM | loss = 0.326 + 0.006 + 0.008 = 0.341
01/29 04:34:57 AM | === Batch 177/250
01/29 04:34:58 AM | loss = 0.442 + 0.008 + 0.008 = 0.458
01/29 04:34:58 AM | === Batch 178/250
01/29 04:34:58 AM | loss = 0.368 + 0.004 + 0.008 = 0.380
01/29 04:34:58 AM | === Batch 179/250
01/29 04:34:58 AM | loss = 0.302 + 0.011 + 0.008 = 0.321
01/29 04:34:59 AM | === Batch 180/250
01/29 04:34:59 AM | loss = 0.454 + 0.019 + 0.008 = 0.481
01/29 04:34:59 AM | === Batch 181/250
01/29 04:34:59 AM | loss = 0.272 + 0.022 + 0.008 = 0.302
01/29 04:34:59 AM | === Batch 182/250
01/29 04:35:00 AM | loss = 0.649 + 0.022 + 0.008 = 0.679
01/29 04:35:00 AM | === Batch 183/250
01/29 04:35:00 AM | loss = 0.280 + 0.021 + 0.008 = 0.309
01/29 04:35:00 AM | === Batch 184/250
01/29 04:35:00 AM | loss = 0.476 + 0.018 + 0.008 = 0.502
01/29 04:35:01 AM | === Batch 185/250
01/29 04:35:01 AM | loss = 0.263 + 0.013 + 0.008 = 0.284
01/29 04:35:01 AM | === Batch 186/250
01/29 04:35:01 AM | loss = 0.337 + 0.005 + 0.008 = 0.350
01/29 04:35:01 AM | === Batch 187/250
01/29 04:35:02 AM | loss = 0.439 + 0.012 + 0.008 = 0.459
01/29 04:35:02 AM | === Batch 188/250
01/29 04:35:02 AM | loss = 0.535 + 0.012 + 0.008 = 0.555
01/29 04:35:02 AM | === Batch 189/250
01/29 04:35:02 AM | loss = 0.356 + 0.002 + 0.008 = 0.366
01/29 04:35:03 AM | === Batch 190/250
01/29 04:35:03 AM | loss = 0.379 + 0.008 + 0.007 = 0.394
01/29 04:35:03 AM | === Batch 191/250
01/29 04:35:03 AM | loss = 0.263 + 0.010 + 0.007 = 0.280
01/29 04:35:03 AM | === Batch 192/250
01/29 04:35:04 AM | loss = 0.382 + 0.008 + 0.007 = 0.397
01/29 04:35:04 AM | === Batch 193/250
01/29 04:35:04 AM | loss = 0.356 + 0.002 + 0.007 = 0.365
01/29 04:35:04 AM | === Batch 194/250
01/29 04:35:05 AM | loss = 0.226 + 0.011 + 0.007 = 0.244
01/29 04:35:05 AM | === Batch 195/250
01/29 04:35:05 AM | loss = 0.422 + 0.006 + 0.007 = 0.436
01/29 04:35:05 AM | === Batch 196/250
01/29 04:35:06 AM | loss = 0.423 + 0.008 + 0.007 = 0.439
01/29 04:35:06 AM | === Batch 197/250
01/29 04:35:06 AM | loss = 0.294 + 0.016 + 0.007 = 0.317
01/29 04:35:06 AM | === Batch 198/250
01/29 04:35:06 AM | loss = 0.361 + 0.019 + 0.007 = 0.387
01/29 04:35:07 AM | === Batch 199/250
01/29 04:35:07 AM | loss = 0.280 + 0.019 + 0.007 = 0.306
01/29 04:35:07 AM | === Batch 200/250
01/29 04:35:07 AM | loss = 0.403 + 0.016 + 0.007 = 0.426
01/29 04:35:07 AM | attribution_score[0:12]: 
[ 1.00  1.00  0.11  0.00  0.00  0.90  0.00  0.00  0.00  0.99  0.00  1.00 ]
[ 1.00  0.00  0.98  0.00  0.99  0.94  1.00  0.00  0.99  1.00  0.98  0.05 ]
[ 1.00  1.00  0.00  1.00  0.00  1.00  0.02  1.00  0.01  0.00  0.01  1.00 ]
[ 0.01  0.00  1.00  1.00  0.97  0.99  0.83  0.64  0.97  0.10  0.97  0.99 ]
[ 0.98  0.95  0.99  0.99  0.98  0.99  0.01  0.03  1.00  0.99  0.99  0.98 ]
[ 1.00  1.00  0.01  0.00  0.05  0.98  0.02  0.01  0.02  0.01  0.00  0.99 ]
[ 0.99  1.00  0.01  0.99  1.00  0.00  0.00  0.90  0.99  1.00  0.99  0.99 ]
[ 0.00  0.01  0.00  0.99  0.01  0.99  1.00  0.00  1.00  0.02  0.97  0.00 ]
[ 0.97  1.00  0.00  0.99  0.99  0.00  0.00  0.04  0.98  0.97  1.00  1.00 ]
[ 0.02  0.00  0.00  0.00  0.99  0.01  0.00  0.00  1.00  0.00  0.03  0.98 ]
[ 0.00  1.00  1.00  0.01  0.99  1.00  0.99  1.00  1.00  0.99  1.00  0.99 ]
[ 1.00  1.00  0.99  1.00  1.00  0.99  1.00  1.00  0.01  1.00  1.00  1.00 ]
[ 1.00  1.00  1.00  0.99  1.00  1.00  1.00  1.00  1.00  1.00  1.00  0.00 ]

01/29 04:35:07 AM | === Batch 201/250
01/29 04:35:07 AM | loss = 0.334 + 0.009 + 0.007 = 0.350
01/29 04:35:08 AM | === Batch 202/250
01/29 04:35:08 AM | loss = 0.556 + 0.001 + 0.007 = 0.564
01/29 04:35:08 AM | === Batch 203/250
01/29 04:35:08 AM | loss = 0.434 + 0.002 + 0.007 = 0.444
01/29 04:35:09 AM | === Batch 204/250
01/29 04:35:09 AM | loss = 0.495 + 0.002 + 0.007 = 0.504
01/29 04:35:09 AM | === Batch 205/250
01/29 04:35:09 AM | loss = 0.415 + 0.003 + 0.007 = 0.425
01/29 04:35:09 AM | === Batch 206/250
01/29 04:35:10 AM | loss = 0.440 + 0.007 + 0.007 = 0.455
01/29 04:35:10 AM | === Batch 207/250
01/29 04:35:10 AM | loss = 0.372 + 0.014 + 0.007 = 0.393
01/29 04:35:10 AM | === Batch 208/250
01/29 04:35:10 AM | loss = 0.475 + 0.016 + 0.007 = 0.498
01/29 04:35:11 AM | === Batch 209/250
01/29 04:35:11 AM | loss = 0.402 + 0.014 + 0.007 = 0.423
01/29 04:35:11 AM | === Batch 210/250
01/29 04:35:11 AM | loss = 0.362 + 0.007 + 0.007 = 0.376
01/29 04:35:11 AM | === Batch 211/250
01/29 04:35:12 AM | loss = 0.310 + 0.007 + 0.008 = 0.325
01/29 04:35:12 AM | === Batch 212/250
01/29 04:35:12 AM | loss = 0.580 + 0.002 + 0.008 = 0.590
01/29 04:35:12 AM | === Batch 213/250
01/29 04:35:12 AM | loss = 0.543 + 0.014 + 0.007 = 0.564
01/29 04:35:13 AM | === Batch 214/250
01/29 04:35:13 AM | loss = 0.444 + 0.024 + 0.007 = 0.476
01/29 04:35:13 AM | === Batch 215/250
01/29 04:35:13 AM | loss = 0.355 + 0.031 + 0.007 = 0.393
01/29 04:35:14 AM | === Batch 216/250
01/29 04:35:14 AM | loss = 0.359 + 0.033 + 0.007 = 0.399
01/29 04:35:14 AM | === Batch 217/250
01/29 04:35:14 AM | loss = 0.385 + 0.032 + 0.007 = 0.424
01/29 04:35:15 AM | === Batch 218/250
01/29 04:35:15 AM | loss = 0.392 + 0.027 + 0.007 = 0.426
01/29 04:35:15 AM | === Batch 219/250
01/29 04:35:15 AM | loss = 0.297 + 0.018 + 0.007 = 0.322
01/29 04:35:16 AM | === Batch 220/250
01/29 04:35:16 AM | loss = 0.402 + 0.006 + 0.007 = 0.415
01/29 04:35:16 AM | === Batch 221/250
01/29 04:35:16 AM | loss = 0.323 + 0.016 + 0.007 = 0.347
01/29 04:35:16 AM | === Batch 222/250
01/29 04:35:17 AM | loss = 0.438 + 0.018 + 0.007 = 0.463
01/29 04:35:17 AM | === Batch 223/250
01/29 04:35:17 AM | loss = 0.313 + 0.002 + 0.007 = 0.322
01/29 04:35:17 AM | === Batch 224/250
01/29 04:35:17 AM | loss = 0.420 + 0.017 + 0.007 = 0.444
01/29 04:35:18 AM | === Batch 225/250
01/29 04:35:18 AM | loss = 0.422 + 0.029 + 0.007 = 0.457
01/29 04:35:18 AM | === Batch 226/250
01/29 04:35:18 AM | loss = 0.486 + 0.036 + 0.007 = 0.529
01/29 04:35:18 AM | === Batch 227/250
01/29 04:35:19 AM | loss = 0.602 + 0.041 + 0.007 = 0.649
01/29 04:35:19 AM | === Batch 228/250
01/29 04:35:19 AM | loss = 0.462 + 0.041 + 0.007 = 0.510
01/29 04:35:19 AM | === Batch 229/250
01/29 04:35:19 AM | loss = 0.481 + 0.038 + 0.007 = 0.526
01/29 04:35:20 AM | === Batch 230/250
01/29 04:35:20 AM | loss = 0.368 + 0.032 + 0.007 = 0.407
01/29 04:35:20 AM | === Batch 231/250
01/29 04:35:20 AM | loss = 0.466 + 0.024 + 0.007 = 0.497
01/29 04:35:21 AM | === Batch 232/250
01/29 04:35:21 AM | loss = 0.458 + 0.014 + 0.007 = 0.479
01/29 04:35:21 AM | === Batch 233/250
01/29 04:35:21 AM | loss = 0.503 + 0.003 + 0.007 = 0.513
01/29 04:35:21 AM | === Batch 234/250
01/29 04:35:22 AM | loss = 0.376 + 0.019 + 0.007 = 0.401
01/29 04:35:22 AM | === Batch 235/250
01/29 04:35:22 AM | loss = 0.351 + 0.019 + 0.007 = 0.377
01/29 04:35:22 AM | === Batch 236/250
01/29 04:35:22 AM | loss = 0.377 + 0.001 + 0.007 = 0.385
01/29 04:35:23 AM | === Batch 237/250
01/29 04:35:23 AM | loss = 0.349 + 0.016 + 0.007 = 0.371
01/29 04:35:23 AM | === Batch 238/250
01/29 04:35:23 AM | loss = 0.423 + 0.026 + 0.006 = 0.456
01/29 04:35:24 AM | === Batch 239/250
01/29 04:35:24 AM | loss = 0.358 + 0.033 + 0.006 = 0.397
01/29 04:35:24 AM | === Batch 240/250
01/29 04:35:24 AM | loss = 0.444 + 0.037 + 0.006 = 0.487
01/29 04:35:24 AM | === Batch 241/250
01/29 04:35:24 AM | loss = 0.492 + 0.038 + 0.006 = 0.536
01/29 04:35:25 AM | === Batch 242/250
01/29 04:35:25 AM | loss = 0.330 + 0.036 + 0.006 = 0.373
01/29 04:35:25 AM | === Batch 243/250
01/29 04:35:25 AM | loss = 0.462 + 0.033 + 0.006 = 0.501
01/29 04:35:26 AM | === Batch 244/250
01/29 04:35:26 AM | loss = 0.392 + 0.027 + 0.006 = 0.425
01/29 04:35:26 AM | === Batch 245/250
01/29 04:35:26 AM | loss = 0.322 + 0.019 + 0.006 = 0.348
01/29 04:35:26 AM | === Batch 246/250
01/29 04:35:27 AM | loss = 0.284 + 0.012 + 0.006 = 0.302
01/29 04:35:27 AM | === Batch 247/250
01/29 04:35:27 AM | loss = 0.437 + 0.002 + 0.006 = 0.445
01/29 04:35:27 AM | === Batch 248/250
01/29 04:35:27 AM | loss = 0.388 + 0.018 + 0.006 = 0.413
01/29 04:35:28 AM | === Batch 249/250
01/29 04:35:28 AM | loss = 0.442 + 0.024 + 0.006 = 0.472
01/29 04:35:28 AM | === Batch 250/250
01/29 04:35:28 AM | loss = 0.289 + 0.014 + 0.006 = 0.309
01/29 04:35:29 AM | ===
Best loss was 0.24 at iteration 169

01/29 04:35:29 AM | Looking for optimal threshold...
01/29 04:35:29 AM | Testing threshold 0.5
01/29 04:35:29 AM | Distance to target: 798,208
01/29 04:35:29 AM | Testing threshold 0.75
01/29 04:35:29 AM | Distance to target: 3,022,480
01/29 04:35:29 AM | Testing threshold 0.625
01/29 04:35:29 AM | Distance to target: 94,720
01/29 04:35:29 AM | Testing threshold 0.6875
01/29 04:35:29 AM | Distance to target: 1,321,248
01/29 04:35:29 AM | Testing threshold 0.65625
01/29 04:35:29 AM | Distance to target: 777,984
01/29 04:35:29 AM | Testing threshold 0.640625
01/29 04:35:29 AM | Distance to target: 777,984
01/29 04:35:29 AM | Testing threshold 0.6328125
01/29 04:35:29 AM | Distance to target: 94,720
01/29 04:35:29 AM | Testing threshold 0.63671875
01/29 04:35:29 AM | Distance to target: 315,136
01/29 04:35:29 AM | Testing threshold 0.634765625
01/29 04:35:29 AM | Distance to target: 94,720
01/29 04:35:29 AM | Testing threshold 0.6357421875
01/29 04:35:29 AM | Distance to target: 315,136
01/29 04:35:29 AM | Testing threshold 0.63525390625
01/29 04:35:29 AM | Distance to target: 94,720
01/29 04:35:29 AM | Testing threshold 0.635498046875
01/29 04:35:29 AM | Distance to target: 315,136
01/29 04:35:29 AM | Testing threshold 0.6353759765625
01/29 04:35:29 AM | Distance to target: 94,720
01/29 04:35:29 AM | Testing threshold 0.63543701171875
01/29 04:35:29 AM | Distance to target: 315,136
01/29 04:35:29 AM | Testing threshold 0.635406494140625
01/29 04:35:29 AM | Distance to target: 94,720
01/29 04:35:29 AM | Testing threshold 0.6354217529296875
01/29 04:35:29 AM | Distance to target: 94,720
01/29 04:35:29 AM | Testing threshold 0.6354293823242188
01/29 04:35:29 AM | Distance to target: 94,720
01/29 04:35:29 AM | Testing threshold 0.6354331970214844
01/29 04:35:29 AM | Distance to target: 94,720
01/29 04:35:29 AM | Testing threshold 0.6354351043701172
01/29 04:35:29 AM | Distance to target: 94,720
01/29 04:35:29 AM | Testing threshold 0.6354360580444336
01/29 04:35:29 AM | Distance to target: 315,136
01/29 04:35:29 AM | Testing threshold 0.6354355812072754
01/29 04:35:29 AM | Distance to target: 315,136
01/29 04:35:29 AM | Testing threshold 0.6354353427886963
01/29 04:35:29 AM | Distance to target: 94,720
01/29 04:35:29 AM | Testing threshold 0.6354354619979858
01/29 04:35:29 AM | Distance to target: 94,720
01/29 04:35:29 AM | Testing threshold 0.6354355216026306
01/29 04:35:29 AM | Distance to target: 94,720
01/29 04:35:29 AM | Testing threshold 0.635435551404953
01/29 04:35:29 AM | Distance to target: 94,720
01/29 04:35:29 AM | Testing threshold 0.6354355663061142
01/29 04:35:29 AM | Distance to target: 94,720
01/29 04:35:29 AM | Testing threshold 0.6354355737566948
01/29 04:35:29 AM | Distance to target: 94,720
01/29 04:35:29 AM | Testing threshold 0.6354355774819851
01/29 04:35:29 AM | Distance to target: 94,720
01/29 04:35:29 AM | Testing threshold 0.6354355793446302
01/29 04:35:29 AM | Distance to target: 94,720
01/29 04:35:29 AM | Testing threshold 0.6354355802759528
01/29 04:35:29 AM | Distance to target: 94,720
01/29 04:35:29 AM | Testing threshold 0.6354355807416141
01/29 04:35:29 AM | Distance to target: 94,720
01/29 04:35:29 AM | Testing threshold 0.6354355809744447
01/29 04:35:29 AM | Distance to target: 94,720
01/29 04:35:29 AM | Testing threshold 0.6354355810908601
01/29 04:35:29 AM | Distance to target: 94,720
01/29 04:35:29 AM | Testing threshold 0.6354355811490677
01/29 04:35:29 AM | Distance to target: 94,720
01/29 04:35:29 AM | Testing threshold 0.6354355811781716
01/29 04:35:29 AM | Distance to target: 94,720
01/29 04:35:29 AM | Testing threshold 0.6354355811927235
01/29 04:35:29 AM | Distance to target: 94,720
01/29 04:35:29 AM | Testing threshold 0.6354355811999994
01/29 04:35:29 AM | Distance to target: 94,720
01/29 04:35:29 AM | Testing threshold 0.6354355812036374
01/29 04:35:29 AM | Distance to target: 94,720
01/29 04:35:29 AM | Testing threshold 0.6354355812054564
01/29 04:35:29 AM | Distance to target: 94,720
01/29 04:35:29 AM | Testing threshold 0.6354355812063659
01/29 04:35:29 AM | Distance to target: 94,720
01/29 04:35:29 AM | Testing threshold 0.6354355812068206
01/29 04:35:29 AM | Distance to target: 94,720
01/29 04:35:29 AM | Testing threshold 0.635435581207048
01/29 04:35:29 AM | Distance to target: 94,720
01/29 04:35:29 AM | Testing threshold 0.6354355812071617
01/29 04:35:29 AM | Distance to target: 94,720
01/29 04:35:29 AM | Testing threshold 0.6354355812072185
01/29 04:35:29 AM | Distance to target: 94,720
01/29 04:35:29 AM | Testing threshold 0.635435581207247
01/29 04:35:29 AM | Distance to target: 94,720
01/29 04:35:29 AM | Testing threshold 0.6354355812072612
01/29 04:35:29 AM | Distance to target: 94,720
01/29 04:35:29 AM | Testing threshold 0.6354355812072683
01/29 04:35:29 AM | Distance to target: 94,720
01/29 04:35:29 AM | Testing threshold 0.6354355812072718
01/29 04:35:29 AM | Distance to target: 94,720
01/29 04:35:29 AM | Testing threshold 0.6354355812072736
01/29 04:35:29 AM | Distance to target: 94,720
01/29 04:35:29 AM | Testing threshold 0.6354355812072745
01/29 04:35:30 AM | Distance to target: 94,720
01/29 04:35:31 AM | attribution_score[0:12]: 
[ 1.00  1.00  0.00  0.00  0.00  1.00  0.00  0.00  0.00  1.00  0.00  1.00 ]
[ 1.00  0.00  1.00  0.00  1.00  1.00  1.00  0.00  1.00  1.00  1.00  0.00 ]
[ 1.00  1.00  0.00  1.00  0.00  1.00  0.00  1.00  0.00  0.00  0.00  1.00 ]
[ 0.00  0.00  1.00  1.00  1.00  1.00  1.00  1.00  1.00  0.00  1.00  1.00 ]
[ 1.00  1.00  1.00  1.00  1.00  1.00  0.00  0.00  1.00  1.00  1.00  1.00 ]
[ 1.00  1.00  0.00  0.00  0.00  1.00  0.00  0.00  0.00  0.00  0.00  1.00 ]
[ 1.00  1.00  0.00  1.00  1.00  0.00  0.00  1.00  1.00  1.00  1.00  1.00 ]
[ 0.00  0.00  0.00  1.00  0.00  1.00  1.00  0.00  1.00  0.00  1.00  0.00 ]
[ 1.00  1.00  0.00  1.00  1.00  0.00  0.00  0.00  1.00  1.00  1.00  1.00 ]
[ 0.00  0.00  0.00  0.00  1.00  0.00  0.00  0.00  1.00  0.00  0.00  1.00 ]
[ 0.00  1.00  1.00  0.00  1.00  1.00  1.00  1.00  1.00  1.00  1.00  1.00 ]
[ 1.00  1.00  1.00  1.00  1.00  1.00  1.00  1.00  0.00  1.00  1.00  1.00 ]
[ 1.00  1.00  1.00  1.00  1.00  1.00  1.00  1.00  1.00  1.00  1.00  0.00 ]

01/29 04:35:31 AM | VGG(
  (features): Sequential(
    (conv0): Conv2d(3, 26, kernel_size=(3, 3), stride=(1, 1), padding=(1, 1))
    (norm0): BatchNorm2d(26, eps=1e-05, momentum=0.1, affine=True, track_running_stats=True)
    (relu0): ReLU(inplace=True)
    (conv1): Conv2d(26, 48, kernel_size=(3, 3), stride=(1, 1), padding=(1, 1))
    (norm1): BatchNorm2d(48, eps=1e-05, momentum=0.1, affine=True, track_running_stats=True)
    (relu1): ReLU(inplace=True)
    (pool2): MaxPool2d(kernel_size=2, stride=2, padding=0, dilation=1, ceil_mode=False)
    (conv3): Conv2d(48, 73, kernel_size=(3, 3), stride=(1, 1), padding=(1, 1))
    (norm3): BatchNorm2d(73, eps=1e-05, momentum=0.1, affine=True, track_running_stats=True)
    (relu3): ReLU(inplace=True)
    (conv4): Conv2d(73, 99, kernel_size=(3, 3), stride=(1, 1), padding=(1, 1))
    (norm4): BatchNorm2d(99, eps=1e-05, momentum=0.1, affine=True, track_running_stats=True)
    (relu4): ReLU(inplace=True)
    (pool5): MaxPool2d(kernel_size=2, stride=2, padding=0, dilation=1, ceil_mode=False)
    (conv6): Conv2d(99, 154, kernel_size=(3, 3), stride=(1, 1), padding=(1, 1))
    (norm6): BatchNorm2d(154, eps=1e-05, momentum=0.1, affine=True, track_running_stats=True)
    (relu6): ReLU(inplace=True)
    (conv7): Conv2d(154, 135, kernel_size=(3, 3), stride=(1, 1), padding=(1, 1))
    (norm7): BatchNorm2d(135, eps=1e-05, momentum=0.1, affine=True, track_running_stats=True)
    (relu7): ReLU(inplace=True)
    (conv8): Conv2d(135, 159, kernel_size=(3, 3), stride=(1, 1), padding=(1, 1))
    (norm8): BatchNorm2d(159, eps=1e-05, momentum=0.1, affine=True, track_running_stats=True)
    (relu8): ReLU(inplace=True)
    (pool9): MaxPool2d(kernel_size=2, stride=2, padding=0, dilation=1, ceil_mode=False)
    (conv10): Conv2d(159, 237, kernel_size=(3, 3), stride=(1, 1), padding=(1, 1))
    (norm10): BatchNorm2d(237, eps=1e-05, momentum=0.1, affine=True, track_running_stats=True)
    (relu10): ReLU(inplace=True)
    (conv11): Conv2d(237, 195, kernel_size=(3, 3), stride=(1, 1), padding=(1, 1))
    (norm11): BatchNorm2d(195, eps=1e-05, momentum=0.1, affine=True, track_running_stats=True)
    (relu11): ReLU(inplace=True)
    (conv12): Conv2d(195, 259, kernel_size=(3, 3), stride=(1, 1), padding=(1, 1))
    (norm12): BatchNorm2d(259, eps=1e-05, momentum=0.1, affine=True, track_running_stats=True)
    (relu12): ReLU(inplace=True)
    (pool13): MaxPool2d(kernel_size=2, stride=2, padding=0, dilation=1, ceil_mode=False)
    (conv14): Conv2d(259, 399, kernel_size=(3, 3), stride=(1, 1), padding=(1, 1))
    (norm14): BatchNorm2d(399, eps=1e-05, momentum=0.1, affine=True, track_running_stats=True)
    (relu14): ReLU(inplace=True)
    (conv15): Conv2d(399, 451, kernel_size=(3, 3), stride=(1, 1), padding=(1, 1))
    (norm15): BatchNorm2d(451, eps=1e-05, momentum=0.1, affine=True, track_running_stats=True)
    (relu15): ReLU(inplace=True)
    (conv16): Conv2d(451, 506, kernel_size=(3, 3), stride=(1, 1), padding=(1, 1))
    (norm16): BatchNorm2d(506, eps=1e-05, momentum=0.1, affine=True, track_running_stats=True)
    (relu16): ReLU(inplace=True)
  )
  (classifier): Sequential(
    (linear1): Linear(in_features=506, out_features=512, bias=True)
    (norm1): BatchNorm1d(512, eps=1e-05, momentum=0.1, affine=True, track_running_stats=True)
    (relu1): ReLU(inplace=True)
    (linear2): Linear(in_features=512, out_features=10, bias=True)
  )
)
01/29 04:35:33 AM | ----------------------------------------
01/29 04:35:33 AM | Performances input model:
01/29 04:35:33 AM |  - flops: 314,294,272
01/29 04:35:33 AM |  - params: 14,991,946
01/29 04:35:33 AM |  - accuracy: 93.95999908447266
01/29 04:35:33 AM | ----------------------------------------
01/29 04:35:33 AM | Performances pseudo-pruned model:
01/29 04:35:33 AM |  - flops: 314,294,272
01/29 04:35:33 AM |  - params: 14,991,946
01/29 04:35:33 AM |  - accuracy: 83.22999572753906
01/29 04:35:33 AM | ----------------------------------------
01/29 04:35:33 AM | Performances pruned model:
01/29 04:35:33 AM |  - flops: 108,593,200
01/29 04:35:33 AM |  - params: 6,713,074
01/29 04:35:33 AM |  - accuracy: 83.22999572753906
01/29 04:35:33 AM | ----------------------------------------
01/29 04:35:33 AM | Total time: 117.63s
