01/29 03:13:18 AM | args = Namespace(output_dir='result/rebuttal/nb_epoch/vgg/nbbtchs5/seed_00', loaded_model_path='./checkpoints/cifar10/vgg_16_bn.pt', resume=False, test_only=False, mode='prune', batch_size=64, nb_batches=5, Mflops_target=None, lr=0.6, momentum=0.9, beta=6, gamma=0.4, gpu='0', num_workers=4, dataset='cifar10', arch='vgg_16_bn', save_plot=False, seed=0, lr_finetuning=0.02, epoch_finetuning=200, wd=0.002, data_dir='./data/cifar10/', print_freq=200, num_classes=10, device_ids=[0], device=device(type='cuda', index=0), name_base='')
01/29 03:13:23 AM | ----------------------------------------
01/29 03:13:23 AM | ==> Building model...
01/29 03:13:23 AM | ----------------------------------------
01/29 03:13:23 AM | ==> Loading weights into the model...
01/29 03:13:23 AM | ----------------------------------------
01/29 03:13:23 AM | VGG(
  (features): Sequential(
    (conv0): Conv2d(3, 64, kernel_size=(3, 3), stride=(1, 1), padding=(1, 1))
    (norm0): BatchNorm2d(64, eps=1e-05, momentum=0.1, affine=True, track_running_stats=True)
    (relu0): ReLU(inplace=True)
    (conv1): Conv2d(64, 64, kernel_size=(3, 3), stride=(1, 1), padding=(1, 1))
    (norm1): BatchNorm2d(64, eps=1e-05, momentum=0.1, affine=True, track_running_stats=True)
    (relu1): ReLU(inplace=True)
    (pool2): MaxPool2d(kernel_size=2, stride=2, padding=0, dilation=1, ceil_mode=False)
    (conv3): Conv2d(64, 128, kernel_size=(3, 3), stride=(1, 1), padding=(1, 1))
    (norm3): BatchNorm2d(128, eps=1e-05, momentum=0.1, affine=True, track_running_stats=True)
    (relu3): ReLU(inplace=True)
    (conv4): Conv2d(128, 128, kernel_size=(3, 3), stride=(1, 1), padding=(1, 1))
    (norm4): BatchNorm2d(128, eps=1e-05, momentum=0.1, affine=True, track_running_stats=True)
    (relu4): ReLU(inplace=True)
    (pool5): MaxPool2d(kernel_size=2, stride=2, padding=0, dilation=1, ceil_mode=False)
    (conv6): Conv2d(128, 256, kernel_size=(3, 3), stride=(1, 1), padding=(1, 1))
    (norm6): BatchNorm2d(256, eps=1e-05, momentum=0.1, affine=True, track_running_stats=True)
    (relu6): ReLU(inplace=True)
    (conv7): Conv2d(256, 256, kernel_size=(3, 3), stride=(1, 1), padding=(1, 1))
    (norm7): BatchNorm2d(256, eps=1e-05, momentum=0.1, affine=True, track_running_stats=True)
    (relu7): ReLU(inplace=True)
    (conv8): Conv2d(256, 256, kernel_size=(3, 3), stride=(1, 1), padding=(1, 1))
    (norm8): BatchNorm2d(256, eps=1e-05, momentum=0.1, affine=True, track_running_stats=True)
    (relu8): ReLU(inplace=True)
    (pool9): MaxPool2d(kernel_size=2, stride=2, padding=0, dilation=1, ceil_mode=False)
    (conv10): Conv2d(256, 512, kernel_size=(3, 3), stride=(1, 1), padding=(1, 1))
    (norm10): BatchNorm2d(512, eps=1e-05, momentum=0.1, affine=True, track_running_stats=True)
    (relu10): ReLU(inplace=True)
    (conv11): Conv2d(512, 512, kernel_size=(3, 3), stride=(1, 1), padding=(1, 1))
    (norm11): BatchNorm2d(512, eps=1e-05, momentum=0.1, affine=True, track_running_stats=True)
    (relu11): ReLU(inplace=True)
    (conv12): Conv2d(512, 512, kernel_size=(3, 3), stride=(1, 1), padding=(1, 1))
    (norm12): BatchNorm2d(512, eps=1e-05, momentum=0.1, affine=True, track_running_stats=True)
    (relu12): ReLU(inplace=True)
    (pool13): MaxPool2d(kernel_size=2, stride=2, padding=0, dilation=1, ceil_mode=False)
    (conv14): Conv2d(512, 512, kernel_size=(3, 3), stride=(1, 1), padding=(1, 1))
    (norm14): BatchNorm2d(512, eps=1e-05, momentum=0.1, affine=True, track_running_stats=True)
    (relu14): ReLU(inplace=True)
    (conv15): Conv2d(512, 512, kernel_size=(3, 3), stride=(1, 1), padding=(1, 1))
    (norm15): BatchNorm2d(512, eps=1e-05, momentum=0.1, affine=True, track_running_stats=True)
    (relu15): ReLU(inplace=True)
    (conv16): Conv2d(512, 512, kernel_size=(3, 3), stride=(1, 1), padding=(1, 1))
    (norm16): BatchNorm2d(512, eps=1e-05, momentum=0.1, affine=True, track_running_stats=True)
    (relu16): ReLU(inplace=True)
  )
  (classifier): Sequential(
    (linear1): Linear(in_features=512, out_features=512, bias=True)
    (norm1): BatchNorm1d(512, eps=1e-05, momentum=0.1, affine=True, track_running_stats=True)
    (relu1): ReLU(inplace=True)
    (linear2): Linear(in_features=512, out_features=10, bias=True)
  )
)
01/29 03:13:25 AM | Save modules info...
01/29 03:13:25 AM | FLOPS pruning ratio is 0.65
01/29 03:13:25 AM | Pruning with information flow
01/29 03:13:25 AM | -----
01/29 03:13:25 AM | module: Conv2d(3, 64, kernel_size=(3, 3), stride=(1, 1), padding=(1, 1))
01/29 03:13:25 AM | cin: None
01/29 03:13:25 AM | cout: [0]
01/29 03:13:25 AM | inactive
01/29 03:13:25 AM | -----
01/29 03:13:25 AM | module: BatchNorm2d(64, eps=1e-05, momentum=0.1, affine=True, track_running_stats=True)
01/29 03:13:25 AM | cin: [0]
01/29 03:13:25 AM | cout: [0]
01/29 03:13:25 AM | inactive
01/29 03:13:25 AM | -----
01/29 03:13:25 AM | module: ReLU(inplace=True)
01/29 03:13:25 AM | cin: [0]
01/29 03:13:25 AM | cout: [0]
01/29 03:13:25 AM | active
01/29 03:13:25 AM | -----
01/29 03:13:25 AM | module: Conv2d(64, 64, kernel_size=(3, 3), stride=(1, 1), padding=(1, 1))
01/29 03:13:25 AM | cin: [0]
01/29 03:13:25 AM | cout: [1]
01/29 03:13:25 AM | inactive
01/29 03:13:25 AM | -----
01/29 03:13:25 AM | module: BatchNorm2d(64, eps=1e-05, momentum=0.1, affine=True, track_running_stats=True)
01/29 03:13:25 AM | cin: [1]
01/29 03:13:25 AM | cout: [1]
01/29 03:13:25 AM | inactive
01/29 03:13:25 AM | -----
01/29 03:13:25 AM | module: ReLU(inplace=True)
01/29 03:13:25 AM | cin: [1]
01/29 03:13:25 AM | cout: [1]
01/29 03:13:25 AM | active
01/29 03:13:25 AM | -----
01/29 03:13:25 AM | module: MaxPool2d(kernel_size=2, stride=2, padding=0, dilation=1, ceil_mode=False)
01/29 03:13:25 AM | cin: [1]
01/29 03:13:25 AM | cout: [1]
01/29 03:13:25 AM | inactive
01/29 03:13:25 AM | -----
01/29 03:13:25 AM | module: Conv2d(64, 128, kernel_size=(3, 3), stride=(1, 1), padding=(1, 1))
01/29 03:13:25 AM | cin: [1]
01/29 03:13:25 AM | cout: [2]
01/29 03:13:25 AM | inactive
01/29 03:13:25 AM | -----
01/29 03:13:25 AM | module: BatchNorm2d(128, eps=1e-05, momentum=0.1, affine=True, track_running_stats=True)
01/29 03:13:25 AM | cin: [2]
01/29 03:13:25 AM | cout: [2]
01/29 03:13:25 AM | inactive
01/29 03:13:25 AM | -----
01/29 03:13:25 AM | module: ReLU(inplace=True)
01/29 03:13:25 AM | cin: [2]
01/29 03:13:25 AM | cout: [2]
01/29 03:13:25 AM | active
01/29 03:13:25 AM | -----
01/29 03:13:25 AM | module: Conv2d(128, 128, kernel_size=(3, 3), stride=(1, 1), padding=(1, 1))
01/29 03:13:25 AM | cin: [2]
01/29 03:13:25 AM | cout: [3]
01/29 03:13:25 AM | inactive
01/29 03:13:25 AM | -----
01/29 03:13:25 AM | module: BatchNorm2d(128, eps=1e-05, momentum=0.1, affine=True, track_running_stats=True)
01/29 03:13:25 AM | cin: [3]
01/29 03:13:25 AM | cout: [3]
01/29 03:13:25 AM | inactive
01/29 03:13:25 AM | -----
01/29 03:13:25 AM | module: ReLU(inplace=True)
01/29 03:13:25 AM | cin: [3]
01/29 03:13:25 AM | cout: [3]
01/29 03:13:25 AM | active
01/29 03:13:25 AM | -----
01/29 03:13:25 AM | module: MaxPool2d(kernel_size=2, stride=2, padding=0, dilation=1, ceil_mode=False)
01/29 03:13:25 AM | cin: [3]
01/29 03:13:25 AM | cout: [3]
01/29 03:13:25 AM | inactive
01/29 03:13:25 AM | -----
01/29 03:13:25 AM | module: Conv2d(128, 256, kernel_size=(3, 3), stride=(1, 1), padding=(1, 1))
01/29 03:13:25 AM | cin: [3]
01/29 03:13:25 AM | cout: [4]
01/29 03:13:25 AM | inactive
01/29 03:13:25 AM | -----
01/29 03:13:25 AM | module: BatchNorm2d(256, eps=1e-05, momentum=0.1, affine=True, track_running_stats=True)
01/29 03:13:25 AM | cin: [4]
01/29 03:13:25 AM | cout: [4]
01/29 03:13:25 AM | inactive
01/29 03:13:25 AM | -----
01/29 03:13:25 AM | module: ReLU(inplace=True)
01/29 03:13:25 AM | cin: [4]
01/29 03:13:25 AM | cout: [4]
01/29 03:13:25 AM | active
01/29 03:13:25 AM | -----
01/29 03:13:25 AM | module: Conv2d(256, 256, kernel_size=(3, 3), stride=(1, 1), padding=(1, 1))
01/29 03:13:25 AM | cin: [4]
01/29 03:13:25 AM | cout: [5]
01/29 03:13:25 AM | inactive
01/29 03:13:25 AM | -----
01/29 03:13:25 AM | module: BatchNorm2d(256, eps=1e-05, momentum=0.1, affine=True, track_running_stats=True)
01/29 03:13:25 AM | cin: [5]
01/29 03:13:25 AM | cout: [5]
01/29 03:13:25 AM | inactive
01/29 03:13:25 AM | -----
01/29 03:13:25 AM | module: ReLU(inplace=True)
01/29 03:13:25 AM | cin: [5]
01/29 03:13:25 AM | cout: [5]
01/29 03:13:25 AM | active
01/29 03:13:25 AM | -----
01/29 03:13:25 AM | module: Conv2d(256, 256, kernel_size=(3, 3), stride=(1, 1), padding=(1, 1))
01/29 03:13:25 AM | cin: [5]
01/29 03:13:25 AM | cout: [6]
01/29 03:13:25 AM | inactive
01/29 03:13:25 AM | -----
01/29 03:13:25 AM | module: BatchNorm2d(256, eps=1e-05, momentum=0.1, affine=True, track_running_stats=True)
01/29 03:13:25 AM | cin: [6]
01/29 03:13:25 AM | cout: [6]
01/29 03:13:25 AM | inactive
01/29 03:13:25 AM | -----
01/29 03:13:25 AM | module: ReLU(inplace=True)
01/29 03:13:25 AM | cin: [6]
01/29 03:13:25 AM | cout: [6]
01/29 03:13:25 AM | active
01/29 03:13:25 AM | -----
01/29 03:13:25 AM | module: MaxPool2d(kernel_size=2, stride=2, padding=0, dilation=1, ceil_mode=False)
01/29 03:13:25 AM | cin: [6]
01/29 03:13:25 AM | cout: [6]
01/29 03:13:25 AM | inactive
01/29 03:13:25 AM | -----
01/29 03:13:25 AM | module: Conv2d(256, 512, kernel_size=(3, 3), stride=(1, 1), padding=(1, 1))
01/29 03:13:25 AM | cin: [6]
01/29 03:13:25 AM | cout: [7]
01/29 03:13:25 AM | inactive
01/29 03:13:25 AM | -----
01/29 03:13:25 AM | module: BatchNorm2d(512, eps=1e-05, momentum=0.1, affine=True, track_running_stats=True)
01/29 03:13:25 AM | cin: [7]
01/29 03:13:25 AM | cout: [7]
01/29 03:13:25 AM | inactive
01/29 03:13:25 AM | -----
01/29 03:13:25 AM | module: ReLU(inplace=True)
01/29 03:13:25 AM | cin: [7]
01/29 03:13:25 AM | cout: [7]
01/29 03:13:25 AM | active
01/29 03:13:25 AM | -----
01/29 03:13:25 AM | module: Conv2d(512, 512, kernel_size=(3, 3), stride=(1, 1), padding=(1, 1))
01/29 03:13:25 AM | cin: [7]
01/29 03:13:25 AM | cout: [8]
01/29 03:13:25 AM | inactive
01/29 03:13:25 AM | -----
01/29 03:13:25 AM | module: BatchNorm2d(512, eps=1e-05, momentum=0.1, affine=True, track_running_stats=True)
01/29 03:13:25 AM | cin: [8]
01/29 03:13:25 AM | cout: [8]
01/29 03:13:25 AM | inactive
01/29 03:13:25 AM | -----
01/29 03:13:25 AM | module: ReLU(inplace=True)
01/29 03:13:25 AM | cin: [8]
01/29 03:13:25 AM | cout: [8]
01/29 03:13:25 AM | active
01/29 03:13:25 AM | -----
01/29 03:13:25 AM | module: Conv2d(512, 512, kernel_size=(3, 3), stride=(1, 1), padding=(1, 1))
01/29 03:13:25 AM | cin: [8]
01/29 03:13:25 AM | cout: [9]
01/29 03:13:25 AM | inactive
01/29 03:13:25 AM | -----
01/29 03:13:25 AM | module: BatchNorm2d(512, eps=1e-05, momentum=0.1, affine=True, track_running_stats=True)
01/29 03:13:25 AM | cin: [9]
01/29 03:13:25 AM | cout: [9]
01/29 03:13:25 AM | inactive
01/29 03:13:25 AM | -----
01/29 03:13:25 AM | module: ReLU(inplace=True)
01/29 03:13:25 AM | cin: [9]
01/29 03:13:25 AM | cout: [9]
01/29 03:13:25 AM | active
01/29 03:13:25 AM | -----
01/29 03:13:25 AM | module: MaxPool2d(kernel_size=2, stride=2, padding=0, dilation=1, ceil_mode=False)
01/29 03:13:25 AM | cin: [9]
01/29 03:13:25 AM | cout: [9]
01/29 03:13:25 AM | inactive
01/29 03:13:25 AM | -----
01/29 03:13:25 AM | module: Conv2d(512, 512, kernel_size=(3, 3), stride=(1, 1), padding=(1, 1))
01/29 03:13:25 AM | cin: [9]
01/29 03:13:25 AM | cout: [10]
01/29 03:13:25 AM | inactive
01/29 03:13:25 AM | -----
01/29 03:13:25 AM | module: BatchNorm2d(512, eps=1e-05, momentum=0.1, affine=True, track_running_stats=True)
01/29 03:13:25 AM | cin: [10]
01/29 03:13:25 AM | cout: [10]
01/29 03:13:25 AM | inactive
01/29 03:13:25 AM | -----
01/29 03:13:25 AM | module: ReLU(inplace=True)
01/29 03:13:25 AM | cin: [10]
01/29 03:13:25 AM | cout: [10]
01/29 03:13:25 AM | active
01/29 03:13:25 AM | -----
01/29 03:13:25 AM | module: Conv2d(512, 512, kernel_size=(3, 3), stride=(1, 1), padding=(1, 1))
01/29 03:13:25 AM | cin: [10]
01/29 03:13:25 AM | cout: [11]
01/29 03:13:25 AM | inactive
01/29 03:13:25 AM | -----
01/29 03:13:25 AM | module: BatchNorm2d(512, eps=1e-05, momentum=0.1, affine=True, track_running_stats=True)
01/29 03:13:25 AM | cin: [11]
01/29 03:13:25 AM | cout: [11]
01/29 03:13:25 AM | inactive
01/29 03:13:25 AM | -----
01/29 03:13:25 AM | module: ReLU(inplace=True)
01/29 03:13:25 AM | cin: [11]
01/29 03:13:25 AM | cout: [11]
01/29 03:13:25 AM | active
01/29 03:13:25 AM | -----
01/29 03:13:25 AM | module: Conv2d(512, 512, kernel_size=(3, 3), stride=(1, 1), padding=(1, 1))
01/29 03:13:25 AM | cin: [11]
01/29 03:13:25 AM | cout: [12]
01/29 03:13:25 AM | inactive
01/29 03:13:25 AM | -----
01/29 03:13:25 AM | module: BatchNorm2d(512, eps=1e-05, momentum=0.1, affine=True, track_running_stats=True)
01/29 03:13:25 AM | cin: [12]
01/29 03:13:25 AM | cout: [12]
01/29 03:13:25 AM | inactive
01/29 03:13:25 AM | -----
01/29 03:13:25 AM | module: ReLU(inplace=True)
01/29 03:13:25 AM | cin: [12]
01/29 03:13:25 AM | cout: [12]
01/29 03:13:25 AM | active
01/29 03:13:25 AM | -----
01/29 03:13:25 AM | module: Linear(in_features=512, out_features=512, bias=True)
01/29 03:13:25 AM | cin: [12]
01/29 03:13:25 AM | cout: None
01/29 03:13:25 AM | inactive
01/29 03:13:25 AM | -----
01/29 03:13:25 AM | module: ReLU(inplace=True)
01/29 03:13:25 AM | cin: None
01/29 03:13:25 AM | cout: None
01/29 03:13:25 AM | active
01/29 03:13:25 AM | -----
01/29 03:13:25 AM | module: Linear(in_features=512, out_features=10, bias=True)
01/29 03:13:25 AM | cin: None
01/29 03:13:25 AM | cout: None
01/29 03:13:25 AM | inactive
01/29 03:13:25 AM | Used masks: [0, 1, 2, 3, 4, 5, 6, 7, 8, 9, 10, 11, 12]
01/29 03:13:25 AM | 13 unique masks in total
01/29 03:13:25 AM | === Batch 1/5
01/29 03:13:25 AM | loss = 0.047 + 4.266 + 0.040 = 4.353
01/29 03:13:26 AM | attribution_score[0:12]: 
[ 0.94  0.83  0.83  0.83  0.83  0.83  0.83  0.83  0.83  0.83  0.83  0.83 ]
[ 0.83  0.83  0.83  0.83  0.83  0.83  0.83  0.83  0.83  0.83  0.83  0.83 ]
[ 0.94  0.83  0.83  0.83  0.83  0.83  0.83  0.83  0.83  0.83  0.83  0.94 ]
[ 0.83  0.83  0.94  0.83  0.83  0.83  0.83  0.83  0.83  0.83  0.83  0.83 ]
[ 0.83  0.83  0.94  0.83  0.83  0.83  0.83  0.83  0.83  0.83  0.83  0.83 ]
[ 0.83  0.83  0.83  0.83  0.83  0.83  0.83  0.83  0.83  0.83  0.83  0.83 ]
[ 0.83  0.83  0.94  0.83  0.83  0.83  0.83  0.83  0.83  0.83  0.83  0.83 ]
[ 0.83  0.83  0.83  0.83  0.83  0.83  0.83  0.83  0.83  0.83  0.83  0.83 ]
[ 0.83  0.83  0.83  0.83  0.83  0.83  0.83  0.83  0.83  0.83  0.83  0.83 ]
[ 0.83  0.83  0.83  0.83  0.83  0.83  0.83  0.83  0.83  0.83  0.83  0.83 ]
[ 0.83  0.83  0.83  0.83  0.83  0.83  0.83  0.83  0.83  0.83  0.94  0.83 ]
[ 0.83  0.94  0.83  0.83  0.83  0.83  0.83  0.94  0.83  0.83  0.83  0.83 ]
[ 0.94  0.94  0.94  0.94  0.94  0.94  0.83  0.83  0.94  0.94  0.94  0.83 ]

01/29 03:13:26 AM | === Batch 2/5
01/29 03:13:26 AM | loss = 0.345 + 3.308 + 0.062 = 3.715
01/29 03:13:26 AM | attribution_score[0:12]: 
[ 0.96  0.88  0.77  0.73  0.75  0.73  0.73  0.73  0.73  0.73  0.73  0.81 ]
[ 0.87  0.76  0.75  0.74  0.87  0.73  0.74  0.73  0.73  0.86  0.88  0.74 ]
[ 0.96  0.88  0.74  0.88  0.73  0.88  0.86  0.77  0.74  0.74  0.73  0.96 ]
[ 0.73  0.83  0.96  0.74  0.76  0.73  0.85  0.87  0.81  0.85  0.73  0.88 ]
[ 0.83  0.76  0.96  0.74  0.75  0.73  0.73  0.75  0.74  0.74  0.86  0.85 ]
[ 0.73  0.75  0.77  0.74  0.73  0.80  0.74  0.74  0.73  0.74  0.73  0.86 ]
[ 0.74  0.73  0.94  0.74  0.74  0.75  0.74  0.73  0.76  0.74  0.86  0.75 ]
[ 0.73  0.73  0.73  0.73  0.74  0.73  0.73  0.73  0.74  0.73  0.73  0.82 ]
[ 0.75  0.73  0.73  0.73  0.74  0.73  0.73  0.73  0.74  0.73  0.80  0.73 ]
[ 0.73  0.73  0.73  0.73  0.85  0.74  0.73  0.73  0.74  0.73  0.75  0.73 ]
[ 0.73  0.75  0.85  0.74  0.73  0.86  0.73  0.75  0.81  0.73  0.96  0.74 ]
[ 0.88  0.97  0.76  0.87  0.88  0.86  0.74  0.97  0.84  0.88  0.87  0.74 ]
[ 0.97  0.96  0.97  0.91  0.97  0.96  0.88  0.88  0.96  0.97  0.97  0.73 ]

01/29 03:13:26 AM | === Batch 3/5
01/29 03:13:27 AM | loss = 0.339 + 2.497 + 0.081 = 2.918
01/29 03:13:27 AM | attribution_score[0:12]: 
[ 0.98  0.90  0.68  0.60  0.64  0.61  0.60  0.60  0.60  0.60  0.61  0.86 ]
[ 0.89  0.66  0.78  0.61  0.90  0.67  0.63  0.61  0.69  0.90  0.91  0.62 ]
[ 0.97  0.91  0.62  0.92  0.60  0.92  0.86  0.68  0.62  0.62  0.60  0.98 ]
[ 0.61  0.84  0.97  0.70  0.66  0.76  0.80  0.90  0.81  0.82  0.68  0.91 ]
[ 0.78  0.66  0.97  0.63  0.79  0.60  0.60  0.64  0.75  0.61  0.85  0.85 ]
[ 0.62  0.65  0.68  0.61  0.60  0.74  0.61  0.62  0.62  0.62  0.60  0.85 ]
[ 0.64  0.61  0.94  0.64  0.64  0.64  0.61  0.69  0.66  0.78  0.90  0.63 ]
[ 0.60  0.60  0.61  0.60  0.61  0.60  0.60  0.60  0.70  0.61  0.60  0.80 ]
[ 0.65  0.67  0.60  0.60  0.62  0.60  0.60  0.60  0.66  0.60  0.80  0.68 ]
[ 0.64  0.61  0.60  0.60  0.87  0.67  0.60  0.60  0.72  0.60  0.63  0.63 ]
[ 0.61  0.79  0.89  0.61  0.61  0.90  0.79  0.76  0.86  0.71  0.98  0.75 ]
[ 0.91  0.98  0.78  0.91  0.93  0.89  0.79  0.98  0.81  0.92  0.91  0.80 ]
[ 0.98  0.98  0.98  0.90  0.98  0.98  0.92  0.93  0.98  0.98  0.98  0.60 ]

01/29 03:13:27 AM | === Batch 4/5
01/29 03:13:27 AM | loss = 0.558 + 1.677 + 0.101 = 2.336
01/29 03:13:27 AM | attribution_score[0:12]: 
[ 0.98  0.92  0.57  0.46  0.50  0.47  0.46  0.45  0.45  0.46  0.46  0.84 ]
[ 0.90  0.56  0.83  0.47  0.90  0.58  0.61  0.46  0.72  0.92  0.91  0.48 ]
[ 0.98  0.94  0.48  0.94  0.45  0.94  0.87  0.64  0.48  0.49  0.48  0.98 ]
[ 0.47  0.85  0.96  0.73  0.57  0.82  0.74  0.92  0.78  0.80  0.64  0.92 ]
[ 0.71  0.53  0.98  0.53  0.85  0.47  0.45  0.51  0.80  0.56  0.82  0.80 ]
[ 0.61  0.64  0.55  0.46  0.47  0.64  0.50  0.50  0.50  0.49  0.45  0.82 ]
[ 0.53  0.47  0.93  0.53  0.52  0.52  0.57  0.73  0.71  0.84  0.94  0.50 ]
[ 0.45  0.46  0.46  0.45  0.50  0.45  0.57  0.45  0.73  0.47  0.48  0.73 ]
[ 0.55  0.71  0.45  0.61  0.50  0.45  0.47  0.47  0.65  0.45  0.83  0.74 ]
[ 0.62  0.47  0.45  0.45  0.84  0.65  0.46  0.45  0.77  0.45  0.52  0.56 ]
[ 0.47  0.85  0.93  0.60  0.64  0.92  0.85  0.79  0.90  0.77  0.99  0.81 ]
[ 0.91  0.99  0.84  0.95  0.95  0.90  0.85  0.99  0.74  0.94  0.94  0.86 ]
[ 0.99  0.99  0.99  0.92  0.99  0.99  0.95  0.96  0.98  0.99  0.99  0.56 ]

01/29 03:13:27 AM | === Batch 5/5
01/29 03:13:28 AM | loss = 0.910 + 1.011 + 0.111 = 2.031
01/29 03:13:28 AM | attribution_score[0:12]: 
[ 0.99  0.93  0.47  0.31  0.37  0.33  0.32  0.31  0.31  0.33  0.32  0.83 ]
[ 0.92  0.45  0.84  0.33  0.90  0.47  0.65  0.32  0.72  0.93  0.91  0.45 ]
[ 0.99  0.95  0.34  0.95  0.32  0.96  0.87  0.61  0.35  0.36  0.35  0.98 ]
[ 0.37  0.81  0.95  0.78  0.49  0.85  0.74  0.94  0.72  0.79  0.63  0.92 ]
[ 0.73  0.53  0.98  0.45  0.89  0.40  0.32  0.38  0.84  0.57  0.79  0.73 ]
[ 0.61  0.69  0.43  0.33  0.34  0.52  0.46  0.44  0.39  0.35  0.31  0.76 ]
[ 0.57  0.35  0.91  0.42  0.59  0.40  0.59  0.80  0.78  0.82  0.95  0.37 ]
[ 0.31  0.32  0.32  0.31  0.48  0.31  0.54  0.31  0.79  0.33  0.37  0.64 ]
[ 0.44  0.73  0.31  0.68  0.37  0.31  0.36  0.34  0.70  0.31  0.82  0.81 ]
[ 0.63  0.36  0.31  0.31  0.79  0.65  0.33  0.31  0.83  0.31  0.40  0.48 ]
[ 0.33  0.90  0.94  0.65  0.72  0.90  0.89  0.77  0.93  0.84  0.99  0.87 ]
[ 0.91  0.99  0.89  0.96  0.97  0.89  0.89  0.99  0.65  0.95  0.96  0.91 ]
[ 0.99  0.99  0.99  0.93  0.99  0.99  0.96  0.97  0.99  0.99  0.99  0.47 ]

01/29 03:13:28 AM | ===
Best loss was 2.03 at iteration 5

01/29 03:13:28 AM | Looking for optimal threshold...
01/29 03:13:28 AM | Testing threshold 0.5
01/29 03:13:28 AM | Distance to target: 46,152,928
01/29 03:13:28 AM | Testing threshold 0.75
01/29 03:13:28 AM | Distance to target: 53,602,208
01/29 03:13:28 AM | Testing threshold 0.625
01/29 03:13:28 AM | Distance to target: 20,418,088
01/29 03:13:28 AM | Testing threshold 0.5625
01/29 03:13:28 AM | Distance to target: 3,039,384
01/29 03:13:28 AM | Testing threshold 0.59375
01/29 03:13:28 AM | Distance to target: 9,364,760
01/29 03:13:28 AM | Testing threshold 0.578125
01/29 03:13:28 AM | Distance to target: 3,058,480
01/29 03:13:28 AM | Testing threshold 0.5703125
01/29 03:13:28 AM | Distance to target: 133,352
01/29 03:13:28 AM | Testing threshold 0.56640625
01/29 03:13:28 AM | Distance to target: 1,241,144
01/29 03:13:28 AM | Testing threshold 0.568359375
01/29 03:13:28 AM | Distance to target: 673,240
01/29 03:13:28 AM | Testing threshold 0.5693359375
01/29 03:13:28 AM | Distance to target: 31,592
01/29 03:13:29 AM | attribution_score[0:12]: 
[ 1.00  1.00  1.00  0.00  0.00  0.00  0.00  0.00  0.00  0.00  0.00  1.00 ]
[ 1.00  0.00  1.00  0.00  1.00  1.00  1.00  0.00  1.00  1.00  1.00  0.00 ]
[ 1.00  1.00  0.00  1.00  0.00  1.00  1.00  1.00  0.00  0.00  0.00  1.00 ]
[ 0.00  1.00  1.00  1.00  0.00  1.00  1.00  1.00  1.00  1.00  1.00  1.00 ]
[ 1.00  0.00  1.00  0.00  1.00  0.00  0.00  0.00  1.00  0.00  1.00  1.00 ]
[ 1.00  1.00  0.00  0.00  0.00  1.00  0.00  0.00  0.00  0.00  0.00  1.00 ]
[ 0.00  0.00  1.00  0.00  0.00  0.00  0.00  1.00  1.00  1.00  1.00  0.00 ]
[ 0.00  0.00  0.00  0.00  0.00  0.00  0.00  0.00  1.00  0.00  0.00  1.00 ]
[ 0.00  1.00  0.00  1.00  0.00  0.00  0.00  0.00  1.00  0.00  1.00  1.00 ]
[ 1.00  0.00  0.00  0.00  1.00  1.00  0.00  0.00  1.00  0.00  0.00  0.00 ]
[ 0.00  1.00  1.00  1.00  1.00  1.00  1.00  1.00  1.00  1.00  1.00  1.00 ]
[ 1.00  1.00  1.00  1.00  1.00  1.00  1.00  1.00  1.00  1.00  1.00  1.00 ]
[ 1.00  1.00  1.00  1.00  1.00  1.00  1.00  1.00  1.00  1.00  1.00  0.00 ]

01/29 03:13:30 AM | VGG(
  (features): Sequential(
    (conv0): Conv2d(3, 25, kernel_size=(3, 3), stride=(1, 1), padding=(1, 1))
    (norm0): BatchNorm2d(25, eps=1e-05, momentum=0.1, affine=True, track_running_stats=True)
    (relu0): ReLU(inplace=True)
    (conv1): Conv2d(25, 50, kernel_size=(3, 3), stride=(1, 1), padding=(1, 1))
    (norm1): BatchNorm2d(50, eps=1e-05, momentum=0.1, affine=True, track_running_stats=True)
    (relu1): ReLU(inplace=True)
    (pool2): MaxPool2d(kernel_size=2, stride=2, padding=0, dilation=1, ceil_mode=False)
    (conv3): Conv2d(50, 86, kernel_size=(3, 3), stride=(1, 1), padding=(1, 1))
    (norm3): BatchNorm2d(86, eps=1e-05, momentum=0.1, affine=True, track_running_stats=True)
    (relu3): ReLU(inplace=True)
    (conv4): Conv2d(86, 105, kernel_size=(3, 3), stride=(1, 1), padding=(1, 1))
    (norm4): BatchNorm2d(105, eps=1e-05, momentum=0.1, affine=True, track_running_stats=True)
    (relu4): ReLU(inplace=True)
    (pool5): MaxPool2d(kernel_size=2, stride=2, padding=0, dilation=1, ceil_mode=False)
    (conv6): Conv2d(105, 141, kernel_size=(3, 3), stride=(1, 1), padding=(1, 1))
    (norm6): BatchNorm2d(141, eps=1e-05, momentum=0.1, affine=True, track_running_stats=True)
    (relu6): ReLU(inplace=True)
    (conv7): Conv2d(141, 139, kernel_size=(3, 3), stride=(1, 1), padding=(1, 1))
    (norm7): BatchNorm2d(139, eps=1e-05, momentum=0.1, affine=True, track_running_stats=True)
    (relu7): ReLU(inplace=True)
    (conv8): Conv2d(139, 150, kernel_size=(3, 3), stride=(1, 1), padding=(1, 1))
    (norm8): BatchNorm2d(150, eps=1e-05, momentum=0.1, affine=True, track_running_stats=True)
    (relu8): ReLU(inplace=True)
    (pool9): MaxPool2d(kernel_size=2, stride=2, padding=0, dilation=1, ceil_mode=False)
    (conv10): Conv2d(150, 193, kernel_size=(3, 3), stride=(1, 1), padding=(1, 1))
    (norm10): BatchNorm2d(193, eps=1e-05, momentum=0.1, affine=True, track_running_stats=True)
    (relu10): ReLU(inplace=True)
    (conv11): Conv2d(193, 137, kernel_size=(3, 3), stride=(1, 1), padding=(1, 1))
    (norm11): BatchNorm2d(137, eps=1e-05, momentum=0.1, affine=True, track_running_stats=True)
    (relu11): ReLU(inplace=True)
    (conv12): Conv2d(137, 240, kernel_size=(3, 3), stride=(1, 1), padding=(1, 1))
    (norm12): BatchNorm2d(240, eps=1e-05, momentum=0.1, affine=True, track_running_stats=True)
    (relu12): ReLU(inplace=True)
    (pool13): MaxPool2d(kernel_size=2, stride=2, padding=0, dilation=1, ceil_mode=False)
    (conv14): Conv2d(240, 427, kernel_size=(3, 3), stride=(1, 1), padding=(1, 1))
    (norm14): BatchNorm2d(427, eps=1e-05, momentum=0.1, affine=True, track_running_stats=True)
    (relu14): ReLU(inplace=True)
    (conv15): Conv2d(427, 493, kernel_size=(3, 3), stride=(1, 1), padding=(1, 1))
    (norm15): BatchNorm2d(493, eps=1e-05, momentum=0.1, affine=True, track_running_stats=True)
    (relu15): ReLU(inplace=True)
    (conv16): Conv2d(493, 509, kernel_size=(3, 3), stride=(1, 1), padding=(1, 1))
    (norm16): BatchNorm2d(509, eps=1e-05, momentum=0.1, affine=True, track_running_stats=True)
    (relu16): ReLU(inplace=True)
  )
  (classifier): Sequential(
    (linear1): Linear(in_features=509, out_features=512, bias=True)
    (norm1): BatchNorm1d(512, eps=1e-05, momentum=0.1, affine=True, track_running_stats=True)
    (relu1): ReLU(inplace=True)
    (linear2): Linear(in_features=512, out_features=10, bias=True)
  )
)
01/29 03:13:31 AM | ----------------------------------------
01/29 03:13:31 AM | Performances input model:
01/29 03:13:31 AM |  - flops: 314,294,272
01/29 03:13:31 AM |  - params: 14,991,946
01/29 03:13:31 AM |  - accuracy: 93.95999908447266
01/29 03:13:31 AM | ----------------------------------------
01/29 03:13:31 AM | Performances pseudo-pruned model:
01/29 03:13:31 AM |  - flops: 314,294,272
01/29 03:13:31 AM |  - params: 14,991,946
01/29 03:13:31 AM |  - accuracy: 40.939998626708984
01/29 03:13:31 AM | ----------------------------------------
01/29 03:13:31 AM | Performances pruned model:
01/29 03:13:31 AM |  - flops: 108,533,164
01/29 03:13:31 AM |  - params: 6,774,331
01/29 03:13:31 AM |  - accuracy: 40.939998626708984
01/29 03:13:31 AM | ----------------------------------------
01/29 03:13:31 AM | Total time: 13.08s
