01/29 09:39:25 PM | args = Namespace(output_dir='result/rebuttal/nb_epoch/vgg/nbbtchs7/seed_00', loaded_model_path='./checkpoints/cifar10/vgg_16_bn.pt', resume=False, test_only=False, mode='prune', batch_size=64, nb_batches=7, Mflops_target=None, lr=0.6, momentum=0.9, beta=6, gamma=0.4, gpu='0', num_workers=4, dataset='cifar10', arch='vgg_16_bn', save_plot=False, seed=0, lr_finetuning=0.02, epoch_finetuning=200, wd=0.002, data_dir='./data/cifar10/', print_freq=200, num_classes=10, device_ids=[0], device=device(type='cuda', index=0), name_base='')
01/29 09:39:30 PM | ----------------------------------------
01/29 09:39:30 PM | ==> Building model...
01/29 09:39:30 PM | ----------------------------------------
01/29 09:39:30 PM | ==> Loading weights into the model...
01/29 09:39:30 PM | ----------------------------------------
01/29 09:39:30 PM | VGG(
  (features): Sequential(
    (conv0): Conv2d(3, 64, kernel_size=(3, 3), stride=(1, 1), padding=(1, 1))
    (norm0): BatchNorm2d(64, eps=1e-05, momentum=0.1, affine=True, track_running_stats=True)
    (relu0): ReLU(inplace=True)
    (conv1): Conv2d(64, 64, kernel_size=(3, 3), stride=(1, 1), padding=(1, 1))
    (norm1): BatchNorm2d(64, eps=1e-05, momentum=0.1, affine=True, track_running_stats=True)
    (relu1): ReLU(inplace=True)
    (pool2): MaxPool2d(kernel_size=2, stride=2, padding=0, dilation=1, ceil_mode=False)
    (conv3): Conv2d(64, 128, kernel_size=(3, 3), stride=(1, 1), padding=(1, 1))
    (norm3): BatchNorm2d(128, eps=1e-05, momentum=0.1, affine=True, track_running_stats=True)
    (relu3): ReLU(inplace=True)
    (conv4): Conv2d(128, 128, kernel_size=(3, 3), stride=(1, 1), padding=(1, 1))
    (norm4): BatchNorm2d(128, eps=1e-05, momentum=0.1, affine=True, track_running_stats=True)
    (relu4): ReLU(inplace=True)
    (pool5): MaxPool2d(kernel_size=2, stride=2, padding=0, dilation=1, ceil_mode=False)
    (conv6): Conv2d(128, 256, kernel_size=(3, 3), stride=(1, 1), padding=(1, 1))
    (norm6): BatchNorm2d(256, eps=1e-05, momentum=0.1, affine=True, track_running_stats=True)
    (relu6): ReLU(inplace=True)
    (conv7): Conv2d(256, 256, kernel_size=(3, 3), stride=(1, 1), padding=(1, 1))
    (norm7): BatchNorm2d(256, eps=1e-05, momentum=0.1, affine=True, track_running_stats=True)
    (relu7): ReLU(inplace=True)
    (conv8): Conv2d(256, 256, kernel_size=(3, 3), stride=(1, 1), padding=(1, 1))
    (norm8): BatchNorm2d(256, eps=1e-05, momentum=0.1, affine=True, track_running_stats=True)
    (relu8): ReLU(inplace=True)
    (pool9): MaxPool2d(kernel_size=2, stride=2, padding=0, dilation=1, ceil_mode=False)
    (conv10): Conv2d(256, 512, kernel_size=(3, 3), stride=(1, 1), padding=(1, 1))
    (norm10): BatchNorm2d(512, eps=1e-05, momentum=0.1, affine=True, track_running_stats=True)
    (relu10): ReLU(inplace=True)
    (conv11): Conv2d(512, 512, kernel_size=(3, 3), stride=(1, 1), padding=(1, 1))
    (norm11): BatchNorm2d(512, eps=1e-05, momentum=0.1, affine=True, track_running_stats=True)
    (relu11): ReLU(inplace=True)
    (conv12): Conv2d(512, 512, kernel_size=(3, 3), stride=(1, 1), padding=(1, 1))
    (norm12): BatchNorm2d(512, eps=1e-05, momentum=0.1, affine=True, track_running_stats=True)
    (relu12): ReLU(inplace=True)
    (pool13): MaxPool2d(kernel_size=2, stride=2, padding=0, dilation=1, ceil_mode=False)
    (conv14): Conv2d(512, 512, kernel_size=(3, 3), stride=(1, 1), padding=(1, 1))
    (norm14): BatchNorm2d(512, eps=1e-05, momentum=0.1, affine=True, track_running_stats=True)
    (relu14): ReLU(inplace=True)
    (conv15): Conv2d(512, 512, kernel_size=(3, 3), stride=(1, 1), padding=(1, 1))
    (norm15): BatchNorm2d(512, eps=1e-05, momentum=0.1, affine=True, track_running_stats=True)
    (relu15): ReLU(inplace=True)
    (conv16): Conv2d(512, 512, kernel_size=(3, 3), stride=(1, 1), padding=(1, 1))
    (norm16): BatchNorm2d(512, eps=1e-05, momentum=0.1, affine=True, track_running_stats=True)
    (relu16): ReLU(inplace=True)
  )
  (classifier): Sequential(
    (linear1): Linear(in_features=512, out_features=512, bias=True)
    (norm1): BatchNorm1d(512, eps=1e-05, momentum=0.1, affine=True, track_running_stats=True)
    (relu1): ReLU(inplace=True)
    (linear2): Linear(in_features=512, out_features=10, bias=True)
  )
)
01/29 09:39:32 PM | Save modules info...
01/29 09:39:32 PM | FLOPS pruning ratio is 0.65
01/29 09:39:32 PM | Pruning with information flow
01/29 09:39:32 PM | -----
01/29 09:39:32 PM | module: Conv2d(3, 64, kernel_size=(3, 3), stride=(1, 1), padding=(1, 1))
01/29 09:39:32 PM | cin: None
01/29 09:39:32 PM | cout: [0]
01/29 09:39:32 PM | inactive
01/29 09:39:32 PM | -----
01/29 09:39:32 PM | module: BatchNorm2d(64, eps=1e-05, momentum=0.1, affine=True, track_running_stats=True)
01/29 09:39:32 PM | cin: [0]
01/29 09:39:32 PM | cout: [0]
01/29 09:39:32 PM | inactive
01/29 09:39:32 PM | -----
01/29 09:39:32 PM | module: ReLU(inplace=True)
01/29 09:39:32 PM | cin: [0]
01/29 09:39:32 PM | cout: [0]
01/29 09:39:32 PM | active
01/29 09:39:32 PM | -----
01/29 09:39:32 PM | module: Conv2d(64, 64, kernel_size=(3, 3), stride=(1, 1), padding=(1, 1))
01/29 09:39:32 PM | cin: [0]
01/29 09:39:32 PM | cout: [1]
01/29 09:39:32 PM | inactive
01/29 09:39:32 PM | -----
01/29 09:39:32 PM | module: BatchNorm2d(64, eps=1e-05, momentum=0.1, affine=True, track_running_stats=True)
01/29 09:39:32 PM | cin: [1]
01/29 09:39:32 PM | cout: [1]
01/29 09:39:32 PM | inactive
01/29 09:39:32 PM | -----
01/29 09:39:32 PM | module: ReLU(inplace=True)
01/29 09:39:32 PM | cin: [1]
01/29 09:39:32 PM | cout: [1]
01/29 09:39:32 PM | active
01/29 09:39:32 PM | -----
01/29 09:39:32 PM | module: MaxPool2d(kernel_size=2, stride=2, padding=0, dilation=1, ceil_mode=False)
01/29 09:39:32 PM | cin: [1]
01/29 09:39:32 PM | cout: [1]
01/29 09:39:32 PM | inactive
01/29 09:39:32 PM | -----
01/29 09:39:32 PM | module: Conv2d(64, 128, kernel_size=(3, 3), stride=(1, 1), padding=(1, 1))
01/29 09:39:32 PM | cin: [1]
01/29 09:39:32 PM | cout: [2]
01/29 09:39:32 PM | inactive
01/29 09:39:32 PM | -----
01/29 09:39:32 PM | module: BatchNorm2d(128, eps=1e-05, momentum=0.1, affine=True, track_running_stats=True)
01/29 09:39:32 PM | cin: [2]
01/29 09:39:32 PM | cout: [2]
01/29 09:39:32 PM | inactive
01/29 09:39:32 PM | -----
01/29 09:39:32 PM | module: ReLU(inplace=True)
01/29 09:39:32 PM | cin: [2]
01/29 09:39:32 PM | cout: [2]
01/29 09:39:32 PM | active
01/29 09:39:32 PM | -----
01/29 09:39:32 PM | module: Conv2d(128, 128, kernel_size=(3, 3), stride=(1, 1), padding=(1, 1))
01/29 09:39:32 PM | cin: [2]
01/29 09:39:32 PM | cout: [3]
01/29 09:39:32 PM | inactive
01/29 09:39:32 PM | -----
01/29 09:39:32 PM | module: BatchNorm2d(128, eps=1e-05, momentum=0.1, affine=True, track_running_stats=True)
01/29 09:39:32 PM | cin: [3]
01/29 09:39:32 PM | cout: [3]
01/29 09:39:32 PM | inactive
01/29 09:39:32 PM | -----
01/29 09:39:32 PM | module: ReLU(inplace=True)
01/29 09:39:32 PM | cin: [3]
01/29 09:39:32 PM | cout: [3]
01/29 09:39:32 PM | active
01/29 09:39:32 PM | -----
01/29 09:39:32 PM | module: MaxPool2d(kernel_size=2, stride=2, padding=0, dilation=1, ceil_mode=False)
01/29 09:39:32 PM | cin: [3]
01/29 09:39:32 PM | cout: [3]
01/29 09:39:32 PM | inactive
01/29 09:39:32 PM | -----
01/29 09:39:32 PM | module: Conv2d(128, 256, kernel_size=(3, 3), stride=(1, 1), padding=(1, 1))
01/29 09:39:32 PM | cin: [3]
01/29 09:39:32 PM | cout: [4]
01/29 09:39:32 PM | inactive
01/29 09:39:32 PM | -----
01/29 09:39:32 PM | module: BatchNorm2d(256, eps=1e-05, momentum=0.1, affine=True, track_running_stats=True)
01/29 09:39:32 PM | cin: [4]
01/29 09:39:32 PM | cout: [4]
01/29 09:39:32 PM | inactive
01/29 09:39:32 PM | -----
01/29 09:39:32 PM | module: ReLU(inplace=True)
01/29 09:39:32 PM | cin: [4]
01/29 09:39:32 PM | cout: [4]
01/29 09:39:32 PM | active
01/29 09:39:32 PM | -----
01/29 09:39:32 PM | module: Conv2d(256, 256, kernel_size=(3, 3), stride=(1, 1), padding=(1, 1))
01/29 09:39:32 PM | cin: [4]
01/29 09:39:32 PM | cout: [5]
01/29 09:39:32 PM | inactive
01/29 09:39:32 PM | -----
01/29 09:39:32 PM | module: BatchNorm2d(256, eps=1e-05, momentum=0.1, affine=True, track_running_stats=True)
01/29 09:39:32 PM | cin: [5]
01/29 09:39:32 PM | cout: [5]
01/29 09:39:32 PM | inactive
01/29 09:39:32 PM | -----
01/29 09:39:32 PM | module: ReLU(inplace=True)
01/29 09:39:32 PM | cin: [5]
01/29 09:39:32 PM | cout: [5]
01/29 09:39:32 PM | active
01/29 09:39:32 PM | -----
01/29 09:39:32 PM | module: Conv2d(256, 256, kernel_size=(3, 3), stride=(1, 1), padding=(1, 1))
01/29 09:39:32 PM | cin: [5]
01/29 09:39:32 PM | cout: [6]
01/29 09:39:32 PM | inactive
01/29 09:39:32 PM | -----
01/29 09:39:32 PM | module: BatchNorm2d(256, eps=1e-05, momentum=0.1, affine=True, track_running_stats=True)
01/29 09:39:32 PM | cin: [6]
01/29 09:39:32 PM | cout: [6]
01/29 09:39:32 PM | inactive
01/29 09:39:32 PM | -----
01/29 09:39:32 PM | module: ReLU(inplace=True)
01/29 09:39:32 PM | cin: [6]
01/29 09:39:32 PM | cout: [6]
01/29 09:39:32 PM | active
01/29 09:39:32 PM | -----
01/29 09:39:32 PM | module: MaxPool2d(kernel_size=2, stride=2, padding=0, dilation=1, ceil_mode=False)
01/29 09:39:32 PM | cin: [6]
01/29 09:39:32 PM | cout: [6]
01/29 09:39:32 PM | inactive
01/29 09:39:32 PM | -----
01/29 09:39:32 PM | module: Conv2d(256, 512, kernel_size=(3, 3), stride=(1, 1), padding=(1, 1))
01/29 09:39:32 PM | cin: [6]
01/29 09:39:32 PM | cout: [7]
01/29 09:39:32 PM | inactive
01/29 09:39:32 PM | -----
01/29 09:39:32 PM | module: BatchNorm2d(512, eps=1e-05, momentum=0.1, affine=True, track_running_stats=True)
01/29 09:39:32 PM | cin: [7]
01/29 09:39:32 PM | cout: [7]
01/29 09:39:32 PM | inactive
01/29 09:39:32 PM | -----
01/29 09:39:32 PM | module: ReLU(inplace=True)
01/29 09:39:32 PM | cin: [7]
01/29 09:39:32 PM | cout: [7]
01/29 09:39:32 PM | active
01/29 09:39:32 PM | -----
01/29 09:39:32 PM | module: Conv2d(512, 512, kernel_size=(3, 3), stride=(1, 1), padding=(1, 1))
01/29 09:39:32 PM | cin: [7]
01/29 09:39:32 PM | cout: [8]
01/29 09:39:32 PM | inactive
01/29 09:39:32 PM | -----
01/29 09:39:32 PM | module: BatchNorm2d(512, eps=1e-05, momentum=0.1, affine=True, track_running_stats=True)
01/29 09:39:32 PM | cin: [8]
01/29 09:39:32 PM | cout: [8]
01/29 09:39:32 PM | inactive
01/29 09:39:32 PM | -----
01/29 09:39:32 PM | module: ReLU(inplace=True)
01/29 09:39:32 PM | cin: [8]
01/29 09:39:32 PM | cout: [8]
01/29 09:39:32 PM | active
01/29 09:39:32 PM | -----
01/29 09:39:32 PM | module: Conv2d(512, 512, kernel_size=(3, 3), stride=(1, 1), padding=(1, 1))
01/29 09:39:32 PM | cin: [8]
01/29 09:39:32 PM | cout: [9]
01/29 09:39:32 PM | inactive
01/29 09:39:32 PM | -----
01/29 09:39:32 PM | module: BatchNorm2d(512, eps=1e-05, momentum=0.1, affine=True, track_running_stats=True)
01/29 09:39:32 PM | cin: [9]
01/29 09:39:32 PM | cout: [9]
01/29 09:39:32 PM | inactive
01/29 09:39:32 PM | -----
01/29 09:39:32 PM | module: ReLU(inplace=True)
01/29 09:39:32 PM | cin: [9]
01/29 09:39:32 PM | cout: [9]
01/29 09:39:32 PM | active
01/29 09:39:32 PM | -----
01/29 09:39:32 PM | module: MaxPool2d(kernel_size=2, stride=2, padding=0, dilation=1, ceil_mode=False)
01/29 09:39:32 PM | cin: [9]
01/29 09:39:32 PM | cout: [9]
01/29 09:39:32 PM | inactive
01/29 09:39:32 PM | -----
01/29 09:39:32 PM | module: Conv2d(512, 512, kernel_size=(3, 3), stride=(1, 1), padding=(1, 1))
01/29 09:39:32 PM | cin: [9]
01/29 09:39:32 PM | cout: [10]
01/29 09:39:32 PM | inactive
01/29 09:39:32 PM | -----
01/29 09:39:32 PM | module: BatchNorm2d(512, eps=1e-05, momentum=0.1, affine=True, track_running_stats=True)
01/29 09:39:32 PM | cin: [10]
01/29 09:39:32 PM | cout: [10]
01/29 09:39:32 PM | inactive
01/29 09:39:32 PM | -----
01/29 09:39:32 PM | module: ReLU(inplace=True)
01/29 09:39:32 PM | cin: [10]
01/29 09:39:32 PM | cout: [10]
01/29 09:39:32 PM | active
01/29 09:39:32 PM | -----
01/29 09:39:32 PM | module: Conv2d(512, 512, kernel_size=(3, 3), stride=(1, 1), padding=(1, 1))
01/29 09:39:32 PM | cin: [10]
01/29 09:39:32 PM | cout: [11]
01/29 09:39:32 PM | inactive
01/29 09:39:32 PM | -----
01/29 09:39:32 PM | module: BatchNorm2d(512, eps=1e-05, momentum=0.1, affine=True, track_running_stats=True)
01/29 09:39:32 PM | cin: [11]
01/29 09:39:32 PM | cout: [11]
01/29 09:39:32 PM | inactive
01/29 09:39:32 PM | -----
01/29 09:39:32 PM | module: ReLU(inplace=True)
01/29 09:39:32 PM | cin: [11]
01/29 09:39:32 PM | cout: [11]
01/29 09:39:32 PM | active
01/29 09:39:32 PM | -----
01/29 09:39:32 PM | module: Conv2d(512, 512, kernel_size=(3, 3), stride=(1, 1), padding=(1, 1))
01/29 09:39:32 PM | cin: [11]
01/29 09:39:32 PM | cout: [12]
01/29 09:39:32 PM | inactive
01/29 09:39:32 PM | -----
01/29 09:39:32 PM | module: BatchNorm2d(512, eps=1e-05, momentum=0.1, affine=True, track_running_stats=True)
01/29 09:39:32 PM | cin: [12]
01/29 09:39:32 PM | cout: [12]
01/29 09:39:32 PM | inactive
01/29 09:39:32 PM | -----
01/29 09:39:32 PM | module: ReLU(inplace=True)
01/29 09:39:32 PM | cin: [12]
01/29 09:39:32 PM | cout: [12]
01/29 09:39:32 PM | active
01/29 09:39:32 PM | -----
01/29 09:39:32 PM | module: Linear(in_features=512, out_features=512, bias=True)
01/29 09:39:32 PM | cin: [12]
01/29 09:39:32 PM | cout: None
01/29 09:39:32 PM | inactive
01/29 09:39:32 PM | -----
01/29 09:39:32 PM | module: ReLU(inplace=True)
01/29 09:39:32 PM | cin: None
01/29 09:39:32 PM | cout: None
01/29 09:39:32 PM | active
01/29 09:39:32 PM | -----
01/29 09:39:32 PM | module: Linear(in_features=512, out_features=10, bias=True)
01/29 09:39:32 PM | cin: None
01/29 09:39:32 PM | cout: None
01/29 09:39:32 PM | inactive
01/29 09:39:32 PM | Used masks: [0, 1, 2, 3, 4, 5, 6, 7, 8, 9, 10, 11, 12]
01/29 09:39:32 PM | 13 unique masks in total
01/29 09:39:32 PM | === Batch 1/7
01/29 09:39:33 PM | loss = 0.047 + 4.266 + 0.040 = 4.353
01/29 09:39:33 PM | attribution_score[0:12]: 
[ 0.94  0.83  0.83  0.83  0.83  0.83  0.83  0.83  0.83  0.83  0.83  0.83 ]
[ 0.83  0.83  0.83  0.83  0.83  0.83  0.83  0.83  0.83  0.83  0.83  0.83 ]
[ 0.94  0.83  0.83  0.83  0.83  0.83  0.83  0.83  0.83  0.83  0.83  0.94 ]
[ 0.83  0.83  0.94  0.83  0.83  0.83  0.83  0.83  0.83  0.83  0.83  0.83 ]
[ 0.83  0.83  0.94  0.83  0.83  0.83  0.83  0.83  0.83  0.83  0.83  0.83 ]
[ 0.83  0.83  0.83  0.83  0.83  0.83  0.83  0.83  0.83  0.83  0.83  0.83 ]
[ 0.83  0.83  0.94  0.83  0.83  0.83  0.83  0.83  0.83  0.83  0.83  0.83 ]
[ 0.83  0.83  0.83  0.83  0.83  0.83  0.83  0.83  0.83  0.83  0.83  0.83 ]
[ 0.83  0.83  0.83  0.83  0.83  0.83  0.83  0.83  0.83  0.83  0.83  0.83 ]
[ 0.83  0.83  0.83  0.83  0.83  0.83  0.83  0.83  0.83  0.83  0.83  0.83 ]
[ 0.83  0.83  0.83  0.83  0.83  0.83  0.83  0.83  0.83  0.83  0.94  0.83 ]
[ 0.83  0.94  0.83  0.83  0.83  0.83  0.83  0.94  0.83  0.83  0.83  0.83 ]
[ 0.94  0.94  0.94  0.94  0.94  0.94  0.83  0.83  0.94  0.94  0.94  0.83 ]

01/29 09:39:33 PM | === Batch 2/7
01/29 09:39:33 PM | loss = 0.345 + 3.308 + 0.062 = 3.715
01/29 09:39:34 PM | attribution_score[0:12]: 
[ 0.96  0.88  0.77  0.73  0.75  0.73  0.73  0.73  0.73  0.73  0.73  0.81 ]
[ 0.87  0.76  0.75  0.74  0.87  0.73  0.74  0.73  0.73  0.86  0.88  0.74 ]
[ 0.96  0.88  0.74  0.88  0.73  0.88  0.86  0.77  0.74  0.74  0.73  0.96 ]
[ 0.73  0.83  0.96  0.74  0.76  0.73  0.85  0.87  0.81  0.85  0.73  0.88 ]
[ 0.83  0.76  0.96  0.74  0.75  0.73  0.73  0.75  0.74  0.74  0.86  0.85 ]
[ 0.73  0.75  0.77  0.74  0.73  0.80  0.74  0.74  0.73  0.74  0.73  0.86 ]
[ 0.74  0.73  0.94  0.74  0.74  0.75  0.74  0.73  0.76  0.74  0.86  0.75 ]
[ 0.73  0.73  0.73  0.73  0.74  0.73  0.73  0.73  0.74  0.73  0.73  0.82 ]
[ 0.75  0.73  0.73  0.73  0.74  0.73  0.73  0.73  0.74  0.73  0.80  0.73 ]
[ 0.73  0.73  0.73  0.73  0.85  0.74  0.73  0.73  0.74  0.73  0.75  0.73 ]
[ 0.73  0.75  0.85  0.74  0.73  0.86  0.73  0.75  0.81  0.73  0.96  0.74 ]
[ 0.88  0.97  0.76  0.87  0.88  0.86  0.74  0.97  0.84  0.88  0.87  0.74 ]
[ 0.97  0.96  0.97  0.91  0.97  0.96  0.88  0.88  0.96  0.97  0.97  0.73 ]

01/29 09:39:34 PM | === Batch 3/7
01/29 09:39:35 PM | loss = 0.339 + 2.497 + 0.081 = 2.918
01/29 09:39:35 PM | attribution_score[0:12]: 
[ 0.98  0.90  0.68  0.60  0.64  0.61  0.60  0.60  0.60  0.60  0.61  0.86 ]
[ 0.89  0.66  0.78  0.61  0.90  0.67  0.63  0.61  0.69  0.90  0.91  0.62 ]
[ 0.97  0.91  0.62  0.92  0.60  0.92  0.86  0.68  0.62  0.62  0.60  0.98 ]
[ 0.61  0.84  0.97  0.70  0.66  0.76  0.80  0.90  0.81  0.82  0.68  0.91 ]
[ 0.78  0.66  0.97  0.63  0.79  0.60  0.60  0.64  0.75  0.61  0.85  0.85 ]
[ 0.62  0.65  0.68  0.61  0.60  0.74  0.61  0.62  0.62  0.62  0.60  0.85 ]
[ 0.64  0.61  0.94  0.64  0.64  0.64  0.61  0.69  0.66  0.78  0.90  0.63 ]
[ 0.60  0.60  0.61  0.60  0.61  0.60  0.60  0.60  0.70  0.61  0.60  0.80 ]
[ 0.65  0.67  0.60  0.60  0.62  0.60  0.60  0.60  0.66  0.60  0.80  0.68 ]
[ 0.64  0.61  0.60  0.60  0.87  0.67  0.60  0.60  0.72  0.60  0.63  0.63 ]
[ 0.61  0.79  0.89  0.61  0.61  0.90  0.79  0.76  0.86  0.71  0.98  0.75 ]
[ 0.91  0.98  0.78  0.91  0.93  0.89  0.79  0.98  0.81  0.92  0.91  0.80 ]
[ 0.98  0.98  0.98  0.90  0.98  0.98  0.92  0.93  0.98  0.98  0.98  0.60 ]

01/29 09:39:35 PM | === Batch 4/7
01/29 09:39:35 PM | loss = 0.558 + 1.677 + 0.101 = 2.336
01/29 09:39:35 PM | attribution_score[0:12]: 
[ 0.98  0.92  0.57  0.46  0.50  0.47  0.46  0.45  0.45  0.46  0.46  0.84 ]
[ 0.90  0.56  0.83  0.47  0.90  0.58  0.61  0.46  0.72  0.92  0.91  0.48 ]
[ 0.98  0.94  0.48  0.94  0.45  0.94  0.87  0.64  0.48  0.49  0.48  0.98 ]
[ 0.47  0.85  0.96  0.73  0.57  0.82  0.74  0.92  0.78  0.80  0.64  0.92 ]
[ 0.71  0.53  0.98  0.53  0.85  0.47  0.45  0.51  0.80  0.56  0.82  0.80 ]
[ 0.61  0.64  0.55  0.46  0.47  0.64  0.50  0.50  0.50  0.49  0.45  0.82 ]
[ 0.53  0.47  0.93  0.53  0.52  0.52  0.57  0.73  0.71  0.84  0.94  0.50 ]
[ 0.45  0.46  0.46  0.45  0.50  0.45  0.57  0.45  0.73  0.47  0.48  0.73 ]
[ 0.55  0.71  0.45  0.61  0.50  0.45  0.47  0.47  0.65  0.45  0.83  0.74 ]
[ 0.62  0.47  0.45  0.45  0.84  0.65  0.46  0.45  0.77  0.45  0.52  0.56 ]
[ 0.47  0.85  0.93  0.60  0.64  0.92  0.85  0.79  0.90  0.77  0.99  0.81 ]
[ 0.91  0.99  0.84  0.95  0.95  0.90  0.85  0.99  0.74  0.94  0.94  0.86 ]
[ 0.99  0.99  0.99  0.92  0.99  0.99  0.95  0.96  0.98  0.99  0.99  0.56 ]

01/29 09:39:35 PM | === Batch 5/7
01/29 09:39:36 PM | loss = 0.910 + 1.011 + 0.111 = 2.031
01/29 09:39:36 PM | attribution_score[0:12]: 
[ 0.99  0.93  0.47  0.31  0.37  0.33  0.32  0.31  0.31  0.33  0.32  0.83 ]
[ 0.92  0.45  0.84  0.33  0.90  0.47  0.65  0.32  0.72  0.93  0.91  0.45 ]
[ 0.99  0.95  0.34  0.95  0.32  0.96  0.87  0.61  0.35  0.36  0.35  0.98 ]
[ 0.38  0.81  0.95  0.78  0.49  0.85  0.74  0.94  0.72  0.79  0.63  0.92 ]
[ 0.73  0.53  0.98  0.45  0.89  0.40  0.32  0.38  0.84  0.57  0.79  0.73 ]
[ 0.61  0.69  0.43  0.33  0.34  0.52  0.46  0.44  0.39  0.35  0.31  0.76 ]
[ 0.57  0.35  0.91  0.42  0.59  0.40  0.59  0.80  0.78  0.82  0.95  0.37 ]
[ 0.31  0.32  0.32  0.31  0.48  0.31  0.54  0.31  0.79  0.33  0.37  0.64 ]
[ 0.44  0.73  0.31  0.68  0.37  0.31  0.36  0.34  0.70  0.31  0.82  0.81 ]
[ 0.63  0.36  0.31  0.31  0.79  0.65  0.33  0.31  0.83  0.31  0.40  0.48 ]
[ 0.33  0.90  0.94  0.65  0.72  0.90  0.89  0.77  0.93  0.84  0.99  0.87 ]
[ 0.91  0.99  0.89  0.96  0.97  0.89  0.89  0.99  0.65  0.95  0.96  0.91 ]
[ 0.99  0.99  0.99  0.93  0.99  0.99  0.96  0.97  0.99  0.99  0.99  0.47 ]

01/29 09:39:36 PM | === Batch 6/7
01/29 09:39:36 PM | loss = 0.937 + 0.463 + 0.095 = 1.495
01/29 09:39:36 PM | attribution_score[0:12]: 
[ 0.99  0.94  0.38  0.20  0.26  0.22  0.21  0.20  0.20  0.21  0.21  0.85 ]
[ 0.93  0.34  0.84  0.22  0.88  0.35  0.72  0.21  0.72  0.94  0.91  0.45 ]
[ 0.99  0.95  0.23  0.96  0.20  0.96  0.85  0.64  0.24  0.25  0.24  0.99 ]
[ 0.30  0.75  0.94  0.81  0.50  0.88  0.72  0.95  0.64  0.76  0.56  0.92 ]
[ 0.72  0.51  0.99  0.44  0.90  0.39  0.23  0.28  0.87  0.63  0.76  0.65 ]
[ 0.67  0.74  0.31  0.23  0.23  0.40  0.44  0.39  0.31  0.31  0.20  0.67 ]
[ 0.65  0.26  0.90  0.39  0.63  0.39  0.55  0.80  0.80  0.85  0.95  0.25 ]
[ 0.20  0.21  0.21  0.20  0.43  0.20  0.50  0.20  0.78  0.21  0.28  0.55 ]
[ 0.41  0.72  0.20  0.69  0.30  0.20  0.25  0.23  0.74  0.25  0.76  0.82 ]
[ 0.60  0.26  0.20  0.20  0.78  0.68  0.23  0.20  0.88  0.20  0.30  0.40 ]
[ 0.24  0.93  0.94  0.63  0.75  0.89  0.92  0.80  0.95  0.86  0.99  0.90 ]
[ 0.93  0.99  0.91  0.97  0.97  0.87  0.92  1.00  0.52  0.95  0.97  0.93 ]
[ 0.99  0.99  1.00  0.95  1.00  1.00  0.97  0.97  0.99  0.99  0.99  0.46 ]

01/29 09:39:36 PM | === Batch 7/7
01/29 09:39:37 PM | loss = 1.051 + 0.027 + 0.081 = 1.160
01/29 09:39:37 PM | attribution_score[0:12]: 
[ 0.99  0.94  0.31  0.12  0.17  0.15  0.13  0.13  0.12  0.14  0.13  0.87 ]
[ 0.93  0.24  0.84  0.13  0.86  0.24  0.76  0.13  0.71  0.95  0.90  0.46 ]
[ 0.99  0.95  0.15  0.96  0.12  0.97  0.82  0.66  0.15  0.18  0.15  0.99 ]
[ 0.23  0.67  0.94  0.80  0.49  0.89  0.71  0.96  0.53  0.70  0.51  0.91 ]
[ 0.71  0.44  0.99  0.41  0.90  0.41  0.16  0.21  0.90  0.68  0.75  0.63 ]
[ 0.72  0.76  0.21  0.16  0.15  0.29  0.47  0.32  0.27  0.34  0.12  0.56 ]
[ 0.74  0.21  0.89  0.36  0.63  0.42  0.49  0.76  0.81  0.88  0.96  0.16 ]
[ 0.12  0.13  0.13  0.12  0.36  0.13  0.45  0.12  0.75  0.13  0.19  0.46 ]
[ 0.44  0.68  0.12  0.67  0.29  0.12  0.17  0.19  0.78  0.20  0.69  0.81 ]
[ 0.55  0.17  0.13  0.12  0.78  0.70  0.16  0.12  0.90  0.13  0.25  0.32 ]
[ 0.22  0.95  0.93  0.56  0.76  0.90  0.93  0.85  0.96  0.86  0.99  0.91 ]
[ 0.95  1.00  0.91  0.97  0.97  0.87  0.94  1.00  0.46  0.94  0.98  0.94 ]
[ 1.00  1.00  1.00  0.96  1.00  1.00  0.97  0.97  0.99  0.99  0.99  0.40 ]

01/29 09:39:37 PM | ===
Best loss was 1.16 at iteration 7

01/29 09:39:37 PM | Looking for optimal threshold...
01/29 09:39:37 PM | Testing threshold 0.5
01/29 09:39:37 PM | Distance to target: 6,828,680
01/29 09:39:37 PM | Testing threshold 0.25
01/29 09:39:37 PM | Distance to target: 86,877,792
01/29 09:39:37 PM | Testing threshold 0.375
01/29 09:39:37 PM | Distance to target: 23,523,168
01/29 09:39:37 PM | Testing threshold 0.4375
01/29 09:39:37 PM | Distance to target: 8,019,176
01/29 09:39:37 PM | Testing threshold 0.46875
01/29 09:39:37 PM | Distance to target: 503,024
01/29 09:39:37 PM | Testing threshold 0.484375
01/29 09:39:37 PM | Distance to target: 2,755,600
01/29 09:39:37 PM | Testing threshold 0.4765625
01/29 09:39:37 PM | Distance to target: 1,157,864
01/29 09:39:37 PM | Testing threshold 0.47265625
01/29 09:39:37 PM | Distance to target: 416,936
01/29 09:39:37 PM | Testing threshold 0.470703125
01/29 09:39:37 PM | Distance to target: 225,480
01/29 09:39:37 PM | Testing threshold 0.4716796875
01/29 09:39:37 PM | Distance to target: 50,824
01/29 09:39:37 PM | Testing threshold 0.47216796875
01/29 09:39:37 PM | Distance to target: 363,640
01/29 09:39:37 PM | Testing threshold 0.471923828125
01/29 09:39:37 PM | Distance to target: 50,824
01/29 09:39:37 PM | Testing threshold 0.4720458984375
01/29 09:39:37 PM | Distance to target: 363,640
01/29 09:39:37 PM | Testing threshold 0.47198486328125
01/29 09:39:37 PM | Distance to target: 363,640
01/29 09:39:37 PM | Testing threshold 0.471954345703125
01/29 09:39:37 PM | Distance to target: 363,640
01/29 09:39:37 PM | Testing threshold 0.4719390869140625
01/29 09:39:37 PM | Distance to target: 50,824
01/29 09:39:37 PM | Testing threshold 0.47194671630859375
01/29 09:39:37 PM | Distance to target: 50,824
01/29 09:39:37 PM | Testing threshold 0.4719505310058594
01/29 09:39:37 PM | Distance to target: 50,824
01/29 09:39:37 PM | Testing threshold 0.4719524383544922
01/29 09:39:37 PM | Distance to target: 363,640
01/29 09:39:37 PM | Testing threshold 0.4719514846801758
01/29 09:39:37 PM | Distance to target: 50,824
01/29 09:39:37 PM | Testing threshold 0.471951961517334
01/29 09:39:37 PM | Distance to target: 50,824
01/29 09:39:37 PM | Testing threshold 0.4719521999359131
01/29 09:39:37 PM | Distance to target: 50,824
01/29 09:39:37 PM | Testing threshold 0.47195231914520264
01/29 09:39:37 PM | Distance to target: 363,640
01/29 09:39:37 PM | Testing threshold 0.47195225954055786
01/29 09:39:37 PM | Distance to target: 363,640
01/29 09:39:37 PM | Testing threshold 0.4719522297382355
01/29 09:39:37 PM | Distance to target: 363,640
01/29 09:39:37 PM | Testing threshold 0.4719522148370743
01/29 09:39:37 PM | Distance to target: 50,824
01/29 09:39:37 PM | Testing threshold 0.4719522222876549
01/29 09:39:37 PM | Distance to target: 50,824
01/29 09:39:37 PM | Testing threshold 0.4719522260129452
01/29 09:39:37 PM | Distance to target: 50,824
01/29 09:39:37 PM | Testing threshold 0.4719522278755903
01/29 09:39:37 PM | Distance to target: 50,824
01/29 09:39:37 PM | Testing threshold 0.4719522288069129
01/29 09:39:37 PM | Distance to target: 50,824
01/29 09:39:37 PM | Testing threshold 0.4719522292725742
01/29 09:39:37 PM | Distance to target: 50,824
01/29 09:39:37 PM | Testing threshold 0.47195222950540483
01/29 09:39:37 PM | Distance to target: 50,824
01/29 09:39:37 PM | Testing threshold 0.47195222962182015
01/29 09:39:37 PM | Distance to target: 50,824
01/29 09:39:37 PM | Testing threshold 0.4719522296800278
01/29 09:39:37 PM | Distance to target: 50,824
01/29 09:39:37 PM | Testing threshold 0.47195222970913164
01/29 09:39:37 PM | Distance to target: 50,824
01/29 09:39:37 PM | Testing threshold 0.47195222972368356
01/29 09:39:37 PM | Distance to target: 50,824
01/29 09:39:37 PM | Testing threshold 0.4719522297309595
01/29 09:39:37 PM | Distance to target: 50,824
01/29 09:39:37 PM | Testing threshold 0.4719522297345975
01/29 09:39:37 PM | Distance to target: 50,824
01/29 09:39:37 PM | Testing threshold 0.4719522297364165
01/29 09:39:37 PM | Distance to target: 50,824
01/29 09:39:37 PM | Testing threshold 0.471952229737326
01/29 09:39:37 PM | Distance to target: 50,824
01/29 09:39:37 PM | Testing threshold 0.4719522297377807
01/29 09:39:37 PM | Distance to target: 50,824
01/29 09:39:37 PM | Testing threshold 0.4719522297380081
01/29 09:39:37 PM | Distance to target: 50,824
01/29 09:39:37 PM | Testing threshold 0.4719522297381218
01/29 09:39:37 PM | Distance to target: 50,824
01/29 09:39:37 PM | Testing threshold 0.47195222973817863
01/29 09:39:37 PM | Distance to target: 50,824
01/29 09:39:37 PM | Testing threshold 0.47195222973820705
01/29 09:39:37 PM | Distance to target: 50,824
01/29 09:39:37 PM | Testing threshold 0.47195222973822126
01/29 09:39:37 PM | Distance to target: 50,824
01/29 09:39:37 PM | Testing threshold 0.47195222973822837
01/29 09:39:37 PM | Distance to target: 50,824
01/29 09:39:37 PM | Testing threshold 0.4719522297382319
01/29 09:39:37 PM | Distance to target: 50,824
01/29 09:39:37 PM | Testing threshold 0.4719522297382337
01/29 09:39:38 PM | Distance to target: 50,824
01/29 09:39:38 PM | Testing threshold 0.4719522297382346
01/29 09:39:38 PM | Distance to target: 50,824
01/29 09:39:39 PM | attribution_score[0:12]: 
[ 1.00  1.00  0.00  0.00  0.00  0.00  0.00  0.00  0.00  0.00  0.00  1.00 ]
[ 1.00  0.00  1.00  0.00  1.00  0.00  1.00  0.00  1.00  1.00  1.00  0.00 ]
[ 1.00  1.00  0.00  1.00  0.00  1.00  1.00  1.00  0.00  0.00  0.00  1.00 ]
[ 0.00  1.00  1.00  1.00  1.00  1.00  1.00  1.00  1.00  1.00  1.00  1.00 ]
[ 1.00  1.00  1.00  0.00  1.00  0.00  0.00  0.00  1.00  1.00  1.00  1.00 ]
[ 1.00  1.00  0.00  0.00  0.00  0.00  0.00  0.00  0.00  0.00  0.00  1.00 ]
[ 1.00  0.00  1.00  0.00  1.00  0.00  1.00  1.00  1.00  1.00  1.00  0.00 ]
[ 0.00  0.00  0.00  0.00  0.00  0.00  1.00  0.00  1.00  0.00  0.00  1.00 ]
[ 0.00  1.00  0.00  1.00  0.00  0.00  0.00  0.00  1.00  0.00  1.00  1.00 ]
[ 1.00  0.00  0.00  0.00  1.00  1.00  0.00  0.00  1.00  0.00  0.00  0.00 ]
[ 0.00  1.00  1.00  1.00  1.00  1.00  1.00  1.00  1.00  1.00  1.00  1.00 ]
[ 1.00  1.00  1.00  1.00  1.00  1.00  1.00  1.00  1.00  1.00  1.00  1.00 ]
[ 1.00  1.00  1.00  1.00  1.00  1.00  1.00  1.00  1.00  1.00  1.00  0.00 ]

01/29 09:39:39 PM | VGG(
  (features): Sequential(
    (conv0): Conv2d(3, 24, kernel_size=(3, 3), stride=(1, 1), padding=(1, 1))
    (norm0): BatchNorm2d(24, eps=1e-05, momentum=0.1, affine=True, track_running_stats=True)
    (relu0): ReLU(inplace=True)
    (conv1): Conv2d(24, 45, kernel_size=(3, 3), stride=(1, 1), padding=(1, 1))
    (norm1): BatchNorm2d(45, eps=1e-05, momentum=0.1, affine=True, track_running_stats=True)
    (relu1): ReLU(inplace=True)
    (pool2): MaxPool2d(kernel_size=2, stride=2, padding=0, dilation=1, ceil_mode=False)
    (conv3): Conv2d(45, 83, kernel_size=(3, 3), stride=(1, 1), padding=(1, 1))
    (norm3): BatchNorm2d(83, eps=1e-05, momentum=0.1, affine=True, track_running_stats=True)
    (relu3): ReLU(inplace=True)
    (conv4): Conv2d(83, 112, kernel_size=(3, 3), stride=(1, 1), padding=(1, 1))
    (norm4): BatchNorm2d(112, eps=1e-05, momentum=0.1, affine=True, track_running_stats=True)
    (relu4): ReLU(inplace=True)
    (pool5): MaxPool2d(kernel_size=2, stride=2, padding=0, dilation=1, ceil_mode=False)
    (conv6): Conv2d(112, 146, kernel_size=(3, 3), stride=(1, 1), padding=(1, 1))
    (norm6): BatchNorm2d(146, eps=1e-05, momentum=0.1, affine=True, track_running_stats=True)
    (relu6): ReLU(inplace=True)
    (conv7): Conv2d(146, 136, kernel_size=(3, 3), stride=(1, 1), padding=(1, 1))
    (norm7): BatchNorm2d(136, eps=1e-05, momentum=0.1, affine=True, track_running_stats=True)
    (relu7): ReLU(inplace=True)
    (conv8): Conv2d(136, 157, kernel_size=(3, 3), stride=(1, 1), padding=(1, 1))
    (norm8): BatchNorm2d(157, eps=1e-05, momentum=0.1, affine=True, track_running_stats=True)
    (relu8): ReLU(inplace=True)
    (pool9): MaxPool2d(kernel_size=2, stride=2, padding=0, dilation=1, ceil_mode=False)
    (conv10): Conv2d(157, 200, kernel_size=(3, 3), stride=(1, 1), padding=(1, 1))
    (norm10): BatchNorm2d(200, eps=1e-05, momentum=0.1, affine=True, track_running_stats=True)
    (relu10): ReLU(inplace=True)
    (conv11): Conv2d(200, 143, kernel_size=(3, 3), stride=(1, 1), padding=(1, 1))
    (norm11): BatchNorm2d(143, eps=1e-05, momentum=0.1, affine=True, track_running_stats=True)
    (relu11): ReLU(inplace=True)
    (conv12): Conv2d(143, 244, kernel_size=(3, 3), stride=(1, 1), padding=(1, 1))
    (norm12): BatchNorm2d(244, eps=1e-05, momentum=0.1, affine=True, track_running_stats=True)
    (relu12): ReLU(inplace=True)
    (pool13): MaxPool2d(kernel_size=2, stride=2, padding=0, dilation=1, ceil_mode=False)
    (conv14): Conv2d(244, 422, kernel_size=(3, 3), stride=(1, 1), padding=(1, 1))
    (norm14): BatchNorm2d(422, eps=1e-05, momentum=0.1, affine=True, track_running_stats=True)
    (relu14): ReLU(inplace=True)
    (conv15): Conv2d(422, 496, kernel_size=(3, 3), stride=(1, 1), padding=(1, 1))
    (norm15): BatchNorm2d(496, eps=1e-05, momentum=0.1, affine=True, track_running_stats=True)
    (relu15): ReLU(inplace=True)
    (conv16): Conv2d(496, 509, kernel_size=(3, 3), stride=(1, 1), padding=(1, 1))
    (norm16): BatchNorm2d(509, eps=1e-05, momentum=0.1, affine=True, track_running_stats=True)
    (relu16): ReLU(inplace=True)
  )
  (classifier): Sequential(
    (linear1): Linear(in_features=509, out_features=512, bias=True)
    (norm1): BatchNorm1d(512, eps=1e-05, momentum=0.1, affine=True, track_running_stats=True)
    (relu1): ReLU(inplace=True)
    (linear2): Linear(in_features=512, out_features=10, bias=True)
  )
)
01/29 09:39:40 PM | ----------------------------------------
01/29 09:39:40 PM | Performances input model:
01/29 09:39:40 PM |  - flops: 314,294,272
01/29 09:39:40 PM |  - params: 14,991,946
01/29 09:39:40 PM |  - accuracy: 93.95999908447266
01/29 09:39:40 PM | ----------------------------------------
01/29 09:39:40 PM | Performances pseudo-pruned model:
01/29 09:39:40 PM |  - flops: 314,294,272
01/29 09:39:40 PM |  - params: 14,991,946
01/29 09:39:40 PM |  - accuracy: 39.709999084472656
01/29 09:39:40 PM | ----------------------------------------
01/29 09:39:40 PM | Performances pruned model:
01/29 09:39:40 PM |  - flops: 108,548,116
01/29 09:39:40 PM |  - params: 6,857,836
01/29 09:39:40 PM |  - accuracy: 39.709999084472656
01/29 09:39:40 PM | ----------------------------------------
01/29 09:39:40 PM | Total time: 15.78s
