01/29 09:39:39 PM | args = Namespace(output_dir='result/rebuttal/nb_epoch/resnet56/nbbtchs6/seed_01', loaded_model_path='./checkpoints/cifar10/resnet_56.pt', resume=False, test_only=False, mode='prune', batch_size=64, nb_batches=6, Mflops_target=None, lr=0.6, momentum=0.9, beta=6, gamma=0.4, gpu='0', num_workers=4, dataset='cifar10', arch='resnet_56', save_plot=False, seed=1, lr_finetuning=0.02, epoch_finetuning=200, wd=0.002, data_dir='./data/cifar10/', print_freq=200, num_classes=10, device_ids=[0], device=device(type='cuda', index=0), name_base='')
01/29 09:39:50 PM | ----------------------------------------
01/29 09:39:50 PM | ==> Building model...
01/29 09:39:50 PM | ----------------------------------------
01/29 09:39:50 PM | ==> Loading weights into the model...
01/29 09:39:50 PM | ----------------------------------------
01/29 09:39:50 PM | ResNet(
  (conv1): Conv2d(3, 16, kernel_size=(3, 3), stride=(1, 1), padding=(1, 1), bias=False)
  (bn1): BatchNorm2d(16, eps=1e-05, momentum=0.1, affine=True, track_running_stats=True)
  (relu): ReLU(inplace=True)
  (layer1): Sequential(
    (0): BasicBlock(
      (conv1): Conv2d(16, 16, kernel_size=(3, 3), stride=(1, 1), padding=(1, 1), bias=False)
      (bn1): BatchNorm2d(16, eps=1e-05, momentum=0.1, affine=True, track_running_stats=True)
      (relu1): ReLU(inplace=True)
      (conv2): Conv2d(16, 16, kernel_size=(3, 3), stride=(1, 1), padding=(1, 1), bias=False)
      (bn2): BatchNorm2d(16, eps=1e-05, momentum=0.1, affine=True, track_running_stats=True)
      (relu2): ReLU(inplace=True)
      (shortcut): Sequential()
    )
    (1): BasicBlock(
      (conv1): Conv2d(16, 16, kernel_size=(3, 3), stride=(1, 1), padding=(1, 1), bias=False)
      (bn1): BatchNorm2d(16, eps=1e-05, momentum=0.1, affine=True, track_running_stats=True)
      (relu1): ReLU(inplace=True)
      (conv2): Conv2d(16, 16, kernel_size=(3, 3), stride=(1, 1), padding=(1, 1), bias=False)
      (bn2): BatchNorm2d(16, eps=1e-05, momentum=0.1, affine=True, track_running_stats=True)
      (relu2): ReLU(inplace=True)
      (shortcut): Sequential()
    )
    (2): BasicBlock(
      (conv1): Conv2d(16, 16, kernel_size=(3, 3), stride=(1, 1), padding=(1, 1), bias=False)
      (bn1): BatchNorm2d(16, eps=1e-05, momentum=0.1, affine=True, track_running_stats=True)
      (relu1): ReLU(inplace=True)
      (conv2): Conv2d(16, 16, kernel_size=(3, 3), stride=(1, 1), padding=(1, 1), bias=False)
      (bn2): BatchNorm2d(16, eps=1e-05, momentum=0.1, affine=True, track_running_stats=True)
      (relu2): ReLU(inplace=True)
      (shortcut): Sequential()
    )
    (3): BasicBlock(
      (conv1): Conv2d(16, 16, kernel_size=(3, 3), stride=(1, 1), padding=(1, 1), bias=False)
      (bn1): BatchNorm2d(16, eps=1e-05, momentum=0.1, affine=True, track_running_stats=True)
      (relu1): ReLU(inplace=True)
      (conv2): Conv2d(16, 16, kernel_size=(3, 3), stride=(1, 1), padding=(1, 1), bias=False)
      (bn2): BatchNorm2d(16, eps=1e-05, momentum=0.1, affine=True, track_running_stats=True)
      (relu2): ReLU(inplace=True)
      (shortcut): Sequential()
    )
    (4): BasicBlock(
      (conv1): Conv2d(16, 16, kernel_size=(3, 3), stride=(1, 1), padding=(1, 1), bias=False)
      (bn1): BatchNorm2d(16, eps=1e-05, momentum=0.1, affine=True, track_running_stats=True)
      (relu1): ReLU(inplace=True)
      (conv2): Conv2d(16, 16, kernel_size=(3, 3), stride=(1, 1), padding=(1, 1), bias=False)
      (bn2): BatchNorm2d(16, eps=1e-05, momentum=0.1, affine=True, track_running_stats=True)
      (relu2): ReLU(inplace=True)
      (shortcut): Sequential()
    )
    (5): BasicBlock(
      (conv1): Conv2d(16, 16, kernel_size=(3, 3), stride=(1, 1), padding=(1, 1), bias=False)
      (bn1): BatchNorm2d(16, eps=1e-05, momentum=0.1, affine=True, track_running_stats=True)
      (relu1): ReLU(inplace=True)
      (conv2): Conv2d(16, 16, kernel_size=(3, 3), stride=(1, 1), padding=(1, 1), bias=False)
      (bn2): BatchNorm2d(16, eps=1e-05, momentum=0.1, affine=True, track_running_stats=True)
      (relu2): ReLU(inplace=True)
      (shortcut): Sequential()
    )
    (6): BasicBlock(
      (conv1): Conv2d(16, 16, kernel_size=(3, 3), stride=(1, 1), padding=(1, 1), bias=False)
      (bn1): BatchNorm2d(16, eps=1e-05, momentum=0.1, affine=True, track_running_stats=True)
      (relu1): ReLU(inplace=True)
      (conv2): Conv2d(16, 16, kernel_size=(3, 3), stride=(1, 1), padding=(1, 1), bias=False)
      (bn2): BatchNorm2d(16, eps=1e-05, momentum=0.1, affine=True, track_running_stats=True)
      (relu2): ReLU(inplace=True)
      (shortcut): Sequential()
    )
    (7): BasicBlock(
      (conv1): Conv2d(16, 16, kernel_size=(3, 3), stride=(1, 1), padding=(1, 1), bias=False)
      (bn1): BatchNorm2d(16, eps=1e-05, momentum=0.1, affine=True, track_running_stats=True)
      (relu1): ReLU(inplace=True)
      (conv2): Conv2d(16, 16, kernel_size=(3, 3), stride=(1, 1), padding=(1, 1), bias=False)
      (bn2): BatchNorm2d(16, eps=1e-05, momentum=0.1, affine=True, track_running_stats=True)
      (relu2): ReLU(inplace=True)
      (shortcut): Sequential()
    )
    (8): BasicBlock(
      (conv1): Conv2d(16, 16, kernel_size=(3, 3), stride=(1, 1), padding=(1, 1), bias=False)
      (bn1): BatchNorm2d(16, eps=1e-05, momentum=0.1, affine=True, track_running_stats=True)
      (relu1): ReLU(inplace=True)
      (conv2): Conv2d(16, 16, kernel_size=(3, 3), stride=(1, 1), padding=(1, 1), bias=False)
      (bn2): BatchNorm2d(16, eps=1e-05, momentum=0.1, affine=True, track_running_stats=True)
      (relu2): ReLU(inplace=True)
      (shortcut): Sequential()
    )
  )
  (layer2): Sequential(
    (0): BasicBlock(
      (conv1): Conv2d(16, 32, kernel_size=(3, 3), stride=(2, 2), padding=(1, 1), bias=False)
      (bn1): BatchNorm2d(32, eps=1e-05, momentum=0.1, affine=True, track_running_stats=True)
      (relu1): ReLU(inplace=True)
      (conv2): Conv2d(32, 32, kernel_size=(3, 3), stride=(1, 1), padding=(1, 1), bias=False)
      (bn2): BatchNorm2d(32, eps=1e-05, momentum=0.1, affine=True, track_running_stats=True)
      (relu2): ReLU(inplace=True)
      (shortcut): LambdaLayer()
    )
    (1): BasicBlock(
      (conv1): Conv2d(32, 32, kernel_size=(3, 3), stride=(1, 1), padding=(1, 1), bias=False)
      (bn1): BatchNorm2d(32, eps=1e-05, momentum=0.1, affine=True, track_running_stats=True)
      (relu1): ReLU(inplace=True)
      (conv2): Conv2d(32, 32, kernel_size=(3, 3), stride=(1, 1), padding=(1, 1), bias=False)
      (bn2): BatchNorm2d(32, eps=1e-05, momentum=0.1, affine=True, track_running_stats=True)
      (relu2): ReLU(inplace=True)
      (shortcut): Sequential()
    )
    (2): BasicBlock(
      (conv1): Conv2d(32, 32, kernel_size=(3, 3), stride=(1, 1), padding=(1, 1), bias=False)
      (bn1): BatchNorm2d(32, eps=1e-05, momentum=0.1, affine=True, track_running_stats=True)
      (relu1): ReLU(inplace=True)
      (conv2): Conv2d(32, 32, kernel_size=(3, 3), stride=(1, 1), padding=(1, 1), bias=False)
      (bn2): BatchNorm2d(32, eps=1e-05, momentum=0.1, affine=True, track_running_stats=True)
      (relu2): ReLU(inplace=True)
      (shortcut): Sequential()
    )
    (3): BasicBlock(
      (conv1): Conv2d(32, 32, kernel_size=(3, 3), stride=(1, 1), padding=(1, 1), bias=False)
      (bn1): BatchNorm2d(32, eps=1e-05, momentum=0.1, affine=True, track_running_stats=True)
      (relu1): ReLU(inplace=True)
      (conv2): Conv2d(32, 32, kernel_size=(3, 3), stride=(1, 1), padding=(1, 1), bias=False)
      (bn2): BatchNorm2d(32, eps=1e-05, momentum=0.1, affine=True, track_running_stats=True)
      (relu2): ReLU(inplace=True)
      (shortcut): Sequential()
    )
    (4): BasicBlock(
      (conv1): Conv2d(32, 32, kernel_size=(3, 3), stride=(1, 1), padding=(1, 1), bias=False)
      (bn1): BatchNorm2d(32, eps=1e-05, momentum=0.1, affine=True, track_running_stats=True)
      (relu1): ReLU(inplace=True)
      (conv2): Conv2d(32, 32, kernel_size=(3, 3), stride=(1, 1), padding=(1, 1), bias=False)
      (bn2): BatchNorm2d(32, eps=1e-05, momentum=0.1, affine=True, track_running_stats=True)
      (relu2): ReLU(inplace=True)
      (shortcut): Sequential()
    )
    (5): BasicBlock(
      (conv1): Conv2d(32, 32, kernel_size=(3, 3), stride=(1, 1), padding=(1, 1), bias=False)
      (bn1): BatchNorm2d(32, eps=1e-05, momentum=0.1, affine=True, track_running_stats=True)
      (relu1): ReLU(inplace=True)
      (conv2): Conv2d(32, 32, kernel_size=(3, 3), stride=(1, 1), padding=(1, 1), bias=False)
      (bn2): BatchNorm2d(32, eps=1e-05, momentum=0.1, affine=True, track_running_stats=True)
      (relu2): ReLU(inplace=True)
      (shortcut): Sequential()
    )
    (6): BasicBlock(
      (conv1): Conv2d(32, 32, kernel_size=(3, 3), stride=(1, 1), padding=(1, 1), bias=False)
      (bn1): BatchNorm2d(32, eps=1e-05, momentum=0.1, affine=True, track_running_stats=True)
      (relu1): ReLU(inplace=True)
      (conv2): Conv2d(32, 32, kernel_size=(3, 3), stride=(1, 1), padding=(1, 1), bias=False)
      (bn2): BatchNorm2d(32, eps=1e-05, momentum=0.1, affine=True, track_running_stats=True)
      (relu2): ReLU(inplace=True)
      (shortcut): Sequential()
    )
    (7): BasicBlock(
      (conv1): Conv2d(32, 32, kernel_size=(3, 3), stride=(1, 1), padding=(1, 1), bias=False)
      (bn1): BatchNorm2d(32, eps=1e-05, momentum=0.1, affine=True, track_running_stats=True)
      (relu1): ReLU(inplace=True)
      (conv2): Conv2d(32, 32, kernel_size=(3, 3), stride=(1, 1), padding=(1, 1), bias=False)
      (bn2): BatchNorm2d(32, eps=1e-05, momentum=0.1, affine=True, track_running_stats=True)
      (relu2): ReLU(inplace=True)
      (shortcut): Sequential()
    )
    (8): BasicBlock(
      (conv1): Conv2d(32, 32, kernel_size=(3, 3), stride=(1, 1), padding=(1, 1), bias=False)
      (bn1): BatchNorm2d(32, eps=1e-05, momentum=0.1, affine=True, track_running_stats=True)
      (relu1): ReLU(inplace=True)
      (conv2): Conv2d(32, 32, kernel_size=(3, 3), stride=(1, 1), padding=(1, 1), bias=False)
      (bn2): BatchNorm2d(32, eps=1e-05, momentum=0.1, affine=True, track_running_stats=True)
      (relu2): ReLU(inplace=True)
      (shortcut): Sequential()
    )
  )
  (layer3): Sequential(
    (0): BasicBlock(
      (conv1): Conv2d(32, 64, kernel_size=(3, 3), stride=(2, 2), padding=(1, 1), bias=False)
      (bn1): BatchNorm2d(64, eps=1e-05, momentum=0.1, affine=True, track_running_stats=True)
      (relu1): ReLU(inplace=True)
      (conv2): Conv2d(64, 64, kernel_size=(3, 3), stride=(1, 1), padding=(1, 1), bias=False)
      (bn2): BatchNorm2d(64, eps=1e-05, momentum=0.1, affine=True, track_running_stats=True)
      (relu2): ReLU(inplace=True)
      (shortcut): LambdaLayer()
    )
    (1): BasicBlock(
      (conv1): Conv2d(64, 64, kernel_size=(3, 3), stride=(1, 1), padding=(1, 1), bias=False)
      (bn1): BatchNorm2d(64, eps=1e-05, momentum=0.1, affine=True, track_running_stats=True)
      (relu1): ReLU(inplace=True)
      (conv2): Conv2d(64, 64, kernel_size=(3, 3), stride=(1, 1), padding=(1, 1), bias=False)
      (bn2): BatchNorm2d(64, eps=1e-05, momentum=0.1, affine=True, track_running_stats=True)
      (relu2): ReLU(inplace=True)
      (shortcut): Sequential()
    )
    (2): BasicBlock(
      (conv1): Conv2d(64, 64, kernel_size=(3, 3), stride=(1, 1), padding=(1, 1), bias=False)
      (bn1): BatchNorm2d(64, eps=1e-05, momentum=0.1, affine=True, track_running_stats=True)
      (relu1): ReLU(inplace=True)
      (conv2): Conv2d(64, 64, kernel_size=(3, 3), stride=(1, 1), padding=(1, 1), bias=False)
      (bn2): BatchNorm2d(64, eps=1e-05, momentum=0.1, affine=True, track_running_stats=True)
      (relu2): ReLU(inplace=True)
      (shortcut): Sequential()
    )
    (3): BasicBlock(
      (conv1): Conv2d(64, 64, kernel_size=(3, 3), stride=(1, 1), padding=(1, 1), bias=False)
      (bn1): BatchNorm2d(64, eps=1e-05, momentum=0.1, affine=True, track_running_stats=True)
      (relu1): ReLU(inplace=True)
      (conv2): Conv2d(64, 64, kernel_size=(3, 3), stride=(1, 1), padding=(1, 1), bias=False)
      (bn2): BatchNorm2d(64, eps=1e-05, momentum=0.1, affine=True, track_running_stats=True)
      (relu2): ReLU(inplace=True)
      (shortcut): Sequential()
    )
    (4): BasicBlock(
      (conv1): Conv2d(64, 64, kernel_size=(3, 3), stride=(1, 1), padding=(1, 1), bias=False)
      (bn1): BatchNorm2d(64, eps=1e-05, momentum=0.1, affine=True, track_running_stats=True)
      (relu1): ReLU(inplace=True)
      (conv2): Conv2d(64, 64, kernel_size=(3, 3), stride=(1, 1), padding=(1, 1), bias=False)
      (bn2): BatchNorm2d(64, eps=1e-05, momentum=0.1, affine=True, track_running_stats=True)
      (relu2): ReLU(inplace=True)
      (shortcut): Sequential()
    )
    (5): BasicBlock(
      (conv1): Conv2d(64, 64, kernel_size=(3, 3), stride=(1, 1), padding=(1, 1), bias=False)
      (bn1): BatchNorm2d(64, eps=1e-05, momentum=0.1, affine=True, track_running_stats=True)
      (relu1): ReLU(inplace=True)
      (conv2): Conv2d(64, 64, kernel_size=(3, 3), stride=(1, 1), padding=(1, 1), bias=False)
      (bn2): BatchNorm2d(64, eps=1e-05, momentum=0.1, affine=True, track_running_stats=True)
      (relu2): ReLU(inplace=True)
      (shortcut): Sequential()
    )
    (6): BasicBlock(
      (conv1): Conv2d(64, 64, kernel_size=(3, 3), stride=(1, 1), padding=(1, 1), bias=False)
      (bn1): BatchNorm2d(64, eps=1e-05, momentum=0.1, affine=True, track_running_stats=True)
      (relu1): ReLU(inplace=True)
      (conv2): Conv2d(64, 64, kernel_size=(3, 3), stride=(1, 1), padding=(1, 1), bias=False)
      (bn2): BatchNorm2d(64, eps=1e-05, momentum=0.1, affine=True, track_running_stats=True)
      (relu2): ReLU(inplace=True)
      (shortcut): Sequential()
    )
    (7): BasicBlock(
      (conv1): Conv2d(64, 64, kernel_size=(3, 3), stride=(1, 1), padding=(1, 1), bias=False)
      (bn1): BatchNorm2d(64, eps=1e-05, momentum=0.1, affine=True, track_running_stats=True)
      (relu1): ReLU(inplace=True)
      (conv2): Conv2d(64, 64, kernel_size=(3, 3), stride=(1, 1), padding=(1, 1), bias=False)
      (bn2): BatchNorm2d(64, eps=1e-05, momentum=0.1, affine=True, track_running_stats=True)
      (relu2): ReLU(inplace=True)
      (shortcut): Sequential()
    )
    (8): BasicBlock(
      (conv1): Conv2d(64, 64, kernel_size=(3, 3), stride=(1, 1), padding=(1, 1), bias=False)
      (bn1): BatchNorm2d(64, eps=1e-05, momentum=0.1, affine=True, track_running_stats=True)
      (relu1): ReLU(inplace=True)
      (conv2): Conv2d(64, 64, kernel_size=(3, 3), stride=(1, 1), padding=(1, 1), bias=False)
      (bn2): BatchNorm2d(64, eps=1e-05, momentum=0.1, affine=True, track_running_stats=True)
      (relu2): ReLU(inplace=True)
      (shortcut): Sequential()
    )
  )
  (avgpool): AdaptiveAvgPool2d(output_size=(1, 1))
  (linear): Linear(in_features=64, out_features=10, bias=True)
)
01/29 09:39:52 PM | Save modules info...
01/29 09:39:52 PM | FLOPS pruning ratio is 0.56
01/29 09:39:52 PM | Pruning with information flow
01/29 09:39:52 PM | -----
01/29 09:39:52 PM | module: Conv2d(3, 16, kernel_size=(3, 3), stride=(1, 1), padding=(1, 1), bias=False)
01/29 09:39:52 PM | cin: None
01/29 09:39:52 PM | cout: None
01/29 09:39:52 PM | inactive
01/29 09:39:52 PM | -----
01/29 09:39:52 PM | module: BatchNorm2d(16, eps=1e-05, momentum=0.1, affine=True, track_running_stats=True)
01/29 09:39:52 PM | cin: None
01/29 09:39:52 PM | cout: None
01/29 09:39:52 PM | inactive
01/29 09:39:52 PM | -----
01/29 09:39:52 PM | module: ReLU(inplace=True)
01/29 09:39:52 PM | cin: None
01/29 09:39:52 PM | cout: None
01/29 09:39:52 PM | inactive
01/29 09:39:52 PM | -----
01/29 09:39:52 PM | module: Conv2d(16, 16, kernel_size=(3, 3), stride=(1, 1), padding=(1, 1), bias=False)
01/29 09:39:52 PM | cin: None
01/29 09:39:52 PM | cout: [1]
01/29 09:39:52 PM | inactive
01/29 09:39:52 PM | -----
01/29 09:39:52 PM | module: BatchNorm2d(16, eps=1e-05, momentum=0.1, affine=True, track_running_stats=True)
01/29 09:39:52 PM | cin: [1]
01/29 09:39:52 PM | cout: [1]
01/29 09:39:52 PM | inactive
01/29 09:39:52 PM | -----
01/29 09:39:52 PM | module: ReLU(inplace=True)
01/29 09:39:52 PM | cin: [1]
01/29 09:39:52 PM | cout: [1]
01/29 09:39:52 PM | active
01/29 09:39:52 PM | -----
01/29 09:39:52 PM | module: Conv2d(16, 16, kernel_size=(3, 3), stride=(1, 1), padding=(1, 1), bias=False)
01/29 09:39:52 PM | cin: [1]
01/29 09:39:52 PM | cout: [2]
01/29 09:39:52 PM | inactive
01/29 09:39:52 PM | -----
01/29 09:39:52 PM | module: BatchNorm2d(16, eps=1e-05, momentum=0.1, affine=True, track_running_stats=True)
01/29 09:39:52 PM | cin: [2]
01/29 09:39:52 PM | cout: [2]
01/29 09:39:52 PM | active
01/29 09:39:52 PM | -----
01/29 09:39:52 PM | module: ReLU(inplace=True)
01/29 09:39:52 PM | cin: None
01/29 09:39:52 PM | cout: None
01/29 09:39:52 PM | inactive
01/29 09:39:52 PM | -----
01/29 09:39:52 PM | module: Conv2d(16, 16, kernel_size=(3, 3), stride=(1, 1), padding=(1, 1), bias=False)
01/29 09:39:52 PM | cin: None
01/29 09:39:52 PM | cout: [3]
01/29 09:39:52 PM | inactive
01/29 09:39:52 PM | -----
01/29 09:39:52 PM | module: BatchNorm2d(16, eps=1e-05, momentum=0.1, affine=True, track_running_stats=True)
01/29 09:39:52 PM | cin: [3]
01/29 09:39:52 PM | cout: [3]
01/29 09:39:52 PM | inactive
01/29 09:39:52 PM | -----
01/29 09:39:52 PM | module: ReLU(inplace=True)
01/29 09:39:52 PM | cin: [3]
01/29 09:39:52 PM | cout: [3]
01/29 09:39:52 PM | active
01/29 09:39:52 PM | -----
01/29 09:39:52 PM | module: Conv2d(16, 16, kernel_size=(3, 3), stride=(1, 1), padding=(1, 1), bias=False)
01/29 09:39:52 PM | cin: [3]
01/29 09:39:52 PM | cout: [4]
01/29 09:39:52 PM | inactive
01/29 09:39:52 PM | -----
01/29 09:39:52 PM | module: BatchNorm2d(16, eps=1e-05, momentum=0.1, affine=True, track_running_stats=True)
01/29 09:39:52 PM | cin: [4]
01/29 09:39:52 PM | cout: [4]
01/29 09:39:52 PM | active
01/29 09:39:52 PM | -----
01/29 09:39:52 PM | module: ReLU(inplace=True)
01/29 09:39:52 PM | cin: None
01/29 09:39:52 PM | cout: None
01/29 09:39:52 PM | inactive
01/29 09:39:52 PM | -----
01/29 09:39:52 PM | module: Conv2d(16, 16, kernel_size=(3, 3), stride=(1, 1), padding=(1, 1), bias=False)
01/29 09:39:52 PM | cin: None
01/29 09:39:52 PM | cout: [5]
01/29 09:39:52 PM | inactive
01/29 09:39:52 PM | -----
01/29 09:39:52 PM | module: BatchNorm2d(16, eps=1e-05, momentum=0.1, affine=True, track_running_stats=True)
01/29 09:39:52 PM | cin: [5]
01/29 09:39:52 PM | cout: [5]
01/29 09:39:52 PM | inactive
01/29 09:39:52 PM | -----
01/29 09:39:52 PM | module: ReLU(inplace=True)
01/29 09:39:52 PM | cin: [5]
01/29 09:39:52 PM | cout: [5]
01/29 09:39:52 PM | active
01/29 09:39:52 PM | -----
01/29 09:39:52 PM | module: Conv2d(16, 16, kernel_size=(3, 3), stride=(1, 1), padding=(1, 1), bias=False)
01/29 09:39:52 PM | cin: [5]
01/29 09:39:52 PM | cout: [6]
01/29 09:39:52 PM | inactive
01/29 09:39:52 PM | -----
01/29 09:39:52 PM | module: BatchNorm2d(16, eps=1e-05, momentum=0.1, affine=True, track_running_stats=True)
01/29 09:39:52 PM | cin: [6]
01/29 09:39:52 PM | cout: [6]
01/29 09:39:52 PM | active
01/29 09:39:52 PM | -----
01/29 09:39:52 PM | module: ReLU(inplace=True)
01/29 09:39:52 PM | cin: None
01/29 09:39:52 PM | cout: None
01/29 09:39:52 PM | inactive
01/29 09:39:52 PM | -----
01/29 09:39:52 PM | module: Conv2d(16, 16, kernel_size=(3, 3), stride=(1, 1), padding=(1, 1), bias=False)
01/29 09:39:52 PM | cin: None
01/29 09:39:52 PM | cout: [7]
01/29 09:39:52 PM | inactive
01/29 09:39:52 PM | -----
01/29 09:39:52 PM | module: BatchNorm2d(16, eps=1e-05, momentum=0.1, affine=True, track_running_stats=True)
01/29 09:39:52 PM | cin: [7]
01/29 09:39:52 PM | cout: [7]
01/29 09:39:52 PM | inactive
01/29 09:39:52 PM | -----
01/29 09:39:52 PM | module: ReLU(inplace=True)
01/29 09:39:52 PM | cin: [7]
01/29 09:39:52 PM | cout: [7]
01/29 09:39:52 PM | active
01/29 09:39:52 PM | -----
01/29 09:39:52 PM | module: Conv2d(16, 16, kernel_size=(3, 3), stride=(1, 1), padding=(1, 1), bias=False)
01/29 09:39:52 PM | cin: [7]
01/29 09:39:52 PM | cout: [8]
01/29 09:39:52 PM | inactive
01/29 09:39:52 PM | -----
01/29 09:39:52 PM | module: BatchNorm2d(16, eps=1e-05, momentum=0.1, affine=True, track_running_stats=True)
01/29 09:39:52 PM | cin: [8]
01/29 09:39:52 PM | cout: [8]
01/29 09:39:52 PM | active
01/29 09:39:52 PM | -----
01/29 09:39:52 PM | module: ReLU(inplace=True)
01/29 09:39:52 PM | cin: None
01/29 09:39:52 PM | cout: None
01/29 09:39:52 PM | inactive
01/29 09:39:52 PM | -----
01/29 09:39:52 PM | module: Conv2d(16, 16, kernel_size=(3, 3), stride=(1, 1), padding=(1, 1), bias=False)
01/29 09:39:52 PM | cin: None
01/29 09:39:52 PM | cout: [9]
01/29 09:39:52 PM | inactive
01/29 09:39:52 PM | -----
01/29 09:39:52 PM | module: BatchNorm2d(16, eps=1e-05, momentum=0.1, affine=True, track_running_stats=True)
01/29 09:39:52 PM | cin: [9]
01/29 09:39:52 PM | cout: [9]
01/29 09:39:52 PM | inactive
01/29 09:39:52 PM | -----
01/29 09:39:52 PM | module: ReLU(inplace=True)
01/29 09:39:52 PM | cin: [9]
01/29 09:39:52 PM | cout: [9]
01/29 09:39:52 PM | active
01/29 09:39:52 PM | -----
01/29 09:39:52 PM | module: Conv2d(16, 16, kernel_size=(3, 3), stride=(1, 1), padding=(1, 1), bias=False)
01/29 09:39:52 PM | cin: [9]
01/29 09:39:52 PM | cout: [10]
01/29 09:39:52 PM | inactive
01/29 09:39:52 PM | -----
01/29 09:39:52 PM | module: BatchNorm2d(16, eps=1e-05, momentum=0.1, affine=True, track_running_stats=True)
01/29 09:39:52 PM | cin: [10]
01/29 09:39:52 PM | cout: [10]
01/29 09:39:52 PM | active
01/29 09:39:52 PM | -----
01/29 09:39:52 PM | module: ReLU(inplace=True)
01/29 09:39:52 PM | cin: None
01/29 09:39:52 PM | cout: None
01/29 09:39:52 PM | inactive
01/29 09:39:52 PM | -----
01/29 09:39:52 PM | module: Conv2d(16, 16, kernel_size=(3, 3), stride=(1, 1), padding=(1, 1), bias=False)
01/29 09:39:52 PM | cin: None
01/29 09:39:52 PM | cout: [11]
01/29 09:39:52 PM | inactive
01/29 09:39:52 PM | -----
01/29 09:39:52 PM | module: BatchNorm2d(16, eps=1e-05, momentum=0.1, affine=True, track_running_stats=True)
01/29 09:39:52 PM | cin: [11]
01/29 09:39:52 PM | cout: [11]
01/29 09:39:52 PM | inactive
01/29 09:39:52 PM | -----
01/29 09:39:52 PM | module: ReLU(inplace=True)
01/29 09:39:52 PM | cin: [11]
01/29 09:39:52 PM | cout: [11]
01/29 09:39:52 PM | active
01/29 09:39:52 PM | -----
01/29 09:39:52 PM | module: Conv2d(16, 16, kernel_size=(3, 3), stride=(1, 1), padding=(1, 1), bias=False)
01/29 09:39:52 PM | cin: [11]
01/29 09:39:52 PM | cout: [12]
01/29 09:39:52 PM | inactive
01/29 09:39:52 PM | -----
01/29 09:39:52 PM | module: BatchNorm2d(16, eps=1e-05, momentum=0.1, affine=True, track_running_stats=True)
01/29 09:39:52 PM | cin: [12]
01/29 09:39:52 PM | cout: [12]
01/29 09:39:52 PM | active
01/29 09:39:52 PM | -----
01/29 09:39:52 PM | module: ReLU(inplace=True)
01/29 09:39:52 PM | cin: None
01/29 09:39:52 PM | cout: None
01/29 09:39:52 PM | inactive
01/29 09:39:52 PM | -----
01/29 09:39:52 PM | module: Conv2d(16, 16, kernel_size=(3, 3), stride=(1, 1), padding=(1, 1), bias=False)
01/29 09:39:52 PM | cin: None
01/29 09:39:52 PM | cout: [13]
01/29 09:39:52 PM | inactive
01/29 09:39:52 PM | -----
01/29 09:39:52 PM | module: BatchNorm2d(16, eps=1e-05, momentum=0.1, affine=True, track_running_stats=True)
01/29 09:39:52 PM | cin: [13]
01/29 09:39:52 PM | cout: [13]
01/29 09:39:52 PM | inactive
01/29 09:39:52 PM | -----
01/29 09:39:52 PM | module: ReLU(inplace=True)
01/29 09:39:52 PM | cin: [13]
01/29 09:39:52 PM | cout: [13]
01/29 09:39:52 PM | active
01/29 09:39:52 PM | -----
01/29 09:39:52 PM | module: Conv2d(16, 16, kernel_size=(3, 3), stride=(1, 1), padding=(1, 1), bias=False)
01/29 09:39:52 PM | cin: [13]
01/29 09:39:52 PM | cout: [14]
01/29 09:39:52 PM | inactive
01/29 09:39:52 PM | -----
01/29 09:39:52 PM | module: BatchNorm2d(16, eps=1e-05, momentum=0.1, affine=True, track_running_stats=True)
01/29 09:39:52 PM | cin: [14]
01/29 09:39:52 PM | cout: [14]
01/29 09:39:52 PM | active
01/29 09:39:52 PM | -----
01/29 09:39:52 PM | module: ReLU(inplace=True)
01/29 09:39:52 PM | cin: None
01/29 09:39:52 PM | cout: None
01/29 09:39:52 PM | inactive
01/29 09:39:52 PM | -----
01/29 09:39:52 PM | module: Conv2d(16, 16, kernel_size=(3, 3), stride=(1, 1), padding=(1, 1), bias=False)
01/29 09:39:52 PM | cin: None
01/29 09:39:52 PM | cout: [15]
01/29 09:39:52 PM | inactive
01/29 09:39:52 PM | -----
01/29 09:39:52 PM | module: BatchNorm2d(16, eps=1e-05, momentum=0.1, affine=True, track_running_stats=True)
01/29 09:39:52 PM | cin: [15]
01/29 09:39:52 PM | cout: [15]
01/29 09:39:52 PM | inactive
01/29 09:39:52 PM | -----
01/29 09:39:52 PM | module: ReLU(inplace=True)
01/29 09:39:52 PM | cin: [15]
01/29 09:39:52 PM | cout: [15]
01/29 09:39:52 PM | active
01/29 09:39:52 PM | -----
01/29 09:39:52 PM | module: Conv2d(16, 16, kernel_size=(3, 3), stride=(1, 1), padding=(1, 1), bias=False)
01/29 09:39:52 PM | cin: [15]
01/29 09:39:52 PM | cout: [16]
01/29 09:39:52 PM | inactive
01/29 09:39:52 PM | -----
01/29 09:39:52 PM | module: BatchNorm2d(16, eps=1e-05, momentum=0.1, affine=True, track_running_stats=True)
01/29 09:39:52 PM | cin: [16]
01/29 09:39:52 PM | cout: [16]
01/29 09:39:52 PM | active
01/29 09:39:52 PM | -----
01/29 09:39:52 PM | module: ReLU(inplace=True)
01/29 09:39:52 PM | cin: None
01/29 09:39:52 PM | cout: None
01/29 09:39:52 PM | inactive
01/29 09:39:52 PM | -----
01/29 09:39:52 PM | module: Conv2d(16, 16, kernel_size=(3, 3), stride=(1, 1), padding=(1, 1), bias=False)
01/29 09:39:52 PM | cin: None
01/29 09:39:52 PM | cout: [17]
01/29 09:39:52 PM | inactive
01/29 09:39:52 PM | -----
01/29 09:39:52 PM | module: BatchNorm2d(16, eps=1e-05, momentum=0.1, affine=True, track_running_stats=True)
01/29 09:39:52 PM | cin: [17]
01/29 09:39:52 PM | cout: [17]
01/29 09:39:52 PM | inactive
01/29 09:39:52 PM | -----
01/29 09:39:52 PM | module: ReLU(inplace=True)
01/29 09:39:52 PM | cin: [17]
01/29 09:39:52 PM | cout: [17]
01/29 09:39:52 PM | active
01/29 09:39:52 PM | -----
01/29 09:39:52 PM | module: Conv2d(16, 16, kernel_size=(3, 3), stride=(1, 1), padding=(1, 1), bias=False)
01/29 09:39:52 PM | cin: [17]
01/29 09:39:52 PM | cout: [18]
01/29 09:39:52 PM | inactive
01/29 09:39:52 PM | -----
01/29 09:39:52 PM | module: BatchNorm2d(16, eps=1e-05, momentum=0.1, affine=True, track_running_stats=True)
01/29 09:39:52 PM | cin: [18]
01/29 09:39:52 PM | cout: [18]
01/29 09:39:52 PM | active
01/29 09:39:52 PM | -----
01/29 09:39:52 PM | module: ReLU(inplace=True)
01/29 09:39:52 PM | cin: None
01/29 09:39:52 PM | cout: None
01/29 09:39:52 PM | inactive
01/29 09:39:52 PM | -----
01/29 09:39:52 PM | module: Conv2d(16, 32, kernel_size=(3, 3), stride=(2, 2), padding=(1, 1), bias=False)
01/29 09:39:52 PM | cin: None
01/29 09:39:52 PM | cout: [19]
01/29 09:39:52 PM | inactive
01/29 09:39:52 PM | -----
01/29 09:39:52 PM | module: BatchNorm2d(32, eps=1e-05, momentum=0.1, affine=True, track_running_stats=True)
01/29 09:39:52 PM | cin: [19]
01/29 09:39:52 PM | cout: [19]
01/29 09:39:52 PM | inactive
01/29 09:39:52 PM | -----
01/29 09:39:52 PM | module: ReLU(inplace=True)
01/29 09:39:52 PM | cin: [19]
01/29 09:39:52 PM | cout: [19]
01/29 09:39:52 PM | active
01/29 09:39:52 PM | -----
01/29 09:39:52 PM | module: Conv2d(32, 32, kernel_size=(3, 3), stride=(1, 1), padding=(1, 1), bias=False)
01/29 09:39:52 PM | cin: [19]
01/29 09:39:52 PM | cout: [20]
01/29 09:39:52 PM | inactive
01/29 09:39:52 PM | -----
01/29 09:39:52 PM | module: BatchNorm2d(32, eps=1e-05, momentum=0.1, affine=True, track_running_stats=True)
01/29 09:39:52 PM | cin: [20]
01/29 09:39:52 PM | cout: [20]
01/29 09:39:52 PM | active
01/29 09:39:52 PM | -----
01/29 09:39:52 PM | module: ReLU(inplace=True)
01/29 09:39:52 PM | cin: None
01/29 09:39:52 PM | cout: None
01/29 09:39:52 PM | inactive
01/29 09:39:52 PM | -----
01/29 09:39:52 PM | module: Conv2d(32, 32, kernel_size=(3, 3), stride=(1, 1), padding=(1, 1), bias=False)
01/29 09:39:52 PM | cin: None
01/29 09:39:52 PM | cout: [21]
01/29 09:39:52 PM | inactive
01/29 09:39:52 PM | -----
01/29 09:39:52 PM | module: BatchNorm2d(32, eps=1e-05, momentum=0.1, affine=True, track_running_stats=True)
01/29 09:39:52 PM | cin: [21]
01/29 09:39:52 PM | cout: [21]
01/29 09:39:52 PM | inactive
01/29 09:39:52 PM | -----
01/29 09:39:52 PM | module: ReLU(inplace=True)
01/29 09:39:52 PM | cin: [21]
01/29 09:39:52 PM | cout: [21]
01/29 09:39:52 PM | active
01/29 09:39:52 PM | -----
01/29 09:39:52 PM | module: Conv2d(32, 32, kernel_size=(3, 3), stride=(1, 1), padding=(1, 1), bias=False)
01/29 09:39:52 PM | cin: [21]
01/29 09:39:52 PM | cout: [22]
01/29 09:39:52 PM | inactive
01/29 09:39:52 PM | -----
01/29 09:39:52 PM | module: BatchNorm2d(32, eps=1e-05, momentum=0.1, affine=True, track_running_stats=True)
01/29 09:39:52 PM | cin: [22]
01/29 09:39:52 PM | cout: [22]
01/29 09:39:52 PM | active
01/29 09:39:52 PM | -----
01/29 09:39:52 PM | module: ReLU(inplace=True)
01/29 09:39:52 PM | cin: None
01/29 09:39:52 PM | cout: None
01/29 09:39:52 PM | inactive
01/29 09:39:52 PM | -----
01/29 09:39:52 PM | module: Conv2d(32, 32, kernel_size=(3, 3), stride=(1, 1), padding=(1, 1), bias=False)
01/29 09:39:52 PM | cin: None
01/29 09:39:52 PM | cout: [23]
01/29 09:39:52 PM | inactive
01/29 09:39:52 PM | -----
01/29 09:39:52 PM | module: BatchNorm2d(32, eps=1e-05, momentum=0.1, affine=True, track_running_stats=True)
01/29 09:39:52 PM | cin: [23]
01/29 09:39:52 PM | cout: [23]
01/29 09:39:52 PM | inactive
01/29 09:39:52 PM | -----
01/29 09:39:52 PM | module: ReLU(inplace=True)
01/29 09:39:52 PM | cin: [23]
01/29 09:39:52 PM | cout: [23]
01/29 09:39:52 PM | active
01/29 09:39:52 PM | -----
01/29 09:39:52 PM | module: Conv2d(32, 32, kernel_size=(3, 3), stride=(1, 1), padding=(1, 1), bias=False)
01/29 09:39:52 PM | cin: [23]
01/29 09:39:52 PM | cout: [24]
01/29 09:39:52 PM | inactive
01/29 09:39:52 PM | -----
01/29 09:39:52 PM | module: BatchNorm2d(32, eps=1e-05, momentum=0.1, affine=True, track_running_stats=True)
01/29 09:39:52 PM | cin: [24]
01/29 09:39:52 PM | cout: [24]
01/29 09:39:52 PM | active
01/29 09:39:52 PM | -----
01/29 09:39:52 PM | module: ReLU(inplace=True)
01/29 09:39:52 PM | cin: None
01/29 09:39:52 PM | cout: None
01/29 09:39:52 PM | inactive
01/29 09:39:52 PM | -----
01/29 09:39:52 PM | module: Conv2d(32, 32, kernel_size=(3, 3), stride=(1, 1), padding=(1, 1), bias=False)
01/29 09:39:52 PM | cin: None
01/29 09:39:52 PM | cout: [25]
01/29 09:39:52 PM | inactive
01/29 09:39:52 PM | -----
01/29 09:39:52 PM | module: BatchNorm2d(32, eps=1e-05, momentum=0.1, affine=True, track_running_stats=True)
01/29 09:39:52 PM | cin: [25]
01/29 09:39:52 PM | cout: [25]
01/29 09:39:52 PM | inactive
01/29 09:39:52 PM | -----
01/29 09:39:52 PM | module: ReLU(inplace=True)
01/29 09:39:52 PM | cin: [25]
01/29 09:39:52 PM | cout: [25]
01/29 09:39:52 PM | active
01/29 09:39:52 PM | -----
01/29 09:39:52 PM | module: Conv2d(32, 32, kernel_size=(3, 3), stride=(1, 1), padding=(1, 1), bias=False)
01/29 09:39:52 PM | cin: [25]
01/29 09:39:52 PM | cout: [26]
01/29 09:39:52 PM | inactive
01/29 09:39:52 PM | -----
01/29 09:39:52 PM | module: BatchNorm2d(32, eps=1e-05, momentum=0.1, affine=True, track_running_stats=True)
01/29 09:39:52 PM | cin: [26]
01/29 09:39:52 PM | cout: [26]
01/29 09:39:52 PM | active
01/29 09:39:52 PM | -----
01/29 09:39:52 PM | module: ReLU(inplace=True)
01/29 09:39:52 PM | cin: None
01/29 09:39:52 PM | cout: None
01/29 09:39:52 PM | inactive
01/29 09:39:52 PM | -----
01/29 09:39:52 PM | module: Conv2d(32, 32, kernel_size=(3, 3), stride=(1, 1), padding=(1, 1), bias=False)
01/29 09:39:52 PM | cin: None
01/29 09:39:52 PM | cout: [27]
01/29 09:39:52 PM | inactive
01/29 09:39:52 PM | -----
01/29 09:39:52 PM | module: BatchNorm2d(32, eps=1e-05, momentum=0.1, affine=True, track_running_stats=True)
01/29 09:39:52 PM | cin: [27]
01/29 09:39:52 PM | cout: [27]
01/29 09:39:52 PM | inactive
01/29 09:39:52 PM | -----
01/29 09:39:52 PM | module: ReLU(inplace=True)
01/29 09:39:52 PM | cin: [27]
01/29 09:39:52 PM | cout: [27]
01/29 09:39:52 PM | active
01/29 09:39:52 PM | -----
01/29 09:39:52 PM | module: Conv2d(32, 32, kernel_size=(3, 3), stride=(1, 1), padding=(1, 1), bias=False)
01/29 09:39:52 PM | cin: [27]
01/29 09:39:52 PM | cout: [28]
01/29 09:39:52 PM | inactive
01/29 09:39:52 PM | -----
01/29 09:39:52 PM | module: BatchNorm2d(32, eps=1e-05, momentum=0.1, affine=True, track_running_stats=True)
01/29 09:39:52 PM | cin: [28]
01/29 09:39:52 PM | cout: [28]
01/29 09:39:52 PM | active
01/29 09:39:52 PM | -----
01/29 09:39:52 PM | module: ReLU(inplace=True)
01/29 09:39:52 PM | cin: None
01/29 09:39:52 PM | cout: None
01/29 09:39:52 PM | inactive
01/29 09:39:52 PM | -----
01/29 09:39:52 PM | module: Conv2d(32, 32, kernel_size=(3, 3), stride=(1, 1), padding=(1, 1), bias=False)
01/29 09:39:52 PM | cin: None
01/29 09:39:52 PM | cout: [29]
01/29 09:39:52 PM | inactive
01/29 09:39:52 PM | -----
01/29 09:39:52 PM | module: BatchNorm2d(32, eps=1e-05, momentum=0.1, affine=True, track_running_stats=True)
01/29 09:39:52 PM | cin: [29]
01/29 09:39:52 PM | cout: [29]
01/29 09:39:52 PM | inactive
01/29 09:39:52 PM | -----
01/29 09:39:52 PM | module: ReLU(inplace=True)
01/29 09:39:52 PM | cin: [29]
01/29 09:39:52 PM | cout: [29]
01/29 09:39:52 PM | active
01/29 09:39:52 PM | -----
01/29 09:39:52 PM | module: Conv2d(32, 32, kernel_size=(3, 3), stride=(1, 1), padding=(1, 1), bias=False)
01/29 09:39:52 PM | cin: [29]
01/29 09:39:52 PM | cout: [30]
01/29 09:39:52 PM | inactive
01/29 09:39:52 PM | -----
01/29 09:39:52 PM | module: BatchNorm2d(32, eps=1e-05, momentum=0.1, affine=True, track_running_stats=True)
01/29 09:39:52 PM | cin: [30]
01/29 09:39:52 PM | cout: [30]
01/29 09:39:52 PM | active
01/29 09:39:52 PM | -----
01/29 09:39:52 PM | module: ReLU(inplace=True)
01/29 09:39:52 PM | cin: None
01/29 09:39:52 PM | cout: None
01/29 09:39:52 PM | inactive
01/29 09:39:52 PM | -----
01/29 09:39:52 PM | module: Conv2d(32, 32, kernel_size=(3, 3), stride=(1, 1), padding=(1, 1), bias=False)
01/29 09:39:52 PM | cin: None
01/29 09:39:52 PM | cout: [31]
01/29 09:39:52 PM | inactive
01/29 09:39:52 PM | -----
01/29 09:39:52 PM | module: BatchNorm2d(32, eps=1e-05, momentum=0.1, affine=True, track_running_stats=True)
01/29 09:39:52 PM | cin: [31]
01/29 09:39:52 PM | cout: [31]
01/29 09:39:52 PM | inactive
01/29 09:39:52 PM | -----
01/29 09:39:52 PM | module: ReLU(inplace=True)
01/29 09:39:52 PM | cin: [31]
01/29 09:39:52 PM | cout: [31]
01/29 09:39:52 PM | active
01/29 09:39:52 PM | -----
01/29 09:39:52 PM | module: Conv2d(32, 32, kernel_size=(3, 3), stride=(1, 1), padding=(1, 1), bias=False)
01/29 09:39:52 PM | cin: [31]
01/29 09:39:52 PM | cout: [32]
01/29 09:39:52 PM | inactive
01/29 09:39:52 PM | -----
01/29 09:39:52 PM | module: BatchNorm2d(32, eps=1e-05, momentum=0.1, affine=True, track_running_stats=True)
01/29 09:39:52 PM | cin: [32]
01/29 09:39:52 PM | cout: [32]
01/29 09:39:52 PM | active
01/29 09:39:52 PM | -----
01/29 09:39:52 PM | module: ReLU(inplace=True)
01/29 09:39:52 PM | cin: None
01/29 09:39:52 PM | cout: None
01/29 09:39:52 PM | inactive
01/29 09:39:52 PM | -----
01/29 09:39:52 PM | module: Conv2d(32, 32, kernel_size=(3, 3), stride=(1, 1), padding=(1, 1), bias=False)
01/29 09:39:52 PM | cin: None
01/29 09:39:52 PM | cout: [33]
01/29 09:39:52 PM | inactive
01/29 09:39:52 PM | -----
01/29 09:39:52 PM | module: BatchNorm2d(32, eps=1e-05, momentum=0.1, affine=True, track_running_stats=True)
01/29 09:39:52 PM | cin: [33]
01/29 09:39:52 PM | cout: [33]
01/29 09:39:52 PM | inactive
01/29 09:39:52 PM | -----
01/29 09:39:52 PM | module: ReLU(inplace=True)
01/29 09:39:52 PM | cin: [33]
01/29 09:39:52 PM | cout: [33]
01/29 09:39:52 PM | active
01/29 09:39:52 PM | -----
01/29 09:39:52 PM | module: Conv2d(32, 32, kernel_size=(3, 3), stride=(1, 1), padding=(1, 1), bias=False)
01/29 09:39:52 PM | cin: [33]
01/29 09:39:52 PM | cout: [34]
01/29 09:39:52 PM | inactive
01/29 09:39:52 PM | -----
01/29 09:39:52 PM | module: BatchNorm2d(32, eps=1e-05, momentum=0.1, affine=True, track_running_stats=True)
01/29 09:39:52 PM | cin: [34]
01/29 09:39:52 PM | cout: [34]
01/29 09:39:52 PM | active
01/29 09:39:52 PM | -----
01/29 09:39:52 PM | module: ReLU(inplace=True)
01/29 09:39:52 PM | cin: None
01/29 09:39:52 PM | cout: None
01/29 09:39:52 PM | inactive
01/29 09:39:52 PM | -----
01/29 09:39:52 PM | module: Conv2d(32, 32, kernel_size=(3, 3), stride=(1, 1), padding=(1, 1), bias=False)
01/29 09:39:52 PM | cin: None
01/29 09:39:52 PM | cout: [35]
01/29 09:39:52 PM | inactive
01/29 09:39:52 PM | -----
01/29 09:39:52 PM | module: BatchNorm2d(32, eps=1e-05, momentum=0.1, affine=True, track_running_stats=True)
01/29 09:39:52 PM | cin: [35]
01/29 09:39:52 PM | cout: [35]
01/29 09:39:52 PM | inactive
01/29 09:39:52 PM | -----
01/29 09:39:52 PM | module: ReLU(inplace=True)
01/29 09:39:52 PM | cin: [35]
01/29 09:39:52 PM | cout: [35]
01/29 09:39:52 PM | active
01/29 09:39:52 PM | -----
01/29 09:39:52 PM | module: Conv2d(32, 32, kernel_size=(3, 3), stride=(1, 1), padding=(1, 1), bias=False)
01/29 09:39:52 PM | cin: [35]
01/29 09:39:52 PM | cout: [36]
01/29 09:39:52 PM | inactive
01/29 09:39:52 PM | -----
01/29 09:39:52 PM | module: BatchNorm2d(32, eps=1e-05, momentum=0.1, affine=True, track_running_stats=True)
01/29 09:39:52 PM | cin: [36]
01/29 09:39:52 PM | cout: [36]
01/29 09:39:52 PM | active
01/29 09:39:52 PM | -----
01/29 09:39:52 PM | module: ReLU(inplace=True)
01/29 09:39:52 PM | cin: None
01/29 09:39:52 PM | cout: None
01/29 09:39:52 PM | inactive
01/29 09:39:52 PM | -----
01/29 09:39:52 PM | module: Conv2d(32, 64, kernel_size=(3, 3), stride=(2, 2), padding=(1, 1), bias=False)
01/29 09:39:52 PM | cin: None
01/29 09:39:52 PM | cout: [37]
01/29 09:39:52 PM | inactive
01/29 09:39:52 PM | -----
01/29 09:39:52 PM | module: BatchNorm2d(64, eps=1e-05, momentum=0.1, affine=True, track_running_stats=True)
01/29 09:39:52 PM | cin: [37]
01/29 09:39:52 PM | cout: [37]
01/29 09:39:52 PM | inactive
01/29 09:39:52 PM | -----
01/29 09:39:52 PM | module: ReLU(inplace=True)
01/29 09:39:52 PM | cin: [37]
01/29 09:39:52 PM | cout: [37]
01/29 09:39:52 PM | active
01/29 09:39:52 PM | -----
01/29 09:39:52 PM | module: Conv2d(64, 64, kernel_size=(3, 3), stride=(1, 1), padding=(1, 1), bias=False)
01/29 09:39:52 PM | cin: [37]
01/29 09:39:52 PM | cout: [38]
01/29 09:39:52 PM | inactive
01/29 09:39:52 PM | -----
01/29 09:39:52 PM | module: BatchNorm2d(64, eps=1e-05, momentum=0.1, affine=True, track_running_stats=True)
01/29 09:39:52 PM | cin: [38]
01/29 09:39:52 PM | cout: [38]
01/29 09:39:52 PM | active
01/29 09:39:52 PM | -----
01/29 09:39:52 PM | module: ReLU(inplace=True)
01/29 09:39:52 PM | cin: None
01/29 09:39:52 PM | cout: None
01/29 09:39:52 PM | inactive
01/29 09:39:52 PM | -----
01/29 09:39:52 PM | module: Conv2d(64, 64, kernel_size=(3, 3), stride=(1, 1), padding=(1, 1), bias=False)
01/29 09:39:52 PM | cin: None
01/29 09:39:52 PM | cout: [39]
01/29 09:39:52 PM | inactive
01/29 09:39:52 PM | -----
01/29 09:39:52 PM | module: BatchNorm2d(64, eps=1e-05, momentum=0.1, affine=True, track_running_stats=True)
01/29 09:39:52 PM | cin: [39]
01/29 09:39:52 PM | cout: [39]
01/29 09:39:52 PM | inactive
01/29 09:39:52 PM | -----
01/29 09:39:52 PM | module: ReLU(inplace=True)
01/29 09:39:52 PM | cin: [39]
01/29 09:39:52 PM | cout: [39]
01/29 09:39:52 PM | active
01/29 09:39:52 PM | -----
01/29 09:39:52 PM | module: Conv2d(64, 64, kernel_size=(3, 3), stride=(1, 1), padding=(1, 1), bias=False)
01/29 09:39:52 PM | cin: [39]
01/29 09:39:52 PM | cout: [40]
01/29 09:39:52 PM | inactive
01/29 09:39:52 PM | -----
01/29 09:39:52 PM | module: BatchNorm2d(64, eps=1e-05, momentum=0.1, affine=True, track_running_stats=True)
01/29 09:39:52 PM | cin: [40]
01/29 09:39:52 PM | cout: [40]
01/29 09:39:52 PM | active
01/29 09:39:52 PM | -----
01/29 09:39:52 PM | module: ReLU(inplace=True)
01/29 09:39:52 PM | cin: None
01/29 09:39:52 PM | cout: None
01/29 09:39:52 PM | inactive
01/29 09:39:52 PM | -----
01/29 09:39:52 PM | module: Conv2d(64, 64, kernel_size=(3, 3), stride=(1, 1), padding=(1, 1), bias=False)
01/29 09:39:52 PM | cin: None
01/29 09:39:52 PM | cout: [41]
01/29 09:39:52 PM | inactive
01/29 09:39:52 PM | -----
01/29 09:39:52 PM | module: BatchNorm2d(64, eps=1e-05, momentum=0.1, affine=True, track_running_stats=True)
01/29 09:39:52 PM | cin: [41]
01/29 09:39:52 PM | cout: [41]
01/29 09:39:52 PM | inactive
01/29 09:39:52 PM | -----
01/29 09:39:52 PM | module: ReLU(inplace=True)
01/29 09:39:52 PM | cin: [41]
01/29 09:39:52 PM | cout: [41]
01/29 09:39:52 PM | active
01/29 09:39:52 PM | -----
01/29 09:39:52 PM | module: Conv2d(64, 64, kernel_size=(3, 3), stride=(1, 1), padding=(1, 1), bias=False)
01/29 09:39:52 PM | cin: [41]
01/29 09:39:52 PM | cout: [42]
01/29 09:39:52 PM | inactive
01/29 09:39:52 PM | -----
01/29 09:39:52 PM | module: BatchNorm2d(64, eps=1e-05, momentum=0.1, affine=True, track_running_stats=True)
01/29 09:39:52 PM | cin: [42]
01/29 09:39:52 PM | cout: [42]
01/29 09:39:52 PM | active
01/29 09:39:52 PM | -----
01/29 09:39:52 PM | module: ReLU(inplace=True)
01/29 09:39:52 PM | cin: None
01/29 09:39:52 PM | cout: None
01/29 09:39:52 PM | inactive
01/29 09:39:52 PM | -----
01/29 09:39:52 PM | module: Conv2d(64, 64, kernel_size=(3, 3), stride=(1, 1), padding=(1, 1), bias=False)
01/29 09:39:52 PM | cin: None
01/29 09:39:52 PM | cout: [43]
01/29 09:39:52 PM | inactive
01/29 09:39:52 PM | -----
01/29 09:39:52 PM | module: BatchNorm2d(64, eps=1e-05, momentum=0.1, affine=True, track_running_stats=True)
01/29 09:39:52 PM | cin: [43]
01/29 09:39:52 PM | cout: [43]
01/29 09:39:52 PM | inactive
01/29 09:39:52 PM | -----
01/29 09:39:52 PM | module: ReLU(inplace=True)
01/29 09:39:52 PM | cin: [43]
01/29 09:39:52 PM | cout: [43]
01/29 09:39:52 PM | active
01/29 09:39:52 PM | -----
01/29 09:39:52 PM | module: Conv2d(64, 64, kernel_size=(3, 3), stride=(1, 1), padding=(1, 1), bias=False)
01/29 09:39:52 PM | cin: [43]
01/29 09:39:52 PM | cout: [44]
01/29 09:39:52 PM | inactive
01/29 09:39:52 PM | -----
01/29 09:39:52 PM | module: BatchNorm2d(64, eps=1e-05, momentum=0.1, affine=True, track_running_stats=True)
01/29 09:39:52 PM | cin: [44]
01/29 09:39:52 PM | cout: [44]
01/29 09:39:52 PM | active
01/29 09:39:52 PM | -----
01/29 09:39:52 PM | module: ReLU(inplace=True)
01/29 09:39:52 PM | cin: None
01/29 09:39:52 PM | cout: None
01/29 09:39:52 PM | inactive
01/29 09:39:52 PM | -----
01/29 09:39:52 PM | module: Conv2d(64, 64, kernel_size=(3, 3), stride=(1, 1), padding=(1, 1), bias=False)
01/29 09:39:52 PM | cin: None
01/29 09:39:52 PM | cout: [45]
01/29 09:39:52 PM | inactive
01/29 09:39:52 PM | -----
01/29 09:39:52 PM | module: BatchNorm2d(64, eps=1e-05, momentum=0.1, affine=True, track_running_stats=True)
01/29 09:39:52 PM | cin: [45]
01/29 09:39:52 PM | cout: [45]
01/29 09:39:52 PM | inactive
01/29 09:39:52 PM | -----
01/29 09:39:52 PM | module: ReLU(inplace=True)
01/29 09:39:52 PM | cin: [45]
01/29 09:39:52 PM | cout: [45]
01/29 09:39:52 PM | active
01/29 09:39:52 PM | -----
01/29 09:39:52 PM | module: Conv2d(64, 64, kernel_size=(3, 3), stride=(1, 1), padding=(1, 1), bias=False)
01/29 09:39:52 PM | cin: [45]
01/29 09:39:52 PM | cout: [46]
01/29 09:39:52 PM | inactive
01/29 09:39:52 PM | -----
01/29 09:39:52 PM | module: BatchNorm2d(64, eps=1e-05, momentum=0.1, affine=True, track_running_stats=True)
01/29 09:39:52 PM | cin: [46]
01/29 09:39:52 PM | cout: [46]
01/29 09:39:52 PM | active
01/29 09:39:52 PM | -----
01/29 09:39:52 PM | module: ReLU(inplace=True)
01/29 09:39:52 PM | cin: None
01/29 09:39:52 PM | cout: None
01/29 09:39:52 PM | inactive
01/29 09:39:52 PM | -----
01/29 09:39:52 PM | module: Conv2d(64, 64, kernel_size=(3, 3), stride=(1, 1), padding=(1, 1), bias=False)
01/29 09:39:52 PM | cin: None
01/29 09:39:52 PM | cout: [47]
01/29 09:39:52 PM | inactive
01/29 09:39:52 PM | -----
01/29 09:39:52 PM | module: BatchNorm2d(64, eps=1e-05, momentum=0.1, affine=True, track_running_stats=True)
01/29 09:39:52 PM | cin: [47]
01/29 09:39:52 PM | cout: [47]
01/29 09:39:52 PM | inactive
01/29 09:39:52 PM | -----
01/29 09:39:52 PM | module: ReLU(inplace=True)
01/29 09:39:52 PM | cin: [47]
01/29 09:39:52 PM | cout: [47]
01/29 09:39:52 PM | active
01/29 09:39:52 PM | -----
01/29 09:39:52 PM | module: Conv2d(64, 64, kernel_size=(3, 3), stride=(1, 1), padding=(1, 1), bias=False)
01/29 09:39:52 PM | cin: [47]
01/29 09:39:52 PM | cout: [48]
01/29 09:39:52 PM | inactive
01/29 09:39:52 PM | -----
01/29 09:39:52 PM | module: BatchNorm2d(64, eps=1e-05, momentum=0.1, affine=True, track_running_stats=True)
01/29 09:39:52 PM | cin: [48]
01/29 09:39:52 PM | cout: [48]
01/29 09:39:52 PM | active
01/29 09:39:52 PM | -----
01/29 09:39:52 PM | module: ReLU(inplace=True)
01/29 09:39:52 PM | cin: None
01/29 09:39:52 PM | cout: None
01/29 09:39:52 PM | inactive
01/29 09:39:52 PM | -----
01/29 09:39:52 PM | module: Conv2d(64, 64, kernel_size=(3, 3), stride=(1, 1), padding=(1, 1), bias=False)
01/29 09:39:52 PM | cin: None
01/29 09:39:52 PM | cout: [49]
01/29 09:39:52 PM | inactive
01/29 09:39:52 PM | -----
01/29 09:39:52 PM | module: BatchNorm2d(64, eps=1e-05, momentum=0.1, affine=True, track_running_stats=True)
01/29 09:39:52 PM | cin: [49]
01/29 09:39:52 PM | cout: [49]
01/29 09:39:52 PM | inactive
01/29 09:39:52 PM | -----
01/29 09:39:52 PM | module: ReLU(inplace=True)
01/29 09:39:52 PM | cin: [49]
01/29 09:39:52 PM | cout: [49]
01/29 09:39:52 PM | active
01/29 09:39:52 PM | -----
01/29 09:39:52 PM | module: Conv2d(64, 64, kernel_size=(3, 3), stride=(1, 1), padding=(1, 1), bias=False)
01/29 09:39:52 PM | cin: [49]
01/29 09:39:52 PM | cout: [50]
01/29 09:39:52 PM | inactive
01/29 09:39:52 PM | -----
01/29 09:39:52 PM | module: BatchNorm2d(64, eps=1e-05, momentum=0.1, affine=True, track_running_stats=True)
01/29 09:39:52 PM | cin: [50]
01/29 09:39:52 PM | cout: [50]
01/29 09:39:52 PM | active
01/29 09:39:52 PM | -----
01/29 09:39:52 PM | module: ReLU(inplace=True)
01/29 09:39:52 PM | cin: None
01/29 09:39:52 PM | cout: None
01/29 09:39:52 PM | inactive
01/29 09:39:52 PM | -----
01/29 09:39:52 PM | module: Conv2d(64, 64, kernel_size=(3, 3), stride=(1, 1), padding=(1, 1), bias=False)
01/29 09:39:52 PM | cin: None
01/29 09:39:52 PM | cout: [51]
01/29 09:39:52 PM | inactive
01/29 09:39:52 PM | -----
01/29 09:39:52 PM | module: BatchNorm2d(64, eps=1e-05, momentum=0.1, affine=True, track_running_stats=True)
01/29 09:39:52 PM | cin: [51]
01/29 09:39:52 PM | cout: [51]
01/29 09:39:52 PM | inactive
01/29 09:39:52 PM | -----
01/29 09:39:52 PM | module: ReLU(inplace=True)
01/29 09:39:52 PM | cin: [51]
01/29 09:39:52 PM | cout: [51]
01/29 09:39:52 PM | active
01/29 09:39:52 PM | -----
01/29 09:39:52 PM | module: Conv2d(64, 64, kernel_size=(3, 3), stride=(1, 1), padding=(1, 1), bias=False)
01/29 09:39:52 PM | cin: [51]
01/29 09:39:52 PM | cout: [52]
01/29 09:39:52 PM | inactive
01/29 09:39:52 PM | -----
01/29 09:39:52 PM | module: BatchNorm2d(64, eps=1e-05, momentum=0.1, affine=True, track_running_stats=True)
01/29 09:39:52 PM | cin: [52]
01/29 09:39:52 PM | cout: [52]
01/29 09:39:52 PM | active
01/29 09:39:52 PM | -----
01/29 09:39:52 PM | module: ReLU(inplace=True)
01/29 09:39:52 PM | cin: None
01/29 09:39:52 PM | cout: None
01/29 09:39:52 PM | inactive
01/29 09:39:52 PM | -----
01/29 09:39:52 PM | module: Conv2d(64, 64, kernel_size=(3, 3), stride=(1, 1), padding=(1, 1), bias=False)
01/29 09:39:52 PM | cin: None
01/29 09:39:52 PM | cout: [53]
01/29 09:39:52 PM | inactive
01/29 09:39:52 PM | -----
01/29 09:39:52 PM | module: BatchNorm2d(64, eps=1e-05, momentum=0.1, affine=True, track_running_stats=True)
01/29 09:39:52 PM | cin: [53]
01/29 09:39:52 PM | cout: [53]
01/29 09:39:52 PM | inactive
01/29 09:39:52 PM | -----
01/29 09:39:52 PM | module: ReLU(inplace=True)
01/29 09:39:52 PM | cin: [53]
01/29 09:39:52 PM | cout: [53]
01/29 09:39:52 PM | active
01/29 09:39:52 PM | -----
01/29 09:39:52 PM | module: Conv2d(64, 64, kernel_size=(3, 3), stride=(1, 1), padding=(1, 1), bias=False)
01/29 09:39:52 PM | cin: [53]
01/29 09:39:52 PM | cout: [54]
01/29 09:39:52 PM | inactive
01/29 09:39:52 PM | -----
01/29 09:39:52 PM | module: BatchNorm2d(64, eps=1e-05, momentum=0.1, affine=True, track_running_stats=True)
01/29 09:39:52 PM | cin: [54]
01/29 09:39:52 PM | cout: [54]
01/29 09:39:52 PM | active
01/29 09:39:52 PM | -----
01/29 09:39:52 PM | module: ReLU(inplace=True)
01/29 09:39:52 PM | cin: None
01/29 09:39:52 PM | cout: None
01/29 09:39:52 PM | inactive
01/29 09:39:52 PM | -----
01/29 09:39:52 PM | module: AdaptiveAvgPool2d(output_size=(1, 1))
01/29 09:39:52 PM | cin: None
01/29 09:39:52 PM | cout: None
01/29 09:39:52 PM | inactive
01/29 09:39:52 PM | -----
01/29 09:39:52 PM | module: Linear(in_features=64, out_features=10, bias=True)
01/29 09:39:52 PM | cin: None
01/29 09:39:52 PM | cout: None
01/29 09:39:52 PM | inactive
01/29 09:39:52 PM | Used masks: [1, 2, 3, 4, 5, 6, 7, 8, 9, 10, 11, 12, 13, 14, 15, 16, 17, 18, 19, 20, 21, 22, 23, 24, 25, 26, 27, 28, 29, 30, 31, 32, 33, 34, 35, 36, 37, 38, 39, 40, 41, 42, 43, 44, 45, 46, 47, 48, 49, 50, 51, 52, 53, 54]
01/29 09:39:52 PM | 55 unique masks in total
01/29 09:39:52 PM | === Batch 1/6
01/29 09:39:53 PM | loss = 0.046 + 4.444 + 0.040 = 4.530
01/29 09:39:54 PM | attribution_score[0:12]: 
[ 1.00  1.00  1.00  1.00  1.00  1.00  1.00  1.00  1.00  1.00  1.00  1.00 ]
[ 0.83  0.94  0.83  0.83  0.83  0.83  0.83  0.94  0.83  0.83  0.83  0.83 ]
[ 0.94  0.83  0.83  0.94  0.94  0.94  0.83  0.83  0.83  0.94  0.94  0.94 ]
[ 0.83  0.83  0.83  0.83  0.83  0.83  0.83  0.94  0.83  0.83  0.83  0.83 ]
[ 0.83  0.83  0.83  0.94  0.94  0.83  0.83  0.94  0.83  0.83  0.83  0.94 ]
[ 0.83  0.83  0.83  0.83  0.83  0.83  0.83  0.83  0.83  0.83  0.83  0.83 ]
[ 0.83  0.83  0.83  0.94  0.94  0.83  0.83  0.94  0.83  0.83  0.83  0.94 ]
[ 0.83  0.83  0.83  0.83  0.83  0.83  0.83  0.83  0.94  0.83  0.83  0.83 ]
[ 0.83  0.83  0.83  0.94  0.83  0.83  0.83  0.83  0.83  0.83  0.83  0.83 ]
[ 0.83  0.83  0.83  0.83  0.83  0.83  0.83  0.83  0.83  0.83  0.83  0.83 ]
[ 0.83  0.83  0.83  0.83  0.94  0.83  0.83  0.94  0.83  0.83  0.83  0.83 ]
[ 0.83  0.83  0.83  0.83  0.83  0.83  0.83  0.83  0.83  0.83  0.83  0.83 ]
[ 0.83  0.83  0.83  0.94  0.83  0.83  0.83  0.83  0.83  0.83  0.83  0.94 ]
[ 0.83  0.83  0.83  0.83  0.83  0.83  0.83  0.83  0.83  0.83  0.83  0.83 ]
[ 0.83  0.94  0.83  0.83  0.94  0.83  0.83  0.83  0.94  0.83  0.83  0.83 ]
[ 0.94  0.83  0.83  0.94  0.83  0.83  0.83  0.94  0.94  0.83  0.83  0.83 ]
[ 0.83  0.94  0.83  0.83  0.83  0.83  0.83  0.83  0.83  0.83  0.83  0.83 ]
[ 0.83  0.83  0.83  0.83  0.83  0.83  0.83  0.83  0.83  0.83  0.83  0.83 ]
[ 0.83  0.94  0.83  0.83  0.83  0.83  0.83  0.83  0.83  0.83  0.83  0.83 ]
[ 0.94  0.83  0.83  0.94  0.94  0.83  0.94  0.83  0.94  0.83  0.83  0.94 ]
[ 0.83  0.83  0.83  0.94  0.83  0.83  0.83  0.83  0.83  0.94  0.94  0.94 ]
[ 0.83  0.83  0.83  0.83  0.83  0.83  0.83  0.83  0.83  0.83  0.83  0.83 ]
[ 0.83  0.83  0.83  0.94  0.83  0.83  0.83  0.83  0.83  0.83  0.83  0.83 ]
[ 0.83  0.83  0.83  0.83  0.83  0.83  0.83  0.83  0.83  0.94  0.83  0.83 ]
[ 0.83  0.83  0.83  0.83  0.83  0.83  0.83  0.83  0.83  0.83  0.83  0.83 ]
[ 0.83  0.83  0.83  0.83  0.83  0.83  0.83  0.83  0.83  0.83  0.83  0.83 ]
[ 0.83  0.83  0.83  0.83  0.83  0.83  0.83  0.83  0.83  0.83  0.83  0.83 ]
[ 0.83  0.83  0.83  0.83  0.83  0.83  0.83  0.83  0.83  0.83  0.83  0.83 ]
[ 0.83  0.83  0.83  0.94  0.83  0.83  0.83  0.83  0.83  0.83  0.83  0.83 ]
[ 0.83  0.83  0.83  0.83  0.83  0.83  0.83  0.83  0.83  0.83  0.83  0.83 ]
[ 0.83  0.83  0.83  0.94  0.83  0.83  0.83  0.83  0.83  0.83  0.83  0.94 ]
[ 0.83  0.83  0.94  0.83  0.83  0.83  0.83  0.83  0.83  0.94  0.83  0.83 ]
[ 0.83  0.83  0.83  0.83  0.83  0.83  0.83  0.83  0.83  0.83  0.83  0.83 ]
[ 0.83  0.83  0.83  0.83  0.83  0.83  0.83  0.83  0.83  0.83  0.83  0.83 ]
[ 0.83  0.83  0.83  0.83  0.83  0.83  0.83  0.83  0.83  0.83  0.83  0.83 ]
[ 0.94  0.83  0.83  0.83  0.83  0.83  0.94  0.83  0.83  0.83  0.83  0.83 ]
[ 0.83  0.83  0.83  0.83  0.83  0.83  0.83  0.83  0.83  0.83  0.83  0.83 ]
[ 0.94  0.94  0.83  0.94  0.83  0.83  0.83  0.94  0.94  0.83  0.83  0.83 ]
[ 0.83  0.83  0.94  0.94  0.83  0.83  0.94  0.83  0.83  0.94  0.94  0.94 ]
[ 0.83  0.83  0.83  0.83  0.83  0.83  0.83  0.83  0.83  0.94  0.83  0.83 ]
[ 0.84  0.83  0.83  0.83  0.83  0.83  0.94  0.83  0.83  0.83  0.83  0.94 ]
[ 0.83  0.83  0.83  0.83  0.94  0.83  0.83  0.83  0.83  0.83  0.83  0.83 ]
[ 0.83  0.94  0.83  0.83  0.94  0.83  0.94  0.83  0.83  0.83  0.83  0.94 ]
[ 0.83  0.94  0.83  0.83  0.83  0.83  0.83  0.83  0.83  0.83  0.83  0.83 ]
[ 0.83  0.94  0.83  0.94  0.83  0.83  0.94  0.83  0.83  0.83  0.83  0.83 ]
[ 0.83  0.83  0.83  0.83  0.83  0.83  0.83  0.83  0.83  0.83  0.83  0.94 ]
[ 0.83  0.94  0.83  0.94  0.83  0.83  0.83  0.83  0.83  0.83  0.94  0.83 ]
[ 0.83  0.83  0.83  0.83  0.83  0.83  0.83  0.94  0.83  0.83  0.83  0.83 ]
[ 0.83  0.94  0.83  0.83  0.83  0.83  0.83  0.83  0.83  0.94  0.83  0.83 ]
[ 0.83  0.83  0.83  0.94  0.83  0.83  0.83  0.83  0.94  0.83  0.94  0.83 ]
[ 0.83  0.83  0.94  0.83  0.83  0.94  0.83  0.83  0.83  0.83  0.83  0.94 ]
[ 0.83  0.83  0.83  0.83  0.94  0.83  0.83  0.83  0.83  0.83  0.83  0.94 ]
[ 0.83  0.83  0.83  0.83  0.83  0.83  0.83  0.83  0.83  0.94  0.83  0.94 ]
[ 0.94  0.83  0.83  0.83  0.94  0.83  0.94  0.83  0.83  0.83  0.94  0.83 ]
[ 0.94  0.83  0.94  0.94  0.83  0.83  0.94  0.83  0.83  0.94  0.83  0.94 ]

01/29 09:39:54 PM | === Batch 2/6
01/29 09:39:55 PM | loss = 0.803 + 3.668 + 0.060 = 4.530
01/29 09:39:55 PM | attribution_score[0:12]: 
[ 1.00  1.00  1.00  1.00  1.00  1.00  1.00  1.00  1.00  1.00  1.00  1.00 ]
[ 0.73  0.97  0.75  0.75  0.77  0.82  0.73  0.97  0.73  0.74  0.88  0.84 ]
[ 0.92  0.74  0.75  0.97  0.96  0.96  0.88  0.87  0.73  0.97  0.93  0.96 ]
[ 0.78  0.78  0.73  0.74  0.75  0.73  0.77  0.97  0.74  0.73  0.86  0.74 ]
[ 0.75  0.86  0.75  0.96  0.97  0.88  0.88  0.97  0.76  0.74  0.88  0.96 ]
[ 0.87  0.87  0.86  0.85  0.88  0.73  0.73  0.73  0.73  0.75  0.73  0.75 ]
[ 0.87  0.80  0.88  0.97  0.94  0.88  0.88  0.97  0.88  0.88  0.74  0.96 ]
[ 0.74  0.83  0.78  0.86  0.86  0.73  0.75  0.73  0.92  0.87  0.73  0.80 ]
[ 0.75  0.82  0.89  0.97  0.75  0.73  0.88  0.73  0.74  0.87  0.74  0.88 ]
[ 0.74  0.74  0.73  0.73  0.84  0.74  0.74  0.75  0.73  0.74  0.73  0.77 ]
[ 0.75  0.83  0.88  0.75  0.97  0.74  0.87  0.97  0.88  0.88  0.73  0.81 ]
[ 0.74  0.78  0.73  0.73  0.74  0.74  0.87  0.74  0.75  0.73  0.86  0.79 ]
[ 0.75  0.88  0.87  0.97  0.74  0.74  0.88  0.73  0.88  0.87  0.74  0.97 ]
[ 0.76  0.78  0.79  0.78  0.73  0.77  0.73  0.80  0.73  0.73  0.87  0.75 ]
[ 0.75  0.95  0.88  0.79  0.97  0.75  0.88  0.74  0.96  0.73  0.88  0.87 ]
[ 0.93  0.84  0.74  0.97  0.76  0.87  0.87  0.94  0.96  0.73  0.81  0.80 ]
[ 0.76  0.97  0.88  0.73  0.75  0.75  0.88  0.74  0.88  0.84  0.88  0.88 ]
[ 0.75  0.80  0.73  0.85  0.86  0.73  0.84  0.73  0.73  0.73  0.85  0.75 ]
[ 0.75  0.93  0.88  0.79  0.88  0.74  0.83  0.73  0.88  0.84  0.87  0.81 ]
[ 0.97  0.88  0.88  0.97  0.96  0.74  0.96  0.81  0.96  0.89  0.89  0.97 ]
[ 0.73  0.76  0.88  0.92  0.86  0.74  0.88  0.88  0.73  0.97  0.95  0.96 ]
[ 0.73  0.74  0.73  0.82  0.80  0.73  0.87  0.73  0.75  0.86  0.84  0.83 ]
[ 0.74  0.76  0.86  0.93  0.88  0.75  0.76  0.88  0.74  0.73  0.73  0.74 ]
[ 0.74  0.87  0.75  0.75  0.75  0.80  0.79  0.87  0.73  0.91  0.75  0.85 ]
[ 0.74  0.75  0.88  0.74  0.88  0.75  0.76  0.88  0.83  0.83  0.73  0.75 ]
[ 0.87  0.88  0.73  0.74  0.73  0.73  0.83  0.88  0.75  0.82  0.87  0.74 ]
[ 0.73  0.75  0.88  0.74  0.83  0.75  0.76  0.73  0.87  0.87  0.74  0.88 ]
[ 0.83  0.73  0.74  0.74  0.74  0.74  0.85  0.73  0.88  0.81  0.85  0.74 ]
[ 0.75  0.75  0.86  0.94  0.88  0.75  0.74  0.87  0.87  0.74  0.73  0.88 ]
[ 0.74  0.73  0.73  0.78  0.73  0.75  0.87  0.74  0.76  0.73  0.76  0.73 ]
[ 0.75  0.75  0.88  0.92  0.88  0.75  0.73  0.88  0.73  0.74  0.74  0.97 ]
[ 0.73  0.73  0.94  0.85  0.73  0.81  0.74  0.86  0.86  0.97  0.76  0.86 ]
[ 0.74  0.74  0.86  0.75  0.88  0.74  0.86  0.73  0.77  0.74  0.75  0.87 ]
[ 0.73  0.74  0.75  0.87  0.73  0.73  0.74  0.73  0.87  0.76  0.73  0.74 ]
[ 0.75  0.74  0.87  0.75  0.74  0.74  0.74  0.73  0.74  0.74  0.74  0.73 ]
[ 0.97  0.83  0.75  0.73  0.75  0.77  0.93  0.73  0.73  0.86  0.87  0.74 ]
[ 0.74  0.75  0.73  0.73  0.88  0.74  0.74  0.74  0.76  0.88  0.75  0.87 ]
[ 0.97  0.97  0.88  0.96  0.87  0.88  0.88  0.97  0.97  0.75  0.76  0.75 ]
[ 0.76  0.88  0.92  0.94  0.79  0.73  0.92  0.73  0.88  0.97  0.97  0.97 ]
[ 0.80  0.86  0.86  0.87  0.88  0.78  0.77  0.87  0.88  0.93  0.75  0.74 ]
[ 0.77  0.88  0.76  0.75  0.85  0.88  0.92  0.87  0.88  0.74  0.73  0.96 ]
[ 0.78  0.88  0.73  0.74  0.94  0.73  0.73  0.87  0.74  0.78  0.86  0.89 ]
[ 0.76  0.93  0.75  0.75  0.93  0.79  0.97  0.88  0.73  0.73  0.88  0.97 ]
[ 0.83  0.95  0.82  0.85  0.73  0.87  0.77  0.84  0.88  0.85  0.75  0.75 ]
[ 0.76  0.92  0.76  0.91  0.73  0.87  0.92  0.81  0.85  0.73  0.83  0.74 ]
[ 0.75  0.88  0.75  0.81  0.86  0.73  0.74  0.74  0.74  0.75  0.86  0.93 ]
[ 0.75  0.92  0.76  0.92  0.84  0.74  0.88  0.87  0.87  0.76  0.96  0.75 ]
[ 0.88  0.73  0.74  0.75  0.74  0.73  0.77  0.96  0.88  0.87  0.87  0.74 ]
[ 0.79  0.92  0.88  0.84  0.81  0.87  0.73  0.76  0.84  0.94  0.76  0.74 ]
[ 0.73  0.75  0.73  0.92  0.73  0.74  0.83  0.74  0.92  0.74  0.93  0.73 ]
[ 0.87  0.73  0.97  0.85  0.87  0.94  0.88  0.86  0.88  0.74  0.85  0.92 ]
[ 0.75  0.87  0.88  0.74  0.92  0.80  0.87  0.82  0.76  0.88  0.73  0.97 ]
[ 0.88  0.88  0.73  0.86  0.88  0.76  0.76  0.87  0.73  0.95  0.74  0.97 ]
[ 0.97  0.75  0.75  0.88  0.92  0.75  0.92  0.87  0.85  0.77  0.91  0.75 ]
[ 0.91  0.86  0.92  0.92  0.88  0.73  0.91  0.88  0.88  0.94  0.88  0.97 ]

01/29 09:39:55 PM | === Batch 3/6
01/29 09:39:56 PM | loss = 0.586 + 3.152 + 0.072 = 3.811
01/29 09:39:57 PM | attribution_score[0:12]: 
[ 1.00  1.00  1.00  1.00  1.00  1.00  1.00  1.00  1.00  1.00  1.00  1.00 ]
[ 0.60  0.96  0.64  0.78  0.67  0.79  0.60  0.98  0.60  0.64  0.91  0.79 ]
[ 0.89  0.67  0.64  0.98  0.98  0.97  0.88  0.91  0.65  0.98  0.94  0.97 ]
[ 0.70  0.81  0.61  0.76  0.76  0.62  0.76  0.98  0.61  0.61  0.85  0.64 ]
[ 0.66  0.84  0.72  0.97  0.98  0.91  0.90  0.98  0.71  0.65  0.91  0.97 ]
[ 0.87  0.87  0.84  0.81  0.91  0.63  0.60  0.63  0.60  0.64  0.60  0.78 ]
[ 0.91  0.74  0.92  0.98  0.95  0.89  0.89  0.96  0.90  0.90  0.63  0.97 ]
[ 0.62  0.79  0.74  0.83  0.90  0.60  0.70  0.72  0.92  0.89  0.62  0.73 ]
[ 0.70  0.76  0.92  0.98  0.71  0.61  0.92  0.70  0.63  0.85  0.62  0.90 ]
[ 0.63  0.62  0.60  0.62  0.84  0.63  0.71  0.63  0.60  0.72  0.62  0.71 ]
[ 0.67  0.77  0.92  0.64  0.98  0.63  0.90  0.97  0.89  0.88  0.61  0.75 ]
[ 0.61  0.69  0.60  0.61  0.70  0.63  0.89  0.74  0.70  0.60  0.90  0.71 ]
[ 0.67  0.89  0.91  0.98  0.75  0.62  0.89  0.61  0.90  0.85  0.67  0.97 ]
[ 0.66  0.75  0.83  0.68  0.79  0.83  0.63  0.84  0.61  0.62  0.91  0.66 ]
[ 0.66  0.96  0.92  0.72  0.96  0.65  0.88  0.66  0.97  0.61  0.91  0.89 ]
[ 0.90  0.86  0.61  0.98  0.67  0.90  0.89  0.93  0.98  0.60  0.75  0.75 ]
[ 0.68  0.98  0.92  0.63  0.79  0.64  0.90  0.62  0.88  0.78  0.90  0.91 ]
[ 0.63  0.75  0.61  0.88  0.87  0.62  0.81  0.65  0.60  0.60  0.83  0.63 ]
[ 0.68  0.93  0.91  0.71  0.92  0.63  0.79  0.60  0.88  0.79  0.87  0.74 ]
[ 0.97  0.87  0.92  0.98  0.97  0.78  0.97  0.74  0.96  0.90  0.92  0.97 ]
[ 0.60  0.76  0.92  0.93  0.88  0.65  0.92  0.91  0.76  0.97  0.96  0.98 ]
[ 0.62  0.62  0.60  0.76  0.76  0.60  0.87  0.60  0.70  0.84  0.80  0.82 ]
[ 0.76  0.77  0.89  0.93  0.91  0.71  0.79  0.91  0.64  0.62  0.60  0.61 ]
[ 0.70  0.86  0.73  0.72  0.76  0.73  0.71  0.86  0.63  0.89  0.72  0.82 ]
[ 0.71  0.77  0.92  0.78  0.89  0.72  0.81  0.91  0.85  0.78  0.71  0.68 ]
[ 0.92  0.88  0.62  0.63  0.67  0.60  0.77  0.89  0.67  0.76  0.88  0.63 ]
[ 0.73  0.77  0.92  0.70  0.82  0.71  0.70  0.67  0.89  0.83  0.64  0.90 ]
[ 0.76  0.62  0.65  0.62  0.65  0.73  0.89  0.60  0.88  0.75  0.82  0.63 ]
[ 0.71  0.78  0.91  0.94  0.89  0.73  0.69  0.89  0.86  0.75  0.61  0.91 ]
[ 0.63  0.63  0.61  0.70  0.66  0.64  0.87  0.61  0.67  0.64  0.66  0.60 ]
[ 0.71  0.75  0.92  0.94  0.91  0.70  0.76  0.92  0.60  0.74  0.68  0.97 ]
[ 0.60  0.60  0.92  0.82  0.60  0.74  0.61  0.84  0.89  0.96  0.67  0.83 ]
[ 0.66  0.77  0.89  0.73  0.91  0.63  0.84  0.67  0.67  0.77  0.72  0.86 ]
[ 0.60  0.62  0.70  0.90  0.76  0.61  0.67  0.60  0.88  0.65  0.60  0.65 ]
[ 0.73  0.74  0.91  0.76  0.67  0.72  0.77  0.75  0.64  0.72  0.61  0.62 ]
[ 0.98  0.84  0.73  0.61  0.64  0.78  0.90  0.60  0.62  0.86  0.88  0.63 ]
[ 0.73  0.75  0.60  0.75  0.92  0.65  0.73  0.62  0.65  0.89  0.64  0.90 ]
[ 0.98  0.97  0.91  0.98  0.87  0.92  0.91  0.96  0.98  0.78  0.77  0.65 ]
[ 0.70  0.91  0.91  0.93  0.84  0.60  0.90  0.60  0.90  0.98  0.97  0.97 ]
[ 0.76  0.90  0.91  0.85  0.89  0.69  0.68  0.89  0.90  0.91  0.63  0.73 ]
[ 0.75  0.91  0.71  0.70  0.88  0.87  0.89  0.84  0.89  0.62  0.77  0.96 ]
[ 0.70  0.90  0.60  0.74  0.93  0.70  0.60  0.86  0.62  0.79  0.87  0.91 ]
[ 0.73  0.92  0.66  0.68  0.89  0.84  0.98  0.91  0.79  0.61  0.90  0.98 ]
[ 0.87  0.94  0.77  0.85  0.60  0.90  0.68  0.86  0.86  0.80  0.68  0.71 ]
[ 0.78  0.89  0.72  0.88  0.60  0.91  0.90  0.75  0.83  0.64  0.77  0.68 ]
[ 0.74  0.90  0.76  0.78  0.90  0.60  0.77  0.61  0.68  0.65  0.88  0.93 ]
[ 0.64  0.89  0.81  0.88  0.85  0.79  0.90  0.89  0.88  0.79  0.97  0.67 ]
[ 0.86  0.60  0.77  0.65  0.66  0.62  0.75  0.96  0.88  0.87  0.90  0.61 ]
[ 0.71  0.90  0.90  0.88  0.74  0.91  0.79  0.66  0.78  0.92  0.65  0.70 ]
[ 0.61  0.64  0.60  0.90  0.79  0.62  0.80  0.61  0.89  0.62  0.90  0.60 ]
[ 0.87  0.79  0.98  0.86  0.89  0.95  0.91  0.84  0.89  0.79  0.80  0.88 ]
[ 0.67  0.91  0.91  0.77  0.89  0.73  0.91  0.79  0.72  0.92  0.77  0.96 ]
[ 0.90  0.90  0.61  0.89  0.92  0.81  0.73  0.90  0.77  0.94  0.74  0.97 ]
[ 0.98  0.64  0.65  0.88  0.89  0.79  0.89  0.90  0.89  0.69  0.87  0.71 ]
[ 0.88  0.84  0.94  0.90  0.92  0.61  0.88  0.89  0.86  0.92  0.87  0.97 ]

01/29 09:39:57 PM | === Batch 4/6
01/29 09:39:57 PM | loss = 0.586 + 2.596 + 0.086 = 3.267
01/29 09:39:58 PM | attribution_score[0:12]: 
[ 1.00  1.00  1.00  1.00  1.00  1.00  1.00  1.00  1.00  1.00  1.00  1.00 ]
[ 0.46  0.95  0.51  0.78  0.55  0.84  0.46  0.99  0.46  0.57  0.92  0.70 ]
[ 0.90  0.56  0.62  0.98  0.99  0.97  0.86  0.90  0.68  0.98  0.96  0.98 ]
[ 0.59  0.80  0.46  0.77  0.81  0.48  0.75  0.99  0.57  0.48  0.81  0.52 ]
[ 0.58  0.81  0.64  0.97  0.99  0.91  0.90  0.99  0.71  0.53  0.93  0.97 ]
[ 0.84  0.85  0.82  0.75  0.93  0.54  0.46  0.50  0.46  0.69  0.46  0.82 ]
[ 0.94  0.63  0.93  0.98  0.95  0.89  0.88  0.95  0.91  0.91  0.56  0.97 ]
[ 0.51  0.71  0.66  0.78  0.92  0.45  0.74  0.65  0.90  0.88  0.50  0.63 ]
[ 0.70  0.71  0.94  0.98  0.70  0.49  0.93  0.63  0.50  0.83  0.55  0.91 ]
[ 0.60  0.53  0.46  0.50  0.81  0.50  0.63  0.49  0.45  0.68  0.48  0.69 ]
[ 0.68  0.73  0.94  0.51  0.99  0.53  0.90  0.98  0.89  0.87  0.49  0.65 ]
[ 0.48  0.59  0.46  0.47  0.74  0.64  0.91  0.80  0.67  0.46  0.91  0.60 ]
[ 0.68  0.88  0.92  0.98  0.81  0.55  0.88  0.47  0.91  0.81  0.57  0.96 ]
[ 0.61  0.77  0.89  0.65  0.81  0.84  0.52  0.88  0.46  0.50  0.94  0.55 ]
[ 0.66  0.96  0.94  0.61  0.95  0.64  0.87  0.58  0.97  0.46  0.93  0.89 ]
[ 0.84  0.89  0.47  0.98  0.71  0.89  0.89  0.94  0.98  0.45  0.67  0.66 ]
[ 0.68  0.98  0.94  0.50  0.81  0.53  0.91  0.47  0.86  0.71  0.92  0.92 ]
[ 0.58  0.66  0.48  0.92  0.84  0.49  0.74  0.55  0.46  0.46  0.80  0.52 ]
[ 0.69  0.91  0.92  0.60  0.94  0.60  0.71  0.46  0.86  0.71  0.90  0.66 ]
[ 0.97  0.87  0.94  0.98  0.98  0.83  0.96  0.64  0.95  0.91  0.94  0.97 ]
[ 0.46  0.79  0.95  0.93  0.89  0.56  0.94  0.91  0.82  0.98  0.98  0.98 ]
[ 0.49  0.48  0.45  0.67  0.79  0.46  0.83  0.46  0.66  0.81  0.72  0.78 ]
[ 0.76  0.81  0.91  0.93  0.93  0.73  0.80  0.91  0.59  0.61  0.45  0.47 ]
[ 0.66  0.83  0.70  0.69  0.79  0.63  0.66  0.83  0.51  0.85  0.72  0.75 ]
[ 0.69  0.81  0.93  0.84  0.88  0.73  0.84  0.93  0.89  0.71  0.75  0.59 ]
[ 0.94  0.87  0.50  0.65  0.65  0.46  0.69  0.89  0.61  0.67  0.87  0.50 ]
[ 0.70  0.81  0.94  0.64  0.86  0.71  0.60  0.57  0.87  0.85  0.57  0.90 ]
[ 0.68  0.49  0.55  0.49  0.53  0.74  0.89  0.47  0.85  0.64  0.77  0.50 ]
[ 0.65  0.83  0.91  0.93  0.88  0.74  0.60  0.90  0.82  0.80  0.54  0.93 ]
[ 0.49  0.50  0.47  0.60  0.58  0.52  0.87  0.49  0.54  0.52  0.53  0.46 ]
[ 0.69  0.80  0.93  0.94  0.93  0.68  0.76  0.93  0.46  0.80  0.65  0.98 ]
[ 0.46  0.45  0.89  0.75  0.46  0.64  0.47  0.81  0.89  0.96  0.55  0.76 ]
[ 0.58  0.80  0.91  0.73  0.94  0.50  0.81  0.65  0.55  0.82  0.71  0.83 ]
[ 0.46  0.48  0.61  0.92  0.80  0.46  0.58  0.46  0.88  0.52  0.45  0.55 ]
[ 0.70  0.77  0.93  0.71  0.59  0.75  0.80  0.72  0.66  0.76  0.47  0.49 ]
[ 0.99  0.85  0.72  0.48  0.51  0.83  0.88  0.49  0.49  0.84  0.87  0.51 ]
[ 0.69  0.76  0.46  0.72  0.94  0.58  0.67  0.62  0.54  0.87  0.51  0.93 ]
[ 0.98  0.96  0.93  0.98  0.84  0.95  0.92  0.95  0.98  0.78  0.82  0.54 ]
[ 0.73  0.92  0.90  0.95  0.87  0.46  0.88  0.46  0.88  0.98  0.98  0.98 ]
[ 0.68  0.90  0.92  0.82  0.89  0.58  0.73  0.89  0.90  0.88  0.65  0.71 ]
[ 0.80  0.92  0.72  0.74  0.87  0.88  0.87  0.79  0.87  0.49  0.83  0.97 ]
[ 0.62  0.91  0.46  0.67  0.93  0.62  0.46  0.86  0.54  0.78  0.87  0.92 ]
[ 0.75  0.92  0.61  0.72  0.88  0.89  0.99  0.92  0.85  0.62  0.92  0.99 ]
[ 0.92  0.94  0.78  0.83  0.46  0.92  0.57  0.90  0.81  0.72  0.68  0.68 ]
[ 0.83  0.88  0.70  0.89  0.47  0.94  0.89  0.66  0.79  0.63  0.79  0.59 ]
[ 0.76  0.92  0.76  0.71  0.93  0.46  0.80  0.55  0.62  0.53  0.90  0.93 ]
[ 0.52  0.88  0.78  0.87  0.84  0.82  0.91  0.91  0.89  0.85  0.98  0.57 ]
[ 0.83  0.46  0.74  0.63  0.71  0.60  0.78  0.95  0.88  0.85  0.92  0.60 ]
[ 0.60  0.92  0.90  0.88  0.73  0.94  0.84  0.54  0.70  0.89  0.64  0.63 ]
[ 0.50  0.52  0.47  0.88  0.84  0.63  0.83  0.47  0.84  0.52  0.85  0.46 ]
[ 0.84  0.75  0.98  0.89  0.91  0.94  0.92  0.82  0.89  0.80  0.79  0.86 ]
[ 0.65  0.92  0.91  0.81  0.85  0.75  0.94  0.80  0.77  0.95  0.75  0.96 ]
[ 0.89  0.91  0.48  0.89  0.95  0.84  0.75  0.91  0.82  0.92  0.76  0.98 ]
[ 0.98  0.51  0.56  0.87  0.83  0.85  0.89  0.93  0.90  0.60  0.81  0.63 ]
[ 0.87  0.79  0.92  0.88  0.94  0.46  0.86  0.90  0.81  0.90  0.86  0.97 ]

01/29 09:39:58 PM | === Batch 5/6
01/29 09:39:59 PM | loss = 1.443 + 2.014 + 0.096 = 3.553
01/29 09:40:00 PM | attribution_score[0:12]: 
[ 1.00  1.00  1.00  1.00  1.00  1.00  1.00  1.00  1.00  1.00  1.00  1.00 ]
[ 0.32  0.93  0.37  0.77  0.42  0.88  0.32  0.99  0.32  0.52  0.90  0.59 ]
[ 0.92  0.44  0.60  0.99  0.99  0.96  0.83  0.86  0.75  0.98  0.97  0.98 ]
[ 0.46  0.75  0.32  0.75  0.80  0.34  0.69  0.99  0.62  0.34  0.75  0.41 ]
[ 0.48  0.82  0.54  0.97  0.99  0.90  0.91  0.99  0.75  0.49  0.94  0.97 ]
[ 0.80  0.79  0.78  0.66  0.92  0.59  0.32  0.41  0.32  0.74  0.36  0.83 ]
[ 0.96  0.55  0.93  0.98  0.96  0.88  0.87  0.92  0.91  0.90  0.59  0.98 ]
[ 0.42  0.66  0.55  0.70  0.92  0.31  0.75  0.68  0.89  0.86  0.38  0.58 ]
[ 0.71  0.72  0.94  0.99  0.72  0.37  0.94  0.53  0.48  0.77  0.46  0.92 ]
[ 0.62  0.58  0.32  0.37  0.74  0.36  0.52  0.35  0.31  0.60  0.55  0.75 ]
[ 0.73  0.71  0.94  0.37  0.99  0.50  0.92  0.98  0.88  0.84  0.39  0.54 ]
[ 0.35  0.51  0.32  0.33  0.72  0.69  0.94  0.86  0.67  0.32  0.90  0.47 ]
[ 0.72  0.88  0.93  0.98  0.86  0.58  0.89  0.35  0.90  0.75  0.50  0.96 ]
[ 0.66  0.76  0.92  0.56  0.78  0.81  0.53  0.91  0.32  0.43  0.94  0.45 ]
[ 0.67  0.95  0.95  0.49  0.94  0.69  0.85  0.49  0.97  0.33  0.94  0.87 ]
[ 0.77  0.91  0.36  0.98  0.76  0.88  0.89  0.96  0.98  0.32  0.55  0.55 ]
[ 0.70  0.99  0.95  0.37  0.77  0.40  0.92  0.36  0.83  0.61  0.93  0.93 ]
[ 0.52  0.56  0.35  0.94  0.78  0.35  0.65  0.47  0.32  0.32  0.74  0.39 ]
[ 0.74  0.88  0.92  0.47  0.95  0.63  0.62  0.33  0.83  0.60  0.90  0.57 ]
[ 0.96  0.89  0.95  0.98  0.98  0.88  0.95  0.52  0.93  0.91  0.96  0.97 ]
[ 0.32  0.82  0.96  0.94  0.90  0.44  0.95  0.91  0.87  0.98  0.98  0.99 ]
[ 0.38  0.35  0.31  0.56  0.77  0.35  0.78  0.38  0.69  0.76  0.66  0.71 ]
[ 0.78  0.84  0.92  0.94  0.95  0.79  0.83  0.91  0.59  0.59  0.38  0.33 ]
[ 0.63  0.84  0.67  0.71  0.82  0.51  0.58  0.78  0.41  0.79  0.71  0.66 ]
[ 0.72  0.85  0.94  0.88  0.89  0.77  0.87  0.93  0.92  0.60  0.81  0.50 ]
[ 0.95  0.86  0.43  0.72  0.68  0.31  0.63  0.88  0.64  0.55  0.84  0.45 ]
[ 0.72  0.84  0.95  0.64  0.89  0.71  0.52  0.57  0.87  0.87  0.57  0.88 ]
[ 0.65  0.38  0.52  0.35  0.40  0.76  0.86  0.33  0.81  0.53  0.69  0.37 ]
[ 0.62  0.87  0.90  0.94  0.89  0.77  0.52  0.90  0.75  0.85  0.55  0.95 ]
[ 0.41  0.39  0.34  0.58  0.58  0.40  0.85  0.37  0.48  0.40  0.39  0.32 ]
[ 0.66  0.83  0.94  0.95  0.95  0.70  0.76  0.94  0.33  0.84  0.70  0.99 ]
[ 0.32  0.31  0.88  0.75  0.32  0.53  0.33  0.77  0.88  0.94  0.42  0.74 ]
[ 0.48  0.84  0.92  0.73  0.95  0.44  0.77  0.63  0.43  0.87  0.75  0.85 ]
[ 0.32  0.43  0.54  0.94  0.85  0.33  0.49  0.32  0.90  0.42  0.31  0.52 ]
[ 0.68  0.80  0.94  0.72  0.62  0.79  0.84  0.75  0.72  0.82  0.50  0.47 ]
[ 0.99  0.84  0.74  0.34  0.38  0.86  0.85  0.54  0.36  0.87  0.83  0.40 ]
[ 0.69  0.78  0.32  0.73  0.96  0.51  0.63  0.67  0.49  0.85  0.57  0.95 ]
[ 0.99  0.96  0.95  0.98  0.83  0.96  0.92  0.94  0.98  0.82  0.86  0.58 ]
[ 0.77  0.92  0.91  0.95  0.89  0.32  0.89  0.32  0.88  0.98  0.98  0.98 ]
[ 0.67  0.89  0.93  0.84  0.87  0.45  0.80  0.91  0.88  0.85  0.71  0.69 ]
[ 0.85  0.93  0.76  0.74  0.86  0.88  0.89  0.79  0.88  0.39  0.85  0.97 ]
[ 0.51  0.91  0.32  0.64  0.93  0.62  0.32  0.84  0.45  0.79  0.84  0.93 ]
[ 0.77  0.92  0.60  0.75  0.87  0.90  0.99  0.94  0.85  0.63  0.93  0.99 ]
[ 0.94  0.95  0.78  0.81  0.35  0.91  0.47  0.90  0.78  0.63  0.67  0.63 ]
[ 0.87  0.90  0.67  0.90  0.46  0.95  0.90  0.58  0.72  0.62  0.83  0.65 ]
[ 0.76  0.93  0.73  0.65  0.94  0.32  0.82  0.56  0.63  0.41  0.90  0.94 ]
[ 0.41  0.90  0.79  0.83  0.86  0.86  0.91  0.93  0.91  0.81  0.98  0.63 ]
[ 0.80  0.31  0.73  0.66  0.68  0.62  0.78  0.95  0.86  0.82  0.93  0.67 ]
[ 0.53  0.94  0.90  0.88  0.76  0.96  0.89  0.41  0.62  0.84  0.66  0.69 ]
[ 0.39  0.41  0.35  0.88  0.85  0.55  0.86  0.33  0.79  0.47  0.77  0.32 ]
[ 0.77  0.67  0.98  0.90  0.93  0.95  0.92  0.76  0.86  0.78  0.82  0.81 ]
[ 0.57  0.94  0.92  0.79  0.87  0.74  0.94  0.79  0.82  0.97  0.68  0.95 ]
[ 0.88  0.90  0.37  0.88  0.96  0.85  0.79  0.91  0.81  0.88  0.81  0.97 ]
[ 0.98  0.53  0.48  0.83  0.76  0.82  0.89  0.93  0.89  0.50  0.80  0.54 ]
[ 0.87  0.71  0.92  0.85  0.95  0.34  0.85  0.91  0.79  0.85  0.83  0.96 ]

01/29 09:40:00 PM | === Batch 6/6
01/29 09:40:00 PM | loss = 0.454 + 1.512 + 0.091 = 2.057
01/29 09:40:01 PM | attribution_score[0:12]: 
[ 1.00  1.00  1.00  1.00  1.00  1.00  1.00  1.00  1.00  1.00  1.00  1.00 ]
[ 0.20  0.90  0.25  0.73  0.30  0.90  0.20  0.99  0.20  0.46  0.89  0.47 ]
[ 0.94  0.32  0.54  0.99  0.99  0.95  0.82  0.81  0.79  0.98  0.97  0.98 ]
[ 0.33  0.68  0.21  0.70  0.79  0.23  0.59  0.99  0.68  0.22  0.67  0.30 ]
[ 0.53  0.84  0.42  0.97  1.00  0.89  0.92  0.99  0.78  0.49  0.94  0.97 ]
[ 0.74  0.71  0.76  0.54  0.90  0.62  0.20  0.32  0.20  0.78  0.26  0.82 ]
[ 0.97  0.45  0.92  0.98  0.97  0.86  0.87  0.88  0.90  0.87  0.65  0.98 ]
[ 0.32  0.64  0.43  0.60  0.92  0.20  0.73  0.73  0.90  0.81  0.26  0.59 ]
[ 0.74  0.73  0.94  0.99  0.68  0.27  0.95  0.41  0.46  0.68  0.35  0.92 ]
[ 0.57  0.65  0.20  0.25  0.65  0.25  0.43  0.23  0.20  0.55  0.63  0.78 ]
[ 0.78  0.68  0.95  0.26  1.00  0.46  0.93  0.98  0.87  0.78  0.32  0.42 ]
[ 0.23  0.45  0.20  0.22  0.66  0.75  0.96  0.90  0.64  0.20  0.89  0.34 ]
[ 0.75  0.88  0.94  0.99  0.90  0.60  0.91  0.24  0.90  0.66  0.47  0.97 ]
[ 0.69  0.72  0.93  0.45  0.73  0.77  0.51  0.94  0.21  0.36  0.95  0.35 ]
[ 0.69  0.95  0.96  0.37  0.93  0.73  0.83  0.39  0.97  0.21  0.95  0.84 ]
[ 0.71  0.92  0.26  0.99  0.79  0.88  0.90  0.96  0.98  0.21  0.45  0.42 ]
[ 0.72  0.99  0.96  0.25  0.70  0.28  0.92  0.25  0.80  0.49  0.93  0.93 ]
[ 0.43  0.44  0.23  0.95  0.69  0.23  0.53  0.39  0.20  0.20  0.64  0.27 ]
[ 0.77  0.86  0.92  0.34  0.95  0.66  0.52  0.22  0.80  0.48  0.89  0.45 ]
[ 0.96  0.92  0.95  0.98  0.98  0.91  0.95  0.39  0.93  0.92  0.96  0.97 ]
[ 0.20  0.82  0.97  0.96  0.89  0.39  0.96  0.90  0.91  0.98  0.99  0.99 ]
[ 0.28  0.24  0.20  0.46  0.72  0.25  0.71  0.35  0.74  0.71  0.59  0.62 ]
[ 0.82  0.85  0.91  0.95  0.96  0.84  0.85  0.91  0.59  0.53  0.30  0.23 ]
[ 0.57  0.82  0.67  0.72  0.84  0.39  0.57  0.69  0.30  0.73  0.66  0.54 ]
[ 0.77  0.87  0.93  0.92  0.90  0.82  0.89  0.93  0.94  0.50  0.85  0.47 ]
[ 0.96  0.84  0.39  0.76  0.74  0.20  0.59  0.85  0.69  0.42  0.82  0.46 ]
[ 0.78  0.86  0.96  0.66  0.91  0.73  0.42  0.57  0.85  0.87  0.57  0.89 ]
[ 0.57  0.33  0.52  0.23  0.34  0.79  0.82  0.23  0.74  0.40  0.62  0.26 ]
[ 0.65  0.88  0.87  0.94  0.90  0.80  0.43  0.90  0.66  0.87  0.55  0.96 ]
[ 0.35  0.29  0.23  0.53  0.59  0.28  0.82  0.26  0.39  0.29  0.27  0.20 ]
[ 0.70  0.85  0.94  0.96  0.96  0.73  0.77  0.94  0.22  0.87  0.76  0.99 ]
[ 0.23  0.20  0.89  0.74  0.21  0.41  0.22  0.73  0.86  0.94  0.30  0.77 ]
[ 0.43  0.85  0.92  0.71  0.96  0.38  0.73  0.57  0.33  0.90  0.80  0.88 ]
[ 0.20  0.38  0.54  0.95  0.88  0.21  0.38  0.21  0.92  0.34  0.20  0.47 ]
[ 0.71  0.80  0.94  0.77  0.67  0.82  0.88  0.80  0.74  0.85  0.55  0.50 ]
[ 0.99  0.81  0.73  0.23  0.25  0.87  0.79  0.62  0.25  0.91  0.76  0.31 ]
[ 0.74  0.77  0.21  0.75  0.97  0.43  0.57  0.73  0.42  0.82  0.65  0.96 ]
[ 0.99  0.94  0.96  0.99  0.84  0.97  0.92  0.94  0.98  0.87  0.88  0.65 ]
[ 0.78  0.91  0.93  0.96  0.89  0.20  0.92  0.20  0.89  0.98  0.98  0.98 ]
[ 0.61  0.89  0.93  0.84  0.85  0.32  0.86  0.94  0.87  0.83  0.71  0.70 ]
[ 0.89  0.93  0.82  0.77  0.84  0.87  0.91  0.80  0.89  0.31  0.86  0.97 ]
[ 0.41  0.91  0.20  0.61  0.92  0.63  0.20  0.81  0.36  0.78  0.79  0.92 ]
[ 0.77  0.92  0.61  0.76  0.89  0.90  1.00  0.96  0.85  0.63  0.93  0.98 ]
[ 0.95  0.96  0.73  0.76  0.26  0.88  0.44  0.90  0.78  0.55  0.66  0.57 ]
[ 0.91  0.93  0.64  0.90  0.50  0.95  0.92  0.55  0.67  0.60  0.83  0.72 ]
[ 0.73  0.93  0.66  0.60  0.95  0.20  0.82  0.62  0.60  0.30  0.92  0.95 ]
[ 0.34  0.93  0.81  0.76  0.86  0.88  0.90  0.94  0.92  0.79  0.98  0.68 ]
[ 0.79  0.20  0.75  0.67  0.63  0.63  0.76  0.95  0.83  0.78  0.93  0.74 ]
[ 0.43  0.95  0.90  0.88  0.79  0.97  0.93  0.31  0.52  0.82  0.70  0.76 ]
[ 0.28  0.36  0.26  0.89  0.83  0.47  0.89  0.23  0.79  0.50  0.67  0.20 ]
[ 0.70  0.57  0.98  0.92  0.95  0.96  0.93  0.67  0.81  0.74  0.84  0.74 ]
[ 0.47  0.95  0.92  0.74  0.90  0.69  0.93  0.73  0.87  0.98  0.59  0.95 ]
[ 0.87  0.88  0.28  0.85  0.97  0.86  0.82  0.91  0.78  0.85  0.85  0.96 ]
[ 0.98  0.57  0.40  0.80  0.70  0.77  0.89  0.92  0.89  0.39  0.79  0.43 ]
[ 0.89  0.62  0.92  0.79  0.95  0.22  0.82  0.93  0.81  0.81  0.79  0.95 ]

01/29 09:40:01 PM | ===
Best loss was 2.06 at iteration 6

01/29 09:40:01 PM | Looking for optimal threshold...
01/29 09:40:01 PM | Testing threshold 0.5
01/29 09:40:01 PM | Distance to target: 25,275,136
01/29 09:40:01 PM | Testing threshold 0.75
01/29 09:40:01 PM | Distance to target: 10,995,136
01/29 09:40:01 PM | Testing threshold 0.625
01/29 09:40:01 PM | Distance to target: 7,852,672
01/29 09:40:01 PM | Testing threshold 0.6875
01/29 09:40:02 PM | Distance to target: 1,363,008
01/29 09:40:02 PM | Testing threshold 0.65625
01/29 09:40:02 PM | Distance to target: 4,605,312
01/29 09:40:02 PM | Testing threshold 0.671875
01/29 09:40:02 PM | Distance to target: 1,428,160
01/29 09:40:02 PM | Testing threshold 0.6796875
01/29 09:40:02 PM | Distance to target: 691,584
01/29 09:40:02 PM | Testing threshold 0.68359375
01/29 09:40:02 PM | Distance to target: 48,448
01/29 09:40:04 PM | attribution_score[0:12]: 
[ 1.00  1.00  1.00  1.00  1.00  1.00  1.00  1.00  1.00  1.00  1.00  1.00 ]
[ 0.00  1.00  0.00  1.00  0.00  1.00  0.00  1.00  0.00  0.00  1.00  0.00 ]
[ 1.00  0.00  0.00  1.00  1.00  1.00  1.00  1.00  1.00  1.00  1.00  1.00 ]
[ 0.00  1.00  0.00  1.00  1.00  0.00  1.00  1.00  0.00  0.00  1.00  0.00 ]
[ 0.00  1.00  0.00  1.00  1.00  1.00  1.00  1.00  1.00  0.00  1.00  1.00 ]
[ 1.00  1.00  1.00  0.00  1.00  0.00  0.00  0.00  0.00  1.00  0.00  1.00 ]
[ 1.00  0.00  1.00  1.00  1.00  1.00  1.00  1.00  1.00  1.00  0.00  1.00 ]
[ 0.00  0.00  0.00  1.00  1.00  0.00  1.00  1.00  1.00  1.00  0.00  0.00 ]
[ 1.00  1.00  1.00  1.00  1.00  0.00  1.00  0.00  0.00  1.00  0.00  1.00 ]
[ 0.00  0.00  0.00  0.00  1.00  0.00  0.00  0.00  0.00  0.00  0.00  1.00 ]
[ 1.00  1.00  1.00  0.00  1.00  0.00  1.00  1.00  1.00  1.00  0.00  0.00 ]
[ 0.00  0.00  0.00  0.00  1.00  1.00  1.00  1.00  0.00  0.00  1.00  0.00 ]
[ 1.00  1.00  1.00  1.00  1.00  0.00  1.00  0.00  1.00  1.00  0.00  1.00 ]
[ 0.00  1.00  1.00  0.00  1.00  1.00  0.00  1.00  0.00  0.00  1.00  0.00 ]
[ 0.00  1.00  1.00  0.00  1.00  1.00  1.00  0.00  1.00  0.00  1.00  1.00 ]
[ 1.00  1.00  0.00  1.00  1.00  1.00  1.00  1.00  1.00  0.00  0.00  0.00 ]
[ 1.00  1.00  1.00  0.00  1.00  0.00  1.00  0.00  1.00  0.00  1.00  1.00 ]
[ 0.00  0.00  0.00  1.00  1.00  0.00  0.00  0.00  0.00  0.00  1.00  0.00 ]
[ 1.00  1.00  1.00  0.00  1.00  0.00  0.00  0.00  1.00  0.00  1.00  0.00 ]
[ 1.00  1.00  1.00  1.00  1.00  1.00  1.00  0.00  1.00  1.00  1.00  1.00 ]
[ 0.00  1.00  1.00  1.00  1.00  0.00  1.00  1.00  1.00  1.00  1.00  1.00 ]
[ 0.00  0.00  0.00  0.00  1.00  0.00  1.00  0.00  1.00  1.00  0.00  1.00 ]
[ 1.00  1.00  1.00  1.00  1.00  1.00  1.00  1.00  0.00  0.00  0.00  0.00 ]
[ 0.00  1.00  0.00  1.00  1.00  0.00  0.00  1.00  0.00  1.00  1.00  0.00 ]
[ 1.00  1.00  1.00  1.00  1.00  1.00  1.00  1.00  1.00  0.00  1.00  0.00 ]
[ 1.00  1.00  0.00  1.00  0.00  0.00  0.00  1.00  0.00  0.00  1.00  0.00 ]
[ 1.00  1.00  1.00  0.00  1.00  1.00  0.00  0.00  1.00  1.00  0.00  1.00 ]
[ 0.00  0.00  0.00  0.00  0.00  1.00  1.00  0.00  1.00  0.00  1.00  0.00 ]
[ 0.00  1.00  1.00  1.00  1.00  1.00  0.00  1.00  1.00  1.00  0.00  1.00 ]
[ 0.00  0.00  0.00  0.00  0.00  0.00  1.00  0.00  0.00  0.00  0.00  0.00 ]
[ 0.00  1.00  1.00  1.00  1.00  1.00  1.00  1.00  0.00  1.00  1.00  1.00 ]
[ 0.00  0.00  1.00  1.00  0.00  0.00  0.00  1.00  1.00  1.00  0.00  1.00 ]
[ 0.00  1.00  1.00  1.00  1.00  0.00  1.00  0.00  0.00  1.00  1.00  1.00 ]
[ 0.00  0.00  0.00  1.00  1.00  0.00  0.00  0.00  1.00  0.00  0.00  0.00 ]
[ 0.00  1.00  1.00  1.00  0.00  1.00  1.00  1.00  1.00  1.00  0.00  0.00 ]
[ 1.00  1.00  1.00  0.00  0.00  1.00  1.00  0.00  0.00  1.00  1.00  0.00 ]
[ 1.00  1.00  0.00  1.00  1.00  0.00  0.00  0.00  0.00  1.00  0.00  1.00 ]
[ 1.00  1.00  1.00  1.00  1.00  1.00  1.00  1.00  1.00  1.00  1.00  0.00 ]
[ 1.00  1.00  1.00  1.00  1.00  0.00  1.00  0.00  1.00  1.00  1.00  1.00 ]
[ 0.00  1.00  1.00  1.00  1.00  0.00  1.00  1.00  1.00  1.00  1.00  1.00 ]
[ 1.00  1.00  1.00  1.00  1.00  1.00  1.00  1.00  1.00  0.00  1.00  1.00 ]
[ 0.00  1.00  0.00  0.00  1.00  0.00  0.00  1.00  0.00  1.00  1.00  1.00 ]
[ 1.00  1.00  0.00  1.00  1.00  1.00  1.00  1.00  1.00  0.00  1.00  1.00 ]
[ 1.00  1.00  1.00  1.00  0.00  1.00  0.00  1.00  1.00  0.00  0.00  0.00 ]
[ 1.00  1.00  0.00  1.00  0.00  1.00  1.00  0.00  1.00  0.00  1.00  0.00 ]
[ 1.00  1.00  1.00  0.00  1.00  0.00  1.00  0.00  0.00  0.00  1.00  1.00 ]
[ 0.00  1.00  1.00  1.00  1.00  1.00  1.00  1.00  1.00  1.00  1.00  0.00 ]
[ 1.00  0.00  1.00  0.00  0.00  0.00  1.00  1.00  1.00  1.00  1.00  0.00 ]
[ 0.00  1.00  1.00  1.00  1.00  1.00  1.00  0.00  0.00  1.00  0.00  1.00 ]
[ 0.00  0.00  0.00  1.00  1.00  0.00  1.00  0.00  1.00  0.00  1.00  0.00 ]
[ 1.00  0.00  1.00  1.00  1.00  1.00  1.00  1.00  1.00  1.00  1.00  1.00 ]
[ 0.00  1.00  1.00  1.00  1.00  1.00  1.00  1.00  1.00  1.00  0.00  1.00 ]
[ 1.00  1.00  0.00  1.00  1.00  1.00  1.00  1.00  1.00  1.00  1.00  1.00 ]
[ 1.00  0.00  0.00  1.00  1.00  1.00  1.00  1.00  1.00  0.00  1.00  0.00 ]
[ 1.00  1.00  1.00  1.00  1.00  0.00  1.00  1.00  1.00  1.00  1.00  1.00 ]

01/29 09:40:04 PM | ResNet(
  (conv1): Conv2d(3, 16, kernel_size=(3, 3), stride=(1, 1), padding=(1, 1), bias=False)
  (bn1): BatchNorm2d(16, eps=1e-05, momentum=0.1, affine=True, track_running_stats=True)
  (relu): ReLU(inplace=True)
  (layer1): Sequential(
    (0): BasicBlock(
      (conv1): Conv2d(16, 7, kernel_size=(3, 3), stride=(1, 1), padding=(1, 1), bias=False)
      (bn1): BatchNorm2d(7, eps=1e-05, momentum=0.1, affine=True, track_running_stats=True)
      (relu1): ReLU(inplace=True)
      (conv2): Conv2d(7, 14, kernel_size=(3, 3), stride=(1, 1), padding=(1, 1), bias=False)
      (bn2): BatchNorm2d(14, eps=1e-05, momentum=0.1, affine=True, track_running_stats=True)
      (relu2): ReLU(inplace=True)
      (shortcut): Sequential()
    )
    (1): BasicBlock(
      (conv1): Conv2d(16, 9, kernel_size=(3, 3), stride=(1, 1), padding=(1, 1), bias=False)
      (bn1): BatchNorm2d(9, eps=1e-05, momentum=0.1, affine=True, track_running_stats=True)
      (relu1): ReLU(inplace=True)
      (conv2): Conv2d(9, 13, kernel_size=(3, 3), stride=(1, 1), padding=(1, 1), bias=False)
      (bn2): BatchNorm2d(13, eps=1e-05, momentum=0.1, affine=True, track_running_stats=True)
      (relu2): ReLU(inplace=True)
      (shortcut): Sequential()
    )
    (2): BasicBlock(
      (conv1): Conv2d(16, 7, kernel_size=(3, 3), stride=(1, 1), padding=(1, 1), bias=False)
      (bn1): BatchNorm2d(7, eps=1e-05, momentum=0.1, affine=True, track_running_stats=True)
      (relu1): ReLU(inplace=True)
      (conv2): Conv2d(7, 14, kernel_size=(3, 3), stride=(1, 1), padding=(1, 1), bias=False)
      (bn2): BatchNorm2d(14, eps=1e-05, momentum=0.1, affine=True, track_running_stats=True)
      (relu2): ReLU(inplace=True)
      (shortcut): Sequential()
    )
    (3): BasicBlock(
      (conv1): Conv2d(16, 6, kernel_size=(3, 3), stride=(1, 1), padding=(1, 1), bias=False)
      (bn1): BatchNorm2d(6, eps=1e-05, momentum=0.1, affine=True, track_running_stats=True)
      (relu1): ReLU(inplace=True)
      (conv2): Conv2d(6, 12, kernel_size=(3, 3), stride=(1, 1), padding=(1, 1), bias=False)
      (bn2): BatchNorm2d(12, eps=1e-05, momentum=0.1, affine=True, track_running_stats=True)
      (relu2): ReLU(inplace=True)
      (shortcut): Sequential()
    )
    (4): BasicBlock(
      (conv1): Conv2d(16, 3, kernel_size=(3, 3), stride=(1, 1), padding=(1, 1), bias=False)
      (bn1): BatchNorm2d(3, eps=1e-05, momentum=0.1, affine=True, track_running_stats=True)
      (relu1): ReLU(inplace=True)
      (conv2): Conv2d(3, 12, kernel_size=(3, 3), stride=(1, 1), padding=(1, 1), bias=False)
      (bn2): BatchNorm2d(12, eps=1e-05, momentum=0.1, affine=True, track_running_stats=True)
      (relu2): ReLU(inplace=True)
      (shortcut): Sequential()
    )
    (5): BasicBlock(
      (conv1): Conv2d(16, 5, kernel_size=(3, 3), stride=(1, 1), padding=(1, 1), bias=False)
      (bn1): BatchNorm2d(5, eps=1e-05, momentum=0.1, affine=True, track_running_stats=True)
      (relu1): ReLU(inplace=True)
      (conv2): Conv2d(5, 13, kernel_size=(3, 3), stride=(1, 1), padding=(1, 1), bias=False)
      (bn2): BatchNorm2d(13, eps=1e-05, momentum=0.1, affine=True, track_running_stats=True)
      (relu2): ReLU(inplace=True)
      (shortcut): Sequential()
    )
    (6): BasicBlock(
      (conv1): Conv2d(16, 9, kernel_size=(3, 3), stride=(1, 1), padding=(1, 1), bias=False)
      (bn1): BatchNorm2d(9, eps=1e-05, momentum=0.1, affine=True, track_running_stats=True)
      (relu1): ReLU(inplace=True)
      (conv2): Conv2d(9, 11, kernel_size=(3, 3), stride=(1, 1), padding=(1, 1), bias=False)
      (bn2): BatchNorm2d(11, eps=1e-05, momentum=0.1, affine=True, track_running_stats=True)
      (relu2): ReLU(inplace=True)
      (shortcut): Sequential()
    )
    (7): BasicBlock(
      (conv1): Conv2d(16, 9, kernel_size=(3, 3), stride=(1, 1), padding=(1, 1), bias=False)
      (bn1): BatchNorm2d(9, eps=1e-05, momentum=0.1, affine=True, track_running_stats=True)
      (relu1): ReLU(inplace=True)
      (conv2): Conv2d(9, 12, kernel_size=(3, 3), stride=(1, 1), padding=(1, 1), bias=False)
      (bn2): BatchNorm2d(12, eps=1e-05, momentum=0.1, affine=True, track_running_stats=True)
      (relu2): ReLU(inplace=True)
      (shortcut): Sequential()
    )
    (8): BasicBlock(
      (conv1): Conv2d(16, 4, kernel_size=(3, 3), stride=(1, 1), padding=(1, 1), bias=False)
      (bn1): BatchNorm2d(4, eps=1e-05, momentum=0.1, affine=True, track_running_stats=True)
      (relu1): ReLU(inplace=True)
      (conv2): Conv2d(4, 10, kernel_size=(3, 3), stride=(1, 1), padding=(1, 1), bias=False)
      (bn2): BatchNorm2d(10, eps=1e-05, momentum=0.1, affine=True, track_running_stats=True)
      (relu2): ReLU(inplace=True)
      (shortcut): Sequential()
    )
  )
  (layer2): Sequential(
    (0): BasicBlock(
      (conv1): Conv2d(16, 30, kernel_size=(3, 3), stride=(2, 2), padding=(1, 1), bias=False)
      (bn1): BatchNorm2d(30, eps=1e-05, momentum=0.1, affine=True, track_running_stats=True)
      (relu1): ReLU(inplace=True)
      (conv2): Conv2d(30, 30, kernel_size=(3, 3), stride=(1, 1), padding=(1, 1), bias=False)
      (bn2): BatchNorm2d(30, eps=1e-05, momentum=0.1, affine=True, track_running_stats=True)
      (relu2): ReLU(inplace=True)
      (shortcut): LambdaLayer()
    )
    (1): BasicBlock(
      (conv1): Conv2d(32, 9, kernel_size=(3, 3), stride=(1, 1), padding=(1, 1), bias=False)
      (bn1): BatchNorm2d(9, eps=1e-05, momentum=0.1, affine=True, track_running_stats=True)
      (relu1): ReLU(inplace=True)
      (conv2): Conv2d(9, 20, kernel_size=(3, 3), stride=(1, 1), padding=(1, 1), bias=False)
      (bn2): BatchNorm2d(20, eps=1e-05, momentum=0.1, affine=True, track_running_stats=True)
      (relu2): ReLU(inplace=True)
      (shortcut): Sequential()
    )
    (2): BasicBlock(
      (conv1): Conv2d(32, 11, kernel_size=(3, 3), stride=(1, 1), padding=(1, 1), bias=False)
      (bn1): BatchNorm2d(11, eps=1e-05, momentum=0.1, affine=True, track_running_stats=True)
      (relu1): ReLU(inplace=True)
      (conv2): Conv2d(11, 22, kernel_size=(3, 3), stride=(1, 1), padding=(1, 1), bias=False)
      (bn2): BatchNorm2d(22, eps=1e-05, momentum=0.1, affine=True, track_running_stats=True)
      (relu2): ReLU(inplace=True)
      (shortcut): Sequential()
    )
    (3): BasicBlock(
      (conv1): Conv2d(32, 14, kernel_size=(3, 3), stride=(1, 1), padding=(1, 1), bias=False)
      (bn1): BatchNorm2d(14, eps=1e-05, momentum=0.1, affine=True, track_running_stats=True)
      (relu1): ReLU(inplace=True)
      (conv2): Conv2d(14, 25, kernel_size=(3, 3), stride=(1, 1), padding=(1, 1), bias=False)
      (bn2): BatchNorm2d(25, eps=1e-05, momentum=0.1, affine=True, track_running_stats=True)
      (relu2): ReLU(inplace=True)
      (shortcut): Sequential()
    )
    (4): BasicBlock(
      (conv1): Conv2d(32, 14, kernel_size=(3, 3), stride=(1, 1), padding=(1, 1), bias=False)
      (bn1): BatchNorm2d(14, eps=1e-05, momentum=0.1, affine=True, track_running_stats=True)
      (relu1): ReLU(inplace=True)
      (conv2): Conv2d(14, 24, kernel_size=(3, 3), stride=(1, 1), padding=(1, 1), bias=False)
      (bn2): BatchNorm2d(24, eps=1e-05, momentum=0.1, affine=True, track_running_stats=True)
      (relu2): ReLU(inplace=True)
      (shortcut): Sequential()
    )
    (5): BasicBlock(
      (conv1): Conv2d(32, 7, kernel_size=(3, 3), stride=(1, 1), padding=(1, 1), bias=False)
      (bn1): BatchNorm2d(7, eps=1e-05, momentum=0.1, affine=True, track_running_stats=True)
      (relu1): ReLU(inplace=True)
      (conv2): Conv2d(7, 25, kernel_size=(3, 3), stride=(1, 1), padding=(1, 1), bias=False)
      (bn2): BatchNorm2d(25, eps=1e-05, momentum=0.1, affine=True, track_running_stats=True)
      (relu2): ReLU(inplace=True)
      (shortcut): Sequential()
    )
    (6): BasicBlock(
      (conv1): Conv2d(32, 12, kernel_size=(3, 3), stride=(1, 1), padding=(1, 1), bias=False)
      (bn1): BatchNorm2d(12, eps=1e-05, momentum=0.1, affine=True, track_running_stats=True)
      (relu1): ReLU(inplace=True)
      (conv2): Conv2d(12, 22, kernel_size=(3, 3), stride=(1, 1), padding=(1, 1), bias=False)
      (bn2): BatchNorm2d(22, eps=1e-05, momentum=0.1, affine=True, track_running_stats=True)
      (relu2): ReLU(inplace=True)
      (shortcut): Sequential()
    )
    (7): BasicBlock(
      (conv1): Conv2d(32, 7, kernel_size=(3, 3), stride=(1, 1), padding=(1, 1), bias=False)
      (bn1): BatchNorm2d(7, eps=1e-05, momentum=0.1, affine=True, track_running_stats=True)
      (relu1): ReLU(inplace=True)
      (conv2): Conv2d(7, 22, kernel_size=(3, 3), stride=(1, 1), padding=(1, 1), bias=False)
      (bn2): BatchNorm2d(22, eps=1e-05, momentum=0.1, affine=True, track_running_stats=True)
      (relu2): ReLU(inplace=True)
      (shortcut): Sequential()
    )
    (8): BasicBlock(
      (conv1): Conv2d(32, 16, kernel_size=(3, 3), stride=(1, 1), padding=(1, 1), bias=False)
      (bn1): BatchNorm2d(16, eps=1e-05, momentum=0.1, affine=True, track_running_stats=True)
      (relu1): ReLU(inplace=True)
      (conv2): Conv2d(16, 21, kernel_size=(3, 3), stride=(1, 1), padding=(1, 1), bias=False)
      (bn2): BatchNorm2d(21, eps=1e-05, momentum=0.1, affine=True, track_running_stats=True)
      (relu2): ReLU(inplace=True)
      (shortcut): Sequential()
    )
  )
  (layer3): Sequential(
    (0): BasicBlock(
      (conv1): Conv2d(32, 56, kernel_size=(3, 3), stride=(2, 2), padding=(1, 1), bias=False)
      (bn1): BatchNorm2d(56, eps=1e-05, momentum=0.1, affine=True, track_running_stats=True)
      (relu1): ReLU(inplace=True)
      (conv2): Conv2d(56, 59, kernel_size=(3, 3), stride=(1, 1), padding=(1, 1), bias=False)
      (bn2): BatchNorm2d(59, eps=1e-05, momentum=0.1, affine=True, track_running_stats=True)
      (relu2): ReLU(inplace=True)
      (shortcut): LambdaLayer()
    )
    (1): BasicBlock(
      (conv1): Conv2d(64, 45, kernel_size=(3, 3), stride=(1, 1), padding=(1, 1), bias=False)
      (bn1): BatchNorm2d(45, eps=1e-05, momentum=0.1, affine=True, track_running_stats=True)
      (relu1): ReLU(inplace=True)
      (conv2): Conv2d(45, 48, kernel_size=(3, 3), stride=(1, 1), padding=(1, 1), bias=False)
      (bn2): BatchNorm2d(48, eps=1e-05, momentum=0.1, affine=True, track_running_stats=True)
      (relu2): ReLU(inplace=True)
      (shortcut): Sequential()
    )
    (2): BasicBlock(
      (conv1): Conv2d(64, 42, kernel_size=(3, 3), stride=(1, 1), padding=(1, 1), bias=False)
      (bn1): BatchNorm2d(42, eps=1e-05, momentum=0.1, affine=True, track_running_stats=True)
      (relu1): ReLU(inplace=True)
      (conv2): Conv2d(42, 49, kernel_size=(3, 3), stride=(1, 1), padding=(1, 1), bias=False)
      (bn2): BatchNorm2d(49, eps=1e-05, momentum=0.1, affine=True, track_running_stats=True)
      (relu2): ReLU(inplace=True)
      (shortcut): Sequential()
    )
    (3): BasicBlock(
      (conv1): Conv2d(64, 32, kernel_size=(3, 3), stride=(1, 1), padding=(1, 1), bias=False)
      (bn1): BatchNorm2d(32, eps=1e-05, momentum=0.1, affine=True, track_running_stats=True)
      (relu1): ReLU(inplace=True)
      (conv2): Conv2d(32, 45, kernel_size=(3, 3), stride=(1, 1), padding=(1, 1), bias=False)
      (bn2): BatchNorm2d(45, eps=1e-05, momentum=0.1, affine=True, track_running_stats=True)
      (relu2): ReLU(inplace=True)
      (shortcut): Sequential()
    )
    (4): BasicBlock(
      (conv1): Conv2d(64, 40, kernel_size=(3, 3), stride=(1, 1), padding=(1, 1), bias=False)
      (bn1): BatchNorm2d(40, eps=1e-05, momentum=0.1, affine=True, track_running_stats=True)
      (relu1): ReLU(inplace=True)
      (conv2): Conv2d(40, 56, kernel_size=(3, 3), stride=(1, 1), padding=(1, 1), bias=False)
      (bn2): BatchNorm2d(56, eps=1e-05, momentum=0.1, affine=True, track_running_stats=True)
      (relu2): ReLU(inplace=True)
      (shortcut): Sequential()
    )
    (5): BasicBlock(
      (conv1): Conv2d(64, 39, kernel_size=(3, 3), stride=(1, 1), padding=(1, 1), bias=False)
      (bn1): BatchNorm2d(39, eps=1e-05, momentum=0.1, affine=True, track_running_stats=True)
      (relu1): ReLU(inplace=True)
      (conv2): Conv2d(39, 44, kernel_size=(3, 3), stride=(1, 1), padding=(1, 1), bias=False)
      (bn2): BatchNorm2d(44, eps=1e-05, momentum=0.1, affine=True, track_running_stats=True)
      (relu2): ReLU(inplace=True)
      (shortcut): Sequential()
    )
    (6): BasicBlock(
      (conv1): Conv2d(64, 44, kernel_size=(3, 3), stride=(1, 1), padding=(1, 1), bias=False)
      (bn1): BatchNorm2d(44, eps=1e-05, momentum=0.1, affine=True, track_running_stats=True)
      (relu1): ReLU(inplace=True)
      (conv2): Conv2d(44, 47, kernel_size=(3, 3), stride=(1, 1), padding=(1, 1), bias=False)
      (bn2): BatchNorm2d(47, eps=1e-05, momentum=0.1, affine=True, track_running_stats=True)
      (relu2): ReLU(inplace=True)
      (shortcut): Sequential()
    )
    (7): BasicBlock(
      (conv1): Conv2d(64, 45, kernel_size=(3, 3), stride=(1, 1), padding=(1, 1), bias=False)
      (bn1): BatchNorm2d(45, eps=1e-05, momentum=0.1, affine=True, track_running_stats=True)
      (relu1): ReLU(inplace=True)
      (conv2): Conv2d(45, 53, kernel_size=(3, 3), stride=(1, 1), padding=(1, 1), bias=False)
      (bn2): BatchNorm2d(53, eps=1e-05, momentum=0.1, affine=True, track_running_stats=True)
      (relu2): ReLU(inplace=True)
      (shortcut): Sequential()
    )
    (8): BasicBlock(
      (conv1): Conv2d(64, 51, kernel_size=(3, 3), stride=(1, 1), padding=(1, 1), bias=False)
      (bn1): BatchNorm2d(51, eps=1e-05, momentum=0.1, affine=True, track_running_stats=True)
      (relu1): ReLU(inplace=True)
      (conv2): Conv2d(51, 45, kernel_size=(3, 3), stride=(1, 1), padding=(1, 1), bias=False)
      (bn2): BatchNorm2d(45, eps=1e-05, momentum=0.1, affine=True, track_running_stats=True)
      (relu2): ReLU(inplace=True)
      (shortcut): Sequential()
    )
  )
  (avgpool): AdaptiveAvgPool2d(output_size=(1, 1))
  (linear): Linear(in_features=64, out_features=10, bias=True)
)
01/29 09:40:12 PM | ----------------------------------------
01/29 09:40:12 PM | Performances input model:
01/29 09:40:12 PM |  - flops: 126,554,816
01/29 09:40:12 PM |  - params: 853,018
01/29 09:40:12 PM |  - accuracy: 93.2699966430664
01/29 09:40:12 PM | ----------------------------------------
01/29 09:40:12 PM | Performances pseudo-pruned model:
01/29 09:40:12 PM |  - flops: 126,554,816
01/29 09:40:12 PM |  - params: 853,018
01/29 09:40:12 PM |  - accuracy: 31.759998321533203
01/29 09:40:12 PM | ----------------------------------------
01/29 09:40:12 PM | Performances pruned model:
01/29 09:40:12 PM |  - flops: 55,888,448
01/29 09:40:12 PM |  - params: 463,372
01/29 09:40:12 PM |  - accuracy: 31.759998321533203
01/29 09:40:12 PM | ----------------------------------------
01/29 09:40:12 PM | Total time: 32.91s
