01/29 09:50:18 PM | args = Namespace(output_dir='result/rebuttal/nb_epoch/vgg/nbbtchs275/seed_00', loaded_model_path='./checkpoints/cifar10/vgg_16_bn.pt', resume=False, test_only=False, mode='prune', batch_size=64, nb_batches=275, Mflops_target=None, lr=0.6, momentum=0.9, beta=6, gamma=0.4, gpu='0', num_workers=4, dataset='cifar10', arch='vgg_16_bn', save_plot=False, seed=0, lr_finetuning=0.02, epoch_finetuning=200, wd=0.002, data_dir='./data/cifar10/', print_freq=200, num_classes=10, device_ids=[0], device=device(type='cuda', index=0), name_base='')
01/29 09:50:23 PM | ----------------------------------------
01/29 09:50:23 PM | ==> Building model...
01/29 09:50:23 PM | ----------------------------------------
01/29 09:50:23 PM | ==> Loading weights into the model...
01/29 09:50:23 PM | ----------------------------------------
01/29 09:50:23 PM | VGG(
  (features): Sequential(
    (conv0): Conv2d(3, 64, kernel_size=(3, 3), stride=(1, 1), padding=(1, 1))
    (norm0): BatchNorm2d(64, eps=1e-05, momentum=0.1, affine=True, track_running_stats=True)
    (relu0): ReLU(inplace=True)
    (conv1): Conv2d(64, 64, kernel_size=(3, 3), stride=(1, 1), padding=(1, 1))
    (norm1): BatchNorm2d(64, eps=1e-05, momentum=0.1, affine=True, track_running_stats=True)
    (relu1): ReLU(inplace=True)
    (pool2): MaxPool2d(kernel_size=2, stride=2, padding=0, dilation=1, ceil_mode=False)
    (conv3): Conv2d(64, 128, kernel_size=(3, 3), stride=(1, 1), padding=(1, 1))
    (norm3): BatchNorm2d(128, eps=1e-05, momentum=0.1, affine=True, track_running_stats=True)
    (relu3): ReLU(inplace=True)
    (conv4): Conv2d(128, 128, kernel_size=(3, 3), stride=(1, 1), padding=(1, 1))
    (norm4): BatchNorm2d(128, eps=1e-05, momentum=0.1, affine=True, track_running_stats=True)
    (relu4): ReLU(inplace=True)
    (pool5): MaxPool2d(kernel_size=2, stride=2, padding=0, dilation=1, ceil_mode=False)
    (conv6): Conv2d(128, 256, kernel_size=(3, 3), stride=(1, 1), padding=(1, 1))
    (norm6): BatchNorm2d(256, eps=1e-05, momentum=0.1, affine=True, track_running_stats=True)
    (relu6): ReLU(inplace=True)
    (conv7): Conv2d(256, 256, kernel_size=(3, 3), stride=(1, 1), padding=(1, 1))
    (norm7): BatchNorm2d(256, eps=1e-05, momentum=0.1, affine=True, track_running_stats=True)
    (relu7): ReLU(inplace=True)
    (conv8): Conv2d(256, 256, kernel_size=(3, 3), stride=(1, 1), padding=(1, 1))
    (norm8): BatchNorm2d(256, eps=1e-05, momentum=0.1, affine=True, track_running_stats=True)
    (relu8): ReLU(inplace=True)
    (pool9): MaxPool2d(kernel_size=2, stride=2, padding=0, dilation=1, ceil_mode=False)
    (conv10): Conv2d(256, 512, kernel_size=(3, 3), stride=(1, 1), padding=(1, 1))
    (norm10): BatchNorm2d(512, eps=1e-05, momentum=0.1, affine=True, track_running_stats=True)
    (relu10): ReLU(inplace=True)
    (conv11): Conv2d(512, 512, kernel_size=(3, 3), stride=(1, 1), padding=(1, 1))
    (norm11): BatchNorm2d(512, eps=1e-05, momentum=0.1, affine=True, track_running_stats=True)
    (relu11): ReLU(inplace=True)
    (conv12): Conv2d(512, 512, kernel_size=(3, 3), stride=(1, 1), padding=(1, 1))
    (norm12): BatchNorm2d(512, eps=1e-05, momentum=0.1, affine=True, track_running_stats=True)
    (relu12): ReLU(inplace=True)
    (pool13): MaxPool2d(kernel_size=2, stride=2, padding=0, dilation=1, ceil_mode=False)
    (conv14): Conv2d(512, 512, kernel_size=(3, 3), stride=(1, 1), padding=(1, 1))
    (norm14): BatchNorm2d(512, eps=1e-05, momentum=0.1, affine=True, track_running_stats=True)
    (relu14): ReLU(inplace=True)
    (conv15): Conv2d(512, 512, kernel_size=(3, 3), stride=(1, 1), padding=(1, 1))
    (norm15): BatchNorm2d(512, eps=1e-05, momentum=0.1, affine=True, track_running_stats=True)
    (relu15): ReLU(inplace=True)
    (conv16): Conv2d(512, 512, kernel_size=(3, 3), stride=(1, 1), padding=(1, 1))
    (norm16): BatchNorm2d(512, eps=1e-05, momentum=0.1, affine=True, track_running_stats=True)
    (relu16): ReLU(inplace=True)
  )
  (classifier): Sequential(
    (linear1): Linear(in_features=512, out_features=512, bias=True)
    (norm1): BatchNorm1d(512, eps=1e-05, momentum=0.1, affine=True, track_running_stats=True)
    (relu1): ReLU(inplace=True)
    (linear2): Linear(in_features=512, out_features=10, bias=True)
  )
)
01/29 09:50:25 PM | Save modules info...
01/29 09:50:25 PM | FLOPS pruning ratio is 0.65
01/29 09:50:25 PM | Pruning with information flow
01/29 09:50:25 PM | -----
01/29 09:50:25 PM | module: Conv2d(3, 64, kernel_size=(3, 3), stride=(1, 1), padding=(1, 1))
01/29 09:50:25 PM | cin: None
01/29 09:50:25 PM | cout: [0]
01/29 09:50:25 PM | inactive
01/29 09:50:25 PM | -----
01/29 09:50:25 PM | module: BatchNorm2d(64, eps=1e-05, momentum=0.1, affine=True, track_running_stats=True)
01/29 09:50:25 PM | cin: [0]
01/29 09:50:25 PM | cout: [0]
01/29 09:50:25 PM | inactive
01/29 09:50:25 PM | -----
01/29 09:50:25 PM | module: ReLU(inplace=True)
01/29 09:50:25 PM | cin: [0]
01/29 09:50:25 PM | cout: [0]
01/29 09:50:25 PM | active
01/29 09:50:25 PM | -----
01/29 09:50:25 PM | module: Conv2d(64, 64, kernel_size=(3, 3), stride=(1, 1), padding=(1, 1))
01/29 09:50:25 PM | cin: [0]
01/29 09:50:25 PM | cout: [1]
01/29 09:50:25 PM | inactive
01/29 09:50:25 PM | -----
01/29 09:50:25 PM | module: BatchNorm2d(64, eps=1e-05, momentum=0.1, affine=True, track_running_stats=True)
01/29 09:50:25 PM | cin: [1]
01/29 09:50:25 PM | cout: [1]
01/29 09:50:25 PM | inactive
01/29 09:50:25 PM | -----
01/29 09:50:25 PM | module: ReLU(inplace=True)
01/29 09:50:25 PM | cin: [1]
01/29 09:50:25 PM | cout: [1]
01/29 09:50:25 PM | active
01/29 09:50:25 PM | -----
01/29 09:50:25 PM | module: MaxPool2d(kernel_size=2, stride=2, padding=0, dilation=1, ceil_mode=False)
01/29 09:50:25 PM | cin: [1]
01/29 09:50:25 PM | cout: [1]
01/29 09:50:25 PM | inactive
01/29 09:50:25 PM | -----
01/29 09:50:25 PM | module: Conv2d(64, 128, kernel_size=(3, 3), stride=(1, 1), padding=(1, 1))
01/29 09:50:25 PM | cin: [1]
01/29 09:50:25 PM | cout: [2]
01/29 09:50:25 PM | inactive
01/29 09:50:25 PM | -----
01/29 09:50:25 PM | module: BatchNorm2d(128, eps=1e-05, momentum=0.1, affine=True, track_running_stats=True)
01/29 09:50:25 PM | cin: [2]
01/29 09:50:25 PM | cout: [2]
01/29 09:50:25 PM | inactive
01/29 09:50:25 PM | -----
01/29 09:50:25 PM | module: ReLU(inplace=True)
01/29 09:50:25 PM | cin: [2]
01/29 09:50:25 PM | cout: [2]
01/29 09:50:25 PM | active
01/29 09:50:25 PM | -----
01/29 09:50:25 PM | module: Conv2d(128, 128, kernel_size=(3, 3), stride=(1, 1), padding=(1, 1))
01/29 09:50:25 PM | cin: [2]
01/29 09:50:25 PM | cout: [3]
01/29 09:50:25 PM | inactive
01/29 09:50:25 PM | -----
01/29 09:50:25 PM | module: BatchNorm2d(128, eps=1e-05, momentum=0.1, affine=True, track_running_stats=True)
01/29 09:50:25 PM | cin: [3]
01/29 09:50:25 PM | cout: [3]
01/29 09:50:25 PM | inactive
01/29 09:50:25 PM | -----
01/29 09:50:25 PM | module: ReLU(inplace=True)
01/29 09:50:25 PM | cin: [3]
01/29 09:50:25 PM | cout: [3]
01/29 09:50:25 PM | active
01/29 09:50:25 PM | -----
01/29 09:50:25 PM | module: MaxPool2d(kernel_size=2, stride=2, padding=0, dilation=1, ceil_mode=False)
01/29 09:50:25 PM | cin: [3]
01/29 09:50:25 PM | cout: [3]
01/29 09:50:25 PM | inactive
01/29 09:50:25 PM | -----
01/29 09:50:25 PM | module: Conv2d(128, 256, kernel_size=(3, 3), stride=(1, 1), padding=(1, 1))
01/29 09:50:25 PM | cin: [3]
01/29 09:50:25 PM | cout: [4]
01/29 09:50:25 PM | inactive
01/29 09:50:25 PM | -----
01/29 09:50:25 PM | module: BatchNorm2d(256, eps=1e-05, momentum=0.1, affine=True, track_running_stats=True)
01/29 09:50:25 PM | cin: [4]
01/29 09:50:25 PM | cout: [4]
01/29 09:50:25 PM | inactive
01/29 09:50:25 PM | -----
01/29 09:50:25 PM | module: ReLU(inplace=True)
01/29 09:50:25 PM | cin: [4]
01/29 09:50:25 PM | cout: [4]
01/29 09:50:25 PM | active
01/29 09:50:25 PM | -----
01/29 09:50:25 PM | module: Conv2d(256, 256, kernel_size=(3, 3), stride=(1, 1), padding=(1, 1))
01/29 09:50:25 PM | cin: [4]
01/29 09:50:25 PM | cout: [5]
01/29 09:50:25 PM | inactive
01/29 09:50:25 PM | -----
01/29 09:50:25 PM | module: BatchNorm2d(256, eps=1e-05, momentum=0.1, affine=True, track_running_stats=True)
01/29 09:50:25 PM | cin: [5]
01/29 09:50:25 PM | cout: [5]
01/29 09:50:25 PM | inactive
01/29 09:50:25 PM | -----
01/29 09:50:25 PM | module: ReLU(inplace=True)
01/29 09:50:25 PM | cin: [5]
01/29 09:50:25 PM | cout: [5]
01/29 09:50:25 PM | active
01/29 09:50:25 PM | -----
01/29 09:50:25 PM | module: Conv2d(256, 256, kernel_size=(3, 3), stride=(1, 1), padding=(1, 1))
01/29 09:50:25 PM | cin: [5]
01/29 09:50:25 PM | cout: [6]
01/29 09:50:25 PM | inactive
01/29 09:50:25 PM | -----
01/29 09:50:25 PM | module: BatchNorm2d(256, eps=1e-05, momentum=0.1, affine=True, track_running_stats=True)
01/29 09:50:25 PM | cin: [6]
01/29 09:50:25 PM | cout: [6]
01/29 09:50:25 PM | inactive
01/29 09:50:25 PM | -----
01/29 09:50:25 PM | module: ReLU(inplace=True)
01/29 09:50:25 PM | cin: [6]
01/29 09:50:25 PM | cout: [6]
01/29 09:50:25 PM | active
01/29 09:50:25 PM | -----
01/29 09:50:25 PM | module: MaxPool2d(kernel_size=2, stride=2, padding=0, dilation=1, ceil_mode=False)
01/29 09:50:25 PM | cin: [6]
01/29 09:50:25 PM | cout: [6]
01/29 09:50:25 PM | inactive
01/29 09:50:25 PM | -----
01/29 09:50:25 PM | module: Conv2d(256, 512, kernel_size=(3, 3), stride=(1, 1), padding=(1, 1))
01/29 09:50:25 PM | cin: [6]
01/29 09:50:25 PM | cout: [7]
01/29 09:50:25 PM | inactive
01/29 09:50:25 PM | -----
01/29 09:50:25 PM | module: BatchNorm2d(512, eps=1e-05, momentum=0.1, affine=True, track_running_stats=True)
01/29 09:50:25 PM | cin: [7]
01/29 09:50:25 PM | cout: [7]
01/29 09:50:25 PM | inactive
01/29 09:50:25 PM | -----
01/29 09:50:25 PM | module: ReLU(inplace=True)
01/29 09:50:25 PM | cin: [7]
01/29 09:50:25 PM | cout: [7]
01/29 09:50:25 PM | active
01/29 09:50:25 PM | -----
01/29 09:50:25 PM | module: Conv2d(512, 512, kernel_size=(3, 3), stride=(1, 1), padding=(1, 1))
01/29 09:50:25 PM | cin: [7]
01/29 09:50:25 PM | cout: [8]
01/29 09:50:25 PM | inactive
01/29 09:50:25 PM | -----
01/29 09:50:25 PM | module: BatchNorm2d(512, eps=1e-05, momentum=0.1, affine=True, track_running_stats=True)
01/29 09:50:25 PM | cin: [8]
01/29 09:50:25 PM | cout: [8]
01/29 09:50:25 PM | inactive
01/29 09:50:25 PM | -----
01/29 09:50:25 PM | module: ReLU(inplace=True)
01/29 09:50:25 PM | cin: [8]
01/29 09:50:25 PM | cout: [8]
01/29 09:50:25 PM | active
01/29 09:50:25 PM | -----
01/29 09:50:25 PM | module: Conv2d(512, 512, kernel_size=(3, 3), stride=(1, 1), padding=(1, 1))
01/29 09:50:25 PM | cin: [8]
01/29 09:50:25 PM | cout: [9]
01/29 09:50:25 PM | inactive
01/29 09:50:25 PM | -----
01/29 09:50:25 PM | module: BatchNorm2d(512, eps=1e-05, momentum=0.1, affine=True, track_running_stats=True)
01/29 09:50:25 PM | cin: [9]
01/29 09:50:25 PM | cout: [9]
01/29 09:50:25 PM | inactive
01/29 09:50:25 PM | -----
01/29 09:50:25 PM | module: ReLU(inplace=True)
01/29 09:50:25 PM | cin: [9]
01/29 09:50:25 PM | cout: [9]
01/29 09:50:25 PM | active
01/29 09:50:25 PM | -----
01/29 09:50:25 PM | module: MaxPool2d(kernel_size=2, stride=2, padding=0, dilation=1, ceil_mode=False)
01/29 09:50:25 PM | cin: [9]
01/29 09:50:25 PM | cout: [9]
01/29 09:50:25 PM | inactive
01/29 09:50:25 PM | -----
01/29 09:50:25 PM | module: Conv2d(512, 512, kernel_size=(3, 3), stride=(1, 1), padding=(1, 1))
01/29 09:50:25 PM | cin: [9]
01/29 09:50:25 PM | cout: [10]
01/29 09:50:25 PM | inactive
01/29 09:50:25 PM | -----
01/29 09:50:25 PM | module: BatchNorm2d(512, eps=1e-05, momentum=0.1, affine=True, track_running_stats=True)
01/29 09:50:25 PM | cin: [10]
01/29 09:50:25 PM | cout: [10]
01/29 09:50:25 PM | inactive
01/29 09:50:25 PM | -----
01/29 09:50:25 PM | module: ReLU(inplace=True)
01/29 09:50:25 PM | cin: [10]
01/29 09:50:25 PM | cout: [10]
01/29 09:50:25 PM | active
01/29 09:50:25 PM | -----
01/29 09:50:25 PM | module: Conv2d(512, 512, kernel_size=(3, 3), stride=(1, 1), padding=(1, 1))
01/29 09:50:25 PM | cin: [10]
01/29 09:50:25 PM | cout: [11]
01/29 09:50:25 PM | inactive
01/29 09:50:25 PM | -----
01/29 09:50:25 PM | module: BatchNorm2d(512, eps=1e-05, momentum=0.1, affine=True, track_running_stats=True)
01/29 09:50:25 PM | cin: [11]
01/29 09:50:25 PM | cout: [11]
01/29 09:50:25 PM | inactive
01/29 09:50:25 PM | -----
01/29 09:50:25 PM | module: ReLU(inplace=True)
01/29 09:50:25 PM | cin: [11]
01/29 09:50:25 PM | cout: [11]
01/29 09:50:25 PM | active
01/29 09:50:25 PM | -----
01/29 09:50:25 PM | module: Conv2d(512, 512, kernel_size=(3, 3), stride=(1, 1), padding=(1, 1))
01/29 09:50:25 PM | cin: [11]
01/29 09:50:25 PM | cout: [12]
01/29 09:50:25 PM | inactive
01/29 09:50:25 PM | -----
01/29 09:50:25 PM | module: BatchNorm2d(512, eps=1e-05, momentum=0.1, affine=True, track_running_stats=True)
01/29 09:50:25 PM | cin: [12]
01/29 09:50:25 PM | cout: [12]
01/29 09:50:25 PM | inactive
01/29 09:50:25 PM | -----
01/29 09:50:25 PM | module: ReLU(inplace=True)
01/29 09:50:25 PM | cin: [12]
01/29 09:50:25 PM | cout: [12]
01/29 09:50:25 PM | active
01/29 09:50:25 PM | -----
01/29 09:50:25 PM | module: Linear(in_features=512, out_features=512, bias=True)
01/29 09:50:25 PM | cin: [12]
01/29 09:50:25 PM | cout: None
01/29 09:50:25 PM | inactive
01/29 09:50:25 PM | -----
01/29 09:50:25 PM | module: ReLU(inplace=True)
01/29 09:50:25 PM | cin: None
01/29 09:50:25 PM | cout: None
01/29 09:50:25 PM | active
01/29 09:50:25 PM | -----
01/29 09:50:25 PM | module: Linear(in_features=512, out_features=10, bias=True)
01/29 09:50:25 PM | cin: None
01/29 09:50:25 PM | cout: None
01/29 09:50:25 PM | inactive
01/29 09:50:25 PM | Used masks: [0, 1, 2, 3, 4, 5, 6, 7, 8, 9, 10, 11, 12]
01/29 09:50:25 PM | 13 unique masks in total
01/29 09:50:25 PM | === Batch 1/275
01/29 09:50:26 PM | loss = 0.047 + 4.266 + 0.040 = 4.353
01/29 09:50:26 PM | attribution_score[0:12]: 
[ 0.94  0.83  0.83  0.83  0.83  0.83  0.83  0.83  0.83  0.83  0.83  0.83 ]
[ 0.83  0.83  0.83  0.83  0.83  0.83  0.83  0.83  0.83  0.83  0.83  0.83 ]
[ 0.94  0.83  0.83  0.83  0.83  0.83  0.83  0.83  0.83  0.83  0.83  0.94 ]
[ 0.83  0.83  0.94  0.83  0.83  0.83  0.83  0.83  0.83  0.83  0.83  0.83 ]
[ 0.83  0.83  0.94  0.83  0.83  0.83  0.83  0.83  0.83  0.83  0.83  0.83 ]
[ 0.83  0.83  0.83  0.83  0.83  0.83  0.83  0.83  0.83  0.83  0.83  0.83 ]
[ 0.83  0.83  0.94  0.83  0.83  0.83  0.83  0.83  0.83  0.83  0.83  0.83 ]
[ 0.83  0.83  0.83  0.83  0.83  0.83  0.83  0.83  0.83  0.83  0.83  0.83 ]
[ 0.83  0.83  0.83  0.83  0.83  0.83  0.83  0.83  0.83  0.83  0.83  0.83 ]
[ 0.83  0.83  0.83  0.83  0.83  0.83  0.83  0.83  0.83  0.83  0.83  0.83 ]
[ 0.83  0.83  0.83  0.83  0.83  0.83  0.83  0.83  0.83  0.83  0.94  0.83 ]
[ 0.83  0.94  0.83  0.83  0.83  0.83  0.83  0.94  0.83  0.83  0.83  0.83 ]
[ 0.94  0.94  0.94  0.94  0.94  0.94  0.83  0.83  0.94  0.94  0.94  0.83 ]

01/29 09:50:26 PM | === Batch 2/275
01/29 09:50:26 PM | loss = 0.345 + 3.308 + 0.062 = 3.715
01/29 09:50:27 PM | attribution_score[0:12]: 
[ 0.96  0.88  0.77  0.73  0.75  0.73  0.73  0.73  0.73  0.73  0.73  0.81 ]
[ 0.87  0.76  0.75  0.74  0.87  0.73  0.74  0.73  0.73  0.86  0.88  0.74 ]
[ 0.96  0.88  0.74  0.88  0.73  0.88  0.86  0.77  0.74  0.74  0.73  0.96 ]
[ 0.73  0.83  0.96  0.74  0.76  0.73  0.85  0.87  0.81  0.85  0.73  0.88 ]
[ 0.83  0.76  0.96  0.74  0.75  0.73  0.73  0.75  0.74  0.74  0.86  0.85 ]
[ 0.73  0.75  0.77  0.74  0.73  0.80  0.74  0.74  0.73  0.74  0.73  0.86 ]
[ 0.74  0.73  0.94  0.74  0.74  0.75  0.74  0.73  0.76  0.74  0.86  0.75 ]
[ 0.73  0.73  0.73  0.73  0.74  0.73  0.73  0.73  0.74  0.73  0.73  0.82 ]
[ 0.75  0.73  0.73  0.73  0.74  0.73  0.73  0.73  0.74  0.73  0.80  0.73 ]
[ 0.73  0.73  0.73  0.73  0.85  0.74  0.73  0.73  0.74  0.73  0.75  0.73 ]
[ 0.73  0.75  0.85  0.74  0.73  0.86  0.73  0.75  0.81  0.73  0.96  0.74 ]
[ 0.88  0.97  0.76  0.87  0.88  0.86  0.74  0.97  0.84  0.88  0.87  0.74 ]
[ 0.97  0.96  0.97  0.91  0.97  0.96  0.88  0.88  0.96  0.97  0.97  0.73 ]

01/29 09:50:27 PM | === Batch 3/275
01/29 09:50:27 PM | loss = 0.339 + 2.497 + 0.081 = 2.918
01/29 09:50:27 PM | attribution_score[0:12]: 
[ 0.98  0.90  0.68  0.60  0.64  0.61  0.60  0.60  0.60  0.60  0.61  0.86 ]
[ 0.89  0.66  0.78  0.61  0.90  0.67  0.63  0.61  0.69  0.90  0.91  0.62 ]
[ 0.97  0.91  0.62  0.92  0.60  0.92  0.86  0.68  0.62  0.62  0.60  0.98 ]
[ 0.61  0.84  0.97  0.70  0.66  0.76  0.80  0.90  0.81  0.82  0.68  0.91 ]
[ 0.78  0.66  0.97  0.63  0.79  0.60  0.60  0.64  0.75  0.61  0.85  0.85 ]
[ 0.62  0.65  0.68  0.61  0.60  0.74  0.61  0.62  0.62  0.62  0.60  0.85 ]
[ 0.64  0.61  0.94  0.64  0.64  0.64  0.61  0.69  0.66  0.78  0.90  0.63 ]
[ 0.60  0.60  0.61  0.60  0.61  0.60  0.60  0.60  0.70  0.61  0.60  0.80 ]
[ 0.65  0.67  0.60  0.60  0.62  0.60  0.60  0.60  0.66  0.60  0.80  0.68 ]
[ 0.64  0.61  0.60  0.60  0.87  0.67  0.60  0.60  0.72  0.60  0.63  0.63 ]
[ 0.61  0.79  0.89  0.61  0.61  0.90  0.79  0.76  0.86  0.71  0.98  0.75 ]
[ 0.91  0.98  0.78  0.91  0.93  0.89  0.79  0.98  0.81  0.92  0.91  0.80 ]
[ 0.98  0.98  0.98  0.90  0.98  0.98  0.92  0.93  0.98  0.98  0.98  0.60 ]

01/29 09:50:27 PM | === Batch 4/275
01/29 09:50:27 PM | loss = 0.558 + 1.677 + 0.101 = 2.336
01/29 09:50:27 PM | attribution_score[0:12]: 
[ 0.98  0.92  0.57  0.46  0.50  0.47  0.46  0.45  0.45  0.46  0.46  0.84 ]
[ 0.90  0.56  0.83  0.47  0.90  0.58  0.61  0.46  0.72  0.92  0.91  0.48 ]
[ 0.98  0.94  0.48  0.94  0.45  0.94  0.87  0.64  0.48  0.49  0.48  0.98 ]
[ 0.47  0.85  0.96  0.73  0.57  0.82  0.74  0.92  0.78  0.80  0.64  0.92 ]
[ 0.71  0.53  0.98  0.53  0.85  0.47  0.45  0.51  0.80  0.56  0.82  0.80 ]
[ 0.61  0.64  0.55  0.46  0.47  0.64  0.50  0.50  0.50  0.49  0.45  0.82 ]
[ 0.53  0.47  0.93  0.53  0.52  0.52  0.57  0.73  0.71  0.84  0.94  0.50 ]
[ 0.45  0.46  0.46  0.45  0.50  0.45  0.57  0.45  0.73  0.47  0.48  0.73 ]
[ 0.55  0.71  0.45  0.61  0.50  0.45  0.47  0.47  0.65  0.45  0.83  0.74 ]
[ 0.62  0.47  0.45  0.45  0.84  0.65  0.46  0.45  0.77  0.45  0.52  0.56 ]
[ 0.47  0.85  0.93  0.60  0.64  0.92  0.85  0.79  0.90  0.77  0.99  0.81 ]
[ 0.91  0.99  0.84  0.95  0.95  0.90  0.85  0.99  0.74  0.94  0.94  0.86 ]
[ 0.99  0.99  0.99  0.92  0.99  0.99  0.95  0.96  0.98  0.99  0.99  0.56 ]

01/29 09:50:27 PM | === Batch 5/275
01/29 09:50:28 PM | loss = 0.910 + 1.011 + 0.111 = 2.031
01/29 09:50:28 PM | attribution_score[0:12]: 
[ 0.99  0.93  0.47  0.31  0.37  0.33  0.32  0.31  0.31  0.33  0.32  0.83 ]
[ 0.92  0.45  0.84  0.33  0.90  0.47  0.65  0.32  0.72  0.93  0.91  0.45 ]
[ 0.99  0.95  0.34  0.95  0.32  0.96  0.87  0.61  0.35  0.36  0.35  0.98 ]
[ 0.37  0.81  0.95  0.78  0.49  0.85  0.74  0.94  0.72  0.79  0.63  0.92 ]
[ 0.73  0.53  0.98  0.45  0.89  0.40  0.32  0.38  0.84  0.57  0.79  0.73 ]
[ 0.61  0.69  0.43  0.33  0.34  0.52  0.46  0.44  0.39  0.35  0.31  0.76 ]
[ 0.57  0.35  0.91  0.42  0.59  0.40  0.59  0.80  0.78  0.82  0.95  0.37 ]
[ 0.31  0.32  0.32  0.31  0.48  0.31  0.54  0.31  0.79  0.33  0.37  0.64 ]
[ 0.44  0.73  0.31  0.68  0.37  0.31  0.36  0.34  0.70  0.31  0.82  0.81 ]
[ 0.63  0.36  0.31  0.31  0.79  0.65  0.33  0.31  0.83  0.31  0.40  0.48 ]
[ 0.33  0.90  0.94  0.65  0.72  0.90  0.89  0.77  0.93  0.84  0.99  0.87 ]
[ 0.91  0.99  0.89  0.96  0.97  0.89  0.89  0.99  0.65  0.95  0.96  0.91 ]
[ 0.99  0.99  0.99  0.93  0.99  0.99  0.96  0.97  0.99  0.99  0.99  0.47 ]

01/29 09:50:28 PM | === Batch 6/275
01/29 09:50:28 PM | loss = 0.937 + 0.463 + 0.095 = 1.496
01/29 09:50:28 PM | attribution_score[0:12]: 
[ 0.99  0.94  0.38  0.20  0.26  0.22  0.21  0.20  0.20  0.21  0.21  0.85 ]
[ 0.93  0.34  0.84  0.22  0.88  0.35  0.71  0.21  0.72  0.94  0.91  0.45 ]
[ 0.99  0.95  0.23  0.96  0.20  0.96  0.85  0.64  0.24  0.25  0.24  0.99 ]
[ 0.30  0.75  0.94  0.81  0.50  0.88  0.72  0.95  0.64  0.76  0.56  0.92 ]
[ 0.72  0.51  0.99  0.44  0.90  0.39  0.23  0.28  0.87  0.63  0.76  0.65 ]
[ 0.67  0.74  0.31  0.23  0.23  0.40  0.44  0.39  0.31  0.31  0.20  0.67 ]
[ 0.65  0.26  0.90  0.39  0.63  0.39  0.55  0.80  0.80  0.85  0.95  0.25 ]
[ 0.20  0.21  0.21  0.20  0.43  0.20  0.50  0.20  0.78  0.21  0.28  0.55 ]
[ 0.41  0.72  0.20  0.69  0.30  0.20  0.25  0.23  0.74  0.25  0.76  0.82 ]
[ 0.60  0.26  0.20  0.20  0.78  0.68  0.23  0.20  0.88  0.20  0.30  0.40 ]
[ 0.24  0.93  0.94  0.63  0.75  0.89  0.92  0.80  0.95  0.86  0.99  0.90 ]
[ 0.93  0.99  0.91  0.97  0.97  0.87  0.92  1.00  0.52  0.95  0.97  0.93 ]
[ 0.99  0.99  1.00  0.95  1.00  1.00  0.97  0.97  0.99  0.99  0.99  0.46 ]

01/29 09:50:28 PM | === Batch 7/275
01/29 09:50:28 PM | loss = 1.051 + 0.027 + 0.081 = 1.160
01/29 09:50:29 PM | attribution_score[0:12]: 
[ 0.99  0.94  0.31  0.12  0.17  0.15  0.13  0.13  0.12  0.14  0.13  0.87 ]
[ 0.93  0.24  0.84  0.13  0.86  0.24  0.76  0.13  0.71  0.95  0.90  0.46 ]
[ 0.99  0.95  0.15  0.96  0.12  0.97  0.82  0.66  0.15  0.18  0.15  0.99 ]
[ 0.23  0.67  0.94  0.80  0.49  0.89  0.71  0.96  0.53  0.70  0.51  0.91 ]
[ 0.71  0.44  0.99  0.41  0.90  0.41  0.16  0.21  0.90  0.68  0.75  0.63 ]
[ 0.72  0.76  0.21  0.16  0.15  0.29  0.47  0.32  0.27  0.34  0.12  0.56 ]
[ 0.74  0.20  0.89  0.36  0.63  0.42  0.49  0.76  0.81  0.88  0.96  0.16 ]
[ 0.12  0.13  0.13  0.12  0.36  0.13  0.45  0.12  0.75  0.13  0.19  0.46 ]
[ 0.44  0.68  0.12  0.67  0.29  0.12  0.17  0.19  0.78  0.20  0.69  0.81 ]
[ 0.55  0.17  0.13  0.12  0.78  0.70  0.16  0.12  0.90  0.13  0.25  0.32 ]
[ 0.22  0.95  0.93  0.56  0.76  0.90  0.93  0.85  0.96  0.86  0.99  0.91 ]
[ 0.95  1.00  0.91  0.97  0.97  0.87  0.94  1.00  0.46  0.94  0.98  0.94 ]
[ 1.00  1.00  1.00  0.96  1.00  1.00  0.97  0.97  0.99  0.99  0.99  0.40 ]

01/29 09:50:29 PM | === Batch 8/275
01/29 09:50:29 PM | loss = 1.251 + 0.575 + 0.071 = 1.898
01/29 09:50:29 PM | attribution_score[0:12]: 
[ 0.99  0.95  0.34  0.08  0.15  0.13  0.10  0.09  0.08  0.15  0.10  0.91 ]
[ 0.95  0.19  0.86  0.10  0.87  0.22  0.81  0.09  0.71  0.96  0.91  0.51 ]
[ 0.99  0.95  0.12  0.97  0.09  0.97  0.84  0.72  0.11  0.16  0.12  0.99 ]
[ 0.22  0.65  0.95  0.82  0.46  0.90  0.73  0.97  0.52  0.72  0.57  0.91 ]
[ 0.74  0.35  0.99  0.38  0.91  0.48  0.14  0.19  0.92  0.68  0.80  0.68 ]
[ 0.74  0.78  0.18  0.12  0.12  0.25  0.54  0.32  0.29  0.42  0.09  0.56 ]
[ 0.81  0.21  0.89  0.36  0.65  0.42  0.48  0.71  0.83  0.90  0.97  0.12 ]
[ 0.08  0.09  0.10  0.09  0.35  0.10  0.49  0.08  0.73  0.11  0.16  0.44 ]
[ 0.51  0.71  0.09  0.68  0.32  0.10  0.14  0.20  0.82  0.17  0.71  0.81 ]
[ 0.58  0.14  0.09  0.09  0.82  0.72  0.12  0.09  0.93  0.10  0.24  0.34 ]
[ 0.23  0.96  0.94  0.54  0.77  0.92  0.93  0.89  0.96  0.86  1.00  0.93 ]
[ 0.97  1.00  0.92  0.98  0.98  0.89  0.95  1.00  0.49  0.95  0.99  0.96 ]
[ 1.00  1.00  1.00  0.97  1.00  1.00  0.98  0.97  1.00  0.99  0.99  0.38 ]

01/29 09:50:29 PM | === Batch 9/275
01/29 09:50:29 PM | loss = 0.984 + 0.587 + 0.065 = 1.636
01/29 09:50:29 PM | attribution_score[0:12]: 
[ 0.99  0.96  0.41  0.06  0.15  0.13  0.09  0.07  0.07  0.19  0.09  0.94 ]
[ 0.96  0.18  0.88  0.07  0.89  0.24  0.86  0.07  0.73  0.97  0.93  0.58 ]
[ 0.99  0.96  0.12  0.97  0.07  0.98  0.87  0.79  0.09  0.17  0.11  0.99 ]
[ 0.22  0.68  0.96  0.86  0.48  0.91  0.76  0.97  0.54  0.76  0.66  0.92 ]
[ 0.78  0.33  0.99  0.36  0.92  0.56  0.14  0.20  0.94  0.71  0.84  0.75 ]
[ 0.76  0.79  0.19  0.10  0.10  0.25  0.62  0.36  0.34  0.49  0.07  0.60 ]
[ 0.87  0.22  0.90  0.39  0.69  0.41  0.53  0.67  0.86  0.92  0.97  0.11 ]
[ 0.06  0.07  0.08  0.07  0.37  0.10  0.58  0.06  0.75  0.09  0.16  0.47 ]
[ 0.61  0.77  0.07  0.72  0.37  0.08  0.13  0.23  0.85  0.17  0.75  0.84 ]
[ 0.64  0.14  0.08  0.07  0.86  0.75  0.10  0.07  0.95  0.09  0.25  0.39 ]
[ 0.27  0.96  0.95  0.54  0.77  0.94  0.94  0.92  0.97  0.86  1.00  0.94 ]
[ 0.98  1.00  0.93  0.98  0.98  0.92  0.95  1.00  0.57  0.96  0.99  0.97 ]
[ 1.00  1.00  1.00  0.98  1.00  1.00  0.98  0.98  1.00  0.99  0.99  0.41 ]

01/29 09:50:29 PM | === Batch 10/275
01/29 09:50:30 PM | loss = 0.790 + 0.321 + 0.061 = 1.171
01/29 09:50:30 PM | attribution_score[0:12]: 
[ 0.99  0.96  0.50  0.05  0.17  0.14  0.08  0.06  0.05  0.25  0.09  0.96 ]
[ 0.97  0.18  0.91  0.06  0.90  0.28  0.89  0.06  0.77  0.98  0.94  0.65 ]
[ 0.99  0.96  0.13  0.98  0.06  0.98  0.91  0.84  0.09  0.19  0.12  1.00 ]
[ 0.23  0.73  0.97  0.88  0.54  0.92  0.80  0.98  0.59  0.81  0.74  0.93 ]
[ 0.83  0.35  0.99  0.42  0.93  0.65  0.14  0.24  0.96  0.75  0.88  0.81 ]
[ 0.79  0.82  0.21  0.09  0.09  0.28  0.71  0.41  0.42  0.57  0.06  0.66 ]
[ 0.90  0.25  0.92  0.45  0.74  0.46  0.60  0.65  0.89  0.93  0.98  0.10 ]
[ 0.05  0.06  0.06  0.06  0.42  0.09  0.67  0.05  0.77  0.09  0.17  0.51 ]
[ 0.70  0.83  0.06  0.77  0.44  0.08  0.13  0.29  0.87  0.17  0.81  0.87 ]
[ 0.72  0.15  0.07  0.06  0.90  0.80  0.10  0.07  0.96  0.10  0.28  0.48 ]
[ 0.32  0.97  0.96  0.58  0.80  0.96  0.95  0.95  0.98  0.87  1.00  0.95 ]
[ 0.99  1.00  0.94  0.98  0.98  0.95  0.96  1.00  0.65  0.97  0.99  0.97 ]
[ 1.00  1.00  1.00  0.99  1.00  1.00  0.99  0.98  1.00  0.99  0.99  0.46 ]

01/29 09:50:30 PM | === Batch 11/275
01/29 09:50:30 PM | loss = 0.858 + 0.070 + 0.057 = 0.985
01/29 09:50:30 PM | attribution_score[0:12]: 
[ 1.00  0.97  0.56  0.04  0.17  0.15  0.08  0.05  0.05  0.28  0.08  0.97 ]
[ 0.97  0.17  0.93  0.05  0.91  0.32  0.91  0.05  0.81  0.98  0.95  0.71 ]
[ 1.00  0.96  0.13  0.98  0.05  0.99  0.92  0.87  0.08  0.19  0.12  1.00 ]
[ 0.24  0.78  0.98  0.90  0.61  0.94  0.80  0.98  0.62  0.83  0.80  0.93 ]
[ 0.84  0.38  1.00  0.48  0.94  0.67  0.14  0.27  0.97  0.81  0.90  0.85 ]
[ 0.84  0.85  0.23  0.08  0.09  0.28  0.74  0.47  0.50  0.63  0.05  0.70 ]
[ 0.91  0.26  0.93  0.50  0.78  0.51  0.65  0.63  0.91  0.93  0.98  0.09 ]
[ 0.04  0.05  0.05  0.05  0.45  0.10  0.72  0.04  0.80  0.09  0.19  0.57 ]
[ 0.78  0.88  0.05  0.80  0.52  0.07  0.14  0.34  0.89  0.17  0.85  0.89 ]
[ 0.78  0.15  0.06  0.05  0.92  0.84  0.09  0.06  0.97  0.09  0.29  0.55 ]
[ 0.34  0.97  0.97  0.60  0.82  0.97  0.96  0.96  0.98  0.87  1.00  0.95 ]
[ 0.99  1.00  0.95  0.99  0.99  0.96  0.96  1.00  0.69  0.98  0.99  0.98 ]
[ 1.00  1.00  1.00  0.99  1.00  1.00  0.99  0.98  1.00  1.00  0.99  0.49 ]

01/29 09:50:30 PM | === Batch 12/275
01/29 09:50:30 PM | loss = 0.683 + 0.251 + 0.054 = 0.988
01/29 09:50:31 PM | attribution_score[0:12]: 
[ 1.00  0.97  0.59  0.03  0.17  0.17  0.07  0.05  0.04  0.28  0.07  0.98 ]
[ 0.98  0.17  0.95  0.04  0.91  0.37  0.93  0.04  0.84  0.99  0.95  0.75 ]
[ 1.00  0.97  0.12  0.98  0.04  0.99  0.94  0.89  0.07  0.19  0.12  1.00 ]
[ 0.24  0.82  0.98  0.90  0.69  0.94  0.81  0.98  0.62  0.84  0.84  0.94 ]
[ 0.85  0.43  1.00  0.52  0.94  0.68  0.14  0.27  0.98  0.84  0.91  0.88 ]
[ 0.86  0.86  0.26  0.08  0.08  0.27  0.75  0.51  0.58  0.65  0.05  0.74 ]
[ 0.92  0.28  0.92  0.56  0.81  0.55  0.67  0.59  0.92  0.93  0.99  0.08 ]
[ 0.03  0.05  0.05  0.04  0.45  0.10  0.75  0.03  0.83  0.09  0.22  0.61 ]
[ 0.82  0.91  0.04  0.83  0.57  0.06  0.14  0.39  0.90  0.16  0.89  0.91 ]
[ 0.82  0.13  0.05  0.04  0.94  0.86  0.09  0.05  0.98  0.08  0.29  0.58 ]
[ 0.33  0.98  0.98  0.62  0.84  0.98  0.96  0.97  0.99  0.88  1.00  0.96 ]
[ 0.99  1.00  0.96  0.99  0.99  0.97  0.97  1.00  0.71  0.98  0.99  0.98 ]
[ 1.00  1.00  1.00  0.99  1.00  1.00  0.99  0.98  1.00  1.00  0.99  0.51 ]

01/29 09:50:31 PM | === Batch 13/275
01/29 09:50:31 PM | loss = 0.757 + 0.368 + 0.051 = 1.176
01/29 09:50:31 PM | attribution_score[0:12]: 
[ 1.00  0.98  0.60  0.03  0.16  0.18  0.07  0.04  0.03  0.28  0.06  0.98 ]
[ 0.98  0.16  0.96  0.04  0.91  0.40  0.94  0.03  0.87  0.99  0.96  0.76 ]
[ 1.00  0.97  0.11  0.98  0.04  0.99  0.94  0.91  0.07  0.17  0.12  1.00 ]
[ 0.24  0.84  0.98  0.90  0.77  0.95  0.84  0.98  0.63  0.85  0.88  0.94 ]
[ 0.86  0.48  1.00  0.54  0.93  0.69  0.13  0.26  0.98  0.86  0.92  0.90 ]
[ 0.88  0.88  0.28  0.07  0.07  0.28  0.76  0.53  0.65  0.66  0.04  0.78 ]
[ 0.92  0.28  0.92  0.64  0.84  0.56  0.68  0.57  0.93  0.93  0.99  0.07 ]
[ 0.03  0.04  0.04  0.03  0.43  0.10  0.77  0.03  0.86  0.08  0.24  0.65 ]
[ 0.86  0.94  0.04  0.85  0.61  0.06  0.14  0.40  0.90  0.15  0.91  0.92 ]
[ 0.85  0.11  0.05  0.03  0.95  0.87  0.08  0.04  0.98  0.07  0.29  0.61 ]
[ 0.31  0.98  0.98  0.65  0.85  0.98  0.97  0.98  0.99  0.88  1.00  0.96 ]
[ 0.99  1.00  0.96  0.99  0.99  0.98  0.97  1.00  0.71  0.98  1.00  0.99 ]
[ 1.00  1.00  1.00  0.99  1.00  1.00  0.99  0.99  1.00  1.00  1.00  0.51 ]

01/29 09:50:31 PM | === Batch 14/275
01/29 09:50:31 PM | loss = 0.517 + 0.442 + 0.048 = 1.008
01/29 09:50:31 PM | attribution_score[0:12]: 
[ 1.00  0.98  0.60  0.02  0.15  0.20  0.06  0.04  0.03  0.29  0.06  0.98 ]
[ 0.99  0.16  0.96  0.03  0.91  0.45  0.95  0.03  0.89  0.99  0.97  0.78 ]
[ 1.00  0.97  0.10  0.99  0.03  0.99  0.95  0.92  0.06  0.15  0.11  1.00 ]
[ 0.25  0.86  0.99  0.90  0.83  0.95  0.85  0.98  0.63  0.85  0.90  0.95 ]
[ 0.85  0.56  1.00  0.55  0.92  0.68  0.13  0.24  0.98  0.86  0.93  0.92 ]
[ 0.90  0.89  0.31  0.06  0.06  0.28  0.76  0.51  0.71  0.66  0.04  0.81 ]
[ 0.92  0.30  0.90  0.70  0.87  0.53  0.68  0.55  0.94  0.94  0.99  0.06 ]
[ 0.02  0.04  0.03  0.03  0.39  0.09  0.79  0.02  0.89  0.08  0.24  0.69 ]
[ 0.87  0.95  0.03  0.87  0.64  0.05  0.13  0.42  0.90  0.13  0.93  0.93 ]
[ 0.87  0.09  0.04  0.03  0.95  0.86  0.06  0.04  0.99  0.06  0.28  0.62 ]
[ 0.29  0.98  0.98  0.69  0.87  0.99  0.97  0.98  0.99  0.89  1.00  0.97 ]
[ 1.00  1.00  0.96  0.99  0.99  0.98  0.97  1.00  0.71  0.99  1.00  0.99 ]
[ 1.00  1.00  1.00  0.99  1.00  1.00  0.99  0.99  1.00  1.00  1.00  0.47 ]

01/29 09:50:31 PM | === Batch 15/275
01/29 09:50:32 PM | loss = 0.354 + 0.476 + 0.046 = 0.875
01/29 09:50:32 PM | attribution_score[0:12]: 
[ 1.00  0.98  0.58  0.02  0.14  0.21  0.05  0.03  0.02  0.31  0.05  0.99 ]
[ 0.99  0.15  0.97  0.03  0.91  0.49  0.95  0.02  0.90  0.99  0.97  0.79 ]
[ 1.00  0.97  0.09  0.99  0.03  0.99  0.95  0.93  0.06  0.14  0.10  1.00 ]
[ 0.25  0.87  0.99  0.91  0.87  0.95  0.86  0.99  0.63  0.86  0.92  0.95 ]
[ 0.85  0.59  1.00  0.55  0.90  0.68  0.12  0.21  0.99  0.87  0.93  0.93 ]
[ 0.91  0.90  0.32  0.05  0.05  0.27  0.77  0.47  0.75  0.65  0.03  0.83 ]
[ 0.92  0.32  0.88  0.71  0.89  0.49  0.67  0.52  0.95  0.94  0.99  0.05 ]
[ 0.02  0.04  0.03  0.02  0.35  0.08  0.80  0.02  0.91  0.07  0.23  0.72 ]
[ 0.88  0.97  0.03  0.89  0.67  0.04  0.12  0.41  0.90  0.11  0.94  0.93 ]
[ 0.89  0.07  0.03  0.03  0.96  0.85  0.05  0.03  0.99  0.05  0.26  0.61 ]
[ 0.25  0.98  0.99  0.73  0.88  0.99  0.97  0.99  0.99  0.90  1.00  0.97 ]
[ 1.00  1.00  0.96  0.99  0.99  0.98  0.98  1.00  0.70  0.99  1.00  0.99 ]
[ 1.00  1.00  1.00  1.00  1.00  1.00  0.99  0.99  1.00  1.00  1.00  0.41 ]

01/29 09:50:32 PM | === Batch 16/275
01/29 09:50:32 PM | loss = 0.506 + 0.473 + 0.044 = 1.023
01/29 09:50:32 PM | attribution_score[0:12]: 
[ 1.00  0.98  0.56  0.02  0.13  0.21  0.05  0.03  0.02  0.32  0.04  0.99 ]
[ 0.99  0.15  0.97  0.02  0.91  0.51  0.96  0.02  0.92  0.99  0.98  0.79 ]
[ 1.00  0.98  0.08  0.99  0.02  0.99  0.96  0.94  0.05  0.12  0.09  1.00 ]
[ 0.24  0.87  0.99  0.91  0.89  0.95  0.86  0.99  0.63  0.85  0.93  0.95 ]
[ 0.84  0.60  1.00  0.55  0.87  0.67  0.12  0.18  0.99  0.87  0.94  0.94 ]
[ 0.92  0.90  0.32  0.05  0.04  0.26  0.78  0.40  0.80  0.63  0.03  0.84 ]
[ 0.92  0.34  0.85  0.73  0.90  0.46  0.65  0.46  0.95  0.93  0.99  0.05 ]
[ 0.02  0.04  0.02  0.02  0.31  0.08  0.80  0.01  0.93  0.06  0.22  0.75 ]
[ 0.89  0.97  0.03  0.90  0.69  0.04  0.10  0.40  0.89  0.09  0.96  0.94 ]
[ 0.90  0.06  0.03  0.02  0.96  0.84  0.05  0.03  0.99  0.05  0.24  0.60 ]
[ 0.22  0.99  0.99  0.75  0.89  0.99  0.98  0.99  0.99  0.90  1.00  0.97 ]
[ 1.00  1.00  0.97  0.99  0.99  0.98  0.98  1.00  0.68  0.99  1.00  0.99 ]
[ 1.00  1.00  1.00  1.00  1.00  1.00  0.99  0.99  1.00  1.00  1.00  0.35 ]

01/29 09:50:32 PM | === Batch 17/275
01/29 09:50:32 PM | loss = 0.507 + 0.446 + 0.042 = 0.995
01/29 09:50:33 PM | attribution_score[0:12]: 
[ 1.00  0.98  0.55  0.01  0.12  0.21  0.04  0.02  0.02  0.32  0.04  0.99 ]
[ 0.99  0.14  0.97  0.02  0.91  0.50  0.96  0.02  0.93  0.99  0.98  0.78 ]
[ 1.00  0.98  0.07  0.99  0.02  0.99  0.96  0.94  0.04  0.10  0.07  1.00 ]
[ 0.22  0.87  0.99  0.90  0.91  0.95  0.86  0.99  0.61  0.85  0.94  0.95 ]
[ 0.83  0.62  1.00  0.57  0.85  0.64  0.11  0.16  0.99  0.87  0.94  0.95 ]
[ 0.92  0.89  0.31  0.04  0.04  0.25  0.77  0.34  0.82  0.61  0.02  0.85 ]
[ 0.91  0.37  0.81  0.74  0.91  0.43  0.60  0.41  0.95  0.93  0.99  0.04 ]
[ 0.01  0.04  0.02  0.01  0.26  0.07  0.80  0.01  0.94  0.06  0.23  0.76 ]
[ 0.89  0.98  0.02  0.91  0.71  0.03  0.09  0.41  0.88  0.08  0.96  0.94 ]
[ 0.91  0.05  0.03  0.02  0.96  0.82  0.04  0.02  0.99  0.04  0.23  0.58 ]
[ 0.19  0.99  0.99  0.76  0.90  0.99  0.98  0.99  0.99  0.90  1.00  0.97 ]
[ 1.00  1.00  0.97  1.00  0.99  0.99  0.98  1.00  0.66  0.99  1.00  0.99 ]
[ 1.00  1.00  1.00  1.00  1.00  1.00  0.99  0.99  1.00  1.00  1.00  0.28 ]

01/29 09:50:33 PM | === Batch 18/275
01/29 09:50:33 PM | loss = 0.548 + 0.400 + 0.040 = 0.988
01/29 09:50:33 PM | attribution_score[0:12]: 
[ 1.00  0.98  0.51  0.01  0.10  0.22  0.04  0.02  0.01  0.29  0.03  0.99 ]
[ 0.99  0.14  0.98  0.02  0.90  0.50  0.96  0.01  0.94  0.99  0.98  0.75 ]
[ 1.00  0.98  0.06  0.99  0.02  0.99  0.96  0.94  0.04  0.08  0.06  1.00 ]
[ 0.21  0.87  0.99  0.89  0.93  0.96  0.83  0.99  0.58  0.83  0.95  0.95 ]
[ 0.81  0.63  1.00  0.62  0.85  0.59  0.11  0.14  0.99  0.87  0.94  0.95 ]
[ 0.93  0.89  0.28  0.04  0.03  0.24  0.75  0.29  0.83  0.63  0.02  0.85 ]
[ 0.91  0.36  0.76  0.75  0.92  0.41  0.53  0.37  0.95  0.93  0.99  0.04 ]
[ 0.01  0.03  0.02  0.01  0.21  0.07  0.81  0.01  0.95  0.05  0.22  0.75 ]
[ 0.90  0.98  0.02  0.91  0.72  0.03  0.07  0.41  0.88  0.07  0.97  0.94 ]
[ 0.91  0.04  0.02  0.02  0.97  0.80  0.03  0.02  0.99  0.03  0.21  0.55 ]
[ 0.16  0.99  0.99  0.76  0.90  0.99  0.98  0.99  1.00  0.90  1.00  0.98 ]
[ 1.00  1.00  0.97  1.00  1.00  0.99  0.98  1.00  0.64  0.99  1.00  0.99 ]
[ 1.00  1.00  1.00  1.00  1.00  1.00  0.99  0.99  1.00  1.00  1.00  0.22 ]

01/29 09:50:33 PM | === Batch 19/275
01/29 09:50:33 PM | loss = 0.484 + 0.345 + 0.039 = 0.867
01/29 09:50:33 PM | attribution_score[0:12]: 
[ 1.00  0.99  0.46  0.01  0.09  0.22  0.03  0.02  0.01  0.25  0.03  0.99 ]
[ 0.99  0.13  0.98  0.01  0.90  0.50  0.96  0.01  0.95  0.99  0.98  0.72 ]
[ 1.00  0.98  0.05  0.99  0.01  0.99  0.96  0.94  0.03  0.07  0.06  1.00 ]
[ 0.20  0.86  0.99  0.88  0.93  0.96  0.80  0.99  0.53  0.80  0.96  0.95 ]
[ 0.80  0.64  1.00  0.67  0.84  0.52  0.11  0.11  0.99  0.87  0.94  0.96 ]
[ 0.93  0.89  0.26  0.04  0.03  0.23  0.72  0.24  0.83  0.65  0.02  0.85 ]
[ 0.90  0.34  0.69  0.73  0.92  0.41  0.46  0.34  0.95  0.93  1.00  0.03 ]
[ 0.01  0.03  0.01  0.01  0.17  0.07  0.81  0.01  0.95  0.04  0.21  0.74 ]
[ 0.90  0.99  0.02  0.92  0.73  0.02  0.06  0.40  0.87  0.06  0.97  0.94 ]
[ 0.92  0.03  0.02  0.01  0.97  0.79  0.03  0.02  0.99  0.03  0.19  0.52 ]
[ 0.14  0.99  0.99  0.75  0.90  0.99  0.98  0.99  1.00  0.90  1.00  0.98 ]
[ 1.00  1.00  0.97  1.00  1.00  0.99  0.98  1.00  0.61  0.99  1.00  0.99 ]
[ 1.00  1.00  1.00  1.00  1.00  1.00  0.99  0.99  1.00  1.00  1.00  0.17 ]

01/29 09:50:33 PM | === Batch 20/275
01/29 09:50:33 PM | loss = 0.538 + 0.281 + 0.037 = 0.857
01/29 09:50:34 PM | === Batch 21/275
01/29 09:50:34 PM | loss = 0.612 + 0.215 + 0.036 = 0.863
01/29 09:50:34 PM | === Batch 22/275
01/29 09:50:34 PM | loss = 0.530 + 0.149 + 0.034 = 0.713
01/29 09:50:35 PM | === Batch 23/275
01/29 09:50:35 PM | loss = 0.690 + 0.082 + 0.033 = 0.805
01/29 09:50:35 PM | === Batch 24/275
01/29 09:50:35 PM | loss = 0.758 + 0.023 + 0.032 = 0.813
01/29 09:50:36 PM | === Batch 25/275
01/29 09:50:36 PM | loss = 0.553 + 0.072 + 0.031 = 0.655
01/29 09:50:36 PM | === Batch 26/275
01/29 09:50:36 PM | loss = 0.557 + 0.075 + 0.030 = 0.661
01/29 09:50:37 PM | === Batch 27/275
01/29 09:50:37 PM | loss = 0.553 + 0.003 + 0.029 = 0.585
01/29 09:50:37 PM | === Batch 28/275
01/29 09:50:37 PM | loss = 0.544 + 0.031 + 0.028 = 0.603
01/29 09:50:38 PM | === Batch 29/275
01/29 09:50:38 PM | loss = 0.561 + 0.043 + 0.027 = 0.631
01/29 09:50:38 PM | === Batch 30/275
01/29 09:50:38 PM | loss = 0.532 + 0.042 + 0.026 = 0.600
01/29 09:50:38 PM | === Batch 31/275
01/29 09:50:39 PM | loss = 0.571 + 0.031 + 0.026 = 0.628
01/29 09:50:39 PM | === Batch 32/275
01/29 09:50:39 PM | loss = 0.468 + 0.009 + 0.025 = 0.502
01/29 09:50:39 PM | === Batch 33/275
01/29 09:50:40 PM | loss = 0.666 + 0.037 + 0.025 = 0.728
01/29 09:50:40 PM | === Batch 34/275
01/29 09:50:40 PM | loss = 0.503 + 0.027 + 0.024 = 0.555
01/29 09:50:40 PM | === Batch 35/275
01/29 09:50:41 PM | loss = 0.519 + 0.021 + 0.024 = 0.564
01/29 09:50:41 PM | === Batch 36/275
01/29 09:50:41 PM | loss = 0.643 + 0.046 + 0.024 = 0.712
01/29 09:50:41 PM | === Batch 37/275
01/29 09:50:41 PM | loss = 0.462 + 0.060 + 0.023 = 0.545
01/29 09:50:42 PM | === Batch 38/275
01/29 09:50:42 PM | loss = 0.320 + 0.063 + 0.023 = 0.405
01/29 09:50:42 PM | === Batch 39/275
01/29 09:50:43 PM | loss = 0.478 + 0.054 + 0.022 = 0.555
01/29 09:50:43 PM | === Batch 40/275
01/29 09:50:43 PM | loss = 0.524 + 0.034 + 0.022 = 0.580
01/29 09:50:43 PM | === Batch 41/275
01/29 09:50:43 PM | loss = 0.468 + 0.008 + 0.022 = 0.498
01/29 09:50:44 PM | === Batch 42/275
01/29 09:50:44 PM | loss = 0.409 + 0.048 + 0.022 = 0.479
01/29 09:50:44 PM | === Batch 43/275
01/29 09:50:44 PM | loss = 0.643 + 0.046 + 0.021 = 0.710
01/29 09:50:45 PM | === Batch 44/275
01/29 09:50:45 PM | loss = 0.450 + 0.004 + 0.021 = 0.475
01/29 09:50:45 PM | === Batch 45/275
01/29 09:50:45 PM | loss = 0.476 + 0.020 + 0.021 = 0.516
01/29 09:50:46 PM | === Batch 46/275
01/29 09:50:46 PM | loss = 0.398 + 0.028 + 0.021 = 0.446
01/29 09:50:46 PM | === Batch 47/275
01/29 09:50:46 PM | loss = 0.484 + 0.025 + 0.020 = 0.529
01/29 09:50:46 PM | === Batch 48/275
01/29 09:50:47 PM | loss = 0.663 + 0.014 + 0.020 = 0.697
01/29 09:50:47 PM | === Batch 49/275
01/29 09:50:47 PM | loss = 0.552 + 0.005 + 0.020 = 0.577
01/29 09:50:47 PM | === Batch 50/275
01/29 09:50:48 PM | loss = 0.526 + 0.013 + 0.020 = 0.559
01/29 09:50:48 PM | === Batch 51/275
01/29 09:50:48 PM | loss = 0.350 + 0.019 + 0.019 = 0.388
01/29 09:50:48 PM | === Batch 52/275
01/29 09:50:48 PM | loss = 0.318 + 0.018 + 0.019 = 0.355
01/29 09:50:49 PM | === Batch 53/275
01/29 09:50:49 PM | loss = 0.397 + 0.010 + 0.019 = 0.426
01/29 09:50:49 PM | === Batch 54/275
01/29 09:50:49 PM | loss = 0.358 + 0.008 + 0.019 = 0.384
01/29 09:50:50 PM | === Batch 55/275
01/29 09:50:50 PM | loss = 0.306 + 0.011 + 0.018 = 0.335
01/29 09:50:50 PM | === Batch 56/275
01/29 09:50:50 PM | loss = 0.435 + 0.017 + 0.018 = 0.470
01/29 09:50:50 PM | === Batch 57/275
01/29 09:50:51 PM | loss = 0.510 + 0.016 + 0.018 = 0.544
01/29 09:50:51 PM | === Batch 58/275
01/29 09:50:51 PM | loss = 0.554 + 0.008 + 0.018 = 0.580
01/29 09:50:51 PM | === Batch 59/275
01/29 09:50:51 PM | loss = 0.468 + 0.010 + 0.018 = 0.496
01/29 09:50:52 PM | === Batch 60/275
01/29 09:50:52 PM | loss = 0.655 + 0.006 + 0.017 = 0.678
01/29 09:50:52 PM | === Batch 61/275
01/29 09:50:52 PM | loss = 0.601 + 0.011 + 0.017 = 0.630
01/29 09:50:53 PM | === Batch 62/275
01/29 09:50:53 PM | loss = 0.411 + 0.011 + 0.017 = 0.438
01/29 09:50:53 PM | === Batch 63/275
01/29 09:50:53 PM | loss = 0.478 + 0.003 + 0.017 = 0.497
01/29 09:50:54 PM | === Batch 64/275
01/29 09:50:54 PM | loss = 0.454 + 0.020 + 0.017 = 0.491
01/29 09:50:54 PM | === Batch 65/275
01/29 09:50:54 PM | loss = 0.292 + 0.002 + 0.016 = 0.311
01/29 09:50:55 PM | === Batch 66/275
01/29 09:50:55 PM | loss = 0.355 + 0.007 + 0.016 = 0.378
01/29 09:50:55 PM | === Batch 67/275
01/29 09:50:55 PM | loss = 0.484 + 0.004 + 0.016 = 0.504
01/29 09:50:55 PM | === Batch 68/275
01/29 09:50:56 PM | loss = 0.609 + 0.007 + 0.016 = 0.632
01/29 09:50:56 PM | === Batch 69/275
01/29 09:50:56 PM | loss = 0.502 + 0.015 + 0.016 = 0.533
01/29 09:50:56 PM | === Batch 70/275
01/29 09:50:56 PM | loss = 0.332 + 0.025 + 0.016 = 0.373
01/29 09:50:57 PM | === Batch 71/275
01/29 09:50:57 PM | loss = 0.459 + 0.026 + 0.015 = 0.501
01/29 09:50:57 PM | === Batch 72/275
01/29 09:50:57 PM | loss = 0.463 + 0.021 + 0.015 = 0.499
01/29 09:50:58 PM | === Batch 73/275
01/29 09:50:58 PM | loss = 0.597 + 0.010 + 0.015 = 0.622
01/29 09:50:58 PM | === Batch 74/275
01/29 09:50:58 PM | loss = 0.343 + 0.010 + 0.015 = 0.369
01/29 09:50:58 PM | === Batch 75/275
01/29 09:50:59 PM | loss = 0.510 + 0.002 + 0.015 = 0.527
01/29 09:50:59 PM | === Batch 76/275
01/29 09:50:59 PM | loss = 0.450 + 0.004 + 0.015 = 0.469
01/29 09:50:59 PM | === Batch 77/275
01/29 09:50:59 PM | loss = 0.297 + 0.001 + 0.015 = 0.312
01/29 09:51:00 PM | === Batch 78/275
01/29 09:51:00 PM | loss = 0.375 + 0.018 + 0.015 = 0.407
01/29 09:51:00 PM | === Batch 79/275
01/29 09:51:00 PM | loss = 0.396 + 0.029 + 0.014 = 0.439
01/29 09:51:00 PM | === Batch 80/275
01/29 09:51:01 PM | loss = 0.449 + 0.032 + 0.014 = 0.495
01/29 09:51:01 PM | === Batch 81/275
01/29 09:51:01 PM | loss = 0.291 + 0.026 + 0.014 = 0.331
01/29 09:51:01 PM | === Batch 82/275
01/29 09:51:02 PM | loss = 0.465 + 0.012 + 0.015 = 0.491
01/29 09:51:02 PM | === Batch 83/275
01/29 09:51:02 PM | loss = 0.505 + 0.011 + 0.015 = 0.530
01/29 09:51:02 PM | === Batch 84/275
01/29 09:51:02 PM | loss = 0.425 + 0.001 + 0.014 = 0.441
01/29 09:51:03 PM | === Batch 85/275
01/29 09:51:03 PM | loss = 0.418 + 0.001 + 0.014 = 0.433
01/29 09:51:03 PM | === Batch 86/275
01/29 09:51:03 PM | loss = 0.613 + 0.007 + 0.014 = 0.634
01/29 09:51:03 PM | === Batch 87/275
01/29 09:51:04 PM | loss = 0.492 + 0.015 + 0.014 = 0.521
01/29 09:51:04 PM | === Batch 88/275
01/29 09:51:04 PM | loss = 0.428 + 0.025 + 0.014 = 0.467
01/29 09:51:04 PM | === Batch 89/275
01/29 09:51:04 PM | loss = 0.431 + 0.028 + 0.014 = 0.473
01/29 09:51:05 PM | === Batch 90/275
01/29 09:51:05 PM | loss = 0.481 + 0.025 + 0.014 = 0.519
01/29 09:51:05 PM | === Batch 91/275
01/29 09:51:05 PM | loss = 0.520 + 0.015 + 0.014 = 0.549
01/29 09:51:05 PM | === Batch 92/275
01/29 09:51:06 PM | loss = 0.270 + 0.002 + 0.014 = 0.285
01/29 09:51:06 PM | === Batch 93/275
01/29 09:51:06 PM | loss = 0.463 + 0.005 + 0.014 = 0.481
01/29 09:51:06 PM | === Batch 94/275
01/29 09:51:06 PM | loss = 0.449 + 0.004 + 0.014 = 0.467
01/29 09:51:07 PM | === Batch 95/275
01/29 09:51:07 PM | loss = 0.486 + 0.007 + 0.013 = 0.506
01/29 09:51:07 PM | === Batch 96/275
01/29 09:51:07 PM | loss = 0.341 + 0.010 + 0.013 = 0.365
01/29 09:51:07 PM | === Batch 97/275
01/29 09:51:08 PM | loss = 0.423 + 0.015 + 0.013 = 0.451
01/29 09:51:08 PM | === Batch 98/275
01/29 09:51:08 PM | loss = 0.462 + 0.014 + 0.013 = 0.489
01/29 09:51:08 PM | === Batch 99/275
01/29 09:51:09 PM | loss = 0.546 + 0.006 + 0.013 = 0.565
01/29 09:51:09 PM | === Batch 100/275
01/29 09:51:09 PM | loss = 0.442 + 0.010 + 0.013 = 0.465
01/29 09:51:09 PM | attribution_score[0:12]: 
[ 1.00  0.99  0.07  0.00  0.00  0.87  0.00  0.00  0.00  0.96  0.00  1.00 ]
[ 1.00  0.01  0.99  0.00  0.97  0.95  0.99  0.00  0.99  1.00  0.99  0.26 ]
[ 1.00  0.92  0.00  0.99  0.00  1.00  0.69  0.91  0.00  0.00  0.00  1.00 ]
[ 0.06  0.10  1.00  0.99  0.24  0.99  0.97  0.99  0.04  0.34  0.99  0.81 ]
[ 0.92  0.96  1.00  0.99  0.99  0.98  0.01  0.03  1.00  0.99  0.98  0.99 ]
[ 0.99  0.99  0.01  0.00  0.01  0.05  0.91  0.02  0.92  0.08  0.00  0.99 ]
[ 0.95  0.06  0.02  0.97  1.00  0.07  0.02  0.03  1.00  0.97  1.00  0.04 ]
[ 0.00  0.01  0.00  0.00  0.01  0.99  1.00  0.00  0.99  0.01  0.03  0.17 ]
[ 0.98  1.00  0.00  0.98  0.94  0.00  0.00  0.04  0.98  0.01  1.00  0.99 ]
[ 0.95  0.00  0.00  0.00  1.00  0.91  0.00  0.00  1.00  0.00  0.06  0.15 ]
[ 0.01  1.00  1.00  0.01  0.91  1.00  0.99  1.00  1.00  0.96  1.00  0.99 ]
[ 1.00  1.00  0.99  1.00  1.00  1.00  1.00  1.00  0.02  1.00  1.00  1.00 ]
[ 1.00  1.00  1.00  1.00  1.00  1.00  1.00  1.00  1.00  1.00  1.00  0.00 ]

01/29 09:51:09 PM | === Batch 101/275
01/29 09:51:10 PM | loss = 0.411 + 0.004 + 0.013 = 0.428
01/29 09:51:10 PM | === Batch 102/275
01/29 09:51:10 PM | loss = 0.441 + 0.006 + 0.013 = 0.459
01/29 09:51:10 PM | === Batch 103/275
01/29 09:51:10 PM | loss = 0.596 + 0.002 + 0.013 = 0.611
01/29 09:51:11 PM | === Batch 104/275
01/29 09:51:11 PM | loss = 0.490 + 0.009 + 0.013 = 0.511
01/29 09:51:11 PM | === Batch 105/275
01/29 09:51:11 PM | loss = 0.338 + 0.011 + 0.013 = 0.361
01/29 09:51:11 PM | === Batch 106/275
01/29 09:51:12 PM | loss = 0.424 + 0.018 + 0.013 = 0.455
01/29 09:51:12 PM | === Batch 107/275
01/29 09:51:12 PM | loss = 0.537 + 0.020 + 0.013 = 0.570
01/29 09:51:12 PM | === Batch 108/275
01/29 09:51:12 PM | loss = 0.429 + 0.014 + 0.013 = 0.456
01/29 09:51:13 PM | === Batch 109/275
01/29 09:51:13 PM | loss = 0.285 + 0.003 + 0.013 = 0.300
01/29 09:51:13 PM | === Batch 110/275
01/29 09:51:13 PM | loss = 0.440 + 0.027 + 0.013 = 0.479
01/29 09:51:13 PM | === Batch 111/275
01/29 09:51:14 PM | loss = 0.514 + 0.015 + 0.013 = 0.541
01/29 09:51:14 PM | === Batch 112/275
01/29 09:51:14 PM | loss = 0.454 + 0.018 + 0.012 = 0.485
01/29 09:51:14 PM | === Batch 113/275
01/29 09:51:14 PM | loss = 0.487 + 0.035 + 0.012 = 0.535
01/29 09:51:15 PM | === Batch 114/275
01/29 09:51:15 PM | loss = 0.397 + 0.047 + 0.012 = 0.456
01/29 09:51:15 PM | === Batch 115/275
01/29 09:51:15 PM | loss = 0.370 + 0.051 + 0.012 = 0.433
01/29 09:51:16 PM | === Batch 116/275
01/29 09:51:16 PM | loss = 0.364 + 0.048 + 0.012 = 0.424
01/29 09:51:16 PM | === Batch 117/275
01/29 09:51:16 PM | loss = 0.389 + 0.041 + 0.012 = 0.441
01/29 09:51:16 PM | === Batch 118/275
01/29 09:51:17 PM | loss = 0.292 + 0.027 + 0.012 = 0.331
01/29 09:51:17 PM | === Batch 119/275
01/29 09:51:17 PM | loss = 0.544 + 0.009 + 0.012 = 0.565
01/29 09:51:17 PM | === Batch 120/275
01/29 09:51:17 PM | loss = 0.356 + 0.022 + 0.012 = 0.390
01/29 09:51:18 PM | === Batch 121/275
01/29 09:51:18 PM | loss = 0.328 + 0.023 + 0.012 = 0.363
01/29 09:51:18 PM | === Batch 122/275
01/29 09:51:18 PM | loss = 0.410 + 0.005 + 0.011 = 0.427
01/29 09:51:19 PM | === Batch 123/275
01/29 09:51:19 PM | loss = 0.377 + 0.015 + 0.011 = 0.403
01/29 09:51:19 PM | === Batch 124/275
01/29 09:51:19 PM | loss = 0.414 + 0.017 + 0.011 = 0.442
01/29 09:51:20 PM | === Batch 125/275
01/29 09:51:20 PM | loss = 0.341 + 0.013 + 0.011 = 0.365
01/29 09:51:20 PM | === Batch 126/275
01/29 09:51:20 PM | loss = 0.377 + 0.005 + 0.011 = 0.393
01/29 09:51:20 PM | === Batch 127/275
01/29 09:51:21 PM | loss = 0.416 + 0.016 + 0.011 = 0.443
01/29 09:51:21 PM | === Batch 128/275
01/29 09:51:21 PM | loss = 0.361 + 0.004 + 0.011 = 0.376
01/29 09:51:21 PM | === Batch 129/275
01/29 09:51:21 PM | loss = 0.496 + 0.022 + 0.011 = 0.529
01/29 09:51:22 PM | === Batch 130/275
01/29 09:51:22 PM | loss = 0.353 + 0.037 + 0.011 = 0.401
01/29 09:51:22 PM | === Batch 131/275
01/29 09:51:22 PM | loss = 0.402 + 0.044 + 0.011 = 0.457
01/29 09:51:22 PM | === Batch 132/275
01/29 09:51:23 PM | loss = 0.432 + 0.046 + 0.011 = 0.489
01/29 09:51:23 PM | === Batch 133/275
01/29 09:51:23 PM | loss = 0.376 + 0.043 + 0.011 = 0.430
01/29 09:51:23 PM | === Batch 134/275
01/29 09:51:24 PM | loss = 0.390 + 0.034 + 0.011 = 0.435
01/29 09:51:24 PM | === Batch 135/275
01/29 09:51:24 PM | loss = 0.387 + 0.021 + 0.011 = 0.419
01/29 09:51:24 PM | === Batch 136/275
01/29 09:51:24 PM | loss = 0.770 + 0.003 + 0.011 = 0.784
01/29 09:51:25 PM | === Batch 137/275
01/29 09:51:25 PM | loss = 0.300 + 0.034 + 0.011 = 0.345
01/29 09:51:25 PM | === Batch 138/275
01/29 09:51:25 PM | loss = 0.395 + 0.036 + 0.011 = 0.442
01/29 09:51:25 PM | === Batch 139/275
01/29 09:51:26 PM | loss = 0.465 + 0.006 + 0.011 = 0.482
01/29 09:51:26 PM | === Batch 140/275
01/29 09:51:26 PM | loss = 0.383 + 0.029 + 0.010 = 0.422
01/29 09:51:26 PM | === Batch 141/275
01/29 09:51:26 PM | loss = 0.464 + 0.051 + 0.010 = 0.525
01/29 09:51:26 PM | === Batch 142/275
01/29 09:51:27 PM | loss = 0.590 + 0.067 + 0.010 = 0.667
01/29 09:51:27 PM | === Batch 143/275
01/29 09:51:27 PM | loss = 0.424 + 0.076 + 0.010 = 0.510
01/29 09:51:27 PM | === Batch 144/275
01/29 09:51:27 PM | loss = 0.411 + 0.079 + 0.010 = 0.500
01/29 09:51:28 PM | === Batch 145/275
01/29 09:51:28 PM | loss = 0.329 + 0.078 + 0.010 = 0.416
01/29 09:51:28 PM | === Batch 146/275
01/29 09:51:28 PM | loss = 0.566 + 0.071 + 0.010 = 0.646
01/29 09:51:29 PM | === Batch 147/275
01/29 09:51:29 PM | loss = 0.384 + 0.060 + 0.010 = 0.454
01/29 09:51:29 PM | === Batch 148/275
01/29 09:51:29 PM | loss = 0.409 + 0.047 + 0.010 = 0.466
01/29 09:51:30 PM | === Batch 149/275
01/29 09:51:30 PM | loss = 0.391 + 0.029 + 0.010 = 0.430
01/29 09:51:30 PM | === Batch 150/275
01/29 09:51:30 PM | loss = 0.474 + 0.010 + 0.010 = 0.493
01/29 09:51:30 PM | === Batch 151/275
01/29 09:51:31 PM | loss = 0.301 + 0.026 + 0.010 = 0.337
01/29 09:51:31 PM | === Batch 152/275
01/29 09:51:31 PM | loss = 0.493 + 0.037 + 0.010 = 0.540
01/29 09:51:31 PM | === Batch 153/275
01/29 09:51:32 PM | loss = 0.486 + 0.015 + 0.010 = 0.510
01/29 09:51:32 PM | === Batch 154/275
01/29 09:51:32 PM | loss = 0.565 + 0.017 + 0.010 = 0.591
01/29 09:51:32 PM | === Batch 155/275
01/29 09:51:32 PM | loss = 0.396 + 0.035 + 0.010 = 0.441
01/29 09:51:33 PM | === Batch 156/275
01/29 09:51:33 PM | loss = 0.383 + 0.046 + 0.009 = 0.438
01/29 09:51:33 PM | === Batch 157/275
01/29 09:51:34 PM | loss = 0.338 + 0.051 + 0.009 = 0.398
01/29 09:51:34 PM | === Batch 158/275
01/29 09:51:34 PM | loss = 0.376 + 0.050 + 0.009 = 0.435
01/29 09:51:34 PM | === Batch 159/275
01/29 09:51:35 PM | loss = 0.457 + 0.045 + 0.009 = 0.511
01/29 09:51:35 PM | === Batch 160/275
01/29 09:51:35 PM | loss = 0.267 + 0.037 + 0.009 = 0.313
01/29 09:51:35 PM | === Batch 161/275
01/29 09:51:36 PM | loss = 0.355 + 0.027 + 0.009 = 0.390
01/29 09:51:36 PM | === Batch 162/275
01/29 09:51:36 PM | loss = 0.388 + 0.012 + 0.009 = 0.409
01/29 09:51:36 PM | === Batch 163/275
01/29 09:51:37 PM | loss = 0.527 + 0.009 + 0.009 = 0.546
01/29 09:51:37 PM | === Batch 164/275
01/29 09:51:37 PM | loss = 0.416 + 0.009 + 0.009 = 0.434
01/29 09:51:37 PM | === Batch 165/275
01/29 09:51:38 PM | loss = 0.421 + 0.008 + 0.009 = 0.438
01/29 09:51:38 PM | === Batch 166/275
01/29 09:51:38 PM | loss = 0.427 + 0.015 + 0.009 = 0.451
01/29 09:51:38 PM | === Batch 167/275
01/29 09:51:39 PM | loss = 0.457 + 0.018 + 0.009 = 0.483
01/29 09:51:39 PM | === Batch 168/275
01/29 09:51:39 PM | loss = 0.307 + 0.017 + 0.009 = 0.332
01/29 09:51:39 PM | === Batch 169/275
01/29 09:51:39 PM | loss = 0.350 + 0.013 + 0.009 = 0.371
01/29 09:51:40 PM | === Batch 170/275
01/29 09:51:40 PM | loss = 0.560 + 0.005 + 0.009 = 0.574
01/29 09:51:40 PM | === Batch 171/275
01/29 09:51:40 PM | loss = 0.421 + 0.006 + 0.009 = 0.436
01/29 09:51:41 PM | === Batch 172/275
01/29 09:51:41 PM | loss = 0.456 + 0.003 + 0.009 = 0.469
01/29 09:51:41 PM | === Batch 173/275
01/29 09:51:41 PM | loss = 0.332 + 0.005 + 0.009 = 0.346
01/29 09:51:42 PM | === Batch 174/275
01/29 09:51:42 PM | loss = 0.407 + 0.001 + 0.009 = 0.417
01/29 09:51:42 PM | === Batch 175/275
01/29 09:51:42 PM | loss = 0.485 + 0.012 + 0.009 = 0.505
01/29 09:51:43 PM | === Batch 176/275
01/29 09:51:43 PM | loss = 0.322 + 0.000 + 0.009 = 0.331
01/29 09:51:43 PM | === Batch 177/275
01/29 09:51:43 PM | loss = 0.374 + 0.002 + 0.009 = 0.384
01/29 09:51:44 PM | === Batch 178/275
01/29 09:51:44 PM | loss = 0.344 + 0.004 + 0.009 = 0.356
01/29 09:51:44 PM | === Batch 179/275
01/29 09:51:44 PM | loss = 0.399 + 0.008 + 0.009 = 0.416
01/29 09:51:45 PM | === Batch 180/275
01/29 09:51:45 PM | loss = 0.521 + 0.013 + 0.009 = 0.543
01/29 09:51:45 PM | === Batch 181/275
01/29 09:51:45 PM | loss = 0.455 + 0.012 + 0.009 = 0.475
01/29 09:51:45 PM | === Batch 182/275
01/29 09:51:46 PM | loss = 0.506 + 0.006 + 0.009 = 0.521
01/29 09:51:46 PM | === Batch 183/275
01/29 09:51:46 PM | loss = 0.496 + 0.004 + 0.009 = 0.509
01/29 09:51:46 PM | === Batch 184/275
01/29 09:51:47 PM | loss = 0.359 + 0.006 + 0.009 = 0.374
01/29 09:51:47 PM | === Batch 185/275
01/29 09:51:47 PM | loss = 0.315 + 0.009 + 0.009 = 0.333
01/29 09:51:47 PM | === Batch 186/275
01/29 09:51:48 PM | loss = 0.574 + 0.007 + 0.009 = 0.590
01/29 09:51:48 PM | === Batch 187/275
01/29 09:51:48 PM | loss = 0.310 + 0.002 + 0.009 = 0.321
01/29 09:51:48 PM | === Batch 188/275
01/29 09:51:49 PM | loss = 0.463 + 0.015 + 0.009 = 0.488
01/29 09:51:49 PM | === Batch 189/275
01/29 09:51:49 PM | loss = 0.389 + 0.000 + 0.009 = 0.398
01/29 09:51:49 PM | === Batch 190/275
01/29 09:51:50 PM | loss = 0.396 + 0.003 + 0.009 = 0.407
01/29 09:51:50 PM | === Batch 191/275
01/29 09:51:50 PM | loss = 0.335 + 0.001 + 0.009 = 0.344
01/29 09:51:50 PM | === Batch 192/275
01/29 09:51:51 PM | loss = 0.403 + 0.010 + 0.009 = 0.422
01/29 09:51:51 PM | === Batch 193/275
01/29 09:51:51 PM | loss = 0.552 + 0.017 + 0.009 = 0.577
01/29 09:51:51 PM | === Batch 194/275
01/29 09:51:52 PM | loss = 0.417 + 0.016 + 0.009 = 0.442
01/29 09:51:52 PM | === Batch 195/275
01/29 09:51:52 PM | loss = 0.301 + 0.010 + 0.009 = 0.320
01/29 09:51:52 PM | === Batch 196/275
01/29 09:51:52 PM | loss = 0.323 + 0.001 + 0.009 = 0.333
01/29 09:51:53 PM | === Batch 197/275
01/29 09:51:53 PM | loss = 0.300 + 0.022 + 0.008 = 0.330
01/29 09:51:53 PM | === Batch 198/275
01/29 09:51:53 PM | loss = 0.472 + 0.016 + 0.008 = 0.496
01/29 09:51:54 PM | === Batch 199/275
01/29 09:51:54 PM | loss = 0.484 + 0.010 + 0.008 = 0.502
01/29 09:51:54 PM | === Batch 200/275
01/29 09:51:54 PM | loss = 0.429 + 0.022 + 0.008 = 0.460
01/29 09:51:55 PM | attribution_score[0:12]: 
[ 1.00  1.00  0.02  0.00  0.00  0.97  0.00  0.00  0.00  0.98  0.00  1.00 ]
[ 1.00  0.01  0.99  0.00  0.98  0.97  1.00  0.00  0.99  1.00  1.00  0.27 ]
[ 1.00  0.70  0.00  1.00  0.00  1.00  0.04  0.94  0.00  0.00  0.00  1.00 ]
[ 0.01  0.02  1.00  1.00  0.82  0.99  0.97  0.99  0.08  0.03  1.00  0.98 ]
[ 0.45  0.95  1.00  0.99  0.99  0.98  0.02  0.04  1.00  0.99  0.97  0.99 ]
[ 0.99  0.99  0.01  0.00  0.09  0.01  0.48  0.01  0.30  0.08  0.00  0.99 ]
[ 0.97  0.11  0.01  0.99  1.00  0.02  0.01  0.03  1.00  0.99  1.00  0.03 ]
[ 0.00  0.00  0.00  0.00  0.01  1.00  1.00  0.00  1.00  0.00  0.04  0.02 ]
[ 0.99  1.00  0.00  0.99  0.99  0.00  0.00  0.04  0.99  0.00  1.00  1.00 ]
[ 0.98  0.00  0.00  0.00  1.00  0.96  0.00  0.00  1.00  0.00  0.04  0.04 ]
[ 0.00  1.00  1.00  0.01  0.98  1.00  0.99  1.00  1.00  0.99  1.00  0.99 ]
[ 1.00  1.00  0.99  1.00  1.00  1.00  1.00  1.00  0.01  1.00  1.00  1.00 ]
[ 1.00  1.00  1.00  1.00  1.00  1.00  1.00  1.00  1.00  1.00  1.00  0.00 ]

01/29 09:51:55 PM | === Batch 201/275
01/29 09:51:55 PM | loss = 0.343 + 0.029 + 0.008 = 0.380
01/29 09:51:55 PM | === Batch 202/275
01/29 09:51:55 PM | loss = 0.261 + 0.030 + 0.008 = 0.300
01/29 09:51:56 PM | === Batch 203/275
01/29 09:51:56 PM | loss = 0.504 + 0.027 + 0.008 = 0.539
01/29 09:51:56 PM | === Batch 204/275
01/29 09:51:56 PM | loss = 0.503 + 0.021 + 0.008 = 0.532
01/29 09:51:57 PM | === Batch 205/275
01/29 09:51:57 PM | loss = 0.300 + 0.013 + 0.008 = 0.321
01/29 09:51:57 PM | === Batch 206/275
01/29 09:51:57 PM | loss = 0.400 + 0.003 + 0.008 = 0.411
01/29 09:51:58 PM | === Batch 207/275
01/29 09:51:58 PM | loss = 0.382 + 0.020 + 0.008 = 0.410
01/29 09:51:58 PM | === Batch 208/275
01/29 09:51:58 PM | loss = 0.417 + 0.019 + 0.008 = 0.443
01/29 09:51:59 PM | === Batch 209/275
01/29 09:51:59 PM | loss = 0.357 + 0.004 + 0.007 = 0.368
01/29 09:51:59 PM | === Batch 210/275
01/29 09:51:59 PM | loss = 0.393 + 0.012 + 0.007 = 0.412
01/29 09:51:59 PM | === Batch 211/275
01/29 09:52:00 PM | loss = 0.307 + 0.015 + 0.007 = 0.329
01/29 09:52:00 PM | === Batch 212/275
01/29 09:52:00 PM | loss = 0.304 + 0.014 + 0.007 = 0.325
01/29 09:52:00 PM | === Batch 213/275
01/29 09:52:01 PM | loss = 0.510 + 0.009 + 0.007 = 0.527
01/29 09:52:01 PM | === Batch 214/275
01/29 09:52:01 PM | loss = 0.446 + 0.002 + 0.007 = 0.456
01/29 09:52:01 PM | === Batch 215/275
01/29 09:52:02 PM | loss = 0.282 + 0.016 + 0.007 = 0.306
01/29 09:52:02 PM | === Batch 216/275
01/29 09:52:02 PM | loss = 0.443 + 0.013 + 0.007 = 0.464
01/29 09:52:02 PM | === Batch 217/275
01/29 09:52:03 PM | loss = 0.418 + 0.006 + 0.007 = 0.432
01/29 09:52:03 PM | === Batch 218/275
01/29 09:52:03 PM | loss = 0.477 + 0.016 + 0.007 = 0.501
01/29 09:52:03 PM | === Batch 219/275
01/29 09:52:04 PM | loss = 0.473 + 0.022 + 0.007 = 0.502
01/29 09:52:04 PM | === Batch 220/275
01/29 09:52:04 PM | loss = 0.376 + 0.024 + 0.007 = 0.407
01/29 09:52:04 PM | === Batch 221/275
01/29 09:52:05 PM | loss = 0.501 + 0.022 + 0.007 = 0.531
01/29 09:52:05 PM | === Batch 222/275
01/29 09:52:05 PM | loss = 0.401 + 0.017 + 0.007 = 0.426
01/29 09:52:05 PM | === Batch 223/275
01/29 09:52:06 PM | loss = 0.345 + 0.010 + 0.007 = 0.362
01/29 09:52:06 PM | === Batch 224/275
01/29 09:52:06 PM | loss = 0.357 + 0.001 + 0.007 = 0.366
01/29 09:52:06 PM | === Batch 225/275
01/29 09:52:06 PM | loss = 0.418 + 0.000 + 0.007 = 0.425
01/29 09:52:07 PM | === Batch 226/275
01/29 09:52:07 PM | loss = 0.471 + 0.006 + 0.007 = 0.485
01/29 09:52:07 PM | === Batch 227/275
01/29 09:52:07 PM | loss = 0.552 + 0.006 + 0.007 = 0.566
01/29 09:52:08 PM | === Batch 228/275
01/29 09:52:08 PM | loss = 0.404 + 0.013 + 0.007 = 0.425
01/29 09:52:08 PM | === Batch 229/275
01/29 09:52:08 PM | loss = 0.352 + 0.017 + 0.007 = 0.377
01/29 09:52:09 PM | === Batch 230/275
01/29 09:52:09 PM | loss = 0.313 + 0.015 + 0.007 = 0.336
01/29 09:52:09 PM | === Batch 231/275
01/29 09:52:09 PM | loss = 0.476 + 0.009 + 0.007 = 0.492
01/29 09:52:09 PM | === Batch 232/275
01/29 09:52:10 PM | loss = 0.282 + 0.000 + 0.007 = 0.290
01/29 09:52:10 PM | === Batch 233/275
01/29 09:52:10 PM | loss = 0.425 + 0.021 + 0.007 = 0.454
01/29 09:52:10 PM | === Batch 234/275
01/29 09:52:11 PM | loss = 0.399 + 0.016 + 0.007 = 0.423
01/29 09:52:11 PM | === Batch 235/275
01/29 09:52:11 PM | loss = 0.339 + 0.006 + 0.007 = 0.353
01/29 09:52:11 PM | === Batch 236/275
01/29 09:52:12 PM | loss = 0.313 + 0.015 + 0.007 = 0.336
01/29 09:52:12 PM | === Batch 237/275
01/29 09:52:12 PM | loss = 0.251 + 0.021 + 0.007 = 0.279
01/29 09:52:12 PM | === Batch 238/275
01/29 09:52:12 PM | loss = 0.331 + 0.022 + 0.007 = 0.360
01/29 09:52:13 PM | === Batch 239/275
01/29 09:52:13 PM | loss = 0.302 + 0.019 + 0.007 = 0.328
01/29 09:52:13 PM | === Batch 240/275
01/29 09:52:13 PM | loss = 0.448 + 0.012 + 0.007 = 0.468
01/29 09:52:14 PM | === Batch 241/275
01/29 09:52:14 PM | loss = 0.344 + 0.003 + 0.007 = 0.355
01/29 09:52:14 PM | === Batch 242/275
01/29 09:52:14 PM | loss = 0.498 + 0.015 + 0.007 = 0.520
01/29 09:52:15 PM | === Batch 243/275
01/29 09:52:15 PM | loss = 0.386 + 0.010 + 0.007 = 0.403
01/29 09:52:15 PM | === Batch 244/275
01/29 09:52:15 PM | loss = 0.327 + 0.009 + 0.007 = 0.343
01/29 09:52:15 PM | === Batch 245/275
01/29 09:52:16 PM | loss = 0.343 + 0.017 + 0.007 = 0.367
01/29 09:52:16 PM | === Batch 246/275
01/29 09:52:16 PM | loss = 0.399 + 0.021 + 0.007 = 0.427
01/29 09:52:16 PM | === Batch 247/275
01/29 09:52:16 PM | loss = 0.428 + 0.020 + 0.007 = 0.455
01/29 09:52:17 PM | === Batch 248/275
01/29 09:52:17 PM | loss = 0.403 + 0.016 + 0.007 = 0.426
01/29 09:52:17 PM | === Batch 249/275
01/29 09:52:17 PM | loss = 0.420 + 0.007 + 0.007 = 0.434
01/29 09:52:18 PM | === Batch 250/275
01/29 09:52:18 PM | loss = 0.369 + 0.010 + 0.007 = 0.386
01/29 09:52:18 PM | === Batch 251/275
01/29 09:52:18 PM | loss = 0.403 + 0.006 + 0.007 = 0.416
01/29 09:52:18 PM | === Batch 252/275
01/29 09:52:19 PM | loss = 0.409 + 0.010 + 0.007 = 0.426
01/29 09:52:19 PM | === Batch 253/275
01/29 09:52:19 PM | loss = 0.336 + 0.018 + 0.007 = 0.360
01/29 09:52:19 PM | === Batch 254/275
01/29 09:52:19 PM | loss = 0.596 + 0.020 + 0.007 = 0.623
01/29 09:52:20 PM | === Batch 255/275
01/29 09:52:20 PM | loss = 0.398 + 0.017 + 0.007 = 0.423
01/29 09:52:20 PM | === Batch 256/275
01/29 09:52:20 PM | loss = 0.356 + 0.012 + 0.007 = 0.376
01/29 09:52:20 PM | === Batch 257/275
01/29 09:52:21 PM | loss = 0.304 + 0.003 + 0.007 = 0.315
01/29 09:52:21 PM | === Batch 258/275
01/29 09:52:21 PM | loss = 0.467 + 0.014 + 0.007 = 0.488
01/29 09:52:21 PM | === Batch 259/275
01/29 09:52:21 PM | loss = 0.392 + 0.007 + 0.007 = 0.406
01/29 09:52:22 PM | === Batch 260/275
01/29 09:52:22 PM | loss = 0.285 + 0.012 + 0.007 = 0.305
01/29 09:52:22 PM | === Batch 261/275
01/29 09:52:22 PM | loss = 0.249 + 0.022 + 0.007 = 0.278
01/29 09:52:23 PM | === Batch 262/275
01/29 09:52:23 PM | loss = 0.368 + 0.027 + 0.007 = 0.403
01/29 09:52:23 PM | === Batch 263/275
01/29 09:52:23 PM | loss = 0.342 + 0.029 + 0.007 = 0.378
01/29 09:52:24 PM | === Batch 264/275
01/29 09:52:24 PM | loss = 0.467 + 0.027 + 0.007 = 0.501
01/29 09:52:24 PM | === Batch 265/275
01/29 09:52:24 PM | loss = 0.235 + 0.020 + 0.007 = 0.263
01/29 09:52:24 PM | === Batch 266/275
01/29 09:52:25 PM | loss = 0.475 + 0.009 + 0.007 = 0.492
01/29 09:52:25 PM | === Batch 267/275
01/29 09:52:25 PM | loss = 0.444 + 0.008 + 0.007 = 0.459
01/29 09:52:25 PM | === Batch 268/275
01/29 09:52:25 PM | loss = 0.217 + 0.007 + 0.007 = 0.231
01/29 09:52:26 PM | === Batch 269/275
01/29 09:52:26 PM | loss = 0.272 + 0.009 + 0.007 = 0.288
01/29 09:52:26 PM | === Batch 270/275
01/29 09:52:26 PM | loss = 0.393 + 0.015 + 0.007 = 0.416
01/29 09:52:26 PM | === Batch 271/275
01/29 09:52:27 PM | loss = 0.343 + 0.017 + 0.007 = 0.367
01/29 09:52:27 PM | === Batch 272/275
01/29 09:52:27 PM | loss = 0.454 + 0.014 + 0.007 = 0.475
01/29 09:52:27 PM | === Batch 273/275
01/29 09:52:28 PM | loss = 0.433 + 0.008 + 0.007 = 0.448
01/29 09:52:28 PM | === Batch 274/275
01/29 09:52:28 PM | loss = 0.366 + 0.000 + 0.007 = 0.373
01/29 09:52:28 PM | === Batch 275/275
01/29 09:52:28 PM | loss = 0.413 + 0.004 + 0.007 = 0.425
01/29 09:52:29 PM | ===
Best loss was 0.23 at iteration 268

01/29 09:52:29 PM | Looking for optimal threshold...
01/29 09:52:29 PM | Testing threshold 0.5
01/29 09:52:29 PM | Distance to target: 2,137,656
01/29 09:52:29 PM | Testing threshold 0.75
01/29 09:52:29 PM | Distance to target: 2,987,800
01/29 09:52:29 PM | Testing threshold 0.625
01/29 09:52:29 PM | Distance to target: 586,344
01/29 09:52:29 PM | Testing threshold 0.5625
01/29 09:52:29 PM | Distance to target: 978,920
01/29 09:52:29 PM | Testing threshold 0.59375
01/29 09:52:29 PM | Distance to target: 185,704
01/29 09:52:29 PM | Testing threshold 0.578125
01/29 09:52:29 PM | Distance to target: 399,272
01/29 09:52:29 PM | Testing threshold 0.5859375
01/29 09:52:29 PM | Distance to target: 72,536
01/29 09:52:29 PM | Testing threshold 0.58203125
01/29 09:52:29 PM | Distance to target: 264,360
01/29 09:52:29 PM | Testing threshold 0.583984375
01/29 09:52:29 PM | Distance to target: 72,536
01/29 09:52:29 PM | Testing threshold 0.5830078125
01/29 09:52:29 PM | Distance to target: 72,536
01/29 09:52:29 PM | Testing threshold 0.58251953125
01/29 09:52:29 PM | Distance to target: 264,360
01/29 09:52:29 PM | Testing threshold 0.582763671875
01/29 09:52:29 PM | Distance to target: 72,536
01/29 09:52:29 PM | Testing threshold 0.5826416015625
01/29 09:52:29 PM | Distance to target: 72,536
01/29 09:52:29 PM | Testing threshold 0.58258056640625
01/29 09:52:29 PM | Distance to target: 72,536
01/29 09:52:29 PM | Testing threshold 0.582550048828125
01/29 09:52:29 PM | Distance to target: 72,536
01/29 09:52:29 PM | Testing threshold 0.5825347900390625
01/29 09:52:29 PM | Distance to target: 72,536
01/29 09:52:29 PM | Testing threshold 0.5825271606445312
01/29 09:52:29 PM | Distance to target: 264,360
01/29 09:52:29 PM | Testing threshold 0.5825309753417969
01/29 09:52:29 PM | Distance to target: 72,536
01/29 09:52:29 PM | Testing threshold 0.5825290679931641
01/29 09:52:29 PM | Distance to target: 72,536
01/29 09:52:29 PM | Testing threshold 0.5825281143188477
01/29 09:52:29 PM | Distance to target: 264,360
01/29 09:52:29 PM | Testing threshold 0.5825285911560059
01/29 09:52:29 PM | Distance to target: 72,536
01/29 09:52:29 PM | Testing threshold 0.5825283527374268
01/29 09:52:29 PM | Distance to target: 264,360
01/29 09:52:29 PM | Testing threshold 0.5825284719467163
01/29 09:52:29 PM | Distance to target: 72,536
01/29 09:52:29 PM | Testing threshold 0.5825284123420715
01/29 09:52:29 PM | Distance to target: 72,536
01/29 09:52:29 PM | Testing threshold 0.5825283825397491
01/29 09:52:29 PM | Distance to target: 264,360
01/29 09:52:29 PM | Testing threshold 0.5825283974409103
01/29 09:52:29 PM | Distance to target: 264,360
01/29 09:52:29 PM | Testing threshold 0.5825284048914909
01/29 09:52:29 PM | Distance to target: 264,360
01/29 09:52:29 PM | Testing threshold 0.5825284086167812
01/29 09:52:29 PM | Distance to target: 264,360
01/29 09:52:29 PM | Testing threshold 0.5825284104794264
01/29 09:52:29 PM | Distance to target: 264,360
01/29 09:52:29 PM | Testing threshold 0.582528411410749
01/29 09:52:29 PM | Distance to target: 264,360
01/29 09:52:29 PM | Testing threshold 0.5825284118764102
01/29 09:52:29 PM | Distance to target: 264,360
01/29 09:52:29 PM | Testing threshold 0.5825284121092409
01/29 09:52:29 PM | Distance to target: 264,360
01/29 09:52:29 PM | Testing threshold 0.5825284122256562
01/29 09:52:29 PM | Distance to target: 264,360
01/29 09:52:29 PM | Testing threshold 0.5825284122838639
01/29 09:52:29 PM | Distance to target: 264,360
01/29 09:52:29 PM | Testing threshold 0.5825284123129677
01/29 09:52:29 PM | Distance to target: 264,360
01/29 09:52:29 PM | Testing threshold 0.5825284123275196
01/29 09:52:29 PM | Distance to target: 264,360
01/29 09:52:29 PM | Testing threshold 0.5825284123347956
01/29 09:52:29 PM | Distance to target: 264,360
01/29 09:52:29 PM | Testing threshold 0.5825284123384336
01/29 09:52:29 PM | Distance to target: 264,360
01/29 09:52:29 PM | Testing threshold 0.5825284123402525
01/29 09:52:29 PM | Distance to target: 264,360
01/29 09:52:29 PM | Testing threshold 0.582528412341162
01/29 09:52:29 PM | Distance to target: 264,360
01/29 09:52:29 PM | Testing threshold 0.5825284123416168
01/29 09:52:29 PM | Distance to target: 264,360
01/29 09:52:29 PM | Testing threshold 0.5825284123418442
01/29 09:52:29 PM | Distance to target: 264,360
01/29 09:52:29 PM | Testing threshold 0.5825284123419578
01/29 09:52:29 PM | Distance to target: 264,360
01/29 09:52:29 PM | Testing threshold 0.5825284123420147
01/29 09:52:29 PM | Distance to target: 264,360
01/29 09:52:29 PM | Testing threshold 0.5825284123420431
01/29 09:52:29 PM | Distance to target: 264,360
01/29 09:52:29 PM | Testing threshold 0.5825284123420573
01/29 09:52:29 PM | Distance to target: 264,360
01/29 09:52:29 PM | Testing threshold 0.5825284123420644
01/29 09:52:29 PM | Distance to target: 264,360
01/29 09:52:29 PM | Testing threshold 0.582528412342068
01/29 09:52:29 PM | Distance to target: 264,360
01/29 09:52:29 PM | Testing threshold 0.5825284123420698
01/29 09:52:29 PM | Distance to target: 264,360
01/29 09:52:29 PM | Testing threshold 0.5825284123420706
01/29 09:52:29 PM | Distance to target: 264,360
01/29 09:52:31 PM | attribution_score[0:12]: 
[ 1.00  1.00  0.00  0.00  0.00  1.00  0.00  0.00  0.00  1.00  0.00  1.00 ]
[ 1.00  0.00  1.00  0.00  1.00  1.00  1.00  0.00  1.00  1.00  1.00  0.00 ]
[ 1.00  1.00  0.00  1.00  0.00  1.00  0.00  1.00  0.00  0.00  0.00  1.00 ]
[ 0.00  0.00  1.00  1.00  1.00  1.00  1.00  1.00  1.00  0.00  1.00  1.00 ]
[ 1.00  0.00  1.00  1.00  1.00  1.00  0.00  1.00  1.00  1.00  1.00  1.00 ]
[ 1.00  1.00  0.00  0.00  0.00  0.00  0.00  0.00  0.00  0.00  0.00  1.00 ]
[ 1.00  0.00  0.00  1.00  1.00  0.00  0.00  0.00  1.00  1.00  1.00  0.00 ]
[ 0.00  0.00  0.00  0.00  0.00  1.00  1.00  0.00  1.00  0.00  0.00  0.00 ]
[ 1.00  1.00  0.00  1.00  1.00  0.00  0.00  0.00  1.00  0.00  1.00  1.00 ]
[ 1.00  0.00  0.00  0.00  1.00  1.00  0.00  0.00  1.00  0.00  0.00  0.00 ]
[ 0.00  1.00  1.00  0.00  1.00  1.00  1.00  1.00  1.00  1.00  1.00  1.00 ]
[ 1.00  1.00  1.00  1.00  1.00  1.00  1.00  1.00  0.00  1.00  1.00  1.00 ]
[ 1.00  1.00  1.00  1.00  1.00  1.00  1.00  1.00  1.00  1.00  1.00  0.00 ]

01/29 09:52:31 PM | VGG(
  (features): Sequential(
    (conv0): Conv2d(3, 25, kernel_size=(3, 3), stride=(1, 1), padding=(1, 1))
    (norm0): BatchNorm2d(25, eps=1e-05, momentum=0.1, affine=True, track_running_stats=True)
    (relu0): ReLU(inplace=True)
    (conv1): Conv2d(25, 49, kernel_size=(3, 3), stride=(1, 1), padding=(1, 1))
    (norm1): BatchNorm2d(49, eps=1e-05, momentum=0.1, affine=True, track_running_stats=True)
    (relu1): ReLU(inplace=True)
    (pool2): MaxPool2d(kernel_size=2, stride=2, padding=0, dilation=1, ceil_mode=False)
    (conv3): Conv2d(49, 74, kernel_size=(3, 3), stride=(1, 1), padding=(1, 1))
    (norm3): BatchNorm2d(74, eps=1e-05, momentum=0.1, affine=True, track_running_stats=True)
    (relu3): ReLU(inplace=True)
    (conv4): Conv2d(74, 97, kernel_size=(3, 3), stride=(1, 1), padding=(1, 1))
    (norm4): BatchNorm2d(97, eps=1e-05, momentum=0.1, affine=True, track_running_stats=True)
    (relu4): ReLU(inplace=True)
    (pool5): MaxPool2d(kernel_size=2, stride=2, padding=0, dilation=1, ceil_mode=False)
    (conv6): Conv2d(97, 156, kernel_size=(3, 3), stride=(1, 1), padding=(1, 1))
    (norm6): BatchNorm2d(156, eps=1e-05, momentum=0.1, affine=True, track_running_stats=True)
    (relu6): ReLU(inplace=True)
    (conv7): Conv2d(156, 137, kernel_size=(3, 3), stride=(1, 1), padding=(1, 1))
    (norm7): BatchNorm2d(137, eps=1e-05, momentum=0.1, affine=True, track_running_stats=True)
    (relu7): ReLU(inplace=True)
    (conv8): Conv2d(137, 159, kernel_size=(3, 3), stride=(1, 1), padding=(1, 1))
    (norm8): BatchNorm2d(159, eps=1e-05, momentum=0.1, affine=True, track_running_stats=True)
    (relu8): ReLU(inplace=True)
    (pool9): MaxPool2d(kernel_size=2, stride=2, padding=0, dilation=1, ceil_mode=False)
    (conv10): Conv2d(159, 237, kernel_size=(3, 3), stride=(1, 1), padding=(1, 1))
    (norm10): BatchNorm2d(237, eps=1e-05, momentum=0.1, affine=True, track_running_stats=True)
    (relu10): ReLU(inplace=True)
    (conv11): Conv2d(237, 187, kernel_size=(3, 3), stride=(1, 1), padding=(1, 1))
    (norm11): BatchNorm2d(187, eps=1e-05, momentum=0.1, affine=True, track_running_stats=True)
    (relu11): ReLU(inplace=True)
    (conv12): Conv2d(187, 257, kernel_size=(3, 3), stride=(1, 1), padding=(1, 1))
    (norm12): BatchNorm2d(257, eps=1e-05, momentum=0.1, affine=True, track_running_stats=True)
    (relu12): ReLU(inplace=True)
    (pool13): MaxPool2d(kernel_size=2, stride=2, padding=0, dilation=1, ceil_mode=False)
    (conv14): Conv2d(257, 399, kernel_size=(3, 3), stride=(1, 1), padding=(1, 1))
    (norm14): BatchNorm2d(399, eps=1e-05, momentum=0.1, affine=True, track_running_stats=True)
    (relu14): ReLU(inplace=True)
    (conv15): Conv2d(399, 463, kernel_size=(3, 3), stride=(1, 1), padding=(1, 1))
    (norm15): BatchNorm2d(463, eps=1e-05, momentum=0.1, affine=True, track_running_stats=True)
    (relu15): ReLU(inplace=True)
    (conv16): Conv2d(463, 509, kernel_size=(3, 3), stride=(1, 1), padding=(1, 1))
    (norm16): BatchNorm2d(509, eps=1e-05, momentum=0.1, affine=True, track_running_stats=True)
    (relu16): ReLU(inplace=True)
  )
  (classifier): Sequential(
    (linear1): Linear(in_features=509, out_features=512, bias=True)
    (norm1): BatchNorm1d(512, eps=1e-05, momentum=0.1, affine=True, track_running_stats=True)
    (relu1): ReLU(inplace=True)
    (linear2): Linear(in_features=512, out_features=10, bias=True)
  )
)
01/29 09:52:37 PM | ----------------------------------------
01/29 09:52:37 PM | Performances input model:
01/29 09:52:37 PM |  - flops: 314,294,272
01/29 09:52:37 PM |  - params: 14,991,946
01/29 09:52:37 PM |  - accuracy: 93.95999908447266
01/29 09:52:37 PM | ----------------------------------------
01/29 09:52:37 PM | Performances pseudo-pruned model:
01/29 09:52:37 PM |  - flops: 314,294,272
01/29 09:52:37 PM |  - params: 14,991,946
01/29 09:52:37 PM |  - accuracy: 82.0199966430664
01/29 09:52:37 PM | ----------------------------------------
01/29 09:52:37 PM | Performances pruned model:
01/29 09:52:37 PM |  - flops: 108,762,736
01/29 09:52:37 PM |  - params: 6,786,112
01/29 09:52:37 PM |  - accuracy: 82.0199966430664
01/29 09:52:37 PM | ----------------------------------------
01/29 09:52:37 PM | Total time: 139.78s
