01/29 03:14:02 AM | args = Namespace(output_dir='result/rebuttal/nb_epoch/vgg/nbbtchs5/seed_02', loaded_model_path='./checkpoints/cifar10/vgg_16_bn.pt', resume=False, test_only=False, mode='prune', batch_size=64, nb_batches=5, Mflops_target=None, lr=0.6, momentum=0.9, beta=6, gamma=0.4, gpu='0', num_workers=4, dataset='cifar10', arch='vgg_16_bn', save_plot=False, seed=2, lr_finetuning=0.02, epoch_finetuning=200, wd=0.002, data_dir='./data/cifar10/', print_freq=200, num_classes=10, device_ids=[0], device=device(type='cuda', index=0), name_base='')
01/29 03:14:07 AM | ----------------------------------------
01/29 03:14:07 AM | ==> Building model...
01/29 03:14:07 AM | ----------------------------------------
01/29 03:14:07 AM | ==> Loading weights into the model...
01/29 03:14:07 AM | ----------------------------------------
01/29 03:14:07 AM | VGG(
  (features): Sequential(
    (conv0): Conv2d(3, 64, kernel_size=(3, 3), stride=(1, 1), padding=(1, 1))
    (norm0): BatchNorm2d(64, eps=1e-05, momentum=0.1, affine=True, track_running_stats=True)
    (relu0): ReLU(inplace=True)
    (conv1): Conv2d(64, 64, kernel_size=(3, 3), stride=(1, 1), padding=(1, 1))
    (norm1): BatchNorm2d(64, eps=1e-05, momentum=0.1, affine=True, track_running_stats=True)
    (relu1): ReLU(inplace=True)
    (pool2): MaxPool2d(kernel_size=2, stride=2, padding=0, dilation=1, ceil_mode=False)
    (conv3): Conv2d(64, 128, kernel_size=(3, 3), stride=(1, 1), padding=(1, 1))
    (norm3): BatchNorm2d(128, eps=1e-05, momentum=0.1, affine=True, track_running_stats=True)
    (relu3): ReLU(inplace=True)
    (conv4): Conv2d(128, 128, kernel_size=(3, 3), stride=(1, 1), padding=(1, 1))
    (norm4): BatchNorm2d(128, eps=1e-05, momentum=0.1, affine=True, track_running_stats=True)
    (relu4): ReLU(inplace=True)
    (pool5): MaxPool2d(kernel_size=2, stride=2, padding=0, dilation=1, ceil_mode=False)
    (conv6): Conv2d(128, 256, kernel_size=(3, 3), stride=(1, 1), padding=(1, 1))
    (norm6): BatchNorm2d(256, eps=1e-05, momentum=0.1, affine=True, track_running_stats=True)
    (relu6): ReLU(inplace=True)
    (conv7): Conv2d(256, 256, kernel_size=(3, 3), stride=(1, 1), padding=(1, 1))
    (norm7): BatchNorm2d(256, eps=1e-05, momentum=0.1, affine=True, track_running_stats=True)
    (relu7): ReLU(inplace=True)
    (conv8): Conv2d(256, 256, kernel_size=(3, 3), stride=(1, 1), padding=(1, 1))
    (norm8): BatchNorm2d(256, eps=1e-05, momentum=0.1, affine=True, track_running_stats=True)
    (relu8): ReLU(inplace=True)
    (pool9): MaxPool2d(kernel_size=2, stride=2, padding=0, dilation=1, ceil_mode=False)
    (conv10): Conv2d(256, 512, kernel_size=(3, 3), stride=(1, 1), padding=(1, 1))
    (norm10): BatchNorm2d(512, eps=1e-05, momentum=0.1, affine=True, track_running_stats=True)
    (relu10): ReLU(inplace=True)
    (conv11): Conv2d(512, 512, kernel_size=(3, 3), stride=(1, 1), padding=(1, 1))
    (norm11): BatchNorm2d(512, eps=1e-05, momentum=0.1, affine=True, track_running_stats=True)
    (relu11): ReLU(inplace=True)
    (conv12): Conv2d(512, 512, kernel_size=(3, 3), stride=(1, 1), padding=(1, 1))
    (norm12): BatchNorm2d(512, eps=1e-05, momentum=0.1, affine=True, track_running_stats=True)
    (relu12): ReLU(inplace=True)
    (pool13): MaxPool2d(kernel_size=2, stride=2, padding=0, dilation=1, ceil_mode=False)
    (conv14): Conv2d(512, 512, kernel_size=(3, 3), stride=(1, 1), padding=(1, 1))
    (norm14): BatchNorm2d(512, eps=1e-05, momentum=0.1, affine=True, track_running_stats=True)
    (relu14): ReLU(inplace=True)
    (conv15): Conv2d(512, 512, kernel_size=(3, 3), stride=(1, 1), padding=(1, 1))
    (norm15): BatchNorm2d(512, eps=1e-05, momentum=0.1, affine=True, track_running_stats=True)
    (relu15): ReLU(inplace=True)
    (conv16): Conv2d(512, 512, kernel_size=(3, 3), stride=(1, 1), padding=(1, 1))
    (norm16): BatchNorm2d(512, eps=1e-05, momentum=0.1, affine=True, track_running_stats=True)
    (relu16): ReLU(inplace=True)
  )
  (classifier): Sequential(
    (linear1): Linear(in_features=512, out_features=512, bias=True)
    (norm1): BatchNorm1d(512, eps=1e-05, momentum=0.1, affine=True, track_running_stats=True)
    (relu1): ReLU(inplace=True)
    (linear2): Linear(in_features=512, out_features=10, bias=True)
  )
)
01/29 03:14:09 AM | Save modules info...
01/29 03:14:09 AM | FLOPS pruning ratio is 0.65
01/29 03:14:09 AM | Pruning with information flow
01/29 03:14:09 AM | -----
01/29 03:14:09 AM | module: Conv2d(3, 64, kernel_size=(3, 3), stride=(1, 1), padding=(1, 1))
01/29 03:14:09 AM | cin: None
01/29 03:14:09 AM | cout: [0]
01/29 03:14:09 AM | inactive
01/29 03:14:09 AM | -----
01/29 03:14:09 AM | module: BatchNorm2d(64, eps=1e-05, momentum=0.1, affine=True, track_running_stats=True)
01/29 03:14:09 AM | cin: [0]
01/29 03:14:09 AM | cout: [0]
01/29 03:14:09 AM | inactive
01/29 03:14:09 AM | -----
01/29 03:14:09 AM | module: ReLU(inplace=True)
01/29 03:14:09 AM | cin: [0]
01/29 03:14:09 AM | cout: [0]
01/29 03:14:09 AM | active
01/29 03:14:09 AM | -----
01/29 03:14:09 AM | module: Conv2d(64, 64, kernel_size=(3, 3), stride=(1, 1), padding=(1, 1))
01/29 03:14:09 AM | cin: [0]
01/29 03:14:09 AM | cout: [1]
01/29 03:14:09 AM | inactive
01/29 03:14:09 AM | -----
01/29 03:14:09 AM | module: BatchNorm2d(64, eps=1e-05, momentum=0.1, affine=True, track_running_stats=True)
01/29 03:14:09 AM | cin: [1]
01/29 03:14:09 AM | cout: [1]
01/29 03:14:09 AM | inactive
01/29 03:14:09 AM | -----
01/29 03:14:09 AM | module: ReLU(inplace=True)
01/29 03:14:09 AM | cin: [1]
01/29 03:14:09 AM | cout: [1]
01/29 03:14:09 AM | active
01/29 03:14:09 AM | -----
01/29 03:14:09 AM | module: MaxPool2d(kernel_size=2, stride=2, padding=0, dilation=1, ceil_mode=False)
01/29 03:14:09 AM | cin: [1]
01/29 03:14:09 AM | cout: [1]
01/29 03:14:09 AM | inactive
01/29 03:14:09 AM | -----
01/29 03:14:09 AM | module: Conv2d(64, 128, kernel_size=(3, 3), stride=(1, 1), padding=(1, 1))
01/29 03:14:09 AM | cin: [1]
01/29 03:14:09 AM | cout: [2]
01/29 03:14:09 AM | inactive
01/29 03:14:09 AM | -----
01/29 03:14:09 AM | module: BatchNorm2d(128, eps=1e-05, momentum=0.1, affine=True, track_running_stats=True)
01/29 03:14:09 AM | cin: [2]
01/29 03:14:09 AM | cout: [2]
01/29 03:14:09 AM | inactive
01/29 03:14:09 AM | -----
01/29 03:14:09 AM | module: ReLU(inplace=True)
01/29 03:14:09 AM | cin: [2]
01/29 03:14:09 AM | cout: [2]
01/29 03:14:09 AM | active
01/29 03:14:09 AM | -----
01/29 03:14:09 AM | module: Conv2d(128, 128, kernel_size=(3, 3), stride=(1, 1), padding=(1, 1))
01/29 03:14:09 AM | cin: [2]
01/29 03:14:09 AM | cout: [3]
01/29 03:14:09 AM | inactive
01/29 03:14:09 AM | -----
01/29 03:14:09 AM | module: BatchNorm2d(128, eps=1e-05, momentum=0.1, affine=True, track_running_stats=True)
01/29 03:14:09 AM | cin: [3]
01/29 03:14:09 AM | cout: [3]
01/29 03:14:09 AM | inactive
01/29 03:14:09 AM | -----
01/29 03:14:09 AM | module: ReLU(inplace=True)
01/29 03:14:09 AM | cin: [3]
01/29 03:14:09 AM | cout: [3]
01/29 03:14:09 AM | active
01/29 03:14:09 AM | -----
01/29 03:14:09 AM | module: MaxPool2d(kernel_size=2, stride=2, padding=0, dilation=1, ceil_mode=False)
01/29 03:14:09 AM | cin: [3]
01/29 03:14:09 AM | cout: [3]
01/29 03:14:09 AM | inactive
01/29 03:14:09 AM | -----
01/29 03:14:09 AM | module: Conv2d(128, 256, kernel_size=(3, 3), stride=(1, 1), padding=(1, 1))
01/29 03:14:09 AM | cin: [3]
01/29 03:14:09 AM | cout: [4]
01/29 03:14:09 AM | inactive
01/29 03:14:09 AM | -----
01/29 03:14:09 AM | module: BatchNorm2d(256, eps=1e-05, momentum=0.1, affine=True, track_running_stats=True)
01/29 03:14:09 AM | cin: [4]
01/29 03:14:09 AM | cout: [4]
01/29 03:14:09 AM | inactive
01/29 03:14:09 AM | -----
01/29 03:14:09 AM | module: ReLU(inplace=True)
01/29 03:14:09 AM | cin: [4]
01/29 03:14:09 AM | cout: [4]
01/29 03:14:09 AM | active
01/29 03:14:09 AM | -----
01/29 03:14:09 AM | module: Conv2d(256, 256, kernel_size=(3, 3), stride=(1, 1), padding=(1, 1))
01/29 03:14:09 AM | cin: [4]
01/29 03:14:09 AM | cout: [5]
01/29 03:14:09 AM | inactive
01/29 03:14:09 AM | -----
01/29 03:14:09 AM | module: BatchNorm2d(256, eps=1e-05, momentum=0.1, affine=True, track_running_stats=True)
01/29 03:14:09 AM | cin: [5]
01/29 03:14:09 AM | cout: [5]
01/29 03:14:09 AM | inactive
01/29 03:14:09 AM | -----
01/29 03:14:09 AM | module: ReLU(inplace=True)
01/29 03:14:09 AM | cin: [5]
01/29 03:14:09 AM | cout: [5]
01/29 03:14:09 AM | active
01/29 03:14:09 AM | -----
01/29 03:14:09 AM | module: Conv2d(256, 256, kernel_size=(3, 3), stride=(1, 1), padding=(1, 1))
01/29 03:14:09 AM | cin: [5]
01/29 03:14:09 AM | cout: [6]
01/29 03:14:09 AM | inactive
01/29 03:14:09 AM | -----
01/29 03:14:09 AM | module: BatchNorm2d(256, eps=1e-05, momentum=0.1, affine=True, track_running_stats=True)
01/29 03:14:09 AM | cin: [6]
01/29 03:14:09 AM | cout: [6]
01/29 03:14:09 AM | inactive
01/29 03:14:09 AM | -----
01/29 03:14:09 AM | module: ReLU(inplace=True)
01/29 03:14:09 AM | cin: [6]
01/29 03:14:09 AM | cout: [6]
01/29 03:14:09 AM | active
01/29 03:14:09 AM | -----
01/29 03:14:09 AM | module: MaxPool2d(kernel_size=2, stride=2, padding=0, dilation=1, ceil_mode=False)
01/29 03:14:09 AM | cin: [6]
01/29 03:14:09 AM | cout: [6]
01/29 03:14:09 AM | inactive
01/29 03:14:09 AM | -----
01/29 03:14:09 AM | module: Conv2d(256, 512, kernel_size=(3, 3), stride=(1, 1), padding=(1, 1))
01/29 03:14:09 AM | cin: [6]
01/29 03:14:09 AM | cout: [7]
01/29 03:14:09 AM | inactive
01/29 03:14:09 AM | -----
01/29 03:14:09 AM | module: BatchNorm2d(512, eps=1e-05, momentum=0.1, affine=True, track_running_stats=True)
01/29 03:14:09 AM | cin: [7]
01/29 03:14:09 AM | cout: [7]
01/29 03:14:09 AM | inactive
01/29 03:14:09 AM | -----
01/29 03:14:09 AM | module: ReLU(inplace=True)
01/29 03:14:09 AM | cin: [7]
01/29 03:14:09 AM | cout: [7]
01/29 03:14:09 AM | active
01/29 03:14:09 AM | -----
01/29 03:14:09 AM | module: Conv2d(512, 512, kernel_size=(3, 3), stride=(1, 1), padding=(1, 1))
01/29 03:14:09 AM | cin: [7]
01/29 03:14:09 AM | cout: [8]
01/29 03:14:09 AM | inactive
01/29 03:14:09 AM | -----
01/29 03:14:09 AM | module: BatchNorm2d(512, eps=1e-05, momentum=0.1, affine=True, track_running_stats=True)
01/29 03:14:09 AM | cin: [8]
01/29 03:14:09 AM | cout: [8]
01/29 03:14:09 AM | inactive
01/29 03:14:09 AM | -----
01/29 03:14:09 AM | module: ReLU(inplace=True)
01/29 03:14:09 AM | cin: [8]
01/29 03:14:09 AM | cout: [8]
01/29 03:14:09 AM | active
01/29 03:14:09 AM | -----
01/29 03:14:09 AM | module: Conv2d(512, 512, kernel_size=(3, 3), stride=(1, 1), padding=(1, 1))
01/29 03:14:09 AM | cin: [8]
01/29 03:14:09 AM | cout: [9]
01/29 03:14:09 AM | inactive
01/29 03:14:09 AM | -----
01/29 03:14:09 AM | module: BatchNorm2d(512, eps=1e-05, momentum=0.1, affine=True, track_running_stats=True)
01/29 03:14:09 AM | cin: [9]
01/29 03:14:09 AM | cout: [9]
01/29 03:14:09 AM | inactive
01/29 03:14:09 AM | -----
01/29 03:14:09 AM | module: ReLU(inplace=True)
01/29 03:14:09 AM | cin: [9]
01/29 03:14:09 AM | cout: [9]
01/29 03:14:09 AM | active
01/29 03:14:09 AM | -----
01/29 03:14:09 AM | module: MaxPool2d(kernel_size=2, stride=2, padding=0, dilation=1, ceil_mode=False)
01/29 03:14:09 AM | cin: [9]
01/29 03:14:09 AM | cout: [9]
01/29 03:14:09 AM | inactive
01/29 03:14:09 AM | -----
01/29 03:14:09 AM | module: Conv2d(512, 512, kernel_size=(3, 3), stride=(1, 1), padding=(1, 1))
01/29 03:14:09 AM | cin: [9]
01/29 03:14:09 AM | cout: [10]
01/29 03:14:09 AM | inactive
01/29 03:14:09 AM | -----
01/29 03:14:09 AM | module: BatchNorm2d(512, eps=1e-05, momentum=0.1, affine=True, track_running_stats=True)
01/29 03:14:09 AM | cin: [10]
01/29 03:14:09 AM | cout: [10]
01/29 03:14:09 AM | inactive
01/29 03:14:09 AM | -----
01/29 03:14:09 AM | module: ReLU(inplace=True)
01/29 03:14:09 AM | cin: [10]
01/29 03:14:09 AM | cout: [10]
01/29 03:14:09 AM | active
01/29 03:14:09 AM | -----
01/29 03:14:09 AM | module: Conv2d(512, 512, kernel_size=(3, 3), stride=(1, 1), padding=(1, 1))
01/29 03:14:09 AM | cin: [10]
01/29 03:14:09 AM | cout: [11]
01/29 03:14:09 AM | inactive
01/29 03:14:09 AM | -----
01/29 03:14:09 AM | module: BatchNorm2d(512, eps=1e-05, momentum=0.1, affine=True, track_running_stats=True)
01/29 03:14:09 AM | cin: [11]
01/29 03:14:09 AM | cout: [11]
01/29 03:14:09 AM | inactive
01/29 03:14:09 AM | -----
01/29 03:14:09 AM | module: ReLU(inplace=True)
01/29 03:14:09 AM | cin: [11]
01/29 03:14:09 AM | cout: [11]
01/29 03:14:09 AM | active
01/29 03:14:09 AM | -----
01/29 03:14:09 AM | module: Conv2d(512, 512, kernel_size=(3, 3), stride=(1, 1), padding=(1, 1))
01/29 03:14:09 AM | cin: [11]
01/29 03:14:09 AM | cout: [12]
01/29 03:14:09 AM | inactive
01/29 03:14:09 AM | -----
01/29 03:14:09 AM | module: BatchNorm2d(512, eps=1e-05, momentum=0.1, affine=True, track_running_stats=True)
01/29 03:14:09 AM | cin: [12]
01/29 03:14:09 AM | cout: [12]
01/29 03:14:09 AM | inactive
01/29 03:14:09 AM | -----
01/29 03:14:09 AM | module: ReLU(inplace=True)
01/29 03:14:09 AM | cin: [12]
01/29 03:14:09 AM | cout: [12]
01/29 03:14:09 AM | active
01/29 03:14:09 AM | -----
01/29 03:14:09 AM | module: Linear(in_features=512, out_features=512, bias=True)
01/29 03:14:09 AM | cin: [12]
01/29 03:14:09 AM | cout: None
01/29 03:14:09 AM | inactive
01/29 03:14:09 AM | -----
01/29 03:14:09 AM | module: ReLU(inplace=True)
01/29 03:14:09 AM | cin: None
01/29 03:14:09 AM | cout: None
01/29 03:14:09 AM | active
01/29 03:14:09 AM | -----
01/29 03:14:09 AM | module: Linear(in_features=512, out_features=10, bias=True)
01/29 03:14:09 AM | cin: None
01/29 03:14:09 AM | cout: None
01/29 03:14:09 AM | inactive
01/29 03:14:09 AM | Used masks: [0, 1, 2, 3, 4, 5, 6, 7, 8, 9, 10, 11, 12]
01/29 03:14:09 AM | 13 unique masks in total
01/29 03:14:09 AM | === Batch 1/5
01/29 03:14:09 AM | loss = 0.166 + 4.266 + 0.040 = 4.472
01/29 03:14:10 AM | attribution_score[0:12]: 
[ 0.83  0.94  0.83  0.83  0.83  0.83  0.83  0.83  0.83  0.94  0.83  0.94 ]
[ 0.94  0.83  0.94  0.83  0.94  0.83  0.94  0.83  0.83  0.94  0.83  0.83 ]
[ 0.94  0.94  0.83  0.94  0.83  0.83  0.94  0.94  0.83  0.83  0.83  0.94 ]
[ 0.83  0.94  0.94  0.94  0.94  0.94  0.83  0.83  0.94  0.83  0.94  0.94 ]
[ 0.94  0.83  0.83  0.83  0.83  0.94  0.83  0.83  0.83  0.83  0.83  0.83 ]
[ 0.83  0.83  0.83  0.94  0.83  0.83  0.94  0.83  0.83  0.83  0.83  0.83 ]
[ 0.94  0.83  0.83  0.83  0.83  0.83  0.94  0.83  0.94  0.83  0.94  0.83 ]
[ 0.83  0.83  0.83  0.83  0.83  0.83  0.94  0.83  0.83  0.94  0.83  0.83 ]
[ 0.83  0.83  0.83  0.83  0.83  0.83  0.83  0.83  0.83  0.83  0.83  0.83 ]
[ 0.83  0.83  0.83  0.83  0.83  0.83  0.83  0.83  0.83  0.83  0.83  0.83 ]
[ 0.83  0.83  0.83  0.83  0.83  0.83  0.83  0.83  0.83  0.83  0.94  0.83 ]
[ 0.83  0.94  0.83  0.83  0.83  0.83  0.83  0.94  0.83  0.83  0.83  0.83 ]
[ 0.94  0.94  0.94  0.83  0.94  0.94  0.83  0.83  0.83  0.94  0.83  0.83 ]

01/29 03:14:10 AM | === Batch 2/5
01/29 03:14:10 AM | loss = 0.241 + 3.587 + 0.056 = 3.884
01/29 03:14:10 AM | attribution_score[0:12]: 
[ 0.88  0.97  0.73  0.75  0.73  0.74  0.75  0.73  0.73  0.93  0.73  0.96 ]
[ 0.94  0.73  0.95  0.73  0.94  0.86  0.94  0.74  0.75  0.96  0.87  0.74 ]
[ 0.96  0.96  0.73  0.96  0.76  0.88  0.94  0.95  0.73  0.73  0.84  0.95 ]
[ 0.78  0.91  0.91  0.97  0.96  0.97  0.79  0.74  0.94  0.75  0.92  0.95 ]
[ 0.96  0.88  0.75  0.73  0.81  0.96  0.73  0.73  0.87  0.75  0.78  0.75 ]
[ 0.73  0.86  0.74  0.94  0.79  0.75  0.92  0.73  0.75  0.74  0.73  0.74 ]
[ 0.94  0.74  0.80  0.82  0.73  0.73  0.94  0.87  0.96  0.85  0.97  0.77 ]
[ 0.73  0.73  0.73  0.73  0.74  0.75  0.96  0.73  0.73  0.91  0.73  0.74 ]
[ 0.74  0.73  0.73  0.73  0.76  0.73  0.73  0.73  0.81  0.73  0.73  0.85 ]
[ 0.74  0.74  0.73  0.73  0.75  0.76  0.73  0.73  0.74  0.73  0.74  0.76 ]
[ 0.73  0.88  0.81  0.74  0.73  0.73  0.84  0.86  0.73  0.77  0.97  0.88 ]
[ 0.88  0.97  0.82  0.87  0.88  0.78  0.87  0.97  0.76  0.76  0.87  0.76 ]
[ 0.96  0.97  0.97  0.86  0.96  0.96  0.85  0.88  0.88  0.95  0.75  0.75 ]

01/29 03:14:10 AM | === Batch 3/5
01/29 03:14:10 AM | loss = 0.187 + 2.847 + 0.073 = 3.107
01/29 03:14:10 AM | attribution_score[0:12]: 
[ 0.91  0.98  0.62  0.63  0.61  0.62  0.63  0.60  0.60  0.91  0.61  0.96 ]
[ 0.94  0.60  0.94  0.60  0.92  0.88  0.93  0.62  0.65  0.97  0.90  0.62 ]
[ 0.97  0.98  0.61  0.97  0.65  0.91  0.92  0.95  0.60  0.62  0.79  0.95 ]
[ 0.69  0.87  0.87  0.98  0.96  0.98  0.72  0.61  0.94  0.63  0.88  0.96 ]
[ 0.97  0.92  0.73  0.60  0.77  0.96  0.60  0.61  0.91  0.69  0.74  0.72 ]
[ 0.60  0.89  0.62  0.92  0.72  0.65  0.87  0.60  0.65  0.62  0.60  0.61 ]
[ 0.92  0.62  0.73  0.77  0.65  0.60  0.91  0.86  0.97  0.89  0.98  0.70 ]
[ 0.60  0.60  0.60  0.60  0.62  0.65  0.96  0.60  0.60  0.86  0.60  0.63 ]
[ 0.62  0.60  0.60  0.60  0.66  0.60  0.60  0.60  0.76  0.60  0.60  0.87 ]
[ 0.62  0.61  0.61  0.60  0.64  0.66  0.60  0.60  0.61  0.60  0.61  0.65 ]
[ 0.60  0.92  0.83  0.61  0.60  0.61  0.86  0.87  0.60  0.69  0.98  0.86 ]
[ 0.91  0.98  0.78  0.91  0.92  0.72  0.90  0.98  0.65  0.78  0.90  0.65 ]
[ 0.97  0.98  0.98  0.81  0.97  0.98  0.88  0.92  0.91  0.96  0.77  0.66 ]

01/29 03:14:10 AM | === Batch 4/5
01/29 03:14:11 AM | loss = 0.400 + 1.920 + 0.096 = 2.415
01/29 03:14:11 AM | attribution_score[0:12]: 
[ 0.94  0.98  0.50  0.49  0.46  0.48  0.49  0.46  0.45  0.86  0.46  0.96 ]
[ 0.93  0.46  0.92  0.45  0.90  0.89  0.92  0.49  0.53  0.96  0.93  0.48 ]
[ 0.97  0.98  0.47  0.97  0.53  0.93  0.90  0.95  0.45  0.48  0.72  0.95 ]
[ 0.57  0.80  0.81  0.98  0.97  0.98  0.73  0.47  0.94  0.58  0.82  0.97 ]
[ 0.97  0.93  0.69  0.51  0.80  0.96  0.45  0.47  0.93  0.59  0.76  0.64 ]
[ 0.46  0.90  0.47  0.90  0.61  0.51  0.83  0.47  0.53  0.48  0.46  0.55 ]
[ 0.88  0.51  0.62  0.70  0.54  0.46  0.89  0.87  0.97  0.92  0.99  0.60 ]
[ 0.45  0.47  0.47  0.46  0.49  0.53  0.96  0.45  0.46  0.79  0.47  0.52 ]
[ 0.48  0.53  0.45  0.50  0.54  0.45  0.45  0.50  0.70  0.45  0.55  0.90 ]
[ 0.50  0.47  0.46  0.45  0.51  0.54  0.45  0.45  0.47  0.45  0.52  0.54 ]
[ 0.46  0.95  0.88  0.51  0.50  0.48  0.90  0.88  0.65  0.74  0.99  0.82 ]
[ 0.93  0.99  0.78  0.95  0.95  0.74  0.93  0.99  0.58  0.81  0.93  0.52 ]
[ 0.98  0.99  0.99  0.74  0.98  0.99  0.92  0.95  0.94  0.96  0.76  0.54 ]

01/29 03:14:11 AM | === Batch 5/5
01/29 03:14:11 AM | loss = 0.815 + 1.067 + 0.111 = 1.993
01/29 03:14:11 AM | attribution_score[0:12]: 
[ 0.96  0.98  0.37  0.35  0.32  0.34  0.35  0.32  0.31  0.80  0.33  0.97 ]
[ 0.93  0.32  0.93  0.31  0.85  0.90  0.93  0.36  0.48  0.96  0.93  0.37 ]
[ 0.97  0.98  0.33  0.98  0.39  0.95  0.85  0.95  0.32  0.34  0.62  0.95 ]
[ 0.43  0.79  0.72  0.99  0.96  0.99  0.67  0.44  0.93  0.60  0.84  0.97 ]
[ 0.98  0.95  0.61  0.42  0.81  0.96  0.32  0.34  0.94  0.47  0.74  0.54 ]
[ 0.38  0.90  0.34  0.85  0.49  0.39  0.79  0.34  0.43  0.40  0.32  0.52 ]
[ 0.86  0.38  0.54  0.60  0.56  0.33  0.89  0.89  0.97  0.93  0.99  0.50 ]
[ 0.31  0.39  0.33  0.32  0.37  0.40  0.96  0.31  0.47  0.68  0.36  0.43 ]
[ 0.43  0.58  0.31  0.51  0.53  0.32  0.32  0.43  0.74  0.41  0.57  0.93 ]
[ 0.45  0.37  0.32  0.31  0.48  0.54  0.33  0.31  0.52  0.32  0.44  0.52 ]
[ 0.32  0.96  0.92  0.40  0.46  0.54  0.93  0.91  0.73  0.78  0.99  0.86 ]
[ 0.95  0.99  0.83  0.97  0.97  0.79  0.95  0.99  0.53  0.85  0.95  0.60 ]
[ 0.98  0.99  0.99  0.77  0.98  0.99  0.95  0.97  0.96  0.95  0.71  0.41 ]

01/29 03:14:11 AM | ===
Best loss was 1.99 at iteration 5

01/29 03:14:11 AM | Looking for optimal threshold...
01/29 03:14:11 AM | Testing threshold 0.5
01/29 03:14:11 AM | Distance to target: 36,177,008
01/29 03:14:11 AM | Testing threshold 0.75
01/29 03:14:12 AM | Distance to target: 47,492,792
01/29 03:14:12 AM | Testing threshold 0.625
01/29 03:14:12 AM | Distance to target: 28,997,160
01/29 03:14:12 AM | Testing threshold 0.5625
01/29 03:14:12 AM | Distance to target: 13,213,360
01/29 03:14:12 AM | Testing threshold 0.53125
01/29 03:14:12 AM | Distance to target: 3,741,112
01/29 03:14:12 AM | Testing threshold 0.546875
01/29 03:14:12 AM | Distance to target: 7,433,216
01/29 03:14:12 AM | Testing threshold 0.5390625
01/29 03:14:12 AM | Distance to target: 3,168,712
01/29 03:14:12 AM | Testing threshold 0.53515625
01/29 03:14:12 AM | Distance to target: 190,984
01/29 03:14:12 AM | Testing threshold 0.533203125
01/29 03:14:12 AM | Distance to target: 698,112
01/29 03:14:12 AM | Testing threshold 0.5341796875
01/29 03:14:12 AM | Distance to target: 255,848
01/29 03:14:12 AM | Testing threshold 0.53466796875
01/29 03:14:12 AM | Distance to target: 20,032
01/29 03:14:13 AM | attribution_score[0:12]: 
[ 1.00  1.00  0.00  0.00  0.00  0.00  0.00  0.00  0.00  1.00  0.00  1.00 ]
[ 1.00  0.00  1.00  0.00  1.00  1.00  1.00  0.00  0.00  1.00  1.00  0.00 ]
[ 1.00  1.00  0.00  1.00  0.00  1.00  1.00  1.00  0.00  0.00  1.00  1.00 ]
[ 1.00  1.00  1.00  1.00  1.00  1.00  1.00  0.00  1.00  1.00  1.00  1.00 ]
[ 1.00  1.00  1.00  0.00  1.00  1.00  0.00  0.00  1.00  1.00  1.00  1.00 ]
[ 0.00  1.00  0.00  1.00  1.00  0.00  1.00  0.00  0.00  0.00  0.00  1.00 ]
[ 1.00  0.00  1.00  1.00  1.00  0.00  1.00  1.00  1.00  1.00  1.00  1.00 ]
[ 0.00  0.00  0.00  0.00  0.00  0.00  1.00  0.00  0.00  1.00  0.00  0.00 ]
[ 0.00  0.00  0.00  0.00  1.00  0.00  0.00  0.00  1.00  0.00  1.00  1.00 ]
[ 0.00  0.00  0.00  0.00  0.00  1.00  0.00  0.00  0.00  0.00  0.00  1.00 ]
[ 0.00  1.00  1.00  0.00  0.00  0.00  1.00  1.00  1.00  1.00  1.00  1.00 ]
[ 1.00  1.00  1.00  1.00  1.00  1.00  1.00  1.00  1.00  1.00  1.00  0.00 ]
[ 1.00  1.00  1.00  1.00  1.00  1.00  1.00  1.00  1.00  1.00  1.00  1.00 ]

01/29 03:14:13 AM | VGG(
  (features): Sequential(
    (conv0): Conv2d(3, 23, kernel_size=(3, 3), stride=(1, 1), padding=(1, 1))
    (norm0): BatchNorm2d(23, eps=1e-05, momentum=0.1, affine=True, track_running_stats=True)
    (relu0): ReLU(inplace=True)
    (conv1): Conv2d(23, 51, kernel_size=(3, 3), stride=(1, 1), padding=(1, 1))
    (norm1): BatchNorm2d(51, eps=1e-05, momentum=0.1, affine=True, track_running_stats=True)
    (relu1): ReLU(inplace=True)
    (pool2): MaxPool2d(kernel_size=2, stride=2, padding=0, dilation=1, ceil_mode=False)
    (conv3): Conv2d(51, 85, kernel_size=(3, 3), stride=(1, 1), padding=(1, 1))
    (norm3): BatchNorm2d(85, eps=1e-05, momentum=0.1, affine=True, track_running_stats=True)
    (relu3): ReLU(inplace=True)
    (conv4): Conv2d(85, 108, kernel_size=(3, 3), stride=(1, 1), padding=(1, 1))
    (norm4): BatchNorm2d(108, eps=1e-05, momentum=0.1, affine=True, track_running_stats=True)
    (relu4): ReLU(inplace=True)
    (pool5): MaxPool2d(kernel_size=2, stride=2, padding=0, dilation=1, ceil_mode=False)
    (conv6): Conv2d(108, 176, kernel_size=(3, 3), stride=(1, 1), padding=(1, 1))
    (norm6): BatchNorm2d(176, eps=1e-05, momentum=0.1, affine=True, track_running_stats=True)
    (relu6): ReLU(inplace=True)
    (conv7): Conv2d(176, 145, kernel_size=(3, 3), stride=(1, 1), padding=(1, 1))
    (norm7): BatchNorm2d(145, eps=1e-05, momentum=0.1, affine=True, track_running_stats=True)
    (relu7): ReLU(inplace=True)
    (conv8): Conv2d(145, 167, kernel_size=(3, 3), stride=(1, 1), padding=(1, 1))
    (norm8): BatchNorm2d(167, eps=1e-05, momentum=0.1, affine=True, track_running_stats=True)
    (relu8): ReLU(inplace=True)
    (pool9): MaxPool2d(kernel_size=2, stride=2, padding=0, dilation=1, ceil_mode=False)
    (conv10): Conv2d(167, 200, kernel_size=(3, 3), stride=(1, 1), padding=(1, 1))
    (norm10): BatchNorm2d(200, eps=1e-05, momentum=0.1, affine=True, track_running_stats=True)
    (relu10): ReLU(inplace=True)
    (conv11): Conv2d(200, 79, kernel_size=(3, 3), stride=(1, 1), padding=(1, 1))
    (norm11): BatchNorm2d(79, eps=1e-05, momentum=0.1, affine=True, track_running_stats=True)
    (relu11): ReLU(inplace=True)
    (conv12): Conv2d(79, 176, kernel_size=(3, 3), stride=(1, 1), padding=(1, 1))
    (norm12): BatchNorm2d(176, eps=1e-05, momentum=0.1, affine=True, track_running_stats=True)
    (relu12): ReLU(inplace=True)
    (pool13): MaxPool2d(kernel_size=2, stride=2, padding=0, dilation=1, ceil_mode=False)
    (conv14): Conv2d(176, 346, kernel_size=(3, 3), stride=(1, 1), padding=(1, 1))
    (norm14): BatchNorm2d(346, eps=1e-05, momentum=0.1, affine=True, track_running_stats=True)
    (relu14): ReLU(inplace=True)
    (conv15): Conv2d(346, 468, kernel_size=(3, 3), stride=(1, 1), padding=(1, 1))
    (norm15): BatchNorm2d(468, eps=1e-05, momentum=0.1, affine=True, track_running_stats=True)
    (relu15): ReLU(inplace=True)
    (conv16): Conv2d(468, 500, kernel_size=(3, 3), stride=(1, 1), padding=(1, 1))
    (norm16): BatchNorm2d(500, eps=1e-05, momentum=0.1, affine=True, track_running_stats=True)
    (relu16): ReLU(inplace=True)
  )
  (classifier): Sequential(
    (linear1): Linear(in_features=500, out_features=512, bias=True)
    (norm1): BatchNorm1d(512, eps=1e-05, momentum=0.1, affine=True, track_running_stats=True)
    (relu1): ReLU(inplace=True)
    (linear2): Linear(in_features=512, out_features=10, bias=True)
  )
)
01/29 03:14:14 AM | ----------------------------------------
01/29 03:14:14 AM | Performances input model:
01/29 03:14:14 AM |  - flops: 314,294,272
01/29 03:14:14 AM |  - params: 14,991,946
01/29 03:14:14 AM |  - accuracy: 93.95999908447266
01/29 03:14:14 AM | ----------------------------------------
01/29 03:14:14 AM | Performances pseudo-pruned model:
01/29 03:14:14 AM |  - flops: 314,294,272
01/29 03:14:14 AM |  - params: 14,991,946
01/29 03:14:14 AM |  - accuracy: 31.279998779296875
01/29 03:14:14 AM | ----------------------------------------
01/29 03:14:14 AM | Performances pruned model:
01/29 03:14:14 AM |  - flops: 108,482,440
01/29 03:14:14 AM |  - params: 5,701,090
01/29 03:14:14 AM |  - accuracy: 31.279998779296875
01/29 03:14:14 AM | ----------------------------------------
01/29 03:14:14 AM | Total time: 12.86s
