01/29 03:36:19 AM | args = Namespace(output_dir='result/rebuttal/nb_epoch/vgg/nbbtchs180/seed_01', loaded_model_path='./checkpoints/cifar10/vgg_16_bn.pt', resume=False, test_only=False, mode='prune', batch_size=64, nb_batches=180, Mflops_target=None, lr=0.6, momentum=0.9, beta=6, gamma=0.4, gpu='0', num_workers=4, dataset='cifar10', arch='vgg_16_bn', save_plot=False, seed=1, lr_finetuning=0.02, epoch_finetuning=200, wd=0.002, data_dir='./data/cifar10/', print_freq=200, num_classes=10, device_ids=[0], device=device(type='cuda', index=0), name_base='')
01/29 03:36:24 AM | ----------------------------------------
01/29 03:36:24 AM | ==> Building model...
01/29 03:36:24 AM | ----------------------------------------
01/29 03:36:24 AM | ==> Loading weights into the model...
01/29 03:36:24 AM | ----------------------------------------
01/29 03:36:24 AM | VGG(
  (features): Sequential(
    (conv0): Conv2d(3, 64, kernel_size=(3, 3), stride=(1, 1), padding=(1, 1))
    (norm0): BatchNorm2d(64, eps=1e-05, momentum=0.1, affine=True, track_running_stats=True)
    (relu0): ReLU(inplace=True)
    (conv1): Conv2d(64, 64, kernel_size=(3, 3), stride=(1, 1), padding=(1, 1))
    (norm1): BatchNorm2d(64, eps=1e-05, momentum=0.1, affine=True, track_running_stats=True)
    (relu1): ReLU(inplace=True)
    (pool2): MaxPool2d(kernel_size=2, stride=2, padding=0, dilation=1, ceil_mode=False)
    (conv3): Conv2d(64, 128, kernel_size=(3, 3), stride=(1, 1), padding=(1, 1))
    (norm3): BatchNorm2d(128, eps=1e-05, momentum=0.1, affine=True, track_running_stats=True)
    (relu3): ReLU(inplace=True)
    (conv4): Conv2d(128, 128, kernel_size=(3, 3), stride=(1, 1), padding=(1, 1))
    (norm4): BatchNorm2d(128, eps=1e-05, momentum=0.1, affine=True, track_running_stats=True)
    (relu4): ReLU(inplace=True)
    (pool5): MaxPool2d(kernel_size=2, stride=2, padding=0, dilation=1, ceil_mode=False)
    (conv6): Conv2d(128, 256, kernel_size=(3, 3), stride=(1, 1), padding=(1, 1))
    (norm6): BatchNorm2d(256, eps=1e-05, momentum=0.1, affine=True, track_running_stats=True)
    (relu6): ReLU(inplace=True)
    (conv7): Conv2d(256, 256, kernel_size=(3, 3), stride=(1, 1), padding=(1, 1))
    (norm7): BatchNorm2d(256, eps=1e-05, momentum=0.1, affine=True, track_running_stats=True)
    (relu7): ReLU(inplace=True)
    (conv8): Conv2d(256, 256, kernel_size=(3, 3), stride=(1, 1), padding=(1, 1))
    (norm8): BatchNorm2d(256, eps=1e-05, momentum=0.1, affine=True, track_running_stats=True)
    (relu8): ReLU(inplace=True)
    (pool9): MaxPool2d(kernel_size=2, stride=2, padding=0, dilation=1, ceil_mode=False)
    (conv10): Conv2d(256, 512, kernel_size=(3, 3), stride=(1, 1), padding=(1, 1))
    (norm10): BatchNorm2d(512, eps=1e-05, momentum=0.1, affine=True, track_running_stats=True)
    (relu10): ReLU(inplace=True)
    (conv11): Conv2d(512, 512, kernel_size=(3, 3), stride=(1, 1), padding=(1, 1))
    (norm11): BatchNorm2d(512, eps=1e-05, momentum=0.1, affine=True, track_running_stats=True)
    (relu11): ReLU(inplace=True)
    (conv12): Conv2d(512, 512, kernel_size=(3, 3), stride=(1, 1), padding=(1, 1))
    (norm12): BatchNorm2d(512, eps=1e-05, momentum=0.1, affine=True, track_running_stats=True)
    (relu12): ReLU(inplace=True)
    (pool13): MaxPool2d(kernel_size=2, stride=2, padding=0, dilation=1, ceil_mode=False)
    (conv14): Conv2d(512, 512, kernel_size=(3, 3), stride=(1, 1), padding=(1, 1))
    (norm14): BatchNorm2d(512, eps=1e-05, momentum=0.1, affine=True, track_running_stats=True)
    (relu14): ReLU(inplace=True)
    (conv15): Conv2d(512, 512, kernel_size=(3, 3), stride=(1, 1), padding=(1, 1))
    (norm15): BatchNorm2d(512, eps=1e-05, momentum=0.1, affine=True, track_running_stats=True)
    (relu15): ReLU(inplace=True)
    (conv16): Conv2d(512, 512, kernel_size=(3, 3), stride=(1, 1), padding=(1, 1))
    (norm16): BatchNorm2d(512, eps=1e-05, momentum=0.1, affine=True, track_running_stats=True)
    (relu16): ReLU(inplace=True)
  )
  (classifier): Sequential(
    (linear1): Linear(in_features=512, out_features=512, bias=True)
    (norm1): BatchNorm1d(512, eps=1e-05, momentum=0.1, affine=True, track_running_stats=True)
    (relu1): ReLU(inplace=True)
    (linear2): Linear(in_features=512, out_features=10, bias=True)
  )
)
01/29 03:36:26 AM | Save modules info...
01/29 03:36:26 AM | FLOPS pruning ratio is 0.65
01/29 03:36:26 AM | Pruning with information flow
01/29 03:36:26 AM | -----
01/29 03:36:26 AM | module: Conv2d(3, 64, kernel_size=(3, 3), stride=(1, 1), padding=(1, 1))
01/29 03:36:26 AM | cin: None
01/29 03:36:26 AM | cout: [0]
01/29 03:36:26 AM | inactive
01/29 03:36:26 AM | -----
01/29 03:36:26 AM | module: BatchNorm2d(64, eps=1e-05, momentum=0.1, affine=True, track_running_stats=True)
01/29 03:36:26 AM | cin: [0]
01/29 03:36:26 AM | cout: [0]
01/29 03:36:26 AM | inactive
01/29 03:36:26 AM | -----
01/29 03:36:26 AM | module: ReLU(inplace=True)
01/29 03:36:26 AM | cin: [0]
01/29 03:36:26 AM | cout: [0]
01/29 03:36:26 AM | active
01/29 03:36:26 AM | -----
01/29 03:36:26 AM | module: Conv2d(64, 64, kernel_size=(3, 3), stride=(1, 1), padding=(1, 1))
01/29 03:36:26 AM | cin: [0]
01/29 03:36:26 AM | cout: [1]
01/29 03:36:26 AM | inactive
01/29 03:36:26 AM | -----
01/29 03:36:26 AM | module: BatchNorm2d(64, eps=1e-05, momentum=0.1, affine=True, track_running_stats=True)
01/29 03:36:26 AM | cin: [1]
01/29 03:36:26 AM | cout: [1]
01/29 03:36:26 AM | inactive
01/29 03:36:26 AM | -----
01/29 03:36:26 AM | module: ReLU(inplace=True)
01/29 03:36:26 AM | cin: [1]
01/29 03:36:26 AM | cout: [1]
01/29 03:36:26 AM | active
01/29 03:36:26 AM | -----
01/29 03:36:26 AM | module: MaxPool2d(kernel_size=2, stride=2, padding=0, dilation=1, ceil_mode=False)
01/29 03:36:26 AM | cin: [1]
01/29 03:36:26 AM | cout: [1]
01/29 03:36:26 AM | inactive
01/29 03:36:26 AM | -----
01/29 03:36:26 AM | module: Conv2d(64, 128, kernel_size=(3, 3), stride=(1, 1), padding=(1, 1))
01/29 03:36:26 AM | cin: [1]
01/29 03:36:26 AM | cout: [2]
01/29 03:36:26 AM | inactive
01/29 03:36:26 AM | -----
01/29 03:36:26 AM | module: BatchNorm2d(128, eps=1e-05, momentum=0.1, affine=True, track_running_stats=True)
01/29 03:36:26 AM | cin: [2]
01/29 03:36:26 AM | cout: [2]
01/29 03:36:26 AM | inactive
01/29 03:36:26 AM | -----
01/29 03:36:26 AM | module: ReLU(inplace=True)
01/29 03:36:26 AM | cin: [2]
01/29 03:36:26 AM | cout: [2]
01/29 03:36:26 AM | active
01/29 03:36:26 AM | -----
01/29 03:36:26 AM | module: Conv2d(128, 128, kernel_size=(3, 3), stride=(1, 1), padding=(1, 1))
01/29 03:36:26 AM | cin: [2]
01/29 03:36:26 AM | cout: [3]
01/29 03:36:26 AM | inactive
01/29 03:36:26 AM | -----
01/29 03:36:26 AM | module: BatchNorm2d(128, eps=1e-05, momentum=0.1, affine=True, track_running_stats=True)
01/29 03:36:26 AM | cin: [3]
01/29 03:36:26 AM | cout: [3]
01/29 03:36:26 AM | inactive
01/29 03:36:26 AM | -----
01/29 03:36:26 AM | module: ReLU(inplace=True)
01/29 03:36:26 AM | cin: [3]
01/29 03:36:26 AM | cout: [3]
01/29 03:36:26 AM | active
01/29 03:36:26 AM | -----
01/29 03:36:26 AM | module: MaxPool2d(kernel_size=2, stride=2, padding=0, dilation=1, ceil_mode=False)
01/29 03:36:26 AM | cin: [3]
01/29 03:36:26 AM | cout: [3]
01/29 03:36:26 AM | inactive
01/29 03:36:26 AM | -----
01/29 03:36:26 AM | module: Conv2d(128, 256, kernel_size=(3, 3), stride=(1, 1), padding=(1, 1))
01/29 03:36:26 AM | cin: [3]
01/29 03:36:26 AM | cout: [4]
01/29 03:36:26 AM | inactive
01/29 03:36:26 AM | -----
01/29 03:36:26 AM | module: BatchNorm2d(256, eps=1e-05, momentum=0.1, affine=True, track_running_stats=True)
01/29 03:36:26 AM | cin: [4]
01/29 03:36:26 AM | cout: [4]
01/29 03:36:26 AM | inactive
01/29 03:36:26 AM | -----
01/29 03:36:26 AM | module: ReLU(inplace=True)
01/29 03:36:26 AM | cin: [4]
01/29 03:36:26 AM | cout: [4]
01/29 03:36:26 AM | active
01/29 03:36:26 AM | -----
01/29 03:36:26 AM | module: Conv2d(256, 256, kernel_size=(3, 3), stride=(1, 1), padding=(1, 1))
01/29 03:36:26 AM | cin: [4]
01/29 03:36:26 AM | cout: [5]
01/29 03:36:26 AM | inactive
01/29 03:36:26 AM | -----
01/29 03:36:26 AM | module: BatchNorm2d(256, eps=1e-05, momentum=0.1, affine=True, track_running_stats=True)
01/29 03:36:26 AM | cin: [5]
01/29 03:36:26 AM | cout: [5]
01/29 03:36:26 AM | inactive
01/29 03:36:26 AM | -----
01/29 03:36:26 AM | module: ReLU(inplace=True)
01/29 03:36:26 AM | cin: [5]
01/29 03:36:26 AM | cout: [5]
01/29 03:36:26 AM | active
01/29 03:36:26 AM | -----
01/29 03:36:26 AM | module: Conv2d(256, 256, kernel_size=(3, 3), stride=(1, 1), padding=(1, 1))
01/29 03:36:26 AM | cin: [5]
01/29 03:36:26 AM | cout: [6]
01/29 03:36:26 AM | inactive
01/29 03:36:26 AM | -----
01/29 03:36:26 AM | module: BatchNorm2d(256, eps=1e-05, momentum=0.1, affine=True, track_running_stats=True)
01/29 03:36:26 AM | cin: [6]
01/29 03:36:26 AM | cout: [6]
01/29 03:36:26 AM | inactive
01/29 03:36:26 AM | -----
01/29 03:36:26 AM | module: ReLU(inplace=True)
01/29 03:36:26 AM | cin: [6]
01/29 03:36:26 AM | cout: [6]
01/29 03:36:26 AM | active
01/29 03:36:26 AM | -----
01/29 03:36:26 AM | module: MaxPool2d(kernel_size=2, stride=2, padding=0, dilation=1, ceil_mode=False)
01/29 03:36:26 AM | cin: [6]
01/29 03:36:26 AM | cout: [6]
01/29 03:36:26 AM | inactive
01/29 03:36:26 AM | -----
01/29 03:36:26 AM | module: Conv2d(256, 512, kernel_size=(3, 3), stride=(1, 1), padding=(1, 1))
01/29 03:36:26 AM | cin: [6]
01/29 03:36:26 AM | cout: [7]
01/29 03:36:26 AM | inactive
01/29 03:36:26 AM | -----
01/29 03:36:26 AM | module: BatchNorm2d(512, eps=1e-05, momentum=0.1, affine=True, track_running_stats=True)
01/29 03:36:26 AM | cin: [7]
01/29 03:36:26 AM | cout: [7]
01/29 03:36:26 AM | inactive
01/29 03:36:26 AM | -----
01/29 03:36:26 AM | module: ReLU(inplace=True)
01/29 03:36:26 AM | cin: [7]
01/29 03:36:26 AM | cout: [7]
01/29 03:36:26 AM | active
01/29 03:36:26 AM | -----
01/29 03:36:26 AM | module: Conv2d(512, 512, kernel_size=(3, 3), stride=(1, 1), padding=(1, 1))
01/29 03:36:26 AM | cin: [7]
01/29 03:36:26 AM | cout: [8]
01/29 03:36:26 AM | inactive
01/29 03:36:26 AM | -----
01/29 03:36:26 AM | module: BatchNorm2d(512, eps=1e-05, momentum=0.1, affine=True, track_running_stats=True)
01/29 03:36:26 AM | cin: [8]
01/29 03:36:26 AM | cout: [8]
01/29 03:36:26 AM | inactive
01/29 03:36:26 AM | -----
01/29 03:36:26 AM | module: ReLU(inplace=True)
01/29 03:36:26 AM | cin: [8]
01/29 03:36:26 AM | cout: [8]
01/29 03:36:26 AM | active
01/29 03:36:26 AM | -----
01/29 03:36:26 AM | module: Conv2d(512, 512, kernel_size=(3, 3), stride=(1, 1), padding=(1, 1))
01/29 03:36:26 AM | cin: [8]
01/29 03:36:26 AM | cout: [9]
01/29 03:36:26 AM | inactive
01/29 03:36:26 AM | -----
01/29 03:36:26 AM | module: BatchNorm2d(512, eps=1e-05, momentum=0.1, affine=True, track_running_stats=True)
01/29 03:36:26 AM | cin: [9]
01/29 03:36:26 AM | cout: [9]
01/29 03:36:26 AM | inactive
01/29 03:36:26 AM | -----
01/29 03:36:26 AM | module: ReLU(inplace=True)
01/29 03:36:26 AM | cin: [9]
01/29 03:36:26 AM | cout: [9]
01/29 03:36:26 AM | active
01/29 03:36:26 AM | -----
01/29 03:36:26 AM | module: MaxPool2d(kernel_size=2, stride=2, padding=0, dilation=1, ceil_mode=False)
01/29 03:36:26 AM | cin: [9]
01/29 03:36:26 AM | cout: [9]
01/29 03:36:26 AM | inactive
01/29 03:36:26 AM | -----
01/29 03:36:26 AM | module: Conv2d(512, 512, kernel_size=(3, 3), stride=(1, 1), padding=(1, 1))
01/29 03:36:26 AM | cin: [9]
01/29 03:36:26 AM | cout: [10]
01/29 03:36:26 AM | inactive
01/29 03:36:26 AM | -----
01/29 03:36:26 AM | module: BatchNorm2d(512, eps=1e-05, momentum=0.1, affine=True, track_running_stats=True)
01/29 03:36:26 AM | cin: [10]
01/29 03:36:26 AM | cout: [10]
01/29 03:36:26 AM | inactive
01/29 03:36:26 AM | -----
01/29 03:36:26 AM | module: ReLU(inplace=True)
01/29 03:36:26 AM | cin: [10]
01/29 03:36:26 AM | cout: [10]
01/29 03:36:26 AM | active
01/29 03:36:26 AM | -----
01/29 03:36:26 AM | module: Conv2d(512, 512, kernel_size=(3, 3), stride=(1, 1), padding=(1, 1))
01/29 03:36:26 AM | cin: [10]
01/29 03:36:26 AM | cout: [11]
01/29 03:36:26 AM | inactive
01/29 03:36:26 AM | -----
01/29 03:36:26 AM | module: BatchNorm2d(512, eps=1e-05, momentum=0.1, affine=True, track_running_stats=True)
01/29 03:36:26 AM | cin: [11]
01/29 03:36:26 AM | cout: [11]
01/29 03:36:26 AM | inactive
01/29 03:36:26 AM | -----
01/29 03:36:26 AM | module: ReLU(inplace=True)
01/29 03:36:26 AM | cin: [11]
01/29 03:36:26 AM | cout: [11]
01/29 03:36:26 AM | active
01/29 03:36:26 AM | -----
01/29 03:36:26 AM | module: Conv2d(512, 512, kernel_size=(3, 3), stride=(1, 1), padding=(1, 1))
01/29 03:36:26 AM | cin: [11]
01/29 03:36:26 AM | cout: [12]
01/29 03:36:26 AM | inactive
01/29 03:36:26 AM | -----
01/29 03:36:26 AM | module: BatchNorm2d(512, eps=1e-05, momentum=0.1, affine=True, track_running_stats=True)
01/29 03:36:26 AM | cin: [12]
01/29 03:36:26 AM | cout: [12]
01/29 03:36:26 AM | inactive
01/29 03:36:26 AM | -----
01/29 03:36:26 AM | module: ReLU(inplace=True)
01/29 03:36:26 AM | cin: [12]
01/29 03:36:26 AM | cout: [12]
01/29 03:36:26 AM | active
01/29 03:36:26 AM | -----
01/29 03:36:26 AM | module: Linear(in_features=512, out_features=512, bias=True)
01/29 03:36:26 AM | cin: [12]
01/29 03:36:26 AM | cout: None
01/29 03:36:26 AM | inactive
01/29 03:36:26 AM | -----
01/29 03:36:26 AM | module: ReLU(inplace=True)
01/29 03:36:26 AM | cin: None
01/29 03:36:26 AM | cout: None
01/29 03:36:26 AM | active
01/29 03:36:26 AM | -----
01/29 03:36:26 AM | module: Linear(in_features=512, out_features=10, bias=True)
01/29 03:36:26 AM | cin: None
01/29 03:36:26 AM | cout: None
01/29 03:36:26 AM | inactive
01/29 03:36:26 AM | Used masks: [0, 1, 2, 3, 4, 5, 6, 7, 8, 9, 10, 11, 12]
01/29 03:36:26 AM | 13 unique masks in total
01/29 03:36:26 AM | === Batch 1/180
01/29 03:36:26 AM | loss = 0.121 + 4.266 + 0.040 = 4.427
01/29 03:36:27 AM | attribution_score[0:12]: 
[ 0.94  0.94  0.83  0.83  0.83  0.83  0.83  0.83  0.83  0.94  0.83  0.83 ]
[ 0.83  0.83  0.94  0.83  0.94  0.83  0.83  0.83  0.83  0.94  0.83  0.83 ]
[ 0.83  0.94  0.83  0.83  0.83  0.83  0.83  0.94  0.83  0.83  0.83  0.94 ]
[ 0.83  0.83  0.83  0.83  0.83  0.83  0.83  0.83  0.94  0.83  0.83  0.94 ]
[ 0.83  0.83  0.94  0.83  0.83  0.83  0.94  0.83  0.94  0.94  0.83  0.83 ]
[ 0.83  0.83  0.94  0.83  0.83  0.83  0.83  0.83  0.83  0.83  0.83  0.83 ]
[ 0.83  0.83  0.83  0.83  0.94  0.83  0.83  0.83  0.83  0.94  0.83  0.83 ]
[ 0.83  0.83  0.83  0.83  0.83  0.83  0.83  0.83  0.83  0.83  0.83  0.83 ]
[ 0.83  0.83  0.83  0.83  0.83  0.83  0.83  0.83  0.83  0.83  0.83  0.83 ]
[ 0.83  0.83  0.83  0.83  0.83  0.83  0.83  0.83  0.83  0.83  0.83  0.83 ]
[ 0.83  0.83  0.83  0.83  0.83  0.83  0.83  0.83  0.83  0.83  0.94  0.83 ]
[ 0.83  0.83  0.83  0.83  0.83  0.83  0.83  0.94  0.83  0.83  0.83  0.83 ]
[ 0.94  0.94  0.94  0.83  0.94  0.94  0.83  0.94  0.83  0.94  0.94  0.83 ]

01/29 03:36:27 AM | === Batch 2/180
01/29 03:36:27 AM | loss = 0.130 + 3.498 + 0.058 = 3.685
01/29 03:36:27 AM | attribution_score[0:12]: 
[ 0.96  0.97  0.73  0.73  0.73  0.74  0.74  0.73  0.73  0.91  0.73  0.86 ]
[ 0.87  0.73  0.92  0.73  0.97  0.75  0.86  0.73  0.73  0.94  0.73  0.73 ]
[ 0.88  0.96  0.73  0.87  0.73  0.86  0.84  0.95  0.75  0.74  0.74  0.97 ]
[ 0.75  0.74  0.75  0.84  0.73  0.76  0.76  0.73  0.96  0.73  0.78  0.96 ]
[ 0.73  0.73  0.96  0.73  0.74  0.73  0.93  0.77  0.95  0.92  0.74  0.74 ]
[ 0.75  0.73  0.92  0.74  0.73  0.74  0.74  0.76  0.73  0.73  0.73  0.74 ]
[ 0.79  0.74  0.75  0.73  0.96  0.73  0.73  0.73  0.74  0.95  0.73  0.73 ]
[ 0.73  0.74  0.73  0.84  0.79  0.73  0.77  0.73  0.81  0.75  0.73  0.73 ]
[ 0.73  0.73  0.73  0.73  0.73  0.73  0.73  0.74  0.73  0.73  0.73  0.74 ]
[ 0.73  0.73  0.73  0.73  0.75  0.73  0.73  0.73  0.74  0.73  0.73  0.73 ]
[ 0.73  0.79  0.75  0.73  0.73  0.78  0.74  0.78  0.74  0.73  0.97  0.73 ]
[ 0.88  0.88  0.73  0.73  0.88  0.73  0.83  0.97  0.73  0.88  0.77  0.73 ]
[ 0.97  0.97  0.97  0.74  0.97  0.97  0.82  0.97  0.87  0.97  0.97  0.74 ]

01/29 03:36:27 AM | === Batch 3/180
01/29 03:36:27 AM | loss = 0.481 + 2.548 + 0.081 = 3.109
01/29 03:36:28 AM | attribution_score[0:12]: 
[ 0.98  0.97  0.60  0.60  0.61  0.61  0.62  0.60  0.60  0.87  0.61  0.87 ]
[ 0.84  0.60  0.89  0.60  0.97  0.67  0.85  0.60  0.70  0.95  0.60  0.61 ]
[ 0.91  0.97  0.60  0.90  0.61  0.90  0.81  0.95  0.64  0.63  0.62  0.97 ]
[ 0.66  0.62  0.77  0.87  0.72  0.75  0.65  0.60  0.97  0.60  0.69  0.97 ]
[ 0.60  0.65  0.96  0.64  0.71  0.74  0.89  0.75  0.96  0.89  0.63  0.63 ]
[ 0.65  0.79  0.88  0.63  0.61  0.62  0.65  0.65  0.61  0.60  0.60  0.72 ]
[ 0.77  0.62  0.73  0.64  0.97  0.61  0.61  0.60  0.63  0.97  0.77  0.61 ]
[ 0.60  0.62  0.60  0.82  0.71  0.66  0.73  0.60  0.81  0.65  0.60  0.60 ]
[ 0.60  0.61  0.60  0.60  0.61  0.60  0.60  0.61  0.63  0.60  0.61  0.76 ]
[ 0.62  0.60  0.60  0.60  0.64  0.63  0.60  0.60  0.63  0.60  0.61  0.62 ]
[ 0.60  0.84  0.80  0.61  0.60  0.72  0.78  0.83  0.61  0.69  0.98  0.61 ]
[ 0.92  0.92  0.74  0.79  0.93  0.73  0.88  0.98  0.65  0.92  0.82  0.62 ]
[ 0.98  0.98  0.98  0.61  0.98  0.98  0.87  0.98  0.92  0.98  0.98  0.62 ]

01/29 03:36:28 AM | === Batch 4/180
01/29 03:36:28 AM | loss = 0.751 + 1.667 + 0.102 = 2.521
01/29 03:36:28 AM | attribution_score[0:12]: 
[ 0.98  0.96  0.45  0.46  0.46  0.53  0.49  0.45  0.45  0.80  0.47  0.86 ]
[ 0.81  0.45  0.84  0.46  0.97  0.56  0.86  0.46  0.69  0.93  0.66  0.47 ]
[ 0.93  0.98  0.45  0.93  0.46  0.93  0.74  0.95  0.51  0.49  0.48  0.97 ]
[ 0.53  0.48  0.76  0.89  0.73  0.74  0.56  0.50  0.98  0.53  0.62  0.98 ]
[ 0.60  0.57  0.96  0.60  0.74  0.76  0.87  0.73  0.97  0.83  0.65  0.51 ]
[ 0.60  0.85  0.81  0.52  0.48  0.48  0.61  0.52  0.47  0.57  0.45  0.66 ]
[ 0.71  0.49  0.69  0.65  0.97  0.50  0.51  0.61  0.50  0.98  0.83  0.48 ]
[ 0.45  0.49  0.46  0.76  0.61  0.58  0.65  0.45  0.86  0.53  0.46  0.45 ]
[ 0.46  0.61  0.45  0.62  0.47  0.45  0.48  0.53  0.67  0.45  0.62  0.82 ]
[ 0.59  0.48  0.45  0.45  0.54  0.62  0.45  0.45  0.66  0.45  0.48  0.57 ]
[ 0.46  0.89  0.84  0.63  0.66  0.63  0.84  0.84  0.68  0.75  0.99  0.68 ]
[ 0.92  0.95  0.79  0.86  0.95  0.74  0.92  0.99  0.55  0.92  0.88  0.69 ]
[ 0.99  0.99  0.99  0.63  0.98  0.99  0.91  0.99  0.95  0.98  0.98  0.52 ]

01/29 03:36:28 AM | === Batch 5/180
01/29 03:36:28 AM | loss = 0.793 + 0.947 + 0.113 = 1.853
01/29 03:36:29 AM | attribution_score[0:12]: 
[ 0.99  0.96  0.32  0.32  0.33  0.46  0.37  0.31  0.31  0.76  0.33  0.88 ]
[ 0.81  0.33  0.77  0.32  0.97  0.43  0.90  0.33  0.66  0.90  0.70  0.37 ]
[ 0.95  0.98  0.31  0.94  0.32  0.95  0.64  0.95  0.37  0.36  0.34  0.97 ]
[ 0.40  0.34  0.74  0.90  0.66  0.77  0.50  0.47  0.98  0.51  0.55  0.98 ]
[ 0.66  0.46  0.94  0.56  0.73  0.81  0.85  0.70  0.97  0.78  0.71  0.49 ]
[ 0.56  0.86  0.72  0.40  0.36  0.41  0.66  0.43  0.36  0.60  0.31  0.65 ]
[ 0.73  0.42  0.67  0.60  0.97  0.41  0.41  0.61  0.47  0.98  0.88  0.42 ]
[ 0.31  0.41  0.34  0.67  0.51  0.47  0.54  0.31  0.88  0.41  0.33  0.32 ]
[ 0.38  0.62  0.31  0.67  0.43  0.31  0.38  0.43  0.74  0.36  0.68  0.87 ]
[ 0.60  0.36  0.31  0.31  0.42  0.60  0.31  0.31  0.73  0.31  0.35  0.53 ]
[ 0.40  0.93  0.84  0.69  0.73  0.65  0.89  0.88  0.76  0.81  0.99  0.76 ]
[ 0.90  0.97  0.83  0.90  0.96  0.77  0.94  0.99  0.43  0.90  0.92  0.77 ]
[ 0.99  0.99  0.99  0.71  0.99  0.99  0.93  0.99  0.97  0.98  0.98  0.40 ]

01/29 03:36:29 AM | === Batch 6/180
01/29 03:36:29 AM | loss = 1.012 + 0.368 + 0.097 = 1.477
01/29 03:36:29 AM | attribution_score[0:12]: 
[ 0.99  0.95  0.22  0.20  0.23  0.39  0.27  0.20  0.20  0.77  0.22  0.91 ]
[ 0.83  0.23  0.67  0.21  0.97  0.31  0.92  0.21  0.60  0.87  0.77  0.35 ]
[ 0.97  0.98  0.20  0.95  0.20  0.96  0.53  0.96  0.25  0.25  0.23  0.98 ]
[ 0.31  0.23  0.76  0.91  0.57  0.75  0.53  0.43  0.98  0.48  0.51  0.98 ]
[ 0.73  0.34  0.92  0.50  0.76  0.86  0.83  0.63  0.98  0.78  0.78  0.53 ]
[ 0.59  0.86  0.60  0.30  0.24  0.43  0.73  0.33  0.27  0.66  0.20  0.67 ]
[ 0.79  0.36  0.68  0.57  0.97  0.31  0.30  0.55  0.39  0.98  0.92  0.41 ]
[ 0.20  0.35  0.23  0.56  0.41  0.45  0.56  0.20  0.88  0.29  0.24  0.21 ]
[ 0.29  0.59  0.20  0.73  0.43  0.20  0.28  0.35  0.80  0.30  0.75  0.91 ]
[ 0.58  0.25  0.20  0.20  0.36  0.59  0.20  0.20  0.81  0.21  0.26  0.53 ]
[ 0.42  0.95  0.83  0.75  0.80  0.72  0.92  0.91  0.83  0.84  0.99  0.82 ]
[ 0.90  0.98  0.87  0.93  0.97  0.82  0.95  0.99  0.40  0.88  0.95  0.84 ]
[ 0.99  1.00  1.00  0.77  0.99  1.00  0.95  0.99  0.98  0.97  0.97  0.29 ]

01/29 03:36:29 AM | === Batch 7/180
01/29 03:36:29 AM | loss = 1.174 + 0.097 + 0.083 = 1.354
01/29 03:36:29 AM | attribution_score[0:12]: 
[ 0.99  0.96  0.23  0.16  0.21  0.42  0.24  0.16  0.15  0.81  0.19  0.93 ]
[ 0.87  0.19  0.69  0.17  0.97  0.30  0.94  0.16  0.59  0.89  0.83  0.40 ]
[ 0.97  0.97  0.16  0.96  0.17  0.97  0.55  0.96  0.22  0.20  0.19  0.98 ]
[ 0.26  0.18  0.82  0.93  0.58  0.78  0.59  0.47  0.97  0.53  0.56  0.98 ]
[ 0.79  0.34  0.92  0.51  0.79  0.90  0.83  0.67  0.98  0.82  0.84  0.57 ]
[ 0.66  0.88  0.62  0.29  0.22  0.51  0.80  0.31  0.22  0.74  0.15  0.73 ]
[ 0.85  0.38  0.73  0.61  0.98  0.31  0.26  0.54  0.42  0.98  0.95  0.47 ]
[ 0.15  0.37  0.20  0.53  0.41  0.51  0.63  0.15  0.89  0.29  0.24  0.15 ]
[ 0.30  0.64  0.17  0.80  0.47  0.17  0.26  0.38  0.85  0.33  0.82  0.94 ]
[ 0.63  0.26  0.16  0.16  0.37  0.64  0.18  0.17  0.87  0.20  0.25  0.59 ]
[ 0.48  0.96  0.87  0.78  0.83  0.79  0.94  0.94  0.88  0.86  1.00  0.86 ]
[ 0.92  0.99  0.91  0.94  0.98  0.88  0.95  0.99  0.45  0.89  0.97  0.89 ]
[ 1.00  1.00  1.00  0.82  0.99  1.00  0.96  0.99  0.99  0.97  0.96  0.24 ]

01/29 03:36:29 AM | === Batch 8/180
01/29 03:36:30 AM | loss = 1.276 + 0.027 + 0.075 = 1.379
01/29 03:36:30 AM | attribution_score[0:12]: 
[ 0.99  0.96  0.24  0.12  0.18  0.39  0.21  0.12  0.12  0.81  0.16  0.93 ]
[ 0.91  0.16  0.74  0.13  0.97  0.32  0.96  0.12  0.64  0.92  0.80  0.46 ]
[ 0.98  0.97  0.13  0.97  0.13  0.97  0.54  0.96  0.20  0.16  0.17  0.98 ]
[ 0.22  0.13  0.84  0.95  0.62  0.82  0.58  0.50  0.97  0.55  0.56  0.98 ]
[ 0.84  0.37  0.92  0.50  0.78  0.93  0.82  0.70  0.98  0.87  0.84  0.54 ]
[ 0.72  0.90  0.63  0.29  0.20  0.56  0.82  0.30  0.19  0.78  0.11  0.75 ]
[ 0.89  0.37  0.74  0.68  0.98  0.32  0.23  0.57  0.49  0.98  0.96  0.48 ]
[ 0.11  0.38  0.16  0.48  0.42  0.58  0.72  0.11  0.90  0.27  0.21  0.11 ]
[ 0.31  0.66  0.14  0.83  0.50  0.14  0.22  0.36  0.86  0.35  0.84  0.96 ]
[ 0.62  0.25  0.12  0.12  0.38  0.66  0.16  0.13  0.91  0.17  0.24  0.61 ]
[ 0.50  0.97  0.89  0.78  0.85  0.83  0.94  0.96  0.91  0.87  1.00  0.88 ]
[ 0.94  0.99  0.93  0.95  0.98  0.89  0.96  1.00  0.46  0.91  0.98  0.91 ]
[ 1.00  1.00  1.00  0.85  1.00  1.00  0.97  0.99  0.99  0.98  0.97  0.22 ]

01/29 03:36:30 AM | === Batch 9/180
01/29 03:36:30 AM | loss = 1.125 + 0.039 + 0.070 = 1.233
01/29 03:36:30 AM | attribution_score[0:12]: 
[ 0.99  0.97  0.24  0.09  0.16  0.36  0.19  0.09  0.08  0.77  0.12  0.93 ]
[ 0.94  0.14  0.80  0.09  0.95  0.37  0.97  0.09  0.71  0.94  0.75  0.54 ]
[ 0.98  0.96  0.10  0.97  0.10  0.98  0.50  0.97  0.18  0.13  0.16  0.98 ]
[ 0.18  0.10  0.85  0.96  0.69  0.87  0.56  0.47  0.96  0.52  0.53  0.98 ]
[ 0.86  0.43  0.93  0.52  0.74  0.95  0.79  0.74  0.98  0.91  0.82  0.48 ]
[ 0.80  0.93  0.62  0.32  0.17  0.58  0.81  0.30  0.16  0.82  0.08  0.78 ]
[ 0.92  0.35  0.74  0.75  0.98  0.34  0.19  0.54  0.57  0.99  0.96  0.50 ]
[ 0.08  0.36  0.13  0.44  0.41  0.65  0.78  0.08  0.89  0.24  0.18  0.08 ]
[ 0.30  0.66  0.11  0.83  0.53  0.11  0.17  0.33  0.86  0.36  0.84  0.97 ]
[ 0.58  0.22  0.09  0.10  0.37  0.66  0.14  0.10  0.93  0.14  0.24  0.61 ]
[ 0.50  0.97  0.90  0.76  0.87  0.86  0.95  0.97  0.93  0.87  1.00  0.89 ]
[ 0.95  1.00  0.94  0.96  0.99  0.88  0.97  1.00  0.42  0.93  0.98  0.92 ]
[ 1.00  1.00  1.00  0.89  1.00  1.00  0.97  0.99  0.99  0.98  0.97  0.22 ]

01/29 03:36:30 AM | === Batch 10/180
01/29 03:36:30 AM | loss = 0.791 + 0.012 + 0.065 = 0.867
01/29 03:36:31 AM | attribution_score[0:12]: 
[ 1.00  0.98  0.23  0.06  0.13  0.32  0.16  0.06  0.06  0.75  0.09  0.93 ]
[ 0.96  0.12  0.85  0.07  0.93  0.41  0.98  0.07  0.75  0.96  0.69  0.61 ]
[ 0.99  0.95  0.08  0.98  0.08  0.98  0.44  0.97  0.15  0.10  0.15  0.98 ]
[ 0.14  0.07  0.86  0.97  0.73  0.90  0.55  0.45  0.94  0.50  0.51  0.97 ]
[ 0.87  0.47  0.92  0.50  0.68  0.96  0.75  0.78  0.98  0.93  0.80  0.43 ]
[ 0.83  0.94  0.59  0.31  0.13  0.61  0.79  0.30  0.15  0.84  0.06  0.80 ]
[ 0.94  0.37  0.69  0.80  0.98  0.35  0.16  0.48  0.63  0.99  0.97  0.51 ]
[ 0.06  0.38  0.10  0.40  0.40  0.74  0.83  0.06  0.88  0.22  0.16  0.05 ]
[ 0.29  0.66  0.09  0.83  0.57  0.09  0.13  0.30  0.84  0.34  0.84  0.98 ]
[ 0.53  0.18  0.07  0.07  0.38  0.63  0.12  0.08  0.95  0.11  0.24  0.59 ]
[ 0.50  0.98  0.90  0.74  0.87  0.88  0.95  0.98  0.95  0.86  1.00  0.90 ]
[ 0.96  1.00  0.94  0.96  0.99  0.88  0.97  1.00  0.39  0.94  0.99  0.93 ]
[ 1.00  1.00  1.00  0.91  1.00  1.00  0.98  0.99  1.00  0.99  0.98  0.22 ]

01/29 03:36:31 AM | === Batch 11/180
01/29 03:36:31 AM | loss = 0.834 + 0.079 + 0.061 = 0.975
01/29 03:36:31 AM | attribution_score[0:12]: 
[ 1.00  0.98  0.25  0.05  0.12  0.33  0.16  0.05  0.05  0.77  0.08  0.94 ]
[ 0.97  0.12  0.88  0.06  0.93  0.47  0.99  0.05  0.78  0.97  0.68  0.68 ]
[ 0.99  0.95  0.07  0.98  0.06  0.99  0.45  0.97  0.16  0.09  0.15  0.99 ]
[ 0.11  0.06  0.87  0.97  0.78  0.92  0.56  0.47  0.94  0.51  0.56  0.98 ]
[ 0.89  0.52  0.91  0.51  0.67  0.97  0.76  0.83  0.98  0.95  0.79  0.40 ]
[ 0.85  0.95  0.63  0.30  0.12  0.67  0.77  0.34  0.15  0.85  0.05  0.84 ]
[ 0.95  0.42  0.67  0.84  0.99  0.37  0.15  0.41  0.68  0.99  0.97  0.57 ]
[ 0.04  0.41  0.08  0.42  0.44  0.82  0.87  0.05  0.88  0.25  0.16  0.04 ]
[ 0.32  0.71  0.08  0.83  0.64  0.07  0.11  0.32  0.83  0.35  0.86  0.99 ]
[ 0.53  0.15  0.06  0.06  0.41  0.61  0.12  0.06  0.96  0.10  0.27  0.62 ]
[ 0.52  0.98  0.92  0.72  0.87  0.91  0.95  0.99  0.96  0.85  1.00  0.90 ]
[ 0.97  1.00  0.95  0.97  0.99  0.88  0.97  1.00  0.39  0.95  0.99  0.94 ]
[ 1.00  1.00  1.00  0.92  1.00  1.00  0.98  1.00  1.00  0.99  0.98  0.25 ]

01/29 03:36:31 AM | === Batch 12/180
01/29 03:36:31 AM | loss = 0.803 + 0.049 + 0.058 = 0.910
01/29 03:36:32 AM | attribution_score[0:12]: 
[ 1.00  0.99  0.25  0.04  0.11  0.36  0.14  0.04  0.04  0.78  0.07  0.94 ]
[ 0.98  0.12  0.91  0.05  0.93  0.54  0.99  0.04  0.82  0.98  0.70  0.71 ]
[ 0.99  0.95  0.06  0.98  0.05  0.99  0.45  0.98  0.15  0.08  0.15  0.99 ]
[ 0.09  0.05  0.88  0.97  0.81  0.93  0.55  0.53  0.94  0.53  0.60  0.98 ]
[ 0.90  0.56  0.89  0.53  0.65  0.97  0.78  0.85  0.98  0.96  0.80  0.37 ]
[ 0.85  0.95  0.65  0.25  0.11  0.71  0.76  0.34  0.16  0.85  0.04  0.87 ]
[ 0.96  0.48  0.63  0.85  0.99  0.34  0.13  0.35  0.68  0.99  0.98  0.63 ]
[ 0.03  0.44  0.07  0.42  0.45  0.83  0.90  0.04  0.90  0.27  0.16  0.03 ]
[ 0.34  0.76  0.07  0.84  0.71  0.06  0.09  0.33  0.83  0.34  0.87  0.99 ]
[ 0.54  0.13  0.05  0.05  0.45  0.57  0.11  0.05  0.97  0.09  0.30  0.63 ]
[ 0.54  0.98  0.93  0.71  0.88  0.93  0.95  0.99  0.97  0.83  1.00  0.90 ]
[ 0.97  1.00  0.95  0.97  0.99  0.89  0.97  1.00  0.38  0.96  0.99  0.95 ]
[ 1.00  1.00  1.00  0.93  1.00  1.00  0.98  1.00  1.00  0.99  0.99  0.25 ]

01/29 03:36:32 AM | === Batch 13/180
01/29 03:36:32 AM | loss = 0.616 + 0.105 + 0.055 = 0.777
01/29 03:36:32 AM | attribution_score[0:12]: 
[ 1.00  0.99  0.24  0.03  0.10  0.42  0.13  0.04  0.03  0.81  0.06  0.95 ]
[ 0.98  0.13  0.92  0.04  0.92  0.62  0.99  0.03  0.85  0.98  0.74  0.72 ]
[ 0.99  0.94  0.05  0.99  0.04  0.99  0.44  0.98  0.14  0.06  0.14  0.99 ]
[ 0.08  0.04  0.89  0.98  0.85  0.94  0.56  0.59  0.94  0.56  0.62  0.98 ]
[ 0.91  0.55  0.88  0.53  0.64  0.98  0.80  0.86  0.98  0.97  0.81  0.34 ]
[ 0.85  0.96  0.65  0.23  0.10  0.75  0.75  0.32  0.16  0.83  0.03  0.89 ]
[ 0.96  0.47  0.58  0.86  0.99  0.29  0.12  0.34  0.69  0.99  0.98  0.66 ]
[ 0.03  0.47  0.06  0.41  0.44  0.84  0.91  0.03  0.92  0.29  0.16  0.03 ]
[ 0.33  0.81  0.06  0.85  0.76  0.05  0.08  0.34  0.82  0.32  0.89  0.99 ]
[ 0.54  0.11  0.04  0.04  0.48  0.53  0.10  0.04  0.97  0.08  0.33  0.64 ]
[ 0.53  0.99  0.94  0.70  0.88  0.94  0.96  0.99  0.98  0.83  1.00  0.91 ]
[ 0.98  1.00  0.95  0.98  0.99  0.90  0.97  1.00  0.37  0.97  0.99  0.96 ]
[ 1.00  1.00  1.00  0.93  1.00  1.00  0.99  1.00  1.00  0.99  0.99  0.24 ]

01/29 03:36:32 AM | === Batch 14/180
01/29 03:36:32 AM | loss = 0.739 + 0.138 + 0.053 = 0.929
01/29 03:36:32 AM | attribution_score[0:12]: 
[ 1.00  0.99  0.22  0.03  0.08  0.48  0.12  0.03  0.02  0.82  0.05  0.95 ]
[ 0.99  0.13  0.93  0.03  0.93  0.69  0.99  0.03  0.88  0.98  0.78  0.70 ]
[ 0.99  0.94  0.04  0.99  0.03  0.99  0.41  0.98  0.13  0.05  0.13  0.99 ]
[ 0.07  0.03  0.90  0.98  0.87  0.94  0.56  0.67  0.94  0.60  0.64  0.98 ]
[ 0.92  0.50  0.84  0.53  0.67  0.98  0.82  0.86  0.99  0.97  0.82  0.35 ]
[ 0.85  0.96  0.65  0.20  0.09  0.78  0.74  0.28  0.16  0.81  0.03  0.91 ]
[ 0.97  0.48  0.50  0.85  0.99  0.24  0.11  0.32  0.70  0.99  0.98  0.70 ]
[ 0.02  0.49  0.05  0.38  0.41  0.83  0.93  0.02  0.93  0.29  0.16  0.02 ]
[ 0.29  0.85  0.05  0.85  0.80  0.04  0.06  0.35  0.81  0.29  0.90  0.99 ]
[ 0.53  0.08  0.03  0.04  0.49  0.46  0.09  0.04  0.98  0.07  0.34  0.63 ]
[ 0.53  0.99  0.95  0.71  0.88  0.95  0.96  0.99  0.98  0.83  1.00  0.91 ]
[ 0.98  1.00  0.95  0.98  1.00  0.90  0.98  1.00  0.35  0.98  0.99  0.96 ]
[ 1.00  1.00  1.00  0.94  1.00  1.00  0.99  1.00  1.00  0.99  0.99  0.22 ]

01/29 03:36:32 AM | === Batch 15/180
01/29 03:36:33 AM | loss = 0.658 + 0.139 + 0.050 = 0.847
01/29 03:36:33 AM | attribution_score[0:12]: 
[ 1.00  0.99  0.19  0.02  0.07  0.54  0.11  0.03  0.02  0.84  0.04  0.95 ]
[ 0.99  0.13  0.94  0.03  0.93  0.74  0.99  0.02  0.91  0.98  0.81  0.66 ]
[ 0.99  0.94  0.03  0.99  0.03  0.99  0.37  0.98  0.12  0.05  0.12  0.98 ]
[ 0.06  0.03  0.91  0.98  0.90  0.94  0.58  0.73  0.95  0.62  0.65  0.98 ]
[ 0.93  0.45  0.80  0.56  0.72  0.98  0.84  0.86  0.99  0.98  0.83  0.39 ]
[ 0.86  0.96  0.64  0.17  0.08  0.80  0.74  0.25  0.16  0.80  0.02  0.92 ]
[ 0.97  0.50  0.44  0.84  0.99  0.20  0.10  0.33  0.69  0.99  0.99  0.73 ]
[ 0.02  0.51  0.04  0.33  0.36  0.81  0.94  0.02  0.94  0.28  0.17  0.02 ]
[ 0.26  0.88  0.05  0.86  0.84  0.04  0.05  0.35  0.82  0.26  0.91  1.00 ]
[ 0.53  0.07  0.03  0.03  0.49  0.42  0.08  0.03  0.98  0.06  0.33  0.64 ]
[ 0.52  0.99  0.95  0.72  0.89  0.96  0.96  0.99  0.98  0.83  1.00  0.92 ]
[ 0.98  1.00  0.95  0.98  1.00  0.91  0.98  1.00  0.32  0.98  0.99  0.96 ]
[ 1.00  1.00  1.00  0.94  1.00  1.00  0.99  1.00  1.00  1.00  0.99  0.19 ]

01/29 03:36:33 AM | === Batch 16/180
01/29 03:36:33 AM | loss = 0.504 + 0.124 + 0.048 = 0.676
01/29 03:36:33 AM | attribution_score[0:12]: 
[ 1.00  0.99  0.16  0.02  0.06  0.61  0.10  0.02  0.02  0.85  0.03  0.95 ]
[ 0.99  0.13  0.94  0.02  0.92  0.78  0.99  0.02  0.93  0.99  0.83  0.63 ]
[ 1.00  0.93  0.03  0.99  0.02  0.99  0.32  0.98  0.11  0.04  0.11  0.98 ]
[ 0.05  0.02  0.91  0.97  0.91  0.94  0.62  0.77  0.94  0.62  0.64  0.98 ]
[ 0.93  0.39  0.76  0.58  0.75  0.99  0.84  0.85  0.99  0.98  0.85  0.42 ]
[ 0.86  0.96  0.62  0.15  0.07  0.82  0.76  0.22  0.16  0.78  0.02  0.93 ]
[ 0.97  0.54  0.38  0.84  0.99  0.17  0.09  0.32  0.65  0.99  0.99  0.77 ]
[ 0.02  0.51  0.04  0.29  0.31  0.79  0.95  0.02  0.95  0.25  0.19  0.02 ]
[ 0.24  0.90  0.04  0.87  0.87  0.03  0.04  0.36  0.83  0.25  0.92  1.00 ]
[ 0.53  0.05  0.02  0.03  0.50  0.39  0.07  0.02  0.98  0.05  0.31  0.64 ]
[ 0.51  0.99  0.96  0.73  0.90  0.97  0.97  0.99  0.99  0.82  1.00  0.92 ]
[ 0.98  1.00  0.95  0.99  1.00  0.91  0.98  1.00  0.29  0.98  0.99  0.97 ]
[ 1.00  1.00  1.00  0.95  1.00  1.00  0.99  1.00  1.00  1.00  0.99  0.16 ]

01/29 03:36:33 AM | === Batch 17/180
01/29 03:36:33 AM | loss = 0.528 + 0.091 + 0.046 = 0.665
01/29 03:36:34 AM | attribution_score[0:12]: 
[ 1.00  0.99  0.14  0.01  0.05  0.65  0.09  0.02  0.01  0.86  0.03  0.96 ]
[ 0.99  0.12  0.95  0.02  0.92  0.80  0.99  0.02  0.94  0.99  0.85  0.58 ]
[ 1.00  0.93  0.02  0.99  0.02  0.99  0.27  0.99  0.10  0.03  0.10  0.98 ]
[ 0.04  0.02  0.92  0.97  0.93  0.94  0.66  0.81  0.94  0.60  0.63  0.98 ]
[ 0.93  0.33  0.71  0.58  0.77  0.99  0.84  0.84  0.99  0.98  0.87  0.46 ]
[ 0.87  0.96  0.59  0.13  0.06  0.82  0.76  0.19  0.16  0.76  0.02  0.94 ]
[ 0.97  0.57  0.31  0.83  0.99  0.14  0.07  0.30  0.61  0.99  0.99  0.80 ]
[ 0.01  0.49  0.04  0.25  0.26  0.77  0.96  0.01  0.95  0.24  0.21  0.01 ]
[ 0.23  0.92  0.04  0.88  0.89  0.03  0.04  0.35  0.83  0.24  0.93  1.00 ]
[ 0.51  0.04  0.02  0.02  0.52  0.35  0.06  0.02  0.99  0.04  0.29  0.64 ]
[ 0.49  0.99  0.96  0.72  0.91  0.97  0.97  1.00  0.99  0.80  1.00  0.92 ]
[ 0.99  1.00  0.95  0.99  1.00  0.91  0.98  1.00  0.26  0.98  0.99  0.97 ]
[ 1.00  1.00  1.00  0.96  1.00  1.00  0.99  1.00  1.00  1.00  0.99  0.14 ]

01/29 03:36:34 AM | === Batch 18/180
01/29 03:36:34 AM | loss = 0.457 + 0.043 + 0.044 = 0.545
01/29 03:36:34 AM | attribution_score[0:12]: 
[ 1.00  0.99  0.12  0.01  0.04  0.67  0.08  0.02  0.01  0.88  0.02  0.96 ]
[ 0.99  0.11  0.95  0.02  0.93  0.80  1.00  0.01  0.94  0.99  0.87  0.54 ]
[ 1.00  0.94  0.02  0.99  0.02  0.99  0.23  0.99  0.09  0.03  0.09  0.98 ]
[ 0.04  0.02  0.92  0.97  0.94  0.93  0.70  0.83  0.94  0.56  0.61  0.98 ]
[ 0.93  0.29  0.65  0.54  0.78  0.99  0.82  0.82  0.99  0.98  0.88  0.49 ]
[ 0.86  0.96  0.56  0.11  0.05  0.82  0.74  0.18  0.15  0.71  0.01  0.95 ]
[ 0.97  0.61  0.24  0.82  0.99  0.11  0.06  0.28  0.59  0.99  0.99  0.82 ]
[ 0.01  0.46  0.03  0.22  0.21  0.76  0.96  0.01  0.96  0.24  0.22  0.01 ]
[ 0.21  0.93  0.03  0.88  0.91  0.02  0.03  0.32  0.82  0.24  0.94  1.00 ]
[ 0.48  0.04  0.02  0.02  0.53  0.30  0.05  0.02  0.99  0.03  0.28  0.63 ]
[ 0.46  0.99  0.96  0.70  0.91  0.98  0.97  1.00  0.99  0.79  1.00  0.93 ]
[ 0.99  1.00  0.95  0.99  1.00  0.91  0.98  1.00  0.23  0.98  1.00  0.97 ]
[ 1.00  1.00  1.00  0.96  1.00  1.00  0.99  1.00  1.00  1.00  0.99  0.12 ]

01/29 03:36:34 AM | === Batch 19/180
01/29 03:36:34 AM | loss = 0.382 + 0.024 + 0.043 = 0.449
01/29 03:36:34 AM | attribution_score[0:12]: 
[ 1.00  0.99  0.12  0.01  0.04  0.70  0.08  0.01  0.01  0.90  0.02  0.96 ]
[ 1.00  0.10  0.95  0.01  0.94  0.81  1.00  0.01  0.95  0.99  0.89  0.51 ]
[ 1.00  0.95  0.02  0.99  0.01  0.99  0.21  0.99  0.09  0.02  0.08  0.98 ]
[ 0.04  0.01  0.92  0.97  0.95  0.94  0.74  0.85  0.95  0.56  0.63  0.98 ]
[ 0.94  0.29  0.67  0.54  0.79  0.99  0.81  0.83  0.99  0.99  0.90  0.54 ]
[ 0.87  0.96  0.57  0.09  0.04  0.83  0.74  0.17  0.15  0.65  0.01  0.95 ]
[ 0.97  0.64  0.20  0.82  0.99  0.10  0.06  0.29  0.60  0.99  0.99  0.85 ]
[ 0.01  0.46  0.03  0.22  0.19  0.78  0.97  0.01  0.96  0.27  0.24  0.01 ]
[ 0.23  0.94  0.03  0.89  0.92  0.02  0.03  0.33  0.83  0.27  0.95  1.00 ]
[ 0.48  0.03  0.01  0.02  0.58  0.30  0.05  0.02  0.99  0.03  0.28  0.66 ]
[ 0.46  0.99  0.97  0.69  0.91  0.98  0.97  1.00  0.99  0.78  1.00  0.93 ]
[ 0.99  1.00  0.95  0.99  1.00  0.92  0.98  1.00  0.22  0.98  1.00  0.98 ]
[ 1.00  1.00  1.00  0.96  1.00  1.00  0.99  1.00  1.00  1.00  0.99  0.11 ]

01/29 03:36:34 AM | === Batch 20/180
01/29 03:36:35 AM | loss = 0.635 + 0.017 + 0.041 = 0.693
01/29 03:36:35 AM | === Batch 21/180
01/29 03:36:35 AM | loss = 0.458 + 0.033 + 0.040 = 0.530
01/29 03:36:35 AM | === Batch 22/180
01/29 03:36:35 AM | loss = 0.691 + 0.033 + 0.038 = 0.763
01/29 03:36:36 AM | === Batch 23/180
01/29 03:36:36 AM | loss = 0.486 + 0.017 + 0.037 = 0.540
01/29 03:36:36 AM | === Batch 24/180
01/29 03:36:36 AM | loss = 0.494 + 0.021 + 0.036 = 0.552
01/29 03:36:36 AM | === Batch 25/180
01/29 03:36:37 AM | loss = 0.389 + 0.019 + 0.035 = 0.443
01/29 03:36:37 AM | === Batch 26/180
01/29 03:36:37 AM | loss = 0.424 + 0.035 + 0.034 = 0.492
01/29 03:36:37 AM | === Batch 27/180
01/29 03:36:37 AM | loss = 0.360 + 0.033 + 0.033 = 0.427
01/29 03:36:38 AM | === Batch 28/180
01/29 03:36:38 AM | loss = 0.463 + 0.019 + 0.032 = 0.514
01/29 03:36:38 AM | === Batch 29/180
01/29 03:36:38 AM | loss = 0.522 + 0.004 + 0.031 = 0.557
01/29 03:36:38 AM | === Batch 30/180
01/29 03:36:38 AM | loss = 0.707 + 0.027 + 0.031 = 0.766
01/29 03:36:39 AM | === Batch 31/180
01/29 03:36:39 AM | loss = 0.328 + 0.042 + 0.030 = 0.400
01/29 03:36:39 AM | === Batch 32/180
01/29 03:36:39 AM | loss = 0.401 + 0.044 + 0.029 = 0.475
01/29 03:36:39 AM | === Batch 33/180
01/29 03:36:40 AM | loss = 0.313 + 0.035 + 0.029 = 0.377
01/29 03:36:40 AM | === Batch 34/180
01/29 03:36:40 AM | loss = 0.373 + 0.013 + 0.028 = 0.414
01/29 03:36:40 AM | === Batch 35/180
01/29 03:36:40 AM | loss = 0.486 + 0.037 + 0.028 = 0.551
01/29 03:36:41 AM | === Batch 36/180
01/29 03:36:41 AM | loss = 0.518 + 0.014 + 0.027 = 0.560
01/29 03:36:41 AM | === Batch 37/180
01/29 03:36:41 AM | loss = 0.411 + 0.041 + 0.027 = 0.478
01/29 03:36:41 AM | === Batch 38/180
01/29 03:36:42 AM | loss = 0.398 + 0.071 + 0.026 = 0.495
01/29 03:36:42 AM | === Batch 39/180
01/29 03:36:42 AM | loss = 0.380 + 0.086 + 0.026 = 0.491
01/29 03:36:42 AM | === Batch 40/180
01/29 03:36:42 AM | loss = 0.470 + 0.090 + 0.025 = 0.585
01/29 03:36:43 AM | === Batch 41/180
01/29 03:36:43 AM | loss = 0.393 + 0.085 + 0.025 = 0.502
01/29 03:36:43 AM | === Batch 42/180
01/29 03:36:43 AM | loss = 0.383 + 0.070 + 0.024 = 0.478
01/29 03:36:43 AM | === Batch 43/180
01/29 03:36:44 AM | loss = 0.387 + 0.047 + 0.024 = 0.458
01/29 03:36:44 AM | === Batch 44/180
01/29 03:36:44 AM | loss = 0.287 + 0.016 + 0.024 = 0.328
01/29 03:36:44 AM | === Batch 45/180
01/29 03:36:44 AM | loss = 0.565 + 0.041 + 0.023 = 0.630
01/29 03:36:45 AM | === Batch 46/180
01/29 03:36:45 AM | loss = 0.386 + 0.040 + 0.023 = 0.449
01/29 03:36:45 AM | === Batch 47/180
01/29 03:36:45 AM | loss = 0.652 + 0.012 + 0.022 = 0.687
01/29 03:36:45 AM | === Batch 48/180
01/29 03:36:46 AM | loss = 0.309 + 0.034 + 0.022 = 0.365
01/29 03:36:46 AM | === Batch 49/180
01/29 03:36:46 AM | loss = 0.509 + 0.044 + 0.022 = 0.575
01/29 03:36:46 AM | === Batch 50/180
01/29 03:36:46 AM | loss = 0.595 + 0.046 + 0.021 = 0.662
01/29 03:36:47 AM | === Batch 51/180
01/29 03:36:47 AM | loss = 0.367 + 0.037 + 0.021 = 0.425
01/29 03:36:47 AM | === Batch 52/180
01/29 03:36:47 AM | loss = 0.473 + 0.022 + 0.021 = 0.516
01/29 03:36:47 AM | === Batch 53/180
01/29 03:36:48 AM | loss = 0.303 + 0.001 + 0.021 = 0.324
01/29 03:36:48 AM | === Batch 54/180
01/29 03:36:48 AM | loss = 0.498 + 0.050 + 0.021 = 0.569
01/29 03:36:48 AM | === Batch 55/180
01/29 03:36:48 AM | loss = 0.373 + 0.036 + 0.020 = 0.430
01/29 03:36:49 AM | === Batch 56/180
01/29 03:36:49 AM | loss = 0.619 + 0.016 + 0.020 = 0.655
01/29 03:36:49 AM | === Batch 57/180
01/29 03:36:49 AM | loss = 0.487 + 0.042 + 0.020 = 0.549
01/29 03:36:49 AM | === Batch 58/180
01/29 03:36:50 AM | loss = 0.406 + 0.058 + 0.019 = 0.483
01/29 03:36:50 AM | === Batch 59/180
01/29 03:36:50 AM | loss = 0.282 + 0.063 + 0.019 = 0.365
01/29 03:36:50 AM | === Batch 60/180
01/29 03:36:50 AM | loss = 0.484 + 0.060 + 0.019 = 0.563
01/29 03:36:51 AM | === Batch 61/180
01/29 03:36:51 AM | loss = 0.550 + 0.047 + 0.019 = 0.616
01/29 03:36:51 AM | === Batch 62/180
01/29 03:36:51 AM | loss = 0.567 + 0.029 + 0.019 = 0.615
01/29 03:36:51 AM | === Batch 63/180
01/29 03:36:52 AM | loss = 0.432 + 0.007 + 0.018 = 0.458
01/29 03:36:52 AM | === Batch 64/180
01/29 03:36:52 AM | loss = 0.330 + 0.035 + 0.018 = 0.384
01/29 03:36:52 AM | === Batch 65/180
01/29 03:36:52 AM | loss = 0.479 + 0.033 + 0.018 = 0.530
01/29 03:36:53 AM | === Batch 66/180
01/29 03:36:53 AM | loss = 0.571 + 0.008 + 0.018 = 0.596
01/29 03:36:53 AM | === Batch 67/180
01/29 03:36:53 AM | loss = 0.311 + 0.020 + 0.018 = 0.349
01/29 03:36:53 AM | === Batch 68/180
01/29 03:36:54 AM | loss = 0.366 + 0.024 + 0.017 = 0.407
01/29 03:36:54 AM | === Batch 69/180
01/29 03:36:54 AM | loss = 0.590 + 0.020 + 0.017 = 0.628
01/29 03:36:54 AM | === Batch 70/180
01/29 03:36:54 AM | loss = 0.414 + 0.009 + 0.017 = 0.440
01/29 03:36:55 AM | === Batch 71/180
01/29 03:36:55 AM | loss = 0.579 + 0.017 + 0.017 = 0.614
01/29 03:36:55 AM | === Batch 72/180
01/29 03:36:55 AM | loss = 0.468 + 0.002 + 0.017 = 0.488
01/29 03:36:55 AM | === Batch 73/180
01/29 03:36:56 AM | loss = 0.433 + 0.005 + 0.017 = 0.455
01/29 03:36:56 AM | === Batch 74/180
01/29 03:36:56 AM | loss = 0.340 + 0.002 + 0.017 = 0.358
01/29 03:36:56 AM | === Batch 75/180
01/29 03:36:56 AM | loss = 0.533 + 0.020 + 0.017 = 0.569
01/29 03:36:57 AM | === Batch 76/180
01/29 03:36:57 AM | loss = 0.326 + 0.003 + 0.016 = 0.345
01/29 03:36:57 AM | === Batch 77/180
01/29 03:36:57 AM | loss = 0.313 + 0.007 + 0.016 = 0.336
01/29 03:36:57 AM | === Batch 78/180
01/29 03:36:58 AM | loss = 0.442 + 0.003 + 0.016 = 0.461
01/29 03:36:58 AM | === Batch 79/180
01/29 03:36:58 AM | loss = 0.560 + 0.011 + 0.016 = 0.587
01/29 03:36:58 AM | === Batch 80/180
01/29 03:36:58 AM | loss = 0.529 + 0.011 + 0.016 = 0.556
01/29 03:36:59 AM | === Batch 81/180
01/29 03:36:59 AM | loss = 0.357 + 0.018 + 0.016 = 0.391
01/29 03:36:59 AM | === Batch 82/180
01/29 03:36:59 AM | loss = 0.428 + 0.019 + 0.016 = 0.463
01/29 03:36:59 AM | === Batch 83/180
01/29 03:37:00 AM | loss = 0.335 + 0.013 + 0.015 = 0.363
01/29 03:37:00 AM | === Batch 84/180
01/29 03:37:00 AM | loss = 0.433 + 0.000 + 0.015 = 0.448
01/29 03:37:00 AM | === Batch 85/180
01/29 03:37:00 AM | loss = 0.261 + 0.032 + 0.015 = 0.308
01/29 03:37:01 AM | === Batch 86/180
01/29 03:37:01 AM | loss = 0.455 + 0.018 + 0.015 = 0.488
01/29 03:37:01 AM | === Batch 87/180
01/29 03:37:01 AM | loss = 0.224 + 0.018 + 0.015 = 0.257
01/29 03:37:01 AM | === Batch 88/180
01/29 03:37:02 AM | loss = 0.425 + 0.036 + 0.015 = 0.476
01/29 03:37:02 AM | === Batch 89/180
01/29 03:37:02 AM | loss = 0.396 + 0.045 + 0.014 = 0.455
01/29 03:37:02 AM | === Batch 90/180
01/29 03:37:02 AM | loss = 0.526 + 0.045 + 0.014 = 0.585
01/29 03:37:03 AM | === Batch 91/180
01/29 03:37:03 AM | loss = 0.470 + 0.039 + 0.014 = 0.522
01/29 03:37:03 AM | === Batch 92/180
01/29 03:37:03 AM | loss = 0.324 + 0.025 + 0.014 = 0.363
01/29 03:37:03 AM | === Batch 93/180
01/29 03:37:04 AM | loss = 0.368 + 0.005 + 0.014 = 0.388
01/29 03:37:04 AM | === Batch 94/180
01/29 03:37:04 AM | loss = 0.503 + 0.032 + 0.014 = 0.549
01/29 03:37:04 AM | === Batch 95/180
01/29 03:37:04 AM | loss = 0.461 + 0.025 + 0.014 = 0.500
01/29 03:37:05 AM | === Batch 96/180
01/29 03:37:05 AM | loss = 0.414 + 0.011 + 0.014 = 0.439
01/29 03:37:05 AM | === Batch 97/180
01/29 03:37:05 AM | loss = 0.453 + 0.026 + 0.014 = 0.493
01/29 03:37:05 AM | === Batch 98/180
01/29 03:37:06 AM | loss = 0.481 + 0.033 + 0.014 = 0.528
01/29 03:37:06 AM | === Batch 99/180
01/29 03:37:06 AM | loss = 0.310 + 0.033 + 0.014 = 0.357
01/29 03:37:06 AM | === Batch 100/180
01/29 03:37:06 AM | loss = 0.549 + 0.026 + 0.014 = 0.589
01/29 03:37:07 AM | attribution_score[0:12]: 
[ 1.00  1.00  0.34  0.00  0.00  0.94  0.01  0.00  0.00  0.99  0.00  1.00 ]
[ 1.00  0.01  0.98  0.00  0.99  0.96  1.00  0.00  0.99  1.00  0.95  0.05 ]
[ 1.00  1.00  0.00  1.00  0.00  1.00  0.03  0.98  0.01  0.00  0.03  1.00 ]
[ 0.02  0.00  1.00  1.00  0.81  0.94  0.95  0.11  0.98  0.12  0.95  0.97 ]
[ 0.98  0.42  0.33  0.98  0.77  1.00  0.02  0.53  1.00  0.99  0.98  0.94 ]
[ 0.99  0.99  0.03  0.01  0.01  0.97  0.08  0.08  0.03  0.12  0.00  0.98 ]
[ 0.97  0.99  0.02  0.99  1.00  0.03  0.00  0.94  0.99  1.00  1.00  0.98 ]
[ 0.00  0.01  0.01  0.95  0.04  0.99  0.99  0.00  1.00  0.09  0.95  0.00 ]
[ 0.92  1.00  0.01  0.99  0.99  0.00  0.00  0.02  0.96  0.73  0.99  1.00 ]
[ 0.08  0.00  0.00  0.00  0.98  0.03  0.01  0.00  1.00  0.00  0.04  0.96 ]
[ 0.01  1.00  0.99  0.01  0.98  1.00  0.99  1.00  1.00  0.98  1.00  0.98 ]
[ 1.00  1.00  0.99  1.00  1.00  0.97  1.00  1.00  0.01  1.00  1.00  0.99 ]
[ 1.00  1.00  1.00  0.99  1.00  1.00  1.00  1.00  1.00  1.00  1.00  0.01 ]

01/29 03:37:07 AM | === Batch 101/180
01/29 03:37:07 AM | loss = 0.455 + 0.013 + 0.014 = 0.482
01/29 03:37:07 AM | === Batch 102/180
01/29 03:37:07 AM | loss = 0.253 + 0.007 + 0.013 = 0.274
01/29 03:37:07 AM | === Batch 103/180
01/29 03:37:08 AM | loss = 0.525 + 0.001 + 0.013 = 0.540
01/29 03:37:08 AM | === Batch 104/180
01/29 03:37:08 AM | loss = 0.356 + 0.002 + 0.013 = 0.372
01/29 03:37:08 AM | === Batch 105/180
01/29 03:37:08 AM | loss = 0.515 + 0.003 + 0.013 = 0.531
01/29 03:37:09 AM | === Batch 106/180
01/29 03:37:09 AM | loss = 0.345 + 0.015 + 0.013 = 0.373
01/29 03:37:09 AM | === Batch 107/180
01/29 03:37:09 AM | loss = 0.335 + 0.023 + 0.013 = 0.372
01/29 03:37:09 AM | === Batch 108/180
01/29 03:37:10 AM | loss = 0.481 + 0.024 + 0.013 = 0.518
01/29 03:37:10 AM | === Batch 109/180
01/29 03:37:10 AM | loss = 0.270 + 0.020 + 0.013 = 0.302
01/29 03:37:10 AM | === Batch 110/180
01/29 03:37:10 AM | loss = 0.509 + 0.009 + 0.013 = 0.531
01/29 03:37:11 AM | === Batch 111/180
01/29 03:37:11 AM | loss = 0.601 + 0.011 + 0.013 = 0.625
01/29 03:37:11 AM | === Batch 112/180
01/29 03:37:11 AM | loss = 0.308 + 0.003 + 0.013 = 0.324
01/29 03:37:11 AM | === Batch 113/180
01/29 03:37:12 AM | loss = 0.303 + 0.006 + 0.013 = 0.322
01/29 03:37:12 AM | === Batch 114/180
01/29 03:37:12 AM | loss = 0.372 + 0.002 + 0.013 = 0.388
01/29 03:37:12 AM | === Batch 115/180
01/29 03:37:12 AM | loss = 0.530 + 0.015 + 0.013 = 0.558
01/29 03:37:13 AM | === Batch 116/180
01/29 03:37:13 AM | loss = 0.427 + 0.001 + 0.013 = 0.441
01/29 03:37:13 AM | === Batch 117/180
01/29 03:37:13 AM | loss = 0.355 + 0.003 + 0.012 = 0.371
01/29 03:37:13 AM | === Batch 118/180
01/29 03:37:14 AM | loss = 0.495 + 0.003 + 0.012 = 0.510
01/29 03:37:14 AM | === Batch 119/180
01/29 03:37:14 AM | loss = 0.412 + 0.012 + 0.012 = 0.436
01/29 03:37:14 AM | === Batch 120/180
01/29 03:37:14 AM | loss = 0.418 + 0.019 + 0.012 = 0.450
01/29 03:37:15 AM | === Batch 121/180
01/29 03:37:15 AM | loss = 0.381 + 0.020 + 0.012 = 0.412
01/29 03:37:15 AM | === Batch 122/180
01/29 03:37:15 AM | loss = 0.351 + 0.011 + 0.012 = 0.375
01/29 03:37:15 AM | === Batch 123/180
01/29 03:37:16 AM | loss = 0.213 + 0.001 + 0.012 = 0.226
01/29 03:37:16 AM | === Batch 124/180
01/29 03:37:16 AM | loss = 0.470 + 0.006 + 0.012 = 0.488
01/29 03:37:16 AM | === Batch 125/180
01/29 03:37:16 AM | loss = 0.500 + 0.007 + 0.012 = 0.519
01/29 03:37:17 AM | === Batch 126/180
01/29 03:37:17 AM | loss = 0.283 + 0.004 + 0.012 = 0.298
01/29 03:37:17 AM | === Batch 127/180
01/29 03:37:17 AM | loss = 0.433 + 0.006 + 0.012 = 0.451
01/29 03:37:17 AM | === Batch 128/180
01/29 03:37:18 AM | loss = 0.350 + 0.009 + 0.012 = 0.371
01/29 03:37:18 AM | === Batch 129/180
01/29 03:37:18 AM | loss = 0.250 + 0.014 + 0.012 = 0.276
01/29 03:37:18 AM | === Batch 130/180
01/29 03:37:18 AM | loss = 0.286 + 0.012 + 0.012 = 0.310
01/29 03:37:19 AM | === Batch 131/180
01/29 03:37:19 AM | loss = 0.488 + 0.004 + 0.012 = 0.504
01/29 03:37:19 AM | === Batch 132/180
01/29 03:37:19 AM | loss = 0.362 + 0.016 + 0.012 = 0.390
01/29 03:37:19 AM | === Batch 133/180
01/29 03:37:19 AM | loss = 0.422 + 0.002 + 0.012 = 0.436
01/29 03:37:20 AM | === Batch 134/180
01/29 03:37:20 AM | loss = 0.370 + 0.026 + 0.012 = 0.407
01/29 03:37:20 AM | === Batch 135/180
01/29 03:37:20 AM | loss = 0.287 + 0.044 + 0.011 = 0.342
01/29 03:37:20 AM | === Batch 136/180
01/29 03:37:21 AM | loss = 0.408 + 0.053 + 0.011 = 0.472
01/29 03:37:21 AM | === Batch 137/180
01/29 03:37:21 AM | loss = 0.306 + 0.056 + 0.011 = 0.373
01/29 03:37:21 AM | === Batch 138/180
01/29 03:37:21 AM | loss = 0.529 + 0.052 + 0.011 = 0.592
01/29 03:37:22 AM | === Batch 139/180
01/29 03:37:22 AM | loss = 0.260 + 0.044 + 0.011 = 0.314
01/29 03:37:22 AM | === Batch 140/180
01/29 03:37:22 AM | loss = 0.485 + 0.032 + 0.011 = 0.527
01/29 03:37:22 AM | === Batch 141/180
01/29 03:37:23 AM | loss = 0.505 + 0.017 + 0.011 = 0.532
01/29 03:37:23 AM | === Batch 142/180
01/29 03:37:23 AM | loss = 0.260 + 0.005 + 0.011 = 0.276
01/29 03:37:23 AM | === Batch 143/180
01/29 03:37:23 AM | loss = 0.458 + 0.004 + 0.011 = 0.473
01/29 03:37:24 AM | === Batch 144/180
01/29 03:37:24 AM | loss = 0.375 + 0.014 + 0.010 = 0.400
01/29 03:37:24 AM | === Batch 145/180
01/29 03:37:24 AM | loss = 0.343 + 0.023 + 0.010 = 0.377
01/29 03:37:24 AM | === Batch 146/180
01/29 03:37:25 AM | loss = 0.376 + 0.028 + 0.010 = 0.414
01/29 03:37:25 AM | === Batch 147/180
01/29 03:37:25 AM | loss = 0.449 + 0.026 + 0.010 = 0.485
01/29 03:37:25 AM | === Batch 148/180
01/29 03:37:25 AM | loss = 0.438 + 0.021 + 0.010 = 0.469
01/29 03:37:26 AM | === Batch 149/180
01/29 03:37:26 AM | loss = 0.383 + 0.013 + 0.010 = 0.406
01/29 03:37:26 AM | === Batch 150/180
01/29 03:37:26 AM | loss = 0.374 + 0.003 + 0.010 = 0.387
01/29 03:37:26 AM | === Batch 151/180
01/29 03:37:27 AM | loss = 0.184 + 0.016 + 0.010 = 0.210
01/29 03:37:27 AM | === Batch 152/180
01/29 03:37:27 AM | loss = 0.333 + 0.009 + 0.010 = 0.351
01/29 03:37:27 AM | === Batch 153/180
01/29 03:37:27 AM | loss = 0.297 + 0.014 + 0.009 = 0.320
01/29 03:37:28 AM | === Batch 154/180
01/29 03:37:28 AM | loss = 0.487 + 0.025 + 0.009 = 0.522
01/29 03:37:28 AM | === Batch 155/180
01/29 03:37:28 AM | loss = 0.418 + 0.031 + 0.009 = 0.459
01/29 03:37:28 AM | === Batch 156/180
01/29 03:37:29 AM | loss = 0.556 + 0.032 + 0.009 = 0.597
01/29 03:37:29 AM | === Batch 157/180
01/29 03:37:29 AM | loss = 0.644 + 0.029 + 0.009 = 0.682
01/29 03:37:29 AM | === Batch 158/180
01/29 03:37:29 AM | loss = 0.305 + 0.025 + 0.009 = 0.340
01/29 03:37:30 AM | === Batch 159/180
01/29 03:37:30 AM | loss = 0.233 + 0.018 + 0.009 = 0.260
01/29 03:37:30 AM | === Batch 160/180
01/29 03:37:30 AM | loss = 0.285 + 0.008 + 0.009 = 0.303
01/29 03:37:30 AM | === Batch 161/180
01/29 03:37:31 AM | loss = 0.390 + 0.010 + 0.009 = 0.410
01/29 03:37:31 AM | === Batch 162/180
01/29 03:37:31 AM | loss = 0.326 + 0.008 + 0.009 = 0.344
01/29 03:37:31 AM | === Batch 163/180
01/29 03:37:31 AM | loss = 0.414 + 0.009 + 0.009 = 0.432
01/29 03:37:32 AM | === Batch 164/180
01/29 03:37:32 AM | loss = 0.297 + 0.018 + 0.009 = 0.324
01/29 03:37:32 AM | === Batch 165/180
01/29 03:37:32 AM | loss = 0.367 + 0.022 + 0.009 = 0.398
01/29 03:37:32 AM | === Batch 166/180
01/29 03:37:33 AM | loss = 0.257 + 0.020 + 0.009 = 0.286
01/29 03:37:33 AM | === Batch 167/180
01/29 03:37:33 AM | loss = 0.544 + 0.015 + 0.009 = 0.567
01/29 03:37:33 AM | === Batch 168/180
01/29 03:37:33 AM | loss = 0.371 + 0.008 + 0.008 = 0.387
01/29 03:37:34 AM | === Batch 169/180
01/29 03:37:34 AM | loss = 0.229 + 0.005 + 0.008 = 0.243
01/29 03:37:34 AM | === Batch 170/180
01/29 03:37:34 AM | loss = 0.329 + 0.002 + 0.008 = 0.339
01/29 03:37:34 AM | === Batch 171/180
01/29 03:37:35 AM | loss = 0.301 + 0.013 + 0.008 = 0.322
01/29 03:37:35 AM | === Batch 172/180
01/29 03:37:35 AM | loss = 0.385 + 0.021 + 0.008 = 0.414
01/29 03:37:35 AM | === Batch 173/180
01/29 03:37:35 AM | loss = 0.287 + 0.023 + 0.008 = 0.318
01/29 03:37:36 AM | === Batch 174/180
01/29 03:37:36 AM | loss = 0.494 + 0.021 + 0.008 = 0.523
01/29 03:37:36 AM | === Batch 175/180
01/29 03:37:36 AM | loss = 0.362 + 0.016 + 0.008 = 0.386
01/29 03:37:36 AM | === Batch 176/180
01/29 03:37:37 AM | loss = 0.302 + 0.007 + 0.008 = 0.316
01/29 03:37:37 AM | === Batch 177/180
01/29 03:37:37 AM | loss = 0.407 + 0.008 + 0.008 = 0.423
01/29 03:37:37 AM | === Batch 178/180
01/29 03:37:37 AM | loss = 0.344 + 0.007 + 0.008 = 0.359
01/29 03:37:38 AM | === Batch 179/180
01/29 03:37:38 AM | loss = 0.298 + 0.007 + 0.008 = 0.313
01/29 03:37:38 AM | === Batch 180/180
01/29 03:37:38 AM | loss = 0.476 + 0.013 + 0.008 = 0.497
01/29 03:37:38 AM | ===
Best loss was 0.21 at iteration 151

01/29 03:37:38 AM | Looking for optimal threshold...
01/29 03:37:38 AM | Testing threshold 0.5
01/29 03:37:39 AM | Distance to target: 643,184
01/29 03:37:39 AM | Testing threshold 0.75
01/29 03:37:39 AM | Distance to target: 3,836,888
01/29 03:37:39 AM | Testing threshold 0.625
01/29 03:37:39 AM | Distance to target: 914,400
01/29 03:37:39 AM | Testing threshold 0.5625
01/29 03:37:39 AM | Distance to target: 564,176
01/29 03:37:39 AM | Testing threshold 0.53125
01/29 03:37:39 AM | Distance to target: 318,064
01/29 03:37:39 AM | Testing threshold 0.546875
01/29 03:37:39 AM | Distance to target: 87,184
01/29 03:37:39 AM | Testing threshold 0.5390625
01/29 03:37:39 AM | Distance to target: 318,064
01/29 03:37:39 AM | Testing threshold 0.54296875
01/29 03:37:39 AM | Distance to target: 318,064
01/29 03:37:39 AM | Testing threshold 0.544921875
01/29 03:37:39 AM | Distance to target: 87,184
01/29 03:37:39 AM | Testing threshold 0.5439453125
01/29 03:37:39 AM | Distance to target: 87,184
01/29 03:37:39 AM | Testing threshold 0.54345703125
01/29 03:37:39 AM | Distance to target: 87,184
01/29 03:37:39 AM | Testing threshold 0.543212890625
01/29 03:37:39 AM | Distance to target: 87,184
01/29 03:37:39 AM | Testing threshold 0.5430908203125
01/29 03:37:39 AM | Distance to target: 318,064
01/29 03:37:39 AM | Testing threshold 0.54315185546875
01/29 03:37:39 AM | Distance to target: 318,064
01/29 03:37:39 AM | Testing threshold 0.543182373046875
01/29 03:37:39 AM | Distance to target: 87,184
01/29 03:37:39 AM | Testing threshold 0.5431671142578125
01/29 03:37:39 AM | Distance to target: 318,064
01/29 03:37:39 AM | Testing threshold 0.5431747436523438
01/29 03:37:39 AM | Distance to target: 318,064
01/29 03:37:39 AM | Testing threshold 0.5431785583496094
01/29 03:37:39 AM | Distance to target: 87,184
01/29 03:37:39 AM | Testing threshold 0.5431766510009766
01/29 03:37:39 AM | Distance to target: 87,184
01/29 03:37:39 AM | Testing threshold 0.5431756973266602
01/29 03:37:39 AM | Distance to target: 318,064
01/29 03:37:39 AM | Testing threshold 0.5431761741638184
01/29 03:37:39 AM | Distance to target: 318,064
01/29 03:37:39 AM | Testing threshold 0.5431764125823975
01/29 03:37:39 AM | Distance to target: 87,184
01/29 03:37:39 AM | Testing threshold 0.5431762933731079
01/29 03:37:39 AM | Distance to target: 318,064
01/29 03:37:39 AM | Testing threshold 0.5431763529777527
01/29 03:37:39 AM | Distance to target: 87,184
01/29 03:37:39 AM | Testing threshold 0.5431763231754303
01/29 03:37:39 AM | Distance to target: 318,064
01/29 03:37:39 AM | Testing threshold 0.5431763380765915
01/29 03:37:39 AM | Distance to target: 318,064
01/29 03:37:39 AM | Testing threshold 0.5431763455271721
01/29 03:37:39 AM | Distance to target: 318,064
01/29 03:37:39 AM | Testing threshold 0.5431763492524624
01/29 03:37:39 AM | Distance to target: 318,064
01/29 03:37:39 AM | Testing threshold 0.5431763511151075
01/29 03:37:39 AM | Distance to target: 318,064
01/29 03:37:39 AM | Testing threshold 0.5431763520464301
01/29 03:37:39 AM | Distance to target: 318,064
01/29 03:37:39 AM | Testing threshold 0.5431763525120914
01/29 03:37:39 AM | Distance to target: 318,064
01/29 03:37:39 AM | Testing threshold 0.543176352744922
01/29 03:37:39 AM | Distance to target: 318,064
01/29 03:37:39 AM | Testing threshold 0.5431763528613374
01/29 03:37:39 AM | Distance to target: 318,064
01/29 03:37:39 AM | Testing threshold 0.543176352919545
01/29 03:37:39 AM | Distance to target: 318,064
01/29 03:37:39 AM | Testing threshold 0.5431763529486489
01/29 03:37:39 AM | Distance to target: 318,064
01/29 03:37:39 AM | Testing threshold 0.5431763529632008
01/29 03:37:39 AM | Distance to target: 318,064
01/29 03:37:39 AM | Testing threshold 0.5431763529704767
01/29 03:37:39 AM | Distance to target: 318,064
01/29 03:37:39 AM | Testing threshold 0.5431763529741147
01/29 03:37:39 AM | Distance to target: 318,064
01/29 03:37:39 AM | Testing threshold 0.5431763529759337
01/29 03:37:39 AM | Distance to target: 318,064
01/29 03:37:39 AM | Testing threshold 0.5431763529768432
01/29 03:37:39 AM | Distance to target: 318,064
01/29 03:37:39 AM | Testing threshold 0.5431763529772979
01/29 03:37:39 AM | Distance to target: 318,064
01/29 03:37:39 AM | Testing threshold 0.5431763529775253
01/29 03:37:39 AM | Distance to target: 318,064
01/29 03:37:39 AM | Testing threshold 0.543176352977639
01/29 03:37:39 AM | Distance to target: 318,064
01/29 03:37:39 AM | Testing threshold 0.5431763529776958
01/29 03:37:39 AM | Distance to target: 318,064
01/29 03:37:39 AM | Testing threshold 0.5431763529777243
01/29 03:37:39 AM | Distance to target: 318,064
01/29 03:37:39 AM | Testing threshold 0.5431763529777385
01/29 03:37:39 AM | Distance to target: 318,064
01/29 03:37:39 AM | Testing threshold 0.5431763529777456
01/29 03:37:39 AM | Distance to target: 318,064
01/29 03:37:39 AM | Testing threshold 0.5431763529777491
01/29 03:37:39 AM | Distance to target: 318,064
01/29 03:37:39 AM | Testing threshold 0.5431763529777509
01/29 03:37:39 AM | Distance to target: 318,064
01/29 03:37:39 AM | Testing threshold 0.5431763529777518
01/29 03:37:39 AM | Distance to target: 318,064
01/29 03:37:40 AM | attribution_score[0:12]: 
[ 1.00  1.00  0.00  0.00  0.00  1.00  0.00  0.00  0.00  1.00  0.00  1.00 ]
[ 1.00  0.00  1.00  0.00  1.00  1.00  1.00  0.00  1.00  1.00  1.00  0.00 ]
[ 1.00  1.00  0.00  1.00  0.00  1.00  0.00  1.00  0.00  0.00  0.00  1.00 ]
[ 0.00  0.00  1.00  1.00  1.00  1.00  1.00  0.00  1.00  0.00  1.00  1.00 ]
[ 1.00  1.00  1.00  1.00  1.00  1.00  0.00  0.00  1.00  1.00  1.00  1.00 ]
[ 1.00  1.00  0.00  0.00  0.00  1.00  0.00  0.00  0.00  0.00  0.00  1.00 ]
[ 1.00  1.00  0.00  1.00  1.00  0.00  0.00  1.00  1.00  1.00  1.00  1.00 ]
[ 0.00  0.00  0.00  1.00  0.00  1.00  1.00  0.00  1.00  0.00  1.00  0.00 ]
[ 1.00  1.00  0.00  1.00  1.00  0.00  0.00  0.00  1.00  1.00  1.00  1.00 ]
[ 0.00  0.00  0.00  0.00  1.00  0.00  0.00  0.00  1.00  0.00  0.00  1.00 ]
[ 0.00  1.00  1.00  0.00  1.00  1.00  1.00  1.00  1.00  1.00  1.00  1.00 ]
[ 1.00  1.00  1.00  1.00  1.00  1.00  1.00  1.00  0.00  1.00  1.00  1.00 ]
[ 1.00  1.00  1.00  1.00  1.00  1.00  1.00  1.00  1.00  1.00  1.00  0.00 ]

01/29 03:37:41 AM | VGG(
  (features): Sequential(
    (conv0): Conv2d(3, 26, kernel_size=(3, 3), stride=(1, 1), padding=(1, 1))
    (norm0): BatchNorm2d(26, eps=1e-05, momentum=0.1, affine=True, track_running_stats=True)
    (relu0): ReLU(inplace=True)
    (conv1): Conv2d(26, 48, kernel_size=(3, 3), stride=(1, 1), padding=(1, 1))
    (norm1): BatchNorm2d(48, eps=1e-05, momentum=0.1, affine=True, track_running_stats=True)
    (relu1): ReLU(inplace=True)
    (pool2): MaxPool2d(kernel_size=2, stride=2, padding=0, dilation=1, ceil_mode=False)
    (conv3): Conv2d(48, 71, kernel_size=(3, 3), stride=(1, 1), padding=(1, 1))
    (norm3): BatchNorm2d(71, eps=1e-05, momentum=0.1, affine=True, track_running_stats=True)
    (relu3): ReLU(inplace=True)
    (conv4): Conv2d(71, 101, kernel_size=(3, 3), stride=(1, 1), padding=(1, 1))
    (norm4): BatchNorm2d(101, eps=1e-05, momentum=0.1, affine=True, track_running_stats=True)
    (relu4): ReLU(inplace=True)
    (pool5): MaxPool2d(kernel_size=2, stride=2, padding=0, dilation=1, ceil_mode=False)
    (conv6): Conv2d(101, 156, kernel_size=(3, 3), stride=(1, 1), padding=(1, 1))
    (norm6): BatchNorm2d(156, eps=1e-05, momentum=0.1, affine=True, track_running_stats=True)
    (relu6): ReLU(inplace=True)
    (conv7): Conv2d(156, 134, kernel_size=(3, 3), stride=(1, 1), padding=(1, 1))
    (norm7): BatchNorm2d(134, eps=1e-05, momentum=0.1, affine=True, track_running_stats=True)
    (relu7): ReLU(inplace=True)
    (conv8): Conv2d(134, 162, kernel_size=(3, 3), stride=(1, 1), padding=(1, 1))
    (norm8): BatchNorm2d(162, eps=1e-05, momentum=0.1, affine=True, track_running_stats=True)
    (relu8): ReLU(inplace=True)
    (pool9): MaxPool2d(kernel_size=2, stride=2, padding=0, dilation=1, ceil_mode=False)
    (conv10): Conv2d(162, 236, kernel_size=(3, 3), stride=(1, 1), padding=(1, 1))
    (norm10): BatchNorm2d(236, eps=1e-05, momentum=0.1, affine=True, track_running_stats=True)
    (relu10): ReLU(inplace=True)
    (conv11): Conv2d(236, 195, kernel_size=(3, 3), stride=(1, 1), padding=(1, 1))
    (norm11): BatchNorm2d(195, eps=1e-05, momentum=0.1, affine=True, track_running_stats=True)
    (relu11): ReLU(inplace=True)
    (conv12): Conv2d(195, 258, kernel_size=(3, 3), stride=(1, 1), padding=(1, 1))
    (norm12): BatchNorm2d(258, eps=1e-05, momentum=0.1, affine=True, track_running_stats=True)
    (relu12): ReLU(inplace=True)
    (pool13): MaxPool2d(kernel_size=2, stride=2, padding=0, dilation=1, ceil_mode=False)
    (conv14): Conv2d(258, 399, kernel_size=(3, 3), stride=(1, 1), padding=(1, 1))
    (norm14): BatchNorm2d(399, eps=1e-05, momentum=0.1, affine=True, track_running_stats=True)
    (relu14): ReLU(inplace=True)
    (conv15): Conv2d(399, 453, kernel_size=(3, 3), stride=(1, 1), padding=(1, 1))
    (norm15): BatchNorm2d(453, eps=1e-05, momentum=0.1, affine=True, track_running_stats=True)
    (relu15): ReLU(inplace=True)
    (conv16): Conv2d(453, 506, kernel_size=(3, 3), stride=(1, 1), padding=(1, 1))
    (norm16): BatchNorm2d(506, eps=1e-05, momentum=0.1, affine=True, track_running_stats=True)
    (relu16): ReLU(inplace=True)
  )
  (classifier): Sequential(
    (linear1): Linear(in_features=506, out_features=512, bias=True)
    (norm1): BatchNorm1d(512, eps=1e-05, momentum=0.1, affine=True, track_running_stats=True)
    (relu1): ReLU(inplace=True)
    (linear2): Linear(in_features=512, out_features=10, bias=True)
  )
)
01/29 03:37:42 AM | ----------------------------------------
01/29 03:37:42 AM | Performances input model:
01/29 03:37:42 AM |  - flops: 314,294,272
01/29 03:37:42 AM |  - params: 14,991,946
01/29 03:37:42 AM |  - accuracy: 93.95999908447266
01/29 03:37:42 AM | ----------------------------------------
01/29 03:37:42 AM | Performances pseudo-pruned model:
01/29 03:37:42 AM |  - flops: 314,294,272
01/29 03:37:42 AM |  - params: 14,991,946
01/29 03:37:42 AM |  - accuracy: 81.66999816894531
01/29 03:37:42 AM | ----------------------------------------
01/29 03:37:42 AM | Performances pruned model:
01/29 03:37:42 AM |  - flops: 108,816,772
01/29 03:37:42 AM |  - params: 6,733,651
01/29 03:37:42 AM |  - accuracy: 81.66999816894531
01/29 03:37:42 AM | ----------------------------------------
01/29 03:37:42 AM | Total time: 83.36s
