01/29 09:46:58 PM | args = Namespace(output_dir='result/rebuttal/nb_epoch/vgg/nbbtchs30/seed_01', loaded_model_path='./checkpoints/cifar10/vgg_16_bn.pt', resume=False, test_only=False, mode='prune', batch_size=64, nb_batches=30, Mflops_target=None, lr=0.6, momentum=0.9, beta=6, gamma=0.4, gpu='0', num_workers=4, dataset='cifar10', arch='vgg_16_bn', save_plot=False, seed=1, lr_finetuning=0.02, epoch_finetuning=200, wd=0.002, data_dir='./data/cifar10/', print_freq=200, num_classes=10, device_ids=[0], device=device(type='cuda', index=0), name_base='')
01/29 09:47:09 PM | ----------------------------------------
01/29 09:47:09 PM | ==> Building model...
01/29 09:47:09 PM | ----------------------------------------
01/29 09:47:09 PM | ==> Loading weights into the model...
01/29 09:47:09 PM | ----------------------------------------
01/29 09:47:09 PM | VGG(
  (features): Sequential(
    (conv0): Conv2d(3, 64, kernel_size=(3, 3), stride=(1, 1), padding=(1, 1))
    (norm0): BatchNorm2d(64, eps=1e-05, momentum=0.1, affine=True, track_running_stats=True)
    (relu0): ReLU(inplace=True)
    (conv1): Conv2d(64, 64, kernel_size=(3, 3), stride=(1, 1), padding=(1, 1))
    (norm1): BatchNorm2d(64, eps=1e-05, momentum=0.1, affine=True, track_running_stats=True)
    (relu1): ReLU(inplace=True)
    (pool2): MaxPool2d(kernel_size=2, stride=2, padding=0, dilation=1, ceil_mode=False)
    (conv3): Conv2d(64, 128, kernel_size=(3, 3), stride=(1, 1), padding=(1, 1))
    (norm3): BatchNorm2d(128, eps=1e-05, momentum=0.1, affine=True, track_running_stats=True)
    (relu3): ReLU(inplace=True)
    (conv4): Conv2d(128, 128, kernel_size=(3, 3), stride=(1, 1), padding=(1, 1))
    (norm4): BatchNorm2d(128, eps=1e-05, momentum=0.1, affine=True, track_running_stats=True)
    (relu4): ReLU(inplace=True)
    (pool5): MaxPool2d(kernel_size=2, stride=2, padding=0, dilation=1, ceil_mode=False)
    (conv6): Conv2d(128, 256, kernel_size=(3, 3), stride=(1, 1), padding=(1, 1))
    (norm6): BatchNorm2d(256, eps=1e-05, momentum=0.1, affine=True, track_running_stats=True)
    (relu6): ReLU(inplace=True)
    (conv7): Conv2d(256, 256, kernel_size=(3, 3), stride=(1, 1), padding=(1, 1))
    (norm7): BatchNorm2d(256, eps=1e-05, momentum=0.1, affine=True, track_running_stats=True)
    (relu7): ReLU(inplace=True)
    (conv8): Conv2d(256, 256, kernel_size=(3, 3), stride=(1, 1), padding=(1, 1))
    (norm8): BatchNorm2d(256, eps=1e-05, momentum=0.1, affine=True, track_running_stats=True)
    (relu8): ReLU(inplace=True)
    (pool9): MaxPool2d(kernel_size=2, stride=2, padding=0, dilation=1, ceil_mode=False)
    (conv10): Conv2d(256, 512, kernel_size=(3, 3), stride=(1, 1), padding=(1, 1))
    (norm10): BatchNorm2d(512, eps=1e-05, momentum=0.1, affine=True, track_running_stats=True)
    (relu10): ReLU(inplace=True)
    (conv11): Conv2d(512, 512, kernel_size=(3, 3), stride=(1, 1), padding=(1, 1))
    (norm11): BatchNorm2d(512, eps=1e-05, momentum=0.1, affine=True, track_running_stats=True)
    (relu11): ReLU(inplace=True)
    (conv12): Conv2d(512, 512, kernel_size=(3, 3), stride=(1, 1), padding=(1, 1))
    (norm12): BatchNorm2d(512, eps=1e-05, momentum=0.1, affine=True, track_running_stats=True)
    (relu12): ReLU(inplace=True)
    (pool13): MaxPool2d(kernel_size=2, stride=2, padding=0, dilation=1, ceil_mode=False)
    (conv14): Conv2d(512, 512, kernel_size=(3, 3), stride=(1, 1), padding=(1, 1))
    (norm14): BatchNorm2d(512, eps=1e-05, momentum=0.1, affine=True, track_running_stats=True)
    (relu14): ReLU(inplace=True)
    (conv15): Conv2d(512, 512, kernel_size=(3, 3), stride=(1, 1), padding=(1, 1))
    (norm15): BatchNorm2d(512, eps=1e-05, momentum=0.1, affine=True, track_running_stats=True)
    (relu15): ReLU(inplace=True)
    (conv16): Conv2d(512, 512, kernel_size=(3, 3), stride=(1, 1), padding=(1, 1))
    (norm16): BatchNorm2d(512, eps=1e-05, momentum=0.1, affine=True, track_running_stats=True)
    (relu16): ReLU(inplace=True)
  )
  (classifier): Sequential(
    (linear1): Linear(in_features=512, out_features=512, bias=True)
    (norm1): BatchNorm1d(512, eps=1e-05, momentum=0.1, affine=True, track_running_stats=True)
    (relu1): ReLU(inplace=True)
    (linear2): Linear(in_features=512, out_features=10, bias=True)
  )
)
01/29 09:47:11 PM | Save modules info...
01/29 09:47:11 PM | FLOPS pruning ratio is 0.65
01/29 09:47:11 PM | Pruning with information flow
01/29 09:47:11 PM | -----
01/29 09:47:11 PM | module: Conv2d(3, 64, kernel_size=(3, 3), stride=(1, 1), padding=(1, 1))
01/29 09:47:11 PM | cin: None
01/29 09:47:11 PM | cout: [0]
01/29 09:47:11 PM | inactive
01/29 09:47:11 PM | -----
01/29 09:47:11 PM | module: BatchNorm2d(64, eps=1e-05, momentum=0.1, affine=True, track_running_stats=True)
01/29 09:47:11 PM | cin: [0]
01/29 09:47:11 PM | cout: [0]
01/29 09:47:11 PM | inactive
01/29 09:47:11 PM | -----
01/29 09:47:11 PM | module: ReLU(inplace=True)
01/29 09:47:11 PM | cin: [0]
01/29 09:47:11 PM | cout: [0]
01/29 09:47:11 PM | active
01/29 09:47:11 PM | -----
01/29 09:47:11 PM | module: Conv2d(64, 64, kernel_size=(3, 3), stride=(1, 1), padding=(1, 1))
01/29 09:47:11 PM | cin: [0]
01/29 09:47:11 PM | cout: [1]
01/29 09:47:11 PM | inactive
01/29 09:47:11 PM | -----
01/29 09:47:11 PM | module: BatchNorm2d(64, eps=1e-05, momentum=0.1, affine=True, track_running_stats=True)
01/29 09:47:11 PM | cin: [1]
01/29 09:47:11 PM | cout: [1]
01/29 09:47:11 PM | inactive
01/29 09:47:11 PM | -----
01/29 09:47:11 PM | module: ReLU(inplace=True)
01/29 09:47:11 PM | cin: [1]
01/29 09:47:11 PM | cout: [1]
01/29 09:47:11 PM | active
01/29 09:47:11 PM | -----
01/29 09:47:11 PM | module: MaxPool2d(kernel_size=2, stride=2, padding=0, dilation=1, ceil_mode=False)
01/29 09:47:11 PM | cin: [1]
01/29 09:47:11 PM | cout: [1]
01/29 09:47:11 PM | inactive
01/29 09:47:11 PM | -----
01/29 09:47:11 PM | module: Conv2d(64, 128, kernel_size=(3, 3), stride=(1, 1), padding=(1, 1))
01/29 09:47:11 PM | cin: [1]
01/29 09:47:11 PM | cout: [2]
01/29 09:47:11 PM | inactive
01/29 09:47:11 PM | -----
01/29 09:47:11 PM | module: BatchNorm2d(128, eps=1e-05, momentum=0.1, affine=True, track_running_stats=True)
01/29 09:47:11 PM | cin: [2]
01/29 09:47:11 PM | cout: [2]
01/29 09:47:11 PM | inactive
01/29 09:47:11 PM | -----
01/29 09:47:11 PM | module: ReLU(inplace=True)
01/29 09:47:11 PM | cin: [2]
01/29 09:47:11 PM | cout: [2]
01/29 09:47:11 PM | active
01/29 09:47:11 PM | -----
01/29 09:47:11 PM | module: Conv2d(128, 128, kernel_size=(3, 3), stride=(1, 1), padding=(1, 1))
01/29 09:47:11 PM | cin: [2]
01/29 09:47:11 PM | cout: [3]
01/29 09:47:11 PM | inactive
01/29 09:47:11 PM | -----
01/29 09:47:11 PM | module: BatchNorm2d(128, eps=1e-05, momentum=0.1, affine=True, track_running_stats=True)
01/29 09:47:11 PM | cin: [3]
01/29 09:47:11 PM | cout: [3]
01/29 09:47:11 PM | inactive
01/29 09:47:11 PM | -----
01/29 09:47:11 PM | module: ReLU(inplace=True)
01/29 09:47:11 PM | cin: [3]
01/29 09:47:11 PM | cout: [3]
01/29 09:47:11 PM | active
01/29 09:47:11 PM | -----
01/29 09:47:11 PM | module: MaxPool2d(kernel_size=2, stride=2, padding=0, dilation=1, ceil_mode=False)
01/29 09:47:11 PM | cin: [3]
01/29 09:47:11 PM | cout: [3]
01/29 09:47:11 PM | inactive
01/29 09:47:11 PM | -----
01/29 09:47:11 PM | module: Conv2d(128, 256, kernel_size=(3, 3), stride=(1, 1), padding=(1, 1))
01/29 09:47:11 PM | cin: [3]
01/29 09:47:11 PM | cout: [4]
01/29 09:47:11 PM | inactive
01/29 09:47:11 PM | -----
01/29 09:47:11 PM | module: BatchNorm2d(256, eps=1e-05, momentum=0.1, affine=True, track_running_stats=True)
01/29 09:47:11 PM | cin: [4]
01/29 09:47:11 PM | cout: [4]
01/29 09:47:11 PM | inactive
01/29 09:47:11 PM | -----
01/29 09:47:11 PM | module: ReLU(inplace=True)
01/29 09:47:11 PM | cin: [4]
01/29 09:47:11 PM | cout: [4]
01/29 09:47:11 PM | active
01/29 09:47:11 PM | -----
01/29 09:47:11 PM | module: Conv2d(256, 256, kernel_size=(3, 3), stride=(1, 1), padding=(1, 1))
01/29 09:47:11 PM | cin: [4]
01/29 09:47:11 PM | cout: [5]
01/29 09:47:11 PM | inactive
01/29 09:47:11 PM | -----
01/29 09:47:11 PM | module: BatchNorm2d(256, eps=1e-05, momentum=0.1, affine=True, track_running_stats=True)
01/29 09:47:11 PM | cin: [5]
01/29 09:47:11 PM | cout: [5]
01/29 09:47:11 PM | inactive
01/29 09:47:11 PM | -----
01/29 09:47:11 PM | module: ReLU(inplace=True)
01/29 09:47:11 PM | cin: [5]
01/29 09:47:11 PM | cout: [5]
01/29 09:47:11 PM | active
01/29 09:47:11 PM | -----
01/29 09:47:11 PM | module: Conv2d(256, 256, kernel_size=(3, 3), stride=(1, 1), padding=(1, 1))
01/29 09:47:11 PM | cin: [5]
01/29 09:47:11 PM | cout: [6]
01/29 09:47:11 PM | inactive
01/29 09:47:11 PM | -----
01/29 09:47:11 PM | module: BatchNorm2d(256, eps=1e-05, momentum=0.1, affine=True, track_running_stats=True)
01/29 09:47:11 PM | cin: [6]
01/29 09:47:11 PM | cout: [6]
01/29 09:47:11 PM | inactive
01/29 09:47:11 PM | -----
01/29 09:47:11 PM | module: ReLU(inplace=True)
01/29 09:47:11 PM | cin: [6]
01/29 09:47:11 PM | cout: [6]
01/29 09:47:11 PM | active
01/29 09:47:11 PM | -----
01/29 09:47:11 PM | module: MaxPool2d(kernel_size=2, stride=2, padding=0, dilation=1, ceil_mode=False)
01/29 09:47:11 PM | cin: [6]
01/29 09:47:11 PM | cout: [6]
01/29 09:47:11 PM | inactive
01/29 09:47:11 PM | -----
01/29 09:47:11 PM | module: Conv2d(256, 512, kernel_size=(3, 3), stride=(1, 1), padding=(1, 1))
01/29 09:47:11 PM | cin: [6]
01/29 09:47:11 PM | cout: [7]
01/29 09:47:11 PM | inactive
01/29 09:47:11 PM | -----
01/29 09:47:11 PM | module: BatchNorm2d(512, eps=1e-05, momentum=0.1, affine=True, track_running_stats=True)
01/29 09:47:11 PM | cin: [7]
01/29 09:47:11 PM | cout: [7]
01/29 09:47:11 PM | inactive
01/29 09:47:11 PM | -----
01/29 09:47:11 PM | module: ReLU(inplace=True)
01/29 09:47:11 PM | cin: [7]
01/29 09:47:11 PM | cout: [7]
01/29 09:47:11 PM | active
01/29 09:47:11 PM | -----
01/29 09:47:11 PM | module: Conv2d(512, 512, kernel_size=(3, 3), stride=(1, 1), padding=(1, 1))
01/29 09:47:11 PM | cin: [7]
01/29 09:47:11 PM | cout: [8]
01/29 09:47:11 PM | inactive
01/29 09:47:11 PM | -----
01/29 09:47:11 PM | module: BatchNorm2d(512, eps=1e-05, momentum=0.1, affine=True, track_running_stats=True)
01/29 09:47:11 PM | cin: [8]
01/29 09:47:11 PM | cout: [8]
01/29 09:47:11 PM | inactive
01/29 09:47:11 PM | -----
01/29 09:47:11 PM | module: ReLU(inplace=True)
01/29 09:47:11 PM | cin: [8]
01/29 09:47:11 PM | cout: [8]
01/29 09:47:11 PM | active
01/29 09:47:11 PM | -----
01/29 09:47:11 PM | module: Conv2d(512, 512, kernel_size=(3, 3), stride=(1, 1), padding=(1, 1))
01/29 09:47:11 PM | cin: [8]
01/29 09:47:11 PM | cout: [9]
01/29 09:47:11 PM | inactive
01/29 09:47:11 PM | -----
01/29 09:47:11 PM | module: BatchNorm2d(512, eps=1e-05, momentum=0.1, affine=True, track_running_stats=True)
01/29 09:47:11 PM | cin: [9]
01/29 09:47:11 PM | cout: [9]
01/29 09:47:11 PM | inactive
01/29 09:47:11 PM | -----
01/29 09:47:11 PM | module: ReLU(inplace=True)
01/29 09:47:11 PM | cin: [9]
01/29 09:47:11 PM | cout: [9]
01/29 09:47:11 PM | active
01/29 09:47:11 PM | -----
01/29 09:47:11 PM | module: MaxPool2d(kernel_size=2, stride=2, padding=0, dilation=1, ceil_mode=False)
01/29 09:47:11 PM | cin: [9]
01/29 09:47:11 PM | cout: [9]
01/29 09:47:11 PM | inactive
01/29 09:47:11 PM | -----
01/29 09:47:11 PM | module: Conv2d(512, 512, kernel_size=(3, 3), stride=(1, 1), padding=(1, 1))
01/29 09:47:11 PM | cin: [9]
01/29 09:47:11 PM | cout: [10]
01/29 09:47:11 PM | inactive
01/29 09:47:11 PM | -----
01/29 09:47:11 PM | module: BatchNorm2d(512, eps=1e-05, momentum=0.1, affine=True, track_running_stats=True)
01/29 09:47:11 PM | cin: [10]
01/29 09:47:11 PM | cout: [10]
01/29 09:47:11 PM | inactive
01/29 09:47:11 PM | -----
01/29 09:47:11 PM | module: ReLU(inplace=True)
01/29 09:47:11 PM | cin: [10]
01/29 09:47:11 PM | cout: [10]
01/29 09:47:11 PM | active
01/29 09:47:11 PM | -----
01/29 09:47:11 PM | module: Conv2d(512, 512, kernel_size=(3, 3), stride=(1, 1), padding=(1, 1))
01/29 09:47:11 PM | cin: [10]
01/29 09:47:11 PM | cout: [11]
01/29 09:47:11 PM | inactive
01/29 09:47:11 PM | -----
01/29 09:47:11 PM | module: BatchNorm2d(512, eps=1e-05, momentum=0.1, affine=True, track_running_stats=True)
01/29 09:47:11 PM | cin: [11]
01/29 09:47:11 PM | cout: [11]
01/29 09:47:11 PM | inactive
01/29 09:47:11 PM | -----
01/29 09:47:11 PM | module: ReLU(inplace=True)
01/29 09:47:11 PM | cin: [11]
01/29 09:47:11 PM | cout: [11]
01/29 09:47:11 PM | active
01/29 09:47:11 PM | -----
01/29 09:47:11 PM | module: Conv2d(512, 512, kernel_size=(3, 3), stride=(1, 1), padding=(1, 1))
01/29 09:47:11 PM | cin: [11]
01/29 09:47:11 PM | cout: [12]
01/29 09:47:11 PM | inactive
01/29 09:47:11 PM | -----
01/29 09:47:11 PM | module: BatchNorm2d(512, eps=1e-05, momentum=0.1, affine=True, track_running_stats=True)
01/29 09:47:11 PM | cin: [12]
01/29 09:47:11 PM | cout: [12]
01/29 09:47:11 PM | inactive
01/29 09:47:11 PM | -----
01/29 09:47:11 PM | module: ReLU(inplace=True)
01/29 09:47:11 PM | cin: [12]
01/29 09:47:11 PM | cout: [12]
01/29 09:47:11 PM | active
01/29 09:47:11 PM | -----
01/29 09:47:11 PM | module: Linear(in_features=512, out_features=512, bias=True)
01/29 09:47:11 PM | cin: [12]
01/29 09:47:11 PM | cout: None
01/29 09:47:11 PM | inactive
01/29 09:47:11 PM | -----
01/29 09:47:11 PM | module: ReLU(inplace=True)
01/29 09:47:11 PM | cin: None
01/29 09:47:11 PM | cout: None
01/29 09:47:11 PM | active
01/29 09:47:11 PM | -----
01/29 09:47:11 PM | module: Linear(in_features=512, out_features=10, bias=True)
01/29 09:47:11 PM | cin: None
01/29 09:47:11 PM | cout: None
01/29 09:47:11 PM | inactive
01/29 09:47:11 PM | Used masks: [0, 1, 2, 3, 4, 5, 6, 7, 8, 9, 10, 11, 12]
01/29 09:47:11 PM | 13 unique masks in total
01/29 09:47:11 PM | === Batch 1/30
01/29 09:47:11 PM | loss = 0.121 + 4.266 + 0.040 = 4.427
01/29 09:47:12 PM | attribution_score[0:12]: 
[ 0.94  0.94  0.83  0.83  0.83  0.83  0.83  0.83  0.83  0.94  0.83  0.83 ]
[ 0.83  0.83  0.94  0.83  0.94  0.83  0.83  0.83  0.83  0.94  0.83  0.83 ]
[ 0.83  0.94  0.83  0.83  0.83  0.83  0.83  0.94  0.83  0.83  0.83  0.94 ]
[ 0.83  0.83  0.83  0.83  0.83  0.83  0.83  0.83  0.94  0.83  0.83  0.94 ]
[ 0.83  0.83  0.94  0.83  0.83  0.83  0.94  0.83  0.94  0.94  0.83  0.83 ]
[ 0.83  0.83  0.94  0.83  0.83  0.83  0.83  0.83  0.83  0.83  0.83  0.83 ]
[ 0.83  0.83  0.83  0.83  0.94  0.83  0.83  0.83  0.83  0.94  0.83  0.83 ]
[ 0.83  0.83  0.83  0.83  0.83  0.83  0.83  0.83  0.83  0.83  0.83  0.83 ]
[ 0.83  0.83  0.83  0.83  0.83  0.83  0.83  0.83  0.83  0.83  0.83  0.83 ]
[ 0.83  0.83  0.83  0.83  0.83  0.83  0.83  0.83  0.83  0.83  0.83  0.83 ]
[ 0.83  0.83  0.83  0.83  0.83  0.83  0.83  0.83  0.83  0.83  0.94  0.83 ]
[ 0.83  0.83  0.83  0.83  0.83  0.83  0.83  0.94  0.83  0.83  0.83  0.83 ]
[ 0.94  0.94  0.94  0.83  0.94  0.94  0.83  0.94  0.83  0.94  0.94  0.83 ]

01/29 09:47:12 PM | === Batch 2/30
01/29 09:47:12 PM | loss = 0.130 + 3.498 + 0.058 = 3.685
01/29 09:47:12 PM | attribution_score[0:12]: 
[ 0.96  0.97  0.73  0.73  0.73  0.74  0.74  0.73  0.73  0.91  0.73  0.86 ]
[ 0.87  0.73  0.92  0.73  0.97  0.75  0.86  0.73  0.73  0.94  0.73  0.73 ]
[ 0.88  0.96  0.73  0.87  0.73  0.86  0.84  0.95  0.75  0.74  0.74  0.97 ]
[ 0.75  0.74  0.75  0.84  0.73  0.76  0.76  0.73  0.96  0.73  0.78  0.96 ]
[ 0.73  0.73  0.96  0.73  0.74  0.73  0.93  0.77  0.95  0.92  0.74  0.74 ]
[ 0.75  0.73  0.92  0.74  0.73  0.74  0.74  0.76  0.73  0.73  0.73  0.74 ]
[ 0.79  0.74  0.75  0.73  0.96  0.73  0.73  0.73  0.74  0.95  0.73  0.73 ]
[ 0.73  0.74  0.73  0.84  0.79  0.73  0.77  0.73  0.81  0.75  0.73  0.73 ]
[ 0.73  0.73  0.73  0.73  0.73  0.73  0.73  0.74  0.73  0.73  0.73  0.74 ]
[ 0.73  0.73  0.73  0.73  0.75  0.73  0.73  0.73  0.74  0.73  0.73  0.73 ]
[ 0.73  0.79  0.75  0.73  0.73  0.78  0.74  0.78  0.74  0.73  0.97  0.73 ]
[ 0.88  0.88  0.73  0.73  0.88  0.73  0.83  0.97  0.73  0.88  0.77  0.73 ]
[ 0.97  0.97  0.97  0.74  0.97  0.97  0.82  0.97  0.87  0.97  0.97  0.74 ]

01/29 09:47:12 PM | === Batch 3/30
01/29 09:47:13 PM | loss = 0.481 + 2.548 + 0.081 = 3.109
01/29 09:47:13 PM | attribution_score[0:12]: 
[ 0.98  0.97  0.60  0.60  0.61  0.61  0.62  0.60  0.60  0.87  0.61  0.87 ]
[ 0.84  0.60  0.89  0.60  0.97  0.67  0.85  0.60  0.70  0.95  0.60  0.61 ]
[ 0.91  0.97  0.60  0.90  0.61  0.90  0.81  0.95  0.64  0.63  0.62  0.97 ]
[ 0.66  0.62  0.77  0.87  0.72  0.76  0.65  0.60  0.97  0.60  0.69  0.97 ]
[ 0.60  0.65  0.96  0.64  0.71  0.74  0.89  0.75  0.96  0.89  0.63  0.63 ]
[ 0.65  0.79  0.88  0.63  0.61  0.62  0.65  0.65  0.61  0.60  0.60  0.72 ]
[ 0.77  0.62  0.73  0.64  0.97  0.61  0.61  0.60  0.63  0.97  0.77  0.61 ]
[ 0.60  0.62  0.60  0.82  0.71  0.66  0.73  0.60  0.81  0.65  0.60  0.60 ]
[ 0.60  0.61  0.60  0.60  0.61  0.60  0.60  0.61  0.63  0.60  0.61  0.76 ]
[ 0.62  0.60  0.60  0.60  0.64  0.63  0.60  0.60  0.63  0.60  0.61  0.62 ]
[ 0.60  0.84  0.80  0.61  0.60  0.72  0.78  0.83  0.61  0.69  0.98  0.61 ]
[ 0.92  0.92  0.74  0.79  0.93  0.73  0.88  0.98  0.65  0.92  0.82  0.62 ]
[ 0.98  0.98  0.98  0.61  0.98  0.98  0.87  0.98  0.92  0.98  0.98  0.62 ]

01/29 09:47:13 PM | === Batch 4/30
01/29 09:47:13 PM | loss = 0.751 + 1.667 + 0.102 = 2.521
01/29 09:47:13 PM | attribution_score[0:12]: 
[ 0.98  0.96  0.45  0.46  0.46  0.53  0.49  0.45  0.45  0.80  0.47  0.86 ]
[ 0.81  0.45  0.84  0.46  0.97  0.56  0.86  0.46  0.69  0.93  0.66  0.47 ]
[ 0.93  0.98  0.45  0.93  0.46  0.93  0.74  0.95  0.51  0.49  0.48  0.97 ]
[ 0.53  0.48  0.76  0.89  0.73  0.75  0.56  0.50  0.98  0.53  0.62  0.98 ]
[ 0.60  0.57  0.96  0.60  0.74  0.76  0.87  0.73  0.97  0.83  0.65  0.51 ]
[ 0.60  0.85  0.81  0.52  0.48  0.48  0.61  0.52  0.47  0.57  0.45  0.66 ]
[ 0.71  0.49  0.69  0.65  0.97  0.50  0.51  0.61  0.50  0.98  0.83  0.48 ]
[ 0.45  0.49  0.46  0.76  0.61  0.58  0.65  0.45  0.86  0.53  0.47  0.45 ]
[ 0.46  0.61  0.45  0.62  0.47  0.45  0.48  0.53  0.67  0.45  0.62  0.82 ]
[ 0.59  0.48  0.45  0.45  0.54  0.62  0.45  0.45  0.66  0.45  0.48  0.57 ]
[ 0.46  0.89  0.84  0.63  0.66  0.63  0.84  0.84  0.68  0.75  0.99  0.68 ]
[ 0.92  0.95  0.79  0.86  0.95  0.74  0.92  0.99  0.55  0.92  0.88  0.69 ]
[ 0.99  0.99  0.99  0.63  0.98  0.99  0.91  0.99  0.95  0.98  0.98  0.52 ]

01/29 09:47:13 PM | === Batch 5/30
01/29 09:47:13 PM | loss = 0.793 + 0.947 + 0.113 = 1.853
01/29 09:47:14 PM | attribution_score[0:12]: 
[ 0.99  0.96  0.32  0.32  0.33  0.46  0.37  0.31  0.31  0.76  0.33  0.88 ]
[ 0.81  0.33  0.77  0.32  0.97  0.43  0.90  0.33  0.66  0.90  0.70  0.37 ]
[ 0.95  0.98  0.31  0.94  0.32  0.95  0.64  0.95  0.37  0.36  0.34  0.97 ]
[ 0.40  0.34  0.74  0.90  0.66  0.77  0.50  0.47  0.98  0.51  0.55  0.98 ]
[ 0.66  0.46  0.94  0.56  0.73  0.81  0.85  0.69  0.97  0.78  0.71  0.49 ]
[ 0.56  0.86  0.72  0.40  0.36  0.41  0.66  0.43  0.36  0.60  0.31  0.65 ]
[ 0.73  0.42  0.67  0.60  0.97  0.41  0.41  0.61  0.47  0.98  0.88  0.42 ]
[ 0.31  0.41  0.34  0.67  0.51  0.47  0.54  0.31  0.88  0.41  0.33  0.32 ]
[ 0.38  0.62  0.31  0.67  0.43  0.31  0.38  0.43  0.74  0.36  0.68  0.87 ]
[ 0.60  0.36  0.31  0.31  0.42  0.60  0.31  0.31  0.73  0.31  0.35  0.53 ]
[ 0.40  0.93  0.84  0.69  0.73  0.65  0.89  0.88  0.76  0.81  0.99  0.76 ]
[ 0.90  0.97  0.83  0.90  0.96  0.77  0.94  0.99  0.43  0.90  0.92  0.77 ]
[ 0.99  0.99  0.99  0.71  0.99  0.99  0.93  0.99  0.97  0.98  0.98  0.40 ]

01/29 09:47:14 PM | === Batch 6/30
01/29 09:47:14 PM | loss = 1.012 + 0.368 + 0.098 = 1.477
01/29 09:47:14 PM | attribution_score[0:12]: 
[ 0.99  0.95  0.22  0.20  0.23  0.39  0.27  0.20  0.20  0.77  0.22  0.91 ]
[ 0.83  0.23  0.67  0.21  0.97  0.31  0.92  0.21  0.60  0.87  0.77  0.35 ]
[ 0.97  0.98  0.20  0.95  0.20  0.96  0.53  0.96  0.25  0.25  0.23  0.98 ]
[ 0.31  0.23  0.76  0.91  0.57  0.75  0.53  0.42  0.98  0.48  0.51  0.98 ]
[ 0.73  0.34  0.92  0.49  0.76  0.86  0.83  0.63  0.98  0.78  0.78  0.53 ]
[ 0.59  0.86  0.60  0.30  0.24  0.43  0.73  0.33  0.27  0.66  0.20  0.67 ]
[ 0.79  0.36  0.68  0.57  0.97  0.31  0.30  0.55  0.39  0.98  0.92  0.41 ]
[ 0.20  0.35  0.23  0.56  0.41  0.45  0.56  0.20  0.88  0.29  0.24  0.21 ]
[ 0.29  0.59  0.20  0.73  0.43  0.20  0.28  0.35  0.80  0.30  0.75  0.91 ]
[ 0.58  0.25  0.20  0.20  0.36  0.59  0.20  0.20  0.81  0.21  0.26  0.53 ]
[ 0.42  0.95  0.83  0.75  0.80  0.72  0.92  0.91  0.83  0.84  0.99  0.82 ]
[ 0.90  0.98  0.87  0.93  0.97  0.82  0.95  0.99  0.40  0.88  0.95  0.84 ]
[ 0.99  1.00  1.00  0.77  0.99  1.00  0.95  0.99  0.98  0.97  0.97  0.29 ]

01/29 09:47:14 PM | === Batch 7/30
01/29 09:47:14 PM | loss = 1.174 + 0.098 + 0.083 = 1.354
01/29 09:47:14 PM | attribution_score[0:12]: 
[ 0.99  0.96  0.23  0.16  0.21  0.42  0.24  0.16  0.15  0.81  0.19  0.92 ]
[ 0.87  0.19  0.69  0.17  0.97  0.30  0.94  0.16  0.59  0.89  0.83  0.40 ]
[ 0.97  0.97  0.16  0.96  0.17  0.97  0.55  0.96  0.22  0.20  0.19  0.98 ]
[ 0.26  0.18  0.82  0.93  0.58  0.78  0.60  0.47  0.97  0.53  0.55  0.98 ]
[ 0.79  0.34  0.92  0.50  0.78  0.90  0.83  0.66  0.98  0.82  0.84  0.56 ]
[ 0.66  0.88  0.62  0.29  0.22  0.51  0.80  0.31  0.22  0.74  0.15  0.73 ]
[ 0.85  0.37  0.73  0.61  0.98  0.31  0.26  0.54  0.42  0.98  0.95  0.46 ]
[ 0.15  0.37  0.20  0.53  0.41  0.51  0.63  0.15  0.89  0.29  0.24  0.15 ]
[ 0.30  0.64  0.17  0.80  0.47  0.17  0.26  0.38  0.85  0.33  0.82  0.94 ]
[ 0.63  0.26  0.16  0.16  0.37  0.64  0.18  0.17  0.87  0.20  0.25  0.60 ]
[ 0.48  0.96  0.87  0.78  0.83  0.79  0.94  0.94  0.88  0.86  1.00  0.86 ]
[ 0.92  0.99  0.91  0.94  0.98  0.88  0.95  0.99  0.45  0.89  0.97  0.89 ]
[ 1.00  1.00  1.00  0.82  0.99  1.00  0.96  0.99  0.99  0.97  0.96  0.24 ]

01/29 09:47:14 PM | === Batch 8/30
01/29 09:47:15 PM | loss = 1.276 + 0.027 + 0.075 = 1.378
01/29 09:47:15 PM | attribution_score[0:12]: 
[ 0.99  0.96  0.24  0.12  0.18  0.39  0.21  0.12  0.12  0.81  0.16  0.93 ]
[ 0.91  0.16  0.74  0.13  0.97  0.32  0.96  0.12  0.64  0.92  0.80  0.46 ]
[ 0.98  0.97  0.13  0.97  0.13  0.97  0.54  0.96  0.20  0.16  0.17  0.98 ]
[ 0.22  0.14  0.84  0.95  0.62  0.82  0.58  0.50  0.97  0.56  0.56  0.98 ]
[ 0.84  0.37  0.92  0.49  0.77  0.93  0.82  0.69  0.98  0.86  0.84  0.53 ]
[ 0.72  0.90  0.63  0.29  0.20  0.56  0.82  0.30  0.19  0.78  0.11  0.75 ]
[ 0.89  0.37  0.74  0.68  0.98  0.32  0.23  0.57  0.49  0.98  0.96  0.48 ]
[ 0.11  0.37  0.16  0.48  0.42  0.58  0.72  0.11  0.90  0.27  0.21  0.11 ]
[ 0.31  0.66  0.14  0.83  0.50  0.14  0.22  0.36  0.86  0.35  0.84  0.96 ]
[ 0.62  0.25  0.12  0.12  0.38  0.66  0.16  0.13  0.91  0.17  0.24  0.61 ]
[ 0.50  0.97  0.89  0.78  0.85  0.83  0.94  0.96  0.91  0.87  1.00  0.88 ]
[ 0.94  0.99  0.93  0.95  0.98  0.89  0.96  1.00  0.46  0.91  0.98  0.91 ]
[ 1.00  1.00  1.00  0.85  1.00  1.00  0.97  0.99  0.99  0.98  0.97  0.22 ]

01/29 09:47:15 PM | === Batch 9/30
01/29 09:47:15 PM | loss = 1.126 + 0.038 + 0.070 = 1.234
01/29 09:47:15 PM | attribution_score[0:12]: 
[ 0.99  0.97  0.24  0.09  0.16  0.36  0.19  0.09  0.08  0.77  0.12  0.93 ]
[ 0.94  0.14  0.80  0.09  0.95  0.37  0.97  0.09  0.71  0.94  0.75  0.54 ]
[ 0.98  0.96  0.10  0.97  0.10  0.98  0.50  0.97  0.18  0.13  0.16  0.98 ]
[ 0.18  0.10  0.84  0.96  0.69  0.87  0.56  0.47  0.96  0.53  0.53  0.98 ]
[ 0.86  0.43  0.93  0.51  0.73  0.95  0.79  0.74  0.98  0.90  0.82  0.48 ]
[ 0.80  0.93  0.62  0.32  0.17  0.58  0.81  0.30  0.16  0.82  0.08  0.78 ]
[ 0.92  0.35  0.74  0.75  0.98  0.34  0.19  0.54  0.57  0.99  0.96  0.50 ]
[ 0.08  0.36  0.13  0.44  0.41  0.65  0.78  0.08  0.89  0.24  0.18  0.08 ]
[ 0.30  0.66  0.11  0.83  0.53  0.11  0.17  0.33  0.86  0.36  0.84  0.97 ]
[ 0.58  0.22  0.09  0.10  0.37  0.66  0.14  0.10  0.93  0.14  0.24  0.61 ]
[ 0.50  0.97  0.90  0.76  0.87  0.86  0.95  0.97  0.93  0.87  1.00  0.89 ]
[ 0.95  1.00  0.94  0.96  0.99  0.88  0.97  1.00  0.42  0.93  0.98  0.92 ]
[ 1.00  1.00  1.00  0.89  1.00  1.00  0.97  0.99  0.99  0.98  0.97  0.22 ]

01/29 09:47:15 PM | === Batch 10/30
01/29 09:47:16 PM | loss = 0.792 + 0.011 + 0.065 = 0.868
01/29 09:47:16 PM | attribution_score[0:12]: 
[ 1.00  0.98  0.23  0.06  0.13  0.32  0.16  0.06  0.06  0.75  0.09  0.93 ]
[ 0.96  0.12  0.85  0.07  0.93  0.41  0.98  0.07  0.75  0.96  0.69  0.61 ]
[ 0.99  0.95  0.08  0.98  0.08  0.98  0.44  0.97  0.16  0.10  0.15  0.98 ]
[ 0.14  0.08  0.85  0.97  0.73  0.90  0.55  0.45  0.94  0.50  0.51  0.97 ]
[ 0.87  0.46  0.92  0.48  0.68  0.96  0.75  0.77  0.98  0.93  0.79  0.43 ]
[ 0.83  0.94  0.59  0.31  0.13  0.61  0.79  0.31  0.15  0.84  0.06  0.80 ]
[ 0.94  0.36  0.69  0.80  0.98  0.35  0.16  0.48  0.63  0.99  0.97  0.51 ]
[ 0.06  0.37  0.10  0.40  0.39  0.74  0.83  0.06  0.88  0.22  0.16  0.05 ]
[ 0.29  0.66  0.09  0.83  0.57  0.09  0.13  0.30  0.84  0.34  0.84  0.98 ]
[ 0.53  0.18  0.07  0.07  0.38  0.63  0.12  0.08  0.95  0.11  0.24  0.59 ]
[ 0.50  0.98  0.90  0.74  0.87  0.88  0.95  0.98  0.95  0.86  1.00  0.90 ]
[ 0.96  1.00  0.94  0.96  0.99  0.88  0.97  1.00  0.39  0.94  0.99  0.93 ]
[ 1.00  1.00  1.00  0.91  1.00  1.00  0.98  0.99  1.00  0.99  0.98  0.22 ]

01/29 09:47:16 PM | === Batch 11/30
01/29 09:47:16 PM | loss = 0.837 + 0.081 + 0.061 = 0.979
01/29 09:47:16 PM | attribution_score[0:12]: 
[ 1.00  0.98  0.25  0.05  0.12  0.33  0.16  0.05  0.05  0.77  0.08  0.94 ]
[ 0.97  0.12  0.88  0.06  0.93  0.46  0.99  0.05  0.78  0.97  0.68  0.68 ]
[ 0.99  0.95  0.07  0.98  0.06  0.99  0.45  0.97  0.16  0.09  0.15  0.99 ]
[ 0.12  0.06  0.87  0.97  0.78  0.92  0.56  0.46  0.94  0.51  0.56  0.98 ]
[ 0.89  0.52  0.91  0.50  0.67  0.97  0.76  0.82  0.98  0.95  0.79  0.40 ]
[ 0.84  0.95  0.63  0.30  0.12  0.66  0.77  0.34  0.15  0.86  0.05  0.84 ]
[ 0.95  0.42  0.67  0.84  0.99  0.37  0.15  0.40  0.67  0.99  0.97  0.57 ]
[ 0.04  0.41  0.08  0.42  0.43  0.82  0.87  0.05  0.88  0.25  0.16  0.04 ]
[ 0.32  0.71  0.08  0.83  0.64  0.07  0.11  0.32  0.83  0.35  0.86  0.99 ]
[ 0.53  0.15  0.06  0.06  0.41  0.61  0.12  0.06  0.96  0.10  0.27  0.62 ]
[ 0.52  0.98  0.92  0.72  0.87  0.91  0.95  0.99  0.96  0.85  1.00  0.90 ]
[ 0.97  1.00  0.95  0.97  0.99  0.88  0.97  1.00  0.39  0.95  0.99  0.94 ]
[ 1.00  1.00  1.00  0.92  1.00  1.00  0.98  1.00  1.00  0.99  0.98  0.25 ]

01/29 09:47:16 PM | === Batch 12/30
01/29 09:47:16 PM | loss = 0.805 + 0.048 + 0.058 = 0.911
01/29 09:47:17 PM | attribution_score[0:12]: 
[ 1.00  0.99  0.24  0.04  0.11  0.37  0.14  0.04  0.04  0.78  0.07  0.94 ]
[ 0.98  0.12  0.91  0.05  0.93  0.54  0.99  0.04  0.82  0.98  0.70  0.71 ]
[ 0.99  0.95  0.06  0.98  0.05  0.99  0.45  0.98  0.15  0.08  0.15  0.99 ]
[ 0.09  0.05  0.88  0.97  0.81  0.93  0.55  0.52  0.94  0.53  0.60  0.98 ]
[ 0.90  0.55  0.89  0.51  0.65  0.97  0.79  0.85  0.98  0.96  0.80  0.36 ]
[ 0.85  0.95  0.65  0.25  0.11  0.71  0.76  0.35  0.16  0.86  0.04  0.87 ]
[ 0.96  0.47  0.63  0.85  0.99  0.33  0.13  0.35  0.68  0.99  0.98  0.63 ]
[ 0.03  0.43  0.07  0.42  0.45  0.83  0.90  0.04  0.89  0.27  0.16  0.03 ]
[ 0.34  0.76  0.07  0.84  0.71  0.06  0.09  0.33  0.83  0.35  0.87  0.99 ]
[ 0.54  0.13  0.05  0.05  0.45  0.57  0.11  0.05  0.97  0.09  0.30  0.63 ]
[ 0.54  0.98  0.93  0.71  0.88  0.93  0.95  0.99  0.97  0.83  1.00  0.90 ]
[ 0.97  1.00  0.95  0.97  0.99  0.89  0.97  1.00  0.38  0.96  0.99  0.95 ]
[ 1.00  1.00  1.00  0.93  1.00  1.00  0.98  1.00  1.00  0.99  0.99  0.25 ]

01/29 09:47:17 PM | === Batch 13/30
01/29 09:47:17 PM | loss = 0.618 + 0.104 + 0.055 = 0.777
01/29 09:47:17 PM | attribution_score[0:12]: 
[ 1.00  0.99  0.24  0.03  0.09  0.42  0.13  0.04  0.03  0.81  0.06  0.95 ]
[ 0.98  0.13  0.92  0.04  0.92  0.62  0.99  0.03  0.85  0.98  0.74  0.72 ]
[ 0.99  0.94  0.05  0.99  0.04  0.99  0.44  0.98  0.14  0.06  0.14  0.99 ]
[ 0.08  0.04  0.89  0.98  0.85  0.94  0.56  0.59  0.94  0.56  0.62  0.98 ]
[ 0.91  0.54  0.88  0.51  0.64  0.98  0.81  0.86  0.98  0.97  0.81  0.34 ]
[ 0.85  0.96  0.65  0.23  0.10  0.75  0.75  0.33  0.16  0.84  0.03  0.89 ]
[ 0.96  0.47  0.58  0.86  0.99  0.29  0.12  0.33  0.69  0.99  0.98  0.66 ]
[ 0.03  0.46  0.06  0.41  0.44  0.84  0.91  0.03  0.92  0.29  0.16  0.03 ]
[ 0.33  0.81  0.06  0.85  0.76  0.05  0.08  0.34  0.82  0.32  0.89  0.99 ]
[ 0.54  0.11  0.04  0.04  0.48  0.53  0.10  0.04  0.97  0.08  0.33  0.64 ]
[ 0.53  0.99  0.94  0.70  0.88  0.94  0.96  0.99  0.98  0.83  1.00  0.91 ]
[ 0.98  1.00  0.95  0.98  0.99  0.90  0.97  1.00  0.37  0.97  0.99  0.96 ]
[ 1.00  1.00  1.00  0.93  1.00  1.00  0.99  1.00  1.00  0.99  0.99  0.24 ]

01/29 09:47:17 PM | === Batch 14/30
01/29 09:47:17 PM | loss = 0.739 + 0.137 + 0.053 = 0.929
01/29 09:47:18 PM | attribution_score[0:12]: 
[ 1.00  0.99  0.22  0.03  0.08  0.48  0.12  0.03  0.02  0.83  0.05  0.95 ]
[ 0.99  0.13  0.93  0.03  0.93  0.69  0.99  0.03  0.88  0.98  0.78  0.70 ]
[ 0.99  0.94  0.04  0.99  0.03  0.99  0.42  0.98  0.14  0.05  0.13  0.99 ]
[ 0.07  0.03  0.90  0.98  0.87  0.94  0.56  0.67  0.94  0.60  0.64  0.98 ]
[ 0.92  0.49  0.84  0.51  0.67  0.98  0.82  0.86  0.99  0.97  0.82  0.34 ]
[ 0.85  0.96  0.65  0.20  0.09  0.77  0.73  0.29  0.16  0.82  0.03  0.91 ]
[ 0.97  0.48  0.50  0.85  0.99  0.23  0.11  0.32  0.69  0.99  0.98  0.70 ]
[ 0.02  0.48  0.05  0.38  0.41  0.83  0.93  0.02  0.93  0.29  0.16  0.02 ]
[ 0.29  0.85  0.05  0.85  0.80  0.04  0.06  0.35  0.82  0.29  0.90  0.99 ]
[ 0.53  0.08  0.03  0.04  0.49  0.46  0.09  0.04  0.98  0.07  0.34  0.63 ]
[ 0.53  0.99  0.95  0.71  0.89  0.95  0.96  0.99  0.98  0.83  1.00  0.91 ]
[ 0.98  1.00  0.95  0.98  1.00  0.90  0.98  1.00  0.35  0.98  0.99  0.96 ]
[ 1.00  1.00  1.00  0.94  1.00  1.00  0.99  1.00  1.00  0.99  0.99  0.22 ]

01/29 09:47:18 PM | === Batch 15/30
01/29 09:47:18 PM | loss = 0.657 + 0.139 + 0.050 = 0.846
01/29 09:47:18 PM | attribution_score[0:12]: 
[ 1.00  0.99  0.19  0.02  0.07  0.55  0.11  0.03  0.02  0.84  0.04  0.95 ]
[ 0.99  0.13  0.94  0.03  0.93  0.74  0.99  0.02  0.91  0.99  0.81  0.66 ]
[ 0.99  0.94  0.03  0.99  0.03  0.99  0.38  0.98  0.13  0.05  0.12  0.98 ]
[ 0.06  0.03  0.91  0.98  0.90  0.94  0.58  0.72  0.94  0.61  0.65  0.98 ]
[ 0.93  0.44  0.80  0.53  0.72  0.98  0.84  0.85  0.99  0.98  0.83  0.38 ]
[ 0.85  0.96  0.64  0.17  0.08  0.80  0.74  0.26  0.16  0.81  0.02  0.92 ]
[ 0.97  0.50  0.44  0.84  0.99  0.19  0.10  0.32  0.68  0.99  0.99  0.73 ]
[ 0.02  0.50  0.04  0.33  0.36  0.81  0.94  0.02  0.94  0.27  0.17  0.02 ]
[ 0.26  0.88  0.05  0.86  0.84  0.04  0.05  0.35  0.82  0.27  0.92  1.00 ]
[ 0.53  0.07  0.03  0.03  0.49  0.42  0.08  0.03  0.98  0.06  0.33  0.64 ]
[ 0.52  0.99  0.95  0.72  0.89  0.96  0.96  0.99  0.98  0.83  1.00  0.92 ]
[ 0.98  1.00  0.95  0.98  1.00  0.91  0.98  1.00  0.33  0.98  0.99  0.96 ]
[ 1.00  1.00  1.00  0.94  1.00  1.00  0.99  1.00  1.00  1.00  0.99  0.19 ]

01/29 09:47:18 PM | === Batch 16/30
01/29 09:47:18 PM | loss = 0.502 + 0.125 + 0.048 = 0.675
01/29 09:47:19 PM | attribution_score[0:12]: 
[ 1.00  0.99  0.16  0.02  0.06  0.62  0.10  0.02  0.02  0.85  0.03  0.95 ]
[ 0.99  0.13  0.94  0.02  0.92  0.78  0.99  0.02  0.92  0.99  0.84  0.63 ]
[ 1.00  0.94  0.03  0.99  0.02  0.99  0.33  0.98  0.11  0.04  0.11  0.98 ]
[ 0.05  0.02  0.91  0.97  0.91  0.94  0.61  0.77  0.94  0.62  0.64  0.98 ]
[ 0.93  0.38  0.76  0.55  0.75  0.99  0.85  0.84  0.99  0.98  0.85  0.41 ]
[ 0.86  0.96  0.62  0.15  0.07  0.81  0.75  0.23  0.16  0.79  0.02  0.93 ]
[ 0.97  0.54  0.38  0.84  0.99  0.17  0.09  0.31  0.64  0.99  0.99  0.77 ]
[ 0.02  0.50  0.04  0.29  0.31  0.79  0.95  0.02  0.95  0.25  0.19  0.02 ]
[ 0.24  0.90  0.04  0.87  0.87  0.03  0.04  0.36  0.83  0.25  0.93  1.00 ]
[ 0.53  0.06  0.02  0.03  0.50  0.39  0.07  0.02  0.98  0.05  0.31  0.64 ]
[ 0.51  0.99  0.96  0.73  0.90  0.97  0.97  0.99  0.99  0.82  1.00  0.92 ]
[ 0.98  1.00  0.95  0.99  1.00  0.91  0.98  1.00  0.29  0.98  0.99  0.97 ]
[ 1.00  1.00  1.00  0.95  1.00  1.00  0.99  1.00  1.00  1.00  0.99  0.16 ]

01/29 09:47:19 PM | === Batch 17/30
01/29 09:47:19 PM | loss = 0.527 + 0.092 + 0.046 = 0.665
01/29 09:47:19 PM | attribution_score[0:12]: 
[ 1.00  0.99  0.14  0.01  0.05  0.65  0.09  0.02  0.01  0.86  0.03  0.95 ]
[ 0.99  0.12  0.95  0.02  0.92  0.80  0.99  0.02  0.94  0.99  0.86  0.58 ]
[ 1.00  0.93  0.02  0.99  0.02  0.99  0.28  0.99  0.10  0.03  0.10  0.98 ]
[ 0.05  0.02  0.91  0.97  0.93  0.94  0.66  0.80  0.94  0.59  0.63  0.98 ]
[ 0.93  0.32  0.71  0.54  0.77  0.99  0.85  0.83  0.99  0.98  0.87  0.45 ]
[ 0.87  0.96  0.58  0.13  0.06  0.81  0.75  0.20  0.16  0.77  0.02  0.94 ]
[ 0.97  0.57  0.32  0.83  0.99  0.14  0.07  0.29  0.60  0.99  0.99  0.80 ]
[ 0.01  0.48  0.04  0.25  0.26  0.77  0.96  0.01  0.95  0.24  0.21  0.01 ]
[ 0.22  0.92  0.04  0.88  0.89  0.03  0.04  0.35  0.83  0.24  0.93  1.00 ]
[ 0.51  0.04  0.02  0.02  0.52  0.35  0.06  0.02  0.99  0.04  0.29  0.64 ]
[ 0.49  0.99  0.96  0.72  0.91  0.97  0.97  1.00  0.99  0.81  1.00  0.92 ]
[ 0.99  1.00  0.95  0.99  1.00  0.91  0.98  1.00  0.26  0.98  0.99  0.97 ]
[ 1.00  1.00  1.00  0.96  1.00  1.00  0.99  1.00  1.00  1.00  0.99  0.14 ]

01/29 09:47:19 PM | === Batch 18/30
01/29 09:47:19 PM | loss = 0.456 + 0.044 + 0.044 = 0.545
01/29 09:47:19 PM | attribution_score[0:12]: 
[ 1.00  0.99  0.12  0.01  0.04  0.67  0.08  0.02  0.01  0.88  0.02  0.96 ]
[ 0.99  0.11  0.95  0.02  0.93  0.80  1.00  0.01  0.94  0.99  0.88  0.54 ]
[ 1.00  0.94  0.02  0.99  0.02  0.99  0.24  0.99  0.09  0.03  0.09  0.98 ]
[ 0.04  0.02  0.91  0.97  0.94  0.94  0.69  0.82  0.94  0.56  0.62  0.98 ]
[ 0.93  0.28  0.65  0.51  0.78  0.99  0.83  0.81  0.99  0.98  0.88  0.48 ]
[ 0.86  0.96  0.55  0.11  0.05  0.81  0.73  0.18  0.15  0.73  0.01  0.94 ]
[ 0.97  0.60  0.24  0.82  0.99  0.11  0.06  0.28  0.57  0.99  0.99  0.82 ]
[ 0.01  0.44  0.03  0.22  0.21  0.76  0.96  0.01  0.96  0.24  0.22  0.01 ]
[ 0.21  0.93  0.03  0.88  0.91  0.02  0.03  0.32  0.82  0.24  0.94  1.00 ]
[ 0.48  0.04  0.02  0.02  0.53  0.30  0.05  0.02  0.99  0.03  0.28  0.63 ]
[ 0.46  0.99  0.96  0.70  0.91  0.98  0.97  1.00  0.99  0.79  1.00  0.93 ]
[ 0.99  1.00  0.95  0.99  1.00  0.91  0.98  1.00  0.23  0.98  1.00  0.97 ]
[ 1.00  1.00  1.00  0.96  1.00  1.00  0.99  1.00  1.00  1.00  0.99  0.12 ]

01/29 09:47:19 PM | === Batch 19/30
01/29 09:47:20 PM | loss = 0.383 + 0.023 + 0.043 = 0.449
01/29 09:47:20 PM | attribution_score[0:12]: 
[ 1.00  0.99  0.12  0.01  0.04  0.70  0.07  0.01  0.01  0.90  0.02  0.96 ]
[ 1.00  0.10  0.95  0.01  0.94  0.81  1.00  0.01  0.95  0.99  0.89  0.51 ]
[ 1.00  0.95  0.02  0.99  0.01  0.99  0.22  0.99  0.09  0.02  0.08  0.98 ]
[ 0.04  0.01  0.92  0.97  0.95  0.94  0.74  0.84  0.94  0.55  0.63  0.98 ]
[ 0.93  0.28  0.67  0.50  0.80  0.99  0.82  0.82  0.99  0.99  0.90  0.53 ]
[ 0.87  0.96  0.56  0.09  0.04  0.82  0.73  0.18  0.15  0.67  0.01  0.95 ]
[ 0.97  0.64  0.20  0.82  0.99  0.10  0.06  0.28  0.59  0.99  0.99  0.85 ]
[ 0.01  0.45  0.03  0.22  0.19  0.77  0.97  0.01  0.96  0.26  0.24  0.01 ]
[ 0.23  0.94  0.03  0.89  0.92  0.02  0.03  0.32  0.83  0.27  0.95  1.00 ]
[ 0.48  0.03  0.01  0.02  0.58  0.30  0.05  0.02  0.99  0.03  0.28  0.66 ]
[ 0.46  0.99  0.97  0.69  0.91  0.98  0.97  1.00  0.99  0.78  1.00  0.93 ]
[ 0.99  1.00  0.95  0.99  1.00  0.92  0.98  1.00  0.22  0.98  1.00  0.98 ]
[ 1.00  1.00  1.00  0.96  1.00  1.00  0.99  1.00  1.00  1.00  0.99  0.11 ]

01/29 09:47:20 PM | === Batch 20/30
01/29 09:47:20 PM | loss = 0.633 + 0.018 + 0.041 = 0.692
01/29 09:47:20 PM | === Batch 21/30
01/29 09:47:20 PM | loss = 0.459 + 0.033 + 0.040 = 0.532
01/29 09:47:21 PM | === Batch 22/30
01/29 09:47:21 PM | loss = 0.692 + 0.034 + 0.038 = 0.764
01/29 09:47:21 PM | === Batch 23/30
01/29 09:47:21 PM | loss = 0.488 + 0.018 + 0.037 = 0.543
01/29 09:47:22 PM | === Batch 24/30
01/29 09:47:22 PM | loss = 0.495 + 0.021 + 0.036 = 0.552
01/29 09:47:22 PM | === Batch 25/30
01/29 09:47:22 PM | loss = 0.389 + 0.019 + 0.035 = 0.443
01/29 09:47:22 PM | === Batch 26/30
01/29 09:47:23 PM | loss = 0.426 + 0.035 + 0.034 = 0.494
01/29 09:47:23 PM | === Batch 27/30
01/29 09:47:23 PM | loss = 0.360 + 0.033 + 0.033 = 0.426
01/29 09:47:23 PM | === Batch 28/30
01/29 09:47:23 PM | loss = 0.463 + 0.018 + 0.032 = 0.513
01/29 09:47:24 PM | === Batch 29/30
01/29 09:47:24 PM | loss = 0.521 + 0.005 + 0.031 = 0.558
01/29 09:47:24 PM | === Batch 30/30
01/29 09:47:24 PM | loss = 0.706 + 0.027 + 0.031 = 0.764
01/29 09:47:25 PM | ===
Best loss was 0.43 at iteration 27

01/29 09:47:25 PM | Looking for optimal threshold...
01/29 09:47:25 PM | Testing threshold 0.5
01/29 09:47:25 PM | Distance to target: 4,104,448
01/29 09:47:25 PM | Testing threshold 0.75
01/29 09:47:25 PM | Distance to target: 19,889,720
01/29 09:47:25 PM | Testing threshold 0.625
01/29 09:47:25 PM | Distance to target: 5,725,776
01/29 09:47:25 PM | Testing threshold 0.5625
01/29 09:47:25 PM | Distance to target: 1,718,896
01/29 09:47:25 PM | Testing threshold 0.53125
01/29 09:47:25 PM | Distance to target: 1,422,936
01/29 09:47:25 PM | Testing threshold 0.546875
01/29 09:47:25 PM | Distance to target: 573,736
01/29 09:47:25 PM | Testing threshold 0.5390625
01/29 09:47:25 PM | Distance to target: 500,456
01/29 09:47:25 PM | Testing threshold 0.54296875
01/29 09:47:25 PM | Distance to target: 413,880
01/29 09:47:25 PM | Testing threshold 0.544921875
01/29 09:47:25 PM | Distance to target: 573,736
01/29 09:47:25 PM | Testing threshold 0.5439453125
01/29 09:47:25 PM | Distance to target: 44,184
01/29 09:47:27 PM | attribution_score[0:12]: 
[ 1.00  1.00  0.00  0.00  0.00  1.00  0.00  0.00  0.00  1.00  0.00  1.00 ]
[ 1.00  0.00  1.00  0.00  1.00  1.00  1.00  0.00  1.00  1.00  1.00  0.00 ]
[ 1.00  1.00  0.00  1.00  0.00  1.00  0.00  1.00  0.00  0.00  0.00  1.00 ]
[ 0.00  0.00  1.00  1.00  1.00  1.00  1.00  1.00  1.00  0.00  1.00  1.00 ]
[ 1.00  0.00  0.00  0.00  1.00  1.00  1.00  1.00  1.00  1.00  1.00  1.00 ]
[ 1.00  1.00  0.00  0.00  0.00  1.00  0.00  0.00  0.00  0.00  0.00  1.00 ]
[ 1.00  1.00  0.00  1.00  1.00  0.00  0.00  0.00  1.00  1.00  1.00  1.00 ]
[ 0.00  0.00  0.00  0.00  0.00  1.00  1.00  0.00  1.00  0.00  0.00  0.00 ]
[ 0.00  1.00  0.00  1.00  1.00  0.00  0.00  0.00  1.00  0.00  1.00  1.00 ]
[ 0.00  0.00  0.00  0.00  1.00  0.00  0.00  0.00  1.00  0.00  0.00  1.00 ]
[ 0.00  1.00  1.00  0.00  1.00  1.00  1.00  1.00  1.00  1.00  1.00  1.00 ]
[ 1.00  1.00  1.00  1.00  1.00  1.00  1.00  1.00  0.00  1.00  1.00  1.00 ]
[ 1.00  1.00  1.00  1.00  1.00  1.00  1.00  1.00  1.00  1.00  1.00  0.00 ]

01/29 09:47:27 PM | VGG(
  (features): Sequential(
    (conv0): Conv2d(3, 24, kernel_size=(3, 3), stride=(1, 1), padding=(1, 1))
    (norm0): BatchNorm2d(24, eps=1e-05, momentum=0.1, affine=True, track_running_stats=True)
    (relu0): ReLU(inplace=True)
    (conv1): Conv2d(24, 47, kernel_size=(3, 3), stride=(1, 1), padding=(1, 1))
    (norm1): BatchNorm2d(47, eps=1e-05, momentum=0.1, affine=True, track_running_stats=True)
    (relu1): ReLU(inplace=True)
    (pool2): MaxPool2d(kernel_size=2, stride=2, padding=0, dilation=1, ceil_mode=False)
    (conv3): Conv2d(47, 77, kernel_size=(3, 3), stride=(1, 1), padding=(1, 1))
    (norm3): BatchNorm2d(77, eps=1e-05, momentum=0.1, affine=True, track_running_stats=True)
    (relu3): ReLU(inplace=True)
    (conv4): Conv2d(77, 102, kernel_size=(3, 3), stride=(1, 1), padding=(1, 1))
    (norm4): BatchNorm2d(102, eps=1e-05, momentum=0.1, affine=True, track_running_stats=True)
    (relu4): ReLU(inplace=True)
    (pool5): MaxPool2d(kernel_size=2, stride=2, padding=0, dilation=1, ceil_mode=False)
    (conv6): Conv2d(102, 171, kernel_size=(3, 3), stride=(1, 1), padding=(1, 1))
    (norm6): BatchNorm2d(171, eps=1e-05, momentum=0.1, affine=True, track_running_stats=True)
    (relu6): ReLU(inplace=True)
    (conv7): Conv2d(171, 131, kernel_size=(3, 3), stride=(1, 1), padding=(1, 1))
    (norm7): BatchNorm2d(131, eps=1e-05, momentum=0.1, affine=True, track_running_stats=True)
    (relu7): ReLU(inplace=True)
    (conv8): Conv2d(131, 152, kernel_size=(3, 3), stride=(1, 1), padding=(1, 1))
    (norm8): BatchNorm2d(152, eps=1e-05, momentum=0.1, affine=True, track_running_stats=True)
    (relu8): ReLU(inplace=True)
    (pool9): MaxPool2d(kernel_size=2, stride=2, padding=0, dilation=1, ceil_mode=False)
    (conv10): Conv2d(152, 224, kernel_size=(3, 3), stride=(1, 1), padding=(1, 1))
    (norm10): BatchNorm2d(224, eps=1e-05, momentum=0.1, affine=True, track_running_stats=True)
    (relu10): ReLU(inplace=True)
    (conv11): Conv2d(224, 173, kernel_size=(3, 3), stride=(1, 1), padding=(1, 1))
    (norm11): BatchNorm2d(173, eps=1e-05, momentum=0.1, affine=True, track_running_stats=True)
    (relu11): ReLU(inplace=True)
    (conv12): Conv2d(173, 251, kernel_size=(3, 3), stride=(1, 1), padding=(1, 1))
    (norm12): BatchNorm2d(251, eps=1e-05, momentum=0.1, affine=True, track_running_stats=True)
    (relu12): ReLU(inplace=True)
    (pool13): MaxPool2d(kernel_size=2, stride=2, padding=0, dilation=1, ceil_mode=False)
    (conv14): Conv2d(251, 410, kernel_size=(3, 3), stride=(1, 1), padding=(1, 1))
    (norm14): BatchNorm2d(410, eps=1e-05, momentum=0.1, affine=True, track_running_stats=True)
    (relu14): ReLU(inplace=True)
    (conv15): Conv2d(410, 468, kernel_size=(3, 3), stride=(1, 1), padding=(1, 1))
    (norm15): BatchNorm2d(468, eps=1e-05, momentum=0.1, affine=True, track_running_stats=True)
    (relu15): ReLU(inplace=True)
    (conv16): Conv2d(468, 506, kernel_size=(3, 3), stride=(1, 1), padding=(1, 1))
    (norm16): BatchNorm2d(506, eps=1e-05, momentum=0.1, affine=True, track_running_stats=True)
    (relu16): ReLU(inplace=True)
  )
  (classifier): Sequential(
    (linear1): Linear(in_features=506, out_features=512, bias=True)
    (norm1): BatchNorm1d(512, eps=1e-05, momentum=0.1, affine=True, track_running_stats=True)
    (relu1): ReLU(inplace=True)
    (linear2): Linear(in_features=512, out_features=10, bias=True)
  )
)
01/29 09:47:28 PM | ----------------------------------------
01/29 09:47:28 PM | Performances input model:
01/29 09:47:28 PM |  - flops: 314,294,272
01/29 09:47:28 PM |  - params: 14,991,946
01/29 09:47:28 PM |  - accuracy: 93.95999908447266
01/29 09:47:28 PM | ----------------------------------------
01/29 09:47:28 PM | Performances pseudo-pruned model:
01/29 09:47:28 PM |  - flops: 314,294,272
01/29 09:47:28 PM |  - params: 14,991,946
01/29 09:47:28 PM |  - accuracy: 77.8499984741211
01/29 09:47:28 PM | ----------------------------------------
01/29 09:47:28 PM | Performances pruned model:
01/29 09:47:28 PM |  - flops: 108,541,192
01/29 09:47:28 PM |  - params: 6,756,187
01/29 09:47:28 PM |  - accuracy: 77.8499984741211
01/29 09:47:28 PM | ----------------------------------------
01/29 09:47:28 PM | Total time: 30.56s
