01/29 09:55:16 PM | args = Namespace(output_dir='result/rebuttal/nb_epoch/vgg/nbbtchs275/seed_02', loaded_model_path='./checkpoints/cifar10/vgg_16_bn.pt', resume=False, test_only=False, mode='prune', batch_size=64, nb_batches=275, Mflops_target=None, lr=0.6, momentum=0.9, beta=6, gamma=0.4, gpu='0', num_workers=4, dataset='cifar10', arch='vgg_16_bn', save_plot=False, seed=2, lr_finetuning=0.02, epoch_finetuning=200, wd=0.002, data_dir='./data/cifar10/', print_freq=200, num_classes=10, device_ids=[0], device=device(type='cuda', index=0), name_base='')
01/29 09:55:21 PM | ----------------------------------------
01/29 09:55:21 PM | ==> Building model...
01/29 09:55:21 PM | ----------------------------------------
01/29 09:55:21 PM | ==> Loading weights into the model...
01/29 09:55:21 PM | ----------------------------------------
01/29 09:55:21 PM | VGG(
  (features): Sequential(
    (conv0): Conv2d(3, 64, kernel_size=(3, 3), stride=(1, 1), padding=(1, 1))
    (norm0): BatchNorm2d(64, eps=1e-05, momentum=0.1, affine=True, track_running_stats=True)
    (relu0): ReLU(inplace=True)
    (conv1): Conv2d(64, 64, kernel_size=(3, 3), stride=(1, 1), padding=(1, 1))
    (norm1): BatchNorm2d(64, eps=1e-05, momentum=0.1, affine=True, track_running_stats=True)
    (relu1): ReLU(inplace=True)
    (pool2): MaxPool2d(kernel_size=2, stride=2, padding=0, dilation=1, ceil_mode=False)
    (conv3): Conv2d(64, 128, kernel_size=(3, 3), stride=(1, 1), padding=(1, 1))
    (norm3): BatchNorm2d(128, eps=1e-05, momentum=0.1, affine=True, track_running_stats=True)
    (relu3): ReLU(inplace=True)
    (conv4): Conv2d(128, 128, kernel_size=(3, 3), stride=(1, 1), padding=(1, 1))
    (norm4): BatchNorm2d(128, eps=1e-05, momentum=0.1, affine=True, track_running_stats=True)
    (relu4): ReLU(inplace=True)
    (pool5): MaxPool2d(kernel_size=2, stride=2, padding=0, dilation=1, ceil_mode=False)
    (conv6): Conv2d(128, 256, kernel_size=(3, 3), stride=(1, 1), padding=(1, 1))
    (norm6): BatchNorm2d(256, eps=1e-05, momentum=0.1, affine=True, track_running_stats=True)
    (relu6): ReLU(inplace=True)
    (conv7): Conv2d(256, 256, kernel_size=(3, 3), stride=(1, 1), padding=(1, 1))
    (norm7): BatchNorm2d(256, eps=1e-05, momentum=0.1, affine=True, track_running_stats=True)
    (relu7): ReLU(inplace=True)
    (conv8): Conv2d(256, 256, kernel_size=(3, 3), stride=(1, 1), padding=(1, 1))
    (norm8): BatchNorm2d(256, eps=1e-05, momentum=0.1, affine=True, track_running_stats=True)
    (relu8): ReLU(inplace=True)
    (pool9): MaxPool2d(kernel_size=2, stride=2, padding=0, dilation=1, ceil_mode=False)
    (conv10): Conv2d(256, 512, kernel_size=(3, 3), stride=(1, 1), padding=(1, 1))
    (norm10): BatchNorm2d(512, eps=1e-05, momentum=0.1, affine=True, track_running_stats=True)
    (relu10): ReLU(inplace=True)
    (conv11): Conv2d(512, 512, kernel_size=(3, 3), stride=(1, 1), padding=(1, 1))
    (norm11): BatchNorm2d(512, eps=1e-05, momentum=0.1, affine=True, track_running_stats=True)
    (relu11): ReLU(inplace=True)
    (conv12): Conv2d(512, 512, kernel_size=(3, 3), stride=(1, 1), padding=(1, 1))
    (norm12): BatchNorm2d(512, eps=1e-05, momentum=0.1, affine=True, track_running_stats=True)
    (relu12): ReLU(inplace=True)
    (pool13): MaxPool2d(kernel_size=2, stride=2, padding=0, dilation=1, ceil_mode=False)
    (conv14): Conv2d(512, 512, kernel_size=(3, 3), stride=(1, 1), padding=(1, 1))
    (norm14): BatchNorm2d(512, eps=1e-05, momentum=0.1, affine=True, track_running_stats=True)
    (relu14): ReLU(inplace=True)
    (conv15): Conv2d(512, 512, kernel_size=(3, 3), stride=(1, 1), padding=(1, 1))
    (norm15): BatchNorm2d(512, eps=1e-05, momentum=0.1, affine=True, track_running_stats=True)
    (relu15): ReLU(inplace=True)
    (conv16): Conv2d(512, 512, kernel_size=(3, 3), stride=(1, 1), padding=(1, 1))
    (norm16): BatchNorm2d(512, eps=1e-05, momentum=0.1, affine=True, track_running_stats=True)
    (relu16): ReLU(inplace=True)
  )
  (classifier): Sequential(
    (linear1): Linear(in_features=512, out_features=512, bias=True)
    (norm1): BatchNorm1d(512, eps=1e-05, momentum=0.1, affine=True, track_running_stats=True)
    (relu1): ReLU(inplace=True)
    (linear2): Linear(in_features=512, out_features=10, bias=True)
  )
)
01/29 09:55:23 PM | Save modules info...
01/29 09:55:23 PM | FLOPS pruning ratio is 0.65
01/29 09:55:23 PM | Pruning with information flow
01/29 09:55:23 PM | -----
01/29 09:55:23 PM | module: Conv2d(3, 64, kernel_size=(3, 3), stride=(1, 1), padding=(1, 1))
01/29 09:55:23 PM | cin: None
01/29 09:55:23 PM | cout: [0]
01/29 09:55:23 PM | inactive
01/29 09:55:23 PM | -----
01/29 09:55:23 PM | module: BatchNorm2d(64, eps=1e-05, momentum=0.1, affine=True, track_running_stats=True)
01/29 09:55:23 PM | cin: [0]
01/29 09:55:23 PM | cout: [0]
01/29 09:55:23 PM | inactive
01/29 09:55:23 PM | -----
01/29 09:55:23 PM | module: ReLU(inplace=True)
01/29 09:55:23 PM | cin: [0]
01/29 09:55:23 PM | cout: [0]
01/29 09:55:23 PM | active
01/29 09:55:23 PM | -----
01/29 09:55:23 PM | module: Conv2d(64, 64, kernel_size=(3, 3), stride=(1, 1), padding=(1, 1))
01/29 09:55:23 PM | cin: [0]
01/29 09:55:23 PM | cout: [1]
01/29 09:55:23 PM | inactive
01/29 09:55:23 PM | -----
01/29 09:55:23 PM | module: BatchNorm2d(64, eps=1e-05, momentum=0.1, affine=True, track_running_stats=True)
01/29 09:55:23 PM | cin: [1]
01/29 09:55:23 PM | cout: [1]
01/29 09:55:23 PM | inactive
01/29 09:55:23 PM | -----
01/29 09:55:23 PM | module: ReLU(inplace=True)
01/29 09:55:23 PM | cin: [1]
01/29 09:55:23 PM | cout: [1]
01/29 09:55:23 PM | active
01/29 09:55:23 PM | -----
01/29 09:55:23 PM | module: MaxPool2d(kernel_size=2, stride=2, padding=0, dilation=1, ceil_mode=False)
01/29 09:55:23 PM | cin: [1]
01/29 09:55:23 PM | cout: [1]
01/29 09:55:23 PM | inactive
01/29 09:55:23 PM | -----
01/29 09:55:23 PM | module: Conv2d(64, 128, kernel_size=(3, 3), stride=(1, 1), padding=(1, 1))
01/29 09:55:23 PM | cin: [1]
01/29 09:55:23 PM | cout: [2]
01/29 09:55:23 PM | inactive
01/29 09:55:23 PM | -----
01/29 09:55:23 PM | module: BatchNorm2d(128, eps=1e-05, momentum=0.1, affine=True, track_running_stats=True)
01/29 09:55:23 PM | cin: [2]
01/29 09:55:23 PM | cout: [2]
01/29 09:55:23 PM | inactive
01/29 09:55:23 PM | -----
01/29 09:55:23 PM | module: ReLU(inplace=True)
01/29 09:55:23 PM | cin: [2]
01/29 09:55:23 PM | cout: [2]
01/29 09:55:23 PM | active
01/29 09:55:23 PM | -----
01/29 09:55:23 PM | module: Conv2d(128, 128, kernel_size=(3, 3), stride=(1, 1), padding=(1, 1))
01/29 09:55:23 PM | cin: [2]
01/29 09:55:23 PM | cout: [3]
01/29 09:55:23 PM | inactive
01/29 09:55:23 PM | -----
01/29 09:55:23 PM | module: BatchNorm2d(128, eps=1e-05, momentum=0.1, affine=True, track_running_stats=True)
01/29 09:55:23 PM | cin: [3]
01/29 09:55:23 PM | cout: [3]
01/29 09:55:23 PM | inactive
01/29 09:55:23 PM | -----
01/29 09:55:23 PM | module: ReLU(inplace=True)
01/29 09:55:23 PM | cin: [3]
01/29 09:55:23 PM | cout: [3]
01/29 09:55:23 PM | active
01/29 09:55:23 PM | -----
01/29 09:55:23 PM | module: MaxPool2d(kernel_size=2, stride=2, padding=0, dilation=1, ceil_mode=False)
01/29 09:55:23 PM | cin: [3]
01/29 09:55:23 PM | cout: [3]
01/29 09:55:23 PM | inactive
01/29 09:55:23 PM | -----
01/29 09:55:23 PM | module: Conv2d(128, 256, kernel_size=(3, 3), stride=(1, 1), padding=(1, 1))
01/29 09:55:23 PM | cin: [3]
01/29 09:55:23 PM | cout: [4]
01/29 09:55:23 PM | inactive
01/29 09:55:23 PM | -----
01/29 09:55:23 PM | module: BatchNorm2d(256, eps=1e-05, momentum=0.1, affine=True, track_running_stats=True)
01/29 09:55:23 PM | cin: [4]
01/29 09:55:23 PM | cout: [4]
01/29 09:55:23 PM | inactive
01/29 09:55:23 PM | -----
01/29 09:55:23 PM | module: ReLU(inplace=True)
01/29 09:55:23 PM | cin: [4]
01/29 09:55:23 PM | cout: [4]
01/29 09:55:23 PM | active
01/29 09:55:23 PM | -----
01/29 09:55:23 PM | module: Conv2d(256, 256, kernel_size=(3, 3), stride=(1, 1), padding=(1, 1))
01/29 09:55:23 PM | cin: [4]
01/29 09:55:23 PM | cout: [5]
01/29 09:55:23 PM | inactive
01/29 09:55:23 PM | -----
01/29 09:55:23 PM | module: BatchNorm2d(256, eps=1e-05, momentum=0.1, affine=True, track_running_stats=True)
01/29 09:55:23 PM | cin: [5]
01/29 09:55:23 PM | cout: [5]
01/29 09:55:23 PM | inactive
01/29 09:55:23 PM | -----
01/29 09:55:23 PM | module: ReLU(inplace=True)
01/29 09:55:23 PM | cin: [5]
01/29 09:55:23 PM | cout: [5]
01/29 09:55:23 PM | active
01/29 09:55:23 PM | -----
01/29 09:55:23 PM | module: Conv2d(256, 256, kernel_size=(3, 3), stride=(1, 1), padding=(1, 1))
01/29 09:55:23 PM | cin: [5]
01/29 09:55:23 PM | cout: [6]
01/29 09:55:23 PM | inactive
01/29 09:55:23 PM | -----
01/29 09:55:23 PM | module: BatchNorm2d(256, eps=1e-05, momentum=0.1, affine=True, track_running_stats=True)
01/29 09:55:23 PM | cin: [6]
01/29 09:55:23 PM | cout: [6]
01/29 09:55:23 PM | inactive
01/29 09:55:23 PM | -----
01/29 09:55:23 PM | module: ReLU(inplace=True)
01/29 09:55:23 PM | cin: [6]
01/29 09:55:23 PM | cout: [6]
01/29 09:55:23 PM | active
01/29 09:55:23 PM | -----
01/29 09:55:23 PM | module: MaxPool2d(kernel_size=2, stride=2, padding=0, dilation=1, ceil_mode=False)
01/29 09:55:23 PM | cin: [6]
01/29 09:55:23 PM | cout: [6]
01/29 09:55:23 PM | inactive
01/29 09:55:23 PM | -----
01/29 09:55:23 PM | module: Conv2d(256, 512, kernel_size=(3, 3), stride=(1, 1), padding=(1, 1))
01/29 09:55:23 PM | cin: [6]
01/29 09:55:23 PM | cout: [7]
01/29 09:55:23 PM | inactive
01/29 09:55:23 PM | -----
01/29 09:55:23 PM | module: BatchNorm2d(512, eps=1e-05, momentum=0.1, affine=True, track_running_stats=True)
01/29 09:55:23 PM | cin: [7]
01/29 09:55:23 PM | cout: [7]
01/29 09:55:23 PM | inactive
01/29 09:55:23 PM | -----
01/29 09:55:23 PM | module: ReLU(inplace=True)
01/29 09:55:23 PM | cin: [7]
01/29 09:55:23 PM | cout: [7]
01/29 09:55:23 PM | active
01/29 09:55:23 PM | -----
01/29 09:55:23 PM | module: Conv2d(512, 512, kernel_size=(3, 3), stride=(1, 1), padding=(1, 1))
01/29 09:55:23 PM | cin: [7]
01/29 09:55:23 PM | cout: [8]
01/29 09:55:23 PM | inactive
01/29 09:55:23 PM | -----
01/29 09:55:23 PM | module: BatchNorm2d(512, eps=1e-05, momentum=0.1, affine=True, track_running_stats=True)
01/29 09:55:23 PM | cin: [8]
01/29 09:55:23 PM | cout: [8]
01/29 09:55:23 PM | inactive
01/29 09:55:23 PM | -----
01/29 09:55:23 PM | module: ReLU(inplace=True)
01/29 09:55:23 PM | cin: [8]
01/29 09:55:23 PM | cout: [8]
01/29 09:55:23 PM | active
01/29 09:55:23 PM | -----
01/29 09:55:23 PM | module: Conv2d(512, 512, kernel_size=(3, 3), stride=(1, 1), padding=(1, 1))
01/29 09:55:23 PM | cin: [8]
01/29 09:55:23 PM | cout: [9]
01/29 09:55:23 PM | inactive
01/29 09:55:23 PM | -----
01/29 09:55:23 PM | module: BatchNorm2d(512, eps=1e-05, momentum=0.1, affine=True, track_running_stats=True)
01/29 09:55:23 PM | cin: [9]
01/29 09:55:23 PM | cout: [9]
01/29 09:55:23 PM | inactive
01/29 09:55:23 PM | -----
01/29 09:55:23 PM | module: ReLU(inplace=True)
01/29 09:55:23 PM | cin: [9]
01/29 09:55:23 PM | cout: [9]
01/29 09:55:23 PM | active
01/29 09:55:23 PM | -----
01/29 09:55:23 PM | module: MaxPool2d(kernel_size=2, stride=2, padding=0, dilation=1, ceil_mode=False)
01/29 09:55:23 PM | cin: [9]
01/29 09:55:23 PM | cout: [9]
01/29 09:55:23 PM | inactive
01/29 09:55:23 PM | -----
01/29 09:55:23 PM | module: Conv2d(512, 512, kernel_size=(3, 3), stride=(1, 1), padding=(1, 1))
01/29 09:55:23 PM | cin: [9]
01/29 09:55:23 PM | cout: [10]
01/29 09:55:23 PM | inactive
01/29 09:55:23 PM | -----
01/29 09:55:23 PM | module: BatchNorm2d(512, eps=1e-05, momentum=0.1, affine=True, track_running_stats=True)
01/29 09:55:23 PM | cin: [10]
01/29 09:55:23 PM | cout: [10]
01/29 09:55:23 PM | inactive
01/29 09:55:23 PM | -----
01/29 09:55:23 PM | module: ReLU(inplace=True)
01/29 09:55:23 PM | cin: [10]
01/29 09:55:23 PM | cout: [10]
01/29 09:55:23 PM | active
01/29 09:55:23 PM | -----
01/29 09:55:23 PM | module: Conv2d(512, 512, kernel_size=(3, 3), stride=(1, 1), padding=(1, 1))
01/29 09:55:23 PM | cin: [10]
01/29 09:55:23 PM | cout: [11]
01/29 09:55:23 PM | inactive
01/29 09:55:23 PM | -----
01/29 09:55:23 PM | module: BatchNorm2d(512, eps=1e-05, momentum=0.1, affine=True, track_running_stats=True)
01/29 09:55:23 PM | cin: [11]
01/29 09:55:23 PM | cout: [11]
01/29 09:55:23 PM | inactive
01/29 09:55:23 PM | -----
01/29 09:55:23 PM | module: ReLU(inplace=True)
01/29 09:55:23 PM | cin: [11]
01/29 09:55:23 PM | cout: [11]
01/29 09:55:23 PM | active
01/29 09:55:23 PM | -----
01/29 09:55:23 PM | module: Conv2d(512, 512, kernel_size=(3, 3), stride=(1, 1), padding=(1, 1))
01/29 09:55:23 PM | cin: [11]
01/29 09:55:23 PM | cout: [12]
01/29 09:55:23 PM | inactive
01/29 09:55:23 PM | -----
01/29 09:55:23 PM | module: BatchNorm2d(512, eps=1e-05, momentum=0.1, affine=True, track_running_stats=True)
01/29 09:55:23 PM | cin: [12]
01/29 09:55:23 PM | cout: [12]
01/29 09:55:23 PM | inactive
01/29 09:55:23 PM | -----
01/29 09:55:23 PM | module: ReLU(inplace=True)
01/29 09:55:23 PM | cin: [12]
01/29 09:55:23 PM | cout: [12]
01/29 09:55:23 PM | active
01/29 09:55:23 PM | -----
01/29 09:55:23 PM | module: Linear(in_features=512, out_features=512, bias=True)
01/29 09:55:23 PM | cin: [12]
01/29 09:55:23 PM | cout: None
01/29 09:55:23 PM | inactive
01/29 09:55:23 PM | -----
01/29 09:55:23 PM | module: ReLU(inplace=True)
01/29 09:55:23 PM | cin: None
01/29 09:55:23 PM | cout: None
01/29 09:55:23 PM | active
01/29 09:55:23 PM | -----
01/29 09:55:23 PM | module: Linear(in_features=512, out_features=10, bias=True)
01/29 09:55:23 PM | cin: None
01/29 09:55:23 PM | cout: None
01/29 09:55:23 PM | inactive
01/29 09:55:23 PM | Used masks: [0, 1, 2, 3, 4, 5, 6, 7, 8, 9, 10, 11, 12]
01/29 09:55:23 PM | 13 unique masks in total
01/29 09:55:23 PM | === Batch 1/275
01/29 09:55:24 PM | loss = 0.166 + 4.266 + 0.040 = 4.472
01/29 09:55:24 PM | attribution_score[0:12]: 
[ 0.83  0.94  0.83  0.83  0.83  0.83  0.83  0.83  0.83  0.94  0.83  0.94 ]
[ 0.94  0.83  0.94  0.83  0.94  0.83  0.94  0.83  0.83  0.94  0.83  0.83 ]
[ 0.94  0.94  0.83  0.94  0.83  0.83  0.94  0.94  0.83  0.83  0.83  0.94 ]
[ 0.83  0.94  0.94  0.94  0.94  0.94  0.83  0.83  0.94  0.83  0.94  0.94 ]
[ 0.94  0.83  0.83  0.83  0.83  0.94  0.83  0.83  0.83  0.83  0.83  0.83 ]
[ 0.83  0.83  0.83  0.94  0.83  0.83  0.94  0.83  0.83  0.83  0.83  0.83 ]
[ 0.94  0.83  0.83  0.83  0.83  0.83  0.94  0.83  0.94  0.83  0.94  0.83 ]
[ 0.83  0.83  0.83  0.83  0.83  0.83  0.94  0.83  0.83  0.94  0.83  0.83 ]
[ 0.83  0.83  0.83  0.83  0.83  0.83  0.83  0.83  0.83  0.83  0.83  0.83 ]
[ 0.83  0.83  0.83  0.83  0.83  0.83  0.83  0.83  0.83  0.83  0.83  0.83 ]
[ 0.83  0.83  0.83  0.83  0.83  0.83  0.83  0.83  0.83  0.83  0.94  0.83 ]
[ 0.83  0.94  0.83  0.83  0.83  0.83  0.83  0.94  0.83  0.83  0.83  0.83 ]
[ 0.94  0.94  0.94  0.83  0.94  0.94  0.83  0.83  0.83  0.94  0.83  0.83 ]

01/29 09:55:24 PM | === Batch 2/275
01/29 09:55:24 PM | loss = 0.241 + 3.587 + 0.056 = 3.884
01/29 09:55:25 PM | attribution_score[0:12]: 
[ 0.88  0.97  0.73  0.75  0.73  0.74  0.75  0.73  0.73  0.93  0.73  0.96 ]
[ 0.94  0.73  0.95  0.73  0.94  0.86  0.94  0.74  0.75  0.96  0.87  0.74 ]
[ 0.96  0.96  0.73  0.96  0.76  0.88  0.94  0.95  0.73  0.73  0.84  0.95 ]
[ 0.78  0.91  0.91  0.97  0.96  0.97  0.79  0.74  0.94  0.75  0.92  0.95 ]
[ 0.96  0.88  0.75  0.73  0.81  0.96  0.73  0.73  0.87  0.75  0.78  0.75 ]
[ 0.73  0.86  0.74  0.94  0.79  0.75  0.92  0.73  0.75  0.74  0.73  0.74 ]
[ 0.94  0.74  0.80  0.82  0.73  0.73  0.94  0.87  0.96  0.85  0.97  0.77 ]
[ 0.73  0.73  0.73  0.73  0.74  0.75  0.96  0.73  0.73  0.91  0.73  0.74 ]
[ 0.74  0.73  0.73  0.73  0.76  0.73  0.73  0.73  0.81  0.73  0.73  0.85 ]
[ 0.74  0.74  0.73  0.73  0.75  0.76  0.73  0.73  0.74  0.73  0.74  0.76 ]
[ 0.73  0.88  0.81  0.74  0.73  0.73  0.84  0.86  0.73  0.77  0.97  0.88 ]
[ 0.88  0.97  0.82  0.87  0.88  0.78  0.87  0.97  0.76  0.76  0.87  0.76 ]
[ 0.96  0.97  0.97  0.86  0.96  0.96  0.85  0.88  0.88  0.95  0.75  0.75 ]

01/29 09:55:25 PM | === Batch 3/275
01/29 09:55:25 PM | loss = 0.187 + 2.847 + 0.073 = 3.107
01/29 09:55:25 PM | attribution_score[0:12]: 
[ 0.91  0.98  0.62  0.63  0.61  0.62  0.63  0.60  0.60  0.91  0.61  0.96 ]
[ 0.94  0.60  0.94  0.60  0.92  0.88  0.93  0.62  0.65  0.97  0.90  0.62 ]
[ 0.97  0.98  0.61  0.97  0.65  0.91  0.92  0.95  0.60  0.62  0.79  0.95 ]
[ 0.69  0.87  0.87  0.98  0.96  0.98  0.72  0.61  0.94  0.63  0.88  0.96 ]
[ 0.97  0.92  0.73  0.60  0.77  0.96  0.60  0.61  0.91  0.69  0.74  0.72 ]
[ 0.60  0.89  0.62  0.92  0.72  0.65  0.87  0.60  0.65  0.62  0.60  0.61 ]
[ 0.92  0.62  0.73  0.77  0.65  0.60  0.91  0.86  0.97  0.89  0.98  0.70 ]
[ 0.60  0.60  0.60  0.60  0.62  0.65  0.96  0.60  0.60  0.86  0.60  0.63 ]
[ 0.62  0.60  0.60  0.60  0.66  0.60  0.60  0.60  0.76  0.60  0.60  0.87 ]
[ 0.62  0.61  0.61  0.60  0.64  0.66  0.60  0.60  0.61  0.60  0.61  0.65 ]
[ 0.60  0.92  0.83  0.61  0.60  0.61  0.86  0.87  0.60  0.69  0.98  0.86 ]
[ 0.91  0.98  0.78  0.91  0.92  0.72  0.90  0.98  0.65  0.78  0.90  0.65 ]
[ 0.97  0.98  0.98  0.81  0.97  0.98  0.88  0.92  0.91  0.96  0.77  0.66 ]

01/29 09:55:25 PM | === Batch 4/275
01/29 09:55:25 PM | loss = 0.400 + 1.920 + 0.096 = 2.415
01/29 09:55:25 PM | attribution_score[0:12]: 
[ 0.94  0.98  0.50  0.49  0.46  0.48  0.49  0.46  0.45  0.86  0.46  0.96 ]
[ 0.93  0.46  0.92  0.45  0.90  0.89  0.92  0.49  0.53  0.96  0.93  0.48 ]
[ 0.97  0.98  0.47  0.97  0.53  0.93  0.90  0.95  0.45  0.48  0.72  0.95 ]
[ 0.57  0.80  0.81  0.98  0.97  0.98  0.73  0.47  0.94  0.58  0.82  0.97 ]
[ 0.97  0.93  0.69  0.51  0.80  0.96  0.45  0.47  0.93  0.59  0.76  0.64 ]
[ 0.46  0.90  0.47  0.90  0.61  0.51  0.83  0.47  0.53  0.48  0.46  0.55 ]
[ 0.88  0.51  0.62  0.70  0.54  0.46  0.89  0.87  0.97  0.92  0.99  0.60 ]
[ 0.45  0.47  0.47  0.46  0.49  0.53  0.96  0.45  0.46  0.79  0.47  0.52 ]
[ 0.48  0.53  0.45  0.50  0.54  0.45  0.45  0.50  0.70  0.45  0.55  0.90 ]
[ 0.50  0.47  0.46  0.45  0.51  0.54  0.45  0.45  0.47  0.45  0.52  0.54 ]
[ 0.46  0.95  0.88  0.51  0.50  0.48  0.90  0.88  0.65  0.74  0.99  0.82 ]
[ 0.93  0.99  0.78  0.95  0.95  0.74  0.93  0.99  0.58  0.81  0.93  0.52 ]
[ 0.98  0.99  0.99  0.74  0.98  0.99  0.92  0.95  0.94  0.96  0.76  0.54 ]

01/29 09:55:25 PM | === Batch 5/275
01/29 09:55:26 PM | loss = 0.815 + 1.067 + 0.111 = 1.993
01/29 09:55:26 PM | attribution_score[0:12]: 
[ 0.96  0.98  0.37  0.35  0.32  0.34  0.35  0.32  0.31  0.80  0.33  0.97 ]
[ 0.93  0.32  0.93  0.31  0.85  0.90  0.93  0.36  0.48  0.96  0.93  0.37 ]
[ 0.97  0.98  0.33  0.98  0.39  0.95  0.85  0.95  0.32  0.34  0.62  0.95 ]
[ 0.43  0.79  0.72  0.99  0.96  0.99  0.67  0.44  0.93  0.60  0.84  0.97 ]
[ 0.98  0.95  0.61  0.42  0.81  0.96  0.32  0.34  0.94  0.47  0.74  0.54 ]
[ 0.38  0.90  0.34  0.85  0.49  0.39  0.79  0.34  0.43  0.40  0.32  0.52 ]
[ 0.86  0.38  0.54  0.60  0.56  0.33  0.89  0.89  0.97  0.93  0.99  0.50 ]
[ 0.31  0.39  0.33  0.32  0.37  0.40  0.96  0.31  0.47  0.68  0.36  0.43 ]
[ 0.43  0.58  0.31  0.51  0.53  0.32  0.32  0.43  0.74  0.41  0.57  0.93 ]
[ 0.45  0.37  0.32  0.31  0.48  0.54  0.33  0.31  0.52  0.32  0.44  0.52 ]
[ 0.32  0.96  0.92  0.40  0.46  0.54  0.93  0.91  0.73  0.78  0.99  0.86 ]
[ 0.95  0.99  0.83  0.97  0.97  0.79  0.95  0.99  0.53  0.85  0.95  0.60 ]
[ 0.98  0.99  0.99  0.77  0.98  0.99  0.95  0.97  0.96  0.95  0.71  0.41 ]

01/29 09:55:26 PM | === Batch 6/275
01/29 09:55:26 PM | loss = 1.149 + 0.481 + 0.095 = 1.725
01/29 09:55:26 PM | attribution_score[0:12]: 
[ 0.97  0.99  0.27  0.23  0.21  0.23  0.25  0.20  0.20  0.71  0.21  0.97 ]
[ 0.93  0.21  0.95  0.20  0.77  0.91  0.93  0.24  0.44  0.96  0.93  0.36 ]
[ 0.97  0.98  0.21  0.98  0.27  0.96  0.79  0.94  0.21  0.23  0.51  0.96 ]
[ 0.42  0.75  0.68  0.99  0.95  0.99  0.63  0.41  0.94  0.60  0.81  0.96 ]
[ 0.98  0.95  0.61  0.33  0.80  0.95  0.21  0.25  0.95  0.50  0.73  0.43 ]
[ 0.40  0.91  0.22  0.79  0.41  0.27  0.72  0.25  0.33  0.31  0.21  0.53 ]
[ 0.88  0.29  0.51  0.58  0.64  0.23  0.91  0.89  0.96  0.95  0.99  0.40 ]
[ 0.20  0.32  0.22  0.20  0.28  0.34  0.95  0.20  0.50  0.58  0.33  0.34 ]
[ 0.47  0.59  0.21  0.55  0.54  0.21  0.23  0.39  0.78  0.42  0.60  0.93 ]
[ 0.41  0.31  0.21  0.20  0.49  0.59  0.23  0.20  0.60  0.22  0.36  0.53 ]
[ 0.21  0.97  0.93  0.30  0.38  0.62  0.95  0.94  0.80  0.76  1.00  0.90 ]
[ 0.96  1.00  0.88  0.98  0.98  0.84  0.96  1.00  0.45  0.90  0.97  0.68 ]
[ 0.99  1.00  1.00  0.83  0.99  1.00  0.96  0.98  0.97  0.94  0.73  0.41 ]

01/29 09:55:26 PM | === Batch 7/275
01/29 09:55:26 PM | loss = 1.071 + 0.064 + 0.081 = 1.216
01/29 09:55:27 PM | attribution_score[0:12]: 
[ 0.97  0.99  0.18  0.15  0.13  0.15  0.17  0.13  0.12  0.62  0.13  0.97 ]
[ 0.93  0.13  0.95  0.12  0.68  0.92  0.94  0.16  0.40  0.96  0.93  0.36 ]
[ 0.97  0.98  0.13  0.98  0.17  0.97  0.69  0.94  0.13  0.15  0.38  0.95 ]
[ 0.41  0.70  0.69  0.99  0.95  0.99  0.62  0.38  0.94  0.57  0.79  0.95 ]
[ 0.98  0.96  0.65  0.25  0.77  0.96  0.14  0.17  0.96  0.51  0.73  0.39 ]
[ 0.39  0.91  0.14  0.70  0.32  0.20  0.70  0.18  0.26  0.23  0.13  0.60 ]
[ 0.90  0.20  0.43  0.55  0.72  0.17  0.92  0.87  0.96  0.96  1.00  0.29 ]
[ 0.12  0.33  0.15  0.13  0.22  0.32  0.95  0.12  0.58  0.45  0.30  0.26 ]
[ 0.52  0.58  0.14  0.62  0.60  0.14  0.16  0.34  0.79  0.45  0.65  0.94 ]
[ 0.38  0.24  0.13  0.12  0.48  0.64  0.16  0.13  0.69  0.16  0.34  0.54 ]
[ 0.14  0.98  0.93  0.23  0.31  0.71  0.96  0.96  0.87  0.72  1.00  0.93 ]
[ 0.97  1.00  0.91  0.98  0.98  0.88  0.97  1.00  0.34  0.93  0.98  0.77 ]
[ 0.99  1.00  1.00  0.87  0.99  1.00  0.97  0.98  0.98  0.93  0.77  0.42 ]

01/29 09:55:27 PM | === Batch 8/275
01/29 09:55:27 PM | loss = 1.205 + 0.453 + 0.071 = 1.729
01/29 09:55:27 PM | attribution_score[0:12]: 
[ 0.98  0.99  0.16  0.11  0.10  0.12  0.15  0.09  0.09  0.65  0.10  0.97 ]
[ 0.94  0.09  0.96  0.08  0.70  0.92  0.95  0.11  0.39  0.96  0.93  0.41 ]
[ 0.97  0.99  0.10  0.98  0.14  0.98  0.70  0.94  0.10  0.11  0.35  0.96 ]
[ 0.42  0.70  0.75  0.99  0.95  0.99  0.67  0.39  0.95  0.61  0.83  0.96 ]
[ 0.98  0.97  0.71  0.25  0.76  0.96  0.10  0.15  0.96  0.54  0.78  0.40 ]
[ 0.42  0.92  0.11  0.70  0.32  0.19  0.71  0.17  0.23  0.19  0.09  0.69 ]
[ 0.92  0.19  0.37  0.58  0.80  0.15  0.94  0.87  0.96  0.97  1.00  0.28 ]
[ 0.09  0.38  0.12  0.09  0.20  0.34  0.95  0.09  0.67  0.48  0.35  0.22 ]
[ 0.58  0.64  0.11  0.70  0.68  0.11  0.14  0.38  0.81  0.46  0.73  0.95 ]
[ 0.42  0.23  0.10  0.09  0.53  0.69  0.14  0.09  0.77  0.15  0.39  0.61 ]
[ 0.12  0.99  0.95  0.24  0.35  0.79  0.96  0.97  0.91  0.76  1.00  0.95 ]
[ 0.98  1.00  0.94  0.99  0.98  0.91  0.97  1.00  0.35  0.96  0.98  0.84 ]
[ 0.99  1.00  1.00  0.90  0.99  1.00  0.98  0.99  0.99  0.94  0.79  0.46 ]

01/29 09:55:27 PM | === Batch 9/275
01/29 09:55:27 PM | loss = 1.074 + 0.371 + 0.064 = 1.509
01/29 09:55:28 PM | attribution_score[0:12]: 
[ 0.98  0.99  0.17  0.09  0.08  0.11  0.15  0.07  0.07  0.72  0.08  0.98 ]
[ 0.95  0.08  0.97  0.06  0.74  0.93  0.96  0.09  0.44  0.97  0.93  0.49 ]
[ 0.98  0.99  0.08  0.98  0.13  0.98  0.75  0.94  0.10  0.09  0.37  0.97 ]
[ 0.42  0.73  0.81  0.99  0.96  1.00  0.71  0.42  0.96  0.68  0.87  0.97 ]
[ 0.99  0.97  0.77  0.28  0.76  0.97  0.08  0.14  0.97  0.61  0.82  0.47 ]
[ 0.48  0.93  0.09  0.73  0.35  0.20  0.76  0.18  0.23  0.18  0.07  0.77 ]
[ 0.93  0.20  0.37  0.65  0.86  0.15  0.96  0.87  0.96  0.98  1.00  0.29 ]
[ 0.06  0.46  0.11  0.07  0.20  0.39  0.96  0.06  0.76  0.54  0.42  0.21 ]
[ 0.67  0.70  0.09  0.78  0.76  0.10  0.14  0.45  0.82  0.50  0.81  0.96 ]
[ 0.49  0.24  0.08  0.07  0.61  0.75  0.14  0.07  0.84  0.15  0.47  0.70 ]
[ 0.12  0.99  0.96  0.26  0.41  0.85  0.97  0.98  0.95  0.80  1.00  0.96 ]
[ 0.99  1.00  0.96  0.99  0.99  0.94  0.98  1.00  0.38  0.97  0.99  0.88 ]
[ 0.99  1.00  1.00  0.92  1.00  1.00  0.99  0.99  0.99  0.95  0.82  0.51 ]

01/29 09:55:28 PM | === Batch 10/275
01/29 09:55:28 PM | loss = 1.017 + 0.006 + 0.059 = 1.082
01/29 09:55:28 PM | attribution_score[0:12]: 
[ 0.98  0.99  0.19  0.08  0.08  0.11  0.16  0.06  0.06  0.79  0.07  0.98 ]
[ 0.97  0.07  0.98  0.05  0.78  0.93  0.97  0.07  0.50  0.98  0.93  0.58 ]
[ 0.98  0.99  0.08  0.99  0.12  0.99  0.81  0.95  0.10  0.09  0.42  0.97 ]
[ 0.38  0.79  0.86  0.99  0.96  1.00  0.76  0.48  0.97  0.74  0.91  0.97 ]
[ 0.99  0.98  0.82  0.34  0.73  0.98  0.07  0.14  0.97  0.69  0.83  0.55 ]
[ 0.57  0.94  0.08  0.79  0.41  0.23  0.82  0.22  0.25  0.19  0.06  0.84 ]
[ 0.95  0.24  0.41  0.72  0.90  0.16  0.97  0.87  0.97  0.98  1.00  0.35 ]
[ 0.05  0.56  0.12  0.06  0.22  0.48  0.97  0.05  0.83  0.63  0.51  0.21 ]
[ 0.75  0.77  0.09  0.83  0.83  0.10  0.15  0.54  0.79  0.53  0.87  0.97 ]
[ 0.58  0.27  0.07  0.06  0.70  0.81  0.15  0.07  0.88  0.16  0.56  0.78 ]
[ 0.13  0.99  0.97  0.29  0.47  0.90  0.97  0.99  0.96  0.83  1.00  0.97 ]
[ 0.99  1.00  0.97  0.99  0.99  0.96  0.98  1.00  0.44  0.98  0.99  0.92 ]
[ 1.00  1.00  1.00  0.94  1.00  1.00  0.99  0.99  0.99  0.97  0.87  0.59 ]

01/29 09:55:28 PM | === Batch 11/275
01/29 09:55:28 PM | loss = 0.915 + 0.266 + 0.055 = 1.236
01/29 09:55:28 PM | attribution_score[0:12]: 
[ 0.99  0.99  0.22  0.07  0.07  0.11  0.16  0.05  0.05  0.83  0.07  0.98 ]
[ 0.97  0.07  0.98  0.04  0.79  0.93  0.98  0.06  0.58  0.98  0.93  0.65 ]
[ 0.99  0.99  0.08  0.99  0.12  0.99  0.84  0.96  0.10  0.08  0.45  0.98 ]
[ 0.34  0.82  0.89  0.99  0.96  1.00  0.80  0.47  0.98  0.76  0.93  0.97 ]
[ 0.99  0.98  0.82  0.43  0.68  0.98  0.06  0.14  0.98  0.78  0.83  0.62 ]
[ 0.65  0.95  0.08  0.83  0.43  0.25  0.86  0.25  0.27  0.22  0.05  0.88 ]
[ 0.96  0.31  0.45  0.78  0.93  0.19  0.98  0.85  0.98  0.98  1.00  0.37 ]
[ 0.04  0.65  0.13  0.05  0.23  0.56  0.97  0.04  0.87  0.72  0.54  0.21 ]
[ 0.81  0.83  0.09  0.86  0.89  0.10  0.14  0.62  0.74  0.49  0.91  0.98 ]
[ 0.61  0.24  0.06  0.05  0.73  0.82  0.16  0.06  0.90  0.17  0.66  0.84 ]
[ 0.14  0.99  0.98  0.33  0.53  0.93  0.98  0.99  0.98  0.85  1.00  0.98 ]
[ 0.99  1.00  0.98  0.99  0.99  0.97  0.98  1.00  0.47  0.99  0.99  0.93 ]
[ 1.00  1.00  1.00  0.95  1.00  1.00  0.99  0.99  0.99  0.98  0.89  0.62 ]

01/29 09:55:28 PM | === Batch 12/275
01/29 09:55:28 PM | loss = 0.987 + 0.447 + 0.052 = 1.486
01/29 09:55:29 PM | attribution_score[0:12]: 
[ 0.99  1.00  0.23  0.06  0.07  0.11  0.16  0.05  0.04  0.86  0.06  0.99 ]
[ 0.98  0.07  0.98  0.03  0.80  0.93  0.98  0.05  0.67  0.98  0.93  0.68 ]
[ 0.99  0.99  0.08  0.99  0.12  0.99  0.87  0.96  0.09  0.07  0.47  0.98 ]
[ 0.30  0.84  0.92  0.99  0.96  1.00  0.84  0.46  0.98  0.75  0.95  0.98 ]
[ 0.99  0.98  0.80  0.54  0.63  0.99  0.05  0.13  0.98  0.84  0.83  0.70 ]
[ 0.70  0.96  0.07  0.87  0.42  0.28  0.89  0.26  0.29  0.27  0.04  0.91 ]
[ 0.96  0.39  0.45  0.82  0.94  0.21  0.98  0.82  0.98  0.99  1.00  0.40 ]
[ 0.03  0.69  0.13  0.04  0.23  0.61  0.98  0.03  0.89  0.76  0.52  0.21 ]
[ 0.84  0.87  0.08  0.87  0.92  0.09  0.13  0.66  0.68  0.42  0.93  0.98 ]
[ 0.62  0.20  0.05  0.04  0.73  0.81  0.16  0.05  0.91  0.16  0.70  0.87 ]
[ 0.15  0.99  0.98  0.37  0.57  0.95  0.98  0.99  0.98  0.86  1.00  0.98 ]
[ 0.99  1.00  0.98  1.00  0.99  0.98  0.99  1.00  0.47  0.99  1.00  0.94 ]
[ 1.00  1.00  1.00  0.95  1.00  1.00  0.99  0.99  1.00  0.98  0.89  0.60 ]

01/29 09:55:29 PM | === Batch 13/275
01/29 09:55:29 PM | loss = 0.796 + 0.546 + 0.049 = 1.391
01/29 09:55:29 PM | attribution_score[0:12]: 
[ 0.99  1.00  0.23  0.05  0.06  0.12  0.15  0.04  0.03  0.88  0.05  0.99 ]
[ 0.98  0.07  0.99  0.03  0.80  0.94  0.98  0.04  0.75  0.98  0.93  0.68 ]
[ 0.99  0.99  0.08  0.99  0.11  0.99  0.88  0.97  0.08  0.06  0.47  0.99 ]
[ 0.27  0.85  0.93  1.00  0.96  1.00  0.87  0.45  0.98  0.73  0.96  0.98 ]
[ 0.99  0.99  0.77  0.64  0.64  0.99  0.05  0.13  0.98  0.89  0.83  0.76 ]
[ 0.74  0.96  0.07  0.88  0.39  0.29  0.92  0.25  0.30  0.35  0.04  0.93 ]
[ 0.97  0.49  0.46  0.85  0.95  0.24  0.99  0.77  0.98  0.99  1.00  0.41 ]
[ 0.03  0.71  0.12  0.04  0.21  0.63  0.98  0.03  0.90  0.78  0.48  0.20 ]
[ 0.86  0.89  0.07  0.88  0.94  0.08  0.11  0.70  0.60  0.33  0.95  0.99 ]
[ 0.62  0.16  0.05  0.04  0.70  0.80  0.15  0.04  0.91  0.14  0.72  0.89 ]
[ 0.15  0.99  0.99  0.40  0.59  0.96  0.98  0.99  0.99  0.86  1.00  0.98 ]
[ 1.00  1.00  0.99  1.00  1.00  0.98  0.99  1.00  0.45  0.99  1.00  0.95 ]
[ 1.00  1.00  1.00  0.96  1.00  1.00  0.99  0.99  1.00  0.98  0.89  0.56 ]

01/29 09:55:29 PM | === Batch 14/275
01/29 09:55:29 PM | loss = 0.654 + 0.581 + 0.046 = 1.282
01/29 09:55:30 PM | attribution_score[0:12]: 
[ 0.99  1.00  0.23  0.04  0.05  0.11  0.14  0.03  0.03  0.89  0.04  0.99 ]
[ 0.99  0.07  0.99  0.02  0.80  0.95  0.99  0.04  0.83  0.98  0.92  0.66 ]
[ 0.99  0.99  0.08  0.99  0.10  0.99  0.89  0.97  0.07  0.05  0.46  0.99 ]
[ 0.26  0.85  0.94  1.00  0.96  1.00  0.88  0.42  0.98  0.70  0.96  0.98 ]
[ 0.99  0.99  0.71  0.73  0.67  0.99  0.04  0.13  0.98  0.92  0.83  0.78 ]
[ 0.77  0.97  0.06  0.90  0.33  0.32  0.94  0.23  0.29  0.45  0.03  0.94 ]
[ 0.97  0.61  0.45  0.87  0.95  0.27  0.99  0.71  0.98  0.99  1.00  0.41 ]
[ 0.02  0.72  0.13  0.03  0.18  0.64  0.98  0.02  0.91  0.78  0.42  0.19 ]
[ 0.88  0.91  0.06  0.88  0.96  0.08  0.09  0.72  0.57  0.25  0.96  0.99 ]
[ 0.60  0.12  0.04  0.03  0.64  0.77  0.13  0.03  0.92  0.12  0.72  0.91 ]
[ 0.15  1.00  0.99  0.43  0.61  0.97  0.98  0.99  0.99  0.87  1.00  0.98 ]
[ 1.00  1.00  0.99  1.00  1.00  0.99  0.99  1.00  0.40  0.99  1.00  0.96 ]
[ 1.00  1.00  1.00  0.96  1.00  1.00  0.99  0.99  1.00  0.99  0.88  0.52 ]

01/29 09:55:30 PM | === Batch 15/275
01/29 09:55:30 PM | loss = 0.541 + 0.575 + 0.044 = 1.160
01/29 09:55:30 PM | attribution_score[0:12]: 
[ 0.99  1.00  0.21  0.03  0.05  0.11  0.12  0.03  0.02  0.90  0.04  0.99 ]
[ 0.99  0.07  0.99  0.02  0.80  0.95  0.99  0.03  0.87  0.98  0.93  0.64 ]
[ 0.99  0.99  0.07  0.99  0.08  0.99  0.89  0.97  0.06  0.05  0.43  0.99 ]
[ 0.25  0.85  0.95  1.00  0.95  1.00  0.89  0.38  0.98  0.65  0.97  0.97 ]
[ 0.99  0.98  0.64  0.80  0.68  0.99  0.04  0.12  0.99  0.94  0.84  0.79 ]
[ 0.79  0.97  0.06  0.91  0.31  0.35  0.95  0.21  0.28  0.53  0.03  0.95 ]
[ 0.97  0.71  0.41  0.88  0.96  0.28  0.99  0.63  0.98  0.99  1.00  0.38 ]
[ 0.02  0.72  0.13  0.03  0.16  0.63  0.98  0.02  0.92  0.77  0.36  0.17 ]
[ 0.88  0.92  0.05  0.88  0.97  0.07  0.08  0.72  0.55  0.18  0.97  0.99 ]
[ 0.56  0.09  0.03  0.02  0.57  0.72  0.11  0.03  0.92  0.09  0.71  0.92 ]
[ 0.14  1.00  0.99  0.46  0.64  0.98  0.98  0.99  0.99  0.87  1.00  0.98 ]
[ 1.00  1.00  0.99  1.00  1.00  0.99  0.99  1.00  0.34  1.00  1.00  0.96 ]
[ 1.00  1.00  1.00  0.96  1.00  1.00  0.99  1.00  1.00  0.99  0.88  0.50 ]

01/29 09:55:30 PM | === Batch 16/275
01/29 09:55:30 PM | loss = 0.323 + 0.540 + 0.042 = 0.905
01/29 09:55:30 PM | attribution_score[0:12]: 
[ 0.99  1.00  0.19  0.03  0.04  0.11  0.11  0.03  0.02  0.91  0.03  0.99 ]
[ 0.99  0.07  0.99  0.01  0.78  0.95  0.99  0.03  0.91  0.98  0.93  0.62 ]
[ 0.99  0.99  0.07  0.99  0.07  0.99  0.88  0.97  0.05  0.04  0.38  0.99 ]
[ 0.25  0.84  0.95  1.00  0.95  1.00  0.91  0.35  0.98  0.61  0.97  0.97 ]
[ 0.99  0.98  0.55  0.86  0.66  0.99  0.04  0.12  0.99  0.95  0.85  0.80 ]
[ 0.81  0.97  0.05  0.92  0.29  0.36  0.96  0.19  0.27  0.61  0.02  0.96 ]
[ 0.97  0.80  0.36  0.89  0.96  0.29  0.99  0.53  0.99  0.99  1.00  0.36 ]
[ 0.02  0.72  0.13  0.02  0.14  0.59  0.98  0.02  0.92  0.75  0.30  0.15 ]
[ 0.89  0.93  0.04  0.88  0.97  0.06  0.07  0.71  0.53  0.13  0.98  0.99 ]
[ 0.51  0.06  0.03  0.02  0.49  0.66  0.09  0.02  0.92  0.07  0.68  0.92 ]
[ 0.13  1.00  0.99  0.50  0.68  0.98  0.99  1.00  0.99  0.88  1.00  0.99 ]
[ 1.00  1.00  0.99  1.00  1.00  0.99  0.99  1.00  0.28  1.00  1.00  0.96 ]
[ 1.00  1.00  1.00  0.97  1.00  1.00  1.00  1.00  1.00  0.99  0.86  0.45 ]

01/29 09:55:30 PM | === Batch 17/275
01/29 09:55:31 PM | loss = 0.394 + 0.483 + 0.040 = 0.917
01/29 09:55:31 PM | attribution_score[0:12]: 
[ 0.99  1.00  0.17  0.02  0.04  0.11  0.09  0.02  0.02  0.92  0.03  0.99 ]
[ 0.99  0.06  0.99  0.01  0.76  0.95  0.99  0.02  0.93  0.98  0.94  0.62 ]
[ 0.99  1.00  0.06  0.99  0.06  0.99  0.87  0.98  0.04  0.03  0.32  0.99 ]
[ 0.25  0.82  0.96  1.00  0.94  1.00  0.91  0.32  0.98  0.59  0.97  0.97 ]
[ 1.00  0.98  0.47  0.90  0.62  1.00  0.04  0.11  0.99  0.96  0.85  0.80 ]
[ 0.84  0.97  0.05  0.92  0.27  0.39  0.97  0.16  0.24  0.64  0.02  0.97 ]
[ 0.98  0.86  0.32  0.89  0.97  0.34  0.99  0.43  0.99  0.99  1.00  0.32 ]
[ 0.01  0.72  0.12  0.02  0.12  0.53  0.98  0.01  0.93  0.73  0.25  0.14 ]
[ 0.89  0.94  0.03  0.88  0.98  0.05  0.06  0.69  0.52  0.10  0.98  0.99 ]
[ 0.46  0.05  0.02  0.02  0.39  0.59  0.07  0.02  0.92  0.06  0.63  0.93 ]
[ 0.11  1.00  0.99  0.53  0.73  0.98  0.99  1.00  1.00  0.89  1.00  0.99 ]
[ 1.00  1.00  0.99  1.00  1.00  0.99  0.99  1.00  0.21  1.00  1.00  0.97 ]
[ 1.00  1.00  1.00  0.97  1.00  1.00  1.00  1.00  1.00  0.99  0.85  0.42 ]

01/29 09:55:31 PM | === Batch 18/275
01/29 09:55:31 PM | loss = 0.485 + 0.419 + 0.039 = 0.943
01/29 09:55:31 PM | attribution_score[0:12]: 
[ 0.99  1.00  0.14  0.02  0.03  0.11  0.08  0.02  0.01  0.92  0.02  0.99 ]
[ 0.99  0.06  0.99  0.01  0.73  0.95  0.99  0.02  0.94  0.98  0.94  0.63 ]
[ 0.99  1.00  0.05  0.99  0.05  0.99  0.85  0.98  0.04  0.03  0.27  0.99 ]
[ 0.26  0.80  0.96  1.00  0.94  1.00  0.92  0.29  0.98  0.57  0.98  0.97 ]
[ 1.00  0.98  0.39  0.92  0.56  1.00  0.04  0.10  0.99  0.97  0.85  0.81 ]
[ 0.85  0.97  0.04  0.92  0.25  0.43  0.97  0.14  0.23  0.64  0.02  0.97 ]
[ 0.98  0.90  0.27  0.90  0.97  0.34  0.99  0.33  0.99  0.99  1.00  0.27 ]
[ 0.01  0.72  0.11  0.02  0.10  0.48  0.99  0.01  0.93  0.70  0.21  0.12 ]
[ 0.89  0.95  0.03  0.88  0.98  0.05  0.05  0.65  0.50  0.07  0.98  0.99 ]
[ 0.41  0.04  0.02  0.02  0.30  0.51  0.06  0.02  0.93  0.05  0.57  0.93 ]
[ 0.09  1.00  0.99  0.55  0.76  0.99  0.99  1.00  1.00  0.89  1.00  0.99 ]
[ 1.00  1.00  0.99  1.00  1.00  0.99  0.99  1.00  0.15  1.00  1.00  0.97 ]
[ 1.00  1.00  1.00  0.97  1.00  1.00  1.00  1.00  1.00  0.99  0.84  0.41 ]

01/29 09:55:31 PM | === Batch 19/275
01/29 09:55:31 PM | loss = 0.427 + 0.348 + 0.037 = 0.811
01/29 09:55:32 PM | attribution_score[0:12]: 
[ 1.00  1.00  0.13  0.02  0.03  0.11  0.07  0.02  0.01  0.92  0.02  0.99 ]
[ 0.99  0.05  0.99  0.01  0.71  0.95  0.99  0.02  0.95  0.98  0.95  0.62 ]
[ 0.99  1.00  0.05  0.99  0.04  1.00  0.84  0.98  0.03  0.02  0.21  0.99 ]
[ 0.27  0.77  0.97  1.00  0.93  1.00  0.93  0.27  0.97  0.55  0.98  0.97 ]
[ 1.00  0.98  0.32  0.94  0.49  1.00  0.04  0.09  0.99  0.97  0.86  0.83 ]
[ 0.86  0.98  0.04  0.91  0.23  0.46  0.98  0.11  0.22  0.63  0.01  0.98 ]
[ 0.98  0.93  0.21  0.89  0.97  0.31  0.99  0.24  0.99  0.99  1.00  0.21 ]
[ 0.01  0.73  0.09  0.02  0.09  0.42  0.99  0.01  0.94  0.67  0.18  0.10 ]
[ 0.89  0.95  0.02  0.88  0.98  0.04  0.04  0.61  0.47  0.05  0.99  0.99 ]
[ 0.36  0.03  0.02  0.01  0.23  0.43  0.05  0.02  0.93  0.04  0.50  0.93 ]
[ 0.07  1.00  0.99  0.56  0.78  0.99  0.99  1.00  1.00  0.90  1.00  0.99 ]
[ 1.00  1.00  0.99  1.00  1.00  0.99  0.99  1.00  0.11  1.00  1.00  0.97 ]
[ 1.00  1.00  1.00  0.97  1.00  1.00  1.00  1.00  1.00  0.99  0.84  0.40 ]

01/29 09:55:32 PM | === Batch 20/275
01/29 09:55:32 PM | loss = 0.716 + 0.273 + 0.036 = 1.024
01/29 09:55:32 PM | === Batch 21/275
01/29 09:55:32 PM | loss = 0.568 + 0.206 + 0.034 = 0.808
01/29 09:55:32 PM | === Batch 22/275
01/29 09:55:33 PM | loss = 0.513 + 0.144 + 0.033 = 0.690
01/29 09:55:33 PM | === Batch 23/275
01/29 09:55:33 PM | loss = 0.729 + 0.083 + 0.032 = 0.845
01/29 09:55:33 PM | === Batch 24/275
01/29 09:55:33 PM | loss = 0.638 + 0.025 + 0.031 = 0.695
01/29 09:55:34 PM | === Batch 25/275
01/29 09:55:34 PM | loss = 0.426 + 0.059 + 0.030 = 0.516
01/29 09:55:34 PM | === Batch 26/275
01/29 09:55:34 PM | loss = 0.441 + 0.049 + 0.029 = 0.520
01/29 09:55:34 PM | === Batch 27/275
01/29 09:55:35 PM | loss = 0.562 + 0.024 + 0.028 = 0.614
01/29 09:55:35 PM | === Batch 28/275
01/29 09:55:35 PM | loss = 0.371 + 0.055 + 0.027 = 0.452
01/29 09:55:35 PM | === Batch 29/275
01/29 09:55:35 PM | loss = 0.531 + 0.071 + 0.026 = 0.627
01/29 09:55:36 PM | === Batch 30/275
01/29 09:55:36 PM | loss = 0.456 + 0.074 + 0.025 = 0.555
01/29 09:55:36 PM | === Batch 31/275
01/29 09:55:36 PM | loss = 0.454 + 0.067 + 0.024 = 0.546
01/29 09:55:36 PM | === Batch 32/275
01/29 09:55:37 PM | loss = 0.494 + 0.050 + 0.024 = 0.568
01/29 09:55:37 PM | === Batch 33/275
01/29 09:55:37 PM | loss = 0.367 + 0.025 + 0.023 = 0.416
01/29 09:55:37 PM | === Batch 34/275
01/29 09:55:37 PM | loss = 0.430 + 0.014 + 0.023 = 0.467
01/29 09:55:38 PM | === Batch 35/275
01/29 09:55:38 PM | loss = 0.630 + 0.000 + 0.023 = 0.653
01/29 09:55:38 PM | === Batch 36/275
01/29 09:55:38 PM | loss = 0.450 + 0.005 + 0.022 = 0.477
01/29 09:55:38 PM | === Batch 37/275
01/29 09:55:38 PM | loss = 0.450 + 0.030 + 0.022 = 0.502
01/29 09:55:39 PM | === Batch 38/275
01/29 09:55:39 PM | loss = 0.470 + 0.047 + 0.021 = 0.539
01/29 09:55:39 PM | === Batch 39/275
01/29 09:55:39 PM | loss = 0.404 + 0.055 + 0.021 = 0.480
01/29 09:55:39 PM | === Batch 40/275
01/29 09:55:40 PM | loss = 0.600 + 0.054 + 0.021 = 0.675
01/29 09:55:40 PM | === Batch 41/275
01/29 09:55:40 PM | loss = 0.381 + 0.045 + 0.021 = 0.447
01/29 09:55:40 PM | === Batch 42/275
01/29 09:55:40 PM | loss = 0.527 + 0.030 + 0.021 = 0.577
01/29 09:55:41 PM | === Batch 43/275
01/29 09:55:41 PM | loss = 0.374 + 0.008 + 0.021 = 0.403
01/29 09:55:41 PM | === Batch 44/275
01/29 09:55:41 PM | loss = 0.456 + 0.035 + 0.021 = 0.511
01/29 09:55:42 PM | === Batch 45/275
01/29 09:55:42 PM | loss = 0.407 + 0.016 + 0.020 = 0.444
01/29 09:55:42 PM | === Batch 46/275
01/29 09:55:42 PM | loss = 0.447 + 0.029 + 0.020 = 0.496
01/29 09:55:42 PM | === Batch 47/275
01/29 09:55:42 PM | loss = 0.509 + 0.053 + 0.019 = 0.580
01/29 09:55:43 PM | === Batch 48/275
01/29 09:55:43 PM | loss = 0.414 + 0.066 + 0.019 = 0.498
01/29 09:55:43 PM | === Batch 49/275
01/29 09:55:43 PM | loss = 0.421 + 0.070 + 0.018 = 0.509
01/29 09:55:44 PM | === Batch 50/275
01/29 09:55:44 PM | loss = 0.471 + 0.064 + 0.018 = 0.553
01/29 09:55:44 PM | === Batch 51/275
01/29 09:55:44 PM | loss = 0.428 + 0.048 + 0.018 = 0.494
01/29 09:55:44 PM | === Batch 52/275
01/29 09:55:44 PM | loss = 0.481 + 0.027 + 0.018 = 0.526
01/29 09:55:45 PM | === Batch 53/275
01/29 09:55:45 PM | loss = 0.449 + 0.003 + 0.018 = 0.469
01/29 09:55:45 PM | === Batch 54/275
01/29 09:55:45 PM | loss = 0.492 + 0.002 + 0.018 = 0.512
01/29 09:55:45 PM | === Batch 55/275
01/29 09:55:46 PM | loss = 0.587 + 0.002 + 0.018 = 0.607
01/29 09:55:46 PM | === Batch 56/275
01/29 09:55:46 PM | loss = 0.370 + 0.025 + 0.017 = 0.412
01/29 09:55:46 PM | === Batch 57/275
01/29 09:55:46 PM | loss = 0.519 + 0.042 + 0.017 = 0.578
01/29 09:55:47 PM | === Batch 58/275
01/29 09:55:47 PM | loss = 0.299 + 0.050 + 0.017 = 0.365
01/29 09:55:47 PM | === Batch 59/275
01/29 09:55:47 PM | loss = 0.571 + 0.049 + 0.016 = 0.636
01/29 09:55:47 PM | === Batch 60/275
01/29 09:55:48 PM | loss = 0.405 + 0.041 + 0.016 = 0.462
01/29 09:55:48 PM | === Batch 61/275
01/29 09:55:48 PM | loss = 0.446 + 0.026 + 0.016 = 0.488
01/29 09:55:48 PM | === Batch 62/275
01/29 09:55:48 PM | loss = 0.613 + 0.004 + 0.016 = 0.634
01/29 09:55:49 PM | === Batch 63/275
01/29 09:55:49 PM | loss = 0.392 + 0.041 + 0.016 = 0.449
01/29 09:55:49 PM | === Batch 64/275
01/29 09:55:49 PM | loss = 0.499 + 0.031 + 0.016 = 0.546
01/29 09:55:49 PM | === Batch 65/275
01/29 09:55:50 PM | loss = 0.652 + 0.016 + 0.016 = 0.683
01/29 09:55:50 PM | === Batch 66/275
01/29 09:55:50 PM | loss = 0.231 + 0.038 + 0.015 = 0.285
01/29 09:55:50 PM | === Batch 67/275
01/29 09:55:50 PM | loss = 0.320 + 0.052 + 0.015 = 0.387
01/29 09:55:51 PM | === Batch 68/275
01/29 09:55:51 PM | loss = 0.405 + 0.058 + 0.015 = 0.478
01/29 09:55:51 PM | === Batch 69/275
01/29 09:55:51 PM | loss = 0.435 + 0.056 + 0.014 = 0.505
01/29 09:55:51 PM | === Batch 70/275
01/29 09:55:52 PM | loss = 0.249 + 0.047 + 0.014 = 0.311
01/29 09:55:52 PM | === Batch 71/275
01/29 09:55:52 PM | loss = 0.381 + 0.032 + 0.014 = 0.428
01/29 09:55:52 PM | === Batch 72/275
01/29 09:55:52 PM | loss = 0.540 + 0.012 + 0.014 = 0.566
01/29 09:55:53 PM | === Batch 73/275
01/29 09:55:53 PM | loss = 0.390 + 0.026 + 0.014 = 0.431
01/29 09:55:53 PM | === Batch 74/275
01/29 09:55:53 PM | loss = 0.620 + 0.022 + 0.014 = 0.655
01/29 09:55:53 PM | === Batch 75/275
01/29 09:55:54 PM | loss = 0.412 + 0.011 + 0.014 = 0.437
01/29 09:55:54 PM | === Batch 76/275
01/29 09:55:54 PM | loss = 0.491 + 0.025 + 0.014 = 0.529
01/29 09:55:54 PM | === Batch 77/275
01/29 09:55:54 PM | loss = 0.483 + 0.031 + 0.014 = 0.527
01/29 09:55:55 PM | === Batch 78/275
01/29 09:55:55 PM | loss = 0.461 + 0.028 + 0.014 = 0.502
01/29 09:55:55 PM | === Batch 79/275
01/29 09:55:55 PM | loss = 0.630 + 0.019 + 0.014 = 0.662
01/29 09:55:55 PM | === Batch 80/275
01/29 09:55:56 PM | loss = 0.564 + 0.007 + 0.014 = 0.584
01/29 09:55:56 PM | === Batch 81/275
01/29 09:55:56 PM | loss = 0.506 + 0.022 + 0.014 = 0.542
01/29 09:55:56 PM | === Batch 82/275
01/29 09:55:56 PM | loss = 0.500 + 0.014 + 0.014 = 0.528
01/29 09:55:57 PM | === Batch 83/275
01/29 09:55:57 PM | loss = 0.607 + 0.017 + 0.013 = 0.637
01/29 09:55:57 PM | === Batch 84/275
01/29 09:55:57 PM | loss = 0.497 + 0.033 + 0.013 = 0.543
01/29 09:55:58 PM | === Batch 85/275
01/29 09:55:58 PM | loss = 0.400 + 0.041 + 0.013 = 0.454
01/29 09:55:58 PM | === Batch 86/275
01/29 09:55:58 PM | loss = 0.384 + 0.041 + 0.013 = 0.437
01/29 09:55:58 PM | === Batch 87/275
01/29 09:55:59 PM | loss = 0.614 + 0.035 + 0.013 = 0.661
01/29 09:55:59 PM | === Batch 88/275
01/29 09:55:59 PM | loss = 0.553 + 0.026 + 0.013 = 0.592
01/29 09:55:59 PM | === Batch 89/275
01/29 09:55:59 PM | loss = 0.574 + 0.011 + 0.013 = 0.597
01/29 09:56:00 PM | === Batch 90/275
01/29 09:56:00 PM | loss = 0.418 + 0.009 + 0.013 = 0.439
01/29 09:56:00 PM | === Batch 91/275
01/29 09:56:00 PM | loss = 0.546 + 0.002 + 0.013 = 0.560
01/29 09:56:00 PM | === Batch 92/275
01/29 09:56:01 PM | loss = 0.573 + 0.003 + 0.013 = 0.589
01/29 09:56:01 PM | === Batch 93/275
01/29 09:56:01 PM | loss = 0.432 + 0.005 + 0.013 = 0.449
01/29 09:56:01 PM | === Batch 94/275
01/29 09:56:01 PM | loss = 0.480 + 0.012 + 0.013 = 0.505
01/29 09:56:02 PM | === Batch 95/275
01/29 09:56:02 PM | loss = 0.532 + 0.020 + 0.012 = 0.565
01/29 09:56:02 PM | === Batch 96/275
01/29 09:56:02 PM | loss = 0.396 + 0.022 + 0.012 = 0.430
01/29 09:56:02 PM | === Batch 97/275
01/29 09:56:03 PM | loss = 0.595 + 0.017 + 0.013 = 0.624
01/29 09:56:03 PM | === Batch 98/275
01/29 09:56:03 PM | loss = 0.447 + 0.007 + 0.012 = 0.467
01/29 09:56:03 PM | === Batch 99/275
01/29 09:56:03 PM | loss = 0.468 + 0.015 + 0.012 = 0.495
01/29 09:56:04 PM | === Batch 100/275
01/29 09:56:04 PM | loss = 0.257 + 0.001 + 0.012 = 0.270
01/29 09:56:04 PM | attribution_score[0:12]: 
[ 1.00  1.00  0.04  0.00  0.00  0.41  0.00  0.00  0.00  0.98  0.00  0.99 ]
[ 1.00  0.01  0.99  0.00  0.98  0.97  1.00  0.00  0.99  0.84  1.00  0.03 ]
[ 1.00  1.00  0.00  0.99  0.00  1.00  0.03  0.98  0.00  0.00  0.00  0.99 ]
[ 0.04  0.59  1.00  1.00  0.99  1.00  0.98  0.78  0.98  0.06  1.00  0.99 ]
[ 0.99  0.99  0.29  0.99  0.30  0.97  0.01  0.00  1.00  0.99  0.98  0.97 ]
[ 0.96  0.99  0.01  0.02  0.04  0.03  0.96  0.01  0.02  0.06  0.00  1.00 ]
[ 0.99  0.99  0.01  0.98  1.00  0.03  0.99  0.01  0.99  1.00  1.00  0.08 ]
[ 0.00  0.90  0.01  0.01  0.02  0.86  1.00  0.00  0.99  0.97  0.08  0.00 ]
[ 0.98  1.00  0.01  0.99  1.00  0.00  0.00  0.99  0.91  0.01  1.00  1.00 ]
[ 0.02  0.00  0.00  0.00  0.02  0.03  0.00  0.00  0.99  0.00  0.92  0.99 ]
[ 0.00  1.00  1.00  0.00  0.03  1.00  1.00  1.00  1.00  0.99  1.00  1.00 ]
[ 1.00  1.00  1.00  1.00  1.00  1.00  1.00  1.00  0.00  1.00  1.00  0.99 ]
[ 1.00  1.00  1.00  0.99  1.00  1.00  1.00  1.00  1.00  1.00  0.99  0.02 ]

01/29 09:56:04 PM | === Batch 101/275
01/29 09:56:04 PM | loss = 0.307 + 0.024 + 0.012 = 0.344
01/29 09:56:04 PM | === Batch 102/275
01/29 09:56:05 PM | loss = 0.435 + 0.042 + 0.012 = 0.489
01/29 09:56:05 PM | === Batch 103/275
01/29 09:56:05 PM | loss = 0.443 + 0.053 + 0.011 = 0.507
01/29 09:56:05 PM | === Batch 104/275
01/29 09:56:05 PM | loss = 0.579 + 0.057 + 0.011 = 0.647
01/29 09:56:06 PM | === Batch 105/275
01/29 09:56:06 PM | loss = 0.503 + 0.054 + 0.011 = 0.569
01/29 09:56:06 PM | === Batch 106/275
01/29 09:56:06 PM | loss = 0.343 + 0.046 + 0.011 = 0.400
01/29 09:56:07 PM | === Batch 107/275
01/29 09:56:07 PM | loss = 0.592 + 0.034 + 0.011 = 0.637
01/29 09:56:07 PM | === Batch 108/275
01/29 09:56:07 PM | loss = 0.430 + 0.017 + 0.011 = 0.459
01/29 09:56:07 PM | === Batch 109/275
01/29 09:56:08 PM | loss = 0.578 + 0.007 + 0.011 = 0.596
01/29 09:56:08 PM | === Batch 110/275
01/29 09:56:08 PM | loss = 0.413 + 0.004 + 0.011 = 0.428
01/29 09:56:08 PM | === Batch 111/275
01/29 09:56:08 PM | loss = 0.446 + 0.019 + 0.011 = 0.476
01/29 09:56:09 PM | === Batch 112/275
01/29 09:56:09 PM | loss = 0.465 + 0.032 + 0.011 = 0.507
01/29 09:56:09 PM | === Batch 113/275
01/29 09:56:09 PM | loss = 0.572 + 0.038 + 0.011 = 0.620
01/29 09:56:09 PM | === Batch 114/275
01/29 09:56:10 PM | loss = 0.617 + 0.036 + 0.011 = 0.664
01/29 09:56:10 PM | === Batch 115/275
01/29 09:56:10 PM | loss = 0.393 + 0.030 + 0.011 = 0.433
01/29 09:56:10 PM | === Batch 116/275
01/29 09:56:10 PM | loss = 0.449 + 0.020 + 0.011 = 0.480
01/29 09:56:11 PM | === Batch 117/275
01/29 09:56:11 PM | loss = 0.429 + 0.008 + 0.011 = 0.448
01/29 09:56:11 PM | === Batch 118/275
01/29 09:56:11 PM | loss = 0.404 + 0.015 + 0.011 = 0.429
01/29 09:56:11 PM | === Batch 119/275
01/29 09:56:12 PM | loss = 0.563 + 0.010 + 0.011 = 0.583
01/29 09:56:12 PM | === Batch 120/275
01/29 09:56:12 PM | loss = 0.323 + 0.013 + 0.010 = 0.347
01/29 09:56:12 PM | === Batch 121/275
01/29 09:56:12 PM | loss = 0.579 + 0.026 + 0.010 = 0.614
01/29 09:56:13 PM | === Batch 122/275
01/29 09:56:13 PM | loss = 0.529 + 0.032 + 0.010 = 0.571
01/29 09:56:13 PM | === Batch 123/275
01/29 09:56:13 PM | loss = 0.363 + 0.033 + 0.010 = 0.407
01/29 09:56:13 PM | === Batch 124/275
01/29 09:56:14 PM | loss = 0.427 + 0.031 + 0.010 = 0.468
01/29 09:56:14 PM | === Batch 125/275
01/29 09:56:14 PM | loss = 0.556 + 0.025 + 0.010 = 0.590
01/29 09:56:14 PM | === Batch 126/275
01/29 09:56:14 PM | loss = 0.316 + 0.015 + 0.010 = 0.341
01/29 09:56:15 PM | === Batch 127/275
01/29 09:56:15 PM | loss = 0.414 + 0.003 + 0.010 = 0.427
01/29 09:56:15 PM | === Batch 128/275
01/29 09:56:15 PM | loss = 0.495 + 0.024 + 0.010 = 0.529
01/29 09:56:15 PM | === Batch 129/275
01/29 09:56:16 PM | loss = 0.488 + 0.020 + 0.010 = 0.518
01/29 09:56:16 PM | === Batch 130/275
01/29 09:56:16 PM | loss = 0.493 + 0.011 + 0.010 = 0.514
01/29 09:56:16 PM | === Batch 131/275
01/29 09:56:16 PM | loss = 0.579 + 0.024 + 0.010 = 0.614
01/29 09:56:17 PM | === Batch 132/275
01/29 09:56:17 PM | loss = 0.446 + 0.033 + 0.010 = 0.489
01/29 09:56:17 PM | === Batch 133/275
01/29 09:56:17 PM | loss = 0.384 + 0.035 + 0.010 = 0.429
01/29 09:56:17 PM | === Batch 134/275
01/29 09:56:18 PM | loss = 0.489 + 0.032 + 0.010 = 0.531
01/29 09:56:18 PM | === Batch 135/275
01/29 09:56:18 PM | loss = 0.401 + 0.025 + 0.010 = 0.436
01/29 09:56:18 PM | === Batch 136/275
01/29 09:56:18 PM | loss = 0.497 + 0.013 + 0.010 = 0.520
01/29 09:56:19 PM | === Batch 137/275
01/29 09:56:19 PM | loss = 0.519 + 0.004 + 0.010 = 0.533
01/29 09:56:19 PM | === Batch 138/275
01/29 09:56:19 PM | loss = 0.394 + 0.003 + 0.010 = 0.407
01/29 09:56:19 PM | === Batch 139/275
01/29 09:56:20 PM | loss = 0.529 + 0.001 + 0.010 = 0.540
01/29 09:56:20 PM | === Batch 140/275
01/29 09:56:20 PM | loss = 0.488 + 0.012 + 0.010 = 0.510
01/29 09:56:20 PM | === Batch 141/275
01/29 09:56:20 PM | loss = 0.424 + 0.005 + 0.010 = 0.439
01/29 09:56:21 PM | === Batch 142/275
01/29 09:56:21 PM | loss = 0.291 + 0.011 + 0.010 = 0.312
01/29 09:56:21 PM | === Batch 143/275
01/29 09:56:21 PM | loss = 0.314 + 0.011 + 0.010 = 0.335
01/29 09:56:22 PM | === Batch 144/275
01/29 09:56:22 PM | loss = 0.427 + 0.007 + 0.010 = 0.443
01/29 09:56:22 PM | === Batch 145/275
01/29 09:56:22 PM | loss = 0.609 + 0.002 + 0.010 = 0.621
01/29 09:56:22 PM | === Batch 146/275
01/29 09:56:22 PM | loss = 0.352 + 0.008 + 0.010 = 0.369
01/29 09:56:23 PM | === Batch 147/275
01/29 09:56:23 PM | loss = 0.496 + 0.010 + 0.009 = 0.515
01/29 09:56:23 PM | === Batch 148/275
01/29 09:56:23 PM | loss = 0.415 + 0.009 + 0.009 = 0.433
01/29 09:56:24 PM | === Batch 149/275
01/29 09:56:24 PM | loss = 0.429 + 0.004 + 0.009 = 0.442
01/29 09:56:24 PM | === Batch 150/275
01/29 09:56:24 PM | loss = 0.527 + 0.011 + 0.009 = 0.547
01/29 09:56:24 PM | === Batch 151/275
01/29 09:56:24 PM | loss = 0.279 + 0.001 + 0.009 = 0.289
01/29 09:56:25 PM | === Batch 152/275
01/29 09:56:25 PM | loss = 0.329 + 0.002 + 0.009 = 0.340
01/29 09:56:25 PM | === Batch 153/275
01/29 09:56:25 PM | loss = 0.306 + 0.004 + 0.009 = 0.320
01/29 09:56:26 PM | === Batch 154/275
01/29 09:56:26 PM | loss = 0.780 + 0.011 + 0.009 = 0.800
01/29 09:56:26 PM | === Batch 155/275
01/29 09:56:26 PM | loss = 0.294 + 0.017 + 0.009 = 0.321
01/29 09:56:26 PM | === Batch 156/275
01/29 09:56:26 PM | loss = 0.216 + 0.018 + 0.010 = 0.244
01/29 09:56:27 PM | === Batch 157/275
01/29 09:56:27 PM | loss = 0.501 + 0.012 + 0.010 = 0.523
01/29 09:56:27 PM | === Batch 158/275
01/29 09:56:27 PM | loss = 0.435 + 0.003 + 0.010 = 0.448
01/29 09:56:28 PM | === Batch 159/275
01/29 09:56:28 PM | loss = 0.454 + 0.021 + 0.010 = 0.484
01/29 09:56:28 PM | === Batch 160/275
01/29 09:56:28 PM | loss = 0.409 + 0.011 + 0.010 = 0.430
01/29 09:56:28 PM | === Batch 161/275
01/29 09:56:29 PM | loss = 0.399 + 0.017 + 0.010 = 0.425
01/29 09:56:29 PM | === Batch 162/275
01/29 09:56:29 PM | loss = 0.516 + 0.033 + 0.009 = 0.558
01/29 09:56:29 PM | === Batch 163/275
01/29 09:56:29 PM | loss = 0.481 + 0.043 + 0.009 = 0.533
01/29 09:56:30 PM | === Batch 164/275
01/29 09:56:30 PM | loss = 0.378 + 0.046 + 0.009 = 0.433
01/29 09:56:30 PM | === Batch 165/275
01/29 09:56:30 PM | loss = 0.418 + 0.043 + 0.009 = 0.470
01/29 09:56:30 PM | === Batch 166/275
01/29 09:56:31 PM | loss = 0.403 + 0.035 + 0.009 = 0.447
01/29 09:56:31 PM | === Batch 167/275
01/29 09:56:31 PM | loss = 0.275 + 0.023 + 0.009 = 0.307
01/29 09:56:31 PM | === Batch 168/275
01/29 09:56:31 PM | loss = 0.540 + 0.007 + 0.009 = 0.556
01/29 09:56:32 PM | === Batch 169/275
01/29 09:56:32 PM | loss = 0.475 + 0.014 + 0.009 = 0.499
01/29 09:56:32 PM | === Batch 170/275
01/29 09:56:32 PM | loss = 0.568 + 0.007 + 0.009 = 0.583
01/29 09:56:32 PM | === Batch 171/275
01/29 09:56:33 PM | loss = 0.348 + 0.016 + 0.009 = 0.373
01/29 09:56:33 PM | === Batch 172/275
01/29 09:56:33 PM | loss = 0.343 + 0.027 + 0.008 = 0.378
01/29 09:56:33 PM | === Batch 173/275
01/29 09:56:33 PM | loss = 0.461 + 0.031 + 0.008 = 0.500
01/29 09:56:34 PM | === Batch 174/275
01/29 09:56:34 PM | loss = 0.530 + 0.029 + 0.008 = 0.568
01/29 09:56:34 PM | === Batch 175/275
01/29 09:56:35 PM | loss = 0.370 + 0.024 + 0.008 = 0.403
01/29 09:56:35 PM | === Batch 176/275
01/29 09:56:35 PM | loss = 0.575 + 0.016 + 0.008 = 0.599
01/29 09:56:35 PM | === Batch 177/275
01/29 09:56:36 PM | loss = 0.401 + 0.005 + 0.008 = 0.415
01/29 09:56:36 PM | === Batch 178/275
01/29 09:56:36 PM | loss = 0.449 + 0.013 + 0.008 = 0.470
01/29 09:56:37 PM | === Batch 179/275
01/29 09:56:37 PM | loss = 0.448 + 0.010 + 0.008 = 0.466
01/29 09:56:37 PM | === Batch 180/275
01/29 09:56:37 PM | loss = 0.364 + 0.009 + 0.008 = 0.381
01/29 09:56:38 PM | === Batch 181/275
01/29 09:56:38 PM | loss = 0.443 + 0.018 + 0.008 = 0.469
01/29 09:56:38 PM | === Batch 182/275
01/29 09:56:38 PM | loss = 0.455 + 0.021 + 0.008 = 0.484
01/29 09:56:38 PM | === Batch 183/275
01/29 09:56:39 PM | loss = 0.383 + 0.020 + 0.008 = 0.411
01/29 09:56:39 PM | === Batch 184/275
01/29 09:56:39 PM | loss = 0.350 + 0.016 + 0.008 = 0.373
01/29 09:56:39 PM | === Batch 185/275
01/29 09:56:39 PM | loss = 0.508 + 0.007 + 0.008 = 0.523
01/29 09:56:40 PM | === Batch 186/275
01/29 09:56:40 PM | loss = 0.462 + 0.002 + 0.008 = 0.472
01/29 09:56:40 PM | === Batch 187/275
01/29 09:56:40 PM | loss = 0.297 + 0.005 + 0.008 = 0.310
01/29 09:56:40 PM | === Batch 188/275
01/29 09:56:41 PM | loss = 0.396 + 0.005 + 0.008 = 0.409
01/29 09:56:41 PM | === Batch 189/275
01/29 09:56:41 PM | loss = 0.436 + 0.001 + 0.008 = 0.445
01/29 09:56:41 PM | === Batch 190/275
01/29 09:56:41 PM | loss = 0.394 + 0.018 + 0.008 = 0.419
01/29 09:56:42 PM | === Batch 191/275
01/29 09:56:42 PM | loss = 0.479 + 0.008 + 0.008 = 0.495
01/29 09:56:42 PM | === Batch 192/275
01/29 09:56:42 PM | loss = 0.474 + 0.012 + 0.008 = 0.494
01/29 09:56:43 PM | === Batch 193/275
01/29 09:56:43 PM | loss = 0.478 + 0.023 + 0.008 = 0.509
01/29 09:56:43 PM | === Batch 194/275
01/29 09:56:43 PM | loss = 0.336 + 0.029 + 0.007 = 0.372
01/29 09:56:44 PM | === Batch 195/275
01/29 09:56:44 PM | loss = 0.426 + 0.028 + 0.007 = 0.461
01/29 09:56:44 PM | === Batch 196/275
01/29 09:56:44 PM | loss = 0.476 + 0.024 + 0.007 = 0.508
01/29 09:56:44 PM | === Batch 197/275
01/29 09:56:45 PM | loss = 0.313 + 0.017 + 0.007 = 0.338
01/29 09:56:45 PM | === Batch 198/275
01/29 09:56:45 PM | loss = 0.497 + 0.007 + 0.007 = 0.511
01/29 09:56:45 PM | === Batch 199/275
01/29 09:56:45 PM | loss = 0.422 + 0.008 + 0.007 = 0.437
01/29 09:56:46 PM | === Batch 200/275
01/29 09:56:46 PM | loss = 0.379 + 0.006 + 0.007 = 0.392
01/29 09:56:46 PM | attribution_score[0:12]: 
[ 1.00  1.00  0.02  0.00  0.00  0.93  0.00  0.00  0.00  0.99  0.00  1.00 ]
[ 1.00  0.01  0.99  0.00  0.98  0.99  1.00  0.00  0.99  0.99  1.00  0.07 ]
[ 1.00  1.00  0.01  1.00  0.00  1.00  0.02  1.00  0.00  0.00  0.00  1.00 ]
[ 0.05  0.16  1.00  1.00  0.18  1.00  0.82  0.58  0.98  0.05  1.00  1.00 ]
[ 0.94  0.98  0.98  0.98  0.94  1.00  0.00  0.01  1.00  0.95  0.99  0.98 ]
[ 0.99  0.99  0.01  0.01  0.10  0.02  0.87  0.01  0.02  0.03  0.00  0.99 ]
[ 1.00  0.99  0.01  0.99  1.00  0.01  1.00  0.01  1.00  1.00  1.00  0.99 ]
[ 0.00  0.08  0.01  0.03  0.02  0.99  1.00  0.00  0.99  0.99  0.03  0.00 ]
[ 0.99  1.00  0.00  0.99  1.00  0.00  0.00  0.99  0.98  0.01  1.00  1.00 ]
[ 0.02  0.00  0.00  0.00  0.45  0.02  0.00  0.00  1.00  0.00  0.95  0.99 ]
[ 0.00  1.00  1.00  0.00  0.01  1.00  1.00  1.00  1.00  0.99  1.00  1.00 ]
[ 1.00  1.00  1.00  1.00  1.00  1.00  1.00  1.00  0.00  1.00  1.00  1.00 ]
[ 1.00  1.00  1.00  1.00  1.00  1.00  1.00  1.00  1.00  1.00  1.00  0.01 ]

01/29 09:56:46 PM | === Batch 201/275
01/29 09:56:46 PM | loss = 0.297 + 0.010 + 0.007 = 0.314
01/29 09:56:46 PM | === Batch 202/275
01/29 09:56:47 PM | loss = 0.429 + 0.019 + 0.007 = 0.455
01/29 09:56:47 PM | === Batch 203/275
01/29 09:56:47 PM | loss = 0.294 + 0.024 + 0.007 = 0.325
01/29 09:56:47 PM | === Batch 204/275
01/29 09:56:47 PM | loss = 0.466 + 0.025 + 0.007 = 0.498
01/29 09:56:48 PM | === Batch 205/275
01/29 09:56:48 PM | loss = 0.303 + 0.023 + 0.007 = 0.333
01/29 09:56:48 PM | === Batch 206/275
01/29 09:56:48 PM | loss = 0.381 + 0.018 + 0.007 = 0.406
01/29 09:56:48 PM | === Batch 207/275
01/29 09:56:49 PM | loss = 0.325 + 0.009 + 0.007 = 0.341
01/29 09:56:49 PM | === Batch 208/275
01/29 09:56:49 PM | loss = 0.325 + 0.007 + 0.007 = 0.339
01/29 09:56:49 PM | === Batch 209/275
01/29 09:56:49 PM | loss = 0.356 + 0.004 + 0.007 = 0.367
01/29 09:56:50 PM | === Batch 210/275
01/29 09:56:50 PM | loss = 0.349 + 0.011 + 0.007 = 0.366
01/29 09:56:50 PM | === Batch 211/275
01/29 09:56:50 PM | loss = 0.579 + 0.019 + 0.007 = 0.606
01/29 09:56:50 PM | === Batch 212/275
01/29 09:56:50 PM | loss = 0.404 + 0.023 + 0.007 = 0.433
01/29 09:56:51 PM | === Batch 213/275
01/29 09:56:51 PM | loss = 0.417 + 0.023 + 0.007 = 0.447
01/29 09:56:51 PM | === Batch 214/275
01/29 09:56:51 PM | loss = 0.570 + 0.019 + 0.007 = 0.596
01/29 09:56:52 PM | === Batch 215/275
01/29 09:56:52 PM | loss = 0.481 + 0.013 + 0.007 = 0.500
01/29 09:56:52 PM | === Batch 216/275
01/29 09:56:52 PM | loss = 0.428 + 0.005 + 0.007 = 0.440
01/29 09:56:52 PM | === Batch 217/275
01/29 09:56:52 PM | loss = 0.412 + 0.009 + 0.007 = 0.428
01/29 09:56:53 PM | === Batch 218/275
01/29 09:56:53 PM | loss = 0.410 + 0.006 + 0.007 = 0.424
01/29 09:56:53 PM | === Batch 219/275
01/29 09:56:53 PM | loss = 0.372 + 0.009 + 0.007 = 0.388
01/29 09:56:54 PM | === Batch 220/275
01/29 09:56:54 PM | loss = 0.533 + 0.015 + 0.007 = 0.554
01/29 09:56:54 PM | === Batch 221/275
01/29 09:56:54 PM | loss = 0.411 + 0.016 + 0.007 = 0.434
01/29 09:56:54 PM | === Batch 222/275
01/29 09:56:55 PM | loss = 0.406 + 0.015 + 0.007 = 0.428
01/29 09:56:55 PM | === Batch 223/275
01/29 09:56:55 PM | loss = 0.517 + 0.010 + 0.007 = 0.534
01/29 09:56:55 PM | === Batch 224/275
01/29 09:56:55 PM | loss = 0.390 + 0.002 + 0.007 = 0.399
01/29 09:56:56 PM | === Batch 225/275
01/29 09:56:56 PM | loss = 0.519 + 0.018 + 0.007 = 0.544
01/29 09:56:56 PM | === Batch 226/275
01/29 09:56:56 PM | loss = 0.326 + 0.014 + 0.007 = 0.347
01/29 09:56:57 PM | === Batch 227/275
01/29 09:56:57 PM | loss = 0.400 + 0.006 + 0.007 = 0.412
01/29 09:56:57 PM | === Batch 228/275
01/29 09:56:57 PM | loss = 0.324 + 0.013 + 0.007 = 0.344
01/29 09:56:57 PM | === Batch 229/275
01/29 09:56:58 PM | loss = 0.323 + 0.016 + 0.007 = 0.346
01/29 09:56:58 PM | === Batch 230/275
01/29 09:56:58 PM | loss = 0.277 + 0.016 + 0.007 = 0.299
01/29 09:56:58 PM | === Batch 231/275
01/29 09:56:58 PM | loss = 0.450 + 0.013 + 0.007 = 0.470
01/29 09:56:59 PM | === Batch 232/275
01/29 09:56:59 PM | loss = 0.354 + 0.008 + 0.007 = 0.368
01/29 09:56:59 PM | === Batch 233/275
01/29 09:56:59 PM | loss = 0.381 + 0.003 + 0.007 = 0.391
01/29 09:56:59 PM | === Batch 234/275
01/29 09:57:00 PM | loss = 0.383 + 0.003 + 0.007 = 0.392
01/29 09:57:00 PM | === Batch 235/275
01/29 09:57:00 PM | loss = 0.407 + 0.003 + 0.007 = 0.416
01/29 09:57:00 PM | === Batch 236/275
01/29 09:57:00 PM | loss = 0.362 + 0.001 + 0.007 = 0.370
01/29 09:57:01 PM | === Batch 237/275
01/29 09:57:01 PM | loss = 0.346 + 0.007 + 0.007 = 0.359
01/29 09:57:01 PM | === Batch 238/275
01/29 09:57:01 PM | loss = 0.489 + 0.004 + 0.007 = 0.500
01/29 09:57:01 PM | === Batch 239/275
01/29 09:57:02 PM | loss = 0.382 + 0.007 + 0.007 = 0.396
01/29 09:57:02 PM | === Batch 240/275
01/29 09:57:02 PM | loss = 0.450 + 0.006 + 0.007 = 0.463
01/29 09:57:02 PM | === Batch 241/275
01/29 09:57:02 PM | loss = 0.391 + 0.002 + 0.007 = 0.399
01/29 09:57:03 PM | === Batch 242/275
01/29 09:57:03 PM | loss = 0.457 + 0.009 + 0.007 = 0.472
01/29 09:57:03 PM | === Batch 243/275
01/29 09:57:03 PM | loss = 0.325 + 0.002 + 0.007 = 0.334
01/29 09:57:03 PM | === Batch 244/275
01/29 09:57:04 PM | loss = 0.363 + 0.005 + 0.007 = 0.374
01/29 09:57:04 PM | === Batch 245/275
01/29 09:57:04 PM | loss = 0.381 + 0.003 + 0.007 = 0.391
01/29 09:57:04 PM | === Batch 246/275
01/29 09:57:04 PM | loss = 0.318 + 0.002 + 0.007 = 0.326
01/29 09:57:05 PM | === Batch 247/275
01/29 09:57:05 PM | loss = 0.241 + 0.005 + 0.007 = 0.252
01/29 09:57:05 PM | === Batch 248/275
01/29 09:57:05 PM | loss = 0.404 + 0.005 + 0.007 = 0.416
01/29 09:57:06 PM | === Batch 249/275
01/29 09:57:06 PM | loss = 0.449 + 0.001 + 0.007 = 0.457
01/29 09:57:06 PM | === Batch 250/275
01/29 09:57:06 PM | loss = 0.329 + 0.011 + 0.007 = 0.347
01/29 09:57:06 PM | === Batch 251/275
01/29 09:57:07 PM | loss = 0.335 + 0.003 + 0.007 = 0.345
01/29 09:57:07 PM | === Batch 252/275
01/29 09:57:07 PM | loss = 0.480 + 0.014 + 0.007 = 0.500
01/29 09:57:07 PM | === Batch 253/275
01/29 09:57:07 PM | loss = 0.336 + 0.024 + 0.007 = 0.367
01/29 09:57:08 PM | === Batch 254/275
01/29 09:57:08 PM | loss = 0.312 + 0.030 + 0.006 = 0.349
01/29 09:57:08 PM | === Batch 255/275
01/29 09:57:08 PM | loss = 0.363 + 0.032 + 0.006 = 0.402
01/29 09:57:08 PM | === Batch 256/275
01/29 09:57:09 PM | loss = 0.298 + 0.031 + 0.006 = 0.335
01/29 09:57:09 PM | === Batch 257/275
01/29 09:57:09 PM | loss = 0.363 + 0.026 + 0.007 = 0.396
01/29 09:57:09 PM | === Batch 258/275
01/29 09:57:09 PM | loss = 0.438 + 0.018 + 0.007 = 0.463
01/29 09:57:10 PM | === Batch 259/275
01/29 09:57:10 PM | loss = 0.510 + 0.008 + 0.007 = 0.525
01/29 09:57:10 PM | === Batch 260/275
01/29 09:57:10 PM | loss = 0.404 + 0.008 + 0.007 = 0.419
01/29 09:57:10 PM | === Batch 261/275
01/29 09:57:11 PM | loss = 0.504 + 0.005 + 0.006 = 0.516
01/29 09:57:11 PM | === Batch 262/275
01/29 09:57:11 PM | loss = 0.435 + 0.008 + 0.006 = 0.449
01/29 09:57:11 PM | === Batch 263/275
01/29 09:57:11 PM | loss = 0.467 + 0.014 + 0.006 = 0.487
01/29 09:57:12 PM | === Batch 264/275
01/29 09:57:12 PM | loss = 0.480 + 0.014 + 0.006 = 0.501
01/29 09:57:12 PM | === Batch 265/275
01/29 09:57:12 PM | loss = 0.430 + 0.012 + 0.006 = 0.448
01/29 09:57:12 PM | === Batch 266/275
01/29 09:57:13 PM | loss = 0.537 + 0.008 + 0.006 = 0.551
01/29 09:57:13 PM | === Batch 267/275
01/29 09:57:13 PM | loss = 0.266 + 0.003 + 0.006 = 0.275
01/29 09:57:13 PM | === Batch 268/275
01/29 09:57:13 PM | loss = 0.398 + 0.009 + 0.006 = 0.413
01/29 09:57:14 PM | === Batch 269/275
01/29 09:57:14 PM | loss = 0.377 + 0.005 + 0.006 = 0.389
01/29 09:57:14 PM | === Batch 270/275
01/29 09:57:14 PM | loss = 0.505 + 0.011 + 0.006 = 0.522
01/29 09:57:14 PM | === Batch 271/275
01/29 09:57:15 PM | loss = 0.293 + 0.020 + 0.006 = 0.319
01/29 09:57:15 PM | === Batch 272/275
01/29 09:57:15 PM | loss = 0.235 + 0.024 + 0.006 = 0.266
01/29 09:57:15 PM | === Batch 273/275
01/29 09:57:15 PM | loss = 0.291 + 0.025 + 0.006 = 0.321
01/29 09:57:16 PM | === Batch 274/275
01/29 09:57:16 PM | loss = 0.543 + 0.021 + 0.006 = 0.570
01/29 09:57:16 PM | === Batch 275/275
01/29 09:57:16 PM | loss = 0.371 + 0.016 + 0.006 = 0.394
01/29 09:57:17 PM | ===
Best loss was 0.25 at iteration 247

01/29 09:57:17 PM | Looking for optimal threshold...
01/29 09:57:17 PM | Testing threshold 0.5
01/29 09:57:17 PM | Distance to target: 1,685,480
01/29 09:57:17 PM | Testing threshold 0.75
01/29 09:57:17 PM | Distance to target: 2,019,648
01/29 09:57:17 PM | Testing threshold 0.625
01/29 09:57:17 PM | Distance to target: 14,784
01/29 09:57:18 PM | attribution_score[0:12]: 
[ 1.00  1.00  0.00  0.00  0.00  1.00  0.00  0.00  0.00  1.00  0.00  1.00 ]
[ 1.00  0.00  1.00  0.00  1.00  1.00  1.00  0.00  1.00  1.00  1.00  0.00 ]
[ 1.00  1.00  0.00  1.00  0.00  1.00  0.00  1.00  0.00  0.00  0.00  1.00 ]
[ 0.00  0.00  1.00  1.00  1.00  1.00  1.00  1.00  1.00  0.00  1.00  1.00 ]
[ 1.00  1.00  1.00  1.00  1.00  1.00  0.00  0.00  1.00  0.00  1.00  1.00 ]
[ 1.00  1.00  0.00  0.00  0.00  0.00  0.00  0.00  0.00  0.00  0.00  1.00 ]
[ 1.00  1.00  0.00  1.00  1.00  0.00  1.00  0.00  1.00  1.00  1.00  1.00 ]
[ 0.00  0.00  0.00  0.00  0.00  1.00  1.00  0.00  1.00  1.00  0.00  0.00 ]
[ 1.00  1.00  0.00  1.00  1.00  0.00  0.00  1.00  1.00  0.00  1.00  1.00 ]
[ 0.00  0.00  0.00  0.00  1.00  0.00  0.00  0.00  1.00  0.00  1.00  1.00 ]
[ 0.00  1.00  1.00  0.00  0.00  1.00  1.00  1.00  1.00  1.00  1.00  1.00 ]
[ 1.00  1.00  1.00  1.00  1.00  1.00  1.00  1.00  0.00  1.00  1.00  1.00 ]
[ 1.00  1.00  1.00  1.00  1.00  1.00  1.00  1.00  1.00  1.00  1.00  0.00 ]

01/29 09:57:19 PM | VGG(
  (features): Sequential(
    (conv0): Conv2d(3, 25, kernel_size=(3, 3), stride=(1, 1), padding=(1, 1))
    (norm0): BatchNorm2d(25, eps=1e-05, momentum=0.1, affine=True, track_running_stats=True)
    (relu0): ReLU(inplace=True)
    (conv1): Conv2d(25, 49, kernel_size=(3, 3), stride=(1, 1), padding=(1, 1))
    (norm1): BatchNorm2d(49, eps=1e-05, momentum=0.1, affine=True, track_running_stats=True)
    (relu1): ReLU(inplace=True)
    (pool2): MaxPool2d(kernel_size=2, stride=2, padding=0, dilation=1, ceil_mode=False)
    (conv3): Conv2d(49, 72, kernel_size=(3, 3), stride=(1, 1), padding=(1, 1))
    (norm3): BatchNorm2d(72, eps=1e-05, momentum=0.1, affine=True, track_running_stats=True)
    (relu3): ReLU(inplace=True)
    (conv4): Conv2d(72, 101, kernel_size=(3, 3), stride=(1, 1), padding=(1, 1))
    (norm4): BatchNorm2d(101, eps=1e-05, momentum=0.1, affine=True, track_running_stats=True)
    (relu4): ReLU(inplace=True)
    (pool5): MaxPool2d(kernel_size=2, stride=2, padding=0, dilation=1, ceil_mode=False)
    (conv6): Conv2d(101, 166, kernel_size=(3, 3), stride=(1, 1), padding=(1, 1))
    (norm6): BatchNorm2d(166, eps=1e-05, momentum=0.1, affine=True, track_running_stats=True)
    (relu6): ReLU(inplace=True)
    (conv7): Conv2d(166, 133, kernel_size=(3, 3), stride=(1, 1), padding=(1, 1))
    (norm7): BatchNorm2d(133, eps=1e-05, momentum=0.1, affine=True, track_running_stats=True)
    (relu7): ReLU(inplace=True)
    (conv8): Conv2d(133, 156, kernel_size=(3, 3), stride=(1, 1), padding=(1, 1))
    (norm8): BatchNorm2d(156, eps=1e-05, momentum=0.1, affine=True, track_running_stats=True)
    (relu8): ReLU(inplace=True)
    (pool9): MaxPool2d(kernel_size=2, stride=2, padding=0, dilation=1, ceil_mode=False)
    (conv10): Conv2d(156, 229, kernel_size=(3, 3), stride=(1, 1), padding=(1, 1))
    (norm10): BatchNorm2d(229, eps=1e-05, momentum=0.1, affine=True, track_running_stats=True)
    (relu10): ReLU(inplace=True)
    (conv11): Conv2d(229, 194, kernel_size=(3, 3), stride=(1, 1), padding=(1, 1))
    (norm11): BatchNorm2d(194, eps=1e-05, momentum=0.1, affine=True, track_running_stats=True)
    (relu11): ReLU(inplace=True)
    (conv12): Conv2d(194, 247, kernel_size=(3, 3), stride=(1, 1), padding=(1, 1))
    (norm12): BatchNorm2d(247, eps=1e-05, momentum=0.1, affine=True, track_running_stats=True)
    (relu12): ReLU(inplace=True)
    (pool13): MaxPool2d(kernel_size=2, stride=2, padding=0, dilation=1, ceil_mode=False)
    (conv14): Conv2d(247, 388, kernel_size=(3, 3), stride=(1, 1), padding=(1, 1))
    (norm14): BatchNorm2d(388, eps=1e-05, momentum=0.1, affine=True, track_running_stats=True)
    (relu14): ReLU(inplace=True)
    (conv15): Conv2d(388, 456, kernel_size=(3, 3), stride=(1, 1), padding=(1, 1))
    (norm15): BatchNorm2d(456, eps=1e-05, momentum=0.1, affine=True, track_running_stats=True)
    (relu15): ReLU(inplace=True)
    (conv16): Conv2d(456, 504, kernel_size=(3, 3), stride=(1, 1), padding=(1, 1))
    (norm16): BatchNorm2d(504, eps=1e-05, momentum=0.1, affine=True, track_running_stats=True)
    (relu16): ReLU(inplace=True)
  )
  (classifier): Sequential(
    (linear1): Linear(in_features=504, out_features=512, bias=True)
    (norm1): BatchNorm1d(512, eps=1e-05, momentum=0.1, affine=True, track_running_stats=True)
    (relu1): ReLU(inplace=True)
    (linear2): Linear(in_features=512, out_features=10, bias=True)
  )
)
01/29 09:57:20 PM | ----------------------------------------
01/29 09:57:20 PM | Performances input model:
01/29 09:57:20 PM |  - flops: 314,294,272
01/29 09:57:20 PM |  - params: 14,991,946
01/29 09:57:20 PM |  - accuracy: 93.95999908447266
01/29 09:57:20 PM | ----------------------------------------
01/29 09:57:20 PM | Performances pseudo-pruned model:
01/29 09:57:20 PM |  - flops: 314,294,272
01/29 09:57:20 PM |  - params: 14,991,946
01/29 09:57:20 PM |  - accuracy: 81.57999420166016
01/29 09:57:20 PM | ----------------------------------------
01/29 09:57:20 PM | Performances pruned model:
01/29 09:57:20 PM |  - flops: 108,484,032
01/29 09:57:20 PM |  - params: 6,594,006
01/29 09:57:20 PM |  - accuracy: 81.57999420166016
01/29 09:57:20 PM | ----------------------------------------
01/29 09:57:20 PM | Total time: 124.20s
