01/29 04:31:28 AM | args = Namespace(output_dir='result/rebuttal/nb_epoch/vgg/nbbtchs250/seed_00', loaded_model_path='./checkpoints/cifar10/vgg_16_bn.pt', resume=False, test_only=False, mode='prune', batch_size=64, nb_batches=250, Mflops_target=None, lr=0.6, momentum=0.9, beta=6, gamma=0.4, gpu='0', num_workers=4, dataset='cifar10', arch='vgg_16_bn', save_plot=False, seed=0, lr_finetuning=0.02, epoch_finetuning=200, wd=0.002, data_dir='./data/cifar10/', print_freq=200, num_classes=10, device_ids=[0], device=device(type='cuda', index=0), name_base='')
01/29 04:31:33 AM | ----------------------------------------
01/29 04:31:33 AM | ==> Building model...
01/29 04:31:34 AM | ----------------------------------------
01/29 04:31:34 AM | ==> Loading weights into the model...
01/29 04:31:34 AM | ----------------------------------------
01/29 04:31:34 AM | VGG(
  (features): Sequential(
    (conv0): Conv2d(3, 64, kernel_size=(3, 3), stride=(1, 1), padding=(1, 1))
    (norm0): BatchNorm2d(64, eps=1e-05, momentum=0.1, affine=True, track_running_stats=True)
    (relu0): ReLU(inplace=True)
    (conv1): Conv2d(64, 64, kernel_size=(3, 3), stride=(1, 1), padding=(1, 1))
    (norm1): BatchNorm2d(64, eps=1e-05, momentum=0.1, affine=True, track_running_stats=True)
    (relu1): ReLU(inplace=True)
    (pool2): MaxPool2d(kernel_size=2, stride=2, padding=0, dilation=1, ceil_mode=False)
    (conv3): Conv2d(64, 128, kernel_size=(3, 3), stride=(1, 1), padding=(1, 1))
    (norm3): BatchNorm2d(128, eps=1e-05, momentum=0.1, affine=True, track_running_stats=True)
    (relu3): ReLU(inplace=True)
    (conv4): Conv2d(128, 128, kernel_size=(3, 3), stride=(1, 1), padding=(1, 1))
    (norm4): BatchNorm2d(128, eps=1e-05, momentum=0.1, affine=True, track_running_stats=True)
    (relu4): ReLU(inplace=True)
    (pool5): MaxPool2d(kernel_size=2, stride=2, padding=0, dilation=1, ceil_mode=False)
    (conv6): Conv2d(128, 256, kernel_size=(3, 3), stride=(1, 1), padding=(1, 1))
    (norm6): BatchNorm2d(256, eps=1e-05, momentum=0.1, affine=True, track_running_stats=True)
    (relu6): ReLU(inplace=True)
    (conv7): Conv2d(256, 256, kernel_size=(3, 3), stride=(1, 1), padding=(1, 1))
    (norm7): BatchNorm2d(256, eps=1e-05, momentum=0.1, affine=True, track_running_stats=True)
    (relu7): ReLU(inplace=True)
    (conv8): Conv2d(256, 256, kernel_size=(3, 3), stride=(1, 1), padding=(1, 1))
    (norm8): BatchNorm2d(256, eps=1e-05, momentum=0.1, affine=True, track_running_stats=True)
    (relu8): ReLU(inplace=True)
    (pool9): MaxPool2d(kernel_size=2, stride=2, padding=0, dilation=1, ceil_mode=False)
    (conv10): Conv2d(256, 512, kernel_size=(3, 3), stride=(1, 1), padding=(1, 1))
    (norm10): BatchNorm2d(512, eps=1e-05, momentum=0.1, affine=True, track_running_stats=True)
    (relu10): ReLU(inplace=True)
    (conv11): Conv2d(512, 512, kernel_size=(3, 3), stride=(1, 1), padding=(1, 1))
    (norm11): BatchNorm2d(512, eps=1e-05, momentum=0.1, affine=True, track_running_stats=True)
    (relu11): ReLU(inplace=True)
    (conv12): Conv2d(512, 512, kernel_size=(3, 3), stride=(1, 1), padding=(1, 1))
    (norm12): BatchNorm2d(512, eps=1e-05, momentum=0.1, affine=True, track_running_stats=True)
    (relu12): ReLU(inplace=True)
    (pool13): MaxPool2d(kernel_size=2, stride=2, padding=0, dilation=1, ceil_mode=False)
    (conv14): Conv2d(512, 512, kernel_size=(3, 3), stride=(1, 1), padding=(1, 1))
    (norm14): BatchNorm2d(512, eps=1e-05, momentum=0.1, affine=True, track_running_stats=True)
    (relu14): ReLU(inplace=True)
    (conv15): Conv2d(512, 512, kernel_size=(3, 3), stride=(1, 1), padding=(1, 1))
    (norm15): BatchNorm2d(512, eps=1e-05, momentum=0.1, affine=True, track_running_stats=True)
    (relu15): ReLU(inplace=True)
    (conv16): Conv2d(512, 512, kernel_size=(3, 3), stride=(1, 1), padding=(1, 1))
    (norm16): BatchNorm2d(512, eps=1e-05, momentum=0.1, affine=True, track_running_stats=True)
    (relu16): ReLU(inplace=True)
  )
  (classifier): Sequential(
    (linear1): Linear(in_features=512, out_features=512, bias=True)
    (norm1): BatchNorm1d(512, eps=1e-05, momentum=0.1, affine=True, track_running_stats=True)
    (relu1): ReLU(inplace=True)
    (linear2): Linear(in_features=512, out_features=10, bias=True)
  )
)
01/29 04:31:35 AM | Save modules info...
01/29 04:31:35 AM | FLOPS pruning ratio is 0.65
01/29 04:31:35 AM | Pruning with information flow
01/29 04:31:35 AM | -----
01/29 04:31:35 AM | module: Conv2d(3, 64, kernel_size=(3, 3), stride=(1, 1), padding=(1, 1))
01/29 04:31:35 AM | cin: None
01/29 04:31:35 AM | cout: [0]
01/29 04:31:35 AM | inactive
01/29 04:31:35 AM | -----
01/29 04:31:35 AM | module: BatchNorm2d(64, eps=1e-05, momentum=0.1, affine=True, track_running_stats=True)
01/29 04:31:35 AM | cin: [0]
01/29 04:31:35 AM | cout: [0]
01/29 04:31:35 AM | inactive
01/29 04:31:35 AM | -----
01/29 04:31:35 AM | module: ReLU(inplace=True)
01/29 04:31:35 AM | cin: [0]
01/29 04:31:35 AM | cout: [0]
01/29 04:31:35 AM | active
01/29 04:31:35 AM | -----
01/29 04:31:35 AM | module: Conv2d(64, 64, kernel_size=(3, 3), stride=(1, 1), padding=(1, 1))
01/29 04:31:35 AM | cin: [0]
01/29 04:31:35 AM | cout: [1]
01/29 04:31:35 AM | inactive
01/29 04:31:35 AM | -----
01/29 04:31:35 AM | module: BatchNorm2d(64, eps=1e-05, momentum=0.1, affine=True, track_running_stats=True)
01/29 04:31:35 AM | cin: [1]
01/29 04:31:35 AM | cout: [1]
01/29 04:31:35 AM | inactive
01/29 04:31:35 AM | -----
01/29 04:31:35 AM | module: ReLU(inplace=True)
01/29 04:31:35 AM | cin: [1]
01/29 04:31:35 AM | cout: [1]
01/29 04:31:35 AM | active
01/29 04:31:35 AM | -----
01/29 04:31:35 AM | module: MaxPool2d(kernel_size=2, stride=2, padding=0, dilation=1, ceil_mode=False)
01/29 04:31:35 AM | cin: [1]
01/29 04:31:35 AM | cout: [1]
01/29 04:31:35 AM | inactive
01/29 04:31:35 AM | -----
01/29 04:31:35 AM | module: Conv2d(64, 128, kernel_size=(3, 3), stride=(1, 1), padding=(1, 1))
01/29 04:31:35 AM | cin: [1]
01/29 04:31:35 AM | cout: [2]
01/29 04:31:35 AM | inactive
01/29 04:31:35 AM | -----
01/29 04:31:35 AM | module: BatchNorm2d(128, eps=1e-05, momentum=0.1, affine=True, track_running_stats=True)
01/29 04:31:35 AM | cin: [2]
01/29 04:31:35 AM | cout: [2]
01/29 04:31:35 AM | inactive
01/29 04:31:35 AM | -----
01/29 04:31:35 AM | module: ReLU(inplace=True)
01/29 04:31:35 AM | cin: [2]
01/29 04:31:35 AM | cout: [2]
01/29 04:31:35 AM | active
01/29 04:31:35 AM | -----
01/29 04:31:35 AM | module: Conv2d(128, 128, kernel_size=(3, 3), stride=(1, 1), padding=(1, 1))
01/29 04:31:35 AM | cin: [2]
01/29 04:31:35 AM | cout: [3]
01/29 04:31:35 AM | inactive
01/29 04:31:35 AM | -----
01/29 04:31:35 AM | module: BatchNorm2d(128, eps=1e-05, momentum=0.1, affine=True, track_running_stats=True)
01/29 04:31:35 AM | cin: [3]
01/29 04:31:35 AM | cout: [3]
01/29 04:31:35 AM | inactive
01/29 04:31:35 AM | -----
01/29 04:31:35 AM | module: ReLU(inplace=True)
01/29 04:31:35 AM | cin: [3]
01/29 04:31:35 AM | cout: [3]
01/29 04:31:35 AM | active
01/29 04:31:35 AM | -----
01/29 04:31:35 AM | module: MaxPool2d(kernel_size=2, stride=2, padding=0, dilation=1, ceil_mode=False)
01/29 04:31:35 AM | cin: [3]
01/29 04:31:35 AM | cout: [3]
01/29 04:31:35 AM | inactive
01/29 04:31:35 AM | -----
01/29 04:31:35 AM | module: Conv2d(128, 256, kernel_size=(3, 3), stride=(1, 1), padding=(1, 1))
01/29 04:31:35 AM | cin: [3]
01/29 04:31:35 AM | cout: [4]
01/29 04:31:35 AM | inactive
01/29 04:31:35 AM | -----
01/29 04:31:35 AM | module: BatchNorm2d(256, eps=1e-05, momentum=0.1, affine=True, track_running_stats=True)
01/29 04:31:35 AM | cin: [4]
01/29 04:31:35 AM | cout: [4]
01/29 04:31:35 AM | inactive
01/29 04:31:35 AM | -----
01/29 04:31:35 AM | module: ReLU(inplace=True)
01/29 04:31:35 AM | cin: [4]
01/29 04:31:35 AM | cout: [4]
01/29 04:31:35 AM | active
01/29 04:31:35 AM | -----
01/29 04:31:35 AM | module: Conv2d(256, 256, kernel_size=(3, 3), stride=(1, 1), padding=(1, 1))
01/29 04:31:35 AM | cin: [4]
01/29 04:31:35 AM | cout: [5]
01/29 04:31:35 AM | inactive
01/29 04:31:35 AM | -----
01/29 04:31:35 AM | module: BatchNorm2d(256, eps=1e-05, momentum=0.1, affine=True, track_running_stats=True)
01/29 04:31:35 AM | cin: [5]
01/29 04:31:35 AM | cout: [5]
01/29 04:31:35 AM | inactive
01/29 04:31:35 AM | -----
01/29 04:31:35 AM | module: ReLU(inplace=True)
01/29 04:31:35 AM | cin: [5]
01/29 04:31:35 AM | cout: [5]
01/29 04:31:35 AM | active
01/29 04:31:35 AM | -----
01/29 04:31:35 AM | module: Conv2d(256, 256, kernel_size=(3, 3), stride=(1, 1), padding=(1, 1))
01/29 04:31:35 AM | cin: [5]
01/29 04:31:35 AM | cout: [6]
01/29 04:31:35 AM | inactive
01/29 04:31:35 AM | -----
01/29 04:31:35 AM | module: BatchNorm2d(256, eps=1e-05, momentum=0.1, affine=True, track_running_stats=True)
01/29 04:31:35 AM | cin: [6]
01/29 04:31:35 AM | cout: [6]
01/29 04:31:35 AM | inactive
01/29 04:31:35 AM | -----
01/29 04:31:35 AM | module: ReLU(inplace=True)
01/29 04:31:35 AM | cin: [6]
01/29 04:31:35 AM | cout: [6]
01/29 04:31:35 AM | active
01/29 04:31:35 AM | -----
01/29 04:31:35 AM | module: MaxPool2d(kernel_size=2, stride=2, padding=0, dilation=1, ceil_mode=False)
01/29 04:31:35 AM | cin: [6]
01/29 04:31:35 AM | cout: [6]
01/29 04:31:35 AM | inactive
01/29 04:31:35 AM | -----
01/29 04:31:35 AM | module: Conv2d(256, 512, kernel_size=(3, 3), stride=(1, 1), padding=(1, 1))
01/29 04:31:35 AM | cin: [6]
01/29 04:31:35 AM | cout: [7]
01/29 04:31:35 AM | inactive
01/29 04:31:35 AM | -----
01/29 04:31:35 AM | module: BatchNorm2d(512, eps=1e-05, momentum=0.1, affine=True, track_running_stats=True)
01/29 04:31:35 AM | cin: [7]
01/29 04:31:35 AM | cout: [7]
01/29 04:31:35 AM | inactive
01/29 04:31:35 AM | -----
01/29 04:31:35 AM | module: ReLU(inplace=True)
01/29 04:31:35 AM | cin: [7]
01/29 04:31:35 AM | cout: [7]
01/29 04:31:35 AM | active
01/29 04:31:35 AM | -----
01/29 04:31:35 AM | module: Conv2d(512, 512, kernel_size=(3, 3), stride=(1, 1), padding=(1, 1))
01/29 04:31:35 AM | cin: [7]
01/29 04:31:35 AM | cout: [8]
01/29 04:31:35 AM | inactive
01/29 04:31:35 AM | -----
01/29 04:31:35 AM | module: BatchNorm2d(512, eps=1e-05, momentum=0.1, affine=True, track_running_stats=True)
01/29 04:31:35 AM | cin: [8]
01/29 04:31:35 AM | cout: [8]
01/29 04:31:35 AM | inactive
01/29 04:31:35 AM | -----
01/29 04:31:35 AM | module: ReLU(inplace=True)
01/29 04:31:35 AM | cin: [8]
01/29 04:31:35 AM | cout: [8]
01/29 04:31:35 AM | active
01/29 04:31:35 AM | -----
01/29 04:31:35 AM | module: Conv2d(512, 512, kernel_size=(3, 3), stride=(1, 1), padding=(1, 1))
01/29 04:31:35 AM | cin: [8]
01/29 04:31:35 AM | cout: [9]
01/29 04:31:35 AM | inactive
01/29 04:31:35 AM | -----
01/29 04:31:35 AM | module: BatchNorm2d(512, eps=1e-05, momentum=0.1, affine=True, track_running_stats=True)
01/29 04:31:35 AM | cin: [9]
01/29 04:31:35 AM | cout: [9]
01/29 04:31:35 AM | inactive
01/29 04:31:35 AM | -----
01/29 04:31:35 AM | module: ReLU(inplace=True)
01/29 04:31:35 AM | cin: [9]
01/29 04:31:35 AM | cout: [9]
01/29 04:31:35 AM | active
01/29 04:31:35 AM | -----
01/29 04:31:35 AM | module: MaxPool2d(kernel_size=2, stride=2, padding=0, dilation=1, ceil_mode=False)
01/29 04:31:35 AM | cin: [9]
01/29 04:31:35 AM | cout: [9]
01/29 04:31:35 AM | inactive
01/29 04:31:35 AM | -----
01/29 04:31:35 AM | module: Conv2d(512, 512, kernel_size=(3, 3), stride=(1, 1), padding=(1, 1))
01/29 04:31:35 AM | cin: [9]
01/29 04:31:35 AM | cout: [10]
01/29 04:31:35 AM | inactive
01/29 04:31:35 AM | -----
01/29 04:31:35 AM | module: BatchNorm2d(512, eps=1e-05, momentum=0.1, affine=True, track_running_stats=True)
01/29 04:31:35 AM | cin: [10]
01/29 04:31:35 AM | cout: [10]
01/29 04:31:35 AM | inactive
01/29 04:31:35 AM | -----
01/29 04:31:35 AM | module: ReLU(inplace=True)
01/29 04:31:35 AM | cin: [10]
01/29 04:31:35 AM | cout: [10]
01/29 04:31:35 AM | active
01/29 04:31:35 AM | -----
01/29 04:31:35 AM | module: Conv2d(512, 512, kernel_size=(3, 3), stride=(1, 1), padding=(1, 1))
01/29 04:31:35 AM | cin: [10]
01/29 04:31:35 AM | cout: [11]
01/29 04:31:35 AM | inactive
01/29 04:31:35 AM | -----
01/29 04:31:35 AM | module: BatchNorm2d(512, eps=1e-05, momentum=0.1, affine=True, track_running_stats=True)
01/29 04:31:35 AM | cin: [11]
01/29 04:31:35 AM | cout: [11]
01/29 04:31:35 AM | inactive
01/29 04:31:35 AM | -----
01/29 04:31:35 AM | module: ReLU(inplace=True)
01/29 04:31:35 AM | cin: [11]
01/29 04:31:35 AM | cout: [11]
01/29 04:31:35 AM | active
01/29 04:31:35 AM | -----
01/29 04:31:35 AM | module: Conv2d(512, 512, kernel_size=(3, 3), stride=(1, 1), padding=(1, 1))
01/29 04:31:35 AM | cin: [11]
01/29 04:31:35 AM | cout: [12]
01/29 04:31:35 AM | inactive
01/29 04:31:35 AM | -----
01/29 04:31:35 AM | module: BatchNorm2d(512, eps=1e-05, momentum=0.1, affine=True, track_running_stats=True)
01/29 04:31:35 AM | cin: [12]
01/29 04:31:35 AM | cout: [12]
01/29 04:31:35 AM | inactive
01/29 04:31:35 AM | -----
01/29 04:31:35 AM | module: ReLU(inplace=True)
01/29 04:31:35 AM | cin: [12]
01/29 04:31:35 AM | cout: [12]
01/29 04:31:35 AM | active
01/29 04:31:35 AM | -----
01/29 04:31:35 AM | module: Linear(in_features=512, out_features=512, bias=True)
01/29 04:31:35 AM | cin: [12]
01/29 04:31:35 AM | cout: None
01/29 04:31:35 AM | inactive
01/29 04:31:35 AM | -----
01/29 04:31:35 AM | module: ReLU(inplace=True)
01/29 04:31:35 AM | cin: None
01/29 04:31:35 AM | cout: None
01/29 04:31:35 AM | active
01/29 04:31:35 AM | -----
01/29 04:31:35 AM | module: Linear(in_features=512, out_features=10, bias=True)
01/29 04:31:35 AM | cin: None
01/29 04:31:35 AM | cout: None
01/29 04:31:35 AM | inactive
01/29 04:31:35 AM | Used masks: [0, 1, 2, 3, 4, 5, 6, 7, 8, 9, 10, 11, 12]
01/29 04:31:35 AM | 13 unique masks in total
01/29 04:31:36 AM | === Batch 1/250
01/29 04:31:36 AM | loss = 0.047 + 4.266 + 0.040 = 4.353
01/29 04:31:36 AM | attribution_score[0:12]: 
[ 0.94  0.83  0.83  0.83  0.83  0.83  0.83  0.83  0.83  0.83  0.83  0.83 ]
[ 0.83  0.83  0.83  0.83  0.83  0.83  0.83  0.83  0.83  0.83  0.83  0.83 ]
[ 0.94  0.83  0.83  0.83  0.83  0.83  0.83  0.83  0.83  0.83  0.83  0.94 ]
[ 0.83  0.83  0.94  0.83  0.83  0.83  0.83  0.83  0.83  0.83  0.83  0.83 ]
[ 0.83  0.83  0.94  0.83  0.83  0.83  0.83  0.83  0.83  0.83  0.83  0.83 ]
[ 0.83  0.83  0.83  0.83  0.83  0.83  0.83  0.83  0.83  0.83  0.83  0.83 ]
[ 0.83  0.83  0.94  0.83  0.83  0.83  0.83  0.83  0.83  0.83  0.83  0.83 ]
[ 0.83  0.83  0.83  0.83  0.83  0.83  0.83  0.83  0.83  0.83  0.83  0.83 ]
[ 0.83  0.83  0.83  0.83  0.83  0.83  0.83  0.83  0.83  0.83  0.83  0.83 ]
[ 0.83  0.83  0.83  0.83  0.83  0.83  0.83  0.83  0.83  0.83  0.83  0.83 ]
[ 0.83  0.83  0.83  0.83  0.83  0.83  0.83  0.83  0.83  0.83  0.94  0.83 ]
[ 0.83  0.94  0.83  0.83  0.83  0.83  0.83  0.94  0.83  0.83  0.83  0.83 ]
[ 0.94  0.94  0.94  0.94  0.94  0.94  0.83  0.83  0.94  0.94  0.94  0.83 ]

01/29 04:31:36 AM | === Batch 2/250
01/29 04:31:37 AM | loss = 0.345 + 3.308 + 0.062 = 3.715
01/29 04:31:37 AM | attribution_score[0:12]: 
[ 0.96  0.88  0.77  0.73  0.75  0.73  0.73  0.73  0.73  0.73  0.73  0.81 ]
[ 0.87  0.76  0.75  0.74  0.87  0.73  0.74  0.73  0.73  0.86  0.88  0.74 ]
[ 0.96  0.88  0.74  0.88  0.73  0.88  0.86  0.77  0.74  0.74  0.73  0.96 ]
[ 0.73  0.83  0.96  0.74  0.76  0.73  0.85  0.87  0.81  0.85  0.73  0.88 ]
[ 0.83  0.76  0.96  0.74  0.75  0.73  0.73  0.75  0.74  0.74  0.86  0.85 ]
[ 0.73  0.75  0.77  0.74  0.73  0.80  0.74  0.74  0.73  0.74  0.73  0.86 ]
[ 0.74  0.73  0.94  0.74  0.74  0.75  0.74  0.73  0.76  0.74  0.86  0.75 ]
[ 0.73  0.73  0.73  0.73  0.74  0.73  0.73  0.73  0.74  0.73  0.73  0.82 ]
[ 0.75  0.73  0.73  0.73  0.74  0.73  0.73  0.73  0.74  0.73  0.80  0.73 ]
[ 0.73  0.73  0.73  0.73  0.85  0.74  0.73  0.73  0.74  0.73  0.75  0.73 ]
[ 0.73  0.75  0.85  0.74  0.73  0.86  0.73  0.75  0.81  0.73  0.96  0.74 ]
[ 0.88  0.97  0.76  0.87  0.88  0.86  0.74  0.97  0.84  0.88  0.87  0.74 ]
[ 0.97  0.96  0.97  0.91  0.97  0.96  0.88  0.88  0.96  0.97  0.97  0.73 ]

01/29 04:31:37 AM | === Batch 3/250
01/29 04:31:37 AM | loss = 0.339 + 2.497 + 0.081 = 2.918
01/29 04:31:37 AM | attribution_score[0:12]: 
[ 0.98  0.90  0.68  0.60  0.64  0.61  0.60  0.60  0.60  0.60  0.61  0.86 ]
[ 0.89  0.66  0.78  0.61  0.90  0.67  0.63  0.61  0.69  0.90  0.91  0.62 ]
[ 0.97  0.91  0.62  0.92  0.60  0.92  0.86  0.68  0.62  0.62  0.60  0.98 ]
[ 0.61  0.84  0.97  0.70  0.66  0.76  0.80  0.90  0.81  0.82  0.68  0.91 ]
[ 0.78  0.66  0.97  0.63  0.79  0.60  0.60  0.64  0.75  0.61  0.85  0.85 ]
[ 0.62  0.65  0.68  0.61  0.60  0.74  0.61  0.62  0.62  0.62  0.60  0.85 ]
[ 0.64  0.61  0.94  0.64  0.64  0.64  0.61  0.69  0.66  0.78  0.90  0.63 ]
[ 0.60  0.60  0.61  0.60  0.61  0.60  0.60  0.60  0.70  0.61  0.60  0.80 ]
[ 0.65  0.67  0.60  0.60  0.62  0.60  0.60  0.60  0.66  0.60  0.80  0.68 ]
[ 0.64  0.61  0.60  0.60  0.87  0.67  0.60  0.60  0.72  0.60  0.63  0.63 ]
[ 0.61  0.79  0.89  0.61  0.61  0.90  0.79  0.76  0.86  0.71  0.98  0.75 ]
[ 0.91  0.98  0.78  0.91  0.93  0.89  0.79  0.98  0.81  0.92  0.91  0.80 ]
[ 0.98  0.98  0.98  0.90  0.98  0.98  0.92  0.93  0.98  0.98  0.98  0.60 ]

01/29 04:31:37 AM | === Batch 4/250
01/29 04:31:37 AM | loss = 0.558 + 1.677 + 0.101 = 2.336
01/29 04:31:38 AM | attribution_score[0:12]: 
[ 0.98  0.92  0.57  0.46  0.50  0.47  0.46  0.45  0.45  0.46  0.46  0.84 ]
[ 0.90  0.56  0.83  0.47  0.90  0.58  0.61  0.46  0.72  0.92  0.91  0.48 ]
[ 0.98  0.94  0.48  0.94  0.45  0.94  0.87  0.64  0.48  0.49  0.48  0.98 ]
[ 0.47  0.85  0.96  0.73  0.57  0.82  0.74  0.92  0.78  0.80  0.64  0.92 ]
[ 0.71  0.53  0.98  0.53  0.85  0.47  0.45  0.51  0.80  0.56  0.82  0.80 ]
[ 0.61  0.64  0.55  0.46  0.47  0.64  0.50  0.50  0.50  0.49  0.45  0.82 ]
[ 0.53  0.47  0.93  0.53  0.52  0.52  0.57  0.73  0.71  0.84  0.94  0.50 ]
[ 0.45  0.46  0.46  0.45  0.50  0.45  0.57  0.45  0.73  0.47  0.48  0.73 ]
[ 0.55  0.71  0.45  0.61  0.50  0.45  0.47  0.47  0.65  0.45  0.83  0.74 ]
[ 0.62  0.47  0.45  0.45  0.84  0.65  0.46  0.45  0.77  0.45  0.52  0.56 ]
[ 0.47  0.85  0.93  0.60  0.64  0.92  0.85  0.79  0.90  0.77  0.99  0.81 ]
[ 0.91  0.99  0.84  0.95  0.95  0.90  0.85  0.99  0.74  0.94  0.94  0.86 ]
[ 0.99  0.99  0.99  0.92  0.99  0.99  0.95  0.96  0.98  0.99  0.99  0.56 ]

01/29 04:31:38 AM | === Batch 5/250
01/29 04:31:38 AM | loss = 0.910 + 1.011 + 0.111 = 2.031
01/29 04:31:38 AM | attribution_score[0:12]: 
[ 0.99  0.93  0.47  0.31  0.37  0.33  0.32  0.31  0.31  0.33  0.32  0.83 ]
[ 0.92  0.45  0.84  0.33  0.90  0.47  0.65  0.32  0.72  0.93  0.91  0.45 ]
[ 0.99  0.95  0.34  0.95  0.32  0.96  0.87  0.61  0.35  0.36  0.35  0.98 ]
[ 0.37  0.81  0.95  0.78  0.49  0.85  0.74  0.94  0.72  0.79  0.62  0.92 ]
[ 0.73  0.53  0.98  0.45  0.89  0.40  0.32  0.38  0.84  0.57  0.79  0.73 ]
[ 0.61  0.69  0.43  0.33  0.34  0.52  0.46  0.44  0.39  0.35  0.31  0.76 ]
[ 0.57  0.35  0.91  0.42  0.59  0.40  0.59  0.80  0.78  0.82  0.95  0.37 ]
[ 0.31  0.32  0.32  0.31  0.48  0.31  0.54  0.31  0.79  0.33  0.37  0.64 ]
[ 0.44  0.73  0.31  0.68  0.37  0.31  0.36  0.34  0.70  0.31  0.82  0.81 ]
[ 0.63  0.36  0.31  0.31  0.79  0.65  0.33  0.31  0.83  0.31  0.40  0.48 ]
[ 0.33  0.90  0.94  0.65  0.72  0.90  0.89  0.77  0.93  0.84  0.99  0.87 ]
[ 0.91  0.99  0.89  0.96  0.97  0.89  0.89  0.99  0.65  0.95  0.96  0.91 ]
[ 0.99  0.99  0.99  0.93  0.99  0.99  0.96  0.97  0.99  0.99  0.99  0.47 ]

01/29 04:31:38 AM | === Batch 6/250
01/29 04:31:38 AM | loss = 0.937 + 0.464 + 0.095 = 1.495
01/29 04:31:39 AM | attribution_score[0:12]: 
[ 0.99  0.94  0.38  0.20  0.26  0.22  0.21  0.20  0.20  0.21  0.21  0.85 ]
[ 0.93  0.34  0.84  0.22  0.88  0.35  0.71  0.21  0.72  0.94  0.91  0.45 ]
[ 0.99  0.95  0.23  0.96  0.20  0.96  0.85  0.64  0.24  0.25  0.24  0.99 ]
[ 0.30  0.75  0.94  0.81  0.50  0.88  0.72  0.95  0.64  0.76  0.55  0.92 ]
[ 0.72  0.51  0.99  0.44  0.90  0.39  0.23  0.28  0.87  0.62  0.76  0.65 ]
[ 0.67  0.74  0.31  0.23  0.23  0.40  0.44  0.39  0.31  0.31  0.20  0.67 ]
[ 0.65  0.26  0.90  0.39  0.63  0.39  0.55  0.80  0.80  0.85  0.95  0.25 ]
[ 0.20  0.21  0.21  0.20  0.43  0.20  0.50  0.20  0.78  0.21  0.28  0.55 ]
[ 0.41  0.72  0.20  0.69  0.30  0.20  0.25  0.23  0.74  0.25  0.76  0.82 ]
[ 0.60  0.26  0.20  0.20  0.78  0.68  0.23  0.20  0.88  0.20  0.30  0.40 ]
[ 0.24  0.93  0.94  0.63  0.75  0.89  0.92  0.80  0.95  0.86  0.99  0.90 ]
[ 0.93  0.99  0.91  0.97  0.97  0.87  0.92  1.00  0.52  0.95  0.97  0.93 ]
[ 0.99  0.99  1.00  0.95  1.00  1.00  0.97  0.97  0.99  0.99  0.99  0.46 ]

01/29 04:31:39 AM | === Batch 7/250
01/29 04:31:39 AM | loss = 1.051 + 0.027 + 0.081 = 1.159
01/29 04:31:39 AM | attribution_score[0:12]: 
[ 0.99  0.94  0.31  0.12  0.17  0.15  0.13  0.13  0.12  0.14  0.13  0.87 ]
[ 0.93  0.24  0.84  0.13  0.86  0.24  0.76  0.13  0.71  0.95  0.90  0.46 ]
[ 0.99  0.95  0.15  0.96  0.12  0.97  0.82  0.66  0.15  0.18  0.15  0.99 ]
[ 0.23  0.67  0.94  0.80  0.49  0.89  0.71  0.96  0.53  0.70  0.51  0.91 ]
[ 0.71  0.44  0.99  0.41  0.90  0.41  0.16  0.21  0.90  0.68  0.75  0.63 ]
[ 0.72  0.76  0.21  0.16  0.15  0.29  0.47  0.32  0.27  0.34  0.12  0.56 ]
[ 0.74  0.21  0.89  0.36  0.63  0.42  0.49  0.76  0.81  0.88  0.96  0.16 ]
[ 0.12  0.13  0.13  0.12  0.36  0.13  0.45  0.12  0.75  0.13  0.19  0.46 ]
[ 0.44  0.68  0.12  0.67  0.29  0.12  0.17  0.19  0.78  0.20  0.69  0.81 ]
[ 0.55  0.17  0.13  0.12  0.78  0.70  0.16  0.12  0.90  0.13  0.25  0.32 ]
[ 0.22  0.95  0.93  0.56  0.76  0.90  0.93  0.85  0.96  0.86  0.99  0.91 ]
[ 0.95  1.00  0.91  0.97  0.97  0.87  0.94  1.00  0.46  0.94  0.98  0.94 ]
[ 1.00  1.00  1.00  0.96  1.00  1.00  0.97  0.97  0.99  0.99  0.99  0.40 ]

01/29 04:31:39 AM | === Batch 8/250
01/29 04:31:39 AM | loss = 1.250 + 0.575 + 0.071 = 1.896
01/29 04:31:39 AM | attribution_score[0:12]: 
[ 0.99  0.95  0.34  0.08  0.15  0.13  0.10  0.09  0.08  0.15  0.10  0.91 ]
[ 0.95  0.19  0.86  0.10  0.87  0.22  0.81  0.09  0.71  0.96  0.91  0.51 ]
[ 0.99  0.95  0.12  0.97  0.09  0.97  0.84  0.72  0.11  0.16  0.12  0.99 ]
[ 0.22  0.65  0.95  0.82  0.46  0.90  0.73  0.97  0.52  0.72  0.57  0.91 ]
[ 0.74  0.35  0.99  0.38  0.91  0.48  0.14  0.19  0.92  0.68  0.80  0.68 ]
[ 0.74  0.78  0.18  0.12  0.12  0.25  0.54  0.32  0.29  0.42  0.09  0.56 ]
[ 0.81  0.21  0.89  0.36  0.64  0.42  0.48  0.71  0.83  0.90  0.97  0.12 ]
[ 0.08  0.09  0.10  0.09  0.35  0.10  0.49  0.08  0.73  0.11  0.16  0.45 ]
[ 0.51  0.71  0.09  0.68  0.32  0.10  0.14  0.20  0.82  0.17  0.71  0.81 ]
[ 0.58  0.14  0.09  0.09  0.82  0.72  0.12  0.09  0.93  0.10  0.24  0.34 ]
[ 0.23  0.96  0.94  0.54  0.77  0.92  0.93  0.89  0.96  0.86  1.00  0.93 ]
[ 0.97  1.00  0.92  0.98  0.98  0.89  0.95  1.00  0.49  0.95  0.99  0.96 ]
[ 1.00  1.00  1.00  0.97  1.00  1.00  0.98  0.97  1.00  0.99  0.99  0.38 ]

01/29 04:31:39 AM | === Batch 9/250
01/29 04:31:40 AM | loss = 0.984 + 0.586 + 0.065 = 1.635
01/29 04:31:40 AM | attribution_score[0:12]: 
[ 0.99  0.96  0.41  0.06  0.15  0.12  0.09  0.07  0.07  0.19  0.09  0.94 ]
[ 0.96  0.18  0.88  0.07  0.89  0.24  0.86  0.07  0.73  0.97  0.93  0.58 ]
[ 0.99  0.96  0.12  0.97  0.07  0.98  0.87  0.79  0.09  0.17  0.11  0.99 ]
[ 0.23  0.68  0.96  0.86  0.49  0.91  0.76  0.97  0.54  0.76  0.65  0.92 ]
[ 0.78  0.33  0.99  0.37  0.92  0.56  0.14  0.20  0.94  0.70  0.84  0.75 ]
[ 0.76  0.79  0.18  0.10  0.10  0.25  0.62  0.36  0.34  0.49  0.07  0.60 ]
[ 0.87  0.22  0.90  0.39  0.69  0.42  0.53  0.67  0.86  0.92  0.97  0.11 ]
[ 0.06  0.07  0.08  0.07  0.37  0.10  0.57  0.06  0.75  0.09  0.16  0.47 ]
[ 0.61  0.77  0.07  0.72  0.37  0.08  0.13  0.23  0.85  0.17  0.75  0.84 ]
[ 0.64  0.14  0.08  0.07  0.86  0.76  0.10  0.07  0.95  0.09  0.25  0.39 ]
[ 0.27  0.96  0.95  0.54  0.77  0.94  0.94  0.92  0.97  0.86  1.00  0.94 ]
[ 0.98  1.00  0.93  0.98  0.98  0.92  0.95  1.00  0.57  0.96  0.99  0.97 ]
[ 1.00  1.00  1.00  0.98  1.00  1.00  0.98  0.98  1.00  0.99  0.99  0.41 ]

01/29 04:31:40 AM | === Batch 10/250
01/29 04:31:40 AM | loss = 0.789 + 0.320 + 0.061 = 1.169
01/29 04:31:40 AM | attribution_score[0:12]: 
[ 0.99  0.96  0.50  0.05  0.17  0.14  0.08  0.06  0.05  0.25  0.09  0.96 ]
[ 0.97  0.18  0.91  0.06  0.90  0.28  0.89  0.06  0.77  0.98  0.94  0.65 ]
[ 0.99  0.96  0.13  0.98  0.06  0.98  0.91  0.84  0.08  0.19  0.12  1.00 ]
[ 0.24  0.73  0.97  0.88  0.54  0.92  0.80  0.98  0.59  0.81  0.74  0.93 ]
[ 0.83  0.35  0.99  0.42  0.93  0.66  0.14  0.24  0.96  0.75  0.88  0.81 ]
[ 0.80  0.82  0.21  0.09  0.09  0.28  0.71  0.41  0.42  0.57  0.06  0.67 ]
[ 0.90  0.26  0.92  0.45  0.74  0.46  0.60  0.65  0.89  0.93  0.98  0.10 ]
[ 0.05  0.06  0.06  0.06  0.42  0.09  0.67  0.05  0.77  0.09  0.17  0.51 ]
[ 0.70  0.83  0.06  0.77  0.44  0.08  0.13  0.29  0.87  0.17  0.81  0.87 ]
[ 0.72  0.15  0.07  0.06  0.90  0.80  0.10  0.07  0.96  0.10  0.28  0.48 ]
[ 0.32  0.97  0.96  0.58  0.80  0.96  0.95  0.95  0.98  0.87  1.00  0.95 ]
[ 0.99  1.00  0.94  0.98  0.98  0.95  0.96  1.00  0.65  0.97  0.99  0.97 ]
[ 1.00  1.00  1.00  0.99  1.00  1.00  0.99  0.98  1.00  0.99  0.99  0.46 ]

01/29 04:31:40 AM | === Batch 11/250
01/29 04:31:40 AM | loss = 0.858 + 0.071 + 0.057 = 0.985
01/29 04:31:41 AM | attribution_score[0:12]: 
[ 1.00  0.97  0.56  0.04  0.17  0.15  0.08  0.05  0.05  0.28  0.08  0.97 ]
[ 0.97  0.18  0.93  0.05  0.91  0.32  0.91  0.05  0.81  0.98  0.95  0.71 ]
[ 1.00  0.96  0.13  0.98  0.05  0.99  0.92  0.87  0.08  0.19  0.12  1.00 ]
[ 0.24  0.78  0.98  0.90  0.61  0.94  0.80  0.98  0.62  0.83  0.80  0.93 ]
[ 0.84  0.38  1.00  0.48  0.94  0.67  0.14  0.27  0.97  0.81  0.90  0.85 ]
[ 0.84  0.85  0.23  0.08  0.09  0.28  0.74  0.46  0.50  0.63  0.05  0.70 ]
[ 0.91  0.26  0.93  0.50  0.78  0.51  0.65  0.63  0.91  0.93  0.98  0.09 ]
[ 0.04  0.05  0.05  0.05  0.45  0.10  0.72  0.04  0.80  0.09  0.19  0.57 ]
[ 0.78  0.88  0.05  0.80  0.52  0.07  0.14  0.34  0.89  0.18  0.85  0.89 ]
[ 0.78  0.15  0.06  0.05  0.92  0.84  0.09  0.06  0.97  0.09  0.29  0.55 ]
[ 0.34  0.97  0.97  0.60  0.82  0.97  0.95  0.96  0.98  0.87  1.00  0.95 ]
[ 0.99  1.00  0.95  0.99  0.99  0.96  0.96  1.00  0.69  0.98  0.99  0.98 ]
[ 1.00  1.00  1.00  0.99  1.00  1.00  0.99  0.98  1.00  1.00  0.99  0.49 ]

01/29 04:31:41 AM | === Batch 12/250
01/29 04:31:41 AM | loss = 0.682 + 0.252 + 0.054 = 0.988
01/29 04:31:41 AM | attribution_score[0:12]: 
[ 1.00  0.97  0.59  0.03  0.17  0.17  0.07  0.05  0.04  0.28  0.07  0.98 ]
[ 0.98  0.17  0.95  0.04  0.91  0.37  0.93  0.04  0.84  0.99  0.95  0.74 ]
[ 1.00  0.97  0.12  0.98  0.04  0.99  0.94  0.89  0.07  0.19  0.12  1.00 ]
[ 0.24  0.82  0.98  0.90  0.69  0.94  0.81  0.98  0.61  0.84  0.84  0.94 ]
[ 0.85  0.43  1.00  0.53  0.93  0.68  0.14  0.27  0.98  0.84  0.91  0.88 ]
[ 0.86  0.86  0.26  0.08  0.08  0.27  0.75  0.51  0.58  0.66  0.05  0.74 ]
[ 0.92  0.28  0.92  0.56  0.81  0.55  0.67  0.60  0.92  0.93  0.99  0.08 ]
[ 0.03  0.05  0.05  0.04  0.45  0.10  0.75  0.03  0.83  0.09  0.22  0.61 ]
[ 0.82  0.91  0.04  0.83  0.57  0.06  0.14  0.39  0.90  0.17  0.89  0.91 ]
[ 0.82  0.13  0.05  0.04  0.94  0.86  0.09  0.05  0.98  0.08  0.29  0.58 ]
[ 0.33  0.98  0.98  0.62  0.84  0.98  0.96  0.97  0.99  0.88  1.00  0.96 ]
[ 0.99  1.00  0.96  0.99  0.99  0.97  0.97  1.00  0.71  0.98  0.99  0.98 ]
[ 1.00  1.00  1.00  0.99  1.00  1.00  0.99  0.98  1.00  1.00  0.99  0.51 ]

01/29 04:31:41 AM | === Batch 13/250
01/29 04:31:41 AM | loss = 0.758 + 0.369 + 0.051 = 1.177
01/29 04:31:41 AM | attribution_score[0:12]: 
[ 1.00  0.98  0.60  0.03  0.16  0.18  0.07  0.04  0.03  0.28  0.06  0.98 ]
[ 0.98  0.16  0.96  0.04  0.91  0.41  0.94  0.03  0.87  0.99  0.96  0.76 ]
[ 1.00  0.97  0.11  0.98  0.04  0.99  0.94  0.91  0.07  0.17  0.12  1.00 ]
[ 0.24  0.84  0.98  0.90  0.77  0.95  0.84  0.98  0.62  0.85  0.88  0.94 ]
[ 0.86  0.48  1.00  0.55  0.93  0.69  0.13  0.26  0.98  0.86  0.92  0.90 ]
[ 0.88  0.88  0.28  0.07  0.07  0.28  0.76  0.52  0.66  0.66  0.04  0.78 ]
[ 0.92  0.28  0.92  0.64  0.84  0.56  0.68  0.57  0.93  0.93  0.99  0.07 ]
[ 0.03  0.04  0.04  0.03  0.43  0.10  0.77  0.03  0.86  0.09  0.24  0.66 ]
[ 0.86  0.94  0.04  0.85  0.62  0.06  0.14  0.40  0.90  0.15  0.91  0.92 ]
[ 0.85  0.11  0.05  0.03  0.95  0.87  0.08  0.04  0.98  0.07  0.29  0.61 ]
[ 0.31  0.98  0.98  0.65  0.85  0.98  0.97  0.98  0.99  0.88  1.00  0.96 ]
[ 0.99  1.00  0.96  0.99  0.99  0.98  0.97  1.00  0.71  0.98  1.00  0.99 ]
[ 1.00  1.00  1.00  0.99  1.00  1.00  0.99  0.99  1.00  1.00  1.00  0.51 ]

01/29 04:31:41 AM | === Batch 14/250
01/29 04:31:42 AM | loss = 0.516 + 0.443 + 0.048 = 1.007
01/29 04:31:42 AM | attribution_score[0:12]: 
[ 1.00  0.98  0.60  0.02  0.15  0.20  0.06  0.04  0.03  0.29  0.06  0.98 ]
[ 0.99  0.16  0.96  0.03  0.91  0.46  0.95  0.03  0.89  0.99  0.97  0.78 ]
[ 1.00  0.97  0.10  0.99  0.03  0.99  0.95  0.92  0.06  0.15  0.11  1.00 ]
[ 0.25  0.86  0.98  0.90  0.83  0.95  0.85  0.98  0.62  0.85  0.90  0.95 ]
[ 0.85  0.56  1.00  0.55  0.92  0.69  0.13  0.24  0.98  0.86  0.93  0.92 ]
[ 0.90  0.89  0.30  0.06  0.06  0.28  0.76  0.51  0.71  0.66  0.04  0.81 ]
[ 0.92  0.30  0.90  0.69  0.87  0.53  0.68  0.56  0.94  0.94  0.99  0.06 ]
[ 0.02  0.04  0.03  0.03  0.39  0.09  0.79  0.02  0.89  0.08  0.24  0.69 ]
[ 0.87  0.96  0.03  0.87  0.65  0.05  0.13  0.42  0.90  0.13  0.93  0.93 ]
[ 0.87  0.09  0.04  0.03  0.95  0.86  0.07  0.04  0.99  0.06  0.28  0.62 ]
[ 0.29  0.98  0.98  0.69  0.87  0.99  0.97  0.98  0.99  0.89  1.00  0.97 ]
[ 1.00  1.00  0.96  0.99  0.99  0.98  0.97  1.00  0.71  0.99  1.00  0.99 ]
[ 1.00  1.00  1.00  0.99  1.00  1.00  0.99  0.99  1.00  1.00  1.00  0.47 ]

01/29 04:31:42 AM | === Batch 15/250
01/29 04:31:42 AM | loss = 0.353 + 0.476 + 0.046 = 0.875
01/29 04:31:42 AM | attribution_score[0:12]: 
[ 1.00  0.98  0.58  0.02  0.14  0.21  0.05  0.03  0.02  0.31  0.05  0.99 ]
[ 0.99  0.16  0.97  0.03  0.91  0.50  0.95  0.02  0.90  0.99  0.97  0.78 ]
[ 1.00  0.97  0.09  0.99  0.03  0.99  0.95  0.93  0.06  0.14  0.10  1.00 ]
[ 0.25  0.87  0.99  0.90  0.87  0.95  0.86  0.99  0.63  0.86  0.92  0.95 ]
[ 0.85  0.59  1.00  0.56  0.89  0.68  0.13  0.21  0.99  0.87  0.93  0.93 ]
[ 0.91  0.89  0.31  0.05  0.05  0.27  0.77  0.46  0.75  0.65  0.03  0.83 ]
[ 0.92  0.32  0.88  0.71  0.89  0.49  0.68  0.52  0.95  0.94  0.99  0.05 ]
[ 0.02  0.04  0.03  0.02  0.35  0.08  0.80  0.02  0.91  0.07  0.23  0.72 ]
[ 0.88  0.97  0.03  0.89  0.67  0.04  0.12  0.41  0.90  0.11  0.94  0.93 ]
[ 0.89  0.07  0.03  0.03  0.96  0.86  0.06  0.03  0.99  0.05  0.26  0.61 ]
[ 0.25  0.98  0.99  0.73  0.88  0.99  0.97  0.99  0.99  0.90  1.00  0.97 ]
[ 1.00  1.00  0.96  0.99  0.99  0.98  0.98  1.00  0.70  0.99  1.00  0.99 ]
[ 1.00  1.00  1.00  1.00  1.00  1.00  0.99  0.99  1.00  1.00  1.00  0.41 ]

01/29 04:31:42 AM | === Batch 16/250
01/29 04:31:42 AM | loss = 0.506 + 0.474 + 0.044 = 1.024
01/29 04:31:43 AM | attribution_score[0:12]: 
[ 1.00  0.98  0.56  0.02  0.13  0.20  0.05  0.03  0.02  0.31  0.04  0.99 ]
[ 0.99  0.15  0.97  0.02  0.91  0.52  0.96  0.02  0.92  0.99  0.98  0.79 ]
[ 1.00  0.97  0.08  0.99  0.02  0.99  0.96  0.94  0.05  0.12  0.08  1.00 ]
[ 0.23  0.87  0.99  0.91  0.90  0.95  0.86  0.99  0.63  0.85  0.93  0.95 ]
[ 0.84  0.60  1.00  0.55  0.87  0.67  0.12  0.18  0.99  0.87  0.94  0.94 ]
[ 0.92  0.89  0.31  0.05  0.04  0.26  0.78  0.40  0.80  0.63  0.03  0.84 ]
[ 0.92  0.35  0.85  0.73  0.90  0.46  0.65  0.47  0.95  0.93  0.99  0.05 ]
[ 0.02  0.04  0.02  0.02  0.31  0.08  0.80  0.01  0.93  0.06  0.22  0.75 ]
[ 0.89  0.97  0.03  0.90  0.69  0.04  0.10  0.40  0.89  0.10  0.96  0.94 ]
[ 0.90  0.06  0.03  0.02  0.96  0.84  0.05  0.03  0.99  0.05  0.24  0.60 ]
[ 0.22  0.99  0.99  0.75  0.89  0.99  0.98  0.99  0.99  0.90  1.00  0.97 ]
[ 1.00  1.00  0.97  0.99  0.99  0.98  0.98  1.00  0.68  0.99  1.00  0.99 ]
[ 1.00  1.00  1.00  1.00  1.00  1.00  0.99  0.99  1.00  1.00  1.00  0.35 ]

01/29 04:31:43 AM | === Batch 17/250
01/29 04:31:43 AM | loss = 0.507 + 0.447 + 0.042 = 0.996
01/29 04:31:43 AM | attribution_score[0:12]: 
[ 1.00  0.98  0.55  0.01  0.12  0.20  0.04  0.02  0.02  0.32  0.04  0.99 ]
[ 0.99  0.14  0.97  0.02  0.91  0.50  0.96  0.02  0.93  0.99  0.98  0.78 ]
[ 1.00  0.98  0.07  0.99  0.02  0.99  0.96  0.94  0.04  0.10  0.07  1.00 ]
[ 0.22  0.87  0.99  0.90  0.91  0.95  0.86  0.99  0.61  0.84  0.94  0.95 ]
[ 0.82  0.62  1.00  0.57  0.84  0.64  0.11  0.16  0.99  0.87  0.94  0.95 ]
[ 0.92  0.89  0.31  0.04  0.04  0.25  0.77  0.33  0.82  0.62  0.02  0.85 ]
[ 0.91  0.37  0.81  0.74  0.91  0.42  0.61  0.41  0.95  0.93  0.99  0.04 ]
[ 0.01  0.04  0.02  0.01  0.26  0.07  0.81  0.01  0.94  0.06  0.23  0.76 ]
[ 0.89  0.98  0.02  0.91  0.71  0.03  0.09  0.40  0.88  0.08  0.96  0.94 ]
[ 0.91  0.05  0.03  0.02  0.96  0.82  0.04  0.02  0.99  0.04  0.22  0.58 ]
[ 0.19  0.99  0.99  0.76  0.90  0.99  0.98  0.99  0.99  0.90  1.00  0.97 ]
[ 1.00  1.00  0.97  1.00  0.99  0.99  0.98  1.00  0.66  0.99  1.00  0.99 ]
[ 1.00  1.00  1.00  1.00  1.00  1.00  0.99  0.99  1.00  1.00  1.00  0.28 ]

01/29 04:31:43 AM | === Batch 18/250
01/29 04:31:43 AM | loss = 0.547 + 0.401 + 0.040 = 0.988
01/29 04:31:43 AM | attribution_score[0:12]: 
[ 1.00  0.98  0.51  0.01  0.10  0.22  0.04  0.02  0.01  0.29  0.03  0.99 ]
[ 0.99  0.14  0.98  0.02  0.90  0.50  0.96  0.01  0.94  0.99  0.98  0.75 ]
[ 1.00  0.98  0.06  0.99  0.02  0.99  0.96  0.94  0.04  0.08  0.06  1.00 ]
[ 0.21  0.87  0.99  0.89  0.93  0.96  0.83  0.99  0.58  0.83  0.95  0.95 ]
[ 0.81  0.63  1.00  0.63  0.84  0.59  0.11  0.14  0.99  0.87  0.94  0.95 ]
[ 0.93  0.89  0.28  0.04  0.03  0.24  0.75  0.29  0.83  0.63  0.02  0.85 ]
[ 0.91  0.36  0.76  0.75  0.92  0.40  0.54  0.37  0.95  0.93  0.99  0.04 ]
[ 0.01  0.03  0.02  0.01  0.21  0.07  0.81  0.01  0.95  0.05  0.22  0.75 ]
[ 0.90  0.98  0.02  0.91  0.72  0.03  0.07  0.41  0.88  0.07  0.97  0.94 ]
[ 0.91  0.04  0.02  0.02  0.97  0.81  0.03  0.02  0.99  0.03  0.21  0.55 ]
[ 0.16  0.99  0.99  0.76  0.90  0.99  0.98  0.99  0.99  0.90  1.00  0.98 ]
[ 1.00  1.00  0.97  1.00  1.00  0.99  0.98  1.00  0.64  0.99  1.00  0.99 ]
[ 1.00  1.00  1.00  1.00  1.00  1.00  0.99  0.99  1.00  1.00  1.00  0.22 ]

01/29 04:31:43 AM | === Batch 19/250
01/29 04:31:44 AM | loss = 0.484 + 0.346 + 0.039 = 0.868
01/29 04:31:44 AM | attribution_score[0:12]: 
[ 1.00  0.99  0.46  0.01  0.09  0.22  0.03  0.02  0.01  0.24  0.03  0.99 ]
[ 0.99  0.13  0.98  0.01  0.89  0.51  0.96  0.01  0.95  0.99  0.98  0.72 ]
[ 1.00  0.98  0.05  0.99  0.01  0.99  0.96  0.94  0.03  0.07  0.06  1.00 ]
[ 0.20  0.86  0.99  0.88  0.94  0.96  0.80  0.99  0.53  0.80  0.96  0.95 ]
[ 0.80  0.64  1.00  0.68  0.84  0.52  0.11  0.12  0.99  0.88  0.94  0.96 ]
[ 0.93  0.89  0.26  0.04  0.03  0.23  0.72  0.24  0.83  0.65  0.02  0.85 ]
[ 0.90  0.34  0.69  0.73  0.92  0.40  0.47  0.34  0.95  0.93  0.99  0.03 ]
[ 0.01  0.03  0.01  0.01  0.17  0.07  0.81  0.01  0.95  0.05  0.21  0.74 ]
[ 0.90  0.99  0.02  0.92  0.74  0.02  0.06  0.40  0.87  0.06  0.97  0.94 ]
[ 0.92  0.03  0.02  0.01  0.97  0.79  0.03  0.02  0.99  0.03  0.19  0.52 ]
[ 0.14  0.99  0.99  0.75  0.90  0.99  0.98  0.99  1.00  0.90  1.00  0.98 ]
[ 1.00  1.00  0.97  1.00  1.00  0.99  0.98  1.00  0.61  0.99  1.00  0.99 ]
[ 1.00  1.00  1.00  1.00  1.00  1.00  0.99  0.99  1.00  1.00  1.00  0.17 ]

01/29 04:31:44 AM | === Batch 20/250
01/29 04:31:44 AM | loss = 0.540 + 0.281 + 0.037 = 0.858
01/29 04:31:44 AM | === Batch 21/250
01/29 04:31:44 AM | loss = 0.611 + 0.215 + 0.036 = 0.862
01/29 04:31:45 AM | === Batch 22/250
01/29 04:31:45 AM | loss = 0.529 + 0.149 + 0.034 = 0.712
01/29 04:31:45 AM | === Batch 23/250
01/29 04:31:45 AM | loss = 0.691 + 0.082 + 0.033 = 0.806
01/29 04:31:46 AM | === Batch 24/250
01/29 04:31:46 AM | loss = 0.758 + 0.023 + 0.032 = 0.813
01/29 04:31:46 AM | === Batch 25/250
01/29 04:31:46 AM | loss = 0.551 + 0.071 + 0.031 = 0.654
01/29 04:31:47 AM | === Batch 26/250
01/29 04:31:47 AM | loss = 0.555 + 0.075 + 0.030 = 0.659
01/29 04:31:47 AM | === Batch 27/250
01/29 04:31:47 AM | loss = 0.556 + 0.003 + 0.029 = 0.588
01/29 04:31:47 AM | === Batch 28/250
01/29 04:31:47 AM | loss = 0.544 + 0.031 + 0.028 = 0.602
01/29 04:31:48 AM | === Batch 29/250
01/29 04:31:48 AM | loss = 0.563 + 0.043 + 0.027 = 0.633
01/29 04:31:48 AM | === Batch 30/250
01/29 04:31:48 AM | loss = 0.532 + 0.042 + 0.026 = 0.600
01/29 04:31:49 AM | === Batch 31/250
01/29 04:31:49 AM | loss = 0.571 + 0.030 + 0.026 = 0.627
01/29 04:31:49 AM | === Batch 32/250
01/29 04:31:49 AM | loss = 0.467 + 0.008 + 0.025 = 0.500
01/29 04:31:49 AM | === Batch 33/250
01/29 04:31:49 AM | loss = 0.665 + 0.038 + 0.025 = 0.727
01/29 04:31:50 AM | === Batch 34/250
01/29 04:31:50 AM | loss = 0.502 + 0.028 + 0.024 = 0.554
01/29 04:31:50 AM | === Batch 35/250
01/29 04:31:50 AM | loss = 0.517 + 0.021 + 0.024 = 0.561
01/29 04:31:51 AM | === Batch 36/250
01/29 04:31:51 AM | loss = 0.642 + 0.045 + 0.023 = 0.711
01/29 04:31:51 AM | === Batch 37/250
01/29 04:31:51 AM | loss = 0.461 + 0.059 + 0.023 = 0.543
01/29 04:31:51 AM | === Batch 38/250
01/29 04:31:51 AM | loss = 0.319 + 0.062 + 0.023 = 0.404
01/29 04:31:52 AM | === Batch 39/250
01/29 04:31:52 AM | loss = 0.477 + 0.053 + 0.022 = 0.553
01/29 04:31:52 AM | === Batch 40/250
01/29 04:31:52 AM | loss = 0.523 + 0.033 + 0.022 = 0.579
01/29 04:31:53 AM | === Batch 41/250
01/29 04:31:53 AM | loss = 0.468 + 0.007 + 0.022 = 0.496
01/29 04:31:53 AM | === Batch 42/250
01/29 04:31:53 AM | loss = 0.408 + 0.050 + 0.022 = 0.480
01/29 04:31:53 AM | === Batch 43/250
01/29 04:31:54 AM | loss = 0.644 + 0.048 + 0.021 = 0.713
01/29 04:31:54 AM | === Batch 44/250
01/29 04:31:54 AM | loss = 0.450 + 0.003 + 0.021 = 0.474
01/29 04:31:54 AM | === Batch 45/250
01/29 04:31:54 AM | loss = 0.473 + 0.019 + 0.021 = 0.513
01/29 04:31:55 AM | === Batch 46/250
01/29 04:31:55 AM | loss = 0.403 + 0.027 + 0.021 = 0.451
01/29 04:31:55 AM | === Batch 47/250
01/29 04:31:55 AM | loss = 0.485 + 0.024 + 0.020 = 0.529
01/29 04:31:55 AM | === Batch 48/250
01/29 04:31:56 AM | loss = 0.664 + 0.013 + 0.020 = 0.697
01/29 04:31:56 AM | === Batch 49/250
01/29 04:31:56 AM | loss = 0.556 + 0.007 + 0.020 = 0.582
01/29 04:31:56 AM | === Batch 50/250
01/29 04:31:56 AM | loss = 0.527 + 0.012 + 0.020 = 0.559
01/29 04:31:57 AM | === Batch 51/250
01/29 04:31:57 AM | loss = 0.349 + 0.018 + 0.019 = 0.387
01/29 04:31:57 AM | === Batch 52/250
01/29 04:31:57 AM | loss = 0.317 + 0.017 + 0.019 = 0.353
01/29 04:31:57 AM | === Batch 53/250
01/29 04:31:58 AM | loss = 0.395 + 0.008 + 0.019 = 0.422
01/29 04:31:58 AM | === Batch 54/250
01/29 04:31:58 AM | loss = 0.357 + 0.011 + 0.019 = 0.386
01/29 04:31:58 AM | === Batch 55/250
01/29 04:31:58 AM | loss = 0.307 + 0.009 + 0.018 = 0.335
01/29 04:31:59 AM | === Batch 56/250
01/29 04:31:59 AM | loss = 0.435 + 0.015 + 0.018 = 0.469
01/29 04:31:59 AM | === Batch 57/250
01/29 04:31:59 AM | loss = 0.513 + 0.014 + 0.018 = 0.546
01/29 04:31:59 AM | === Batch 58/250
01/29 04:32:00 AM | loss = 0.553 + 0.007 + 0.018 = 0.578
01/29 04:32:00 AM | === Batch 59/250
01/29 04:32:00 AM | loss = 0.469 + 0.013 + 0.018 = 0.499
01/29 04:32:00 AM | === Batch 60/250
01/29 04:32:00 AM | loss = 0.658 + 0.005 + 0.018 = 0.680
01/29 04:32:01 AM | === Batch 61/250
01/29 04:32:01 AM | loss = 0.601 + 0.010 + 0.017 = 0.628
01/29 04:32:01 AM | === Batch 62/250
01/29 04:32:01 AM | loss = 0.408 + 0.009 + 0.017 = 0.434
01/29 04:32:02 AM | === Batch 63/250
01/29 04:32:02 AM | loss = 0.481 + 0.002 + 0.017 = 0.500
01/29 04:32:02 AM | === Batch 64/250
01/29 04:32:02 AM | loss = 0.452 + 0.022 + 0.017 = 0.490
01/29 04:32:02 AM | === Batch 65/250
01/29 04:32:03 AM | loss = 0.292 + 0.001 + 0.017 = 0.310
01/29 04:32:03 AM | === Batch 66/250
01/29 04:32:03 AM | loss = 0.356 + 0.006 + 0.016 = 0.379
01/29 04:32:03 AM | === Batch 67/250
01/29 04:32:03 AM | loss = 0.487 + 0.003 + 0.016 = 0.506
01/29 04:32:04 AM | === Batch 68/250
01/29 04:32:04 AM | loss = 0.608 + 0.010 + 0.016 = 0.634
01/29 04:32:04 AM | === Batch 69/250
01/29 04:32:04 AM | loss = 0.502 + 0.012 + 0.016 = 0.531
01/29 04:32:04 AM | === Batch 70/250
01/29 04:32:05 AM | loss = 0.331 + 0.022 + 0.016 = 0.369
01/29 04:32:05 AM | === Batch 71/250
01/29 04:32:05 AM | loss = 0.470 + 0.022 + 0.016 = 0.508
01/29 04:32:05 AM | === Batch 72/250
01/29 04:32:05 AM | loss = 0.465 + 0.016 + 0.015 = 0.497
01/29 04:32:06 AM | === Batch 73/250
01/29 04:32:06 AM | loss = 0.604 + 0.004 + 0.015 = 0.624
01/29 04:32:06 AM | === Batch 74/250
01/29 04:32:06 AM | loss = 0.356 + 0.022 + 0.015 = 0.392
01/29 04:32:06 AM | === Batch 75/250
01/29 04:32:07 AM | loss = 0.521 + 0.007 + 0.015 = 0.543
01/29 04:32:07 AM | === Batch 76/250
01/29 04:32:07 AM | loss = 0.438 + 0.026 + 0.015 = 0.478
01/29 04:32:07 AM | === Batch 77/250
01/29 04:32:08 AM | loss = 0.281 + 0.046 + 0.015 = 0.342
01/29 04:32:08 AM | === Batch 78/250
01/29 04:32:08 AM | loss = 0.362 + 0.058 + 0.014 = 0.435
01/29 04:32:08 AM | === Batch 79/250
01/29 04:32:08 AM | loss = 0.392 + 0.063 + 0.014 = 0.469
01/29 04:32:09 AM | === Batch 80/250
01/29 04:32:09 AM | loss = 0.448 + 0.060 + 0.014 = 0.522
01/29 04:32:09 AM | === Batch 81/250
01/29 04:32:10 AM | loss = 0.292 + 0.050 + 0.014 = 0.356
01/29 04:32:10 AM | === Batch 82/250
01/29 04:32:10 AM | loss = 0.470 + 0.032 + 0.014 = 0.516
01/29 04:32:10 AM | === Batch 83/250
01/29 04:32:11 AM | loss = 0.502 + 0.012 + 0.014 = 0.529
01/29 04:32:11 AM | === Batch 84/250
01/29 04:32:11 AM | loss = 0.437 + 0.027 + 0.015 = 0.478
01/29 04:32:11 AM | === Batch 85/250
01/29 04:32:11 AM | loss = 0.436 + 0.021 + 0.014 = 0.472
01/29 04:32:12 AM | === Batch 86/250
01/29 04:32:12 AM | loss = 0.606 + 0.016 + 0.014 = 0.636
01/29 04:32:12 AM | === Batch 87/250
01/29 04:32:12 AM | loss = 0.492 + 0.035 + 0.014 = 0.541
01/29 04:32:13 AM | === Batch 88/250
01/29 04:32:13 AM | loss = 0.422 + 0.044 + 0.014 = 0.480
01/29 04:32:13 AM | === Batch 89/250
01/29 04:32:13 AM | loss = 0.420 + 0.047 + 0.013 = 0.480
01/29 04:32:14 AM | === Batch 90/250
01/29 04:32:14 AM | loss = 0.483 + 0.043 + 0.013 = 0.540
01/29 04:32:14 AM | === Batch 91/250
01/29 04:32:14 AM | loss = 0.537 + 0.033 + 0.013 = 0.583
01/29 04:32:15 AM | === Batch 92/250
01/29 04:32:15 AM | loss = 0.277 + 0.018 + 0.013 = 0.308
01/29 04:32:15 AM | === Batch 93/250
01/29 04:32:15 AM | loss = 0.482 + 0.008 + 0.013 = 0.503
01/29 04:32:16 AM | === Batch 94/250
01/29 04:32:16 AM | loss = 0.453 + 0.005 + 0.013 = 0.471
01/29 04:32:16 AM | === Batch 95/250
01/29 04:32:16 AM | loss = 0.486 + 0.018 + 0.013 = 0.517
01/29 04:32:16 AM | === Batch 96/250
01/29 04:32:17 AM | loss = 0.332 + 0.030 + 0.013 = 0.375
01/29 04:32:17 AM | === Batch 97/250
01/29 04:32:17 AM | loss = 0.413 + 0.034 + 0.013 = 0.460
01/29 04:32:17 AM | === Batch 98/250
01/29 04:32:17 AM | loss = 0.456 + 0.031 + 0.012 = 0.499
01/29 04:32:18 AM | === Batch 99/250
01/29 04:32:18 AM | loss = 0.531 + 0.022 + 0.012 = 0.565
01/29 04:32:18 AM | === Batch 100/250
01/29 04:32:18 AM | loss = 0.448 + 0.010 + 0.012 = 0.470
01/29 04:32:19 AM | attribution_score[0:12]: 
[ 1.00  0.99  0.05  0.00  0.00  0.87  0.00  0.00  0.00  0.96  0.00  1.00 ]
[ 1.00  0.01  0.99  0.00  0.98  0.96  0.99  0.00  0.99  1.00  0.99  0.24 ]
[ 1.00  0.90  0.00  0.99  0.00  1.00  0.76  0.90  0.00  0.00  0.00  1.00 ]
[ 0.04  0.07  1.00  0.99  0.20  0.99  0.97  0.99  0.08  0.39  0.99  0.79 ]
[ 0.93  0.97  1.00  0.99  0.98  0.98  0.01  0.02  1.00  0.99  0.98  0.99 ]
[ 0.98  0.99  0.01  0.00  0.01  0.06  0.91  0.02  0.91  0.07  0.00  0.99 ]
[ 0.95  0.06  0.02  0.98  1.00  0.06  0.02  0.03  1.00  0.97  1.00  0.03 ]
[ 0.00  0.01  0.00  0.00  0.01  0.99  1.00  0.00  0.99  0.01  0.02  0.19 ]
[ 0.98  1.00  0.00  0.98  0.94  0.00  0.00  0.03  0.98  0.01  1.00  0.99 ]
[ 0.95  0.00  0.00  0.00  1.00  0.93  0.00  0.00  1.00  0.00  0.06  0.11 ]
[ 0.01  1.00  1.00  0.01  0.90  1.00  0.99  1.00  1.00  0.95  1.00  0.99 ]
[ 1.00  1.00  0.99  1.00  1.00  1.00  1.00  1.00  0.02  1.00  1.00  1.00 ]
[ 1.00  1.00  1.00  1.00  1.00  1.00  1.00  1.00  1.00  1.00  1.00  0.00 ]

01/29 04:32:19 AM | === Batch 101/250
01/29 04:32:19 AM | loss = 0.405 + 0.014 + 0.012 = 0.431
01/29 04:32:19 AM | === Batch 102/250
01/29 04:32:19 AM | loss = 0.443 + 0.008 + 0.012 = 0.464
01/29 04:32:19 AM | === Batch 103/250
01/29 04:32:19 AM | loss = 0.604 + 0.018 + 0.012 = 0.634
01/29 04:32:20 AM | === Batch 104/250
01/29 04:32:20 AM | loss = 0.470 + 0.034 + 0.012 = 0.516
01/29 04:32:20 AM | === Batch 105/250
01/29 04:32:20 AM | loss = 0.326 + 0.043 + 0.012 = 0.380
01/29 04:32:21 AM | === Batch 106/250
01/29 04:32:21 AM | loss = 0.407 + 0.045 + 0.012 = 0.464
01/29 04:32:21 AM | === Batch 107/250
01/29 04:32:21 AM | loss = 0.521 + 0.043 + 0.012 = 0.576
01/29 04:32:21 AM | === Batch 108/250
01/29 04:32:22 AM | loss = 0.430 + 0.035 + 0.012 = 0.476
01/29 04:32:22 AM | === Batch 109/250
01/29 04:32:22 AM | loss = 0.300 + 0.022 + 0.012 = 0.334
01/29 04:32:22 AM | === Batch 110/250
01/29 04:32:22 AM | loss = 0.440 + 0.005 + 0.012 = 0.457
01/29 04:32:23 AM | === Batch 111/250
01/29 04:32:23 AM | loss = 0.519 + 0.028 + 0.012 = 0.559
01/29 04:32:23 AM | === Batch 112/250
01/29 04:32:23 AM | loss = 0.461 + 0.027 + 0.012 = 0.500
01/29 04:32:23 AM | === Batch 113/250
01/29 04:32:24 AM | loss = 0.504 + 0.003 + 0.012 = 0.519
01/29 04:32:24 AM | === Batch 114/250
01/29 04:32:24 AM | loss = 0.432 + 0.016 + 0.011 = 0.459
01/29 04:32:24 AM | === Batch 115/250
01/29 04:32:24 AM | loss = 0.389 + 0.023 + 0.011 = 0.424
01/29 04:32:25 AM | === Batch 116/250
01/29 04:32:25 AM | loss = 0.372 + 0.024 + 0.011 = 0.407
01/29 04:32:25 AM | === Batch 117/250
01/29 04:32:25 AM | loss = 0.388 + 0.020 + 0.011 = 0.419
01/29 04:32:25 AM | === Batch 118/250
01/29 04:32:26 AM | loss = 0.309 + 0.011 + 0.011 = 0.331
01/29 04:32:26 AM | === Batch 119/250
01/29 04:32:26 AM | loss = 0.547 + 0.003 + 0.011 = 0.561
01/29 04:32:26 AM | === Batch 120/250
01/29 04:32:27 AM | loss = 0.347 + 0.004 + 0.011 = 0.361
01/29 04:32:27 AM | === Batch 121/250
01/29 04:32:27 AM | loss = 0.320 + 0.003 + 0.011 = 0.334
01/29 04:32:27 AM | === Batch 122/250
01/29 04:32:27 AM | loss = 0.403 + 0.007 + 0.011 = 0.420
01/29 04:32:28 AM | === Batch 123/250
01/29 04:32:28 AM | loss = 0.367 + 0.007 + 0.011 = 0.384
01/29 04:32:28 AM | === Batch 124/250
01/29 04:32:28 AM | loss = 0.429 + 0.011 + 0.010 = 0.451
01/29 04:32:28 AM | === Batch 125/250
01/29 04:32:29 AM | loss = 0.325 + 0.009 + 0.011 = 0.345
01/29 04:32:29 AM | === Batch 126/250
01/29 04:32:29 AM | loss = 0.393 + 0.004 + 0.011 = 0.407
01/29 04:32:29 AM | === Batch 127/250
01/29 04:32:29 AM | loss = 0.411 + 0.013 + 0.011 = 0.434
01/29 04:32:30 AM | === Batch 128/250
01/29 04:32:30 AM | loss = 0.378 + 0.000 + 0.011 = 0.389
01/29 04:32:30 AM | === Batch 129/250
01/29 04:32:30 AM | loss = 0.530 + 0.002 + 0.011 = 0.543
01/29 04:32:30 AM | === Batch 130/250
01/29 04:32:31 AM | loss = 0.364 + 0.003 + 0.011 = 0.377
01/29 04:32:31 AM | === Batch 131/250
01/29 04:32:31 AM | loss = 0.389 + 0.013 + 0.011 = 0.412
01/29 04:32:31 AM | === Batch 132/250
01/29 04:32:31 AM | loss = 0.462 + 0.020 + 0.011 = 0.493
01/29 04:32:32 AM | === Batch 133/250
01/29 04:32:32 AM | loss = 0.393 + 0.022 + 0.011 = 0.425
01/29 04:32:32 AM | === Batch 134/250
01/29 04:32:32 AM | loss = 0.404 + 0.018 + 0.011 = 0.433
01/29 04:32:32 AM | === Batch 135/250
01/29 04:32:33 AM | loss = 0.418 + 0.011 + 0.011 = 0.440
01/29 04:32:33 AM | === Batch 136/250
01/29 04:32:33 AM | loss = 0.778 + 0.004 + 0.011 = 0.793
01/29 04:32:33 AM | === Batch 137/250
01/29 04:32:33 AM | loss = 0.285 + 0.005 + 0.011 = 0.301
01/29 04:32:34 AM | === Batch 138/250
01/29 04:32:34 AM | loss = 0.385 + 0.004 + 0.011 = 0.400
01/29 04:32:34 AM | === Batch 139/250
01/29 04:32:34 AM | loss = 0.472 + 0.004 + 0.011 = 0.487
01/29 04:32:35 AM | === Batch 140/250
01/29 04:32:35 AM | loss = 0.405 + 0.011 + 0.011 = 0.427
01/29 04:32:35 AM | === Batch 141/250
01/29 04:32:35 AM | loss = 0.484 + 0.018 + 0.011 = 0.512
01/29 04:32:35 AM | === Batch 142/250
01/29 04:32:36 AM | loss = 0.594 + 0.019 + 0.011 = 0.624
01/29 04:32:36 AM | === Batch 143/250
01/29 04:32:36 AM | loss = 0.442 + 0.015 + 0.011 = 0.467
01/29 04:32:36 AM | === Batch 144/250
01/29 04:32:36 AM | loss = 0.470 + 0.005 + 0.011 = 0.487
01/29 04:32:37 AM | === Batch 145/250
01/29 04:32:37 AM | loss = 0.379 + 0.011 + 0.011 = 0.401
01/29 04:32:37 AM | === Batch 146/250
01/29 04:32:37 AM | loss = 0.587 + 0.004 + 0.011 = 0.602
01/29 04:32:37 AM | === Batch 147/250
01/29 04:32:38 AM | loss = 0.408 + 0.009 + 0.011 = 0.428
01/29 04:32:38 AM | === Batch 148/250
01/29 04:32:38 AM | loss = 0.403 + 0.007 + 0.011 = 0.421
01/29 04:32:38 AM | === Batch 149/250
01/29 04:32:38 AM | loss = 0.392 + 0.001 + 0.011 = 0.403
01/29 04:32:39 AM | === Batch 150/250
01/29 04:32:39 AM | loss = 0.446 + 0.012 + 0.011 = 0.469
01/29 04:32:39 AM | === Batch 151/250
01/29 04:32:39 AM | loss = 0.293 + 0.017 + 0.011 = 0.321
01/29 04:32:39 AM | === Batch 152/250
01/29 04:32:40 AM | loss = 0.458 + 0.013 + 0.011 = 0.482
01/29 04:32:40 AM | === Batch 153/250
01/29 04:32:40 AM | loss = 0.477 + 0.005 + 0.011 = 0.493
01/29 04:32:40 AM | === Batch 154/250
01/29 04:32:40 AM | loss = 0.558 + 0.017 + 0.011 = 0.586
01/29 04:32:41 AM | === Batch 155/250
01/29 04:32:41 AM | loss = 0.416 + 0.004 + 0.011 = 0.431
01/29 04:32:41 AM | === Batch 156/250
01/29 04:32:41 AM | loss = 0.404 + 0.020 + 0.010 = 0.435
01/29 04:32:42 AM | === Batch 157/250
01/29 04:32:42 AM | loss = 0.333 + 0.035 + 0.010 = 0.378
01/29 04:32:42 AM | === Batch 158/250
01/29 04:32:42 AM | loss = 0.347 + 0.042 + 0.010 = 0.400
01/29 04:32:43 AM | === Batch 159/250
01/29 04:32:43 AM | loss = 0.456 + 0.044 + 0.010 = 0.510
01/29 04:32:43 AM | === Batch 160/250
01/29 04:32:43 AM | loss = 0.278 + 0.041 + 0.010 = 0.329
01/29 04:32:43 AM | === Batch 161/250
01/29 04:32:44 AM | loss = 0.326 + 0.035 + 0.010 = 0.371
01/29 04:32:44 AM | === Batch 162/250
01/29 04:32:44 AM | loss = 0.383 + 0.023 + 0.010 = 0.416
01/29 04:32:44 AM | === Batch 163/250
01/29 04:32:44 AM | loss = 0.534 + 0.008 + 0.010 = 0.552
01/29 04:32:45 AM | === Batch 164/250
01/29 04:32:45 AM | loss = 0.411 + 0.014 + 0.010 = 0.435
01/29 04:32:45 AM | === Batch 165/250
01/29 04:32:45 AM | loss = 0.379 + 0.013 + 0.010 = 0.402
01/29 04:32:45 AM | === Batch 166/250
01/29 04:32:46 AM | loss = 0.375 + 0.009 + 0.010 = 0.393
01/29 04:32:46 AM | === Batch 167/250
01/29 04:32:46 AM | loss = 0.422 + 0.019 + 0.009 = 0.451
01/29 04:32:46 AM | === Batch 168/250
01/29 04:32:46 AM | loss = 0.309 + 0.024 + 0.009 = 0.342
01/29 04:32:47 AM | === Batch 169/250
01/29 04:32:47 AM | loss = 0.348 + 0.023 + 0.009 = 0.381
01/29 04:32:47 AM | === Batch 170/250
01/29 04:32:47 AM | loss = 0.519 + 0.019 + 0.009 = 0.547
01/29 04:32:47 AM | === Batch 171/250
01/29 04:32:48 AM | loss = 0.451 + 0.012 + 0.009 = 0.472
01/29 04:32:48 AM | === Batch 172/250
01/29 04:32:48 AM | loss = 0.431 + 0.001 + 0.009 = 0.442
01/29 04:32:48 AM | === Batch 173/250
01/29 04:32:48 AM | loss = 0.320 + 0.025 + 0.009 = 0.355
01/29 04:32:49 AM | === Batch 174/250
01/29 04:32:49 AM | loss = 0.418 + 0.019 + 0.009 = 0.446
01/29 04:32:49 AM | === Batch 175/250
01/29 04:32:49 AM | loss = 0.472 + 0.010 + 0.009 = 0.491
01/29 04:32:49 AM | === Batch 176/250
01/29 04:32:50 AM | loss = 0.305 + 0.023 + 0.009 = 0.337
01/29 04:32:50 AM | === Batch 177/250
01/29 04:32:50 AM | loss = 0.403 + 0.030 + 0.009 = 0.442
01/29 04:32:50 AM | === Batch 178/250
01/29 04:32:50 AM | loss = 0.349 + 0.032 + 0.009 = 0.389
01/29 04:32:51 AM | === Batch 179/250
01/29 04:32:51 AM | loss = 0.401 + 0.029 + 0.009 = 0.440
01/29 04:32:51 AM | === Batch 180/250
01/29 04:32:51 AM | loss = 0.556 + 0.023 + 0.009 = 0.587
01/29 04:32:51 AM | === Batch 181/250
01/29 04:32:52 AM | loss = 0.452 + 0.011 + 0.009 = 0.472
01/29 04:32:52 AM | === Batch 182/250
01/29 04:32:52 AM | loss = 0.529 + 0.008 + 0.009 = 0.546
01/29 04:32:52 AM | === Batch 183/250
01/29 04:32:52 AM | loss = 0.492 + 0.001 + 0.009 = 0.501
01/29 04:32:53 AM | === Batch 184/250
01/29 04:32:53 AM | loss = 0.358 + 0.017 + 0.009 = 0.384
01/29 04:32:53 AM | === Batch 185/250
01/29 04:32:53 AM | loss = 0.318 + 0.029 + 0.009 = 0.356
01/29 04:32:53 AM | === Batch 186/250
01/29 04:32:54 AM | loss = 0.539 + 0.036 + 0.009 = 0.585
01/29 04:32:54 AM | === Batch 187/250
01/29 04:32:54 AM | loss = 0.315 + 0.038 + 0.009 = 0.362
01/29 04:32:54 AM | === Batch 188/250
01/29 04:32:54 AM | loss = 0.431 + 0.035 + 0.009 = 0.475
01/29 04:32:55 AM | === Batch 189/250
01/29 04:32:55 AM | loss = 0.334 + 0.028 + 0.009 = 0.371
01/29 04:32:55 AM | === Batch 190/250
01/29 04:32:55 AM | loss = 0.407 + 0.018 + 0.009 = 0.433
01/29 04:32:55 AM | === Batch 191/250
01/29 04:32:56 AM | loss = 0.346 + 0.004 + 0.009 = 0.359
01/29 04:32:56 AM | === Batch 192/250
01/29 04:32:56 AM | loss = 0.384 + 0.024 + 0.009 = 0.416
01/29 04:32:56 AM | === Batch 193/250
01/29 04:32:56 AM | loss = 0.547 + 0.016 + 0.009 = 0.572
01/29 04:32:57 AM | === Batch 194/250
01/29 04:32:57 AM | loss = 0.424 + 0.009 + 0.008 = 0.441
01/29 04:32:57 AM | === Batch 195/250
01/29 04:32:57 AM | loss = 0.270 + 0.021 + 0.008 = 0.299
01/29 04:32:57 AM | === Batch 196/250
01/29 04:32:57 AM | loss = 0.328 + 0.027 + 0.008 = 0.363
01/29 04:32:58 AM | === Batch 197/250
01/29 04:32:58 AM | loss = 0.301 + 0.027 + 0.008 = 0.336
01/29 04:32:58 AM | === Batch 198/250
01/29 04:32:58 AM | loss = 0.439 + 0.022 + 0.008 = 0.469
01/29 04:32:58 AM | === Batch 199/250
01/29 04:32:59 AM | loss = 0.491 + 0.016 + 0.008 = 0.515
01/29 04:32:59 AM | === Batch 200/250
01/29 04:32:59 AM | loss = 0.470 + 0.006 + 0.008 = 0.484
01/29 04:32:59 AM | attribution_score[0:12]: 
[ 1.00  1.00  0.02  0.00  0.00  0.96  0.00  0.00  0.00  0.97  0.00  1.00 ]
[ 1.00  0.01  0.99  0.00  0.98  0.97  1.00  0.00  0.99  1.00  1.00  0.07 ]
[ 1.00  0.51  0.00  1.00  0.00  1.00  0.04  0.96  0.00  0.00  0.00  1.00 ]
[ 0.01  0.02  1.00  1.00  0.96  0.99  0.96  0.99  0.26  0.03  0.99  0.95 ]
[ 0.86  0.67  1.00  1.00  0.99  0.98  0.02  0.03  1.00  0.99  0.94  0.99 ]
[ 0.98  0.99  0.01  0.00  0.01  0.10  0.88  0.01  0.13  0.12  0.00  0.99 ]
[ 0.94  0.15  0.01  0.99  1.00  0.02  0.01  0.03  1.00  0.99  1.00  0.73 ]
[ 0.00  0.00  0.00  0.00  0.01  1.00  1.00  0.00  1.00  0.00  0.04  0.02 ]
[ 0.99  1.00  0.00  0.99  0.99  0.00  0.00  0.03  0.99  0.00  1.00  1.00 ]
[ 0.98  0.00  0.00  0.00  1.00  0.96  0.00  0.00  1.00  0.00  0.03  0.04 ]
[ 0.00  1.00  1.00  0.01  0.97  1.00  0.99  1.00  1.00  0.98  1.00  0.99 ]
[ 1.00  1.00  0.99  1.00  1.00  1.00  1.00  1.00  0.01  1.00  1.00  1.00 ]
[ 1.00  1.00  1.00  1.00  1.00  1.00  1.00  1.00  1.00  1.00  1.00  0.00 ]

01/29 04:32:59 AM | === Batch 201/250
01/29 04:32:59 AM | loss = 0.356 + 0.012 + 0.008 = 0.375
01/29 04:33:00 AM | === Batch 202/250
01/29 04:33:00 AM | loss = 0.253 + 0.007 + 0.008 = 0.268
01/29 04:33:00 AM | === Batch 203/250
01/29 04:33:00 AM | loss = 0.500 + 0.012 + 0.008 = 0.520
01/29 04:33:00 AM | === Batch 204/250
01/29 04:33:01 AM | loss = 0.522 + 0.022 + 0.008 = 0.552
01/29 04:33:01 AM | === Batch 205/250
01/29 04:33:01 AM | loss = 0.269 + 0.030 + 0.008 = 0.306
01/29 04:33:01 AM | === Batch 206/250
01/29 04:33:01 AM | loss = 0.414 + 0.032 + 0.008 = 0.455
01/29 04:33:02 AM | === Batch 207/250
01/29 04:33:02 AM | loss = 0.399 + 0.030 + 0.008 = 0.437
01/29 04:33:02 AM | === Batch 208/250
01/29 04:33:02 AM | loss = 0.414 + 0.026 + 0.008 = 0.448
01/29 04:33:03 AM | === Batch 209/250
01/29 04:33:03 AM | loss = 0.344 + 0.019 + 0.008 = 0.371
01/29 04:33:03 AM | === Batch 210/250
01/29 04:33:03 AM | loss = 0.409 + 0.008 + 0.008 = 0.425
01/29 04:33:04 AM | === Batch 211/250
01/29 04:33:04 AM | loss = 0.345 + 0.011 + 0.008 = 0.365
01/29 04:33:04 AM | === Batch 212/250
01/29 04:33:04 AM | loss = 0.289 + 0.007 + 0.008 = 0.304
01/29 04:33:05 AM | === Batch 213/250
01/29 04:33:05 AM | loss = 0.495 + 0.011 + 0.008 = 0.514
01/29 04:33:05 AM | === Batch 214/250
01/29 04:33:05 AM | loss = 0.442 + 0.020 + 0.008 = 0.469
01/29 04:33:06 AM | === Batch 215/250
01/29 04:33:06 AM | loss = 0.255 + 0.025 + 0.008 = 0.287
01/29 04:33:06 AM | === Batch 216/250
01/29 04:33:06 AM | loss = 0.411 + 0.025 + 0.008 = 0.444
01/29 04:33:07 AM | === Batch 217/250
01/29 04:33:07 AM | loss = 0.360 + 0.022 + 0.008 = 0.390
01/29 04:33:07 AM | === Batch 218/250
01/29 04:33:07 AM | loss = 0.485 + 0.016 + 0.008 = 0.509
01/29 04:33:08 AM | === Batch 219/250
01/29 04:33:08 AM | loss = 0.489 + 0.007 + 0.008 = 0.504
01/29 04:33:08 AM | === Batch 220/250
01/29 04:33:09 AM | loss = 0.387 + 0.010 + 0.008 = 0.404
01/29 04:33:09 AM | === Batch 221/250
01/29 04:33:09 AM | loss = 0.496 + 0.007 + 0.008 = 0.511
01/29 04:33:09 AM | === Batch 222/250
01/29 04:33:09 AM | loss = 0.392 + 0.009 + 0.008 = 0.409
01/29 04:33:10 AM | === Batch 223/250
01/29 04:33:10 AM | loss = 0.367 + 0.018 + 0.007 = 0.393
01/29 04:33:10 AM | === Batch 224/250
01/29 04:33:10 AM | loss = 0.302 + 0.021 + 0.007 = 0.331
01/29 04:33:11 AM | === Batch 225/250
01/29 04:33:11 AM | loss = 0.431 + 0.020 + 0.007 = 0.458
01/29 04:33:11 AM | === Batch 226/250
01/29 04:33:11 AM | loss = 0.453 + 0.013 + 0.008 = 0.474
01/29 04:33:12 AM | === Batch 227/250
01/29 04:33:12 AM | loss = 0.565 + 0.005 + 0.008 = 0.578
01/29 04:33:12 AM | === Batch 228/250
01/29 04:33:12 AM | loss = 0.387 + 0.013 + 0.008 = 0.408
01/29 04:33:13 AM | === Batch 229/250
01/29 04:33:13 AM | loss = 0.383 + 0.008 + 0.008 = 0.399
01/29 04:33:13 AM | === Batch 230/250
01/29 04:33:13 AM | loss = 0.314 + 0.012 + 0.008 = 0.333
01/29 04:33:14 AM | === Batch 231/250
01/29 04:33:14 AM | loss = 0.480 + 0.022 + 0.007 = 0.509
01/29 04:33:14 AM | === Batch 232/250
01/29 04:33:15 AM | loss = 0.272 + 0.027 + 0.007 = 0.307
01/29 04:33:15 AM | === Batch 233/250
01/29 04:33:15 AM | loss = 0.388 + 0.028 + 0.007 = 0.423
01/29 04:33:15 AM | === Batch 234/250
01/29 04:33:16 AM | loss = 0.384 + 0.027 + 0.007 = 0.418
01/29 04:33:16 AM | === Batch 235/250
01/29 04:33:16 AM | loss = 0.316 + 0.022 + 0.007 = 0.345
01/29 04:33:16 AM | === Batch 236/250
01/29 04:33:17 AM | loss = 0.303 + 0.013 + 0.007 = 0.323
01/29 04:33:17 AM | === Batch 237/250
01/29 04:33:17 AM | loss = 0.221 + 0.004 + 0.007 = 0.232
01/29 04:33:17 AM | === Batch 238/250
01/29 04:33:18 AM | loss = 0.343 + 0.020 + 0.008 = 0.370
01/29 04:33:18 AM | === Batch 239/250
01/29 04:33:18 AM | loss = 0.312 + 0.019 + 0.008 = 0.339
01/29 04:33:18 AM | === Batch 240/250
01/29 04:33:19 AM | loss = 0.480 + 0.003 + 0.007 = 0.491
01/29 04:33:19 AM | === Batch 241/250
01/29 04:33:19 AM | loss = 0.377 + 0.011 + 0.007 = 0.395
01/29 04:33:19 AM | === Batch 242/250
01/29 04:33:20 AM | loss = 0.499 + 0.014 + 0.007 = 0.520
01/29 04:33:20 AM | === Batch 243/250
01/29 04:33:20 AM | loss = 0.418 + 0.011 + 0.007 = 0.437
01/29 04:33:20 AM | === Batch 244/250
01/29 04:33:21 AM | loss = 0.325 + 0.004 + 0.008 = 0.337
01/29 04:33:21 AM | === Batch 245/250
01/29 04:33:21 AM | loss = 0.394 + 0.012 + 0.008 = 0.414
01/29 04:33:21 AM | === Batch 246/250
01/29 04:33:22 AM | loss = 0.408 + 0.007 + 0.008 = 0.422
01/29 04:33:22 AM | === Batch 247/250
01/29 04:33:22 AM | loss = 0.459 + 0.011 + 0.008 = 0.477
01/29 04:33:22 AM | === Batch 248/250
01/29 04:33:23 AM | loss = 0.431 + 0.021 + 0.007 = 0.460
01/29 04:33:23 AM | === Batch 249/250
01/29 04:33:23 AM | loss = 0.406 + 0.024 + 0.007 = 0.437
01/29 04:33:23 AM | === Batch 250/250
01/29 04:33:24 AM | loss = 0.396 + 0.023 + 0.007 = 0.427
01/29 04:33:24 AM | ===
Best loss was 0.23 at iteration 237

01/29 04:33:24 AM | Looking for optimal threshold...
01/29 04:33:24 AM | Testing threshold 0.5
01/29 04:33:24 AM | Distance to target: 2,059,064
01/29 04:33:24 AM | Testing threshold 0.75
01/29 04:33:24 AM | Distance to target: 2,681,824
01/29 04:33:24 AM | Testing threshold 0.625
01/29 04:33:24 AM | Distance to target: 29,736
01/29 04:33:26 AM | attribution_score[0:12]: 
[ 1.00  1.00  0.00  0.00  0.00  1.00  0.00  0.00  0.00  1.00  0.00  1.00 ]
[ 1.00  0.00  1.00  0.00  1.00  1.00  1.00  0.00  1.00  1.00  1.00  0.00 ]
[ 1.00  1.00  0.00  1.00  0.00  1.00  0.00  1.00  0.00  0.00  0.00  1.00 ]
[ 0.00  0.00  1.00  1.00  1.00  1.00  1.00  1.00  0.00  0.00  1.00  1.00 ]
[ 1.00  0.00  1.00  1.00  1.00  1.00  0.00  0.00  1.00  1.00  1.00  1.00 ]
[ 1.00  1.00  0.00  0.00  0.00  0.00  0.00  0.00  0.00  0.00  0.00  1.00 ]
[ 1.00  1.00  0.00  1.00  1.00  0.00  0.00  0.00  1.00  1.00  1.00  1.00 ]
[ 0.00  0.00  0.00  0.00  0.00  1.00  1.00  0.00  1.00  0.00  0.00  0.00 ]
[ 1.00  1.00  0.00  1.00  1.00  0.00  0.00  0.00  1.00  0.00  1.00  1.00 ]
[ 1.00  0.00  0.00  0.00  1.00  1.00  0.00  0.00  1.00  0.00  0.00  0.00 ]
[ 0.00  1.00  1.00  0.00  1.00  1.00  1.00  1.00  1.00  1.00  1.00  1.00 ]
[ 1.00  1.00  1.00  1.00  1.00  1.00  1.00  1.00  0.00  1.00  1.00  1.00 ]
[ 1.00  1.00  1.00  1.00  1.00  1.00  1.00  1.00  1.00  1.00  1.00  0.00 ]

01/29 04:33:26 AM | VGG(
  (features): Sequential(
    (conv0): Conv2d(3, 26, kernel_size=(3, 3), stride=(1, 1), padding=(1, 1))
    (norm0): BatchNorm2d(26, eps=1e-05, momentum=0.1, affine=True, track_running_stats=True)
    (relu0): ReLU(inplace=True)
    (conv1): Conv2d(26, 48, kernel_size=(3, 3), stride=(1, 1), padding=(1, 1))
    (norm1): BatchNorm2d(48, eps=1e-05, momentum=0.1, affine=True, track_running_stats=True)
    (relu1): ReLU(inplace=True)
    (pool2): MaxPool2d(kernel_size=2, stride=2, padding=0, dilation=1, ceil_mode=False)
    (conv3): Conv2d(48, 74, kernel_size=(3, 3), stride=(1, 1), padding=(1, 1))
    (norm3): BatchNorm2d(74, eps=1e-05, momentum=0.1, affine=True, track_running_stats=True)
    (relu3): ReLU(inplace=True)
    (conv4): Conv2d(74, 98, kernel_size=(3, 3), stride=(1, 1), padding=(1, 1))
    (norm4): BatchNorm2d(98, eps=1e-05, momentum=0.1, affine=True, track_running_stats=True)
    (relu4): ReLU(inplace=True)
    (pool5): MaxPool2d(kernel_size=2, stride=2, padding=0, dilation=1, ceil_mode=False)
    (conv6): Conv2d(98, 160, kernel_size=(3, 3), stride=(1, 1), padding=(1, 1))
    (norm6): BatchNorm2d(160, eps=1e-05, momentum=0.1, affine=True, track_running_stats=True)
    (relu6): ReLU(inplace=True)
    (conv7): Conv2d(160, 137, kernel_size=(3, 3), stride=(1, 1), padding=(1, 1))
    (norm7): BatchNorm2d(137, eps=1e-05, momentum=0.1, affine=True, track_running_stats=True)
    (relu7): ReLU(inplace=True)
    (conv8): Conv2d(137, 155, kernel_size=(3, 3), stride=(1, 1), padding=(1, 1))
    (norm8): BatchNorm2d(155, eps=1e-05, momentum=0.1, affine=True, track_running_stats=True)
    (relu8): ReLU(inplace=True)
    (pool9): MaxPool2d(kernel_size=2, stride=2, padding=0, dilation=1, ceil_mode=False)
    (conv10): Conv2d(155, 230, kernel_size=(3, 3), stride=(1, 1), padding=(1, 1))
    (norm10): BatchNorm2d(230, eps=1e-05, momentum=0.1, affine=True, track_running_stats=True)
    (relu10): ReLU(inplace=True)
    (conv11): Conv2d(230, 184, kernel_size=(3, 3), stride=(1, 1), padding=(1, 1))
    (norm11): BatchNorm2d(184, eps=1e-05, momentum=0.1, affine=True, track_running_stats=True)
    (relu11): ReLU(inplace=True)
    (conv12): Conv2d(184, 256, kernel_size=(3, 3), stride=(1, 1), padding=(1, 1))
    (norm12): BatchNorm2d(256, eps=1e-05, momentum=0.1, affine=True, track_running_stats=True)
    (relu12): ReLU(inplace=True)
    (pool13): MaxPool2d(kernel_size=2, stride=2, padding=0, dilation=1, ceil_mode=False)
    (conv14): Conv2d(256, 397, kernel_size=(3, 3), stride=(1, 1), padding=(1, 1))
    (norm14): BatchNorm2d(397, eps=1e-05, momentum=0.1, affine=True, track_running_stats=True)
    (relu14): ReLU(inplace=True)
    (conv15): Conv2d(397, 461, kernel_size=(3, 3), stride=(1, 1), padding=(1, 1))
    (norm15): BatchNorm2d(461, eps=1e-05, momentum=0.1, affine=True, track_running_stats=True)
    (relu15): ReLU(inplace=True)
    (conv16): Conv2d(461, 509, kernel_size=(3, 3), stride=(1, 1), padding=(1, 1))
    (norm16): BatchNorm2d(509, eps=1e-05, momentum=0.1, affine=True, track_running_stats=True)
    (relu16): ReLU(inplace=True)
  )
  (classifier): Sequential(
    (linear1): Linear(in_features=509, out_features=512, bias=True)
    (norm1): BatchNorm1d(512, eps=1e-05, momentum=0.1, affine=True, track_running_stats=True)
    (relu1): ReLU(inplace=True)
    (linear2): Linear(in_features=512, out_features=10, bias=True)
  )
)
01/29 04:33:27 AM | ----------------------------------------
01/29 04:33:27 AM | Performances input model:
01/29 04:33:27 AM |  - flops: 314,294,272
01/29 04:33:27 AM |  - params: 14,991,946
01/29 04:33:27 AM |  - accuracy: 93.95999908447266
01/29 04:33:27 AM | ----------------------------------------
01/29 04:33:27 AM | Performances pseudo-pruned model:
01/29 04:33:27 AM |  - flops: 314,294,272
01/29 04:33:27 AM |  - params: 14,991,946
01/29 04:33:27 AM |  - accuracy: 82.68999481201172
01/29 04:33:27 AM | ----------------------------------------
01/29 04:33:27 AM | Performances pruned model:
01/29 04:33:27 AM |  - flops: 108,468,700
01/29 04:33:27 AM |  - params: 6,713,512
01/29 04:33:27 AM |  - accuracy: 82.68999481201172
01/29 04:33:27 AM | ----------------------------------------
01/29 04:33:27 AM | Total time: 119.31s
