01/29 04:27:32 AM | args = Namespace(output_dir='result/rebuttal/nb_epoch/vgg/nbbtchs230/seed_01', loaded_model_path='./checkpoints/cifar10/vgg_16_bn.pt', resume=False, test_only=False, mode='prune', batch_size=64, nb_batches=230, Mflops_target=None, lr=0.6, momentum=0.9, beta=6, gamma=0.4, gpu='0', num_workers=4, dataset='cifar10', arch='vgg_16_bn', save_plot=False, seed=1, lr_finetuning=0.02, epoch_finetuning=200, wd=0.002, data_dir='./data/cifar10/', print_freq=200, num_classes=10, device_ids=[0], device=device(type='cuda', index=0), name_base='')
01/29 04:27:37 AM | ----------------------------------------
01/29 04:27:37 AM | ==> Building model...
01/29 04:27:37 AM | ----------------------------------------
01/29 04:27:37 AM | ==> Loading weights into the model...
01/29 04:27:37 AM | ----------------------------------------
01/29 04:27:37 AM | VGG(
  (features): Sequential(
    (conv0): Conv2d(3, 64, kernel_size=(3, 3), stride=(1, 1), padding=(1, 1))
    (norm0): BatchNorm2d(64, eps=1e-05, momentum=0.1, affine=True, track_running_stats=True)
    (relu0): ReLU(inplace=True)
    (conv1): Conv2d(64, 64, kernel_size=(3, 3), stride=(1, 1), padding=(1, 1))
    (norm1): BatchNorm2d(64, eps=1e-05, momentum=0.1, affine=True, track_running_stats=True)
    (relu1): ReLU(inplace=True)
    (pool2): MaxPool2d(kernel_size=2, stride=2, padding=0, dilation=1, ceil_mode=False)
    (conv3): Conv2d(64, 128, kernel_size=(3, 3), stride=(1, 1), padding=(1, 1))
    (norm3): BatchNorm2d(128, eps=1e-05, momentum=0.1, affine=True, track_running_stats=True)
    (relu3): ReLU(inplace=True)
    (conv4): Conv2d(128, 128, kernel_size=(3, 3), stride=(1, 1), padding=(1, 1))
    (norm4): BatchNorm2d(128, eps=1e-05, momentum=0.1, affine=True, track_running_stats=True)
    (relu4): ReLU(inplace=True)
    (pool5): MaxPool2d(kernel_size=2, stride=2, padding=0, dilation=1, ceil_mode=False)
    (conv6): Conv2d(128, 256, kernel_size=(3, 3), stride=(1, 1), padding=(1, 1))
    (norm6): BatchNorm2d(256, eps=1e-05, momentum=0.1, affine=True, track_running_stats=True)
    (relu6): ReLU(inplace=True)
    (conv7): Conv2d(256, 256, kernel_size=(3, 3), stride=(1, 1), padding=(1, 1))
    (norm7): BatchNorm2d(256, eps=1e-05, momentum=0.1, affine=True, track_running_stats=True)
    (relu7): ReLU(inplace=True)
    (conv8): Conv2d(256, 256, kernel_size=(3, 3), stride=(1, 1), padding=(1, 1))
    (norm8): BatchNorm2d(256, eps=1e-05, momentum=0.1, affine=True, track_running_stats=True)
    (relu8): ReLU(inplace=True)
    (pool9): MaxPool2d(kernel_size=2, stride=2, padding=0, dilation=1, ceil_mode=False)
    (conv10): Conv2d(256, 512, kernel_size=(3, 3), stride=(1, 1), padding=(1, 1))
    (norm10): BatchNorm2d(512, eps=1e-05, momentum=0.1, affine=True, track_running_stats=True)
    (relu10): ReLU(inplace=True)
    (conv11): Conv2d(512, 512, kernel_size=(3, 3), stride=(1, 1), padding=(1, 1))
    (norm11): BatchNorm2d(512, eps=1e-05, momentum=0.1, affine=True, track_running_stats=True)
    (relu11): ReLU(inplace=True)
    (conv12): Conv2d(512, 512, kernel_size=(3, 3), stride=(1, 1), padding=(1, 1))
    (norm12): BatchNorm2d(512, eps=1e-05, momentum=0.1, affine=True, track_running_stats=True)
    (relu12): ReLU(inplace=True)
    (pool13): MaxPool2d(kernel_size=2, stride=2, padding=0, dilation=1, ceil_mode=False)
    (conv14): Conv2d(512, 512, kernel_size=(3, 3), stride=(1, 1), padding=(1, 1))
    (norm14): BatchNorm2d(512, eps=1e-05, momentum=0.1, affine=True, track_running_stats=True)
    (relu14): ReLU(inplace=True)
    (conv15): Conv2d(512, 512, kernel_size=(3, 3), stride=(1, 1), padding=(1, 1))
    (norm15): BatchNorm2d(512, eps=1e-05, momentum=0.1, affine=True, track_running_stats=True)
    (relu15): ReLU(inplace=True)
    (conv16): Conv2d(512, 512, kernel_size=(3, 3), stride=(1, 1), padding=(1, 1))
    (norm16): BatchNorm2d(512, eps=1e-05, momentum=0.1, affine=True, track_running_stats=True)
    (relu16): ReLU(inplace=True)
  )
  (classifier): Sequential(
    (linear1): Linear(in_features=512, out_features=512, bias=True)
    (norm1): BatchNorm1d(512, eps=1e-05, momentum=0.1, affine=True, track_running_stats=True)
    (relu1): ReLU(inplace=True)
    (linear2): Linear(in_features=512, out_features=10, bias=True)
  )
)
01/29 04:27:39 AM | Save modules info...
01/29 04:27:39 AM | FLOPS pruning ratio is 0.65
01/29 04:27:39 AM | Pruning with information flow
01/29 04:27:39 AM | -----
01/29 04:27:39 AM | module: Conv2d(3, 64, kernel_size=(3, 3), stride=(1, 1), padding=(1, 1))
01/29 04:27:39 AM | cin: None
01/29 04:27:39 AM | cout: [0]
01/29 04:27:39 AM | inactive
01/29 04:27:39 AM | -----
01/29 04:27:39 AM | module: BatchNorm2d(64, eps=1e-05, momentum=0.1, affine=True, track_running_stats=True)
01/29 04:27:39 AM | cin: [0]
01/29 04:27:39 AM | cout: [0]
01/29 04:27:39 AM | inactive
01/29 04:27:39 AM | -----
01/29 04:27:39 AM | module: ReLU(inplace=True)
01/29 04:27:39 AM | cin: [0]
01/29 04:27:39 AM | cout: [0]
01/29 04:27:39 AM | active
01/29 04:27:39 AM | -----
01/29 04:27:39 AM | module: Conv2d(64, 64, kernel_size=(3, 3), stride=(1, 1), padding=(1, 1))
01/29 04:27:39 AM | cin: [0]
01/29 04:27:39 AM | cout: [1]
01/29 04:27:39 AM | inactive
01/29 04:27:39 AM | -----
01/29 04:27:39 AM | module: BatchNorm2d(64, eps=1e-05, momentum=0.1, affine=True, track_running_stats=True)
01/29 04:27:39 AM | cin: [1]
01/29 04:27:39 AM | cout: [1]
01/29 04:27:39 AM | inactive
01/29 04:27:39 AM | -----
01/29 04:27:39 AM | module: ReLU(inplace=True)
01/29 04:27:39 AM | cin: [1]
01/29 04:27:39 AM | cout: [1]
01/29 04:27:39 AM | active
01/29 04:27:39 AM | -----
01/29 04:27:39 AM | module: MaxPool2d(kernel_size=2, stride=2, padding=0, dilation=1, ceil_mode=False)
01/29 04:27:39 AM | cin: [1]
01/29 04:27:39 AM | cout: [1]
01/29 04:27:39 AM | inactive
01/29 04:27:39 AM | -----
01/29 04:27:39 AM | module: Conv2d(64, 128, kernel_size=(3, 3), stride=(1, 1), padding=(1, 1))
01/29 04:27:39 AM | cin: [1]
01/29 04:27:39 AM | cout: [2]
01/29 04:27:39 AM | inactive
01/29 04:27:39 AM | -----
01/29 04:27:39 AM | module: BatchNorm2d(128, eps=1e-05, momentum=0.1, affine=True, track_running_stats=True)
01/29 04:27:39 AM | cin: [2]
01/29 04:27:39 AM | cout: [2]
01/29 04:27:39 AM | inactive
01/29 04:27:39 AM | -----
01/29 04:27:39 AM | module: ReLU(inplace=True)
01/29 04:27:39 AM | cin: [2]
01/29 04:27:39 AM | cout: [2]
01/29 04:27:39 AM | active
01/29 04:27:39 AM | -----
01/29 04:27:39 AM | module: Conv2d(128, 128, kernel_size=(3, 3), stride=(1, 1), padding=(1, 1))
01/29 04:27:39 AM | cin: [2]
01/29 04:27:39 AM | cout: [3]
01/29 04:27:39 AM | inactive
01/29 04:27:39 AM | -----
01/29 04:27:39 AM | module: BatchNorm2d(128, eps=1e-05, momentum=0.1, affine=True, track_running_stats=True)
01/29 04:27:39 AM | cin: [3]
01/29 04:27:39 AM | cout: [3]
01/29 04:27:39 AM | inactive
01/29 04:27:39 AM | -----
01/29 04:27:39 AM | module: ReLU(inplace=True)
01/29 04:27:39 AM | cin: [3]
01/29 04:27:39 AM | cout: [3]
01/29 04:27:39 AM | active
01/29 04:27:39 AM | -----
01/29 04:27:39 AM | module: MaxPool2d(kernel_size=2, stride=2, padding=0, dilation=1, ceil_mode=False)
01/29 04:27:39 AM | cin: [3]
01/29 04:27:39 AM | cout: [3]
01/29 04:27:39 AM | inactive
01/29 04:27:39 AM | -----
01/29 04:27:39 AM | module: Conv2d(128, 256, kernel_size=(3, 3), stride=(1, 1), padding=(1, 1))
01/29 04:27:39 AM | cin: [3]
01/29 04:27:39 AM | cout: [4]
01/29 04:27:39 AM | inactive
01/29 04:27:39 AM | -----
01/29 04:27:39 AM | module: BatchNorm2d(256, eps=1e-05, momentum=0.1, affine=True, track_running_stats=True)
01/29 04:27:39 AM | cin: [4]
01/29 04:27:39 AM | cout: [4]
01/29 04:27:39 AM | inactive
01/29 04:27:39 AM | -----
01/29 04:27:39 AM | module: ReLU(inplace=True)
01/29 04:27:39 AM | cin: [4]
01/29 04:27:39 AM | cout: [4]
01/29 04:27:39 AM | active
01/29 04:27:39 AM | -----
01/29 04:27:39 AM | module: Conv2d(256, 256, kernel_size=(3, 3), stride=(1, 1), padding=(1, 1))
01/29 04:27:39 AM | cin: [4]
01/29 04:27:39 AM | cout: [5]
01/29 04:27:39 AM | inactive
01/29 04:27:39 AM | -----
01/29 04:27:39 AM | module: BatchNorm2d(256, eps=1e-05, momentum=0.1, affine=True, track_running_stats=True)
01/29 04:27:39 AM | cin: [5]
01/29 04:27:39 AM | cout: [5]
01/29 04:27:39 AM | inactive
01/29 04:27:39 AM | -----
01/29 04:27:39 AM | module: ReLU(inplace=True)
01/29 04:27:39 AM | cin: [5]
01/29 04:27:39 AM | cout: [5]
01/29 04:27:39 AM | active
01/29 04:27:39 AM | -----
01/29 04:27:39 AM | module: Conv2d(256, 256, kernel_size=(3, 3), stride=(1, 1), padding=(1, 1))
01/29 04:27:39 AM | cin: [5]
01/29 04:27:39 AM | cout: [6]
01/29 04:27:39 AM | inactive
01/29 04:27:39 AM | -----
01/29 04:27:39 AM | module: BatchNorm2d(256, eps=1e-05, momentum=0.1, affine=True, track_running_stats=True)
01/29 04:27:39 AM | cin: [6]
01/29 04:27:39 AM | cout: [6]
01/29 04:27:39 AM | inactive
01/29 04:27:39 AM | -----
01/29 04:27:39 AM | module: ReLU(inplace=True)
01/29 04:27:39 AM | cin: [6]
01/29 04:27:39 AM | cout: [6]
01/29 04:27:39 AM | active
01/29 04:27:39 AM | -----
01/29 04:27:39 AM | module: MaxPool2d(kernel_size=2, stride=2, padding=0, dilation=1, ceil_mode=False)
01/29 04:27:39 AM | cin: [6]
01/29 04:27:39 AM | cout: [6]
01/29 04:27:39 AM | inactive
01/29 04:27:39 AM | -----
01/29 04:27:39 AM | module: Conv2d(256, 512, kernel_size=(3, 3), stride=(1, 1), padding=(1, 1))
01/29 04:27:39 AM | cin: [6]
01/29 04:27:39 AM | cout: [7]
01/29 04:27:39 AM | inactive
01/29 04:27:39 AM | -----
01/29 04:27:39 AM | module: BatchNorm2d(512, eps=1e-05, momentum=0.1, affine=True, track_running_stats=True)
01/29 04:27:39 AM | cin: [7]
01/29 04:27:39 AM | cout: [7]
01/29 04:27:39 AM | inactive
01/29 04:27:39 AM | -----
01/29 04:27:39 AM | module: ReLU(inplace=True)
01/29 04:27:39 AM | cin: [7]
01/29 04:27:39 AM | cout: [7]
01/29 04:27:39 AM | active
01/29 04:27:39 AM | -----
01/29 04:27:39 AM | module: Conv2d(512, 512, kernel_size=(3, 3), stride=(1, 1), padding=(1, 1))
01/29 04:27:39 AM | cin: [7]
01/29 04:27:39 AM | cout: [8]
01/29 04:27:39 AM | inactive
01/29 04:27:39 AM | -----
01/29 04:27:39 AM | module: BatchNorm2d(512, eps=1e-05, momentum=0.1, affine=True, track_running_stats=True)
01/29 04:27:39 AM | cin: [8]
01/29 04:27:39 AM | cout: [8]
01/29 04:27:39 AM | inactive
01/29 04:27:39 AM | -----
01/29 04:27:39 AM | module: ReLU(inplace=True)
01/29 04:27:39 AM | cin: [8]
01/29 04:27:39 AM | cout: [8]
01/29 04:27:39 AM | active
01/29 04:27:39 AM | -----
01/29 04:27:39 AM | module: Conv2d(512, 512, kernel_size=(3, 3), stride=(1, 1), padding=(1, 1))
01/29 04:27:39 AM | cin: [8]
01/29 04:27:39 AM | cout: [9]
01/29 04:27:39 AM | inactive
01/29 04:27:39 AM | -----
01/29 04:27:39 AM | module: BatchNorm2d(512, eps=1e-05, momentum=0.1, affine=True, track_running_stats=True)
01/29 04:27:39 AM | cin: [9]
01/29 04:27:39 AM | cout: [9]
01/29 04:27:39 AM | inactive
01/29 04:27:39 AM | -----
01/29 04:27:39 AM | module: ReLU(inplace=True)
01/29 04:27:39 AM | cin: [9]
01/29 04:27:39 AM | cout: [9]
01/29 04:27:39 AM | active
01/29 04:27:39 AM | -----
01/29 04:27:39 AM | module: MaxPool2d(kernel_size=2, stride=2, padding=0, dilation=1, ceil_mode=False)
01/29 04:27:39 AM | cin: [9]
01/29 04:27:39 AM | cout: [9]
01/29 04:27:39 AM | inactive
01/29 04:27:39 AM | -----
01/29 04:27:39 AM | module: Conv2d(512, 512, kernel_size=(3, 3), stride=(1, 1), padding=(1, 1))
01/29 04:27:39 AM | cin: [9]
01/29 04:27:39 AM | cout: [10]
01/29 04:27:39 AM | inactive
01/29 04:27:39 AM | -----
01/29 04:27:39 AM | module: BatchNorm2d(512, eps=1e-05, momentum=0.1, affine=True, track_running_stats=True)
01/29 04:27:39 AM | cin: [10]
01/29 04:27:39 AM | cout: [10]
01/29 04:27:39 AM | inactive
01/29 04:27:39 AM | -----
01/29 04:27:39 AM | module: ReLU(inplace=True)
01/29 04:27:39 AM | cin: [10]
01/29 04:27:39 AM | cout: [10]
01/29 04:27:39 AM | active
01/29 04:27:39 AM | -----
01/29 04:27:39 AM | module: Conv2d(512, 512, kernel_size=(3, 3), stride=(1, 1), padding=(1, 1))
01/29 04:27:39 AM | cin: [10]
01/29 04:27:39 AM | cout: [11]
01/29 04:27:39 AM | inactive
01/29 04:27:39 AM | -----
01/29 04:27:39 AM | module: BatchNorm2d(512, eps=1e-05, momentum=0.1, affine=True, track_running_stats=True)
01/29 04:27:39 AM | cin: [11]
01/29 04:27:39 AM | cout: [11]
01/29 04:27:39 AM | inactive
01/29 04:27:39 AM | -----
01/29 04:27:39 AM | module: ReLU(inplace=True)
01/29 04:27:39 AM | cin: [11]
01/29 04:27:39 AM | cout: [11]
01/29 04:27:39 AM | active
01/29 04:27:39 AM | -----
01/29 04:27:39 AM | module: Conv2d(512, 512, kernel_size=(3, 3), stride=(1, 1), padding=(1, 1))
01/29 04:27:39 AM | cin: [11]
01/29 04:27:39 AM | cout: [12]
01/29 04:27:39 AM | inactive
01/29 04:27:39 AM | -----
01/29 04:27:39 AM | module: BatchNorm2d(512, eps=1e-05, momentum=0.1, affine=True, track_running_stats=True)
01/29 04:27:39 AM | cin: [12]
01/29 04:27:39 AM | cout: [12]
01/29 04:27:39 AM | inactive
01/29 04:27:39 AM | -----
01/29 04:27:39 AM | module: ReLU(inplace=True)
01/29 04:27:39 AM | cin: [12]
01/29 04:27:39 AM | cout: [12]
01/29 04:27:39 AM | active
01/29 04:27:39 AM | -----
01/29 04:27:39 AM | module: Linear(in_features=512, out_features=512, bias=True)
01/29 04:27:39 AM | cin: [12]
01/29 04:27:39 AM | cout: None
01/29 04:27:39 AM | inactive
01/29 04:27:39 AM | -----
01/29 04:27:39 AM | module: ReLU(inplace=True)
01/29 04:27:39 AM | cin: None
01/29 04:27:39 AM | cout: None
01/29 04:27:39 AM | active
01/29 04:27:39 AM | -----
01/29 04:27:39 AM | module: Linear(in_features=512, out_features=10, bias=True)
01/29 04:27:39 AM | cin: None
01/29 04:27:39 AM | cout: None
01/29 04:27:39 AM | inactive
01/29 04:27:39 AM | Used masks: [0, 1, 2, 3, 4, 5, 6, 7, 8, 9, 10, 11, 12]
01/29 04:27:39 AM | 13 unique masks in total
01/29 04:27:39 AM | === Batch 1/230
01/29 04:27:40 AM | loss = 0.121 + 4.266 + 0.040 = 4.427
01/29 04:27:40 AM | attribution_score[0:12]: 
[ 0.94  0.94  0.83  0.83  0.83  0.83  0.83  0.83  0.83  0.94  0.83  0.83 ]
[ 0.83  0.83  0.94  0.83  0.94  0.83  0.83  0.83  0.83  0.94  0.83  0.83 ]
[ 0.83  0.94  0.83  0.83  0.83  0.83  0.83  0.94  0.83  0.83  0.83  0.94 ]
[ 0.83  0.83  0.83  0.83  0.83  0.83  0.83  0.83  0.94  0.83  0.83  0.94 ]
[ 0.83  0.83  0.94  0.83  0.83  0.83  0.94  0.83  0.94  0.94  0.83  0.83 ]
[ 0.83  0.83  0.94  0.83  0.83  0.83  0.83  0.83  0.83  0.83  0.83  0.83 ]
[ 0.83  0.83  0.83  0.83  0.94  0.83  0.83  0.83  0.83  0.94  0.83  0.83 ]
[ 0.83  0.83  0.83  0.83  0.83  0.83  0.83  0.83  0.83  0.83  0.83  0.83 ]
[ 0.83  0.83  0.83  0.83  0.83  0.83  0.83  0.83  0.83  0.83  0.83  0.83 ]
[ 0.83  0.83  0.83  0.83  0.83  0.83  0.83  0.83  0.83  0.83  0.83  0.83 ]
[ 0.83  0.83  0.83  0.83  0.83  0.83  0.83  0.83  0.83  0.83  0.94  0.83 ]
[ 0.83  0.83  0.83  0.83  0.83  0.83  0.83  0.94  0.83  0.83  0.83  0.83 ]
[ 0.94  0.94  0.94  0.83  0.94  0.94  0.83  0.94  0.83  0.94  0.94  0.83 ]

01/29 04:27:40 AM | === Batch 2/230
01/29 04:27:40 AM | loss = 0.130 + 3.498 + 0.058 = 3.685
01/29 04:27:41 AM | attribution_score[0:12]: 
[ 0.96  0.97  0.73  0.73  0.73  0.74  0.74  0.73  0.73  0.91  0.73  0.86 ]
[ 0.87  0.73  0.92  0.73  0.97  0.75  0.86  0.73  0.73  0.94  0.73  0.73 ]
[ 0.88  0.96  0.73  0.87  0.73  0.86  0.84  0.95  0.75  0.74  0.74  0.97 ]
[ 0.75  0.74  0.75  0.84  0.73  0.76  0.76  0.73  0.96  0.73  0.78  0.96 ]
[ 0.73  0.73  0.96  0.73  0.74  0.73  0.93  0.77  0.95  0.92  0.74  0.74 ]
[ 0.75  0.73  0.92  0.74  0.73  0.74  0.74  0.76  0.73  0.73  0.73  0.74 ]
[ 0.79  0.74  0.75  0.73  0.96  0.73  0.73  0.73  0.74  0.95  0.73  0.73 ]
[ 0.73  0.74  0.73  0.84  0.79  0.73  0.77  0.73  0.81  0.75  0.73  0.73 ]
[ 0.73  0.73  0.73  0.73  0.73  0.73  0.73  0.74  0.73  0.73  0.73  0.74 ]
[ 0.73  0.73  0.73  0.73  0.75  0.73  0.73  0.73  0.74  0.73  0.73  0.73 ]
[ 0.73  0.79  0.75  0.73  0.73  0.78  0.74  0.78  0.74  0.73  0.97  0.73 ]
[ 0.88  0.88  0.73  0.73  0.88  0.73  0.83  0.97  0.73  0.88  0.77  0.73 ]
[ 0.97  0.97  0.97  0.74  0.97  0.97  0.82  0.97  0.87  0.97  0.97  0.74 ]

01/29 04:27:41 AM | === Batch 3/230
01/29 04:27:41 AM | loss = 0.481 + 2.548 + 0.081 = 3.109
01/29 04:27:41 AM | attribution_score[0:12]: 
[ 0.98  0.97  0.60  0.60  0.61  0.61  0.62  0.60  0.60  0.87  0.61  0.87 ]
[ 0.84  0.60  0.89  0.60  0.97  0.67  0.85  0.60  0.70  0.95  0.60  0.61 ]
[ 0.91  0.97  0.60  0.90  0.61  0.90  0.81  0.95  0.64  0.63  0.62  0.97 ]
[ 0.66  0.62  0.77  0.87  0.72  0.76  0.65  0.60  0.97  0.60  0.69  0.97 ]
[ 0.60  0.65  0.96  0.64  0.71  0.74  0.89  0.75  0.96  0.89  0.63  0.63 ]
[ 0.65  0.79  0.88  0.63  0.61  0.62  0.65  0.65  0.61  0.60  0.60  0.72 ]
[ 0.77  0.62  0.73  0.64  0.97  0.61  0.61  0.60  0.63  0.97  0.77  0.61 ]
[ 0.60  0.62  0.60  0.82  0.71  0.66  0.73  0.60  0.81  0.65  0.60  0.60 ]
[ 0.60  0.61  0.60  0.60  0.61  0.60  0.60  0.61  0.63  0.60  0.61  0.76 ]
[ 0.62  0.60  0.60  0.60  0.64  0.63  0.60  0.60  0.63  0.60  0.61  0.62 ]
[ 0.60  0.84  0.80  0.61  0.60  0.72  0.78  0.83  0.61  0.69  0.98  0.61 ]
[ 0.92  0.92  0.74  0.79  0.93  0.73  0.88  0.98  0.65  0.92  0.82  0.62 ]
[ 0.98  0.98  0.98  0.61  0.98  0.98  0.87  0.98  0.92  0.98  0.98  0.62 ]

01/29 04:27:41 AM | === Batch 4/230
01/29 04:27:41 AM | loss = 0.751 + 1.667 + 0.102 = 2.521
01/29 04:27:41 AM | attribution_score[0:12]: 
[ 0.98  0.96  0.45  0.46  0.46  0.53  0.49  0.45  0.45  0.80  0.47  0.86 ]
[ 0.81  0.45  0.84  0.46  0.97  0.56  0.86  0.46  0.69  0.93  0.66  0.47 ]
[ 0.93  0.98  0.45  0.93  0.46  0.93  0.74  0.95  0.51  0.49  0.48  0.97 ]
[ 0.53  0.48  0.76  0.89  0.73  0.75  0.56  0.50  0.98  0.53  0.62  0.98 ]
[ 0.60  0.57  0.96  0.60  0.74  0.76  0.87  0.73  0.97  0.83  0.65  0.51 ]
[ 0.60  0.85  0.81  0.52  0.48  0.48  0.61  0.52  0.47  0.57  0.45  0.66 ]
[ 0.71  0.49  0.69  0.65  0.97  0.50  0.51  0.61  0.50  0.98  0.83  0.48 ]
[ 0.45  0.49  0.46  0.76  0.61  0.58  0.65  0.45  0.86  0.53  0.47  0.45 ]
[ 0.46  0.61  0.45  0.62  0.47  0.45  0.48  0.53  0.67  0.45  0.62  0.82 ]
[ 0.59  0.48  0.45  0.45  0.54  0.62  0.45  0.45  0.66  0.45  0.48  0.57 ]
[ 0.46  0.89  0.84  0.63  0.66  0.63  0.84  0.84  0.68  0.75  0.99  0.68 ]
[ 0.92  0.95  0.79  0.86  0.95  0.74  0.92  0.99  0.55  0.92  0.88  0.69 ]
[ 0.99  0.99  0.99  0.63  0.98  0.99  0.91  0.99  0.95  0.98  0.98  0.52 ]

01/29 04:27:41 AM | === Batch 5/230
01/29 04:27:42 AM | loss = 0.793 + 0.947 + 0.113 = 1.853
01/29 04:27:42 AM | attribution_score[0:12]: 
[ 0.99  0.96  0.32  0.32  0.33  0.46  0.37  0.31  0.31  0.76  0.33  0.88 ]
[ 0.81  0.33  0.77  0.32  0.97  0.43  0.90  0.33  0.66  0.90  0.70  0.37 ]
[ 0.95  0.98  0.31  0.94  0.32  0.95  0.64  0.95  0.37  0.36  0.34  0.97 ]
[ 0.40  0.34  0.74  0.90  0.66  0.77  0.50  0.47  0.98  0.51  0.55  0.98 ]
[ 0.66  0.46  0.94  0.56  0.73  0.81  0.85  0.69  0.97  0.78  0.71  0.49 ]
[ 0.56  0.86  0.72  0.40  0.36  0.41  0.66  0.43  0.36  0.60  0.31  0.65 ]
[ 0.73  0.42  0.67  0.60  0.97  0.41  0.41  0.61  0.47  0.98  0.88  0.42 ]
[ 0.31  0.41  0.34  0.67  0.51  0.47  0.54  0.31  0.88  0.41  0.33  0.32 ]
[ 0.38  0.62  0.31  0.67  0.43  0.31  0.38  0.43  0.74  0.36  0.68  0.87 ]
[ 0.60  0.36  0.31  0.31  0.42  0.60  0.31  0.31  0.73  0.31  0.35  0.53 ]
[ 0.40  0.93  0.84  0.69  0.73  0.65  0.89  0.88  0.76  0.81  0.99  0.76 ]
[ 0.90  0.97  0.83  0.90  0.96  0.77  0.94  0.99  0.43  0.90  0.92  0.77 ]
[ 0.99  0.99  0.99  0.71  0.99  0.99  0.93  0.99  0.97  0.98  0.98  0.40 ]

01/29 04:27:42 AM | === Batch 6/230
01/29 04:27:42 AM | loss = 1.012 + 0.368 + 0.098 = 1.477
01/29 04:27:42 AM | attribution_score[0:12]: 
[ 0.99  0.95  0.22  0.20  0.23  0.39  0.27  0.20  0.20  0.77  0.22  0.91 ]
[ 0.83  0.23  0.67  0.21  0.97  0.31  0.92  0.21  0.60  0.87  0.77  0.35 ]
[ 0.97  0.98  0.20  0.95  0.20  0.96  0.53  0.96  0.25  0.25  0.23  0.98 ]
[ 0.31  0.23  0.76  0.91  0.57  0.75  0.53  0.43  0.98  0.48  0.51  0.98 ]
[ 0.73  0.34  0.92  0.50  0.76  0.86  0.83  0.63  0.98  0.78  0.78  0.53 ]
[ 0.59  0.86  0.60  0.30  0.24  0.43  0.73  0.33  0.27  0.66  0.20  0.67 ]
[ 0.79  0.36  0.68  0.57  0.97  0.31  0.30  0.55  0.39  0.98  0.92  0.41 ]
[ 0.20  0.35  0.23  0.56  0.41  0.45  0.56  0.20  0.88  0.29  0.24  0.21 ]
[ 0.29  0.59  0.20  0.73  0.43  0.20  0.28  0.35  0.80  0.30  0.75  0.91 ]
[ 0.58  0.25  0.20  0.20  0.36  0.59  0.20  0.20  0.81  0.21  0.26  0.53 ]
[ 0.42  0.95  0.83  0.75  0.80  0.72  0.92  0.91  0.83  0.84  0.99  0.82 ]
[ 0.90  0.98  0.87  0.93  0.97  0.82  0.95  0.99  0.40  0.88  0.95  0.84 ]
[ 0.99  1.00  1.00  0.77  0.99  1.00  0.95  0.99  0.98  0.97  0.97  0.29 ]

01/29 04:27:42 AM | === Batch 7/230
01/29 04:27:43 AM | loss = 1.174 + 0.097 + 0.083 = 1.354
01/29 04:27:43 AM | attribution_score[0:12]: 
[ 0.99  0.96  0.23  0.16  0.21  0.42  0.24  0.16  0.15  0.81  0.19  0.93 ]
[ 0.87  0.19  0.69  0.17  0.97  0.30  0.94  0.16  0.59  0.89  0.83  0.40 ]
[ 0.97  0.97  0.16  0.96  0.17  0.97  0.55  0.96  0.22  0.20  0.19  0.98 ]
[ 0.26  0.18  0.82  0.93  0.58  0.78  0.60  0.47  0.97  0.53  0.55  0.98 ]
[ 0.79  0.34  0.92  0.50  0.78  0.90  0.83  0.66  0.98  0.82  0.84  0.56 ]
[ 0.66  0.88  0.62  0.29  0.22  0.51  0.80  0.31  0.22  0.74  0.15  0.73 ]
[ 0.85  0.37  0.73  0.61  0.98  0.31  0.26  0.54  0.42  0.98  0.95  0.46 ]
[ 0.15  0.37  0.20  0.53  0.41  0.51  0.63  0.15  0.89  0.29  0.24  0.15 ]
[ 0.30  0.64  0.17  0.80  0.47  0.17  0.26  0.38  0.85  0.33  0.82  0.94 ]
[ 0.63  0.26  0.16  0.16  0.37  0.64  0.18  0.17  0.87  0.20  0.25  0.60 ]
[ 0.48  0.96  0.87  0.78  0.83  0.79  0.94  0.94  0.88  0.86  1.00  0.86 ]
[ 0.92  0.99  0.91  0.94  0.98  0.88  0.95  0.99  0.45  0.89  0.97  0.89 ]
[ 1.00  1.00  1.00  0.82  0.99  1.00  0.96  0.99  0.99  0.97  0.96  0.24 ]

01/29 04:27:43 AM | === Batch 8/230
01/29 04:27:43 AM | loss = 1.276 + 0.027 + 0.075 = 1.379
01/29 04:27:43 AM | attribution_score[0:12]: 
[ 0.99  0.96  0.24  0.12  0.18  0.39  0.21  0.12  0.12  0.81  0.16  0.93 ]
[ 0.91  0.16  0.74  0.13  0.97  0.32  0.96  0.12  0.64  0.91  0.80  0.46 ]
[ 0.98  0.97  0.13  0.97  0.13  0.97  0.54  0.96  0.20  0.16  0.17  0.98 ]
[ 0.22  0.14  0.84  0.95  0.62  0.82  0.58  0.50  0.97  0.55  0.56  0.98 ]
[ 0.84  0.37  0.92  0.49  0.77  0.93  0.82  0.69  0.98  0.86  0.84  0.53 ]
[ 0.72  0.90  0.63  0.29  0.20  0.56  0.82  0.30  0.19  0.78  0.11  0.75 ]
[ 0.89  0.37  0.74  0.68  0.98  0.32  0.23  0.57  0.49  0.98  0.96  0.48 ]
[ 0.11  0.37  0.16  0.48  0.42  0.58  0.72  0.11  0.90  0.27  0.21  0.11 ]
[ 0.31  0.66  0.14  0.83  0.50  0.14  0.22  0.36  0.86  0.35  0.84  0.96 ]
[ 0.62  0.25  0.12  0.12  0.38  0.66  0.16  0.13  0.91  0.17  0.24  0.61 ]
[ 0.50  0.97  0.89  0.78  0.85  0.83  0.94  0.96  0.91  0.87  1.00  0.88 ]
[ 0.94  0.99  0.93  0.95  0.98  0.89  0.96  1.00  0.46  0.91  0.98  0.91 ]
[ 1.00  1.00  1.00  0.85  1.00  1.00  0.97  0.99  0.99  0.98  0.97  0.22 ]

01/29 04:27:43 AM | === Batch 9/230
01/29 04:27:43 AM | loss = 1.126 + 0.039 + 0.070 = 1.234
01/29 04:27:44 AM | attribution_score[0:12]: 
[ 0.99  0.97  0.24  0.09  0.16  0.36  0.19  0.09  0.08  0.77  0.12  0.93 ]
[ 0.94  0.14  0.80  0.09  0.95  0.37  0.97  0.09  0.71  0.94  0.75  0.54 ]
[ 0.98  0.96  0.10  0.97  0.10  0.98  0.50  0.97  0.18  0.13  0.16  0.98 ]
[ 0.18  0.10  0.84  0.96  0.68  0.87  0.56  0.47  0.96  0.52  0.53  0.98 ]
[ 0.86  0.43  0.93  0.51  0.73  0.95  0.79  0.74  0.98  0.91  0.82  0.48 ]
[ 0.80  0.93  0.62  0.32  0.17  0.58  0.81  0.30  0.16  0.82  0.08  0.78 ]
[ 0.92  0.35  0.74  0.75  0.98  0.34  0.19  0.54  0.57  0.99  0.96  0.50 ]
[ 0.08  0.36  0.13  0.44  0.41  0.65  0.78  0.08  0.89  0.24  0.18  0.08 ]
[ 0.30  0.66  0.11  0.83  0.53  0.11  0.17  0.33  0.86  0.36  0.84  0.97 ]
[ 0.58  0.22  0.09  0.10  0.37  0.66  0.14  0.10  0.93  0.14  0.24  0.61 ]
[ 0.50  0.97  0.90  0.76  0.87  0.86  0.95  0.97  0.93  0.87  1.00  0.89 ]
[ 0.95  1.00  0.94  0.96  0.99  0.88  0.97  1.00  0.42  0.93  0.98  0.92 ]
[ 1.00  1.00  1.00  0.89  1.00  1.00  0.97  0.99  0.99  0.98  0.97  0.22 ]

01/29 04:27:44 AM | === Batch 10/230
01/29 04:27:44 AM | loss = 0.791 + 0.011 + 0.065 = 0.867
01/29 04:27:44 AM | attribution_score[0:12]: 
[ 1.00  0.98  0.23  0.06  0.13  0.32  0.16  0.06  0.06  0.75  0.09  0.93 ]
[ 0.96  0.12  0.85  0.07  0.93  0.41  0.98  0.06  0.75  0.96  0.69  0.61 ]
[ 0.99  0.95  0.08  0.98  0.08  0.98  0.44  0.97  0.15  0.10  0.14  0.98 ]
[ 0.14  0.08  0.85  0.97  0.73  0.90  0.55  0.45  0.94  0.50  0.51  0.97 ]
[ 0.87  0.46  0.92  0.48  0.68  0.96  0.75  0.78  0.98  0.93  0.79  0.43 ]
[ 0.83  0.94  0.59  0.31  0.13  0.61  0.79  0.31  0.15  0.84  0.06  0.79 ]
[ 0.94  0.36  0.69  0.80  0.98  0.35  0.16  0.48  0.63  0.99  0.97  0.51 ]
[ 0.06  0.37  0.10  0.40  0.40  0.74  0.83  0.06  0.88  0.22  0.16  0.05 ]
[ 0.30  0.66  0.09  0.83  0.57  0.09  0.13  0.30  0.84  0.34  0.84  0.98 ]
[ 0.53  0.18  0.07  0.07  0.38  0.63  0.12  0.08  0.95  0.11  0.24  0.59 ]
[ 0.50  0.98  0.90  0.74  0.87  0.88  0.95  0.98  0.95  0.86  1.00  0.90 ]
[ 0.96  1.00  0.94  0.96  0.99  0.88  0.97  1.00  0.39  0.94  0.99  0.93 ]
[ 1.00  1.00  1.00  0.91  1.00  1.00  0.98  0.99  1.00  0.99  0.98  0.22 ]

01/29 04:27:44 AM | === Batch 11/230
01/29 04:27:44 AM | loss = 0.836 + 0.080 + 0.061 = 0.977
01/29 04:27:44 AM | attribution_score[0:12]: 
[ 1.00  0.98  0.24  0.05  0.12  0.33  0.16  0.05  0.05  0.77  0.08  0.94 ]
[ 0.97  0.12  0.88  0.06  0.93  0.46  0.99  0.05  0.78  0.97  0.69  0.68 ]
[ 0.99  0.95  0.07  0.98  0.06  0.99  0.45  0.97  0.16  0.09  0.15  0.99 ]
[ 0.12  0.06  0.87  0.97  0.78  0.92  0.56  0.46  0.94  0.51  0.56  0.98 ]
[ 0.89  0.52  0.91  0.50  0.66  0.97  0.76  0.82  0.98  0.95  0.79  0.40 ]
[ 0.85  0.95  0.63  0.30  0.12  0.66  0.77  0.34  0.15  0.86  0.05  0.84 ]
[ 0.95  0.42  0.67  0.84  0.99  0.37  0.15  0.40  0.68  0.99  0.97  0.57 ]
[ 0.04  0.41  0.08  0.42  0.44  0.82  0.87  0.05  0.88  0.25  0.16  0.04 ]
[ 0.32  0.71  0.08  0.83  0.64  0.07  0.11  0.32  0.83  0.35  0.86  0.99 ]
[ 0.53  0.16  0.06  0.06  0.41  0.61  0.12  0.06  0.96  0.10  0.27  0.62 ]
[ 0.52  0.98  0.92  0.72  0.87  0.91  0.95  0.99  0.96  0.85  1.00  0.90 ]
[ 0.97  1.00  0.95  0.97  0.99  0.88  0.97  1.00  0.39  0.95  0.99  0.94 ]
[ 1.00  1.00  1.00  0.92  1.00  1.00  0.98  1.00  1.00  0.99  0.98  0.25 ]

01/29 04:27:44 AM | === Batch 12/230
01/29 04:27:45 AM | loss = 0.805 + 0.048 + 0.058 = 0.912
01/29 04:27:45 AM | attribution_score[0:12]: 
[ 1.00  0.99  0.24  0.04  0.11  0.36  0.14  0.04  0.04  0.79  0.07  0.94 ]
[ 0.98  0.12  0.90  0.05  0.93  0.54  0.99  0.04  0.82  0.98  0.70  0.71 ]
[ 0.99  0.95  0.05  0.98  0.05  0.99  0.45  0.98  0.15  0.08  0.14  0.99 ]
[ 0.09  0.05  0.88  0.97  0.81  0.93  0.55  0.52  0.94  0.53  0.60  0.98 ]
[ 0.90  0.55  0.89  0.51  0.64  0.97  0.79  0.85  0.98  0.96  0.80  0.36 ]
[ 0.85  0.95  0.65  0.25  0.11  0.71  0.76  0.34  0.16  0.86  0.04  0.87 ]
[ 0.96  0.47  0.63  0.85  0.99  0.33  0.13  0.35  0.68  0.99  0.98  0.63 ]
[ 0.03  0.43  0.07  0.42  0.45  0.83  0.90  0.04  0.89  0.27  0.16  0.03 ]
[ 0.34  0.76  0.07  0.84  0.71  0.06  0.09  0.33  0.83  0.35  0.87  0.99 ]
[ 0.54  0.13  0.05  0.05  0.45  0.57  0.11  0.05  0.97  0.09  0.30  0.63 ]
[ 0.54  0.98  0.93  0.71  0.88  0.93  0.95  0.99  0.97  0.83  1.00  0.90 ]
[ 0.97  1.00  0.95  0.97  0.99  0.89  0.97  1.00  0.38  0.96  0.99  0.95 ]
[ 1.00  1.00  1.00  0.93  1.00  1.00  0.98  1.00  1.00  0.99  0.99  0.25 ]

01/29 04:27:45 AM | === Batch 13/230
01/29 04:27:45 AM | loss = 0.616 + 0.105 + 0.055 = 0.777
01/29 04:27:45 AM | attribution_score[0:12]: 
[ 1.00  0.99  0.24  0.03  0.09  0.42  0.13  0.04  0.03  0.81  0.06  0.95 ]
[ 0.98  0.13  0.92  0.04  0.92  0.62  0.99  0.03  0.85  0.98  0.74  0.72 ]
[ 0.99  0.94  0.05  0.99  0.04  0.99  0.44  0.98  0.14  0.06  0.14  0.99 ]
[ 0.08  0.04  0.89  0.98  0.85  0.93  0.56  0.58  0.94  0.56  0.62  0.98 ]
[ 0.91  0.54  0.88  0.51  0.63  0.98  0.81  0.86  0.98  0.97  0.80  0.34 ]
[ 0.86  0.96  0.65  0.23  0.10  0.75  0.75  0.32  0.16  0.83  0.03  0.89 ]
[ 0.96  0.47  0.58  0.86  0.99  0.29  0.12  0.33  0.69  0.99  0.98  0.66 ]
[ 0.03  0.46  0.06  0.40  0.44  0.84  0.91  0.03  0.91  0.29  0.16  0.03 ]
[ 0.33  0.81  0.06  0.85  0.76  0.05  0.08  0.34  0.82  0.32  0.89  0.99 ]
[ 0.54  0.11  0.04  0.04  0.48  0.53  0.10  0.04  0.97  0.08  0.33  0.63 ]
[ 0.53  0.99  0.94  0.70  0.88  0.94  0.96  0.99  0.98  0.83  1.00  0.91 ]
[ 0.98  1.00  0.95  0.98  0.99  0.90  0.97  1.00  0.37  0.97  0.99  0.96 ]
[ 1.00  1.00  1.00  0.93  1.00  1.00  0.99  1.00  1.00  0.99  0.99  0.24 ]

01/29 04:27:45 AM | === Batch 14/230
01/29 04:27:45 AM | loss = 0.739 + 0.137 + 0.053 = 0.929
01/29 04:27:46 AM | attribution_score[0:12]: 
[ 1.00  0.99  0.22  0.03  0.08  0.48  0.12  0.03  0.02  0.82  0.05  0.95 ]
[ 0.99  0.13  0.93  0.03  0.93  0.69  0.99  0.03  0.88  0.98  0.78  0.70 ]
[ 0.99  0.94  0.04  0.99  0.03  0.99  0.41  0.98  0.13  0.05  0.13  0.99 ]
[ 0.07  0.03  0.90  0.98  0.87  0.94  0.56  0.66  0.94  0.60  0.64  0.98 ]
[ 0.92  0.49  0.84  0.51  0.66  0.98  0.83  0.86  0.99  0.97  0.82  0.35 ]
[ 0.85  0.96  0.65  0.20  0.09  0.77  0.73  0.29  0.16  0.81  0.03  0.91 ]
[ 0.97  0.48  0.50  0.85  0.99  0.24  0.11  0.32  0.70  0.99  0.98  0.70 ]
[ 0.02  0.48  0.05  0.38  0.41  0.82  0.93  0.02  0.93  0.29  0.16  0.02 ]
[ 0.29  0.85  0.05  0.85  0.80  0.04  0.06  0.35  0.82  0.29  0.90  0.99 ]
[ 0.53  0.09  0.03  0.04  0.49  0.46  0.09  0.04  0.98  0.07  0.34  0.63 ]
[ 0.53  0.99  0.95  0.71  0.89  0.95  0.96  0.99  0.98  0.83  1.00  0.91 ]
[ 0.98  1.00  0.95  0.98  1.00  0.90  0.98  1.00  0.35  0.98  0.99  0.96 ]
[ 1.00  1.00  1.00  0.94  1.00  1.00  0.99  1.00  1.00  0.99  0.99  0.22 ]

01/29 04:27:46 AM | === Batch 15/230
01/29 04:27:46 AM | loss = 0.655 + 0.139 + 0.050 = 0.845
01/29 04:27:46 AM | attribution_score[0:12]: 
[ 1.00  0.99  0.19  0.02  0.07  0.54  0.11  0.03  0.02  0.84  0.04  0.95 ]
[ 0.99  0.13  0.94  0.03  0.93  0.74  0.99  0.02  0.91  0.98  0.81  0.66 ]
[ 0.99  0.94  0.03  0.99  0.03  0.99  0.37  0.98  0.13  0.05  0.12  0.98 ]
[ 0.06  0.03  0.91  0.98  0.90  0.94  0.57  0.72  0.95  0.61  0.65  0.98 ]
[ 0.93  0.44  0.80  0.53  0.71  0.98  0.85  0.85  0.99  0.98  0.83  0.39 ]
[ 0.86  0.96  0.63  0.17  0.08  0.79  0.74  0.25  0.16  0.80  0.02  0.92 ]
[ 0.97  0.50  0.44  0.84  0.99  0.20  0.10  0.33  0.68  0.99  0.99  0.74 ]
[ 0.02  0.50  0.04  0.33  0.36  0.81  0.94  0.02  0.94  0.27  0.16  0.02 ]
[ 0.26  0.88  0.05  0.86  0.84  0.04  0.05  0.35  0.82  0.27  0.91  1.00 ]
[ 0.53  0.07  0.03  0.03  0.49  0.42  0.08  0.03  0.98  0.06  0.33  0.64 ]
[ 0.52  0.99  0.95  0.73  0.89  0.96  0.96  0.99  0.98  0.83  1.00  0.92 ]
[ 0.98  1.00  0.95  0.98  1.00  0.91  0.98  1.00  0.32  0.98  0.99  0.96 ]
[ 1.00  1.00  1.00  0.94  1.00  1.00  0.99  1.00  1.00  1.00  0.99  0.19 ]

01/29 04:27:46 AM | === Batch 16/230
01/29 04:27:46 AM | loss = 0.503 + 0.124 + 0.048 = 0.675
01/29 04:27:46 AM | attribution_score[0:12]: 
[ 1.00  0.99  0.16  0.02  0.06  0.61  0.10  0.02  0.02  0.84  0.03  0.95 ]
[ 0.99  0.13  0.94  0.02  0.92  0.78  0.99  0.02  0.93  0.99  0.84  0.62 ]
[ 1.00  0.94  0.03  0.99  0.02  0.99  0.32  0.98  0.11  0.04  0.11  0.98 ]
[ 0.05  0.02  0.91  0.98  0.92  0.94  0.61  0.76  0.94  0.62  0.64  0.98 ]
[ 0.93  0.38  0.76  0.55  0.74  0.99  0.85  0.85  0.99  0.98  0.85  0.42 ]
[ 0.86  0.96  0.62  0.15  0.07  0.81  0.75  0.22  0.16  0.79  0.02  0.93 ]
[ 0.97  0.53  0.38  0.84  0.99  0.17  0.09  0.31  0.64  0.99  0.99  0.77 ]
[ 0.02  0.50  0.04  0.29  0.31  0.79  0.95  0.02  0.95  0.25  0.18  0.01 ]
[ 0.24  0.90  0.04  0.87  0.87  0.03  0.04  0.36  0.83  0.25  0.93  1.00 ]
[ 0.53  0.06  0.02  0.03  0.50  0.39  0.07  0.02  0.98  0.05  0.31  0.64 ]
[ 0.51  0.99  0.96  0.73  0.90  0.97  0.97  0.99  0.99  0.82  1.00  0.92 ]
[ 0.98  1.00  0.95  0.99  1.00  0.91  0.98  1.00  0.29  0.98  0.99  0.97 ]
[ 1.00  1.00  1.00  0.95  1.00  1.00  0.99  1.00  1.00  1.00  0.99  0.16 ]

01/29 04:27:46 AM | === Batch 17/230
01/29 04:27:47 AM | loss = 0.529 + 0.090 + 0.046 = 0.665
01/29 04:27:47 AM | attribution_score[0:12]: 
[ 1.00  0.99  0.14  0.01  0.05  0.64  0.09  0.02  0.01  0.86  0.03  0.95 ]
[ 0.99  0.12  0.95  0.02  0.92  0.80  0.99  0.02  0.94  0.99  0.86  0.58 ]
[ 1.00  0.93  0.02  0.99  0.02  0.99  0.28  0.99  0.10  0.03  0.10  0.98 ]
[ 0.05  0.02  0.91  0.97  0.93  0.94  0.65  0.80  0.94  0.59  0.63  0.98 ]
[ 0.93  0.32  0.72  0.54  0.76  0.99  0.85  0.83  0.99  0.98  0.86  0.45 ]
[ 0.87  0.96  0.58  0.13  0.06  0.81  0.75  0.19  0.16  0.76  0.02  0.94 ]
[ 0.97  0.57  0.32  0.83  0.99  0.14  0.07  0.29  0.60  0.99  0.99  0.80 ]
[ 0.01  0.48  0.04  0.25  0.26  0.77  0.96  0.01  0.95  0.24  0.20  0.01 ]
[ 0.23  0.92  0.04  0.87  0.89  0.03  0.04  0.34  0.83  0.24  0.93  1.00 ]
[ 0.51  0.04  0.02  0.02  0.51  0.35  0.06  0.02  0.99  0.04  0.29  0.64 ]
[ 0.49  0.99  0.96  0.72  0.91  0.97  0.97  1.00  0.99  0.81  1.00  0.92 ]
[ 0.99  1.00  0.95  0.99  1.00  0.91  0.98  1.00  0.26  0.98  0.99  0.97 ]
[ 1.00  1.00  1.00  0.96  1.00  1.00  0.99  1.00  1.00  1.00  0.99  0.14 ]

01/29 04:27:47 AM | === Batch 18/230
01/29 04:27:47 AM | loss = 0.458 + 0.042 + 0.044 = 0.544
01/29 04:27:47 AM | attribution_score[0:12]: 
[ 1.00  0.99  0.12  0.01  0.04  0.66  0.08  0.02  0.01  0.87  0.02  0.96 ]
[ 0.99  0.11  0.95  0.02  0.93  0.80  1.00  0.01  0.94  0.99  0.88  0.53 ]
[ 1.00  0.94  0.02  0.99  0.02  0.99  0.24  0.99  0.09  0.03  0.09  0.98 ]
[ 0.04  0.02  0.91  0.97  0.94  0.93  0.69  0.82  0.94  0.56  0.62  0.98 ]
[ 0.93  0.29  0.66  0.51  0.77  0.99  0.84  0.82  0.99  0.98  0.88  0.48 ]
[ 0.86  0.96  0.55  0.11  0.05  0.81  0.73  0.18  0.15  0.72  0.01  0.94 ]
[ 0.97  0.60  0.24  0.82  0.99  0.11  0.06  0.28  0.58  0.99  0.99  0.83 ]
[ 0.01  0.45  0.03  0.22  0.21  0.76  0.96  0.01  0.96  0.24  0.21  0.01 ]
[ 0.21  0.93  0.03  0.88  0.91  0.02  0.03  0.32  0.82  0.24  0.94  1.00 ]
[ 0.48  0.04  0.02  0.02  0.53  0.30  0.05  0.02  0.99  0.03  0.28  0.63 ]
[ 0.46  0.99  0.96  0.71  0.91  0.98  0.97  1.00  0.99  0.79  1.00  0.93 ]
[ 0.99  1.00  0.95  0.99  1.00  0.91  0.98  1.00  0.23  0.98  1.00  0.97 ]
[ 1.00  1.00  1.00  0.96  1.00  1.00  0.99  1.00  1.00  1.00  0.99  0.12 ]

01/29 04:27:47 AM | === Batch 19/230
01/29 04:27:47 AM | loss = 0.384 + 0.028 + 0.043 = 0.455
01/29 04:27:48 AM | attribution_score[0:12]: 
[ 1.00  0.99  0.12  0.01  0.04  0.69  0.07  0.01  0.01  0.90  0.02  0.96 ]
[ 1.00  0.10  0.95  0.01  0.94  0.81  1.00  0.01  0.95  0.99  0.89  0.51 ]
[ 1.00  0.95  0.02  0.99  0.01  0.99  0.22  0.99  0.09  0.02  0.08  0.98 ]
[ 0.04  0.01  0.92  0.97  0.95  0.93  0.73  0.84  0.94  0.56  0.63  0.98 ]
[ 0.93  0.28  0.68  0.50  0.78  0.99  0.83  0.83  0.99  0.99  0.89  0.53 ]
[ 0.87  0.96  0.56  0.10  0.04  0.82  0.73  0.17  0.15  0.66  0.01  0.95 ]
[ 0.97  0.64  0.20  0.82  0.99  0.10  0.06  0.28  0.59  0.99  0.99  0.85 ]
[ 0.01  0.45  0.03  0.22  0.19  0.77  0.97  0.01  0.96  0.27  0.24  0.01 ]
[ 0.23  0.94  0.03  0.89  0.92  0.02  0.03  0.32  0.83  0.27  0.95  1.00 ]
[ 0.48  0.03  0.01  0.02  0.57  0.30  0.05  0.02  0.99  0.03  0.28  0.66 ]
[ 0.46  0.99  0.97  0.69  0.91  0.98  0.97  1.00  0.99  0.78  1.00  0.93 ]
[ 0.99  1.00  0.95  0.99  1.00  0.92  0.98  1.00  0.22  0.98  1.00  0.98 ]
[ 1.00  1.00  1.00  0.96  1.00  1.00  0.99  1.00  1.00  1.00  0.99  0.11 ]

01/29 04:27:48 AM | === Batch 20/230
01/29 04:27:48 AM | loss = 0.635 + 0.015 + 0.041 = 0.691
01/29 04:27:48 AM | === Batch 21/230
01/29 04:27:48 AM | loss = 0.459 + 0.030 + 0.040 = 0.529
01/29 04:27:49 AM | === Batch 22/230
01/29 04:27:49 AM | loss = 0.692 + 0.031 + 0.038 = 0.761
01/29 04:27:49 AM | === Batch 23/230
01/29 04:27:49 AM | loss = 0.489 + 0.015 + 0.037 = 0.541
01/29 04:27:49 AM | === Batch 24/230
01/29 04:27:50 AM | loss = 0.498 + 0.026 + 0.036 = 0.560
01/29 04:27:50 AM | === Batch 25/230
01/29 04:27:50 AM | loss = 0.389 + 0.017 + 0.035 = 0.440
01/29 04:27:50 AM | === Batch 26/230
01/29 04:27:50 AM | loss = 0.427 + 0.032 + 0.034 = 0.493
01/29 04:27:51 AM | === Batch 27/230
01/29 04:27:51 AM | loss = 0.362 + 0.030 + 0.033 = 0.425
01/29 04:27:51 AM | === Batch 28/230
01/29 04:27:51 AM | loss = 0.465 + 0.016 + 0.032 = 0.513
01/29 04:27:51 AM | === Batch 29/230
01/29 04:27:52 AM | loss = 0.521 + 0.009 + 0.031 = 0.561
01/29 04:27:52 AM | === Batch 30/230
01/29 04:27:52 AM | loss = 0.707 + 0.025 + 0.031 = 0.763
01/29 04:27:52 AM | === Batch 31/230
01/29 04:27:52 AM | loss = 0.330 + 0.040 + 0.030 = 0.400
01/29 04:27:53 AM | === Batch 32/230
01/29 04:27:53 AM | loss = 0.404 + 0.042 + 0.029 = 0.475
01/29 04:27:53 AM | === Batch 33/230
01/29 04:27:53 AM | loss = 0.316 + 0.033 + 0.029 = 0.377
01/29 04:27:53 AM | === Batch 34/230
01/29 04:27:54 AM | loss = 0.373 + 0.011 + 0.028 = 0.413
01/29 04:27:54 AM | === Batch 35/230
01/29 04:27:54 AM | loss = 0.489 + 0.040 + 0.028 = 0.557
01/29 04:27:54 AM | === Batch 36/230
01/29 04:27:54 AM | loss = 0.519 + 0.016 + 0.027 = 0.563
01/29 04:27:55 AM | === Batch 37/230
01/29 04:27:55 AM | loss = 0.412 + 0.040 + 0.027 = 0.478
01/29 04:27:55 AM | === Batch 38/230
01/29 04:27:55 AM | loss = 0.397 + 0.070 + 0.026 = 0.494
01/29 04:27:55 AM | === Batch 39/230
01/29 04:27:56 AM | loss = 0.378 + 0.085 + 0.026 = 0.489
01/29 04:27:56 AM | === Batch 40/230
01/29 04:27:56 AM | loss = 0.469 + 0.089 + 0.025 = 0.584
01/29 04:27:56 AM | === Batch 41/230
01/29 04:27:56 AM | loss = 0.394 + 0.084 + 0.025 = 0.502
01/29 04:27:57 AM | === Batch 42/230
01/29 04:27:57 AM | loss = 0.386 + 0.069 + 0.024 = 0.479
01/29 04:27:57 AM | === Batch 43/230
01/29 04:27:57 AM | loss = 0.389 + 0.046 + 0.024 = 0.459
01/29 04:27:58 AM | === Batch 44/230
01/29 04:27:58 AM | loss = 0.285 + 0.015 + 0.024 = 0.324
01/29 04:27:58 AM | === Batch 45/230
01/29 04:27:58 AM | loss = 0.569 + 0.045 + 0.023 = 0.637
01/29 04:27:58 AM | === Batch 46/230
01/29 04:27:58 AM | loss = 0.383 + 0.044 + 0.023 = 0.450
01/29 04:27:59 AM | === Batch 47/230
01/29 04:27:59 AM | loss = 0.653 + 0.010 + 0.022 = 0.686
01/29 04:27:59 AM | === Batch 48/230
01/29 04:27:59 AM | loss = 0.313 + 0.031 + 0.022 = 0.366
01/29 04:27:59 AM | === Batch 49/230
01/29 04:28:00 AM | loss = 0.508 + 0.041 + 0.022 = 0.571
01/29 04:28:00 AM | === Batch 50/230
01/29 04:28:00 AM | loss = 0.593 + 0.043 + 0.021 = 0.657
01/29 04:28:00 AM | === Batch 51/230
01/29 04:28:00 AM | loss = 0.373 + 0.034 + 0.021 = 0.428
01/29 04:28:01 AM | === Batch 52/230
01/29 04:28:01 AM | loss = 0.471 + 0.019 + 0.021 = 0.512
01/29 04:28:01 AM | === Batch 53/230
01/29 04:28:01 AM | loss = 0.305 + 0.003 + 0.021 = 0.329
01/29 04:28:01 AM | === Batch 54/230
01/29 04:28:02 AM | loss = 0.487 + 0.009 + 0.021 = 0.517
01/29 04:28:02 AM | === Batch 55/230
01/29 04:28:02 AM | loss = 0.367 + 0.013 + 0.020 = 0.400
01/29 04:28:02 AM | === Batch 56/230
01/29 04:28:02 AM | loss = 0.628 + 0.009 + 0.020 = 0.657
01/29 04:28:03 AM | === Batch 57/230
01/29 04:28:03 AM | loss = 0.503 + 0.000 + 0.020 = 0.523
01/29 04:28:03 AM | === Batch 58/230
01/29 04:28:03 AM | loss = 0.418 + 0.020 + 0.020 = 0.458
01/29 04:28:03 AM | === Batch 59/230
01/29 04:28:04 AM | loss = 0.292 + 0.030 + 0.020 = 0.342
01/29 04:28:04 AM | === Batch 60/230
01/29 04:28:04 AM | loss = 0.491 + 0.031 + 0.019 = 0.541
01/29 04:28:04 AM | === Batch 61/230
01/29 04:28:04 AM | loss = 0.565 + 0.022 + 0.019 = 0.606
01/29 04:28:05 AM | === Batch 62/230
01/29 04:28:05 AM | loss = 0.583 + 0.008 + 0.019 = 0.609
01/29 04:28:05 AM | === Batch 63/230
01/29 04:28:05 AM | loss = 0.439 + 0.021 + 0.019 = 0.479
01/29 04:28:05 AM | === Batch 64/230
01/29 04:28:06 AM | loss = 0.328 + 0.000 + 0.019 = 0.347
01/29 04:28:06 AM | === Batch 65/230
01/29 04:28:06 AM | loss = 0.464 + 0.033 + 0.018 = 0.516
01/29 04:28:06 AM | === Batch 66/230
01/29 04:28:06 AM | loss = 0.571 + 0.054 + 0.018 = 0.643
01/29 04:28:07 AM | === Batch 67/230
01/29 04:28:07 AM | loss = 0.297 + 0.062 + 0.018 = 0.378
01/29 04:28:07 AM | === Batch 68/230
01/29 04:28:07 AM | loss = 0.346 + 0.062 + 0.018 = 0.425
01/29 04:28:07 AM | === Batch 69/230
01/29 04:28:08 AM | loss = 0.595 + 0.053 + 0.018 = 0.666
01/29 04:28:08 AM | === Batch 70/230
01/29 04:28:08 AM | loss = 0.401 + 0.037 + 0.018 = 0.456
01/29 04:28:08 AM | === Batch 71/230
01/29 04:28:08 AM | loss = 0.566 + 0.015 + 0.018 = 0.599
01/29 04:28:09 AM | === Batch 72/230
01/29 04:28:09 AM | loss = 0.482 + 0.017 + 0.017 = 0.516
01/29 04:28:09 AM | === Batch 73/230
01/29 04:28:09 AM | loss = 0.437 + 0.009 + 0.017 = 0.463
01/29 04:28:09 AM | === Batch 74/230
01/29 04:28:09 AM | loss = 0.336 + 0.024 + 0.017 = 0.377
01/29 04:28:10 AM | === Batch 75/230
01/29 04:28:10 AM | loss = 0.520 + 0.041 + 0.017 = 0.577
01/29 04:28:10 AM | === Batch 76/230
01/29 04:28:10 AM | loss = 0.326 + 0.049 + 0.017 = 0.392
01/29 04:28:10 AM | === Batch 77/230
01/29 04:28:11 AM | loss = 0.304 + 0.049 + 0.016 = 0.370
01/29 04:28:11 AM | === Batch 78/230
01/29 04:28:11 AM | loss = 0.429 + 0.041 + 0.016 = 0.486
01/29 04:28:11 AM | === Batch 79/230
01/29 04:28:12 AM | loss = 0.545 + 0.029 + 0.016 = 0.590
01/29 04:28:12 AM | === Batch 80/230
01/29 04:28:12 AM | loss = 0.524 + 0.012 + 0.016 = 0.552
01/29 04:28:12 AM | === Batch 81/230
01/29 04:28:12 AM | loss = 0.381 + 0.019 + 0.016 = 0.416
01/29 04:28:13 AM | === Batch 82/230
01/29 04:28:13 AM | loss = 0.441 + 0.011 + 0.016 = 0.468
01/29 04:28:13 AM | === Batch 83/230
01/29 04:28:13 AM | loss = 0.339 + 0.020 + 0.015 = 0.374
01/29 04:28:14 AM | === Batch 84/230
01/29 04:28:14 AM | loss = 0.420 + 0.036 + 0.015 = 0.472
01/29 04:28:14 AM | === Batch 85/230
01/29 04:28:14 AM | loss = 0.246 + 0.045 + 0.015 = 0.306
01/29 04:28:14 AM | === Batch 86/230
01/29 04:28:14 AM | loss = 0.440 + 0.045 + 0.015 = 0.499
01/29 04:28:15 AM | === Batch 87/230
01/29 04:28:15 AM | loss = 0.228 + 0.037 + 0.015 = 0.280
01/29 04:28:15 AM | === Batch 88/230
01/29 04:28:15 AM | loss = 0.435 + 0.024 + 0.014 = 0.474
01/29 04:28:16 AM | === Batch 89/230
01/29 04:28:16 AM | loss = 0.393 + 0.006 + 0.014 = 0.413
01/29 04:28:16 AM | === Batch 90/230
01/29 04:28:16 AM | loss = 0.534 + 0.033 + 0.014 = 0.581
01/29 04:28:16 AM | === Batch 91/230
01/29 04:28:17 AM | loss = 0.488 + 0.034 + 0.014 = 0.536
01/29 04:28:17 AM | === Batch 92/230
01/29 04:28:17 AM | loss = 0.341 + 0.001 + 0.014 = 0.356
01/29 04:28:17 AM | === Batch 93/230
01/29 04:28:17 AM | loss = 0.360 + 0.012 + 0.014 = 0.385
01/29 04:28:18 AM | === Batch 94/230
01/29 04:28:18 AM | loss = 0.474 + 0.016 + 0.014 = 0.505
01/29 04:28:18 AM | === Batch 95/230
01/29 04:28:18 AM | loss = 0.454 + 0.017 + 0.014 = 0.485
01/29 04:28:18 AM | === Batch 96/230
01/29 04:28:18 AM | loss = 0.414 + 0.011 + 0.014 = 0.439
01/29 04:28:19 AM | === Batch 97/230
01/29 04:28:19 AM | loss = 0.472 + 0.003 + 0.014 = 0.488
01/29 04:28:19 AM | === Batch 98/230
01/29 04:28:19 AM | loss = 0.497 + 0.009 + 0.014 = 0.520
01/29 04:28:19 AM | === Batch 99/230
01/29 04:28:20 AM | loss = 0.322 + 0.012 + 0.014 = 0.348
01/29 04:28:20 AM | === Batch 100/230
01/29 04:28:20 AM | loss = 0.554 + 0.009 + 0.014 = 0.576
01/29 04:28:20 AM | attribution_score[0:12]: 
[ 1.00  1.00  0.29  0.00  0.00  0.93  0.01  0.00  0.00  0.99  0.00  1.00 ]
[ 1.00  0.01  0.98  0.00  0.99  0.96  1.00  0.00  0.99  1.00  0.95  0.04 ]
[ 1.00  1.00  0.00  1.00  0.00  1.00  0.03  0.98  0.01  0.00  0.03  1.00 ]
[ 0.02  0.00  0.99  1.00  0.90  0.95  0.95  0.06  0.98  0.08  0.95  0.97 ]
[ 0.99  0.49  0.44  0.99  0.75  1.00  0.03  0.51  1.00  0.99  0.98  0.94 ]
[ 0.99  0.99  0.03  0.01  0.01  0.97  0.09  0.08  0.03  0.07  0.00  0.97 ]
[ 0.97  0.99  0.02  0.99  1.00  0.03  0.00  0.94  0.99  1.00  1.00  0.98 ]
[ 0.00  0.01  0.01  0.93  0.05  0.99  0.99  0.00  1.00  0.08  0.96  0.00 ]
[ 0.94  1.00  0.01  0.99  0.99  0.00  0.00  0.02  0.96  0.72  0.99  1.00 ]
[ 0.08  0.00  0.00  0.00  0.98  0.03  0.01  0.00  1.00  0.00  0.03  0.96 ]
[ 0.01  1.00  0.99  0.01  0.98  1.00  0.99  1.00  1.00  0.98  1.00  0.98 ]
[ 1.00  1.00  0.99  1.00  1.00  0.97  1.00  1.00  0.01  1.00  1.00  0.99 ]
[ 1.00  1.00  1.00  0.99  1.00  1.00  1.00  1.00  1.00  1.00  1.00  0.01 ]

01/29 04:28:20 AM | === Batch 101/230
01/29 04:28:20 AM | loss = 0.463 + 0.000 + 0.014 = 0.477
01/29 04:28:21 AM | === Batch 102/230
01/29 04:28:21 AM | loss = 0.257 + 0.026 + 0.014 = 0.298
01/29 04:28:21 AM | === Batch 103/230
01/29 04:28:21 AM | loss = 0.519 + 0.010 + 0.014 = 0.543
01/29 04:28:22 AM | === Batch 104/230
01/29 04:28:22 AM | loss = 0.358 + 0.024 + 0.013 = 0.396
01/29 04:28:22 AM | === Batch 105/230
01/29 04:28:22 AM | loss = 0.512 + 0.046 + 0.013 = 0.571
01/29 04:28:22 AM | === Batch 106/230
01/29 04:28:23 AM | loss = 0.326 + 0.059 + 0.013 = 0.399
01/29 04:28:23 AM | === Batch 107/230
01/29 04:28:23 AM | loss = 0.328 + 0.064 + 0.013 = 0.405
01/29 04:28:23 AM | === Batch 108/230
01/29 04:28:23 AM | loss = 0.463 + 0.062 + 0.013 = 0.538
01/29 04:28:24 AM | === Batch 109/230
01/29 04:28:24 AM | loss = 0.260 + 0.054 + 0.013 = 0.327
01/29 04:28:24 AM | === Batch 110/230
01/29 04:28:24 AM | loss = 0.503 + 0.039 + 0.013 = 0.555
01/29 04:28:24 AM | === Batch 111/230
01/29 04:28:25 AM | loss = 0.571 + 0.020 + 0.013 = 0.604
01/29 04:28:25 AM | === Batch 112/230
01/29 04:28:25 AM | loss = 0.327 + 0.002 + 0.013 = 0.342
01/29 04:28:25 AM | === Batch 113/230
01/29 04:28:25 AM | loss = 0.309 + 0.003 + 0.013 = 0.325
01/29 04:28:26 AM | === Batch 114/230
01/29 04:28:26 AM | loss = 0.370 + 0.001 + 0.013 = 0.384
01/29 04:28:26 AM | === Batch 115/230
01/29 04:28:26 AM | loss = 0.531 + 0.015 + 0.013 = 0.559
01/29 04:28:27 AM | === Batch 116/230
01/29 04:28:27 AM | loss = 0.412 + 0.004 + 0.013 = 0.429
01/29 04:28:27 AM | === Batch 117/230
01/29 04:28:27 AM | loss = 0.352 + 0.009 + 0.013 = 0.373
01/29 04:28:27 AM | === Batch 118/230
01/29 04:28:28 AM | loss = 0.491 + 0.006 + 0.012 = 0.510
01/29 04:28:28 AM | === Batch 119/230
01/29 04:28:28 AM | loss = 0.417 + 0.004 + 0.012 = 0.433
01/29 04:28:28 AM | === Batch 120/230
01/29 04:28:29 AM | loss = 0.427 + 0.011 + 0.012 = 0.450
01/29 04:28:29 AM | === Batch 121/230
01/29 04:28:29 AM | loss = 0.385 + 0.016 + 0.012 = 0.414
01/29 04:28:29 AM | === Batch 122/230
01/29 04:28:29 AM | loss = 0.360 + 0.013 + 0.012 = 0.385
01/29 04:28:30 AM | === Batch 123/230
01/29 04:28:30 AM | loss = 0.213 + 0.005 + 0.012 = 0.230
01/29 04:28:30 AM | === Batch 124/230
01/29 04:28:30 AM | loss = 0.462 + 0.017 + 0.012 = 0.491
01/29 04:28:30 AM | === Batch 125/230
01/29 04:28:30 AM | loss = 0.524 + 0.006 + 0.012 = 0.542
01/29 04:28:31 AM | === Batch 126/230
01/29 04:28:31 AM | loss = 0.261 + 0.021 + 0.012 = 0.294
01/29 04:28:31 AM | === Batch 127/230
01/29 04:28:31 AM | loss = 0.416 + 0.037 + 0.012 = 0.465
01/29 04:28:32 AM | === Batch 128/230
01/29 04:28:32 AM | loss = 0.322 + 0.046 + 0.012 = 0.380
01/29 04:28:32 AM | === Batch 129/230
01/29 04:28:32 AM | loss = 0.248 + 0.048 + 0.012 = 0.308
01/29 04:28:32 AM | === Batch 130/230
01/29 04:28:32 AM | loss = 0.284 + 0.043 + 0.012 = 0.339
01/29 04:28:33 AM | === Batch 131/230
01/29 04:28:33 AM | loss = 0.481 + 0.033 + 0.012 = 0.526
01/29 04:28:33 AM | === Batch 132/230
01/29 04:28:33 AM | loss = 0.353 + 0.020 + 0.011 = 0.385
01/29 04:28:34 AM | === Batch 133/230
01/29 04:28:34 AM | loss = 0.427 + 0.004 + 0.011 = 0.442
01/29 04:28:34 AM | === Batch 134/230
01/29 04:28:34 AM | loss = 0.398 + 0.023 + 0.011 = 0.432
01/29 04:28:34 AM | === Batch 135/230
01/29 04:28:35 AM | loss = 0.297 + 0.018 + 0.011 = 0.326
01/29 04:28:35 AM | === Batch 136/230
01/29 04:28:35 AM | loss = 0.421 + 0.009 + 0.011 = 0.441
01/29 04:28:35 AM | === Batch 137/230
01/29 04:28:35 AM | loss = 0.325 + 0.020 + 0.011 = 0.356
01/29 04:28:36 AM | === Batch 138/230
01/29 04:28:36 AM | loss = 0.546 + 0.024 + 0.011 = 0.581
01/29 04:28:36 AM | === Batch 139/230
01/29 04:28:36 AM | loss = 0.275 + 0.022 + 0.011 = 0.307
01/29 04:28:36 AM | === Batch 140/230
01/29 04:28:37 AM | loss = 0.496 + 0.016 + 0.011 = 0.522
01/29 04:28:37 AM | === Batch 141/230
01/29 04:28:37 AM | loss = 0.494 + 0.005 + 0.011 = 0.509
01/29 04:28:37 AM | === Batch 142/230
01/29 04:28:37 AM | loss = 0.248 + 0.019 + 0.011 = 0.277
01/29 04:28:38 AM | === Batch 143/230
01/29 04:28:38 AM | loss = 0.468 + 0.012 + 0.011 = 0.491
01/29 04:28:38 AM | === Batch 144/230
01/29 04:28:38 AM | loss = 0.363 + 0.012 + 0.010 = 0.386
01/29 04:28:38 AM | === Batch 145/230
01/29 04:28:39 AM | loss = 0.320 + 0.024 + 0.010 = 0.354
01/29 04:28:39 AM | === Batch 146/230
01/29 04:28:39 AM | loss = 0.371 + 0.031 + 0.010 = 0.412
01/29 04:28:39 AM | === Batch 147/230
01/29 04:28:39 AM | loss = 0.448 + 0.033 + 0.010 = 0.491
01/29 04:28:40 AM | === Batch 148/230
01/29 04:28:40 AM | loss = 0.441 + 0.030 + 0.010 = 0.481
01/29 04:28:40 AM | === Batch 149/230
01/29 04:28:40 AM | loss = 0.370 + 0.023 + 0.010 = 0.404
01/29 04:28:40 AM | === Batch 150/230
01/29 04:28:41 AM | loss = 0.382 + 0.015 + 0.010 = 0.407
01/29 04:28:41 AM | === Batch 151/230
01/29 04:28:41 AM | loss = 0.178 + 0.005 + 0.010 = 0.192
01/29 04:28:41 AM | === Batch 152/230
01/29 04:28:41 AM | loss = 0.363 + 0.016 + 0.010 = 0.389
01/29 04:28:42 AM | === Batch 153/230
01/29 04:28:42 AM | loss = 0.298 + 0.010 + 0.010 = 0.318
01/29 04:28:42 AM | === Batch 154/230
01/29 04:28:42 AM | loss = 0.494 + 0.011 + 0.010 = 0.514
01/29 04:28:42 AM | === Batch 155/230
01/29 04:28:43 AM | loss = 0.384 + 0.020 + 0.009 = 0.414
01/29 04:28:43 AM | === Batch 156/230
01/29 04:28:43 AM | loss = 0.538 + 0.024 + 0.009 = 0.571
01/29 04:28:43 AM | === Batch 157/230
01/29 04:28:43 AM | loss = 0.649 + 0.024 + 0.009 = 0.682
01/29 04:28:44 AM | === Batch 158/230
01/29 04:28:44 AM | loss = 0.297 + 0.021 + 0.009 = 0.327
01/29 04:28:44 AM | === Batch 159/230
01/29 04:28:44 AM | loss = 0.260 + 0.014 + 0.009 = 0.284
01/29 04:28:45 AM | === Batch 160/230
01/29 04:28:45 AM | loss = 0.289 + 0.005 + 0.009 = 0.303
01/29 04:28:45 AM | === Batch 161/230
01/29 04:28:45 AM | loss = 0.392 + 0.014 + 0.009 = 0.416
01/29 04:28:45 AM | === Batch 162/230
01/29 04:28:46 AM | loss = 0.340 + 0.012 + 0.009 = 0.361
01/29 04:28:46 AM | === Batch 163/230
01/29 04:28:46 AM | loss = 0.422 + 0.008 + 0.009 = 0.439
01/29 04:28:46 AM | === Batch 164/230
01/29 04:28:46 AM | loss = 0.330 + 0.017 + 0.009 = 0.356
01/29 04:28:47 AM | === Batch 165/230
01/29 04:28:47 AM | loss = 0.372 + 0.021 + 0.009 = 0.402
01/29 04:28:47 AM | === Batch 166/230
01/29 04:28:47 AM | loss = 0.268 + 0.021 + 0.009 = 0.298
01/29 04:28:47 AM | === Batch 167/230
01/29 04:28:48 AM | loss = 0.552 + 0.016 + 0.009 = 0.577
01/29 04:28:48 AM | === Batch 168/230
01/29 04:28:48 AM | loss = 0.384 + 0.009 + 0.009 = 0.402
01/29 04:28:48 AM | === Batch 169/230
01/29 04:28:48 AM | loss = 0.239 + 0.000 + 0.009 = 0.248
01/29 04:28:49 AM | === Batch 170/230
01/29 04:28:49 AM | loss = 0.305 + 0.003 + 0.009 = 0.317
01/29 04:28:49 AM | === Batch 171/230
01/29 04:28:49 AM | loss = 0.304 + 0.002 + 0.009 = 0.315
01/29 04:28:49 AM | === Batch 172/230
01/29 04:28:50 AM | loss = 0.397 + 0.007 + 0.009 = 0.412
01/29 04:28:50 AM | === Batch 173/230
01/29 04:28:50 AM | loss = 0.287 + 0.003 + 0.009 = 0.299
01/29 04:28:50 AM | === Batch 174/230
01/29 04:28:50 AM | loss = 0.484 + 0.004 + 0.008 = 0.497
01/29 04:28:51 AM | === Batch 175/230
01/29 04:28:51 AM | loss = 0.377 + 0.002 + 0.008 = 0.387
01/29 04:28:51 AM | === Batch 176/230
01/29 04:28:51 AM | loss = 0.313 + 0.008 + 0.008 = 0.330
01/29 04:28:51 AM | === Batch 177/230
01/29 04:28:52 AM | loss = 0.414 + 0.003 + 0.008 = 0.425
01/29 04:28:52 AM | === Batch 178/230
01/29 04:28:52 AM | loss = 0.339 + 0.005 + 0.008 = 0.353
01/29 04:28:52 AM | === Batch 179/230
01/29 04:28:52 AM | loss = 0.306 + 0.003 + 0.008 = 0.318
01/29 04:28:53 AM | === Batch 180/230
01/29 04:28:53 AM | loss = 0.496 + 0.002 + 0.008 = 0.506
01/29 04:28:53 AM | === Batch 181/230
01/29 04:28:53 AM | loss = 0.328 + 0.007 + 0.008 = 0.343
01/29 04:28:53 AM | === Batch 182/230
01/29 04:28:54 AM | loss = 0.668 + 0.011 + 0.008 = 0.688
01/29 04:28:54 AM | === Batch 183/230
01/29 04:28:54 AM | loss = 0.282 + 0.013 + 0.008 = 0.303
01/29 04:28:54 AM | === Batch 184/230
01/29 04:28:55 AM | loss = 0.472 + 0.013 + 0.008 = 0.493
01/29 04:28:55 AM | === Batch 185/230
01/29 04:28:55 AM | loss = 0.246 + 0.010 + 0.008 = 0.265
01/29 04:28:55 AM | === Batch 186/230
01/29 04:28:55 AM | loss = 0.316 + 0.005 + 0.008 = 0.329
01/29 04:28:56 AM | === Batch 187/230
01/29 04:28:56 AM | loss = 0.469 + 0.009 + 0.008 = 0.486
01/29 04:28:56 AM | === Batch 188/230
01/29 04:28:56 AM | loss = 0.557 + 0.002 + 0.008 = 0.567
01/29 04:28:56 AM | === Batch 189/230
01/29 04:28:57 AM | loss = 0.379 + 0.013 + 0.008 = 0.401
01/29 04:28:57 AM | === Batch 190/230
01/29 04:28:57 AM | loss = 0.352 + 0.023 + 0.008 = 0.383
01/29 04:28:57 AM | === Batch 191/230
01/29 04:28:57 AM | loss = 0.262 + 0.029 + 0.008 = 0.298
01/29 04:28:57 AM | === Batch 192/230
01/29 04:28:58 AM | loss = 0.371 + 0.032 + 0.008 = 0.410
01/29 04:28:58 AM | === Batch 193/230
01/29 04:28:58 AM | loss = 0.362 + 0.029 + 0.008 = 0.399
01/29 04:28:58 AM | === Batch 194/230
01/29 04:28:58 AM | loss = 0.225 + 0.024 + 0.008 = 0.256
01/29 04:28:59 AM | === Batch 195/230
01/29 04:28:59 AM | loss = 0.411 + 0.015 + 0.008 = 0.433
01/29 04:28:59 AM | === Batch 196/230
01/29 04:28:59 AM | loss = 0.455 + 0.001 + 0.008 = 0.464
01/29 04:29:00 AM | === Batch 197/230
01/29 04:29:00 AM | loss = 0.288 + 0.026 + 0.008 = 0.323
01/29 04:29:00 AM | === Batch 198/230
01/29 04:29:00 AM | loss = 0.384 + 0.030 + 0.008 = 0.422
01/29 04:29:00 AM | === Batch 199/230
01/29 04:29:00 AM | loss = 0.294 + 0.010 + 0.008 = 0.312
01/29 04:29:01 AM | === Batch 200/230
01/29 04:29:01 AM | loss = 0.401 + 0.015 + 0.008 = 0.424
01/29 04:29:01 AM | attribution_score[0:12]: 
[ 1.00  1.00  0.05  0.00  0.00  0.88  0.00  0.00  0.00  0.99  0.00  1.00 ]
[ 1.00  0.00  0.99  0.00  0.99  0.94  1.00  0.00  0.99  1.00  0.98  0.04 ]
[ 1.00  1.00  0.00  1.00  0.00  1.00  0.02  1.00  0.01  0.00  0.01  1.00 ]
[ 0.01  0.00  1.00  1.00  0.98  0.94  0.96  0.06  0.98  0.16  0.97  0.99 ]
[ 0.98  0.95  0.99  0.98  0.99  0.99  0.01  0.04  1.00  0.99  0.99  0.98 ]
[ 1.00  1.00  0.01  0.00  0.02  0.98  0.03  0.01  0.02  0.00  0.00  0.99 ]
[ 0.99  1.00  0.01  1.00  1.00  0.01  0.00  0.76  0.99  1.00  0.99  0.99 ]
[ 0.00  0.01  0.00  0.99  0.01  1.00  1.00  0.00  1.00  0.02  0.98  0.00 ]
[ 0.97  1.00  0.00  0.99  0.99  0.00  0.00  0.03  0.98  0.97  1.00  1.00 ]
[ 0.02  0.00  0.00  0.00  0.99  0.01  0.00  0.00  1.00  0.00  0.02  0.98 ]
[ 0.00  1.00  1.00  0.00  0.99  1.00  0.99  1.00  1.00  0.99  1.00  0.99 ]
[ 1.00  1.00  0.99  1.00  1.00  0.99  1.00  1.00  0.01  1.00  1.00  1.00 ]
[ 1.00  1.00  1.00  0.99  1.00  1.00  1.00  1.00  1.00  1.00  1.00  0.01 ]

01/29 04:29:01 AM | === Batch 201/230
01/29 04:29:01 AM | loss = 0.347 + 0.029 + 0.007 = 0.383
01/29 04:29:02 AM | === Batch 202/230
01/29 04:29:02 AM | loss = 0.498 + 0.038 + 0.007 = 0.543
01/29 04:29:02 AM | === Batch 203/230
01/29 04:29:02 AM | loss = 0.403 + 0.042 + 0.007 = 0.453
01/29 04:29:02 AM | === Batch 204/230
01/29 04:29:02 AM | loss = 0.500 + 0.043 + 0.007 = 0.550
01/29 04:29:03 AM | === Batch 205/230
01/29 04:29:03 AM | loss = 0.419 + 0.040 + 0.007 = 0.466
01/29 04:29:03 AM | === Batch 206/230
01/29 04:29:03 AM | loss = 0.429 + 0.035 + 0.007 = 0.471
01/29 04:29:04 AM | === Batch 207/230
01/29 04:29:04 AM | loss = 0.311 + 0.028 + 0.007 = 0.346
01/29 04:29:04 AM | === Batch 208/230
01/29 04:29:04 AM | loss = 0.429 + 0.018 + 0.007 = 0.454
01/29 04:29:04 AM | === Batch 209/230
01/29 04:29:04 AM | loss = 0.388 + 0.005 + 0.007 = 0.400
01/29 04:29:05 AM | === Batch 210/230
01/29 04:29:05 AM | loss = 0.373 + 0.019 + 0.007 = 0.399
01/29 04:29:05 AM | === Batch 211/230
01/29 04:29:05 AM | loss = 0.310 + 0.023 + 0.007 = 0.340
01/29 04:29:06 AM | === Batch 212/230
01/29 04:29:06 AM | loss = 0.578 + 0.005 + 0.007 = 0.590
01/29 04:29:06 AM | === Batch 213/230
01/29 04:29:06 AM | loss = 0.579 + 0.015 + 0.007 = 0.601
01/29 04:29:06 AM | === Batch 214/230
01/29 04:29:07 AM | loss = 0.411 + 0.028 + 0.007 = 0.446
01/29 04:29:07 AM | === Batch 215/230
01/29 04:29:07 AM | loss = 0.354 + 0.037 + 0.007 = 0.398
01/29 04:29:07 AM | === Batch 216/230
01/29 04:29:07 AM | loss = 0.388 + 0.041 + 0.007 = 0.435
01/29 04:29:08 AM | === Batch 217/230
01/29 04:29:08 AM | loss = 0.388 + 0.042 + 0.007 = 0.437
01/29 04:29:08 AM | === Batch 218/230
01/29 04:29:08 AM | loss = 0.375 + 0.040 + 0.007 = 0.421
01/29 04:29:08 AM | === Batch 219/230
01/29 04:29:09 AM | loss = 0.303 + 0.036 + 0.007 = 0.346
01/29 04:29:09 AM | === Batch 220/230
01/29 04:29:09 AM | loss = 0.393 + 0.030 + 0.007 = 0.429
01/29 04:29:09 AM | === Batch 221/230
01/29 04:29:09 AM | loss = 0.310 + 0.021 + 0.007 = 0.337
01/29 04:29:10 AM | === Batch 222/230
01/29 04:29:10 AM | loss = 0.459 + 0.011 + 0.007 = 0.476
01/29 04:29:10 AM | === Batch 223/230
01/29 04:29:10 AM | loss = 0.306 + 0.003 + 0.007 = 0.316
01/29 04:29:10 AM | === Batch 224/230
01/29 04:29:11 AM | loss = 0.423 + 0.006 + 0.007 = 0.435
01/29 04:29:11 AM | === Batch 225/230
01/29 04:29:11 AM | loss = 0.439 + 0.003 + 0.007 = 0.448
01/29 04:29:11 AM | === Batch 226/230
01/29 04:29:11 AM | loss = 0.472 + 0.007 + 0.006 = 0.486
01/29 04:29:12 AM | === Batch 227/230
01/29 04:29:12 AM | loss = 0.603 + 0.008 + 0.006 = 0.617
01/29 04:29:12 AM | === Batch 228/230
01/29 04:29:12 AM | loss = 0.437 + 0.006 + 0.006 = 0.450
01/29 04:29:12 AM | === Batch 229/230
01/29 04:29:13 AM | loss = 0.531 + 0.002 + 0.007 = 0.540
01/29 04:29:13 AM | === Batch 230/230
01/29 04:29:13 AM | loss = 0.337 + 0.003 + 0.007 = 0.347
01/29 04:29:13 AM | ===
Best loss was 0.19 at iteration 151

01/29 04:29:13 AM | Looking for optimal threshold...
01/29 04:29:13 AM | Testing threshold 0.5
01/29 04:29:13 AM | Distance to target: 1,353,456
01/29 04:29:13 AM | Testing threshold 0.75
01/29 04:29:13 AM | Distance to target: 3,803,616
01/29 04:29:13 AM | Testing threshold 0.625
01/29 04:29:13 AM | Distance to target: 1,440,304
01/29 04:29:13 AM | Testing threshold 0.5625
01/29 04:29:13 AM | Distance to target: 382,016
01/29 04:29:13 AM | Testing threshold 0.53125
01/29 04:29:13 AM | Distance to target: 186,976
01/29 04:29:13 AM | Testing threshold 0.546875
01/29 04:29:13 AM | Distance to target: 76,832
01/29 04:29:13 AM | Testing threshold 0.5546875
01/29 04:29:13 AM | Distance to target: 330,720
01/29 04:29:13 AM | Testing threshold 0.55078125
01/29 04:29:14 AM | Distance to target: 76,832
01/29 04:29:14 AM | Testing threshold 0.552734375
01/29 04:29:14 AM | Distance to target: 76,832
01/29 04:29:14 AM | Testing threshold 0.5537109375
01/29 04:29:14 AM | Distance to target: 76,832
01/29 04:29:14 AM | Testing threshold 0.55419921875
01/29 04:29:14 AM | Distance to target: 76,832
01/29 04:29:14 AM | Testing threshold 0.554443359375
01/29 04:29:14 AM | Distance to target: 76,832
01/29 04:29:14 AM | Testing threshold 0.5545654296875
01/29 04:29:14 AM | Distance to target: 330,720
01/29 04:29:14 AM | Testing threshold 0.55450439453125
01/29 04:29:14 AM | Distance to target: 330,720
01/29 04:29:14 AM | Testing threshold 0.554473876953125
01/29 04:29:14 AM | Distance to target: 330,720
01/29 04:29:14 AM | Testing threshold 0.5544586181640625
01/29 04:29:14 AM | Distance to target: 76,832
01/29 04:29:14 AM | Testing threshold 0.5544662475585938
01/29 04:29:14 AM | Distance to target: 330,720
01/29 04:29:14 AM | Testing threshold 0.5544624328613281
01/29 04:29:14 AM | Distance to target: 76,832
01/29 04:29:14 AM | Testing threshold 0.5544643402099609
01/29 04:29:14 AM | Distance to target: 76,832
01/29 04:29:14 AM | Testing threshold 0.5544652938842773
01/29 04:29:14 AM | Distance to target: 76,832
01/29 04:29:14 AM | Testing threshold 0.5544657707214355
01/29 04:29:14 AM | Distance to target: 330,720
01/29 04:29:14 AM | Testing threshold 0.5544655323028564
01/29 04:29:14 AM | Distance to target: 330,720
01/29 04:29:14 AM | Testing threshold 0.5544654130935669
01/29 04:29:14 AM | Distance to target: 76,832
01/29 04:29:14 AM | Testing threshold 0.5544654726982117
01/29 04:29:14 AM | Distance to target: 76,832
01/29 04:29:14 AM | Testing threshold 0.5544655025005341
01/29 04:29:14 AM | Distance to target: 76,832
01/29 04:29:14 AM | Testing threshold 0.5544655174016953
01/29 04:29:14 AM | Distance to target: 76,832
01/29 04:29:14 AM | Testing threshold 0.5544655248522758
01/29 04:29:14 AM | Distance to target: 76,832
01/29 04:29:14 AM | Testing threshold 0.5544655285775661
01/29 04:29:14 AM | Distance to target: 76,832
01/29 04:29:14 AM | Testing threshold 0.5544655304402113
01/29 04:29:14 AM | Distance to target: 76,832
01/29 04:29:14 AM | Testing threshold 0.5544655313715339
01/29 04:29:14 AM | Distance to target: 76,832
01/29 04:29:14 AM | Testing threshold 0.5544655318371952
01/29 04:29:14 AM | Distance to target: 76,832
01/29 04:29:14 AM | Testing threshold 0.5544655320700258
01/29 04:29:14 AM | Distance to target: 76,832
01/29 04:29:14 AM | Testing threshold 0.5544655321864411
01/29 04:29:14 AM | Distance to target: 76,832
01/29 04:29:14 AM | Testing threshold 0.5544655322446488
01/29 04:29:14 AM | Distance to target: 76,832
01/29 04:29:14 AM | Testing threshold 0.5544655322737526
01/29 04:29:14 AM | Distance to target: 76,832
01/29 04:29:14 AM | Testing threshold 0.5544655322883045
01/29 04:29:14 AM | Distance to target: 76,832
01/29 04:29:14 AM | Testing threshold 0.5544655322955805
01/29 04:29:14 AM | Distance to target: 76,832
01/29 04:29:14 AM | Testing threshold 0.5544655322992185
01/29 04:29:14 AM | Distance to target: 76,832
01/29 04:29:14 AM | Testing threshold 0.5544655323010375
01/29 04:29:14 AM | Distance to target: 76,832
01/29 04:29:14 AM | Testing threshold 0.554465532301947
01/29 04:29:14 AM | Distance to target: 76,832
01/29 04:29:14 AM | Testing threshold 0.5544655323024017
01/29 04:29:14 AM | Distance to target: 76,832
01/29 04:29:14 AM | Testing threshold 0.5544655323026291
01/29 04:29:14 AM | Distance to target: 76,832
01/29 04:29:14 AM | Testing threshold 0.5544655323027428
01/29 04:29:14 AM | Distance to target: 76,832
01/29 04:29:14 AM | Testing threshold 0.5544655323027996
01/29 04:29:14 AM | Distance to target: 76,832
01/29 04:29:14 AM | Testing threshold 0.554465532302828
01/29 04:29:14 AM | Distance to target: 76,832
01/29 04:29:14 AM | Testing threshold 0.5544655323028422
01/29 04:29:14 AM | Distance to target: 76,832
01/29 04:29:14 AM | Testing threshold 0.5544655323028493
01/29 04:29:14 AM | Distance to target: 76,832
01/29 04:29:14 AM | Testing threshold 0.5544655323028529
01/29 04:29:14 AM | Distance to target: 76,832
01/29 04:29:14 AM | Testing threshold 0.5544655323028547
01/29 04:29:14 AM | Distance to target: 76,832
01/29 04:29:14 AM | Testing threshold 0.5544655323028556
01/29 04:29:14 AM | Distance to target: 76,832
01/29 04:29:16 AM | attribution_score[0:12]: 
[ 1.00  1.00  0.00  0.00  0.00  1.00  0.00  0.00  0.00  1.00  0.00  1.00 ]
[ 1.00  0.00  1.00  0.00  1.00  1.00  1.00  0.00  1.00  1.00  1.00  0.00 ]
[ 1.00  1.00  0.00  1.00  0.00  1.00  0.00  1.00  0.00  0.00  0.00  1.00 ]
[ 0.00  0.00  1.00  1.00  1.00  1.00  1.00  0.00  1.00  0.00  1.00  1.00 ]
[ 1.00  1.00  1.00  1.00  1.00  1.00  0.00  0.00  1.00  1.00  1.00  1.00 ]
[ 1.00  1.00  0.00  0.00  0.00  1.00  0.00  0.00  0.00  0.00  0.00  1.00 ]
[ 1.00  1.00  0.00  1.00  1.00  0.00  0.00  1.00  1.00  1.00  1.00  1.00 ]
[ 0.00  0.00  0.00  1.00  0.00  1.00  1.00  0.00  1.00  0.00  1.00  0.00 ]
[ 1.00  1.00  0.00  1.00  1.00  0.00  0.00  0.00  1.00  1.00  1.00  1.00 ]
[ 0.00  0.00  0.00  0.00  1.00  0.00  0.00  0.00  1.00  0.00  0.00  1.00 ]
[ 0.00  1.00  1.00  0.00  1.00  1.00  1.00  1.00  1.00  1.00  1.00  1.00 ]
[ 1.00  1.00  1.00  1.00  1.00  1.00  1.00  1.00  0.00  1.00  1.00  1.00 ]
[ 1.00  1.00  1.00  1.00  1.00  1.00  1.00  1.00  1.00  1.00  1.00  0.00 ]

01/29 04:29:16 AM | VGG(
  (features): Sequential(
    (conv0): Conv2d(3, 26, kernel_size=(3, 3), stride=(1, 1), padding=(1, 1))
    (norm0): BatchNorm2d(26, eps=1e-05, momentum=0.1, affine=True, track_running_stats=True)
    (relu0): ReLU(inplace=True)
    (conv1): Conv2d(26, 49, kernel_size=(3, 3), stride=(1, 1), padding=(1, 1))
    (norm1): BatchNorm2d(49, eps=1e-05, momentum=0.1, affine=True, track_running_stats=True)
    (relu1): ReLU(inplace=True)
    (pool2): MaxPool2d(kernel_size=2, stride=2, padding=0, dilation=1, ceil_mode=False)
    (conv3): Conv2d(49, 72, kernel_size=(3, 3), stride=(1, 1), padding=(1, 1))
    (norm3): BatchNorm2d(72, eps=1e-05, momentum=0.1, affine=True, track_running_stats=True)
    (relu3): ReLU(inplace=True)
    (conv4): Conv2d(72, 99, kernel_size=(3, 3), stride=(1, 1), padding=(1, 1))
    (norm4): BatchNorm2d(99, eps=1e-05, momentum=0.1, affine=True, track_running_stats=True)
    (relu4): ReLU(inplace=True)
    (pool5): MaxPool2d(kernel_size=2, stride=2, padding=0, dilation=1, ceil_mode=False)
    (conv6): Conv2d(99, 156, kernel_size=(3, 3), stride=(1, 1), padding=(1, 1))
    (norm6): BatchNorm2d(156, eps=1e-05, momentum=0.1, affine=True, track_running_stats=True)
    (relu6): ReLU(inplace=True)
    (conv7): Conv2d(156, 132, kernel_size=(3, 3), stride=(1, 1), padding=(1, 1))
    (norm7): BatchNorm2d(132, eps=1e-05, momentum=0.1, affine=True, track_running_stats=True)
    (relu7): ReLU(inplace=True)
    (conv8): Conv2d(132, 160, kernel_size=(3, 3), stride=(1, 1), padding=(1, 1))
    (norm8): BatchNorm2d(160, eps=1e-05, momentum=0.1, affine=True, track_running_stats=True)
    (relu8): ReLU(inplace=True)
    (pool9): MaxPool2d(kernel_size=2, stride=2, padding=0, dilation=1, ceil_mode=False)
    (conv10): Conv2d(160, 236, kernel_size=(3, 3), stride=(1, 1), padding=(1, 1))
    (norm10): BatchNorm2d(236, eps=1e-05, momentum=0.1, affine=True, track_running_stats=True)
    (relu10): ReLU(inplace=True)
    (conv11): Conv2d(236, 196, kernel_size=(3, 3), stride=(1, 1), padding=(1, 1))
    (norm11): BatchNorm2d(196, eps=1e-05, momentum=0.1, affine=True, track_running_stats=True)
    (relu11): ReLU(inplace=True)
    (conv12): Conv2d(196, 259, kernel_size=(3, 3), stride=(1, 1), padding=(1, 1))
    (norm12): BatchNorm2d(259, eps=1e-05, momentum=0.1, affine=True, track_running_stats=True)
    (relu12): ReLU(inplace=True)
    (pool13): MaxPool2d(kernel_size=2, stride=2, padding=0, dilation=1, ceil_mode=False)
    (conv14): Conv2d(259, 400, kernel_size=(3, 3), stride=(1, 1), padding=(1, 1))
    (norm14): BatchNorm2d(400, eps=1e-05, momentum=0.1, affine=True, track_running_stats=True)
    (relu14): ReLU(inplace=True)
    (conv15): Conv2d(400, 452, kernel_size=(3, 3), stride=(1, 1), padding=(1, 1))
    (norm15): BatchNorm2d(452, eps=1e-05, momentum=0.1, affine=True, track_running_stats=True)
    (relu15): ReLU(inplace=True)
    (conv16): Conv2d(452, 506, kernel_size=(3, 3), stride=(1, 1), padding=(1, 1))
    (norm16): BatchNorm2d(506, eps=1e-05, momentum=0.1, affine=True, track_running_stats=True)
    (relu16): ReLU(inplace=True)
  )
  (classifier): Sequential(
    (linear1): Linear(in_features=506, out_features=512, bias=True)
    (norm1): BatchNorm1d(512, eps=1e-05, momentum=0.1, affine=True, track_running_stats=True)
    (relu1): ReLU(inplace=True)
    (linear2): Linear(in_features=512, out_features=10, bias=True)
  )
)
01/29 04:29:18 AM | ----------------------------------------
01/29 04:29:18 AM | Performances input model:
01/29 04:29:18 AM |  - flops: 314,294,272
01/29 04:29:18 AM |  - params: 14,991,946
01/29 04:29:18 AM |  - accuracy: 93.95999908447266
01/29 04:29:18 AM | ----------------------------------------
01/29 04:29:18 AM | Performances pseudo-pruned model:
01/29 04:29:18 AM |  - flops: 314,294,272
01/29 04:29:18 AM |  - params: 14,991,946
01/29 04:29:18 AM |  - accuracy: 81.56999969482422
01/29 04:29:18 AM | ----------------------------------------
01/29 04:29:18 AM | Performances pruned model:
01/29 04:29:18 AM |  - flops: 108,576,088
01/29 04:29:18 AM |  - params: 6,727,471
01/29 04:29:18 AM |  - accuracy: 81.56999969482422
01/29 04:29:18 AM | ----------------------------------------
01/29 04:29:18 AM | Total time: 105.87s
