01/29 04:25:20 AM | args = Namespace(output_dir='result/rebuttal/nb_epoch/vgg/nbbtchs230/seed_00', loaded_model_path='./checkpoints/cifar10/vgg_16_bn.pt', resume=False, test_only=False, mode='prune', batch_size=64, nb_batches=230, Mflops_target=None, lr=0.6, momentum=0.9, beta=6, gamma=0.4, gpu='0', num_workers=4, dataset='cifar10', arch='vgg_16_bn', save_plot=False, seed=0, lr_finetuning=0.02, epoch_finetuning=200, wd=0.002, data_dir='./data/cifar10/', print_freq=200, num_classes=10, device_ids=[0], device=device(type='cuda', index=0), name_base='')
01/29 04:25:32 AM | ----------------------------------------
01/29 04:25:32 AM | ==> Building model...
01/29 04:25:32 AM | ----------------------------------------
01/29 04:25:32 AM | ==> Loading weights into the model...
01/29 04:25:32 AM | ----------------------------------------
01/29 04:25:32 AM | VGG(
  (features): Sequential(
    (conv0): Conv2d(3, 64, kernel_size=(3, 3), stride=(1, 1), padding=(1, 1))
    (norm0): BatchNorm2d(64, eps=1e-05, momentum=0.1, affine=True, track_running_stats=True)
    (relu0): ReLU(inplace=True)
    (conv1): Conv2d(64, 64, kernel_size=(3, 3), stride=(1, 1), padding=(1, 1))
    (norm1): BatchNorm2d(64, eps=1e-05, momentum=0.1, affine=True, track_running_stats=True)
    (relu1): ReLU(inplace=True)
    (pool2): MaxPool2d(kernel_size=2, stride=2, padding=0, dilation=1, ceil_mode=False)
    (conv3): Conv2d(64, 128, kernel_size=(3, 3), stride=(1, 1), padding=(1, 1))
    (norm3): BatchNorm2d(128, eps=1e-05, momentum=0.1, affine=True, track_running_stats=True)
    (relu3): ReLU(inplace=True)
    (conv4): Conv2d(128, 128, kernel_size=(3, 3), stride=(1, 1), padding=(1, 1))
    (norm4): BatchNorm2d(128, eps=1e-05, momentum=0.1, affine=True, track_running_stats=True)
    (relu4): ReLU(inplace=True)
    (pool5): MaxPool2d(kernel_size=2, stride=2, padding=0, dilation=1, ceil_mode=False)
    (conv6): Conv2d(128, 256, kernel_size=(3, 3), stride=(1, 1), padding=(1, 1))
    (norm6): BatchNorm2d(256, eps=1e-05, momentum=0.1, affine=True, track_running_stats=True)
    (relu6): ReLU(inplace=True)
    (conv7): Conv2d(256, 256, kernel_size=(3, 3), stride=(1, 1), padding=(1, 1))
    (norm7): BatchNorm2d(256, eps=1e-05, momentum=0.1, affine=True, track_running_stats=True)
    (relu7): ReLU(inplace=True)
    (conv8): Conv2d(256, 256, kernel_size=(3, 3), stride=(1, 1), padding=(1, 1))
    (norm8): BatchNorm2d(256, eps=1e-05, momentum=0.1, affine=True, track_running_stats=True)
    (relu8): ReLU(inplace=True)
    (pool9): MaxPool2d(kernel_size=2, stride=2, padding=0, dilation=1, ceil_mode=False)
    (conv10): Conv2d(256, 512, kernel_size=(3, 3), stride=(1, 1), padding=(1, 1))
    (norm10): BatchNorm2d(512, eps=1e-05, momentum=0.1, affine=True, track_running_stats=True)
    (relu10): ReLU(inplace=True)
    (conv11): Conv2d(512, 512, kernel_size=(3, 3), stride=(1, 1), padding=(1, 1))
    (norm11): BatchNorm2d(512, eps=1e-05, momentum=0.1, affine=True, track_running_stats=True)
    (relu11): ReLU(inplace=True)
    (conv12): Conv2d(512, 512, kernel_size=(3, 3), stride=(1, 1), padding=(1, 1))
    (norm12): BatchNorm2d(512, eps=1e-05, momentum=0.1, affine=True, track_running_stats=True)
    (relu12): ReLU(inplace=True)
    (pool13): MaxPool2d(kernel_size=2, stride=2, padding=0, dilation=1, ceil_mode=False)
    (conv14): Conv2d(512, 512, kernel_size=(3, 3), stride=(1, 1), padding=(1, 1))
    (norm14): BatchNorm2d(512, eps=1e-05, momentum=0.1, affine=True, track_running_stats=True)
    (relu14): ReLU(inplace=True)
    (conv15): Conv2d(512, 512, kernel_size=(3, 3), stride=(1, 1), padding=(1, 1))
    (norm15): BatchNorm2d(512, eps=1e-05, momentum=0.1, affine=True, track_running_stats=True)
    (relu15): ReLU(inplace=True)
    (conv16): Conv2d(512, 512, kernel_size=(3, 3), stride=(1, 1), padding=(1, 1))
    (norm16): BatchNorm2d(512, eps=1e-05, momentum=0.1, affine=True, track_running_stats=True)
    (relu16): ReLU(inplace=True)
  )
  (classifier): Sequential(
    (linear1): Linear(in_features=512, out_features=512, bias=True)
    (norm1): BatchNorm1d(512, eps=1e-05, momentum=0.1, affine=True, track_running_stats=True)
    (relu1): ReLU(inplace=True)
    (linear2): Linear(in_features=512, out_features=10, bias=True)
  )
)
01/29 04:25:34 AM | Save modules info...
01/29 04:25:34 AM | FLOPS pruning ratio is 0.65
01/29 04:25:34 AM | Pruning with information flow
01/29 04:25:34 AM | -----
01/29 04:25:34 AM | module: Conv2d(3, 64, kernel_size=(3, 3), stride=(1, 1), padding=(1, 1))
01/29 04:25:34 AM | cin: None
01/29 04:25:34 AM | cout: [0]
01/29 04:25:34 AM | inactive
01/29 04:25:34 AM | -----
01/29 04:25:34 AM | module: BatchNorm2d(64, eps=1e-05, momentum=0.1, affine=True, track_running_stats=True)
01/29 04:25:34 AM | cin: [0]
01/29 04:25:34 AM | cout: [0]
01/29 04:25:34 AM | inactive
01/29 04:25:34 AM | -----
01/29 04:25:34 AM | module: ReLU(inplace=True)
01/29 04:25:34 AM | cin: [0]
01/29 04:25:34 AM | cout: [0]
01/29 04:25:34 AM | active
01/29 04:25:34 AM | -----
01/29 04:25:34 AM | module: Conv2d(64, 64, kernel_size=(3, 3), stride=(1, 1), padding=(1, 1))
01/29 04:25:34 AM | cin: [0]
01/29 04:25:34 AM | cout: [1]
01/29 04:25:34 AM | inactive
01/29 04:25:34 AM | -----
01/29 04:25:34 AM | module: BatchNorm2d(64, eps=1e-05, momentum=0.1, affine=True, track_running_stats=True)
01/29 04:25:34 AM | cin: [1]
01/29 04:25:34 AM | cout: [1]
01/29 04:25:34 AM | inactive
01/29 04:25:34 AM | -----
01/29 04:25:34 AM | module: ReLU(inplace=True)
01/29 04:25:34 AM | cin: [1]
01/29 04:25:34 AM | cout: [1]
01/29 04:25:34 AM | active
01/29 04:25:34 AM | -----
01/29 04:25:34 AM | module: MaxPool2d(kernel_size=2, stride=2, padding=0, dilation=1, ceil_mode=False)
01/29 04:25:34 AM | cin: [1]
01/29 04:25:34 AM | cout: [1]
01/29 04:25:34 AM | inactive
01/29 04:25:34 AM | -----
01/29 04:25:34 AM | module: Conv2d(64, 128, kernel_size=(3, 3), stride=(1, 1), padding=(1, 1))
01/29 04:25:34 AM | cin: [1]
01/29 04:25:34 AM | cout: [2]
01/29 04:25:34 AM | inactive
01/29 04:25:34 AM | -----
01/29 04:25:34 AM | module: BatchNorm2d(128, eps=1e-05, momentum=0.1, affine=True, track_running_stats=True)
01/29 04:25:34 AM | cin: [2]
01/29 04:25:34 AM | cout: [2]
01/29 04:25:34 AM | inactive
01/29 04:25:34 AM | -----
01/29 04:25:34 AM | module: ReLU(inplace=True)
01/29 04:25:34 AM | cin: [2]
01/29 04:25:34 AM | cout: [2]
01/29 04:25:34 AM | active
01/29 04:25:34 AM | -----
01/29 04:25:34 AM | module: Conv2d(128, 128, kernel_size=(3, 3), stride=(1, 1), padding=(1, 1))
01/29 04:25:34 AM | cin: [2]
01/29 04:25:34 AM | cout: [3]
01/29 04:25:34 AM | inactive
01/29 04:25:34 AM | -----
01/29 04:25:34 AM | module: BatchNorm2d(128, eps=1e-05, momentum=0.1, affine=True, track_running_stats=True)
01/29 04:25:34 AM | cin: [3]
01/29 04:25:34 AM | cout: [3]
01/29 04:25:34 AM | inactive
01/29 04:25:34 AM | -----
01/29 04:25:34 AM | module: ReLU(inplace=True)
01/29 04:25:34 AM | cin: [3]
01/29 04:25:34 AM | cout: [3]
01/29 04:25:34 AM | active
01/29 04:25:34 AM | -----
01/29 04:25:34 AM | module: MaxPool2d(kernel_size=2, stride=2, padding=0, dilation=1, ceil_mode=False)
01/29 04:25:34 AM | cin: [3]
01/29 04:25:34 AM | cout: [3]
01/29 04:25:34 AM | inactive
01/29 04:25:34 AM | -----
01/29 04:25:34 AM | module: Conv2d(128, 256, kernel_size=(3, 3), stride=(1, 1), padding=(1, 1))
01/29 04:25:34 AM | cin: [3]
01/29 04:25:34 AM | cout: [4]
01/29 04:25:34 AM | inactive
01/29 04:25:34 AM | -----
01/29 04:25:34 AM | module: BatchNorm2d(256, eps=1e-05, momentum=0.1, affine=True, track_running_stats=True)
01/29 04:25:34 AM | cin: [4]
01/29 04:25:34 AM | cout: [4]
01/29 04:25:34 AM | inactive
01/29 04:25:34 AM | -----
01/29 04:25:34 AM | module: ReLU(inplace=True)
01/29 04:25:34 AM | cin: [4]
01/29 04:25:34 AM | cout: [4]
01/29 04:25:34 AM | active
01/29 04:25:34 AM | -----
01/29 04:25:34 AM | module: Conv2d(256, 256, kernel_size=(3, 3), stride=(1, 1), padding=(1, 1))
01/29 04:25:34 AM | cin: [4]
01/29 04:25:34 AM | cout: [5]
01/29 04:25:34 AM | inactive
01/29 04:25:34 AM | -----
01/29 04:25:34 AM | module: BatchNorm2d(256, eps=1e-05, momentum=0.1, affine=True, track_running_stats=True)
01/29 04:25:34 AM | cin: [5]
01/29 04:25:34 AM | cout: [5]
01/29 04:25:34 AM | inactive
01/29 04:25:34 AM | -----
01/29 04:25:34 AM | module: ReLU(inplace=True)
01/29 04:25:34 AM | cin: [5]
01/29 04:25:34 AM | cout: [5]
01/29 04:25:34 AM | active
01/29 04:25:34 AM | -----
01/29 04:25:34 AM | module: Conv2d(256, 256, kernel_size=(3, 3), stride=(1, 1), padding=(1, 1))
01/29 04:25:34 AM | cin: [5]
01/29 04:25:34 AM | cout: [6]
01/29 04:25:34 AM | inactive
01/29 04:25:34 AM | -----
01/29 04:25:34 AM | module: BatchNorm2d(256, eps=1e-05, momentum=0.1, affine=True, track_running_stats=True)
01/29 04:25:34 AM | cin: [6]
01/29 04:25:34 AM | cout: [6]
01/29 04:25:34 AM | inactive
01/29 04:25:34 AM | -----
01/29 04:25:34 AM | module: ReLU(inplace=True)
01/29 04:25:34 AM | cin: [6]
01/29 04:25:34 AM | cout: [6]
01/29 04:25:34 AM | active
01/29 04:25:34 AM | -----
01/29 04:25:34 AM | module: MaxPool2d(kernel_size=2, stride=2, padding=0, dilation=1, ceil_mode=False)
01/29 04:25:34 AM | cin: [6]
01/29 04:25:34 AM | cout: [6]
01/29 04:25:34 AM | inactive
01/29 04:25:34 AM | -----
01/29 04:25:34 AM | module: Conv2d(256, 512, kernel_size=(3, 3), stride=(1, 1), padding=(1, 1))
01/29 04:25:34 AM | cin: [6]
01/29 04:25:34 AM | cout: [7]
01/29 04:25:34 AM | inactive
01/29 04:25:34 AM | -----
01/29 04:25:34 AM | module: BatchNorm2d(512, eps=1e-05, momentum=0.1, affine=True, track_running_stats=True)
01/29 04:25:34 AM | cin: [7]
01/29 04:25:34 AM | cout: [7]
01/29 04:25:34 AM | inactive
01/29 04:25:34 AM | -----
01/29 04:25:34 AM | module: ReLU(inplace=True)
01/29 04:25:34 AM | cin: [7]
01/29 04:25:34 AM | cout: [7]
01/29 04:25:34 AM | active
01/29 04:25:34 AM | -----
01/29 04:25:34 AM | module: Conv2d(512, 512, kernel_size=(3, 3), stride=(1, 1), padding=(1, 1))
01/29 04:25:34 AM | cin: [7]
01/29 04:25:34 AM | cout: [8]
01/29 04:25:34 AM | inactive
01/29 04:25:34 AM | -----
01/29 04:25:34 AM | module: BatchNorm2d(512, eps=1e-05, momentum=0.1, affine=True, track_running_stats=True)
01/29 04:25:34 AM | cin: [8]
01/29 04:25:34 AM | cout: [8]
01/29 04:25:34 AM | inactive
01/29 04:25:34 AM | -----
01/29 04:25:34 AM | module: ReLU(inplace=True)
01/29 04:25:34 AM | cin: [8]
01/29 04:25:34 AM | cout: [8]
01/29 04:25:34 AM | active
01/29 04:25:34 AM | -----
01/29 04:25:34 AM | module: Conv2d(512, 512, kernel_size=(3, 3), stride=(1, 1), padding=(1, 1))
01/29 04:25:34 AM | cin: [8]
01/29 04:25:34 AM | cout: [9]
01/29 04:25:34 AM | inactive
01/29 04:25:34 AM | -----
01/29 04:25:34 AM | module: BatchNorm2d(512, eps=1e-05, momentum=0.1, affine=True, track_running_stats=True)
01/29 04:25:34 AM | cin: [9]
01/29 04:25:34 AM | cout: [9]
01/29 04:25:34 AM | inactive
01/29 04:25:34 AM | -----
01/29 04:25:34 AM | module: ReLU(inplace=True)
01/29 04:25:34 AM | cin: [9]
01/29 04:25:34 AM | cout: [9]
01/29 04:25:34 AM | active
01/29 04:25:34 AM | -----
01/29 04:25:34 AM | module: MaxPool2d(kernel_size=2, stride=2, padding=0, dilation=1, ceil_mode=False)
01/29 04:25:34 AM | cin: [9]
01/29 04:25:34 AM | cout: [9]
01/29 04:25:34 AM | inactive
01/29 04:25:34 AM | -----
01/29 04:25:34 AM | module: Conv2d(512, 512, kernel_size=(3, 3), stride=(1, 1), padding=(1, 1))
01/29 04:25:34 AM | cin: [9]
01/29 04:25:34 AM | cout: [10]
01/29 04:25:34 AM | inactive
01/29 04:25:34 AM | -----
01/29 04:25:34 AM | module: BatchNorm2d(512, eps=1e-05, momentum=0.1, affine=True, track_running_stats=True)
01/29 04:25:34 AM | cin: [10]
01/29 04:25:34 AM | cout: [10]
01/29 04:25:34 AM | inactive
01/29 04:25:34 AM | -----
01/29 04:25:34 AM | module: ReLU(inplace=True)
01/29 04:25:34 AM | cin: [10]
01/29 04:25:34 AM | cout: [10]
01/29 04:25:34 AM | active
01/29 04:25:34 AM | -----
01/29 04:25:34 AM | module: Conv2d(512, 512, kernel_size=(3, 3), stride=(1, 1), padding=(1, 1))
01/29 04:25:34 AM | cin: [10]
01/29 04:25:34 AM | cout: [11]
01/29 04:25:34 AM | inactive
01/29 04:25:34 AM | -----
01/29 04:25:34 AM | module: BatchNorm2d(512, eps=1e-05, momentum=0.1, affine=True, track_running_stats=True)
01/29 04:25:34 AM | cin: [11]
01/29 04:25:34 AM | cout: [11]
01/29 04:25:34 AM | inactive
01/29 04:25:34 AM | -----
01/29 04:25:34 AM | module: ReLU(inplace=True)
01/29 04:25:34 AM | cin: [11]
01/29 04:25:34 AM | cout: [11]
01/29 04:25:34 AM | active
01/29 04:25:34 AM | -----
01/29 04:25:34 AM | module: Conv2d(512, 512, kernel_size=(3, 3), stride=(1, 1), padding=(1, 1))
01/29 04:25:34 AM | cin: [11]
01/29 04:25:34 AM | cout: [12]
01/29 04:25:34 AM | inactive
01/29 04:25:34 AM | -----
01/29 04:25:34 AM | module: BatchNorm2d(512, eps=1e-05, momentum=0.1, affine=True, track_running_stats=True)
01/29 04:25:34 AM | cin: [12]
01/29 04:25:34 AM | cout: [12]
01/29 04:25:34 AM | inactive
01/29 04:25:34 AM | -----
01/29 04:25:34 AM | module: ReLU(inplace=True)
01/29 04:25:34 AM | cin: [12]
01/29 04:25:34 AM | cout: [12]
01/29 04:25:34 AM | active
01/29 04:25:34 AM | -----
01/29 04:25:34 AM | module: Linear(in_features=512, out_features=512, bias=True)
01/29 04:25:34 AM | cin: [12]
01/29 04:25:34 AM | cout: None
01/29 04:25:34 AM | inactive
01/29 04:25:34 AM | -----
01/29 04:25:34 AM | module: ReLU(inplace=True)
01/29 04:25:34 AM | cin: None
01/29 04:25:34 AM | cout: None
01/29 04:25:34 AM | active
01/29 04:25:34 AM | -----
01/29 04:25:34 AM | module: Linear(in_features=512, out_features=10, bias=True)
01/29 04:25:34 AM | cin: None
01/29 04:25:34 AM | cout: None
01/29 04:25:34 AM | inactive
01/29 04:25:34 AM | Used masks: [0, 1, 2, 3, 4, 5, 6, 7, 8, 9, 10, 11, 12]
01/29 04:25:34 AM | 13 unique masks in total
01/29 04:25:34 AM | === Batch 1/230
01/29 04:25:34 AM | loss = 0.047 + 4.266 + 0.040 = 4.353
01/29 04:25:35 AM | attribution_score[0:12]: 
[ 0.94  0.83  0.83  0.83  0.83  0.83  0.83  0.83  0.83  0.83  0.83  0.83 ]
[ 0.83  0.83  0.83  0.83  0.83  0.83  0.83  0.83  0.83  0.83  0.83  0.83 ]
[ 0.94  0.83  0.83  0.83  0.83  0.83  0.83  0.83  0.83  0.83  0.83  0.94 ]
[ 0.83  0.83  0.94  0.83  0.83  0.83  0.83  0.83  0.83  0.83  0.83  0.83 ]
[ 0.83  0.83  0.94  0.83  0.83  0.83  0.83  0.83  0.83  0.83  0.83  0.83 ]
[ 0.83  0.83  0.83  0.83  0.83  0.83  0.83  0.83  0.83  0.83  0.83  0.83 ]
[ 0.83  0.83  0.94  0.83  0.83  0.83  0.83  0.83  0.83  0.83  0.83  0.83 ]
[ 0.83  0.83  0.83  0.83  0.83  0.83  0.83  0.83  0.83  0.83  0.83  0.83 ]
[ 0.83  0.83  0.83  0.83  0.83  0.83  0.83  0.83  0.83  0.83  0.83  0.83 ]
[ 0.83  0.83  0.83  0.83  0.83  0.83  0.83  0.83  0.83  0.83  0.83  0.83 ]
[ 0.83  0.83  0.83  0.83  0.83  0.83  0.83  0.83  0.83  0.83  0.94  0.83 ]
[ 0.83  0.94  0.83  0.83  0.83  0.83  0.83  0.94  0.83  0.83  0.83  0.83 ]
[ 0.94  0.94  0.94  0.94  0.94  0.94  0.83  0.83  0.94  0.94  0.94  0.83 ]

01/29 04:25:35 AM | === Batch 2/230
01/29 04:25:35 AM | loss = 0.345 + 3.308 + 0.062 = 3.715
01/29 04:25:35 AM | attribution_score[0:12]: 
[ 0.96  0.88  0.77  0.73  0.75  0.73  0.73  0.73  0.73  0.73  0.73  0.81 ]
[ 0.87  0.76  0.75  0.74  0.87  0.73  0.74  0.73  0.73  0.86  0.88  0.74 ]
[ 0.96  0.88  0.74  0.88  0.73  0.88  0.86  0.77  0.74  0.74  0.73  0.96 ]
[ 0.73  0.83  0.96  0.74  0.76  0.73  0.85  0.87  0.81  0.85  0.73  0.88 ]
[ 0.83  0.76  0.96  0.74  0.75  0.73  0.73  0.75  0.74  0.74  0.86  0.85 ]
[ 0.73  0.75  0.77  0.74  0.73  0.80  0.74  0.74  0.73  0.74  0.73  0.86 ]
[ 0.74  0.73  0.94  0.74  0.74  0.75  0.74  0.73  0.76  0.74  0.86  0.75 ]
[ 0.73  0.73  0.73  0.73  0.74  0.73  0.73  0.73  0.74  0.73  0.73  0.82 ]
[ 0.75  0.73  0.73  0.73  0.74  0.73  0.73  0.73  0.74  0.73  0.80  0.73 ]
[ 0.73  0.73  0.73  0.73  0.85  0.74  0.73  0.73  0.74  0.73  0.75  0.73 ]
[ 0.73  0.75  0.85  0.74  0.73  0.86  0.73  0.75  0.81  0.73  0.96  0.74 ]
[ 0.88  0.97  0.76  0.87  0.88  0.86  0.74  0.97  0.84  0.88  0.87  0.74 ]
[ 0.97  0.96  0.97  0.91  0.97  0.96  0.88  0.88  0.96  0.97  0.97  0.73 ]

01/29 04:25:35 AM | === Batch 3/230
01/29 04:25:35 AM | loss = 0.339 + 2.497 + 0.081 = 2.918
01/29 04:25:36 AM | attribution_score[0:12]: 
[ 0.98  0.90  0.68  0.60  0.64  0.61  0.60  0.60  0.60  0.60  0.61  0.86 ]
[ 0.89  0.66  0.78  0.61  0.90  0.67  0.63  0.61  0.69  0.90  0.91  0.62 ]
[ 0.97  0.91  0.62  0.92  0.60  0.92  0.86  0.68  0.62  0.62  0.60  0.98 ]
[ 0.61  0.84  0.97  0.70  0.66  0.76  0.80  0.90  0.81  0.82  0.68  0.91 ]
[ 0.78  0.66  0.97  0.63  0.79  0.60  0.60  0.64  0.75  0.61  0.85  0.85 ]
[ 0.62  0.65  0.68  0.61  0.60  0.74  0.61  0.62  0.62  0.62  0.60  0.85 ]
[ 0.64  0.61  0.94  0.64  0.64  0.64  0.61  0.69  0.66  0.78  0.90  0.63 ]
[ 0.60  0.60  0.61  0.60  0.61  0.60  0.60  0.60  0.70  0.61  0.60  0.80 ]
[ 0.65  0.67  0.60  0.60  0.62  0.60  0.60  0.60  0.66  0.60  0.80  0.68 ]
[ 0.64  0.61  0.60  0.60  0.87  0.67  0.60  0.60  0.72  0.60  0.63  0.63 ]
[ 0.61  0.79  0.89  0.61  0.61  0.90  0.79  0.76  0.86  0.71  0.98  0.75 ]
[ 0.91  0.98  0.78  0.91  0.93  0.89  0.79  0.98  0.81  0.92  0.91  0.80 ]
[ 0.98  0.98  0.98  0.90  0.98  0.98  0.92  0.93  0.98  0.98  0.98  0.60 ]

01/29 04:25:36 AM | === Batch 4/230
01/29 04:25:36 AM | loss = 0.558 + 1.677 + 0.101 = 2.336
01/29 04:25:36 AM | attribution_score[0:12]: 
[ 0.98  0.92  0.57  0.46  0.50  0.47  0.46  0.45  0.45  0.46  0.46  0.84 ]
[ 0.90  0.56  0.83  0.47  0.90  0.59  0.61  0.46  0.72  0.92  0.91  0.48 ]
[ 0.98  0.94  0.48  0.94  0.45  0.94  0.87  0.64  0.48  0.49  0.48  0.98 ]
[ 0.47  0.85  0.96  0.73  0.57  0.82  0.74  0.92  0.78  0.80  0.63  0.92 ]
[ 0.71  0.53  0.98  0.53  0.85  0.47  0.45  0.51  0.80  0.56  0.82  0.80 ]
[ 0.60  0.64  0.55  0.46  0.47  0.64  0.50  0.50  0.50  0.49  0.45  0.82 ]
[ 0.53  0.47  0.93  0.53  0.52  0.52  0.57  0.73  0.71  0.84  0.94  0.50 ]
[ 0.45  0.46  0.46  0.45  0.50  0.45  0.56  0.45  0.73  0.47  0.48  0.73 ]
[ 0.55  0.71  0.45  0.61  0.50  0.45  0.47  0.47  0.65  0.45  0.83  0.74 ]
[ 0.62  0.47  0.45  0.45  0.84  0.65  0.46  0.45  0.77  0.45  0.52  0.56 ]
[ 0.47  0.85  0.93  0.60  0.64  0.92  0.85  0.79  0.90  0.77  0.99  0.81 ]
[ 0.91  0.99  0.84  0.95  0.95  0.90  0.85  0.99  0.74  0.94  0.94  0.86 ]
[ 0.99  0.99  0.99  0.92  0.99  0.99  0.95  0.96  0.98  0.99  0.99  0.55 ]

01/29 04:25:36 AM | === Batch 5/230
01/29 04:25:36 AM | loss = 0.910 + 1.011 + 0.111 = 2.031
01/29 04:25:37 AM | attribution_score[0:12]: 
[ 0.99  0.93  0.47  0.31  0.37  0.33  0.32  0.31  0.31  0.33  0.32  0.83 ]
[ 0.92  0.45  0.84  0.33  0.90  0.47  0.65  0.32  0.72  0.93  0.92  0.45 ]
[ 0.99  0.95  0.34  0.95  0.32  0.96  0.87  0.60  0.35  0.36  0.35  0.98 ]
[ 0.37  0.81  0.95  0.78  0.50  0.85  0.74  0.94  0.72  0.79  0.62  0.92 ]
[ 0.73  0.52  0.98  0.45  0.89  0.40  0.32  0.38  0.84  0.57  0.79  0.73 ]
[ 0.61  0.69  0.43  0.33  0.34  0.52  0.46  0.43  0.39  0.35  0.31  0.76 ]
[ 0.57  0.35  0.91  0.42  0.59  0.40  0.59  0.80  0.78  0.82  0.95  0.37 ]
[ 0.31  0.32  0.32  0.31  0.48  0.31  0.54  0.31  0.79  0.33  0.37  0.64 ]
[ 0.44  0.73  0.31  0.68  0.37  0.31  0.36  0.34  0.70  0.31  0.82  0.81 ]
[ 0.63  0.36  0.31  0.31  0.79  0.65  0.33  0.31  0.83  0.31  0.40  0.48 ]
[ 0.33  0.90  0.94  0.65  0.72  0.90  0.89  0.77  0.93  0.84  0.99  0.87 ]
[ 0.91  0.99  0.89  0.96  0.97  0.89  0.89  0.99  0.65  0.95  0.96  0.91 ]
[ 0.99  0.99  0.99  0.93  0.99  0.99  0.96  0.97  0.99  0.99  0.99  0.46 ]

01/29 04:25:37 AM | === Batch 6/230
01/29 04:25:37 AM | loss = 0.938 + 0.463 + 0.095 = 1.496
01/29 04:25:37 AM | attribution_score[0:12]: 
[ 0.99  0.94  0.38  0.20  0.26  0.22  0.21  0.20  0.20  0.21  0.21  0.84 ]
[ 0.93  0.34  0.84  0.22  0.89  0.35  0.72  0.21  0.72  0.94  0.91  0.45 ]
[ 0.99  0.95  0.23  0.96  0.20  0.96  0.85  0.64  0.24  0.25  0.24  0.99 ]
[ 0.29  0.75  0.94  0.81  0.50  0.88  0.72  0.95  0.64  0.75  0.55  0.92 ]
[ 0.72  0.51  0.99  0.44  0.90  0.39  0.23  0.28  0.87  0.62  0.76  0.65 ]
[ 0.67  0.74  0.31  0.23  0.23  0.39  0.45  0.38  0.32  0.30  0.20  0.67 ]
[ 0.65  0.26  0.90  0.39  0.63  0.39  0.55  0.80  0.80  0.85  0.95  0.25 ]
[ 0.20  0.21  0.21  0.20  0.43  0.20  0.50  0.20  0.78  0.21  0.28  0.55 ]
[ 0.41  0.72  0.20  0.69  0.30  0.20  0.25  0.23  0.74  0.25  0.76  0.82 ]
[ 0.60  0.26  0.20  0.20  0.78  0.68  0.23  0.20  0.88  0.20  0.30  0.40 ]
[ 0.24  0.93  0.94  0.63  0.75  0.89  0.92  0.80  0.95  0.86  0.99  0.90 ]
[ 0.93  0.99  0.91  0.97  0.97  0.87  0.92  1.00  0.53  0.95  0.97  0.93 ]
[ 0.99  0.99  1.00  0.95  1.00  1.00  0.97  0.97  0.99  0.99  0.99  0.46 ]

01/29 04:25:37 AM | === Batch 7/230
01/29 04:25:37 AM | loss = 1.052 + 0.026 + 0.081 = 1.160
01/29 04:25:38 AM | attribution_score[0:12]: 
[ 0.99  0.94  0.31  0.12  0.17  0.15  0.13  0.13  0.12  0.14  0.13  0.87 ]
[ 0.93  0.24  0.84  0.13  0.86  0.24  0.76  0.13  0.71  0.95  0.90  0.46 ]
[ 0.99  0.95  0.15  0.96  0.12  0.97  0.82  0.66  0.15  0.18  0.15  0.99 ]
[ 0.23  0.67  0.93  0.80  0.49  0.89  0.71  0.96  0.53  0.70  0.50  0.91 ]
[ 0.71  0.44  0.99  0.41  0.90  0.41  0.16  0.21  0.90  0.68  0.75  0.63 ]
[ 0.72  0.76  0.21  0.16  0.15  0.28  0.48  0.31  0.27  0.34  0.12  0.56 ]
[ 0.74  0.21  0.89  0.36  0.63  0.42  0.49  0.76  0.81  0.88  0.96  0.16 ]
[ 0.12  0.13  0.13  0.12  0.36  0.13  0.45  0.12  0.75  0.13  0.19  0.46 ]
[ 0.44  0.68  0.12  0.67  0.29  0.12  0.17  0.19  0.78  0.20  0.69  0.81 ]
[ 0.55  0.17  0.13  0.12  0.78  0.70  0.16  0.12  0.90  0.13  0.25  0.32 ]
[ 0.22  0.95  0.93  0.56  0.76  0.90  0.93  0.85  0.96  0.86  0.99  0.91 ]
[ 0.95  1.00  0.91  0.97  0.97  0.87  0.94  1.00  0.46  0.94  0.98  0.94 ]
[ 1.00  1.00  1.00  0.96  1.00  1.00  0.97  0.97  0.99  0.99  0.99  0.40 ]

01/29 04:25:38 AM | === Batch 8/230
01/29 04:25:38 AM | loss = 1.252 + 0.577 + 0.071 = 1.901
01/29 04:25:38 AM | attribution_score[0:12]: 
[ 0.99  0.95  0.34  0.08  0.15  0.13  0.10  0.09  0.08  0.15  0.10  0.91 ]
[ 0.95  0.19  0.86  0.10  0.87  0.22  0.81  0.09  0.71  0.96  0.91  0.51 ]
[ 0.99  0.95  0.12  0.97  0.09  0.97  0.84  0.72  0.11  0.16  0.12  0.99 ]
[ 0.22  0.65  0.94  0.82  0.46  0.90  0.73  0.97  0.51  0.72  0.56  0.91 ]
[ 0.74  0.35  0.99  0.39  0.91  0.48  0.14  0.19  0.92  0.68  0.79  0.68 ]
[ 0.74  0.78  0.18  0.12  0.12  0.25  0.55  0.30  0.29  0.42  0.09  0.56 ]
[ 0.81  0.21  0.89  0.36  0.65  0.42  0.48  0.71  0.83  0.90  0.97  0.12 ]
[ 0.08  0.09  0.10  0.09  0.35  0.10  0.49  0.08  0.73  0.11  0.16  0.45 ]
[ 0.51  0.71  0.09  0.68  0.32  0.10  0.14  0.20  0.82  0.17  0.71  0.81 ]
[ 0.58  0.14  0.09  0.09  0.82  0.72  0.12  0.09  0.93  0.10  0.24  0.34 ]
[ 0.23  0.96  0.94  0.54  0.77  0.92  0.93  0.89  0.96  0.86  1.00  0.93 ]
[ 0.97  1.00  0.92  0.98  0.98  0.89  0.95  1.00  0.49  0.95  0.99  0.96 ]
[ 1.00  1.00  1.00  0.97  1.00  1.00  0.98  0.97  1.00  0.99  0.99  0.38 ]

01/29 04:25:38 AM | === Batch 9/230
01/29 04:25:38 AM | loss = 0.986 + 0.589 + 0.065 = 1.640
01/29 04:25:38 AM | attribution_score[0:12]: 
[ 0.99  0.96  0.41  0.06  0.15  0.13  0.09  0.07  0.07  0.19  0.09  0.93 ]
[ 0.96  0.18  0.88  0.07  0.89  0.24  0.85  0.07  0.73  0.97  0.93  0.58 ]
[ 0.99  0.96  0.12  0.97  0.07  0.98  0.87  0.79  0.09  0.17  0.11  0.99 ]
[ 0.22  0.68  0.96  0.85  0.48  0.91  0.76  0.97  0.54  0.76  0.65  0.92 ]
[ 0.78  0.32  0.99  0.37  0.92  0.56  0.14  0.20  0.94  0.70  0.84  0.75 ]
[ 0.75  0.79  0.18  0.10  0.10  0.25  0.63  0.35  0.34  0.49  0.07  0.60 ]
[ 0.87  0.22  0.90  0.39  0.69  0.41  0.53  0.67  0.86  0.92  0.97  0.11 ]
[ 0.06  0.07  0.08  0.07  0.37  0.09  0.58  0.06  0.75  0.09  0.16  0.47 ]
[ 0.61  0.76  0.07  0.72  0.37  0.08  0.13  0.23  0.84  0.17  0.75  0.84 ]
[ 0.64  0.14  0.08  0.07  0.86  0.76  0.10  0.07  0.95  0.09  0.25  0.39 ]
[ 0.27  0.96  0.95  0.54  0.77  0.94  0.94  0.92  0.97  0.86  1.00  0.94 ]
[ 0.98  1.00  0.93  0.98  0.98  0.92  0.95  1.00  0.57  0.96  0.99  0.97 ]
[ 1.00  1.00  1.00  0.98  1.00  1.00  0.98  0.98  1.00  0.99  0.99  0.41 ]

01/29 04:25:38 AM | === Batch 10/230
01/29 04:25:39 AM | loss = 0.791 + 0.323 + 0.061 = 1.174
01/29 04:25:39 AM | attribution_score[0:12]: 
[ 0.99  0.96  0.49  0.05  0.17  0.14  0.08  0.06  0.05  0.25  0.09  0.96 ]
[ 0.97  0.18  0.91  0.06  0.90  0.28  0.89  0.06  0.77  0.98  0.94  0.65 ]
[ 0.99  0.96  0.13  0.98  0.06  0.98  0.91  0.84  0.08  0.19  0.12  1.00 ]
[ 0.23  0.73  0.97  0.88  0.54  0.92  0.80  0.98  0.58  0.81  0.73  0.93 ]
[ 0.83  0.34  0.99  0.42  0.93  0.66  0.14  0.24  0.96  0.75  0.88  0.81 ]
[ 0.79  0.82  0.21  0.09  0.09  0.28  0.71  0.39  0.42  0.57  0.06  0.67 ]
[ 0.90  0.25  0.92  0.45  0.74  0.46  0.60  0.65  0.89  0.92  0.98  0.10 ]
[ 0.05  0.06  0.06  0.06  0.42  0.09  0.67  0.05  0.77  0.09  0.17  0.51 ]
[ 0.70  0.83  0.06  0.77  0.44  0.08  0.13  0.29  0.87  0.17  0.81  0.87 ]
[ 0.72  0.15  0.07  0.06  0.90  0.80  0.10  0.07  0.96  0.10  0.28  0.48 ]
[ 0.32  0.97  0.96  0.58  0.80  0.96  0.95  0.95  0.98  0.86  1.00  0.95 ]
[ 0.99  1.00  0.94  0.98  0.99  0.95  0.96  1.00  0.65  0.97  0.99  0.97 ]
[ 1.00  1.00  1.00  0.99  1.00  1.00  0.99  0.98  1.00  0.99  0.99  0.46 ]

01/29 04:25:39 AM | === Batch 11/230
01/29 04:25:39 AM | loss = 0.859 + 0.069 + 0.057 = 0.986
01/29 04:25:39 AM | attribution_score[0:12]: 
[ 1.00  0.97  0.56  0.04  0.17  0.15  0.08  0.05  0.05  0.28  0.08  0.97 ]
[ 0.97  0.18  0.93  0.05  0.91  0.32  0.91  0.05  0.81  0.98  0.95  0.71 ]
[ 1.00  0.96  0.13  0.98  0.05  0.99  0.92  0.87  0.08  0.19  0.12  1.00 ]
[ 0.24  0.78  0.98  0.90  0.61  0.94  0.80  0.98  0.61  0.83  0.79  0.93 ]
[ 0.84  0.37  1.00  0.48  0.94  0.68  0.14  0.27  0.97  0.81  0.90  0.85 ]
[ 0.83  0.85  0.23  0.08  0.09  0.28  0.74  0.45  0.50  0.62  0.05  0.71 ]
[ 0.91  0.26  0.93  0.50  0.78  0.51  0.65  0.63  0.91  0.93  0.98  0.09 ]
[ 0.04  0.05  0.05  0.05  0.45  0.10  0.72  0.04  0.80  0.09  0.19  0.57 ]
[ 0.78  0.88  0.05  0.80  0.52  0.07  0.14  0.34  0.89  0.18  0.85  0.89 ]
[ 0.78  0.15  0.06  0.05  0.92  0.84  0.09  0.06  0.97  0.09  0.29  0.55 ]
[ 0.33  0.97  0.97  0.60  0.82  0.97  0.95  0.96  0.98  0.87  1.00  0.95 ]
[ 0.99  1.00  0.95  0.99  0.99  0.96  0.96  1.00  0.69  0.98  0.99  0.98 ]
[ 1.00  1.00  1.00  0.99  1.00  1.00  0.99  0.98  1.00  1.00  0.99  0.49 ]

01/29 04:25:39 AM | === Batch 12/230
01/29 04:25:40 AM | loss = 0.684 + 0.250 + 0.054 = 0.988
01/29 04:25:40 AM | attribution_score[0:12]: 
[ 1.00  0.97  0.59  0.03  0.17  0.17  0.07  0.05  0.04  0.28  0.07  0.97 ]
[ 0.98  0.17  0.95  0.04  0.91  0.37  0.93  0.04  0.84  0.99  0.95  0.74 ]
[ 1.00  0.97  0.12  0.98  0.04  0.99  0.94  0.89  0.07  0.19  0.12  1.00 ]
[ 0.24  0.81  0.98  0.90  0.69  0.94  0.82  0.98  0.61  0.84  0.84  0.94 ]
[ 0.85  0.42  1.00  0.53  0.93  0.68  0.14  0.27  0.98  0.84  0.91  0.88 ]
[ 0.86  0.86  0.26  0.08  0.08  0.27  0.76  0.50  0.58  0.65  0.05  0.74 ]
[ 0.92  0.28  0.93  0.56  0.81  0.55  0.67  0.60  0.92  0.93  0.99  0.08 ]
[ 0.03  0.05  0.05  0.04  0.45  0.10  0.75  0.03  0.83  0.09  0.22  0.61 ]
[ 0.82  0.91  0.04  0.82  0.57  0.06  0.14  0.39  0.90  0.16  0.89  0.91 ]
[ 0.82  0.13  0.05  0.04  0.94  0.86  0.09  0.05  0.98  0.08  0.29  0.58 ]
[ 0.33  0.98  0.98  0.62  0.84  0.98  0.96  0.97  0.99  0.87  1.00  0.96 ]
[ 0.99  1.00  0.96  0.99  0.99  0.97  0.97  1.00  0.71  0.98  0.99  0.98 ]
[ 1.00  1.00  1.00  0.99  1.00  1.00  0.99  0.98  1.00  1.00  0.99  0.51 ]

01/29 04:25:40 AM | === Batch 13/230
01/29 04:25:40 AM | loss = 0.757 + 0.368 + 0.051 = 1.176
01/29 04:25:40 AM | attribution_score[0:12]: 
[ 1.00  0.98  0.60  0.03  0.16  0.18  0.06  0.04  0.03  0.28  0.06  0.98 ]
[ 0.98  0.16  0.96  0.04  0.91  0.40  0.94  0.03  0.87  0.99  0.96  0.76 ]
[ 1.00  0.97  0.11  0.98  0.04  0.99  0.94  0.91  0.07  0.17  0.12  1.00 ]
[ 0.24  0.84  0.98  0.90  0.77  0.95  0.84  0.98  0.62  0.85  0.87  0.94 ]
[ 0.86  0.47  1.00  0.55  0.93  0.69  0.13  0.27  0.98  0.86  0.92  0.90 ]
[ 0.88  0.88  0.28  0.07  0.07  0.28  0.76  0.51  0.66  0.66  0.04  0.79 ]
[ 0.92  0.28  0.92  0.64  0.84  0.56  0.68  0.57  0.93  0.93  0.99  0.07 ]
[ 0.03  0.04  0.04  0.03  0.43  0.10  0.78  0.03  0.86  0.09  0.23  0.66 ]
[ 0.86  0.94  0.04  0.85  0.62  0.06  0.14  0.40  0.90  0.15  0.91  0.92 ]
[ 0.85  0.11  0.05  0.03  0.95  0.87  0.08  0.04  0.98  0.07  0.29  0.61 ]
[ 0.31  0.98  0.98  0.65  0.85  0.98  0.97  0.98  0.99  0.88  1.00  0.96 ]
[ 0.99  1.00  0.96  0.99  0.99  0.97  0.97  1.00  0.71  0.98  1.00  0.99 ]
[ 1.00  1.00  1.00  0.99  1.00  1.00  0.99  0.99  1.00  1.00  1.00  0.51 ]

01/29 04:25:40 AM | === Batch 14/230
01/29 04:25:40 AM | loss = 0.520 + 0.442 + 0.048 = 1.010
01/29 04:25:41 AM | attribution_score[0:12]: 
[ 1.00  0.98  0.60  0.02  0.15  0.20  0.06  0.04  0.03  0.29  0.06  0.98 ]
[ 0.98  0.16  0.96  0.03  0.91  0.45  0.94  0.03  0.89  0.99  0.97  0.78 ]
[ 1.00  0.97  0.10  0.99  0.03  0.99  0.95  0.92  0.06  0.16  0.11  1.00 ]
[ 0.25  0.86  0.98  0.90  0.83  0.95  0.85  0.98  0.62  0.85  0.90  0.95 ]
[ 0.86  0.54  1.00  0.55  0.91  0.69  0.13  0.25  0.99  0.86  0.93  0.92 ]
[ 0.90  0.89  0.31  0.06  0.06  0.28  0.77  0.50  0.71  0.65  0.04  0.81 ]
[ 0.92  0.30  0.90  0.70  0.87  0.53  0.68  0.56  0.94  0.94  0.99  0.06 ]
[ 0.02  0.04  0.03  0.03  0.39  0.09  0.79  0.02  0.89  0.08  0.24  0.69 ]
[ 0.87  0.95  0.03  0.87  0.65  0.05  0.13  0.41  0.90  0.13  0.93  0.93 ]
[ 0.87  0.09  0.04  0.03  0.95  0.86  0.07  0.04  0.99  0.06  0.27  0.61 ]
[ 0.29  0.98  0.98  0.69  0.87  0.99  0.97  0.98  0.99  0.89  1.00  0.97 ]
[ 1.00  1.00  0.96  0.99  0.99  0.98  0.97  1.00  0.71  0.99  1.00  0.99 ]
[ 1.00  1.00  1.00  0.99  1.00  1.00  0.99  0.99  1.00  1.00  1.00  0.47 ]

01/29 04:25:41 AM | === Batch 15/230
01/29 04:25:41 AM | loss = 0.354 + 0.475 + 0.046 = 0.875
01/29 04:25:41 AM | attribution_score[0:12]: 
[ 1.00  0.98  0.58  0.02  0.14  0.21  0.05  0.03  0.02  0.31  0.05  0.99 ]
[ 0.99  0.16  0.97  0.03  0.91  0.49  0.95  0.02  0.90  0.99  0.97  0.78 ]
[ 1.00  0.97  0.09  0.99  0.03  0.99  0.95  0.93  0.06  0.14  0.10  1.00 ]
[ 0.25  0.86  0.99  0.90  0.87  0.95  0.86  0.99  0.62  0.86  0.92  0.95 ]
[ 0.85  0.58  1.00  0.56  0.89  0.68  0.12  0.22  0.99  0.87  0.93  0.93 ]
[ 0.91  0.89  0.32  0.05  0.05  0.27  0.78  0.45  0.76  0.64  0.03  0.83 ]
[ 0.92  0.32  0.88  0.71  0.89  0.49  0.67  0.53  0.95  0.94  0.99  0.05 ]
[ 0.02  0.04  0.03  0.02  0.35  0.08  0.80  0.02  0.91  0.07  0.23  0.72 ]
[ 0.88  0.97  0.03  0.89  0.67  0.04  0.12  0.41  0.90  0.11  0.94  0.94 ]
[ 0.89  0.07  0.03  0.03  0.96  0.86  0.05  0.03  0.99  0.05  0.26  0.61 ]
[ 0.25  0.98  0.99  0.73  0.88  0.99  0.97  0.99  0.99  0.90  1.00  0.97 ]
[ 1.00  1.00  0.96  0.99  0.99  0.98  0.98  1.00  0.70  0.99  1.00  0.99 ]
[ 1.00  1.00  1.00  1.00  1.00  1.00  0.99  0.99  1.00  1.00  1.00  0.41 ]

01/29 04:25:41 AM | === Batch 16/230
01/29 04:25:41 AM | loss = 0.506 + 0.473 + 0.044 = 1.023
01/29 04:25:41 AM | attribution_score[0:12]: 
[ 1.00  0.98  0.56  0.02  0.13  0.21  0.05  0.03  0.02  0.32  0.04  0.99 ]
[ 0.99  0.15  0.97  0.02  0.91  0.51  0.95  0.02  0.92  0.99  0.98  0.79 ]
[ 1.00  0.98  0.08  0.99  0.02  0.99  0.96  0.94  0.05  0.12  0.09  1.00 ]
[ 0.23  0.87  0.99  0.90  0.90  0.95  0.86  0.99  0.61  0.85  0.93  0.95 ]
[ 0.84  0.59  1.00  0.56  0.86  0.67  0.12  0.19  0.99  0.87  0.94  0.94 ]
[ 0.92  0.89  0.32  0.05  0.04  0.26  0.78  0.38  0.80  0.62  0.03  0.84 ]
[ 0.92  0.35  0.85  0.74  0.90  0.45  0.65  0.48  0.95  0.93  0.99  0.05 ]
[ 0.02  0.04  0.02  0.02  0.31  0.07  0.80  0.01  0.93  0.06  0.22  0.76 ]
[ 0.89  0.97  0.03  0.90  0.69  0.04  0.10  0.40  0.89  0.09  0.96  0.94 ]
[ 0.90  0.06  0.03  0.02  0.96  0.84  0.05  0.03  0.99  0.05  0.24  0.60 ]
[ 0.22  0.99  0.99  0.75  0.89  0.99  0.98  0.99  0.99  0.90  1.00  0.97 ]
[ 1.00  1.00  0.97  0.99  0.99  0.98  0.98  1.00  0.68  0.99  1.00  0.99 ]
[ 1.00  1.00  1.00  1.00  1.00  1.00  0.99  0.99  1.00  1.00  1.00  0.35 ]

01/29 04:25:41 AM | === Batch 17/230
01/29 04:25:42 AM | loss = 0.509 + 0.446 + 0.042 = 0.997
01/29 04:25:42 AM | attribution_score[0:12]: 
[ 1.00  0.98  0.55  0.01  0.12  0.21  0.04  0.02  0.02  0.32  0.04  0.99 ]
[ 0.99  0.14  0.97  0.02  0.91  0.50  0.96  0.02  0.93  0.99  0.98  0.78 ]
[ 1.00  0.98  0.07  0.99  0.02  0.99  0.96  0.94  0.04  0.10  0.07  1.00 ]
[ 0.22  0.87  0.99  0.90  0.91  0.95  0.85  0.99  0.60  0.85  0.94  0.95 ]
[ 0.83  0.60  1.00  0.57  0.84  0.64  0.11  0.16  0.99  0.87  0.94  0.95 ]
[ 0.92  0.89  0.31  0.04  0.04  0.25  0.78  0.32  0.82  0.60  0.02  0.85 ]
[ 0.91  0.38  0.82  0.75  0.91  0.42  0.60  0.42  0.95  0.93  0.99  0.04 ]
[ 0.01  0.04  0.02  0.01  0.26  0.07  0.81  0.01  0.94  0.06  0.23  0.77 ]
[ 0.89  0.98  0.02  0.91  0.71  0.03  0.09  0.40  0.88  0.08  0.96  0.94 ]
[ 0.91  0.05  0.03  0.02  0.96  0.82  0.04  0.02  0.99  0.04  0.22  0.58 ]
[ 0.19  0.99  0.99  0.76  0.90  0.99  0.98  0.99  0.99  0.90  1.00  0.97 ]
[ 1.00  1.00  0.97  1.00  1.00  0.99  0.98  1.00  0.66  0.99  1.00  0.99 ]
[ 1.00  1.00  1.00  1.00  1.00  1.00  0.99  0.99  1.00  1.00  1.00  0.28 ]

01/29 04:25:42 AM | === Batch 18/230
01/29 04:25:42 AM | loss = 0.549 + 0.400 + 0.040 = 0.989
01/29 04:25:42 AM | attribution_score[0:12]: 
[ 1.00  0.98  0.51  0.01  0.10  0.22  0.04  0.02  0.01  0.29  0.03  0.99 ]
[ 0.99  0.14  0.98  0.02  0.90  0.51  0.96  0.01  0.94  0.99  0.98  0.75 ]
[ 1.00  0.98  0.06  0.99  0.02  0.99  0.96  0.94  0.04  0.08  0.07  1.00 ]
[ 0.21  0.86  0.99  0.89  0.93  0.96  0.83  0.99  0.57  0.83  0.95  0.95 ]
[ 0.82  0.61  1.00  0.62  0.84  0.58  0.11  0.14  0.99  0.87  0.94  0.95 ]
[ 0.92  0.89  0.29  0.04  0.03  0.24  0.75  0.27  0.83  0.62  0.02  0.85 ]
[ 0.91  0.36  0.77  0.75  0.91  0.40  0.53  0.39  0.95  0.93  0.99  0.04 ]
[ 0.01  0.03  0.02  0.01  0.21  0.07  0.81  0.01  0.95  0.05  0.22  0.76 ]
[ 0.90  0.98  0.02  0.91  0.72  0.03  0.07  0.41  0.88  0.07  0.97  0.94 ]
[ 0.91  0.04  0.02  0.02  0.97  0.81  0.03  0.02  0.99  0.03  0.21  0.55 ]
[ 0.16  0.99  0.99  0.76  0.90  0.99  0.98  0.99  0.99  0.90  1.00  0.98 ]
[ 1.00  1.00  0.97  1.00  1.00  0.99  0.98  1.00  0.64  0.99  1.00  0.99 ]
[ 1.00  1.00  1.00  1.00  1.00  1.00  0.99  0.99  1.00  1.00  1.00  0.22 ]

01/29 04:25:42 AM | === Batch 19/230
01/29 04:25:43 AM | loss = 0.485 + 0.345 + 0.039 = 0.869
01/29 04:25:43 AM | attribution_score[0:12]: 
[ 1.00  0.99  0.46  0.01  0.09  0.22  0.03  0.02  0.01  0.25  0.03  0.99 ]
[ 0.99  0.13  0.98  0.01  0.89  0.51  0.95  0.01  0.95  0.99  0.98  0.72 ]
[ 1.00  0.98  0.05  0.99  0.01  0.99  0.96  0.94  0.03  0.07  0.06  1.00 ]
[ 0.19  0.85  0.99  0.88  0.94  0.96  0.79  0.99  0.52  0.81  0.96  0.95 ]
[ 0.81  0.63  1.00  0.67  0.83  0.51  0.11  0.12  0.99  0.87  0.94  0.96 ]
[ 0.93  0.88  0.27  0.04  0.03  0.23  0.73  0.23  0.83  0.64  0.02  0.85 ]
[ 0.90  0.34  0.70  0.73  0.92  0.40  0.46  0.35  0.95  0.93  0.99  0.03 ]
[ 0.01  0.03  0.01  0.01  0.17  0.07  0.81  0.01  0.95  0.05  0.21  0.74 ]
[ 0.90  0.99  0.02  0.92  0.74  0.02  0.06  0.40  0.87  0.06  0.97  0.94 ]
[ 0.92  0.03  0.02  0.01  0.97  0.79  0.03  0.02  0.99  0.03  0.19  0.52 ]
[ 0.13  0.99  0.99  0.75  0.90  0.99  0.98  0.99  1.00  0.90  1.00  0.98 ]
[ 1.00  1.00  0.97  1.00  1.00  0.99  0.98  1.00  0.61  0.99  1.00  0.99 ]
[ 1.00  1.00  1.00  1.00  1.00  1.00  0.99  0.99  1.00  1.00  1.00  0.17 ]

01/29 04:25:43 AM | === Batch 20/230
01/29 04:25:43 AM | loss = 0.543 + 0.281 + 0.037 = 0.861
01/29 04:25:43 AM | === Batch 21/230
01/29 04:25:44 AM | loss = 0.611 + 0.216 + 0.036 = 0.863
01/29 04:25:44 AM | === Batch 22/230
01/29 04:25:44 AM | loss = 0.530 + 0.149 + 0.034 = 0.714
01/29 04:25:44 AM | === Batch 23/230
01/29 04:25:44 AM | loss = 0.693 + 0.083 + 0.033 = 0.809
01/29 04:25:45 AM | === Batch 24/230
01/29 04:25:45 AM | loss = 0.756 + 0.024 + 0.032 = 0.812
01/29 04:25:45 AM | === Batch 25/230
01/29 04:25:45 AM | loss = 0.553 + 0.069 + 0.031 = 0.652
01/29 04:25:45 AM | === Batch 26/230
01/29 04:25:46 AM | loss = 0.553 + 0.071 + 0.030 = 0.654
01/29 04:25:46 AM | === Batch 27/230
01/29 04:25:46 AM | loss = 0.555 + 0.005 + 0.029 = 0.589
01/29 04:25:46 AM | === Batch 28/230
01/29 04:25:46 AM | loss = 0.541 + 0.033 + 0.028 = 0.601
01/29 04:25:47 AM | === Batch 29/230
01/29 04:25:47 AM | loss = 0.559 + 0.045 + 0.027 = 0.631
01/29 04:25:47 AM | === Batch 30/230
01/29 04:25:47 AM | loss = 0.530 + 0.044 + 0.026 = 0.600
01/29 04:25:47 AM | === Batch 31/230
01/29 04:25:48 AM | loss = 0.567 + 0.032 + 0.026 = 0.625
01/29 04:25:48 AM | === Batch 32/230
01/29 04:25:48 AM | loss = 0.462 + 0.010 + 0.025 = 0.497
01/29 04:25:48 AM | === Batch 33/230
01/29 04:25:48 AM | loss = 0.659 + 0.035 + 0.025 = 0.719
01/29 04:25:49 AM | === Batch 34/230
01/29 04:25:49 AM | loss = 0.502 + 0.025 + 0.024 = 0.551
01/29 04:25:49 AM | === Batch 35/230
01/29 04:25:49 AM | loss = 0.518 + 0.022 + 0.024 = 0.563
01/29 04:25:50 AM | === Batch 36/230
01/29 04:25:50 AM | loss = 0.648 + 0.046 + 0.023 = 0.718
01/29 04:25:50 AM | === Batch 37/230
01/29 04:25:50 AM | loss = 0.462 + 0.060 + 0.023 = 0.545
01/29 04:25:50 AM | === Batch 38/230
01/29 04:25:51 AM | loss = 0.315 + 0.063 + 0.023 = 0.401
01/29 04:25:51 AM | === Batch 39/230
01/29 04:25:51 AM | loss = 0.474 + 0.054 + 0.022 = 0.550
01/29 04:25:51 AM | === Batch 40/230
01/29 04:25:52 AM | loss = 0.525 + 0.035 + 0.022 = 0.582
01/29 04:25:52 AM | === Batch 41/230
01/29 04:25:52 AM | loss = 0.464 + 0.009 + 0.022 = 0.494
01/29 04:25:52 AM | === Batch 42/230
01/29 04:25:52 AM | loss = 0.408 + 0.046 + 0.022 = 0.476
01/29 04:25:53 AM | === Batch 43/230
01/29 04:25:53 AM | loss = 0.636 + 0.043 + 0.021 = 0.700
01/29 04:25:53 AM | === Batch 44/230
01/29 04:25:53 AM | loss = 0.450 + 0.006 + 0.021 = 0.477
01/29 04:25:54 AM | === Batch 45/230
01/29 04:25:54 AM | loss = 0.470 + 0.022 + 0.021 = 0.512
01/29 04:25:54 AM | === Batch 46/230
01/29 04:25:54 AM | loss = 0.406 + 0.029 + 0.020 = 0.456
01/29 04:25:55 AM | === Batch 47/230
01/29 04:25:55 AM | loss = 0.483 + 0.027 + 0.020 = 0.530
01/29 04:25:55 AM | === Batch 48/230
01/29 04:25:55 AM | loss = 0.664 + 0.015 + 0.020 = 0.699
01/29 04:25:55 AM | === Batch 49/230
01/29 04:25:56 AM | loss = 0.550 + 0.002 + 0.020 = 0.573
01/29 04:25:56 AM | === Batch 50/230
01/29 04:25:56 AM | loss = 0.524 + 0.014 + 0.020 = 0.557
01/29 04:25:56 AM | === Batch 51/230
01/29 04:25:57 AM | loss = 0.344 + 0.020 + 0.019 = 0.383
01/29 04:25:57 AM | === Batch 52/230
01/29 04:25:57 AM | loss = 0.314 + 0.018 + 0.019 = 0.352
01/29 04:25:57 AM | === Batch 53/230
01/29 04:25:57 AM | loss = 0.392 + 0.010 + 0.019 = 0.421
01/29 04:25:58 AM | === Batch 54/230
01/29 04:25:58 AM | loss = 0.357 + 0.008 + 0.019 = 0.384
01/29 04:25:58 AM | === Batch 55/230
01/29 04:25:58 AM | loss = 0.306 + 0.011 + 0.018 = 0.336
01/29 04:25:59 AM | === Batch 56/230
01/29 04:25:59 AM | loss = 0.436 + 0.017 + 0.018 = 0.471
01/29 04:25:59 AM | === Batch 57/230
01/29 04:25:59 AM | loss = 0.507 + 0.015 + 0.018 = 0.541
01/29 04:25:59 AM | === Batch 58/230
01/29 04:26:00 AM | loss = 0.542 + 0.008 + 0.018 = 0.567
01/29 04:26:00 AM | === Batch 59/230
01/29 04:26:00 AM | loss = 0.464 + 0.012 + 0.018 = 0.494
01/29 04:26:00 AM | === Batch 60/230
01/29 04:26:01 AM | loss = 0.652 + 0.005 + 0.018 = 0.674
01/29 04:26:01 AM | === Batch 61/230
01/29 04:26:01 AM | loss = 0.603 + 0.009 + 0.017 = 0.630
01/29 04:26:01 AM | === Batch 62/230
01/29 04:26:02 AM | loss = 0.417 + 0.008 + 0.017 = 0.442
01/29 04:26:02 AM | === Batch 63/230
01/29 04:26:02 AM | loss = 0.482 + 0.001 + 0.017 = 0.500
01/29 04:26:02 AM | === Batch 64/230
01/29 04:26:02 AM | loss = 0.447 + 0.026 + 0.017 = 0.490
01/29 04:26:03 AM | === Batch 65/230
01/29 04:26:03 AM | loss = 0.298 + 0.000 + 0.017 = 0.315
01/29 04:26:03 AM | === Batch 66/230
01/29 04:26:03 AM | loss = 0.345 + 0.035 + 0.016 = 0.396
01/29 04:26:04 AM | === Batch 67/230
01/29 04:26:04 AM | loss = 0.455 + 0.059 + 0.016 = 0.531
01/29 04:26:04 AM | === Batch 68/230
01/29 04:26:04 AM | loss = 0.572 + 0.075 + 0.016 = 0.663
01/29 04:26:05 AM | === Batch 69/230
01/29 04:26:05 AM | loss = 0.475 + 0.083 + 0.016 = 0.573
01/29 04:26:05 AM | === Batch 70/230
01/29 04:26:05 AM | loss = 0.321 + 0.083 + 0.015 = 0.419
01/29 04:26:05 AM | === Batch 71/230
01/29 04:26:06 AM | loss = 0.446 + 0.075 + 0.015 = 0.536
01/29 04:26:06 AM | === Batch 72/230
01/29 04:26:06 AM | loss = 0.457 + 0.061 + 0.015 = 0.533
01/29 04:26:06 AM | === Batch 73/230
01/29 04:26:07 AM | loss = 0.591 + 0.042 + 0.015 = 0.648
01/29 04:26:07 AM | === Batch 74/230
01/29 04:26:07 AM | loss = 0.341 + 0.021 + 0.015 = 0.377
01/29 04:26:07 AM | === Batch 75/230
01/29 04:26:08 AM | loss = 0.514 + 0.008 + 0.015 = 0.536
01/29 04:26:08 AM | === Batch 76/230
01/29 04:26:08 AM | loss = 0.448 + 0.007 + 0.015 = 0.470
01/29 04:26:08 AM | === Batch 77/230
01/29 04:26:08 AM | loss = 0.292 + 0.019 + 0.014 = 0.325
01/29 04:26:09 AM | === Batch 78/230
01/29 04:26:09 AM | loss = 0.375 + 0.033 + 0.014 = 0.422
01/29 04:26:09 AM | === Batch 79/230
01/29 04:26:09 AM | loss = 0.401 + 0.040 + 0.014 = 0.455
01/29 04:26:10 AM | === Batch 80/230
01/29 04:26:10 AM | loss = 0.457 + 0.041 + 0.014 = 0.512
01/29 04:26:10 AM | === Batch 81/230
01/29 04:26:10 AM | loss = 0.293 + 0.034 + 0.014 = 0.340
01/29 04:26:10 AM | === Batch 82/230
01/29 04:26:11 AM | loss = 0.449 + 0.019 + 0.014 = 0.482
01/29 04:26:11 AM | === Batch 83/230
01/29 04:26:11 AM | loss = 0.487 + 0.001 + 0.014 = 0.502
01/29 04:26:11 AM | === Batch 84/230
01/29 04:26:11 AM | loss = 0.440 + 0.045 + 0.014 = 0.500
01/29 04:26:12 AM | === Batch 85/230
01/29 04:26:12 AM | loss = 0.433 + 0.041 + 0.014 = 0.488
01/29 04:26:12 AM | === Batch 86/230
01/29 04:26:12 AM | loss = 0.609 + 0.004 + 0.014 = 0.626
01/29 04:26:13 AM | === Batch 87/230
01/29 04:26:13 AM | loss = 0.504 + 0.021 + 0.013 = 0.538
01/29 04:26:13 AM | === Batch 88/230
01/29 04:26:13 AM | loss = 0.439 + 0.030 + 0.013 = 0.482
01/29 04:26:13 AM | === Batch 89/230
01/29 04:26:14 AM | loss = 0.426 + 0.032 + 0.013 = 0.471
01/29 04:26:14 AM | === Batch 90/230
01/29 04:26:14 AM | loss = 0.499 + 0.028 + 0.013 = 0.540
01/29 04:26:14 AM | === Batch 91/230
01/29 04:26:14 AM | loss = 0.528 + 0.019 + 0.013 = 0.560
01/29 04:26:15 AM | === Batch 92/230
01/29 04:26:15 AM | loss = 0.266 + 0.004 + 0.013 = 0.283
01/29 04:26:15 AM | === Batch 93/230
01/29 04:26:15 AM | loss = 0.480 + 0.032 + 0.013 = 0.526
01/29 04:26:16 AM | === Batch 94/230
01/29 04:26:16 AM | loss = 0.457 + 0.029 + 0.013 = 0.499
01/29 04:26:16 AM | === Batch 95/230
01/29 04:26:16 AM | loss = 0.483 + 0.005 + 0.013 = 0.502
01/29 04:26:16 AM | === Batch 96/230
01/29 04:26:17 AM | loss = 0.345 + 0.017 + 0.013 = 0.375
01/29 04:26:17 AM | === Batch 97/230
01/29 04:26:17 AM | loss = 0.430 + 0.022 + 0.013 = 0.465
01/29 04:26:17 AM | === Batch 98/230
01/29 04:26:17 AM | loss = 0.461 + 0.021 + 0.012 = 0.495
01/29 04:26:18 AM | === Batch 99/230
01/29 04:26:18 AM | loss = 0.537 + 0.014 + 0.012 = 0.563
01/29 04:26:18 AM | === Batch 100/230
01/29 04:26:18 AM | loss = 0.455 + 0.003 + 0.012 = 0.470
01/29 04:26:19 AM | attribution_score[0:12]: 
[ 1.00  0.99  0.04  0.00  0.00  0.85  0.00  0.00  0.00  0.97  0.00  1.00 ]
[ 1.00  0.01  0.99  0.00  0.97  0.95  0.99  0.00  0.99  1.00  0.99  0.30 ]
[ 1.00  0.92  0.00  0.99  0.00  1.00  0.82  0.88  0.00  0.00  0.00  1.00 ]
[ 0.04  0.06  1.00  0.99  0.43  0.99  0.97  0.98  0.08  0.33  0.99  0.81 ]
[ 0.91  0.96  1.00  0.99  0.98  0.99  0.01  0.02  1.00  0.99  0.98  0.99 ]
[ 0.99  0.99  0.01  0.00  0.01  0.04  0.91  0.02  0.94  0.05  0.00  0.99 ]
[ 0.95  0.05  0.02  0.97  1.00  0.06  0.02  0.03  1.00  0.97  1.00  0.03 ]
[ 0.00  0.01  0.00  0.00  0.01  0.99  1.00  0.00  0.99  0.01  0.02  0.35 ]
[ 0.98  1.00  0.00  0.98  0.93  0.00  0.00  0.04  0.98  0.01  1.00  0.99 ]
[ 0.94  0.00  0.00  0.00  1.00  0.92  0.00  0.00  1.00  0.00  0.05  0.10 ]
[ 0.01  1.00  1.00  0.01  0.91  1.00  0.99  1.00  1.00  0.95  1.00  0.98 ]
[ 1.00  1.00  0.99  1.00  1.00  1.00  1.00  1.00  0.02  1.00  1.00  1.00 ]
[ 1.00  1.00  1.00  1.00  1.00  1.00  1.00  1.00  1.00  1.00  1.00  0.00 ]

01/29 04:26:19 AM | === Batch 101/230
01/29 04:26:19 AM | loss = 0.416 + 0.023 + 0.012 = 0.451
01/29 04:26:19 AM | === Batch 102/230
01/29 04:26:19 AM | loss = 0.431 + 0.016 + 0.012 = 0.460
01/29 04:26:19 AM | === Batch 103/230
01/29 04:26:20 AM | loss = 0.608 + 0.014 + 0.012 = 0.635
01/29 04:26:20 AM | === Batch 104/230
01/29 04:26:20 AM | loss = 0.496 + 0.030 + 0.012 = 0.537
01/29 04:26:20 AM | === Batch 105/230
01/29 04:26:20 AM | loss = 0.319 + 0.039 + 0.012 = 0.370
01/29 04:26:21 AM | === Batch 106/230
01/29 04:26:21 AM | loss = 0.421 + 0.041 + 0.012 = 0.473
01/29 04:26:21 AM | === Batch 107/230
01/29 04:26:21 AM | loss = 0.535 + 0.039 + 0.012 = 0.586
01/29 04:26:21 AM | === Batch 108/230
01/29 04:26:21 AM | loss = 0.426 + 0.031 + 0.012 = 0.469
01/29 04:26:22 AM | === Batch 109/230
01/29 04:26:22 AM | loss = 0.290 + 0.019 + 0.012 = 0.321
01/29 04:26:22 AM | === Batch 110/230
01/29 04:26:22 AM | loss = 0.438 + 0.003 + 0.012 = 0.454
01/29 04:26:22 AM | === Batch 111/230
01/29 04:26:23 AM | loss = 0.528 + 0.030 + 0.012 = 0.571
01/29 04:26:23 AM | === Batch 112/230
01/29 04:26:23 AM | loss = 0.455 + 0.027 + 0.012 = 0.494
01/29 04:26:23 AM | === Batch 113/230
01/29 04:26:23 AM | loss = 0.506 + 0.005 + 0.012 = 0.522
01/29 04:26:24 AM | === Batch 114/230
01/29 04:26:24 AM | loss = 0.415 + 0.018 + 0.012 = 0.445
01/29 04:26:24 AM | === Batch 115/230
01/29 04:26:24 AM | loss = 0.405 + 0.026 + 0.011 = 0.442
01/29 04:26:24 AM | === Batch 116/230
01/29 04:26:25 AM | loss = 0.372 + 0.026 + 0.011 = 0.410
01/29 04:26:25 AM | === Batch 117/230
01/29 04:26:25 AM | loss = 0.392 + 0.023 + 0.011 = 0.426
01/29 04:26:25 AM | === Batch 118/230
01/29 04:26:25 AM | loss = 0.305 + 0.014 + 0.011 = 0.330
01/29 04:26:26 AM | === Batch 119/230
01/29 04:26:26 AM | loss = 0.538 + 0.001 + 0.011 = 0.549
01/29 04:26:26 AM | === Batch 120/230
01/29 04:26:26 AM | loss = 0.349 + 0.032 + 0.011 = 0.392
01/29 04:26:26 AM | === Batch 121/230
01/29 04:26:27 AM | loss = 0.338 + 0.031 + 0.011 = 0.380
01/29 04:26:27 AM | === Batch 122/230
01/29 04:26:27 AM | loss = 0.417 + 0.001 + 0.011 = 0.428
01/29 04:26:27 AM | === Batch 123/230
01/29 04:26:27 AM | loss = 0.361 + 0.029 + 0.011 = 0.401
01/29 04:26:28 AM | === Batch 124/230
01/29 04:26:28 AM | loss = 0.416 + 0.050 + 0.010 = 0.476
01/29 04:26:28 AM | === Batch 125/230
01/29 04:26:28 AM | loss = 0.305 + 0.063 + 0.010 = 0.378
01/29 04:26:29 AM | === Batch 126/230
01/29 04:26:29 AM | loss = 0.352 + 0.070 + 0.010 = 0.432
01/29 04:26:29 AM | === Batch 127/230
01/29 04:26:29 AM | loss = 0.406 + 0.072 + 0.010 = 0.488
01/29 04:26:29 AM | === Batch 128/230
01/29 04:26:30 AM | loss = 0.353 + 0.068 + 0.010 = 0.431
01/29 04:26:30 AM | === Batch 129/230
01/29 04:26:30 AM | loss = 0.502 + 0.060 + 0.010 = 0.572
01/29 04:26:30 AM | === Batch 130/230
01/29 04:26:31 AM | loss = 0.342 + 0.049 + 0.010 = 0.401
01/29 04:26:31 AM | === Batch 131/230
01/29 04:26:31 AM | loss = 0.401 + 0.035 + 0.010 = 0.445
01/29 04:26:31 AM | === Batch 132/230
01/29 04:26:31 AM | loss = 0.498 + 0.018 + 0.010 = 0.526
01/29 04:26:32 AM | === Batch 133/230
01/29 04:26:32 AM | loss = 0.410 + 0.001 + 0.010 = 0.421
01/29 04:26:32 AM | === Batch 134/230
01/29 04:26:32 AM | loss = 0.426 + 0.005 + 0.010 = 0.441
01/29 04:26:33 AM | === Batch 135/230
01/29 04:26:33 AM | loss = 0.403 + 0.011 + 0.010 = 0.423
01/29 04:26:33 AM | === Batch 136/230
01/29 04:26:33 AM | loss = 0.769 + 0.018 + 0.010 = 0.796
01/29 04:26:34 AM | === Batch 137/230
01/29 04:26:34 AM | loss = 0.272 + 0.019 + 0.010 = 0.300
01/29 04:26:34 AM | === Batch 138/230
01/29 04:26:34 AM | loss = 0.400 + 0.016 + 0.009 = 0.425
01/29 04:26:35 AM | === Batch 139/230
01/29 04:26:35 AM | loss = 0.455 + 0.010 + 0.009 = 0.474
01/29 04:26:35 AM | === Batch 140/230
01/29 04:26:35 AM | loss = 0.383 + 0.002 + 0.009 = 0.394
01/29 04:26:36 AM | === Batch 141/230
01/29 04:26:36 AM | loss = 0.499 + 0.018 + 0.009 = 0.527
01/29 04:26:36 AM | === Batch 142/230
01/29 04:26:36 AM | loss = 0.608 + 0.009 + 0.009 = 0.626
01/29 04:26:37 AM | === Batch 143/230
01/29 04:26:37 AM | loss = 0.448 + 0.012 + 0.009 = 0.469
01/29 04:26:37 AM | === Batch 144/230
01/29 04:26:37 AM | loss = 0.417 + 0.022 + 0.009 = 0.448
01/29 04:26:37 AM | === Batch 145/230
01/29 04:26:38 AM | loss = 0.341 + 0.028 + 0.009 = 0.378
01/29 04:26:38 AM | === Batch 146/230
01/29 04:26:38 AM | loss = 0.571 + 0.029 + 0.009 = 0.609
01/29 04:26:38 AM | === Batch 147/230
01/29 04:26:38 AM | loss = 0.427 + 0.026 + 0.009 = 0.462
01/29 04:26:39 AM | === Batch 148/230
01/29 04:26:39 AM | loss = 0.413 + 0.018 + 0.009 = 0.440
01/29 04:26:39 AM | === Batch 149/230
01/29 04:26:39 AM | loss = 0.399 + 0.008 + 0.009 = 0.416
01/29 04:26:40 AM | === Batch 150/230
01/29 04:26:40 AM | loss = 0.462 + 0.008 + 0.009 = 0.480
01/29 04:26:40 AM | === Batch 151/230
01/29 04:26:40 AM | loss = 0.298 + 0.006 + 0.009 = 0.313
01/29 04:26:40 AM | === Batch 152/230
01/29 04:26:41 AM | loss = 0.469 + 0.011 + 0.009 = 0.489
01/29 04:26:41 AM | === Batch 153/230
01/29 04:26:41 AM | loss = 0.492 + 0.021 + 0.009 = 0.522
01/29 04:26:41 AM | === Batch 154/230
01/29 04:26:41 AM | loss = 0.580 + 0.025 + 0.009 = 0.614
01/29 04:26:42 AM | === Batch 155/230
01/29 04:26:42 AM | loss = 0.446 + 0.024 + 0.009 = 0.479
01/29 04:26:42 AM | === Batch 156/230
01/29 04:26:42 AM | loss = 0.398 + 0.020 + 0.009 = 0.426
01/29 04:26:42 AM | === Batch 157/230
01/29 04:26:43 AM | loss = 0.354 + 0.012 + 0.009 = 0.375
01/29 04:26:43 AM | === Batch 158/230
01/29 04:26:43 AM | loss = 0.387 + 0.001 + 0.009 = 0.397
01/29 04:26:44 AM | === Batch 159/230
01/29 04:26:44 AM | loss = 0.496 + 0.023 + 0.009 = 0.528
01/29 04:26:44 AM | === Batch 160/230
01/29 04:26:44 AM | loss = 0.297 + 0.013 + 0.009 = 0.319
01/29 04:26:44 AM | === Batch 161/230
01/29 04:26:45 AM | loss = 0.355 + 0.012 + 0.009 = 0.375
01/29 04:26:45 AM | === Batch 162/230
01/29 04:26:45 AM | loss = 0.403 + 0.023 + 0.009 = 0.434
01/29 04:26:45 AM | === Batch 163/230
01/29 04:26:45 AM | loss = 0.525 + 0.028 + 0.009 = 0.562
01/29 04:26:46 AM | === Batch 164/230
01/29 04:26:46 AM | loss = 0.394 + 0.031 + 0.009 = 0.434
01/29 04:26:46 AM | === Batch 165/230
01/29 04:26:46 AM | loss = 0.392 + 0.029 + 0.009 = 0.429
01/29 04:26:47 AM | === Batch 166/230
01/29 04:26:47 AM | loss = 0.386 + 0.023 + 0.009 = 0.417
01/29 04:26:47 AM | === Batch 167/230
01/29 04:26:47 AM | loss = 0.445 + 0.014 + 0.009 = 0.467
01/29 04:26:47 AM | === Batch 168/230
01/29 04:26:48 AM | loss = 0.342 + 0.001 + 0.009 = 0.352
01/29 04:26:48 AM | === Batch 169/230
01/29 04:26:48 AM | loss = 0.369 + 0.027 + 0.009 = 0.405
01/29 04:26:48 AM | === Batch 170/230
01/29 04:26:48 AM | loss = 0.574 + 0.023 + 0.009 = 0.606
01/29 04:26:49 AM | === Batch 171/230
01/29 04:26:49 AM | loss = 0.421 + 0.007 + 0.009 = 0.437
01/29 04:26:49 AM | === Batch 172/230
01/29 04:26:49 AM | loss = 0.456 + 0.021 + 0.009 = 0.486
01/29 04:26:50 AM | === Batch 173/230
01/29 04:26:50 AM | loss = 0.314 + 0.029 + 0.009 = 0.351
01/29 04:26:50 AM | === Batch 174/230
01/29 04:26:50 AM | loss = 0.393 + 0.031 + 0.009 = 0.433
01/29 04:26:50 AM | === Batch 175/230
01/29 04:26:51 AM | loss = 0.462 + 0.028 + 0.009 = 0.499
01/29 04:26:51 AM | === Batch 176/230
01/29 04:26:51 AM | loss = 0.324 + 0.021 + 0.009 = 0.354
01/29 04:26:51 AM | === Batch 177/230
01/29 04:26:51 AM | loss = 0.369 + 0.010 + 0.009 = 0.389
01/29 04:26:52 AM | === Batch 178/230
01/29 04:26:52 AM | loss = 0.345 + 0.007 + 0.009 = 0.361
01/29 04:26:52 AM | === Batch 179/230
01/29 04:26:52 AM | loss = 0.430 + 0.002 + 0.009 = 0.441
01/29 04:26:53 AM | === Batch 180/230
01/29 04:26:53 AM | loss = 0.543 + 0.013 + 0.008 = 0.565
01/29 04:26:53 AM | === Batch 181/230
01/29 04:26:53 AM | loss = 0.431 + 0.021 + 0.008 = 0.460
01/29 04:26:53 AM | === Batch 182/230
01/29 04:26:54 AM | loss = 0.524 + 0.022 + 0.008 = 0.554
01/29 04:26:54 AM | === Batch 183/230
01/29 04:26:54 AM | loss = 0.498 + 0.021 + 0.008 = 0.527
01/29 04:26:54 AM | === Batch 184/230
01/29 04:26:55 AM | loss = 0.370 + 0.016 + 0.008 = 0.394
01/29 04:26:55 AM | === Batch 185/230
01/29 04:26:55 AM | loss = 0.310 + 0.008 + 0.008 = 0.327
01/29 04:26:55 AM | === Batch 186/230
01/29 04:26:56 AM | loss = 0.572 + 0.006 + 0.009 = 0.587
01/29 04:26:56 AM | === Batch 187/230
01/29 04:26:56 AM | loss = 0.317 + 0.002 + 0.009 = 0.327
01/29 04:26:56 AM | === Batch 188/230
01/29 04:26:56 AM | loss = 0.450 + 0.001 + 0.009 = 0.460
01/29 04:26:57 AM | === Batch 189/230
01/29 04:26:57 AM | loss = 0.371 + 0.003 + 0.009 = 0.383
01/29 04:26:57 AM | === Batch 190/230
01/29 04:26:57 AM | loss = 0.411 + 0.009 + 0.008 = 0.429
01/29 04:26:58 AM | === Batch 191/230
01/29 04:26:58 AM | loss = 0.326 + 0.015 + 0.008 = 0.349
01/29 04:26:58 AM | === Batch 192/230
01/29 04:26:58 AM | loss = 0.349 + 0.014 + 0.008 = 0.372
01/29 04:26:59 AM | === Batch 193/230
01/29 04:26:59 AM | loss = 0.555 + 0.012 + 0.008 = 0.575
01/29 04:26:59 AM | === Batch 194/230
01/29 04:26:59 AM | loss = 0.440 + 0.005 + 0.008 = 0.453
01/29 04:26:59 AM | === Batch 195/230
01/29 04:27:00 AM | loss = 0.279 + 0.011 + 0.008 = 0.298
01/29 04:27:00 AM | === Batch 196/230
01/29 04:27:00 AM | loss = 0.335 + 0.001 + 0.008 = 0.344
01/29 04:27:00 AM | === Batch 197/230
01/29 04:27:01 AM | loss = 0.292 + 0.017 + 0.008 = 0.317
01/29 04:27:01 AM | === Batch 198/230
01/29 04:27:01 AM | loss = 0.426 + 0.028 + 0.008 = 0.462
01/29 04:27:01 AM | === Batch 199/230
01/29 04:27:01 AM | loss = 0.470 + 0.034 + 0.008 = 0.512
01/29 04:27:02 AM | === Batch 200/230
01/29 04:27:02 AM | loss = 0.433 + 0.035 + 0.008 = 0.476
01/29 04:27:02 AM | attribution_score[0:12]: 
[ 1.00  1.00  0.03  0.00  0.00  0.91  0.00  0.00  0.00  0.98  0.00  1.00 ]
[ 1.00  0.01  0.99  0.00  0.98  0.95  1.00  0.00  0.99  1.00  1.00  0.09 ]
[ 1.00  0.65  0.00  1.00  0.00  1.00  0.85  0.97  0.00  0.00  0.00  1.00 ]
[ 0.01  0.01  1.00  1.00  0.97  0.99  0.97  0.99  0.30  0.03  0.99  0.95 ]
[ 0.95  0.91  1.00  0.99  0.99  0.99  0.02  0.03  1.00  0.99  0.96  0.99 ]
[ 0.99  0.99  0.01  0.00  0.03  0.09  0.10  0.01  0.25  0.10  0.00  1.00 ]
[ 0.96  0.61  0.01  0.99  1.00  0.02  0.01  0.03  0.99  0.99  1.00  0.01 ]
[ 0.00  0.00  0.00  0.00  0.01  1.00  1.00  0.00  1.00  0.00  0.03  0.02 ]
[ 0.99  1.00  0.00  0.99  0.99  0.00  0.00  0.05  0.99  0.00  1.00  1.00 ]
[ 0.98  0.00  0.00  0.00  1.00  0.95  0.00  0.00  1.00  0.00  0.04  0.03 ]
[ 0.00  1.00  1.00  0.01  0.98  1.00  0.99  1.00  1.00  0.98  1.00  0.99 ]
[ 1.00  1.00  0.99  1.00  1.00  1.00  1.00  1.00  0.01  1.00  1.00  1.00 ]
[ 1.00  1.00  1.00  1.00  1.00  1.00  1.00  1.00  1.00  1.00  1.00  0.00 ]

01/29 04:27:02 AM | === Batch 201/230
01/29 04:27:02 AM | loss = 0.370 + 0.031 + 0.008 = 0.409
01/29 04:27:03 AM | === Batch 202/230
01/29 04:27:03 AM | loss = 0.265 + 0.022 + 0.008 = 0.296
01/29 04:27:03 AM | === Batch 203/230
01/29 04:27:03 AM | loss = 0.516 + 0.011 + 0.008 = 0.536
01/29 04:27:03 AM | === Batch 204/230
01/29 04:27:04 AM | loss = 0.562 + 0.000 + 0.008 = 0.570
01/29 04:27:04 AM | === Batch 205/230
01/29 04:27:04 AM | loss = 0.298 + 0.020 + 0.008 = 0.327
01/29 04:27:04 AM | === Batch 206/230
01/29 04:27:04 AM | loss = 0.414 + 0.004 + 0.008 = 0.427
01/29 04:27:05 AM | === Batch 207/230
01/29 04:27:05 AM | loss = 0.395 + 0.018 + 0.008 = 0.422
01/29 04:27:05 AM | === Batch 208/230
01/29 04:27:05 AM | loss = 0.396 + 0.031 + 0.008 = 0.435
01/29 04:27:05 AM | === Batch 209/230
01/29 04:27:06 AM | loss = 0.326 + 0.038 + 0.008 = 0.371
01/29 04:27:06 AM | === Batch 210/230
01/29 04:27:06 AM | loss = 0.390 + 0.040 + 0.008 = 0.437
01/29 04:27:06 AM | === Batch 211/230
01/29 04:27:07 AM | loss = 0.333 + 0.035 + 0.008 = 0.376
01/29 04:27:07 AM | === Batch 212/230
01/29 04:27:07 AM | loss = 0.296 + 0.027 + 0.008 = 0.331
01/29 04:27:07 AM | === Batch 213/230
01/29 04:27:07 AM | loss = 0.524 + 0.016 + 0.008 = 0.547
01/29 04:27:08 AM | === Batch 214/230
01/29 04:27:08 AM | loss = 0.466 + 0.001 + 0.008 = 0.474
01/29 04:27:08 AM | === Batch 215/230
01/29 04:27:08 AM | loss = 0.265 + 0.032 + 0.008 = 0.305
01/29 04:27:09 AM | === Batch 216/230
01/29 04:27:09 AM | loss = 0.436 + 0.029 + 0.008 = 0.473
01/29 04:27:09 AM | === Batch 217/230
01/29 04:27:09 AM | loss = 0.404 + 0.001 + 0.008 = 0.413
01/29 04:27:09 AM | === Batch 218/230
01/29 04:27:09 AM | loss = 0.476 + 0.011 + 0.008 = 0.495
01/29 04:27:10 AM | === Batch 219/230
01/29 04:27:10 AM | loss = 0.516 + 0.016 + 0.008 = 0.541
01/29 04:27:10 AM | === Batch 220/230
01/29 04:27:10 AM | loss = 0.383 + 0.017 + 0.008 = 0.408
01/29 04:27:11 AM | === Batch 221/230
01/29 04:27:11 AM | loss = 0.473 + 0.012 + 0.008 = 0.494
01/29 04:27:11 AM | === Batch 222/230
01/29 04:27:11 AM | loss = 0.392 + 0.004 + 0.008 = 0.404
01/29 04:27:11 AM | === Batch 223/230
01/29 04:27:12 AM | loss = 0.362 + 0.016 + 0.008 = 0.385
01/29 04:27:12 AM | === Batch 224/230
01/29 04:27:12 AM | loss = 0.366 + 0.010 + 0.008 = 0.384
01/29 04:27:12 AM | === Batch 225/230
01/29 04:27:12 AM | loss = 0.419 + 0.012 + 0.008 = 0.439
01/29 04:27:13 AM | === Batch 226/230
01/29 04:27:13 AM | loss = 0.514 + 0.022 + 0.008 = 0.544
01/29 04:27:13 AM | === Batch 227/230
01/29 04:27:13 AM | loss = 0.539 + 0.027 + 0.008 = 0.575
01/29 04:27:14 AM | === Batch 228/230
01/29 04:27:14 AM | loss = 0.392 + 0.027 + 0.008 = 0.427
01/29 04:27:14 AM | === Batch 229/230
01/29 04:27:14 AM | loss = 0.376 + 0.024 + 0.008 = 0.408
01/29 04:27:14 AM | === Batch 230/230
01/29 04:27:15 AM | loss = 0.279 + 0.015 + 0.008 = 0.303
01/29 04:27:15 AM | ===
Best loss was 0.30 at iteration 202

01/29 04:27:15 AM | Looking for optimal threshold...
01/29 04:27:15 AM | Testing threshold 0.5
01/29 04:27:15 AM | Distance to target: 2,772,472
01/29 04:27:15 AM | Testing threshold 0.75
01/29 04:27:15 AM | Distance to target: 2,946,328
01/29 04:27:15 AM | Testing threshold 0.625
01/29 04:27:15 AM | Distance to target: 1,175,272
01/29 04:27:15 AM | Testing threshold 0.6875
01/29 04:27:15 AM | Distance to target: 684,568
01/29 04:27:15 AM | Testing threshold 0.65625
01/29 04:27:15 AM | Distance to target: 993,704
01/29 04:27:15 AM | Testing threshold 0.671875
01/29 04:27:15 AM | Distance to target: 174,168
01/29 04:27:15 AM | Testing threshold 0.6640625
01/29 04:27:15 AM | Distance to target: 993,704
01/29 04:27:15 AM | Testing threshold 0.66796875
01/29 04:27:15 AM | Distance to target: 297,896
01/29 04:27:15 AM | Testing threshold 0.669921875
01/29 04:27:15 AM | Distance to target: 174,168
01/29 04:27:15 AM | Testing threshold 0.6689453125
01/29 04:27:15 AM | Distance to target: 297,896
01/29 04:27:15 AM | Testing threshold 0.66943359375
01/29 04:27:15 AM | Distance to target: 174,168
01/29 04:27:15 AM | Testing threshold 0.669189453125
01/29 04:27:15 AM | Distance to target: 174,168
01/29 04:27:15 AM | Testing threshold 0.6690673828125
01/29 04:27:15 AM | Distance to target: 174,168
01/29 04:27:15 AM | Testing threshold 0.66900634765625
01/29 04:27:15 AM | Distance to target: 297,896
01/29 04:27:15 AM | Testing threshold 0.669036865234375
01/29 04:27:15 AM | Distance to target: 174,168
01/29 04:27:15 AM | Testing threshold 0.6690216064453125
01/29 04:27:15 AM | Distance to target: 297,896
01/29 04:27:15 AM | Testing threshold 0.6690292358398438
01/29 04:27:15 AM | Distance to target: 174,168
01/29 04:27:15 AM | Testing threshold 0.6690254211425781
01/29 04:27:15 AM | Distance to target: 174,168
01/29 04:27:15 AM | Testing threshold 0.6690235137939453
01/29 04:27:15 AM | Distance to target: 297,896
01/29 04:27:15 AM | Testing threshold 0.6690244674682617
01/29 04:27:15 AM | Distance to target: 297,896
01/29 04:27:15 AM | Testing threshold 0.6690249443054199
01/29 04:27:15 AM | Distance to target: 174,168
01/29 04:27:15 AM | Testing threshold 0.6690247058868408
01/29 04:27:15 AM | Distance to target: 174,168
01/29 04:27:15 AM | Testing threshold 0.6690245866775513
01/29 04:27:15 AM | Distance to target: 297,896
01/29 04:27:15 AM | Testing threshold 0.669024646282196
01/29 04:27:15 AM | Distance to target: 297,896
01/29 04:27:15 AM | Testing threshold 0.6690246760845184
01/29 04:27:15 AM | Distance to target: 297,896
01/29 04:27:15 AM | Testing threshold 0.6690246909856796
01/29 04:27:15 AM | Distance to target: 297,896
01/29 04:27:15 AM | Testing threshold 0.6690246984362602
01/29 04:27:15 AM | Distance to target: 297,896
01/29 04:27:15 AM | Testing threshold 0.6690247021615505
01/29 04:27:15 AM | Distance to target: 297,896
01/29 04:27:15 AM | Testing threshold 0.6690247040241957
01/29 04:27:15 AM | Distance to target: 297,896
01/29 04:27:15 AM | Testing threshold 0.6690247049555182
01/29 04:27:15 AM | Distance to target: 297,896
01/29 04:27:15 AM | Testing threshold 0.6690247054211795
01/29 04:27:15 AM | Distance to target: 297,896
01/29 04:27:15 AM | Testing threshold 0.6690247056540102
01/29 04:27:15 AM | Distance to target: 297,896
01/29 04:27:15 AM | Testing threshold 0.6690247057704255
01/29 04:27:15 AM | Distance to target: 297,896
01/29 04:27:15 AM | Testing threshold 0.6690247058286332
01/29 04:27:15 AM | Distance to target: 297,896
01/29 04:27:15 AM | Testing threshold 0.669024705857737
01/29 04:27:15 AM | Distance to target: 297,896
01/29 04:27:15 AM | Testing threshold 0.6690247058722889
01/29 04:27:15 AM | Distance to target: 297,896
01/29 04:27:15 AM | Testing threshold 0.6690247058795649
01/29 04:27:16 AM | Distance to target: 297,896
01/29 04:27:16 AM | Testing threshold 0.6690247058832028
01/29 04:27:16 AM | Distance to target: 297,896
01/29 04:27:16 AM | Testing threshold 0.6690247058850218
01/29 04:27:16 AM | Distance to target: 297,896
01/29 04:27:16 AM | Testing threshold 0.6690247058859313
01/29 04:27:16 AM | Distance to target: 297,896
01/29 04:27:16 AM | Testing threshold 0.6690247058863861
01/29 04:27:16 AM | Distance to target: 297,896
01/29 04:27:16 AM | Testing threshold 0.6690247058866134
01/29 04:27:16 AM | Distance to target: 297,896
01/29 04:27:16 AM | Testing threshold 0.6690247058867271
01/29 04:27:16 AM | Distance to target: 297,896
01/29 04:27:16 AM | Testing threshold 0.669024705886784
01/29 04:27:16 AM | Distance to target: 297,896
01/29 04:27:16 AM | Testing threshold 0.6690247058868124
01/29 04:27:16 AM | Distance to target: 297,896
01/29 04:27:16 AM | Testing threshold 0.6690247058868266
01/29 04:27:16 AM | Distance to target: 297,896
01/29 04:27:16 AM | Testing threshold 0.6690247058868337
01/29 04:27:16 AM | Distance to target: 297,896
01/29 04:27:16 AM | Testing threshold 0.6690247058868373
01/29 04:27:16 AM | Distance to target: 297,896
01/29 04:27:16 AM | Testing threshold 0.669024705886839
01/29 04:27:16 AM | Distance to target: 297,896
01/29 04:27:16 AM | Testing threshold 0.6690247058868399
01/29 04:27:16 AM | Distance to target: 297,896
01/29 04:27:17 AM | attribution_score[0:12]: 
[ 1.00  1.00  0.00  0.00  0.00  1.00  0.00  0.00  0.00  1.00  0.00  1.00 ]
[ 1.00  0.00  1.00  0.00  1.00  1.00  1.00  0.00  1.00  1.00  1.00  0.00 ]
[ 1.00  0.00  0.00  1.00  0.00  1.00  1.00  1.00  0.00  0.00  0.00  1.00 ]
[ 0.00  0.00  1.00  1.00  1.00  1.00  1.00  1.00  0.00  0.00  1.00  1.00 ]
[ 1.00  1.00  1.00  1.00  1.00  1.00  0.00  0.00  1.00  1.00  1.00  1.00 ]
[ 1.00  1.00  0.00  0.00  0.00  0.00  0.00  0.00  0.00  0.00  0.00  1.00 ]
[ 1.00  0.00  0.00  1.00  1.00  0.00  0.00  0.00  1.00  1.00  1.00  0.00 ]
[ 0.00  0.00  0.00  0.00  0.00  1.00  1.00  0.00  1.00  0.00  0.00  0.00 ]
[ 1.00  1.00  0.00  1.00  1.00  0.00  0.00  0.00  1.00  0.00  1.00  1.00 ]
[ 1.00  0.00  0.00  0.00  1.00  1.00  0.00  0.00  1.00  0.00  0.00  0.00 ]
[ 0.00  1.00  1.00  0.00  1.00  1.00  1.00  1.00  1.00  1.00  1.00  1.00 ]
[ 1.00  1.00  1.00  1.00  1.00  1.00  1.00  1.00  0.00  1.00  1.00  1.00 ]
[ 1.00  1.00  1.00  1.00  1.00  1.00  1.00  1.00  1.00  1.00  1.00  0.00 ]

01/29 04:27:17 AM | VGG(
  (features): Sequential(
    (conv0): Conv2d(3, 27, kernel_size=(3, 3), stride=(1, 1), padding=(1, 1))
    (norm0): BatchNorm2d(27, eps=1e-05, momentum=0.1, affine=True, track_running_stats=True)
    (relu0): ReLU(inplace=True)
    (conv1): Conv2d(27, 48, kernel_size=(3, 3), stride=(1, 1), padding=(1, 1))
    (norm1): BatchNorm2d(48, eps=1e-05, momentum=0.1, affine=True, track_running_stats=True)
    (relu1): ReLU(inplace=True)
    (pool2): MaxPool2d(kernel_size=2, stride=2, padding=0, dilation=1, ceil_mode=False)
    (conv3): Conv2d(48, 77, kernel_size=(3, 3), stride=(1, 1), padding=(1, 1))
    (norm3): BatchNorm2d(77, eps=1e-05, momentum=0.1, affine=True, track_running_stats=True)
    (relu3): ReLU(inplace=True)
    (conv4): Conv2d(77, 95, kernel_size=(3, 3), stride=(1, 1), padding=(1, 1))
    (norm4): BatchNorm2d(95, eps=1e-05, momentum=0.1, affine=True, track_running_stats=True)
    (relu4): ReLU(inplace=True)
    (pool5): MaxPool2d(kernel_size=2, stride=2, padding=0, dilation=1, ceil_mode=False)
    (conv6): Conv2d(95, 160, kernel_size=(3, 3), stride=(1, 1), padding=(1, 1))
    (norm6): BatchNorm2d(160, eps=1e-05, momentum=0.1, affine=True, track_running_stats=True)
    (relu6): ReLU(inplace=True)
    (conv7): Conv2d(160, 137, kernel_size=(3, 3), stride=(1, 1), padding=(1, 1))
    (norm7): BatchNorm2d(137, eps=1e-05, momentum=0.1, affine=True, track_running_stats=True)
    (relu7): ReLU(inplace=True)
    (conv8): Conv2d(137, 153, kernel_size=(3, 3), stride=(1, 1), padding=(1, 1))
    (norm8): BatchNorm2d(153, eps=1e-05, momentum=0.1, affine=True, track_running_stats=True)
    (relu8): ReLU(inplace=True)
    (pool9): MaxPool2d(kernel_size=2, stride=2, padding=0, dilation=1, ceil_mode=False)
    (conv10): Conv2d(153, 229, kernel_size=(3, 3), stride=(1, 1), padding=(1, 1))
    (norm10): BatchNorm2d(229, eps=1e-05, momentum=0.1, affine=True, track_running_stats=True)
    (relu10): ReLU(inplace=True)
    (conv11): Conv2d(229, 180, kernel_size=(3, 3), stride=(1, 1), padding=(1, 1))
    (norm11): BatchNorm2d(180, eps=1e-05, momentum=0.1, affine=True, track_running_stats=True)
    (relu11): ReLU(inplace=True)
    (conv12): Conv2d(180, 255, kernel_size=(3, 3), stride=(1, 1), padding=(1, 1))
    (norm12): BatchNorm2d(255, eps=1e-05, momentum=0.1, affine=True, track_running_stats=True)
    (relu12): ReLU(inplace=True)
    (pool13): MaxPool2d(kernel_size=2, stride=2, padding=0, dilation=1, ceil_mode=False)
    (conv14): Conv2d(255, 399, kernel_size=(3, 3), stride=(1, 1), padding=(1, 1))
    (norm14): BatchNorm2d(399, eps=1e-05, momentum=0.1, affine=True, track_running_stats=True)
    (relu14): ReLU(inplace=True)
    (conv15): Conv2d(399, 467, kernel_size=(3, 3), stride=(1, 1), padding=(1, 1))
    (norm15): BatchNorm2d(467, eps=1e-05, momentum=0.1, affine=True, track_running_stats=True)
    (relu15): ReLU(inplace=True)
    (conv16): Conv2d(467, 509, kernel_size=(3, 3), stride=(1, 1), padding=(1, 1))
    (norm16): BatchNorm2d(509, eps=1e-05, momentum=0.1, affine=True, track_running_stats=True)
    (relu16): ReLU(inplace=True)
  )
  (classifier): Sequential(
    (linear1): Linear(in_features=509, out_features=512, bias=True)
    (norm1): BatchNorm1d(512, eps=1e-05, momentum=0.1, affine=True, track_running_stats=True)
    (relu1): ReLU(inplace=True)
    (linear2): Linear(in_features=512, out_features=10, bias=True)
  )
)
01/29 04:27:24 AM | ----------------------------------------
01/29 04:27:24 AM | Performances input model:
01/29 04:27:24 AM |  - flops: 314,294,272
01/29 04:27:24 AM |  - params: 14,991,946
01/29 04:27:24 AM |  - accuracy: 93.95999908447266
01/29 04:27:24 AM | ----------------------------------------
01/29 04:27:24 AM | Performances pseudo-pruned model:
01/29 04:27:24 AM |  - flops: 314,294,272
01/29 04:27:24 AM |  - params: 14,991,946
01/29 04:27:24 AM |  - accuracy: 80.93999481201172
01/29 04:27:24 AM | ----------------------------------------
01/29 04:27:24 AM | Performances pruned model:
01/29 04:27:24 AM |  - flops: 108,797,176
01/29 04:27:24 AM |  - params: 6,741,145
01/29 04:27:24 AM |  - accuracy: 80.93999481201172
01/29 04:27:24 AM | ----------------------------------------
01/29 04:27:24 AM | Total time: 123.65s
