01/29 04:23:24 AM | args = Namespace(output_dir='result/rebuttal/nb_epoch/vgg/nbbtchs200/seed_02', loaded_model_path='./checkpoints/cifar10/vgg_16_bn.pt', resume=False, test_only=False, mode='prune', batch_size=64, nb_batches=200, Mflops_target=None, lr=0.6, momentum=0.9, beta=6, gamma=0.4, gpu='0', num_workers=4, dataset='cifar10', arch='vgg_16_bn', save_plot=False, seed=2, lr_finetuning=0.02, epoch_finetuning=200, wd=0.002, data_dir='./data/cifar10/', print_freq=200, num_classes=10, device_ids=[0], device=device(type='cuda', index=0), name_base='')
01/29 04:23:36 AM | ----------------------------------------
01/29 04:23:36 AM | ==> Building model...
01/29 04:23:36 AM | ----------------------------------------
01/29 04:23:36 AM | ==> Loading weights into the model...
01/29 04:23:36 AM | ----------------------------------------
01/29 04:23:36 AM | VGG(
  (features): Sequential(
    (conv0): Conv2d(3, 64, kernel_size=(3, 3), stride=(1, 1), padding=(1, 1))
    (norm0): BatchNorm2d(64, eps=1e-05, momentum=0.1, affine=True, track_running_stats=True)
    (relu0): ReLU(inplace=True)
    (conv1): Conv2d(64, 64, kernel_size=(3, 3), stride=(1, 1), padding=(1, 1))
    (norm1): BatchNorm2d(64, eps=1e-05, momentum=0.1, affine=True, track_running_stats=True)
    (relu1): ReLU(inplace=True)
    (pool2): MaxPool2d(kernel_size=2, stride=2, padding=0, dilation=1, ceil_mode=False)
    (conv3): Conv2d(64, 128, kernel_size=(3, 3), stride=(1, 1), padding=(1, 1))
    (norm3): BatchNorm2d(128, eps=1e-05, momentum=0.1, affine=True, track_running_stats=True)
    (relu3): ReLU(inplace=True)
    (conv4): Conv2d(128, 128, kernel_size=(3, 3), stride=(1, 1), padding=(1, 1))
    (norm4): BatchNorm2d(128, eps=1e-05, momentum=0.1, affine=True, track_running_stats=True)
    (relu4): ReLU(inplace=True)
    (pool5): MaxPool2d(kernel_size=2, stride=2, padding=0, dilation=1, ceil_mode=False)
    (conv6): Conv2d(128, 256, kernel_size=(3, 3), stride=(1, 1), padding=(1, 1))
    (norm6): BatchNorm2d(256, eps=1e-05, momentum=0.1, affine=True, track_running_stats=True)
    (relu6): ReLU(inplace=True)
    (conv7): Conv2d(256, 256, kernel_size=(3, 3), stride=(1, 1), padding=(1, 1))
    (norm7): BatchNorm2d(256, eps=1e-05, momentum=0.1, affine=True, track_running_stats=True)
    (relu7): ReLU(inplace=True)
    (conv8): Conv2d(256, 256, kernel_size=(3, 3), stride=(1, 1), padding=(1, 1))
    (norm8): BatchNorm2d(256, eps=1e-05, momentum=0.1, affine=True, track_running_stats=True)
    (relu8): ReLU(inplace=True)
    (pool9): MaxPool2d(kernel_size=2, stride=2, padding=0, dilation=1, ceil_mode=False)
    (conv10): Conv2d(256, 512, kernel_size=(3, 3), stride=(1, 1), padding=(1, 1))
    (norm10): BatchNorm2d(512, eps=1e-05, momentum=0.1, affine=True, track_running_stats=True)
    (relu10): ReLU(inplace=True)
    (conv11): Conv2d(512, 512, kernel_size=(3, 3), stride=(1, 1), padding=(1, 1))
    (norm11): BatchNorm2d(512, eps=1e-05, momentum=0.1, affine=True, track_running_stats=True)
    (relu11): ReLU(inplace=True)
    (conv12): Conv2d(512, 512, kernel_size=(3, 3), stride=(1, 1), padding=(1, 1))
    (norm12): BatchNorm2d(512, eps=1e-05, momentum=0.1, affine=True, track_running_stats=True)
    (relu12): ReLU(inplace=True)
    (pool13): MaxPool2d(kernel_size=2, stride=2, padding=0, dilation=1, ceil_mode=False)
    (conv14): Conv2d(512, 512, kernel_size=(3, 3), stride=(1, 1), padding=(1, 1))
    (norm14): BatchNorm2d(512, eps=1e-05, momentum=0.1, affine=True, track_running_stats=True)
    (relu14): ReLU(inplace=True)
    (conv15): Conv2d(512, 512, kernel_size=(3, 3), stride=(1, 1), padding=(1, 1))
    (norm15): BatchNorm2d(512, eps=1e-05, momentum=0.1, affine=True, track_running_stats=True)
    (relu15): ReLU(inplace=True)
    (conv16): Conv2d(512, 512, kernel_size=(3, 3), stride=(1, 1), padding=(1, 1))
    (norm16): BatchNorm2d(512, eps=1e-05, momentum=0.1, affine=True, track_running_stats=True)
    (relu16): ReLU(inplace=True)
  )
  (classifier): Sequential(
    (linear1): Linear(in_features=512, out_features=512, bias=True)
    (norm1): BatchNorm1d(512, eps=1e-05, momentum=0.1, affine=True, track_running_stats=True)
    (relu1): ReLU(inplace=True)
    (linear2): Linear(in_features=512, out_features=10, bias=True)
  )
)
01/29 04:23:37 AM | Save modules info...
01/29 04:23:37 AM | FLOPS pruning ratio is 0.65
01/29 04:23:37 AM | Pruning with information flow
01/29 04:23:37 AM | -----
01/29 04:23:37 AM | module: Conv2d(3, 64, kernel_size=(3, 3), stride=(1, 1), padding=(1, 1))
01/29 04:23:37 AM | cin: None
01/29 04:23:37 AM | cout: [0]
01/29 04:23:37 AM | inactive
01/29 04:23:37 AM | -----
01/29 04:23:37 AM | module: BatchNorm2d(64, eps=1e-05, momentum=0.1, affine=True, track_running_stats=True)
01/29 04:23:37 AM | cin: [0]
01/29 04:23:37 AM | cout: [0]
01/29 04:23:37 AM | inactive
01/29 04:23:37 AM | -----
01/29 04:23:37 AM | module: ReLU(inplace=True)
01/29 04:23:37 AM | cin: [0]
01/29 04:23:37 AM | cout: [0]
01/29 04:23:37 AM | active
01/29 04:23:37 AM | -----
01/29 04:23:37 AM | module: Conv2d(64, 64, kernel_size=(3, 3), stride=(1, 1), padding=(1, 1))
01/29 04:23:37 AM | cin: [0]
01/29 04:23:37 AM | cout: [1]
01/29 04:23:37 AM | inactive
01/29 04:23:37 AM | -----
01/29 04:23:37 AM | module: BatchNorm2d(64, eps=1e-05, momentum=0.1, affine=True, track_running_stats=True)
01/29 04:23:37 AM | cin: [1]
01/29 04:23:37 AM | cout: [1]
01/29 04:23:37 AM | inactive
01/29 04:23:37 AM | -----
01/29 04:23:37 AM | module: ReLU(inplace=True)
01/29 04:23:37 AM | cin: [1]
01/29 04:23:37 AM | cout: [1]
01/29 04:23:37 AM | active
01/29 04:23:37 AM | -----
01/29 04:23:37 AM | module: MaxPool2d(kernel_size=2, stride=2, padding=0, dilation=1, ceil_mode=False)
01/29 04:23:37 AM | cin: [1]
01/29 04:23:37 AM | cout: [1]
01/29 04:23:37 AM | inactive
01/29 04:23:37 AM | -----
01/29 04:23:37 AM | module: Conv2d(64, 128, kernel_size=(3, 3), stride=(1, 1), padding=(1, 1))
01/29 04:23:37 AM | cin: [1]
01/29 04:23:37 AM | cout: [2]
01/29 04:23:37 AM | inactive
01/29 04:23:37 AM | -----
01/29 04:23:37 AM | module: BatchNorm2d(128, eps=1e-05, momentum=0.1, affine=True, track_running_stats=True)
01/29 04:23:37 AM | cin: [2]
01/29 04:23:37 AM | cout: [2]
01/29 04:23:37 AM | inactive
01/29 04:23:37 AM | -----
01/29 04:23:37 AM | module: ReLU(inplace=True)
01/29 04:23:37 AM | cin: [2]
01/29 04:23:37 AM | cout: [2]
01/29 04:23:37 AM | active
01/29 04:23:37 AM | -----
01/29 04:23:37 AM | module: Conv2d(128, 128, kernel_size=(3, 3), stride=(1, 1), padding=(1, 1))
01/29 04:23:37 AM | cin: [2]
01/29 04:23:37 AM | cout: [3]
01/29 04:23:37 AM | inactive
01/29 04:23:37 AM | -----
01/29 04:23:37 AM | module: BatchNorm2d(128, eps=1e-05, momentum=0.1, affine=True, track_running_stats=True)
01/29 04:23:37 AM | cin: [3]
01/29 04:23:37 AM | cout: [3]
01/29 04:23:37 AM | inactive
01/29 04:23:37 AM | -----
01/29 04:23:37 AM | module: ReLU(inplace=True)
01/29 04:23:37 AM | cin: [3]
01/29 04:23:37 AM | cout: [3]
01/29 04:23:37 AM | active
01/29 04:23:37 AM | -----
01/29 04:23:37 AM | module: MaxPool2d(kernel_size=2, stride=2, padding=0, dilation=1, ceil_mode=False)
01/29 04:23:37 AM | cin: [3]
01/29 04:23:37 AM | cout: [3]
01/29 04:23:37 AM | inactive
01/29 04:23:37 AM | -----
01/29 04:23:37 AM | module: Conv2d(128, 256, kernel_size=(3, 3), stride=(1, 1), padding=(1, 1))
01/29 04:23:37 AM | cin: [3]
01/29 04:23:37 AM | cout: [4]
01/29 04:23:37 AM | inactive
01/29 04:23:37 AM | -----
01/29 04:23:37 AM | module: BatchNorm2d(256, eps=1e-05, momentum=0.1, affine=True, track_running_stats=True)
01/29 04:23:37 AM | cin: [4]
01/29 04:23:37 AM | cout: [4]
01/29 04:23:37 AM | inactive
01/29 04:23:37 AM | -----
01/29 04:23:37 AM | module: ReLU(inplace=True)
01/29 04:23:37 AM | cin: [4]
01/29 04:23:37 AM | cout: [4]
01/29 04:23:37 AM | active
01/29 04:23:37 AM | -----
01/29 04:23:37 AM | module: Conv2d(256, 256, kernel_size=(3, 3), stride=(1, 1), padding=(1, 1))
01/29 04:23:37 AM | cin: [4]
01/29 04:23:37 AM | cout: [5]
01/29 04:23:37 AM | inactive
01/29 04:23:37 AM | -----
01/29 04:23:37 AM | module: BatchNorm2d(256, eps=1e-05, momentum=0.1, affine=True, track_running_stats=True)
01/29 04:23:37 AM | cin: [5]
01/29 04:23:37 AM | cout: [5]
01/29 04:23:37 AM | inactive
01/29 04:23:37 AM | -----
01/29 04:23:37 AM | module: ReLU(inplace=True)
01/29 04:23:37 AM | cin: [5]
01/29 04:23:37 AM | cout: [5]
01/29 04:23:37 AM | active
01/29 04:23:37 AM | -----
01/29 04:23:37 AM | module: Conv2d(256, 256, kernel_size=(3, 3), stride=(1, 1), padding=(1, 1))
01/29 04:23:37 AM | cin: [5]
01/29 04:23:37 AM | cout: [6]
01/29 04:23:37 AM | inactive
01/29 04:23:37 AM | -----
01/29 04:23:37 AM | module: BatchNorm2d(256, eps=1e-05, momentum=0.1, affine=True, track_running_stats=True)
01/29 04:23:37 AM | cin: [6]
01/29 04:23:37 AM | cout: [6]
01/29 04:23:37 AM | inactive
01/29 04:23:37 AM | -----
01/29 04:23:37 AM | module: ReLU(inplace=True)
01/29 04:23:37 AM | cin: [6]
01/29 04:23:37 AM | cout: [6]
01/29 04:23:37 AM | active
01/29 04:23:37 AM | -----
01/29 04:23:37 AM | module: MaxPool2d(kernel_size=2, stride=2, padding=0, dilation=1, ceil_mode=False)
01/29 04:23:37 AM | cin: [6]
01/29 04:23:37 AM | cout: [6]
01/29 04:23:37 AM | inactive
01/29 04:23:37 AM | -----
01/29 04:23:37 AM | module: Conv2d(256, 512, kernel_size=(3, 3), stride=(1, 1), padding=(1, 1))
01/29 04:23:37 AM | cin: [6]
01/29 04:23:37 AM | cout: [7]
01/29 04:23:37 AM | inactive
01/29 04:23:37 AM | -----
01/29 04:23:37 AM | module: BatchNorm2d(512, eps=1e-05, momentum=0.1, affine=True, track_running_stats=True)
01/29 04:23:37 AM | cin: [7]
01/29 04:23:37 AM | cout: [7]
01/29 04:23:37 AM | inactive
01/29 04:23:37 AM | -----
01/29 04:23:37 AM | module: ReLU(inplace=True)
01/29 04:23:37 AM | cin: [7]
01/29 04:23:37 AM | cout: [7]
01/29 04:23:37 AM | active
01/29 04:23:37 AM | -----
01/29 04:23:37 AM | module: Conv2d(512, 512, kernel_size=(3, 3), stride=(1, 1), padding=(1, 1))
01/29 04:23:37 AM | cin: [7]
01/29 04:23:37 AM | cout: [8]
01/29 04:23:37 AM | inactive
01/29 04:23:37 AM | -----
01/29 04:23:37 AM | module: BatchNorm2d(512, eps=1e-05, momentum=0.1, affine=True, track_running_stats=True)
01/29 04:23:37 AM | cin: [8]
01/29 04:23:37 AM | cout: [8]
01/29 04:23:37 AM | inactive
01/29 04:23:37 AM | -----
01/29 04:23:37 AM | module: ReLU(inplace=True)
01/29 04:23:37 AM | cin: [8]
01/29 04:23:37 AM | cout: [8]
01/29 04:23:37 AM | active
01/29 04:23:37 AM | -----
01/29 04:23:37 AM | module: Conv2d(512, 512, kernel_size=(3, 3), stride=(1, 1), padding=(1, 1))
01/29 04:23:37 AM | cin: [8]
01/29 04:23:37 AM | cout: [9]
01/29 04:23:37 AM | inactive
01/29 04:23:37 AM | -----
01/29 04:23:37 AM | module: BatchNorm2d(512, eps=1e-05, momentum=0.1, affine=True, track_running_stats=True)
01/29 04:23:37 AM | cin: [9]
01/29 04:23:37 AM | cout: [9]
01/29 04:23:37 AM | inactive
01/29 04:23:37 AM | -----
01/29 04:23:37 AM | module: ReLU(inplace=True)
01/29 04:23:37 AM | cin: [9]
01/29 04:23:37 AM | cout: [9]
01/29 04:23:37 AM | active
01/29 04:23:37 AM | -----
01/29 04:23:37 AM | module: MaxPool2d(kernel_size=2, stride=2, padding=0, dilation=1, ceil_mode=False)
01/29 04:23:37 AM | cin: [9]
01/29 04:23:37 AM | cout: [9]
01/29 04:23:37 AM | inactive
01/29 04:23:37 AM | -----
01/29 04:23:37 AM | module: Conv2d(512, 512, kernel_size=(3, 3), stride=(1, 1), padding=(1, 1))
01/29 04:23:37 AM | cin: [9]
01/29 04:23:37 AM | cout: [10]
01/29 04:23:37 AM | inactive
01/29 04:23:37 AM | -----
01/29 04:23:37 AM | module: BatchNorm2d(512, eps=1e-05, momentum=0.1, affine=True, track_running_stats=True)
01/29 04:23:37 AM | cin: [10]
01/29 04:23:37 AM | cout: [10]
01/29 04:23:37 AM | inactive
01/29 04:23:37 AM | -----
01/29 04:23:37 AM | module: ReLU(inplace=True)
01/29 04:23:37 AM | cin: [10]
01/29 04:23:37 AM | cout: [10]
01/29 04:23:37 AM | active
01/29 04:23:37 AM | -----
01/29 04:23:37 AM | module: Conv2d(512, 512, kernel_size=(3, 3), stride=(1, 1), padding=(1, 1))
01/29 04:23:37 AM | cin: [10]
01/29 04:23:37 AM | cout: [11]
01/29 04:23:37 AM | inactive
01/29 04:23:37 AM | -----
01/29 04:23:37 AM | module: BatchNorm2d(512, eps=1e-05, momentum=0.1, affine=True, track_running_stats=True)
01/29 04:23:37 AM | cin: [11]
01/29 04:23:37 AM | cout: [11]
01/29 04:23:37 AM | inactive
01/29 04:23:37 AM | -----
01/29 04:23:37 AM | module: ReLU(inplace=True)
01/29 04:23:37 AM | cin: [11]
01/29 04:23:37 AM | cout: [11]
01/29 04:23:37 AM | active
01/29 04:23:37 AM | -----
01/29 04:23:37 AM | module: Conv2d(512, 512, kernel_size=(3, 3), stride=(1, 1), padding=(1, 1))
01/29 04:23:37 AM | cin: [11]
01/29 04:23:37 AM | cout: [12]
01/29 04:23:37 AM | inactive
01/29 04:23:37 AM | -----
01/29 04:23:37 AM | module: BatchNorm2d(512, eps=1e-05, momentum=0.1, affine=True, track_running_stats=True)
01/29 04:23:37 AM | cin: [12]
01/29 04:23:37 AM | cout: [12]
01/29 04:23:37 AM | inactive
01/29 04:23:37 AM | -----
01/29 04:23:37 AM | module: ReLU(inplace=True)
01/29 04:23:37 AM | cin: [12]
01/29 04:23:37 AM | cout: [12]
01/29 04:23:37 AM | active
01/29 04:23:37 AM | -----
01/29 04:23:37 AM | module: Linear(in_features=512, out_features=512, bias=True)
01/29 04:23:37 AM | cin: [12]
01/29 04:23:37 AM | cout: None
01/29 04:23:37 AM | inactive
01/29 04:23:37 AM | -----
01/29 04:23:37 AM | module: ReLU(inplace=True)
01/29 04:23:37 AM | cin: None
01/29 04:23:37 AM | cout: None
01/29 04:23:37 AM | active
01/29 04:23:37 AM | -----
01/29 04:23:37 AM | module: Linear(in_features=512, out_features=10, bias=True)
01/29 04:23:37 AM | cin: None
01/29 04:23:37 AM | cout: None
01/29 04:23:37 AM | inactive
01/29 04:23:37 AM | Used masks: [0, 1, 2, 3, 4, 5, 6, 7, 8, 9, 10, 11, 12]
01/29 04:23:37 AM | 13 unique masks in total
01/29 04:23:38 AM | === Batch 1/200
01/29 04:23:38 AM | loss = 0.166 + 4.266 + 0.040 = 4.472
01/29 04:23:38 AM | attribution_score[0:12]: 
[ 0.83  0.94  0.83  0.83  0.83  0.83  0.83  0.83  0.83  0.94  0.83  0.94 ]
[ 0.94  0.83  0.94  0.83  0.94  0.83  0.94  0.83  0.83  0.94  0.83  0.83 ]
[ 0.94  0.94  0.83  0.94  0.83  0.83  0.94  0.94  0.83  0.83  0.83  0.94 ]
[ 0.83  0.94  0.94  0.94  0.94  0.94  0.83  0.83  0.94  0.83  0.94  0.94 ]
[ 0.94  0.83  0.83  0.83  0.83  0.94  0.83  0.83  0.83  0.83  0.83  0.83 ]
[ 0.83  0.83  0.83  0.94  0.83  0.83  0.94  0.83  0.83  0.83  0.83  0.83 ]
[ 0.94  0.83  0.83  0.83  0.83  0.83  0.94  0.83  0.94  0.83  0.94  0.83 ]
[ 0.83  0.83  0.83  0.83  0.83  0.83  0.94  0.83  0.83  0.94  0.83  0.83 ]
[ 0.83  0.83  0.83  0.83  0.83  0.83  0.83  0.83  0.83  0.83  0.83  0.83 ]
[ 0.83  0.83  0.83  0.83  0.83  0.83  0.83  0.83  0.83  0.83  0.83  0.83 ]
[ 0.83  0.83  0.83  0.83  0.83  0.83  0.83  0.83  0.83  0.83  0.94  0.83 ]
[ 0.83  0.94  0.83  0.83  0.83  0.83  0.83  0.94  0.83  0.83  0.83  0.83 ]
[ 0.94  0.94  0.94  0.83  0.94  0.94  0.83  0.83  0.83  0.94  0.83  0.83 ]

01/29 04:23:38 AM | === Batch 2/200
01/29 04:23:39 AM | loss = 0.241 + 3.587 + 0.056 = 3.884
01/29 04:23:39 AM | attribution_score[0:12]: 
[ 0.88  0.97  0.73  0.75  0.73  0.74  0.75  0.73  0.73  0.93  0.73  0.96 ]
[ 0.94  0.73  0.95  0.73  0.94  0.86  0.94  0.74  0.75  0.96  0.87  0.74 ]
[ 0.96  0.96  0.73  0.96  0.76  0.88  0.94  0.95  0.73  0.73  0.84  0.95 ]
[ 0.78  0.91  0.91  0.97  0.96  0.97  0.79  0.74  0.94  0.75  0.92  0.95 ]
[ 0.96  0.88  0.75  0.73  0.81  0.96  0.73  0.73  0.87  0.75  0.78  0.75 ]
[ 0.73  0.86  0.74  0.94  0.79  0.75  0.92  0.73  0.75  0.74  0.73  0.74 ]
[ 0.94  0.74  0.80  0.82  0.73  0.73  0.94  0.87  0.96  0.85  0.97  0.77 ]
[ 0.73  0.73  0.73  0.73  0.74  0.75  0.96  0.73  0.73  0.91  0.73  0.74 ]
[ 0.74  0.73  0.73  0.73  0.76  0.73  0.73  0.73  0.81  0.73  0.73  0.85 ]
[ 0.74  0.74  0.73  0.73  0.75  0.76  0.73  0.73  0.74  0.73  0.74  0.76 ]
[ 0.73  0.88  0.81  0.74  0.73  0.73  0.84  0.86  0.73  0.77  0.97  0.88 ]
[ 0.88  0.97  0.82  0.87  0.88  0.78  0.87  0.97  0.76  0.76  0.87  0.76 ]
[ 0.96  0.97  0.97  0.86  0.96  0.96  0.85  0.88  0.88  0.95  0.75  0.75 ]

01/29 04:23:39 AM | === Batch 3/200
01/29 04:23:39 AM | loss = 0.187 + 2.847 + 0.073 = 3.107
01/29 04:23:39 AM | attribution_score[0:12]: 
[ 0.91  0.98  0.62  0.63  0.61  0.62  0.63  0.60  0.60  0.91  0.61  0.96 ]
[ 0.94  0.60  0.94  0.60  0.92  0.88  0.93  0.62  0.65  0.97  0.90  0.62 ]
[ 0.97  0.98  0.61  0.97  0.65  0.91  0.92  0.95  0.60  0.62  0.79  0.95 ]
[ 0.69  0.87  0.87  0.98  0.96  0.98  0.72  0.61  0.94  0.63  0.88  0.96 ]
[ 0.97  0.92  0.73  0.60  0.77  0.96  0.60  0.61  0.91  0.69  0.74  0.72 ]
[ 0.60  0.89  0.62  0.92  0.72  0.65  0.87  0.60  0.65  0.62  0.60  0.61 ]
[ 0.92  0.62  0.73  0.77  0.65  0.60  0.91  0.86  0.97  0.89  0.98  0.70 ]
[ 0.60  0.60  0.60  0.60  0.62  0.65  0.96  0.60  0.60  0.86  0.60  0.63 ]
[ 0.62  0.60  0.60  0.60  0.66  0.60  0.60  0.60  0.76  0.60  0.60  0.87 ]
[ 0.62  0.61  0.61  0.60  0.64  0.66  0.60  0.60  0.61  0.60  0.61  0.65 ]
[ 0.60  0.92  0.83  0.61  0.60  0.61  0.86  0.87  0.60  0.69  0.98  0.86 ]
[ 0.91  0.98  0.78  0.91  0.92  0.72  0.90  0.98  0.65  0.78  0.90  0.65 ]
[ 0.97  0.98  0.98  0.81  0.97  0.98  0.88  0.92  0.91  0.96  0.77  0.66 ]

01/29 04:23:39 AM | === Batch 4/200
01/29 04:23:40 AM | loss = 0.400 + 1.920 + 0.096 = 2.415
01/29 04:23:40 AM | attribution_score[0:12]: 
[ 0.94  0.98  0.50  0.49  0.46  0.48  0.49  0.46  0.45  0.86  0.46  0.96 ]
[ 0.93  0.46  0.92  0.45  0.90  0.89  0.92  0.49  0.53  0.96  0.93  0.48 ]
[ 0.97  0.98  0.47  0.97  0.53  0.93  0.90  0.95  0.45  0.48  0.72  0.95 ]
[ 0.57  0.80  0.81  0.98  0.97  0.98  0.73  0.47  0.94  0.58  0.82  0.97 ]
[ 0.97  0.93  0.69  0.51  0.80  0.96  0.45  0.47  0.93  0.59  0.76  0.64 ]
[ 0.46  0.90  0.47  0.90  0.61  0.51  0.83  0.47  0.53  0.48  0.46  0.55 ]
[ 0.88  0.51  0.62  0.70  0.54  0.46  0.89  0.87  0.97  0.92  0.99  0.60 ]
[ 0.45  0.47  0.47  0.46  0.49  0.53  0.96  0.45  0.46  0.79  0.47  0.52 ]
[ 0.48  0.53  0.45  0.50  0.54  0.45  0.45  0.50  0.70  0.45  0.55  0.90 ]
[ 0.50  0.47  0.46  0.45  0.51  0.54  0.45  0.45  0.47  0.45  0.52  0.54 ]
[ 0.46  0.95  0.88  0.51  0.50  0.48  0.90  0.88  0.65  0.74  0.99  0.82 ]
[ 0.93  0.99  0.78  0.95  0.95  0.74  0.93  0.99  0.58  0.81  0.93  0.52 ]
[ 0.98  0.99  0.99  0.74  0.98  0.99  0.92  0.95  0.94  0.96  0.76  0.54 ]

01/29 04:23:40 AM | === Batch 5/200
01/29 04:23:40 AM | loss = 0.815 + 1.067 + 0.111 = 1.993
01/29 04:23:41 AM | attribution_score[0:12]: 
[ 0.96  0.98  0.37  0.35  0.32  0.34  0.35  0.32  0.31  0.80  0.33  0.97 ]
[ 0.93  0.32  0.93  0.31  0.85  0.90  0.93  0.36  0.48  0.96  0.93  0.37 ]
[ 0.97  0.98  0.33  0.98  0.39  0.95  0.85  0.95  0.32  0.34  0.62  0.95 ]
[ 0.43  0.79  0.72  0.99  0.96  0.99  0.67  0.44  0.93  0.60  0.84  0.97 ]
[ 0.98  0.95  0.61  0.42  0.81  0.96  0.32  0.34  0.94  0.47  0.74  0.54 ]
[ 0.38  0.90  0.34  0.85  0.49  0.39  0.79  0.34  0.43  0.40  0.32  0.52 ]
[ 0.86  0.38  0.54  0.60  0.56  0.33  0.89  0.89  0.97  0.93  0.99  0.50 ]
[ 0.31  0.39  0.33  0.32  0.37  0.40  0.96  0.31  0.47  0.68  0.36  0.43 ]
[ 0.43  0.58  0.31  0.51  0.53  0.32  0.32  0.43  0.74  0.41  0.57  0.93 ]
[ 0.45  0.37  0.32  0.31  0.48  0.54  0.33  0.31  0.52  0.32  0.44  0.52 ]
[ 0.32  0.96  0.92  0.40  0.46  0.54  0.93  0.91  0.73  0.78  0.99  0.86 ]
[ 0.95  0.99  0.83  0.97  0.97  0.79  0.95  0.99  0.53  0.85  0.95  0.60 ]
[ 0.98  0.99  0.99  0.77  0.98  0.99  0.95  0.97  0.96  0.95  0.71  0.41 ]

01/29 04:23:41 AM | === Batch 6/200
01/29 04:23:41 AM | loss = 1.149 + 0.481 + 0.095 = 1.725
01/29 04:23:41 AM | attribution_score[0:12]: 
[ 0.97  0.99  0.27  0.23  0.21  0.23  0.25  0.20  0.20  0.71  0.21  0.97 ]
[ 0.93  0.21  0.95  0.20  0.77  0.91  0.93  0.24  0.44  0.96  0.93  0.36 ]
[ 0.97  0.98  0.21  0.98  0.27  0.96  0.79  0.94  0.21  0.23  0.51  0.96 ]
[ 0.42  0.75  0.68  0.99  0.95  0.99  0.63  0.41  0.94  0.60  0.81  0.96 ]
[ 0.98  0.95  0.61  0.33  0.80  0.95  0.21  0.25  0.95  0.50  0.73  0.43 ]
[ 0.40  0.91  0.22  0.79  0.41  0.27  0.72  0.25  0.33  0.31  0.21  0.53 ]
[ 0.88  0.29  0.51  0.58  0.64  0.23  0.91  0.89  0.96  0.95  0.99  0.40 ]
[ 0.20  0.32  0.22  0.20  0.28  0.34  0.95  0.20  0.50  0.57  0.33  0.34 ]
[ 0.47  0.59  0.21  0.55  0.54  0.21  0.23  0.39  0.78  0.42  0.60  0.93 ]
[ 0.41  0.31  0.21  0.20  0.49  0.59  0.23  0.20  0.60  0.22  0.36  0.53 ]
[ 0.21  0.97  0.93  0.30  0.38  0.62  0.95  0.94  0.80  0.76  1.00  0.90 ]
[ 0.96  1.00  0.88  0.98  0.98  0.84  0.96  1.00  0.44  0.90  0.97  0.68 ]
[ 0.99  1.00  1.00  0.83  0.99  1.00  0.96  0.98  0.97  0.94  0.73  0.41 ]

01/29 04:23:41 AM | === Batch 7/200
01/29 04:23:41 AM | loss = 1.071 + 0.064 + 0.081 = 1.216
01/29 04:23:42 AM | attribution_score[0:12]: 
[ 0.97  0.99  0.18  0.15  0.13  0.15  0.17  0.13  0.12  0.62  0.13  0.97 ]
[ 0.93  0.13  0.95  0.12  0.68  0.92  0.94  0.16  0.40  0.96  0.93  0.36 ]
[ 0.97  0.98  0.13  0.98  0.17  0.97  0.69  0.94  0.13  0.15  0.38  0.95 ]
[ 0.41  0.70  0.69  0.99  0.95  0.99  0.62  0.38  0.94  0.57  0.79  0.95 ]
[ 0.98  0.96  0.65  0.25  0.77  0.96  0.14  0.17  0.96  0.51  0.73  0.39 ]
[ 0.39  0.91  0.14  0.70  0.32  0.20  0.70  0.18  0.26  0.23  0.13  0.60 ]
[ 0.90  0.20  0.43  0.55  0.72  0.17  0.92  0.87  0.96  0.96  1.00  0.29 ]
[ 0.12  0.33  0.15  0.13  0.22  0.32  0.95  0.12  0.58  0.45  0.30  0.26 ]
[ 0.52  0.58  0.14  0.62  0.60  0.14  0.16  0.34  0.79  0.45  0.65  0.94 ]
[ 0.38  0.24  0.13  0.12  0.48  0.64  0.16  0.13  0.69  0.16  0.34  0.54 ]
[ 0.14  0.98  0.93  0.23  0.31  0.71  0.96  0.96  0.87  0.72  1.00  0.93 ]
[ 0.97  1.00  0.91  0.98  0.98  0.88  0.97  1.00  0.34  0.93  0.98  0.77 ]
[ 0.99  1.00  1.00  0.87  0.99  1.00  0.97  0.98  0.98  0.93  0.77  0.42 ]

01/29 04:23:42 AM | === Batch 8/200
01/29 04:23:42 AM | loss = 1.205 + 0.453 + 0.071 = 1.728
01/29 04:23:42 AM | attribution_score[0:12]: 
[ 0.98  0.99  0.16  0.11  0.10  0.12  0.15  0.09  0.09  0.65  0.10  0.97 ]
[ 0.94  0.09  0.96  0.08  0.70  0.92  0.95  0.11  0.39  0.96  0.93  0.41 ]
[ 0.97  0.99  0.10  0.98  0.14  0.98  0.70  0.94  0.10  0.11  0.35  0.96 ]
[ 0.41  0.70  0.75  0.99  0.95  0.99  0.67  0.39  0.95  0.61  0.83  0.96 ]
[ 0.98  0.97  0.71  0.25  0.76  0.96  0.10  0.15  0.96  0.54  0.78  0.40 ]
[ 0.42  0.92  0.11  0.70  0.32  0.19  0.71  0.17  0.23  0.19  0.09  0.69 ]
[ 0.92  0.19  0.37  0.58  0.80  0.15  0.94  0.87  0.96  0.97  1.00  0.28 ]
[ 0.09  0.38  0.12  0.09  0.20  0.34  0.95  0.09  0.67  0.48  0.35  0.22 ]
[ 0.58  0.64  0.11  0.70  0.68  0.11  0.14  0.38  0.81  0.46  0.73  0.95 ]
[ 0.42  0.23  0.10  0.09  0.53  0.69  0.14  0.09  0.77  0.15  0.39  0.61 ]
[ 0.12  0.99  0.95  0.24  0.35  0.79  0.96  0.97  0.91  0.76  1.00  0.95 ]
[ 0.98  1.00  0.94  0.99  0.98  0.91  0.97  1.00  0.35  0.96  0.98  0.84 ]
[ 0.99  1.00  1.00  0.90  0.99  1.00  0.98  0.99  0.99  0.94  0.79  0.46 ]

01/29 04:23:42 AM | === Batch 9/200
01/29 04:23:42 AM | loss = 1.074 + 0.370 + 0.064 = 1.508
01/29 04:23:42 AM | attribution_score[0:12]: 
[ 0.98  0.99  0.17  0.09  0.08  0.11  0.15  0.07  0.07  0.72  0.08  0.98 ]
[ 0.95  0.08  0.97  0.06  0.74  0.93  0.96  0.09  0.44  0.97  0.93  0.49 ]
[ 0.98  0.99  0.08  0.98  0.13  0.98  0.75  0.94  0.10  0.09  0.37  0.97 ]
[ 0.41  0.73  0.81  0.99  0.96  1.00  0.71  0.42  0.96  0.68  0.87  0.97 ]
[ 0.99  0.97  0.77  0.28  0.76  0.97  0.08  0.14  0.97  0.61  0.82  0.47 ]
[ 0.48  0.93  0.09  0.73  0.35  0.20  0.76  0.18  0.23  0.18  0.07  0.77 ]
[ 0.93  0.20  0.37  0.65  0.86  0.15  0.96  0.87  0.96  0.98  1.00  0.29 ]
[ 0.06  0.46  0.11  0.07  0.20  0.39  0.96  0.06  0.76  0.54  0.42  0.21 ]
[ 0.67  0.70  0.09  0.78  0.76  0.10  0.14  0.45  0.82  0.50  0.81  0.96 ]
[ 0.49  0.24  0.08  0.07  0.61  0.75  0.14  0.07  0.84  0.15  0.47  0.70 ]
[ 0.12  0.99  0.96  0.26  0.41  0.85  0.97  0.98  0.95  0.80  1.00  0.96 ]
[ 0.99  1.00  0.96  0.99  0.99  0.94  0.98  1.00  0.38  0.97  0.99  0.88 ]
[ 0.99  1.00  1.00  0.92  1.00  1.00  0.99  0.99  0.99  0.95  0.82  0.51 ]

01/29 04:23:42 AM | === Batch 10/200
01/29 04:23:43 AM | loss = 1.017 + 0.006 + 0.059 = 1.082
01/29 04:23:43 AM | attribution_score[0:12]: 
[ 0.98  0.99  0.20  0.08  0.08  0.11  0.16  0.06  0.06  0.79  0.07  0.98 ]
[ 0.97  0.07  0.98  0.05  0.77  0.93  0.97  0.07  0.51  0.98  0.93  0.58 ]
[ 0.98  0.99  0.08  0.99  0.12  0.99  0.81  0.95  0.10  0.09  0.42  0.97 ]
[ 0.38  0.79  0.86  0.99  0.96  1.00  0.76  0.48  0.97  0.74  0.91  0.97 ]
[ 0.99  0.98  0.82  0.34  0.73  0.98  0.07  0.14  0.97  0.70  0.83  0.55 ]
[ 0.57  0.94  0.08  0.79  0.41  0.23  0.82  0.22  0.25  0.19  0.06  0.84 ]
[ 0.95  0.24  0.41  0.72  0.90  0.16  0.97  0.87  0.97  0.98  1.00  0.35 ]
[ 0.05  0.56  0.12  0.06  0.22  0.48  0.97  0.05  0.83  0.63  0.51  0.21 ]
[ 0.75  0.77  0.09  0.83  0.83  0.10  0.15  0.54  0.79  0.53  0.87  0.97 ]
[ 0.58  0.27  0.07  0.06  0.70  0.81  0.15  0.07  0.88  0.16  0.56  0.78 ]
[ 0.13  0.99  0.97  0.29  0.47  0.90  0.97  0.99  0.96  0.83  1.00  0.97 ]
[ 0.99  1.00  0.97  0.99  0.99  0.96  0.98  1.00  0.44  0.98  0.99  0.92 ]
[ 1.00  1.00  1.00  0.94  1.00  1.00  0.99  0.99  0.99  0.97  0.87  0.59 ]

01/29 04:23:43 AM | === Batch 11/200
01/29 04:23:43 AM | loss = 0.915 + 0.266 + 0.055 = 1.237
01/29 04:23:43 AM | attribution_score[0:12]: 
[ 0.99  0.99  0.22  0.07  0.07  0.11  0.16  0.05  0.05  0.83  0.07  0.98 ]
[ 0.97  0.07  0.98  0.04  0.79  0.93  0.98  0.06  0.58  0.98  0.93  0.65 ]
[ 0.99  0.99  0.08  0.99  0.12  0.99  0.84  0.96  0.10  0.08  0.45  0.98 ]
[ 0.34  0.82  0.89  0.99  0.96  1.00  0.80  0.47  0.98  0.76  0.93  0.97 ]
[ 0.99  0.98  0.82  0.43  0.68  0.98  0.06  0.14  0.98  0.78  0.83  0.62 ]
[ 0.65  0.95  0.08  0.83  0.43  0.25  0.86  0.25  0.27  0.22  0.05  0.88 ]
[ 0.96  0.31  0.44  0.78  0.93  0.19  0.98  0.85  0.98  0.98  1.00  0.38 ]
[ 0.04  0.65  0.13  0.05  0.23  0.56  0.97  0.04  0.87  0.72  0.54  0.21 ]
[ 0.81  0.83  0.09  0.86  0.89  0.10  0.14  0.62  0.74  0.49  0.91  0.98 ]
[ 0.61  0.24  0.06  0.05  0.73  0.82  0.16  0.06  0.90  0.17  0.66  0.84 ]
[ 0.14  0.99  0.98  0.33  0.53  0.93  0.98  0.99  0.98  0.85  1.00  0.98 ]
[ 0.99  1.00  0.98  0.99  0.99  0.97  0.98  1.00  0.47  0.99  0.99  0.93 ]
[ 1.00  1.00  1.00  0.95  1.00  1.00  0.99  0.99  0.99  0.98  0.89  0.62 ]

01/29 04:23:43 AM | === Batch 12/200
01/29 04:23:44 AM | loss = 0.987 + 0.447 + 0.052 = 1.486
01/29 04:23:44 AM | attribution_score[0:12]: 
[ 0.99  1.00  0.23  0.06  0.07  0.11  0.16  0.05  0.04  0.86  0.06  0.99 ]
[ 0.98  0.07  0.98  0.03  0.80  0.93  0.98  0.05  0.67  0.98  0.93  0.67 ]
[ 0.99  0.99  0.08  0.99  0.12  0.99  0.87  0.96  0.09  0.07  0.47  0.98 ]
[ 0.30  0.84  0.92  0.99  0.96  1.00  0.84  0.46  0.98  0.75  0.95  0.98 ]
[ 0.99  0.98  0.79  0.54  0.63  0.99  0.05  0.13  0.98  0.84  0.83  0.70 ]
[ 0.70  0.96  0.07  0.87  0.42  0.28  0.89  0.26  0.29  0.27  0.04  0.91 ]
[ 0.96  0.39  0.45  0.82  0.94  0.21  0.98  0.82  0.98  0.99  1.00  0.40 ]
[ 0.03  0.69  0.13  0.04  0.23  0.61  0.98  0.03  0.89  0.76  0.52  0.21 ]
[ 0.84  0.87  0.08  0.87  0.92  0.09  0.13  0.66  0.68  0.42  0.93  0.98 ]
[ 0.62  0.20  0.05  0.04  0.73  0.81  0.16  0.05  0.91  0.16  0.70  0.87 ]
[ 0.15  0.99  0.98  0.37  0.57  0.95  0.98  0.99  0.98  0.86  1.00  0.98 ]
[ 0.99  1.00  0.98  1.00  0.99  0.98  0.99  1.00  0.47  0.99  1.00  0.94 ]
[ 1.00  1.00  1.00  0.95  1.00  1.00  0.99  0.99  1.00  0.98  0.89  0.60 ]

01/29 04:23:44 AM | === Batch 13/200
01/29 04:23:44 AM | loss = 0.796 + 0.546 + 0.049 = 1.391
01/29 04:23:44 AM | attribution_score[0:12]: 
[ 0.99  1.00  0.24  0.05  0.06  0.11  0.15  0.04  0.03  0.88  0.05  0.99 ]
[ 0.98  0.07  0.99  0.03  0.80  0.94  0.98  0.04  0.76  0.98  0.93  0.68 ]
[ 0.99  0.99  0.08  0.99  0.11  0.99  0.88  0.97  0.08  0.06  0.47  0.99 ]
[ 0.26  0.85  0.93  1.00  0.96  1.00  0.87  0.45  0.98  0.73  0.96  0.98 ]
[ 0.99  0.99  0.76  0.64  0.64  0.99  0.05  0.13  0.98  0.89  0.83  0.76 ]
[ 0.74  0.96  0.07  0.89  0.39  0.29  0.92  0.25  0.30  0.35  0.04  0.93 ]
[ 0.97  0.49  0.46  0.85  0.95  0.24  0.99  0.77  0.98  0.99  1.00  0.41 ]
[ 0.03  0.71  0.12  0.04  0.21  0.63  0.98  0.03  0.90  0.78  0.48  0.20 ]
[ 0.86  0.89  0.07  0.88  0.94  0.08  0.11  0.70  0.60  0.33  0.95  0.99 ]
[ 0.62  0.16  0.05  0.04  0.70  0.80  0.15  0.04  0.91  0.14  0.72  0.89 ]
[ 0.15  0.99  0.99  0.40  0.59  0.96  0.98  0.99  0.99  0.86  1.00  0.98 ]
[ 1.00  1.00  0.99  1.00  1.00  0.98  0.99  1.00  0.45  0.99  1.00  0.95 ]
[ 1.00  1.00  1.00  0.96  1.00  1.00  0.99  0.99  1.00  0.98  0.89  0.56 ]

01/29 04:23:44 AM | === Batch 14/200
01/29 04:23:44 AM | loss = 0.654 + 0.581 + 0.046 = 1.281
01/29 04:23:45 AM | attribution_score[0:12]: 
[ 0.99  1.00  0.23  0.04  0.05  0.11  0.14  0.03  0.03  0.89  0.04  0.99 ]
[ 0.99  0.07  0.99  0.02  0.80  0.95  0.99  0.04  0.83  0.98  0.92  0.66 ]
[ 0.99  0.99  0.08  0.99  0.10  0.99  0.89  0.97  0.07  0.05  0.46  0.99 ]
[ 0.25  0.85  0.94  1.00  0.95  1.00  0.88  0.42  0.98  0.70  0.96  0.98 ]
[ 0.99  0.99  0.70  0.72  0.68  0.99  0.04  0.13  0.98  0.92  0.83  0.78 ]
[ 0.77  0.97  0.06  0.90  0.33  0.32  0.94  0.23  0.29  0.45  0.03  0.94 ]
[ 0.97  0.61  0.44  0.87  0.95  0.27  0.99  0.71  0.98  0.99  1.00  0.41 ]
[ 0.02  0.72  0.13  0.03  0.18  0.64  0.98  0.02  0.91  0.78  0.42  0.19 ]
[ 0.87  0.91  0.06  0.88  0.96  0.08  0.09  0.72  0.57  0.25  0.96  0.99 ]
[ 0.59  0.12  0.04  0.03  0.64  0.77  0.13  0.03  0.92  0.12  0.72  0.91 ]
[ 0.15  1.00  0.99  0.43  0.61  0.97  0.98  0.99  0.99  0.87  1.00  0.98 ]
[ 1.00  1.00  0.99  1.00  1.00  0.99  0.99  1.00  0.40  0.99  1.00  0.96 ]
[ 1.00  1.00  1.00  0.96  1.00  1.00  0.99  0.99  1.00  0.99  0.88  0.52 ]

01/29 04:23:45 AM | === Batch 15/200
01/29 04:23:45 AM | loss = 0.540 + 0.575 + 0.044 = 1.159
01/29 04:23:45 AM | attribution_score[0:12]: 
[ 0.99  1.00  0.21  0.03  0.05  0.11  0.12  0.03  0.02  0.90  0.04  0.99 ]
[ 0.99  0.07  0.99  0.02  0.80  0.95  0.99  0.03  0.87  0.98  0.93  0.64 ]
[ 0.99  0.99  0.07  0.99  0.08  0.99  0.88  0.97  0.06  0.05  0.43  0.99 ]
[ 0.24  0.85  0.95  1.00  0.95  1.00  0.89  0.38  0.98  0.65  0.97  0.97 ]
[ 0.99  0.98  0.64  0.80  0.68  0.99  0.04  0.12  0.99  0.94  0.84  0.79 ]
[ 0.79  0.97  0.06  0.92  0.31  0.35  0.95  0.21  0.28  0.53  0.03  0.96 ]
[ 0.97  0.71  0.41  0.88  0.96  0.28  0.99  0.63  0.98  0.99  1.00  0.38 ]
[ 0.02  0.72  0.13  0.03  0.16  0.63  0.98  0.02  0.92  0.77  0.36  0.17 ]
[ 0.88  0.92  0.05  0.88  0.97  0.07  0.08  0.72  0.55  0.18  0.97  0.99 ]
[ 0.56  0.09  0.03  0.02  0.57  0.72  0.11  0.03  0.92  0.09  0.71  0.92 ]
[ 0.14  1.00  0.99  0.46  0.64  0.98  0.98  0.99  0.99  0.87  1.00  0.98 ]
[ 1.00  1.00  0.99  1.00  1.00  0.99  0.99  1.00  0.34  1.00  1.00  0.96 ]
[ 1.00  1.00  1.00  0.96  1.00  1.00  0.99  1.00  1.00  0.99  0.88  0.50 ]

01/29 04:23:45 AM | === Batch 16/200
01/29 04:23:45 AM | loss = 0.323 + 0.540 + 0.042 = 0.905
01/29 04:23:46 AM | attribution_score[0:12]: 
[ 0.99  1.00  0.19  0.03  0.04  0.11  0.11  0.03  0.02  0.91  0.03  0.99 ]
[ 0.99  0.07  0.99  0.01  0.78  0.95  0.99  0.03  0.91  0.98  0.93  0.62 ]
[ 0.99  0.99  0.07  0.99  0.07  0.99  0.88  0.97  0.05  0.04  0.38  0.99 ]
[ 0.24  0.84  0.96  1.00  0.94  1.00  0.90  0.35  0.98  0.61  0.97  0.97 ]
[ 0.99  0.98  0.54  0.86  0.66  0.99  0.04  0.12  0.99  0.95  0.85  0.80 ]
[ 0.81  0.97  0.05  0.92  0.28  0.36  0.96  0.19  0.27  0.61  0.02  0.96 ]
[ 0.97  0.80  0.36  0.89  0.96  0.29  0.99  0.53  0.99  0.99  1.00  0.36 ]
[ 0.02  0.72  0.13  0.02  0.14  0.58  0.98  0.02  0.92  0.75  0.30  0.15 ]
[ 0.88  0.93  0.04  0.88  0.97  0.06  0.07  0.71  0.53  0.13  0.98  0.99 ]
[ 0.51  0.06  0.03  0.02  0.49  0.66  0.09  0.02  0.92  0.07  0.68  0.92 ]
[ 0.13  1.00  0.99  0.50  0.68  0.98  0.99  1.00  0.99  0.88  1.00  0.99 ]
[ 1.00  1.00  0.99  1.00  1.00  0.99  0.99  1.00  0.28  1.00  1.00  0.96 ]
[ 1.00  1.00  1.00  0.97  1.00  1.00  1.00  1.00  1.00  0.99  0.86  0.46 ]

01/29 04:23:46 AM | === Batch 17/200
01/29 04:23:46 AM | loss = 0.394 + 0.483 + 0.040 = 0.917
01/29 04:23:46 AM | attribution_score[0:12]: 
[ 0.99  1.00  0.17  0.02  0.04  0.11  0.09  0.02  0.02  0.92  0.03  0.99 ]
[ 0.99  0.06  0.99  0.01  0.76  0.95  0.99  0.02  0.93  0.98  0.94  0.62 ]
[ 0.99  1.00  0.06  0.99  0.06  0.99  0.87  0.98  0.04  0.03  0.33  0.99 ]
[ 0.25  0.82  0.96  1.00  0.94  1.00  0.91  0.32  0.98  0.59  0.97  0.97 ]
[ 1.00  0.98  0.46  0.90  0.63  1.00  0.04  0.11  0.99  0.96  0.85  0.80 ]
[ 0.84  0.97  0.05  0.92  0.27  0.39  0.97  0.16  0.25  0.64  0.02  0.97 ]
[ 0.98  0.86  0.32  0.89  0.97  0.34  0.99  0.43  0.99  0.99  1.00  0.33 ]
[ 0.01  0.72  0.12  0.02  0.12  0.53  0.98  0.01  0.93  0.73  0.25  0.14 ]
[ 0.89  0.94  0.03  0.88  0.98  0.05  0.06  0.69  0.52  0.10  0.98  0.99 ]
[ 0.46  0.05  0.02  0.02  0.40  0.59  0.07  0.02  0.92  0.06  0.63  0.93 ]
[ 0.11  1.00  0.99  0.53  0.73  0.98  0.99  1.00  1.00  0.89  1.00  0.99 ]
[ 1.00  1.00  0.99  1.00  1.00  0.99  0.99  1.00  0.21  1.00  1.00  0.97 ]
[ 1.00  1.00  1.00  0.97  1.00  1.00  1.00  1.00  1.00  0.99  0.85  0.43 ]

01/29 04:23:46 AM | === Batch 18/200
01/29 04:23:46 AM | loss = 0.485 + 0.420 + 0.039 = 0.944
01/29 04:23:47 AM | attribution_score[0:12]: 
[ 0.99  1.00  0.15  0.02  0.03  0.11  0.08  0.02  0.01  0.92  0.02  0.99 ]
[ 0.99  0.06  0.99  0.01  0.73  0.95  0.99  0.02  0.94  0.98  0.94  0.63 ]
[ 0.99  1.00  0.05  0.99  0.05  0.99  0.85  0.98  0.04  0.03  0.27  0.99 ]
[ 0.26  0.80  0.97  1.00  0.94  1.00  0.92  0.29  0.98  0.57  0.98  0.97 ]
[ 1.00  0.98  0.38  0.92  0.56  1.00  0.04  0.10  0.99  0.97  0.86  0.81 ]
[ 0.86  0.97  0.04  0.92  0.25  0.42  0.97  0.14  0.24  0.65  0.02  0.98 ]
[ 0.98  0.90  0.26  0.90  0.97  0.34  0.99  0.33  0.99  0.99  1.00  0.27 ]
[ 0.01  0.72  0.11  0.02  0.10  0.48  0.99  0.01  0.94  0.70  0.21  0.12 ]
[ 0.89  0.95  0.03  0.88  0.98  0.05  0.05  0.65  0.50  0.07  0.98  0.99 ]
[ 0.41  0.04  0.02  0.02  0.30  0.51  0.06  0.02  0.93  0.05  0.57  0.93 ]
[ 0.09  1.00  0.99  0.55  0.76  0.99  0.99  1.00  1.00  0.89  1.00  0.99 ]
[ 1.00  1.00  0.99  1.00  1.00  0.99  0.99  1.00  0.15  1.00  1.00  0.97 ]
[ 1.00  1.00  1.00  0.97  1.00  1.00  1.00  1.00  1.00  0.99  0.84  0.42 ]

01/29 04:23:47 AM | === Batch 19/200
01/29 04:23:47 AM | loss = 0.427 + 0.348 + 0.037 = 0.811
01/29 04:23:47 AM | attribution_score[0:12]: 
[ 1.00  1.00  0.13  0.02  0.03  0.10  0.07  0.02  0.01  0.92  0.02  0.99 ]
[ 0.99  0.05  0.99  0.01  0.70  0.95  0.99  0.02  0.96  0.98  0.95  0.62 ]
[ 0.99  1.00  0.04  0.99  0.04  1.00  0.84  0.98  0.03  0.02  0.21  0.99 ]
[ 0.26  0.77  0.97  1.00  0.93  1.00  0.93  0.27  0.97  0.55  0.98  0.97 ]
[ 1.00  0.98  0.31  0.94  0.50  1.00  0.04  0.09  0.99  0.97  0.86  0.83 ]
[ 0.86  0.98  0.04  0.91  0.23  0.46  0.98  0.11  0.22  0.63  0.01  0.98 ]
[ 0.98  0.93  0.21  0.89  0.97  0.31  0.99  0.24  0.99  0.99  1.00  0.22 ]
[ 0.01  0.73  0.09  0.02  0.09  0.41  0.99  0.01  0.94  0.67  0.18  0.10 ]
[ 0.89  0.95  0.02  0.88  0.98  0.04  0.04  0.61  0.47  0.05  0.99  0.99 ]
[ 0.35  0.03  0.02  0.01  0.23  0.43  0.05  0.02  0.93  0.04  0.51  0.93 ]
[ 0.07  1.00  0.99  0.56  0.78  0.99  0.99  1.00  1.00  0.90  1.00  0.99 ]
[ 1.00  1.00  0.99  1.00  1.00  0.99  0.99  1.00  0.11  1.00  1.00  0.97 ]
[ 1.00  1.00  1.00  0.97  1.00  1.00  1.00  1.00  1.00  0.99  0.84  0.41 ]

01/29 04:23:47 AM | === Batch 20/200
01/29 04:23:47 AM | loss = 0.718 + 0.273 + 0.036 = 1.026
01/29 04:23:47 AM | === Batch 21/200
01/29 04:23:48 AM | loss = 0.569 + 0.205 + 0.034 = 0.809
01/29 04:23:48 AM | === Batch 22/200
01/29 04:23:48 AM | loss = 0.512 + 0.144 + 0.033 = 0.689
01/29 04:23:48 AM | === Batch 23/200
01/29 04:23:48 AM | loss = 0.730 + 0.083 + 0.032 = 0.845
01/29 04:23:49 AM | === Batch 24/200
01/29 04:23:49 AM | loss = 0.640 + 0.025 + 0.031 = 0.697
01/29 04:23:49 AM | === Batch 25/200
01/29 04:23:49 AM | loss = 0.427 + 0.059 + 0.030 = 0.516
01/29 04:23:50 AM | === Batch 26/200
01/29 04:23:50 AM | loss = 0.442 + 0.048 + 0.029 = 0.519
01/29 04:23:50 AM | === Batch 27/200
01/29 04:23:50 AM | loss = 0.562 + 0.024 + 0.028 = 0.614
01/29 04:23:51 AM | === Batch 28/200
01/29 04:23:51 AM | loss = 0.371 + 0.055 + 0.027 = 0.454
01/29 04:23:51 AM | === Batch 29/200
01/29 04:23:51 AM | loss = 0.533 + 0.071 + 0.026 = 0.630
01/29 04:23:52 AM | === Batch 30/200
01/29 04:23:52 AM | loss = 0.457 + 0.075 + 0.025 = 0.557
01/29 04:23:52 AM | === Batch 31/200
01/29 04:23:52 AM | loss = 0.455 + 0.067 + 0.024 = 0.547
01/29 04:23:52 AM | === Batch 32/200
01/29 04:23:53 AM | loss = 0.495 + 0.050 + 0.024 = 0.569
01/29 04:23:53 AM | === Batch 33/200
01/29 04:23:53 AM | loss = 0.366 + 0.025 + 0.023 = 0.415
01/29 04:23:53 AM | === Batch 34/200
01/29 04:23:54 AM | loss = 0.427 + 0.013 + 0.023 = 0.464
01/29 04:23:54 AM | === Batch 35/200
01/29 04:23:54 AM | loss = 0.628 + 0.000 + 0.023 = 0.651
01/29 04:23:54 AM | === Batch 36/200
01/29 04:23:55 AM | loss = 0.453 + 0.004 + 0.022 = 0.480
01/29 04:23:55 AM | === Batch 37/200
01/29 04:23:55 AM | loss = 0.451 + 0.030 + 0.022 = 0.503
01/29 04:23:55 AM | === Batch 38/200
01/29 04:23:55 AM | loss = 0.473 + 0.048 + 0.021 = 0.542
01/29 04:23:56 AM | === Batch 39/200
01/29 04:23:56 AM | loss = 0.406 + 0.055 + 0.021 = 0.482
01/29 04:23:56 AM | === Batch 40/200
01/29 04:23:56 AM | loss = 0.601 + 0.054 + 0.021 = 0.676
01/29 04:23:57 AM | === Batch 41/200
01/29 04:23:57 AM | loss = 0.381 + 0.045 + 0.021 = 0.447
01/29 04:23:57 AM | === Batch 42/200
01/29 04:23:57 AM | loss = 0.526 + 0.029 + 0.021 = 0.575
01/29 04:23:58 AM | === Batch 43/200
01/29 04:23:58 AM | loss = 0.375 + 0.007 + 0.021 = 0.403
01/29 04:23:58 AM | === Batch 44/200
01/29 04:23:58 AM | loss = 0.459 + 0.037 + 0.020 = 0.516
01/29 04:23:59 AM | === Batch 45/200
01/29 04:23:59 AM | loss = 0.408 + 0.018 + 0.020 = 0.447
01/29 04:23:59 AM | === Batch 46/200
01/29 04:23:59 AM | loss = 0.449 + 0.028 + 0.020 = 0.496
01/29 04:24:00 AM | === Batch 47/200
01/29 04:24:00 AM | loss = 0.509 + 0.052 + 0.019 = 0.580
01/29 04:24:00 AM | === Batch 48/200
01/29 04:24:00 AM | loss = 0.416 + 0.065 + 0.019 = 0.500
01/29 04:24:01 AM | === Batch 49/200
01/29 04:24:01 AM | loss = 0.419 + 0.069 + 0.018 = 0.506
01/29 04:24:01 AM | === Batch 50/200
01/29 04:24:01 AM | loss = 0.471 + 0.063 + 0.018 = 0.553
01/29 04:24:02 AM | === Batch 51/200
01/29 04:24:02 AM | loss = 0.429 + 0.048 + 0.018 = 0.495
01/29 04:24:02 AM | === Batch 52/200
01/29 04:24:02 AM | loss = 0.480 + 0.027 + 0.018 = 0.524
01/29 04:24:03 AM | === Batch 53/200
01/29 04:24:03 AM | loss = 0.450 + 0.003 + 0.018 = 0.471
01/29 04:24:03 AM | === Batch 54/200
01/29 04:24:03 AM | loss = 0.489 + 0.001 + 0.018 = 0.508
01/29 04:24:03 AM | === Batch 55/200
01/29 04:24:04 AM | loss = 0.591 + 0.002 + 0.018 = 0.611
01/29 04:24:04 AM | === Batch 56/200
01/29 04:24:04 AM | loss = 0.368 + 0.025 + 0.017 = 0.410
01/29 04:24:04 AM | === Batch 57/200
01/29 04:24:05 AM | loss = 0.516 + 0.043 + 0.017 = 0.575
01/29 04:24:05 AM | === Batch 58/200
01/29 04:24:05 AM | loss = 0.301 + 0.051 + 0.017 = 0.368
01/29 04:24:06 AM | === Batch 59/200
01/29 04:24:06 AM | loss = 0.576 + 0.050 + 0.016 = 0.642
01/29 04:24:06 AM | === Batch 60/200
01/29 04:24:06 AM | loss = 0.406 + 0.043 + 0.016 = 0.464
01/29 04:24:06 AM | === Batch 61/200
01/29 04:24:06 AM | loss = 0.445 + 0.028 + 0.016 = 0.489
01/29 04:24:07 AM | === Batch 62/200
01/29 04:24:07 AM | loss = 0.619 + 0.007 + 0.016 = 0.642
01/29 04:24:07 AM | === Batch 63/200
01/29 04:24:07 AM | loss = 0.393 + 0.037 + 0.016 = 0.446
01/29 04:24:08 AM | === Batch 64/200
01/29 04:24:08 AM | loss = 0.508 + 0.026 + 0.016 = 0.550
01/29 04:24:08 AM | === Batch 65/200
01/29 04:24:08 AM | loss = 0.656 + 0.018 + 0.015 = 0.690
01/29 04:24:08 AM | === Batch 66/200
01/29 04:24:09 AM | loss = 0.230 + 0.040 + 0.015 = 0.285
01/29 04:24:09 AM | === Batch 67/200
01/29 04:24:09 AM | loss = 0.322 + 0.054 + 0.015 = 0.391
01/29 04:24:09 AM | === Batch 68/200
01/29 04:24:09 AM | loss = 0.406 + 0.060 + 0.015 = 0.480
01/29 04:24:10 AM | === Batch 69/200
01/29 04:24:10 AM | loss = 0.432 + 0.058 + 0.014 = 0.505
01/29 04:24:10 AM | === Batch 70/200
01/29 04:24:10 AM | loss = 0.251 + 0.049 + 0.014 = 0.314
01/29 04:24:10 AM | === Batch 71/200
01/29 04:24:11 AM | loss = 0.378 + 0.033 + 0.014 = 0.425
01/29 04:24:11 AM | === Batch 72/200
01/29 04:24:11 AM | loss = 0.538 + 0.012 + 0.014 = 0.565
01/29 04:24:11 AM | === Batch 73/200
01/29 04:24:11 AM | loss = 0.389 + 0.025 + 0.014 = 0.428
01/29 04:24:12 AM | === Batch 74/200
01/29 04:24:12 AM | loss = 0.620 + 0.020 + 0.014 = 0.654
01/29 04:24:12 AM | === Batch 75/200
01/29 04:24:12 AM | loss = 0.412 + 0.012 + 0.014 = 0.438
01/29 04:24:13 AM | === Batch 76/200
01/29 04:24:13 AM | loss = 0.499 + 0.026 + 0.014 = 0.539
01/29 04:24:13 AM | === Batch 77/200
01/29 04:24:13 AM | loss = 0.489 + 0.032 + 0.014 = 0.534
01/29 04:24:14 AM | === Batch 78/200
01/29 04:24:14 AM | loss = 0.459 + 0.030 + 0.014 = 0.502
01/29 04:24:14 AM | === Batch 79/200
01/29 04:24:14 AM | loss = 0.631 + 0.021 + 0.014 = 0.666
01/29 04:24:14 AM | === Batch 80/200
01/29 04:24:15 AM | loss = 0.567 + 0.009 + 0.014 = 0.589
01/29 04:24:15 AM | === Batch 81/200
01/29 04:24:15 AM | loss = 0.508 + 0.019 + 0.014 = 0.540
01/29 04:24:15 AM | === Batch 82/200
01/29 04:24:16 AM | loss = 0.508 + 0.010 + 0.014 = 0.532
01/29 04:24:16 AM | === Batch 83/200
01/29 04:24:16 AM | loss = 0.596 + 0.019 + 0.013 = 0.629
01/29 04:24:16 AM | === Batch 84/200
01/29 04:24:17 AM | loss = 0.493 + 0.036 + 0.013 = 0.542
01/29 04:24:17 AM | === Batch 85/200
01/29 04:24:17 AM | loss = 0.396 + 0.043 + 0.013 = 0.453
01/29 04:24:17 AM | === Batch 86/200
01/29 04:24:18 AM | loss = 0.384 + 0.044 + 0.013 = 0.441
01/29 04:24:18 AM | === Batch 87/200
01/29 04:24:18 AM | loss = 0.616 + 0.038 + 0.013 = 0.667
01/29 04:24:18 AM | === Batch 88/200
01/29 04:24:19 AM | loss = 0.556 + 0.029 + 0.013 = 0.598
01/29 04:24:19 AM | === Batch 89/200
01/29 04:24:19 AM | loss = 0.576 + 0.014 + 0.013 = 0.604
01/29 04:24:19 AM | === Batch 90/200
01/29 04:24:20 AM | loss = 0.417 + 0.002 + 0.013 = 0.432
01/29 04:24:20 AM | === Batch 91/200
01/29 04:24:20 AM | loss = 0.549 + 0.006 + 0.013 = 0.567
01/29 04:24:20 AM | === Batch 92/200
01/29 04:24:21 AM | loss = 0.565 + 0.007 + 0.013 = 0.585
01/29 04:24:21 AM | === Batch 93/200
01/29 04:24:21 AM | loss = 0.426 + 0.001 + 0.013 = 0.440
01/29 04:24:21 AM | === Batch 94/200
01/29 04:24:21 AM | loss = 0.483 + 0.019 + 0.013 = 0.515
01/29 04:24:22 AM | === Batch 95/200
01/29 04:24:22 AM | loss = 0.531 + 0.001 + 0.013 = 0.544
01/29 04:24:22 AM | === Batch 96/200
01/29 04:24:22 AM | loss = 0.410 + 0.005 + 0.013 = 0.428
01/29 04:24:23 AM | === Batch 97/200
01/29 04:24:23 AM | loss = 0.584 + 0.003 + 0.013 = 0.599
01/29 04:24:23 AM | === Batch 98/200
01/29 04:24:23 AM | loss = 0.453 + 0.010 + 0.013 = 0.475
01/29 04:24:24 AM | === Batch 99/200
01/29 04:24:24 AM | loss = 0.451 + 0.008 + 0.012 = 0.472
01/29 04:24:24 AM | === Batch 100/200
01/29 04:24:24 AM | loss = 0.253 + 0.014 + 0.012 = 0.280
01/29 04:24:24 AM | attribution_score[0:12]: 
[ 1.00  1.00  0.03  0.00  0.00  0.36  0.00  0.00  0.00  0.98  0.00  0.99 ]
[ 1.00  0.01  0.99  0.00  0.98  0.97  1.00  0.00  0.99  0.88  1.00  0.03 ]
[ 1.00  1.00  0.00  0.99  0.00  1.00  0.03  0.98  0.00  0.00  0.00  0.99 ]
[ 0.03  0.55  1.00  1.00  0.99  1.00  0.98  0.70  0.97  0.05  1.00  0.99 ]
[ 0.99  0.98  0.23  0.99  0.26  0.97  0.01  0.00  1.00  0.99  0.98  0.97 ]
[ 0.95  0.99  0.01  0.03  0.03  0.03  0.96  0.01  0.02  0.07  0.00  1.00 ]
[ 0.99  0.99  0.01  0.98  1.00  0.03  0.99  0.01  0.99  1.00  1.00  0.09 ]
[ 0.00  0.91  0.01  0.01  0.02  0.81  1.00  0.00  0.99  0.97  0.08  0.00 ]
[ 0.98  1.00  0.01  0.99  1.00  0.00  0.00  0.99  0.91  0.01  1.00  1.00 ]
[ 0.02  0.00  0.00  0.00  0.02  0.03  0.00  0.00  0.99  0.00  0.93  0.99 ]
[ 0.00  1.00  1.00  0.00  0.02  1.00  1.00  1.00  1.00  0.99  1.00  1.00 ]
[ 1.00  1.00  1.00  1.00  1.00  1.00  1.00  1.00  0.00  1.00  1.00  0.99 ]
[ 1.00  1.00  1.00  0.99  1.00  1.00  1.00  1.00  1.00  1.00  0.99  0.02 ]

01/29 04:24:24 AM | === Batch 101/200
01/29 04:24:25 AM | loss = 0.311 + 0.012 + 0.012 = 0.335
01/29 04:24:25 AM | === Batch 102/200
01/29 04:24:25 AM | loss = 0.452 + 0.006 + 0.012 = 0.471
01/29 04:24:25 AM | === Batch 103/200
01/29 04:24:25 AM | loss = 0.458 + 0.010 + 0.012 = 0.480
01/29 04:24:26 AM | === Batch 104/200
01/29 04:24:26 AM | loss = 0.587 + 0.006 + 0.012 = 0.605
01/29 04:24:26 AM | === Batch 105/200
01/29 04:24:26 AM | loss = 0.506 + 0.009 + 0.012 = 0.527
01/29 04:24:27 AM | === Batch 106/200
01/29 04:24:27 AM | loss = 0.351 + 0.006 + 0.012 = 0.369
01/29 04:24:27 AM | === Batch 107/200
01/29 04:24:27 AM | loss = 0.599 + 0.004 + 0.012 = 0.615
01/29 04:24:28 AM | === Batch 108/200
01/29 04:24:28 AM | loss = 0.434 + 0.012 + 0.012 = 0.458
01/29 04:24:28 AM | === Batch 109/200
01/29 04:24:28 AM | loss = 0.572 + 0.017 + 0.011 = 0.601
01/29 04:24:28 AM | === Batch 110/200
01/29 04:24:29 AM | loss = 0.407 + 0.016 + 0.011 = 0.433
01/29 04:24:29 AM | === Batch 111/200
01/29 04:24:29 AM | loss = 0.457 + 0.008 + 0.011 = 0.476
01/29 04:24:29 AM | === Batch 112/200
01/29 04:24:30 AM | loss = 0.481 + 0.010 + 0.011 = 0.502
01/29 04:24:30 AM | === Batch 113/200
01/29 04:24:30 AM | loss = 0.581 + 0.004 + 0.011 = 0.597
01/29 04:24:30 AM | === Batch 114/200
01/29 04:24:30 AM | loss = 0.625 + 0.005 + 0.011 = 0.642
01/29 04:24:31 AM | === Batch 115/200
01/29 04:24:31 AM | loss = 0.411 + 0.001 + 0.011 = 0.422
01/29 04:24:31 AM | === Batch 116/200
01/29 04:24:31 AM | loss = 0.465 + 0.013 + 0.011 = 0.488
01/29 04:24:32 AM | === Batch 117/200
01/29 04:24:32 AM | loss = 0.433 + 0.008 + 0.011 = 0.452
01/29 04:24:32 AM | === Batch 118/200
01/29 04:24:32 AM | loss = 0.396 + 0.014 + 0.011 = 0.421
01/29 04:24:33 AM | === Batch 119/200
01/29 04:24:33 AM | loss = 0.545 + 0.013 + 0.011 = 0.569
01/29 04:24:33 AM | === Batch 120/200
01/29 04:24:33 AM | loss = 0.313 + 0.007 + 0.011 = 0.330
01/29 04:24:34 AM | === Batch 121/200
01/29 04:24:34 AM | loss = 0.588 + 0.007 + 0.011 = 0.606
01/29 04:24:34 AM | === Batch 122/200
01/29 04:24:34 AM | loss = 0.551 + 0.005 + 0.011 = 0.567
01/29 04:24:35 AM | === Batch 123/200
01/29 04:24:35 AM | loss = 0.377 + 0.009 + 0.011 = 0.396
01/29 04:24:35 AM | === Batch 124/200
01/29 04:24:35 AM | loss = 0.430 + 0.007 + 0.011 = 0.448
01/29 04:24:36 AM | === Batch 125/200
01/29 04:24:36 AM | loss = 0.560 + 0.000 + 0.011 = 0.570
01/29 04:24:36 AM | === Batch 126/200
01/29 04:24:36 AM | loss = 0.311 + 0.012 + 0.011 = 0.334
01/29 04:24:37 AM | === Batch 127/200
01/29 04:24:37 AM | loss = 0.394 + 0.018 + 0.011 = 0.422
01/29 04:24:37 AM | === Batch 128/200
01/29 04:24:37 AM | loss = 0.483 + 0.018 + 0.011 = 0.511
01/29 04:24:37 AM | === Batch 129/200
01/29 04:24:38 AM | loss = 0.491 + 0.012 + 0.011 = 0.513
01/29 04:24:38 AM | === Batch 130/200
01/29 04:24:38 AM | loss = 0.496 + 0.003 + 0.011 = 0.511
01/29 04:24:38 AM | === Batch 131/200
01/29 04:24:38 AM | loss = 0.592 + 0.021 + 0.011 = 0.624
01/29 04:24:39 AM | === Batch 132/200
01/29 04:24:39 AM | loss = 0.443 + 0.006 + 0.011 = 0.459
01/29 04:24:39 AM | === Batch 133/200
01/29 04:24:39 AM | loss = 0.385 + 0.024 + 0.011 = 0.420
01/29 04:24:40 AM | === Batch 134/200
01/29 04:24:40 AM | loss = 0.465 + 0.043 + 0.010 = 0.519
01/29 04:24:40 AM | === Batch 135/200
01/29 04:24:40 AM | loss = 0.362 + 0.055 + 0.010 = 0.428
01/29 04:24:41 AM | === Batch 136/200
01/29 04:24:41 AM | loss = 0.474 + 0.060 + 0.010 = 0.545
01/29 04:24:41 AM | === Batch 137/200
01/29 04:24:41 AM | loss = 0.491 + 0.060 + 0.010 = 0.561
01/29 04:24:41 AM | === Batch 138/200
01/29 04:24:42 AM | loss = 0.376 + 0.054 + 0.010 = 0.441
01/29 04:24:42 AM | === Batch 139/200
01/29 04:24:42 AM | loss = 0.531 + 0.042 + 0.010 = 0.584
01/29 04:24:42 AM | === Batch 140/200
01/29 04:24:42 AM | loss = 0.479 + 0.025 + 0.011 = 0.514
01/29 04:24:43 AM | === Batch 141/200
01/29 04:24:43 AM | loss = 0.412 + 0.006 + 0.011 = 0.429
01/29 04:24:43 AM | === Batch 142/200
01/29 04:24:43 AM | loss = 0.283 + 0.027 + 0.011 = 0.321
01/29 04:24:44 AM | === Batch 143/200
01/29 04:24:44 AM | loss = 0.330 + 0.026 + 0.010 = 0.366
01/29 04:24:44 AM | === Batch 144/200
01/29 04:24:44 AM | loss = 0.416 + 0.005 + 0.010 = 0.431
01/29 04:24:44 AM | === Batch 145/200
01/29 04:24:44 AM | loss = 0.607 + 0.018 + 0.010 = 0.635
01/29 04:24:45 AM | === Batch 146/200
01/29 04:24:45 AM | loss = 0.363 + 0.024 + 0.010 = 0.397
01/29 04:24:45 AM | === Batch 147/200
01/29 04:24:45 AM | loss = 0.493 + 0.025 + 0.010 = 0.528
01/29 04:24:46 AM | === Batch 148/200
01/29 04:24:46 AM | loss = 0.420 + 0.020 + 0.010 = 0.450
01/29 04:24:46 AM | === Batch 149/200
01/29 04:24:46 AM | loss = 0.439 + 0.011 + 0.010 = 0.460
01/29 04:24:46 AM | === Batch 150/200
01/29 04:24:46 AM | loss = 0.533 + 0.004 + 0.010 = 0.547
01/29 04:24:47 AM | === Batch 151/200
01/29 04:24:47 AM | loss = 0.270 + 0.004 + 0.010 = 0.284
01/29 04:24:47 AM | === Batch 152/200
01/29 04:24:47 AM | loss = 0.328 + 0.003 + 0.010 = 0.341
01/29 04:24:47 AM | === Batch 153/200
01/29 04:24:48 AM | loss = 0.316 + 0.003 + 0.010 = 0.328
01/29 04:24:48 AM | === Batch 154/200
01/29 04:24:48 AM | loss = 0.757 + 0.012 + 0.010 = 0.779
01/29 04:24:48 AM | === Batch 155/200
01/29 04:24:48 AM | loss = 0.306 + 0.017 + 0.010 = 0.333
01/29 04:24:49 AM | === Batch 156/200
01/29 04:24:49 AM | loss = 0.227 + 0.014 + 0.010 = 0.250
01/29 04:24:49 AM | === Batch 157/200
01/29 04:24:49 AM | loss = 0.493 + 0.007 + 0.010 = 0.510
01/29 04:24:49 AM | === Batch 158/200
01/29 04:24:50 AM | loss = 0.433 + 0.008 + 0.010 = 0.450
01/29 04:24:50 AM | === Batch 159/200
01/29 04:24:50 AM | loss = 0.449 + 0.003 + 0.010 = 0.461
01/29 04:24:50 AM | === Batch 160/200
01/29 04:24:50 AM | loss = 0.377 + 0.003 + 0.010 = 0.390
01/29 04:24:51 AM | === Batch 161/200
01/29 04:24:51 AM | loss = 0.422 + 0.000 + 0.010 = 0.431
01/29 04:24:51 AM | === Batch 162/200
01/29 04:24:51 AM | loss = 0.518 + 0.011 + 0.010 = 0.538
01/29 04:24:52 AM | === Batch 163/200
01/29 04:24:52 AM | loss = 0.504 + 0.007 + 0.009 = 0.521
01/29 04:24:52 AM | === Batch 164/200
01/29 04:24:52 AM | loss = 0.396 + 0.014 + 0.009 = 0.420
01/29 04:24:53 AM | === Batch 165/200
01/29 04:24:53 AM | loss = 0.414 + 0.015 + 0.009 = 0.438
01/29 04:24:53 AM | === Batch 166/200
01/29 04:24:53 AM | loss = 0.421 + 0.012 + 0.009 = 0.442
01/29 04:24:54 AM | === Batch 167/200
01/29 04:24:54 AM | loss = 0.302 + 0.004 + 0.009 = 0.315
01/29 04:24:54 AM | === Batch 168/200
01/29 04:24:54 AM | loss = 0.486 + 0.017 + 0.009 = 0.512
01/29 04:24:55 AM | === Batch 169/200
01/29 04:24:55 AM | loss = 0.446 + 0.005 + 0.009 = 0.459
01/29 04:24:55 AM | === Batch 170/200
01/29 04:24:55 AM | loss = 0.561 + 0.018 + 0.009 = 0.588
01/29 04:24:56 AM | === Batch 171/200
01/29 04:24:56 AM | loss = 0.328 + 0.033 + 0.009 = 0.370
01/29 04:24:56 AM | === Batch 172/200
01/29 04:24:56 AM | loss = 0.350 + 0.040 + 0.008 = 0.399
01/29 04:24:57 AM | === Batch 173/200
01/29 04:24:57 AM | loss = 0.458 + 0.041 + 0.008 = 0.508
01/29 04:24:57 AM | === Batch 174/200
01/29 04:24:57 AM | loss = 0.496 + 0.038 + 0.008 = 0.542
01/29 04:24:57 AM | === Batch 175/200
01/29 04:24:58 AM | loss = 0.345 + 0.031 + 0.008 = 0.384
01/29 04:24:58 AM | === Batch 176/200
01/29 04:24:58 AM | loss = 0.562 + 0.021 + 0.008 = 0.591
01/29 04:24:59 AM | === Batch 177/200
01/29 04:24:59 AM | loss = 0.388 + 0.008 + 0.008 = 0.404
01/29 04:24:59 AM | === Batch 178/200
01/29 04:24:59 AM | loss = 0.441 + 0.014 + 0.008 = 0.463
01/29 04:24:59 AM | === Batch 179/200
01/29 04:25:00 AM | loss = 0.411 + 0.015 + 0.008 = 0.435
01/29 04:25:00 AM | === Batch 180/200
01/29 04:25:00 AM | loss = 0.375 + 0.003 + 0.008 = 0.386
01/29 04:25:00 AM | === Batch 181/200
01/29 04:25:01 AM | loss = 0.400 + 0.009 + 0.008 = 0.417
01/29 04:25:01 AM | === Batch 182/200
01/29 04:25:01 AM | loss = 0.455 + 0.008 + 0.008 = 0.471
01/29 04:25:01 AM | === Batch 183/200
01/29 04:25:02 AM | loss = 0.375 + 0.003 + 0.008 = 0.386
01/29 04:25:02 AM | === Batch 184/200
01/29 04:25:02 AM | loss = 0.359 + 0.008 + 0.008 = 0.375
01/29 04:25:02 AM | === Batch 185/200
01/29 04:25:02 AM | loss = 0.525 + 0.001 + 0.008 = 0.535
01/29 04:25:03 AM | === Batch 186/200
01/29 04:25:03 AM | loss = 0.442 + 0.005 + 0.008 = 0.455
01/29 04:25:03 AM | === Batch 187/200
01/29 04:25:03 AM | loss = 0.272 + 0.005 + 0.008 = 0.284
01/29 04:25:03 AM | === Batch 188/200
01/29 04:25:04 AM | loss = 0.391 + 0.002 + 0.008 = 0.401
01/29 04:25:04 AM | === Batch 189/200
01/29 04:25:04 AM | loss = 0.436 + 0.008 + 0.008 = 0.452
01/29 04:25:04 AM | === Batch 190/200
01/29 04:25:04 AM | loss = 0.374 + 0.011 + 0.008 = 0.393
01/29 04:25:05 AM | === Batch 191/200
01/29 04:25:05 AM | loss = 0.447 + 0.010 + 0.008 = 0.465
01/29 04:25:05 AM | === Batch 192/200
01/29 04:25:05 AM | loss = 0.438 + 0.006 + 0.008 = 0.452
01/29 04:25:05 AM | === Batch 193/200
01/29 04:25:06 AM | loss = 0.476 + 0.003 + 0.008 = 0.487
01/29 04:25:06 AM | === Batch 194/200
01/29 04:25:06 AM | loss = 0.350 + 0.006 + 0.008 = 0.364
01/29 04:25:06 AM | === Batch 195/200
01/29 04:25:07 AM | loss = 0.406 + 0.010 + 0.008 = 0.423
01/29 04:25:07 AM | === Batch 196/200
01/29 04:25:07 AM | loss = 0.450 + 0.009 + 0.008 = 0.466
01/29 04:25:07 AM | === Batch 197/200
01/29 04:25:07 AM | loss = 0.385 + 0.003 + 0.008 = 0.396
01/29 04:25:08 AM | === Batch 198/200
01/29 04:25:08 AM | loss = 0.564 + 0.009 + 0.008 = 0.581
01/29 04:25:08 AM | === Batch 199/200
01/29 04:25:08 AM | loss = 0.426 + 0.004 + 0.008 = 0.438
01/29 04:25:09 AM | === Batch 200/200
01/29 04:25:09 AM | loss = 0.339 + 0.006 + 0.008 = 0.353
01/29 04:25:09 AM | attribution_score[0:12]: 
[ 1.00  1.00  0.01  0.00  0.00  0.95  0.00  0.00  0.00  0.99  0.00  1.00 ]
[ 1.00  0.01  0.99  0.00  0.98  0.98  1.00  0.00  0.99  0.99  1.00  0.08 ]
[ 1.00  1.00  0.01  1.00  0.00  1.00  0.02  1.00  0.00  0.00  0.00  1.00 ]
[ 0.06  0.91  1.00  1.00  0.36  1.00  0.81  0.14  0.97  0.05  1.00  1.00 ]
[ 0.98  0.93  0.98  0.98  0.95  1.00  0.00  0.01  1.00  0.97  0.98  0.99 ]
[ 0.99  0.99  0.01  0.01  0.70  0.01  0.55  0.01  0.02  0.03  0.00  0.99 ]
[ 1.00  0.98  0.01  0.99  1.00  0.02  1.00  0.01  1.00  1.00  1.00  0.99 ]
[ 0.00  0.08  0.01  0.02  0.04  0.99  1.00  0.00  0.99  0.99  0.14  0.00 ]
[ 0.99  1.00  0.00  0.99  1.00  0.00  0.00  0.99  0.98  0.01  1.00  1.00 ]
[ 0.01  0.00  0.00  0.00  0.53  0.02  0.00  0.00  1.00  0.00  0.96  0.99 ]
[ 0.00  1.00  1.00  0.00  0.01  1.00  1.00  1.00  1.00  0.99  1.00  1.00 ]
[ 1.00  1.00  1.00  1.00  1.00  1.00  1.00  1.00  0.00  1.00  1.00  1.00 ]
[ 1.00  1.00  1.00  1.00  1.00  1.00  1.00  1.00  1.00  1.00  1.00  0.01 ]

01/29 04:25:09 AM | ===
Best loss was 0.25 at iteration 156

01/29 04:25:09 AM | Looking for optimal threshold...
01/29 04:25:09 AM | Testing threshold 0.5
01/29 04:25:09 AM | Distance to target: 2,549,576
01/29 04:25:09 AM | Testing threshold 0.75
01/29 04:25:09 AM | Distance to target: 2,218,184
01/29 04:25:09 AM | Testing threshold 0.625
01/29 04:25:09 AM | Distance to target: 321,000
01/29 04:25:09 AM | Testing threshold 0.5625
01/29 04:25:09 AM | Distance to target: 381,320
01/29 04:25:09 AM | Testing threshold 0.59375
01/29 04:25:09 AM | Distance to target: 21,368
01/29 04:25:11 AM | attribution_score[0:12]: 
[ 1.00  1.00  0.00  0.00  0.00  0.00  0.00  0.00  0.00  1.00  0.00  1.00 ]
[ 1.00  0.00  1.00  0.00  1.00  1.00  1.00  0.00  1.00  1.00  1.00  0.00 ]
[ 1.00  1.00  0.00  1.00  0.00  1.00  0.00  1.00  0.00  0.00  0.00  1.00 ]
[ 0.00  1.00  1.00  1.00  1.00  1.00  1.00  0.00  1.00  0.00  1.00  1.00 ]
[ 1.00  1.00  1.00  1.00  1.00  1.00  0.00  0.00  1.00  1.00  1.00  1.00 ]
[ 1.00  1.00  0.00  0.00  0.00  0.00  1.00  0.00  0.00  0.00  0.00  1.00 ]
[ 1.00  1.00  0.00  1.00  1.00  0.00  1.00  0.00  1.00  1.00  1.00  1.00 ]
[ 0.00  1.00  0.00  0.00  0.00  1.00  1.00  0.00  1.00  1.00  0.00  0.00 ]
[ 1.00  1.00  0.00  1.00  1.00  0.00  0.00  1.00  1.00  0.00  1.00  1.00 ]
[ 0.00  0.00  0.00  0.00  0.00  0.00  0.00  0.00  1.00  0.00  1.00  1.00 ]
[ 0.00  1.00  1.00  0.00  0.00  1.00  1.00  1.00  1.00  1.00  1.00  1.00 ]
[ 1.00  1.00  1.00  1.00  1.00  1.00  1.00  1.00  0.00  1.00  1.00  1.00 ]
[ 1.00  1.00  1.00  1.00  1.00  1.00  1.00  1.00  1.00  1.00  1.00  0.00 ]

01/29 04:25:11 AM | VGG(
  (features): Sequential(
    (conv0): Conv2d(3, 24, kernel_size=(3, 3), stride=(1, 1), padding=(1, 1))
    (norm0): BatchNorm2d(24, eps=1e-05, momentum=0.1, affine=True, track_running_stats=True)
    (relu0): ReLU(inplace=True)
    (conv1): Conv2d(24, 48, kernel_size=(3, 3), stride=(1, 1), padding=(1, 1))
    (norm1): BatchNorm2d(48, eps=1e-05, momentum=0.1, affine=True, track_running_stats=True)
    (relu1): ReLU(inplace=True)
    (pool2): MaxPool2d(kernel_size=2, stride=2, padding=0, dilation=1, ceil_mode=False)
    (conv3): Conv2d(48, 74, kernel_size=(3, 3), stride=(1, 1), padding=(1, 1))
    (norm3): BatchNorm2d(74, eps=1e-05, momentum=0.1, affine=True, track_running_stats=True)
    (relu3): ReLU(inplace=True)
    (conv4): Conv2d(74, 97, kernel_size=(3, 3), stride=(1, 1), padding=(1, 1))
    (norm4): BatchNorm2d(97, eps=1e-05, momentum=0.1, affine=True, track_running_stats=True)
    (relu4): ReLU(inplace=True)
    (pool5): MaxPool2d(kernel_size=2, stride=2, padding=0, dilation=1, ceil_mode=False)
    (conv6): Conv2d(97, 167, kernel_size=(3, 3), stride=(1, 1), padding=(1, 1))
    (norm6): BatchNorm2d(167, eps=1e-05, momentum=0.1, affine=True, track_running_stats=True)
    (relu6): ReLU(inplace=True)
    (conv7): Conv2d(167, 137, kernel_size=(3, 3), stride=(1, 1), padding=(1, 1))
    (norm7): BatchNorm2d(137, eps=1e-05, momentum=0.1, affine=True, track_running_stats=True)
    (relu7): ReLU(inplace=True)
    (conv8): Conv2d(137, 160, kernel_size=(3, 3), stride=(1, 1), padding=(1, 1))
    (norm8): BatchNorm2d(160, eps=1e-05, momentum=0.1, affine=True, track_running_stats=True)
    (relu8): ReLU(inplace=True)
    (pool9): MaxPool2d(kernel_size=2, stride=2, padding=0, dilation=1, ceil_mode=False)
    (conv10): Conv2d(160, 227, kernel_size=(3, 3), stride=(1, 1), padding=(1, 1))
    (norm10): BatchNorm2d(227, eps=1e-05, momentum=0.1, affine=True, track_running_stats=True)
    (relu10): ReLU(inplace=True)
    (conv11): Conv2d(227, 195, kernel_size=(3, 3), stride=(1, 1), padding=(1, 1))
    (norm11): BatchNorm2d(195, eps=1e-05, momentum=0.1, affine=True, track_running_stats=True)
    (relu11): ReLU(inplace=True)
    (conv12): Conv2d(195, 246, kernel_size=(3, 3), stride=(1, 1), padding=(1, 1))
    (norm12): BatchNorm2d(246, eps=1e-05, momentum=0.1, affine=True, track_running_stats=True)
    (relu12): ReLU(inplace=True)
    (pool13): MaxPool2d(kernel_size=2, stride=2, padding=0, dilation=1, ceil_mode=False)
    (conv14): Conv2d(246, 389, kernel_size=(3, 3), stride=(1, 1), padding=(1, 1))
    (norm14): BatchNorm2d(389, eps=1e-05, momentum=0.1, affine=True, track_running_stats=True)
    (relu14): ReLU(inplace=True)
    (conv15): Conv2d(389, 455, kernel_size=(3, 3), stride=(1, 1), padding=(1, 1))
    (norm15): BatchNorm2d(455, eps=1e-05, momentum=0.1, affine=True, track_running_stats=True)
    (relu15): ReLU(inplace=True)
    (conv16): Conv2d(455, 504, kernel_size=(3, 3), stride=(1, 1), padding=(1, 1))
    (norm16): BatchNorm2d(504, eps=1e-05, momentum=0.1, affine=True, track_running_stats=True)
    (relu16): ReLU(inplace=True)
  )
  (classifier): Sequential(
    (linear1): Linear(in_features=504, out_features=512, bias=True)
    (norm1): BatchNorm1d(512, eps=1e-05, momentum=0.1, affine=True, track_running_stats=True)
    (relu1): ReLU(inplace=True)
    (linear2): Linear(in_features=512, out_features=10, bias=True)
  )
)
01/29 04:25:13 AM | ----------------------------------------
01/29 04:25:13 AM | Performances input model:
01/29 04:25:13 AM |  - flops: 314,294,272
01/29 04:25:13 AM |  - params: 14,991,946
01/29 04:25:13 AM |  - accuracy: 93.95999908447266
01/29 04:25:13 AM | ----------------------------------------
01/29 04:25:13 AM | Performances pseudo-pruned model:
01/29 04:25:13 AM |  - flops: 314,294,272
01/29 04:25:13 AM |  - params: 14,991,946
01/29 04:25:13 AM |  - accuracy: 82.32999420166016
01/29 04:25:13 AM | ----------------------------------------
01/29 04:25:13 AM | Performances pruned model:
01/29 04:25:13 AM |  - flops: 108,475,428
01/29 04:25:13 AM |  - params: 6,604,527
01/29 04:25:13 AM |  - accuracy: 82.32999420166016
01/29 04:25:13 AM | ----------------------------------------
01/29 04:25:13 AM | Total time: 108.44s
