01/29 03:33:27 AM | args = Namespace(output_dir='result/rebuttal/nb_epoch/vgg/nbbtchs150/seed_02', loaded_model_path='./checkpoints/cifar10/vgg_16_bn.pt', resume=False, test_only=False, mode='prune', batch_size=64, nb_batches=150, Mflops_target=None, lr=0.6, momentum=0.9, beta=6, gamma=0.4, gpu='0', num_workers=4, dataset='cifar10', arch='vgg_16_bn', save_plot=False, seed=2, lr_finetuning=0.02, epoch_finetuning=200, wd=0.002, data_dir='./data/cifar10/', print_freq=200, num_classes=10, device_ids=[0], device=device(type='cuda', index=0), name_base='')
01/29 03:33:33 AM | ----------------------------------------
01/29 03:33:33 AM | ==> Building model...
01/29 03:33:33 AM | ----------------------------------------
01/29 03:33:33 AM | ==> Loading weights into the model...
01/29 03:33:33 AM | ----------------------------------------
01/29 03:33:33 AM | VGG(
  (features): Sequential(
    (conv0): Conv2d(3, 64, kernel_size=(3, 3), stride=(1, 1), padding=(1, 1))
    (norm0): BatchNorm2d(64, eps=1e-05, momentum=0.1, affine=True, track_running_stats=True)
    (relu0): ReLU(inplace=True)
    (conv1): Conv2d(64, 64, kernel_size=(3, 3), stride=(1, 1), padding=(1, 1))
    (norm1): BatchNorm2d(64, eps=1e-05, momentum=0.1, affine=True, track_running_stats=True)
    (relu1): ReLU(inplace=True)
    (pool2): MaxPool2d(kernel_size=2, stride=2, padding=0, dilation=1, ceil_mode=False)
    (conv3): Conv2d(64, 128, kernel_size=(3, 3), stride=(1, 1), padding=(1, 1))
    (norm3): BatchNorm2d(128, eps=1e-05, momentum=0.1, affine=True, track_running_stats=True)
    (relu3): ReLU(inplace=True)
    (conv4): Conv2d(128, 128, kernel_size=(3, 3), stride=(1, 1), padding=(1, 1))
    (norm4): BatchNorm2d(128, eps=1e-05, momentum=0.1, affine=True, track_running_stats=True)
    (relu4): ReLU(inplace=True)
    (pool5): MaxPool2d(kernel_size=2, stride=2, padding=0, dilation=1, ceil_mode=False)
    (conv6): Conv2d(128, 256, kernel_size=(3, 3), stride=(1, 1), padding=(1, 1))
    (norm6): BatchNorm2d(256, eps=1e-05, momentum=0.1, affine=True, track_running_stats=True)
    (relu6): ReLU(inplace=True)
    (conv7): Conv2d(256, 256, kernel_size=(3, 3), stride=(1, 1), padding=(1, 1))
    (norm7): BatchNorm2d(256, eps=1e-05, momentum=0.1, affine=True, track_running_stats=True)
    (relu7): ReLU(inplace=True)
    (conv8): Conv2d(256, 256, kernel_size=(3, 3), stride=(1, 1), padding=(1, 1))
    (norm8): BatchNorm2d(256, eps=1e-05, momentum=0.1, affine=True, track_running_stats=True)
    (relu8): ReLU(inplace=True)
    (pool9): MaxPool2d(kernel_size=2, stride=2, padding=0, dilation=1, ceil_mode=False)
    (conv10): Conv2d(256, 512, kernel_size=(3, 3), stride=(1, 1), padding=(1, 1))
    (norm10): BatchNorm2d(512, eps=1e-05, momentum=0.1, affine=True, track_running_stats=True)
    (relu10): ReLU(inplace=True)
    (conv11): Conv2d(512, 512, kernel_size=(3, 3), stride=(1, 1), padding=(1, 1))
    (norm11): BatchNorm2d(512, eps=1e-05, momentum=0.1, affine=True, track_running_stats=True)
    (relu11): ReLU(inplace=True)
    (conv12): Conv2d(512, 512, kernel_size=(3, 3), stride=(1, 1), padding=(1, 1))
    (norm12): BatchNorm2d(512, eps=1e-05, momentum=0.1, affine=True, track_running_stats=True)
    (relu12): ReLU(inplace=True)
    (pool13): MaxPool2d(kernel_size=2, stride=2, padding=0, dilation=1, ceil_mode=False)
    (conv14): Conv2d(512, 512, kernel_size=(3, 3), stride=(1, 1), padding=(1, 1))
    (norm14): BatchNorm2d(512, eps=1e-05, momentum=0.1, affine=True, track_running_stats=True)
    (relu14): ReLU(inplace=True)
    (conv15): Conv2d(512, 512, kernel_size=(3, 3), stride=(1, 1), padding=(1, 1))
    (norm15): BatchNorm2d(512, eps=1e-05, momentum=0.1, affine=True, track_running_stats=True)
    (relu15): ReLU(inplace=True)
    (conv16): Conv2d(512, 512, kernel_size=(3, 3), stride=(1, 1), padding=(1, 1))
    (norm16): BatchNorm2d(512, eps=1e-05, momentum=0.1, affine=True, track_running_stats=True)
    (relu16): ReLU(inplace=True)
  )
  (classifier): Sequential(
    (linear1): Linear(in_features=512, out_features=512, bias=True)
    (norm1): BatchNorm1d(512, eps=1e-05, momentum=0.1, affine=True, track_running_stats=True)
    (relu1): ReLU(inplace=True)
    (linear2): Linear(in_features=512, out_features=10, bias=True)
  )
)
01/29 03:33:35 AM | Save modules info...
01/29 03:33:35 AM | FLOPS pruning ratio is 0.65
01/29 03:33:35 AM | Pruning with information flow
01/29 03:33:35 AM | -----
01/29 03:33:35 AM | module: Conv2d(3, 64, kernel_size=(3, 3), stride=(1, 1), padding=(1, 1))
01/29 03:33:35 AM | cin: None
01/29 03:33:35 AM | cout: [0]
01/29 03:33:35 AM | inactive
01/29 03:33:35 AM | -----
01/29 03:33:35 AM | module: BatchNorm2d(64, eps=1e-05, momentum=0.1, affine=True, track_running_stats=True)
01/29 03:33:35 AM | cin: [0]
01/29 03:33:35 AM | cout: [0]
01/29 03:33:35 AM | inactive
01/29 03:33:35 AM | -----
01/29 03:33:35 AM | module: ReLU(inplace=True)
01/29 03:33:35 AM | cin: [0]
01/29 03:33:35 AM | cout: [0]
01/29 03:33:35 AM | active
01/29 03:33:35 AM | -----
01/29 03:33:35 AM | module: Conv2d(64, 64, kernel_size=(3, 3), stride=(1, 1), padding=(1, 1))
01/29 03:33:35 AM | cin: [0]
01/29 03:33:35 AM | cout: [1]
01/29 03:33:35 AM | inactive
01/29 03:33:35 AM | -----
01/29 03:33:35 AM | module: BatchNorm2d(64, eps=1e-05, momentum=0.1, affine=True, track_running_stats=True)
01/29 03:33:35 AM | cin: [1]
01/29 03:33:35 AM | cout: [1]
01/29 03:33:35 AM | inactive
01/29 03:33:35 AM | -----
01/29 03:33:35 AM | module: ReLU(inplace=True)
01/29 03:33:35 AM | cin: [1]
01/29 03:33:35 AM | cout: [1]
01/29 03:33:35 AM | active
01/29 03:33:35 AM | -----
01/29 03:33:35 AM | module: MaxPool2d(kernel_size=2, stride=2, padding=0, dilation=1, ceil_mode=False)
01/29 03:33:35 AM | cin: [1]
01/29 03:33:35 AM | cout: [1]
01/29 03:33:35 AM | inactive
01/29 03:33:35 AM | -----
01/29 03:33:35 AM | module: Conv2d(64, 128, kernel_size=(3, 3), stride=(1, 1), padding=(1, 1))
01/29 03:33:35 AM | cin: [1]
01/29 03:33:35 AM | cout: [2]
01/29 03:33:35 AM | inactive
01/29 03:33:35 AM | -----
01/29 03:33:35 AM | module: BatchNorm2d(128, eps=1e-05, momentum=0.1, affine=True, track_running_stats=True)
01/29 03:33:35 AM | cin: [2]
01/29 03:33:35 AM | cout: [2]
01/29 03:33:35 AM | inactive
01/29 03:33:35 AM | -----
01/29 03:33:35 AM | module: ReLU(inplace=True)
01/29 03:33:35 AM | cin: [2]
01/29 03:33:35 AM | cout: [2]
01/29 03:33:35 AM | active
01/29 03:33:35 AM | -----
01/29 03:33:35 AM | module: Conv2d(128, 128, kernel_size=(3, 3), stride=(1, 1), padding=(1, 1))
01/29 03:33:35 AM | cin: [2]
01/29 03:33:35 AM | cout: [3]
01/29 03:33:35 AM | inactive
01/29 03:33:35 AM | -----
01/29 03:33:35 AM | module: BatchNorm2d(128, eps=1e-05, momentum=0.1, affine=True, track_running_stats=True)
01/29 03:33:35 AM | cin: [3]
01/29 03:33:35 AM | cout: [3]
01/29 03:33:35 AM | inactive
01/29 03:33:35 AM | -----
01/29 03:33:35 AM | module: ReLU(inplace=True)
01/29 03:33:35 AM | cin: [3]
01/29 03:33:35 AM | cout: [3]
01/29 03:33:35 AM | active
01/29 03:33:35 AM | -----
01/29 03:33:35 AM | module: MaxPool2d(kernel_size=2, stride=2, padding=0, dilation=1, ceil_mode=False)
01/29 03:33:35 AM | cin: [3]
01/29 03:33:35 AM | cout: [3]
01/29 03:33:35 AM | inactive
01/29 03:33:35 AM | -----
01/29 03:33:35 AM | module: Conv2d(128, 256, kernel_size=(3, 3), stride=(1, 1), padding=(1, 1))
01/29 03:33:35 AM | cin: [3]
01/29 03:33:35 AM | cout: [4]
01/29 03:33:35 AM | inactive
01/29 03:33:35 AM | -----
01/29 03:33:35 AM | module: BatchNorm2d(256, eps=1e-05, momentum=0.1, affine=True, track_running_stats=True)
01/29 03:33:35 AM | cin: [4]
01/29 03:33:35 AM | cout: [4]
01/29 03:33:35 AM | inactive
01/29 03:33:35 AM | -----
01/29 03:33:35 AM | module: ReLU(inplace=True)
01/29 03:33:35 AM | cin: [4]
01/29 03:33:35 AM | cout: [4]
01/29 03:33:35 AM | active
01/29 03:33:35 AM | -----
01/29 03:33:35 AM | module: Conv2d(256, 256, kernel_size=(3, 3), stride=(1, 1), padding=(1, 1))
01/29 03:33:35 AM | cin: [4]
01/29 03:33:35 AM | cout: [5]
01/29 03:33:35 AM | inactive
01/29 03:33:35 AM | -----
01/29 03:33:35 AM | module: BatchNorm2d(256, eps=1e-05, momentum=0.1, affine=True, track_running_stats=True)
01/29 03:33:35 AM | cin: [5]
01/29 03:33:35 AM | cout: [5]
01/29 03:33:35 AM | inactive
01/29 03:33:35 AM | -----
01/29 03:33:35 AM | module: ReLU(inplace=True)
01/29 03:33:35 AM | cin: [5]
01/29 03:33:35 AM | cout: [5]
01/29 03:33:35 AM | active
01/29 03:33:35 AM | -----
01/29 03:33:35 AM | module: Conv2d(256, 256, kernel_size=(3, 3), stride=(1, 1), padding=(1, 1))
01/29 03:33:35 AM | cin: [5]
01/29 03:33:35 AM | cout: [6]
01/29 03:33:35 AM | inactive
01/29 03:33:35 AM | -----
01/29 03:33:35 AM | module: BatchNorm2d(256, eps=1e-05, momentum=0.1, affine=True, track_running_stats=True)
01/29 03:33:35 AM | cin: [6]
01/29 03:33:35 AM | cout: [6]
01/29 03:33:35 AM | inactive
01/29 03:33:35 AM | -----
01/29 03:33:35 AM | module: ReLU(inplace=True)
01/29 03:33:35 AM | cin: [6]
01/29 03:33:35 AM | cout: [6]
01/29 03:33:35 AM | active
01/29 03:33:35 AM | -----
01/29 03:33:35 AM | module: MaxPool2d(kernel_size=2, stride=2, padding=0, dilation=1, ceil_mode=False)
01/29 03:33:35 AM | cin: [6]
01/29 03:33:35 AM | cout: [6]
01/29 03:33:35 AM | inactive
01/29 03:33:35 AM | -----
01/29 03:33:35 AM | module: Conv2d(256, 512, kernel_size=(3, 3), stride=(1, 1), padding=(1, 1))
01/29 03:33:35 AM | cin: [6]
01/29 03:33:35 AM | cout: [7]
01/29 03:33:35 AM | inactive
01/29 03:33:35 AM | -----
01/29 03:33:35 AM | module: BatchNorm2d(512, eps=1e-05, momentum=0.1, affine=True, track_running_stats=True)
01/29 03:33:35 AM | cin: [7]
01/29 03:33:35 AM | cout: [7]
01/29 03:33:35 AM | inactive
01/29 03:33:35 AM | -----
01/29 03:33:35 AM | module: ReLU(inplace=True)
01/29 03:33:35 AM | cin: [7]
01/29 03:33:35 AM | cout: [7]
01/29 03:33:35 AM | active
01/29 03:33:35 AM | -----
01/29 03:33:35 AM | module: Conv2d(512, 512, kernel_size=(3, 3), stride=(1, 1), padding=(1, 1))
01/29 03:33:35 AM | cin: [7]
01/29 03:33:35 AM | cout: [8]
01/29 03:33:35 AM | inactive
01/29 03:33:35 AM | -----
01/29 03:33:35 AM | module: BatchNorm2d(512, eps=1e-05, momentum=0.1, affine=True, track_running_stats=True)
01/29 03:33:35 AM | cin: [8]
01/29 03:33:35 AM | cout: [8]
01/29 03:33:35 AM | inactive
01/29 03:33:35 AM | -----
01/29 03:33:35 AM | module: ReLU(inplace=True)
01/29 03:33:35 AM | cin: [8]
01/29 03:33:35 AM | cout: [8]
01/29 03:33:35 AM | active
01/29 03:33:35 AM | -----
01/29 03:33:35 AM | module: Conv2d(512, 512, kernel_size=(3, 3), stride=(1, 1), padding=(1, 1))
01/29 03:33:35 AM | cin: [8]
01/29 03:33:35 AM | cout: [9]
01/29 03:33:35 AM | inactive
01/29 03:33:35 AM | -----
01/29 03:33:35 AM | module: BatchNorm2d(512, eps=1e-05, momentum=0.1, affine=True, track_running_stats=True)
01/29 03:33:35 AM | cin: [9]
01/29 03:33:35 AM | cout: [9]
01/29 03:33:35 AM | inactive
01/29 03:33:35 AM | -----
01/29 03:33:35 AM | module: ReLU(inplace=True)
01/29 03:33:35 AM | cin: [9]
01/29 03:33:35 AM | cout: [9]
01/29 03:33:35 AM | active
01/29 03:33:35 AM | -----
01/29 03:33:35 AM | module: MaxPool2d(kernel_size=2, stride=2, padding=0, dilation=1, ceil_mode=False)
01/29 03:33:35 AM | cin: [9]
01/29 03:33:35 AM | cout: [9]
01/29 03:33:35 AM | inactive
01/29 03:33:35 AM | -----
01/29 03:33:35 AM | module: Conv2d(512, 512, kernel_size=(3, 3), stride=(1, 1), padding=(1, 1))
01/29 03:33:35 AM | cin: [9]
01/29 03:33:35 AM | cout: [10]
01/29 03:33:35 AM | inactive
01/29 03:33:35 AM | -----
01/29 03:33:35 AM | module: BatchNorm2d(512, eps=1e-05, momentum=0.1, affine=True, track_running_stats=True)
01/29 03:33:35 AM | cin: [10]
01/29 03:33:35 AM | cout: [10]
01/29 03:33:35 AM | inactive
01/29 03:33:35 AM | -----
01/29 03:33:35 AM | module: ReLU(inplace=True)
01/29 03:33:35 AM | cin: [10]
01/29 03:33:35 AM | cout: [10]
01/29 03:33:35 AM | active
01/29 03:33:35 AM | -----
01/29 03:33:35 AM | module: Conv2d(512, 512, kernel_size=(3, 3), stride=(1, 1), padding=(1, 1))
01/29 03:33:35 AM | cin: [10]
01/29 03:33:35 AM | cout: [11]
01/29 03:33:35 AM | inactive
01/29 03:33:35 AM | -----
01/29 03:33:35 AM | module: BatchNorm2d(512, eps=1e-05, momentum=0.1, affine=True, track_running_stats=True)
01/29 03:33:35 AM | cin: [11]
01/29 03:33:35 AM | cout: [11]
01/29 03:33:35 AM | inactive
01/29 03:33:35 AM | -----
01/29 03:33:35 AM | module: ReLU(inplace=True)
01/29 03:33:35 AM | cin: [11]
01/29 03:33:35 AM | cout: [11]
01/29 03:33:35 AM | active
01/29 03:33:35 AM | -----
01/29 03:33:35 AM | module: Conv2d(512, 512, kernel_size=(3, 3), stride=(1, 1), padding=(1, 1))
01/29 03:33:35 AM | cin: [11]
01/29 03:33:35 AM | cout: [12]
01/29 03:33:35 AM | inactive
01/29 03:33:35 AM | -----
01/29 03:33:35 AM | module: BatchNorm2d(512, eps=1e-05, momentum=0.1, affine=True, track_running_stats=True)
01/29 03:33:35 AM | cin: [12]
01/29 03:33:35 AM | cout: [12]
01/29 03:33:35 AM | inactive
01/29 03:33:35 AM | -----
01/29 03:33:35 AM | module: ReLU(inplace=True)
01/29 03:33:35 AM | cin: [12]
01/29 03:33:35 AM | cout: [12]
01/29 03:33:35 AM | active
01/29 03:33:35 AM | -----
01/29 03:33:35 AM | module: Linear(in_features=512, out_features=512, bias=True)
01/29 03:33:35 AM | cin: [12]
01/29 03:33:35 AM | cout: None
01/29 03:33:35 AM | inactive
01/29 03:33:35 AM | -----
01/29 03:33:35 AM | module: ReLU(inplace=True)
01/29 03:33:35 AM | cin: None
01/29 03:33:35 AM | cout: None
01/29 03:33:35 AM | active
01/29 03:33:35 AM | -----
01/29 03:33:35 AM | module: Linear(in_features=512, out_features=10, bias=True)
01/29 03:33:35 AM | cin: None
01/29 03:33:35 AM | cout: None
01/29 03:33:35 AM | inactive
01/29 03:33:35 AM | Used masks: [0, 1, 2, 3, 4, 5, 6, 7, 8, 9, 10, 11, 12]
01/29 03:33:35 AM | 13 unique masks in total
01/29 03:33:35 AM | === Batch 1/150
01/29 03:33:35 AM | loss = 0.166 + 4.266 + 0.040 = 4.472
01/29 03:33:36 AM | attribution_score[0:12]: 
[ 0.83  0.94  0.83  0.83  0.83  0.83  0.83  0.83  0.83  0.94  0.83  0.94 ]
[ 0.94  0.83  0.94  0.83  0.94  0.83  0.94  0.83  0.83  0.94  0.83  0.83 ]
[ 0.94  0.94  0.83  0.94  0.83  0.83  0.94  0.94  0.83  0.83  0.83  0.94 ]
[ 0.83  0.94  0.94  0.94  0.94  0.94  0.83  0.83  0.94  0.83  0.94  0.94 ]
[ 0.94  0.83  0.83  0.83  0.83  0.94  0.83  0.83  0.83  0.83  0.83  0.83 ]
[ 0.83  0.83  0.83  0.94  0.83  0.83  0.94  0.83  0.83  0.83  0.83  0.83 ]
[ 0.94  0.83  0.83  0.83  0.83  0.83  0.94  0.83  0.94  0.83  0.94  0.83 ]
[ 0.83  0.83  0.83  0.83  0.83  0.83  0.94  0.83  0.83  0.94  0.83  0.83 ]
[ 0.83  0.83  0.83  0.83  0.83  0.83  0.83  0.83  0.83  0.83  0.83  0.83 ]
[ 0.83  0.83  0.83  0.83  0.83  0.83  0.83  0.83  0.83  0.83  0.83  0.83 ]
[ 0.83  0.83  0.83  0.83  0.83  0.83  0.83  0.83  0.83  0.83  0.94  0.83 ]
[ 0.83  0.94  0.83  0.83  0.83  0.83  0.83  0.94  0.83  0.83  0.83  0.83 ]
[ 0.94  0.94  0.94  0.83  0.94  0.94  0.83  0.83  0.83  0.94  0.83  0.83 ]

01/29 03:33:36 AM | === Batch 2/150
01/29 03:33:36 AM | loss = 0.241 + 3.587 + 0.056 = 3.884
01/29 03:33:36 AM | attribution_score[0:12]: 
[ 0.88  0.97  0.73  0.75  0.73  0.74  0.75  0.73  0.73  0.93  0.73  0.96 ]
[ 0.94  0.73  0.95  0.73  0.94  0.86  0.94  0.74  0.75  0.96  0.87  0.74 ]
[ 0.96  0.96  0.73  0.96  0.76  0.88  0.94  0.95  0.73  0.73  0.84  0.95 ]
[ 0.78  0.91  0.91  0.97  0.96  0.97  0.79  0.74  0.94  0.75  0.92  0.95 ]
[ 0.96  0.88  0.75  0.73  0.81  0.96  0.73  0.73  0.87  0.75  0.78  0.75 ]
[ 0.73  0.86  0.74  0.94  0.79  0.75  0.92  0.73  0.75  0.74  0.73  0.74 ]
[ 0.94  0.74  0.80  0.82  0.73  0.73  0.94  0.87  0.96  0.85  0.97  0.77 ]
[ 0.73  0.73  0.73  0.73  0.74  0.75  0.96  0.73  0.73  0.91  0.73  0.74 ]
[ 0.74  0.73  0.73  0.73  0.76  0.73  0.73  0.73  0.81  0.73  0.73  0.85 ]
[ 0.74  0.74  0.73  0.73  0.75  0.76  0.73  0.73  0.74  0.73  0.74  0.76 ]
[ 0.73  0.88  0.81  0.74  0.73  0.73  0.84  0.86  0.73  0.77  0.97  0.88 ]
[ 0.88  0.97  0.82  0.87  0.88  0.78  0.87  0.97  0.76  0.76  0.87  0.76 ]
[ 0.96  0.97  0.97  0.86  0.96  0.96  0.85  0.88  0.88  0.95  0.75  0.75 ]

01/29 03:33:36 AM | === Batch 3/150
01/29 03:33:36 AM | loss = 0.187 + 2.847 + 0.073 = 3.107
01/29 03:33:37 AM | attribution_score[0:12]: 
[ 0.91  0.98  0.62  0.63  0.61  0.62  0.63  0.60  0.60  0.91  0.61  0.96 ]
[ 0.94  0.60  0.94  0.60  0.92  0.88  0.93  0.62  0.65  0.97  0.90  0.62 ]
[ 0.97  0.98  0.61  0.97  0.65  0.91  0.92  0.95  0.60  0.62  0.79  0.95 ]
[ 0.69  0.87  0.87  0.98  0.96  0.98  0.72  0.61  0.94  0.63  0.88  0.96 ]
[ 0.97  0.92  0.73  0.60  0.77  0.96  0.60  0.61  0.91  0.69  0.74  0.72 ]
[ 0.60  0.89  0.62  0.92  0.72  0.65  0.87  0.60  0.65  0.62  0.60  0.61 ]
[ 0.92  0.62  0.73  0.77  0.65  0.60  0.91  0.86  0.97  0.89  0.98  0.70 ]
[ 0.60  0.60  0.60  0.60  0.62  0.65  0.96  0.60  0.60  0.86  0.60  0.63 ]
[ 0.62  0.60  0.60  0.60  0.66  0.60  0.60  0.60  0.76  0.60  0.60  0.87 ]
[ 0.62  0.61  0.61  0.60  0.64  0.66  0.60  0.60  0.61  0.60  0.61  0.65 ]
[ 0.60  0.92  0.83  0.61  0.60  0.61  0.86  0.87  0.60  0.69  0.98  0.86 ]
[ 0.91  0.98  0.78  0.91  0.92  0.72  0.90  0.98  0.65  0.78  0.90  0.65 ]
[ 0.97  0.98  0.98  0.81  0.97  0.98  0.88  0.92  0.91  0.96  0.77  0.66 ]

01/29 03:33:37 AM | === Batch 4/150
01/29 03:33:37 AM | loss = 0.400 + 1.920 + 0.096 = 2.415
01/29 03:33:37 AM | attribution_score[0:12]: 
[ 0.94  0.98  0.50  0.49  0.46  0.48  0.49  0.46  0.45  0.86  0.46  0.96 ]
[ 0.93  0.46  0.92  0.45  0.90  0.89  0.92  0.49  0.53  0.96  0.93  0.48 ]
[ 0.97  0.98  0.47  0.97  0.53  0.93  0.90  0.95  0.45  0.48  0.72  0.95 ]
[ 0.57  0.80  0.81  0.98  0.97  0.98  0.73  0.47  0.94  0.58  0.82  0.97 ]
[ 0.97  0.93  0.69  0.51  0.80  0.96  0.45  0.47  0.93  0.59  0.76  0.64 ]
[ 0.46  0.90  0.47  0.90  0.61  0.51  0.83  0.47  0.53  0.48  0.46  0.55 ]
[ 0.88  0.51  0.62  0.70  0.54  0.46  0.89  0.87  0.97  0.92  0.99  0.60 ]
[ 0.45  0.47  0.47  0.46  0.49  0.53  0.96  0.45  0.46  0.79  0.47  0.52 ]
[ 0.48  0.53  0.45  0.50  0.54  0.45  0.45  0.50  0.70  0.45  0.55  0.90 ]
[ 0.50  0.47  0.46  0.45  0.51  0.54  0.45  0.45  0.47  0.45  0.52  0.54 ]
[ 0.46  0.95  0.88  0.51  0.50  0.48  0.90  0.88  0.65  0.74  0.99  0.82 ]
[ 0.93  0.99  0.78  0.95  0.95  0.74  0.93  0.99  0.58  0.81  0.93  0.52 ]
[ 0.98  0.99  0.99  0.74  0.98  0.99  0.92  0.95  0.94  0.96  0.76  0.54 ]

01/29 03:33:37 AM | === Batch 5/150
01/29 03:33:37 AM | loss = 0.815 + 1.067 + 0.111 = 1.993
01/29 03:33:38 AM | attribution_score[0:12]: 
[ 0.96  0.98  0.37  0.35  0.32  0.34  0.35  0.32  0.31  0.80  0.33  0.97 ]
[ 0.93  0.32  0.93  0.31  0.85  0.90  0.93  0.36  0.48  0.96  0.93  0.37 ]
[ 0.97  0.98  0.33  0.98  0.39  0.95  0.85  0.95  0.32  0.34  0.62  0.95 ]
[ 0.43  0.79  0.72  0.99  0.96  0.99  0.67  0.44  0.93  0.60  0.84  0.97 ]
[ 0.98  0.95  0.61  0.42  0.81  0.96  0.32  0.34  0.94  0.47  0.74  0.54 ]
[ 0.38  0.90  0.34  0.85  0.49  0.39  0.79  0.34  0.43  0.40  0.32  0.52 ]
[ 0.86  0.38  0.54  0.60  0.56  0.33  0.89  0.89  0.97  0.93  0.99  0.50 ]
[ 0.31  0.39  0.33  0.32  0.37  0.40  0.96  0.31  0.47  0.68  0.36  0.43 ]
[ 0.43  0.58  0.31  0.51  0.53  0.32  0.32  0.43  0.74  0.41  0.57  0.93 ]
[ 0.45  0.37  0.32  0.31  0.48  0.54  0.33  0.31  0.52  0.32  0.44  0.52 ]
[ 0.32  0.96  0.92  0.40  0.46  0.54  0.93  0.91  0.73  0.78  0.99  0.86 ]
[ 0.95  0.99  0.83  0.97  0.97  0.79  0.95  0.99  0.53  0.85  0.95  0.60 ]
[ 0.98  0.99  0.99  0.77  0.98  0.99  0.95  0.97  0.96  0.95  0.71  0.41 ]

01/29 03:33:38 AM | === Batch 6/150
01/29 03:33:38 AM | loss = 1.149 + 0.481 + 0.095 = 1.725
01/29 03:33:38 AM | attribution_score[0:12]: 
[ 0.97  0.99  0.27  0.23  0.21  0.23  0.25  0.20  0.20  0.71  0.21  0.97 ]
[ 0.93  0.21  0.95  0.20  0.77  0.91  0.93  0.24  0.44  0.96  0.93  0.36 ]
[ 0.97  0.98  0.21  0.98  0.27  0.96  0.79  0.94  0.21  0.23  0.51  0.96 ]
[ 0.42  0.75  0.68  0.99  0.95  0.99  0.63  0.41  0.94  0.60  0.81  0.96 ]
[ 0.98  0.95  0.61  0.33  0.80  0.95  0.21  0.25  0.95  0.50  0.73  0.43 ]
[ 0.40  0.91  0.22  0.79  0.41  0.27  0.72  0.25  0.33  0.31  0.21  0.53 ]
[ 0.88  0.29  0.51  0.58  0.64  0.23  0.91  0.89  0.96  0.95  0.99  0.40 ]
[ 0.20  0.32  0.22  0.20  0.28  0.34  0.95  0.20  0.50  0.58  0.33  0.34 ]
[ 0.47  0.59  0.21  0.55  0.54  0.21  0.23  0.39  0.78  0.42  0.60  0.93 ]
[ 0.41  0.31  0.21  0.20  0.49  0.59  0.23  0.20  0.60  0.22  0.36  0.53 ]
[ 0.21  0.97  0.93  0.30  0.38  0.62  0.95  0.94  0.80  0.76  1.00  0.90 ]
[ 0.96  1.00  0.88  0.98  0.98  0.84  0.96  1.00  0.45  0.90  0.97  0.68 ]
[ 0.99  1.00  1.00  0.83  0.99  1.00  0.96  0.98  0.97  0.94  0.73  0.41 ]

01/29 03:33:38 AM | === Batch 7/150
01/29 03:33:38 AM | loss = 1.071 + 0.064 + 0.081 = 1.216
01/29 03:33:39 AM | attribution_score[0:12]: 
[ 0.97  0.99  0.18  0.15  0.13  0.15  0.17  0.13  0.12  0.62  0.13  0.97 ]
[ 0.93  0.13  0.95  0.12  0.68  0.92  0.94  0.16  0.40  0.96  0.93  0.36 ]
[ 0.97  0.98  0.13  0.98  0.17  0.97  0.69  0.94  0.13  0.15  0.38  0.95 ]
[ 0.41  0.70  0.69  0.99  0.95  0.99  0.62  0.38  0.94  0.57  0.79  0.95 ]
[ 0.98  0.96  0.65  0.25  0.77  0.96  0.14  0.17  0.96  0.51  0.73  0.39 ]
[ 0.39  0.91  0.14  0.70  0.32  0.20  0.70  0.18  0.26  0.23  0.13  0.60 ]
[ 0.90  0.20  0.43  0.55  0.72  0.17  0.92  0.87  0.96  0.96  1.00  0.29 ]
[ 0.12  0.33  0.15  0.13  0.22  0.32  0.95  0.12  0.58  0.45  0.30  0.26 ]
[ 0.52  0.58  0.14  0.62  0.60  0.14  0.16  0.34  0.79  0.45  0.65  0.94 ]
[ 0.38  0.24  0.13  0.12  0.48  0.64  0.16  0.13  0.69  0.16  0.34  0.54 ]
[ 0.14  0.98  0.93  0.23  0.31  0.71  0.96  0.96  0.87  0.72  1.00  0.93 ]
[ 0.97  1.00  0.91  0.98  0.98  0.88  0.97  1.00  0.34  0.93  0.98  0.77 ]
[ 0.99  1.00  1.00  0.87  0.99  1.00  0.97  0.98  0.98  0.93  0.77  0.42 ]

01/29 03:33:39 AM | === Batch 8/150
01/29 03:33:39 AM | loss = 1.205 + 0.453 + 0.071 = 1.728
01/29 03:33:39 AM | attribution_score[0:12]: 
[ 0.98  0.99  0.16  0.11  0.10  0.12  0.15  0.09  0.09  0.65  0.10  0.97 ]
[ 0.94  0.09  0.96  0.08  0.70  0.92  0.95  0.11  0.39  0.96  0.93  0.41 ]
[ 0.97  0.99  0.10  0.98  0.14  0.98  0.70  0.94  0.10  0.11  0.35  0.96 ]
[ 0.41  0.70  0.75  0.99  0.95  0.99  0.67  0.39  0.95  0.61  0.83  0.96 ]
[ 0.98  0.97  0.71  0.26  0.76  0.96  0.10  0.15  0.96  0.54  0.78  0.40 ]
[ 0.42  0.92  0.11  0.70  0.32  0.19  0.71  0.17  0.23  0.19  0.09  0.69 ]
[ 0.92  0.19  0.37  0.58  0.80  0.15  0.94  0.87  0.96  0.97  1.00  0.28 ]
[ 0.09  0.38  0.12  0.09  0.20  0.34  0.95  0.09  0.67  0.48  0.35  0.22 ]
[ 0.58  0.64  0.11  0.70  0.68  0.11  0.14  0.38  0.81  0.46  0.73  0.95 ]
[ 0.42  0.23  0.10  0.09  0.53  0.69  0.14  0.09  0.77  0.15  0.39  0.61 ]
[ 0.12  0.99  0.95  0.24  0.35  0.79  0.96  0.97  0.91  0.76  1.00  0.95 ]
[ 0.98  1.00  0.94  0.99  0.98  0.91  0.97  1.00  0.35  0.96  0.98  0.84 ]
[ 0.99  1.00  1.00  0.90  0.99  1.00  0.98  0.99  0.99  0.94  0.79  0.46 ]

01/29 03:33:39 AM | === Batch 9/150
01/29 03:33:39 AM | loss = 1.074 + 0.370 + 0.064 = 1.508
01/29 03:33:39 AM | attribution_score[0:12]: 
[ 0.98  0.99  0.17  0.09  0.08  0.11  0.15  0.07  0.07  0.72  0.08  0.98 ]
[ 0.95  0.08  0.97  0.06  0.74  0.93  0.96  0.09  0.44  0.97  0.93  0.49 ]
[ 0.98  0.99  0.08  0.98  0.13  0.98  0.75  0.94  0.10  0.09  0.37  0.97 ]
[ 0.41  0.73  0.81  0.99  0.96  1.00  0.71  0.43  0.96  0.68  0.87  0.97 ]
[ 0.99  0.97  0.77  0.28  0.76  0.97  0.08  0.14  0.97  0.61  0.82  0.47 ]
[ 0.48  0.93  0.09  0.73  0.35  0.20  0.76  0.18  0.23  0.18  0.07  0.77 ]
[ 0.93  0.20  0.37  0.65  0.86  0.15  0.96  0.87  0.96  0.98  1.00  0.29 ]
[ 0.06  0.46  0.11  0.07  0.20  0.39  0.96  0.06  0.76  0.54  0.42  0.21 ]
[ 0.67  0.70  0.09  0.78  0.76  0.10  0.14  0.45  0.82  0.50  0.81  0.96 ]
[ 0.49  0.24  0.08  0.07  0.61  0.75  0.14  0.07  0.84  0.15  0.47  0.70 ]
[ 0.12  0.99  0.96  0.26  0.41  0.85  0.97  0.98  0.95  0.80  1.00  0.96 ]
[ 0.99  1.00  0.96  0.99  0.99  0.94  0.98  1.00  0.38  0.97  0.99  0.88 ]
[ 0.99  1.00  1.00  0.92  1.00  1.00  0.99  0.99  0.99  0.95  0.82  0.51 ]

01/29 03:33:39 AM | === Batch 10/150
01/29 03:33:40 AM | loss = 1.017 + 0.006 + 0.059 = 1.082
01/29 03:33:40 AM | attribution_score[0:12]: 
[ 0.98  0.99  0.20  0.08  0.08  0.11  0.16  0.06  0.06  0.79  0.07  0.98 ]
[ 0.97  0.07  0.98  0.05  0.78  0.93  0.97  0.07  0.51  0.98  0.93  0.59 ]
[ 0.98  0.99  0.08  0.99  0.12  0.99  0.81  0.95  0.10  0.09  0.42  0.97 ]
[ 0.38  0.79  0.86  0.99  0.96  1.00  0.76  0.48  0.97  0.74  0.91  0.97 ]
[ 0.99  0.98  0.82  0.34  0.73  0.98  0.07  0.14  0.97  0.69  0.83  0.55 ]
[ 0.57  0.94  0.08  0.79  0.41  0.23  0.82  0.22  0.25  0.19  0.06  0.84 ]
[ 0.95  0.24  0.41  0.72  0.90  0.16  0.97  0.87  0.97  0.98  1.00  0.35 ]
[ 0.05  0.56  0.12  0.06  0.22  0.48  0.97  0.05  0.83  0.63  0.51  0.21 ]
[ 0.75  0.77  0.09  0.83  0.83  0.10  0.15  0.54  0.79  0.53  0.87  0.97 ]
[ 0.58  0.27  0.07  0.06  0.70  0.81  0.15  0.07  0.88  0.16  0.56  0.78 ]
[ 0.13  0.99  0.97  0.29  0.47  0.90  0.97  0.99  0.96  0.83  1.00  0.97 ]
[ 0.99  1.00  0.97  0.99  0.99  0.96  0.98  1.00  0.44  0.98  0.99  0.92 ]
[ 1.00  1.00  1.00  0.94  1.00  1.00  0.99  0.99  0.99  0.97  0.86  0.59 ]

01/29 03:33:40 AM | === Batch 11/150
01/29 03:33:40 AM | loss = 0.915 + 0.266 + 0.055 = 1.236
01/29 03:33:40 AM | attribution_score[0:12]: 
[ 0.99  0.99  0.22  0.07  0.07  0.11  0.16  0.05  0.05  0.83  0.07  0.98 ]
[ 0.97  0.07  0.98  0.04  0.79  0.93  0.98  0.06  0.58  0.98  0.93  0.65 ]
[ 0.99  0.99  0.08  0.99  0.12  0.99  0.84  0.96  0.10  0.08  0.45  0.98 ]
[ 0.34  0.82  0.89  0.99  0.96  1.00  0.80  0.47  0.98  0.76  0.93  0.97 ]
[ 0.99  0.98  0.82  0.44  0.68  0.98  0.06  0.14  0.98  0.78  0.83  0.62 ]
[ 0.65  0.95  0.08  0.83  0.43  0.25  0.86  0.25  0.27  0.22  0.05  0.88 ]
[ 0.96  0.31  0.44  0.78  0.93  0.19  0.98  0.85  0.98  0.98  1.00  0.37 ]
[ 0.04  0.65  0.13  0.05  0.23  0.56  0.97  0.04  0.87  0.72  0.54  0.21 ]
[ 0.81  0.83  0.09  0.86  0.89  0.10  0.14  0.62  0.74  0.49  0.91  0.98 ]
[ 0.61  0.24  0.06  0.05  0.73  0.82  0.16  0.06  0.90  0.17  0.66  0.84 ]
[ 0.14  0.99  0.98  0.33  0.53  0.93  0.98  0.99  0.98  0.85  1.00  0.98 ]
[ 0.99  1.00  0.98  0.99  0.99  0.97  0.98  1.00  0.47  0.99  0.99  0.93 ]
[ 1.00  1.00  1.00  0.95  1.00  1.00  0.99  0.99  0.99  0.98  0.89  0.62 ]

01/29 03:33:40 AM | === Batch 12/150
01/29 03:33:41 AM | loss = 0.986 + 0.447 + 0.052 = 1.485
01/29 03:33:41 AM | attribution_score[0:12]: 
[ 0.99  1.00  0.23  0.06  0.07  0.11  0.16  0.05  0.04  0.86  0.06  0.99 ]
[ 0.98  0.07  0.98  0.03  0.80  0.94  0.98  0.05  0.67  0.98  0.93  0.68 ]
[ 0.99  0.99  0.08  0.99  0.12  0.99  0.87  0.96  0.09  0.07  0.47  0.98 ]
[ 0.30  0.84  0.92  0.99  0.96  1.00  0.84  0.46  0.98  0.75  0.94  0.97 ]
[ 0.99  0.98  0.79  0.54  0.63  0.99  0.05  0.13  0.98  0.84  0.83  0.69 ]
[ 0.70  0.96  0.07  0.87  0.42  0.28  0.89  0.26  0.29  0.27  0.04  0.91 ]
[ 0.96  0.39  0.45  0.82  0.94  0.21  0.98  0.82  0.98  0.99  1.00  0.40 ]
[ 0.03  0.69  0.13  0.04  0.23  0.61  0.98  0.03  0.89  0.76  0.52  0.21 ]
[ 0.84  0.87  0.08  0.87  0.92  0.09  0.13  0.66  0.68  0.42  0.93  0.98 ]
[ 0.62  0.20  0.05  0.04  0.73  0.81  0.16  0.05  0.91  0.16  0.70  0.87 ]
[ 0.15  0.99  0.98  0.37  0.57  0.95  0.98  0.99  0.98  0.86  1.00  0.98 ]
[ 0.99  1.00  0.98  1.00  0.99  0.98  0.99  1.00  0.47  0.99  1.00  0.94 ]
[ 1.00  1.00  1.00  0.95  1.00  1.00  0.99  0.99  1.00  0.98  0.89  0.60 ]

01/29 03:33:41 AM | === Batch 13/150
01/29 03:33:41 AM | loss = 0.796 + 0.546 + 0.049 = 1.391
01/29 03:33:41 AM | attribution_score[0:12]: 
[ 0.99  1.00  0.24  0.05  0.06  0.12  0.15  0.04  0.03  0.88  0.05  0.99 ]
[ 0.98  0.07  0.99  0.03  0.80  0.94  0.98  0.04  0.75  0.98  0.93  0.68 ]
[ 0.99  0.99  0.08  0.99  0.11  0.99  0.88  0.97  0.08  0.06  0.47  0.99 ]
[ 0.26  0.85  0.93  1.00  0.96  1.00  0.86  0.45  0.98  0.73  0.95  0.98 ]
[ 0.99  0.99  0.76  0.65  0.64  0.99  0.05  0.13  0.98  0.89  0.83  0.76 ]
[ 0.74  0.96  0.07  0.89  0.39  0.29  0.92  0.25  0.30  0.35  0.04  0.93 ]
[ 0.97  0.49  0.46  0.85  0.95  0.24  0.99  0.77  0.98  0.99  1.00  0.41 ]
[ 0.03  0.71  0.12  0.04  0.21  0.63  0.98  0.03  0.90  0.78  0.48  0.20 ]
[ 0.86  0.89  0.07  0.88  0.94  0.08  0.11  0.70  0.60  0.33  0.95  0.99 ]
[ 0.62  0.16  0.05  0.04  0.70  0.79  0.15  0.04  0.91  0.14  0.72  0.89 ]
[ 0.15  0.99  0.99  0.40  0.59  0.96  0.98  0.99  0.99  0.86  1.00  0.98 ]
[ 1.00  1.00  0.99  1.00  1.00  0.98  0.99  1.00  0.45  0.99  1.00  0.95 ]
[ 1.00  1.00  1.00  0.96  1.00  1.00  0.99  0.99  1.00  0.98  0.89  0.56 ]

01/29 03:33:41 AM | === Batch 14/150
01/29 03:33:41 AM | loss = 0.655 + 0.581 + 0.046 = 1.282
01/29 03:33:42 AM | attribution_score[0:12]: 
[ 0.99  1.00  0.23  0.04  0.05  0.11  0.14  0.03  0.03  0.89  0.04  0.99 ]
[ 0.99  0.07  0.99  0.02  0.80  0.95  0.99  0.04  0.83  0.98  0.92  0.66 ]
[ 0.99  0.99  0.08  0.99  0.10  0.99  0.89  0.97  0.07  0.05  0.46  0.99 ]
[ 0.25  0.85  0.94  1.00  0.95  1.00  0.88  0.43  0.98  0.70  0.96  0.98 ]
[ 0.99  0.99  0.70  0.73  0.67  0.99  0.04  0.13  0.98  0.92  0.83  0.78 ]
[ 0.77  0.97  0.06  0.90  0.33  0.32  0.94  0.23  0.29  0.45  0.03  0.94 ]
[ 0.97  0.61  0.44  0.87  0.95  0.27  0.99  0.71  0.98  0.99  1.00  0.41 ]
[ 0.02  0.72  0.13  0.03  0.18  0.64  0.98  0.02  0.91  0.78  0.42  0.19 ]
[ 0.87  0.91  0.06  0.88  0.96  0.08  0.09  0.72  0.57  0.25  0.96  0.99 ]
[ 0.59  0.12  0.04  0.03  0.64  0.76  0.13  0.03  0.92  0.12  0.72  0.91 ]
[ 0.15  1.00  0.99  0.43  0.61  0.97  0.98  0.99  0.99  0.87  1.00  0.98 ]
[ 1.00  1.00  0.99  1.00  1.00  0.99  0.99  1.00  0.40  0.99  1.00  0.96 ]
[ 1.00  1.00  1.00  0.96  1.00  1.00  0.99  0.99  1.00  0.99  0.88  0.52 ]

01/29 03:33:42 AM | === Batch 15/150
01/29 03:33:42 AM | loss = 0.541 + 0.575 + 0.044 = 1.160
01/29 03:33:42 AM | attribution_score[0:12]: 
[ 0.99  1.00  0.21  0.03  0.05  0.11  0.12  0.03  0.02  0.90  0.04  0.99 ]
[ 0.99  0.07  0.99  0.02  0.80  0.95  0.99  0.03  0.87  0.98  0.93  0.65 ]
[ 0.99  0.99  0.08  0.99  0.08  0.99  0.89  0.97  0.06  0.05  0.43  0.99 ]
[ 0.24  0.85  0.95  1.00  0.95  1.00  0.89  0.39  0.98  0.66  0.97  0.97 ]
[ 0.99  0.99  0.64  0.81  0.68  0.99  0.04  0.12  0.99  0.94  0.84  0.79 ]
[ 0.79  0.97  0.06  0.91  0.31  0.35  0.95  0.21  0.28  0.53  0.03  0.96 ]
[ 0.97  0.71  0.41  0.88  0.96  0.28  0.99  0.63  0.98  0.99  1.00  0.38 ]
[ 0.02  0.72  0.13  0.03  0.16  0.64  0.98  0.02  0.92  0.77  0.36  0.17 ]
[ 0.88  0.92  0.05  0.88  0.97  0.07  0.08  0.72  0.55  0.18  0.97  0.99 ]
[ 0.56  0.09  0.03  0.02  0.57  0.72  0.11  0.03  0.92  0.09  0.71  0.92 ]
[ 0.14  1.00  0.99  0.46  0.64  0.98  0.98  0.99  0.99  0.87  1.00  0.98 ]
[ 1.00  1.00  0.99  1.00  1.00  0.99  0.99  1.00  0.34  1.00  1.00  0.96 ]
[ 1.00  1.00  1.00  0.96  1.00  1.00  0.99  1.00  1.00  0.99  0.88  0.50 ]

01/29 03:33:42 AM | === Batch 16/150
01/29 03:33:42 AM | loss = 0.323 + 0.540 + 0.042 = 0.905
01/29 03:33:43 AM | attribution_score[0:12]: 
[ 0.99  1.00  0.19  0.03  0.04  0.11  0.11  0.03  0.02  0.91  0.03  0.99 ]
[ 0.99  0.07  0.99  0.01  0.78  0.95  0.99  0.03  0.91  0.98  0.93  0.63 ]
[ 0.99  1.00  0.07  0.99  0.07  0.99  0.88  0.97  0.05  0.04  0.38  0.99 ]
[ 0.25  0.84  0.95  1.00  0.94  1.00  0.90  0.36  0.98  0.61  0.97  0.97 ]
[ 0.99  0.98  0.54  0.86  0.66  0.99  0.04  0.12  0.99  0.95  0.85  0.79 ]
[ 0.81  0.97  0.05  0.92  0.29  0.36  0.96  0.19  0.27  0.61  0.02  0.96 ]
[ 0.97  0.80  0.36  0.89  0.96  0.29  0.99  0.54  0.99  0.99  1.00  0.36 ]
[ 0.02  0.72  0.13  0.02  0.14  0.59  0.98  0.02  0.92  0.75  0.30  0.15 ]
[ 0.88  0.93  0.04  0.88  0.97  0.06  0.07  0.71  0.53  0.13  0.98  0.99 ]
[ 0.51  0.06  0.03  0.02  0.49  0.66  0.09  0.02  0.92  0.07  0.68  0.92 ]
[ 0.13  1.00  0.99  0.50  0.68  0.98  0.99  1.00  0.99  0.88  1.00  0.99 ]
[ 1.00  1.00  0.99  1.00  1.00  0.99  0.99  1.00  0.28  1.00  1.00  0.96 ]
[ 1.00  1.00  1.00  0.97  1.00  1.00  1.00  1.00  1.00  0.99  0.86  0.45 ]

01/29 03:33:43 AM | === Batch 17/150
01/29 03:33:43 AM | loss = 0.394 + 0.483 + 0.040 = 0.918
01/29 03:33:43 AM | attribution_score[0:12]: 
[ 0.99  1.00  0.17  0.02  0.04  0.11  0.09  0.02  0.02  0.92  0.03  0.99 ]
[ 0.99  0.06  0.99  0.01  0.76  0.95  0.99  0.02  0.93  0.98  0.94  0.63 ]
[ 0.99  1.00  0.06  0.99  0.06  0.99  0.87  0.98  0.04  0.03  0.33  0.99 ]
[ 0.25  0.82  0.96  1.00  0.94  1.00  0.91  0.33  0.98  0.59  0.97  0.97 ]
[ 1.00  0.98  0.46  0.90  0.62  1.00  0.04  0.11  0.99  0.96  0.85  0.80 ]
[ 0.84  0.97  0.05  0.92  0.27  0.39  0.97  0.16  0.25  0.64  0.02  0.97 ]
[ 0.98  0.86  0.32  0.89  0.97  0.34  0.99  0.43  0.99  0.99  1.00  0.33 ]
[ 0.01  0.72  0.12  0.02  0.12  0.53  0.98  0.01  0.93  0.73  0.25  0.14 ]
[ 0.89  0.94  0.03  0.88  0.98  0.05  0.06  0.69  0.52  0.10  0.98  0.99 ]
[ 0.46  0.05  0.02  0.02  0.39  0.59  0.07  0.02  0.92  0.06  0.63  0.93 ]
[ 0.11  1.00  0.99  0.53  0.73  0.98  0.99  1.00  1.00  0.89  1.00  0.99 ]
[ 1.00  1.00  0.99  1.00  1.00  0.99  0.99  1.00  0.21  1.00  1.00  0.97 ]
[ 1.00  1.00  1.00  0.97  1.00  1.00  1.00  1.00  1.00  0.99  0.85  0.43 ]

01/29 03:33:43 AM | === Batch 18/150
01/29 03:33:43 AM | loss = 0.486 + 0.420 + 0.039 = 0.944
01/29 03:33:44 AM | attribution_score[0:12]: 
[ 0.99  1.00  0.15  0.02  0.03  0.11  0.08  0.02  0.01  0.92  0.02  0.99 ]
[ 0.99  0.06  0.99  0.01  0.73  0.95  0.99  0.02  0.94  0.98  0.94  0.63 ]
[ 0.99  1.00  0.05  0.99  0.05  0.99  0.85  0.98  0.04  0.03  0.27  0.99 ]
[ 0.26  0.80  0.96  1.00  0.93  1.00  0.92  0.30  0.98  0.57  0.98  0.97 ]
[ 1.00  0.98  0.39  0.92  0.56  1.00  0.04  0.10  0.99  0.97  0.86  0.81 ]
[ 0.86  0.97  0.04  0.92  0.25  0.43  0.97  0.14  0.24  0.64  0.02  0.98 ]
[ 0.98  0.90  0.26  0.90  0.97  0.34  0.99  0.33  0.99  0.99  1.00  0.27 ]
[ 0.01  0.72  0.11  0.02  0.10  0.48  0.99  0.01  0.93  0.70  0.21  0.12 ]
[ 0.89  0.94  0.03  0.88  0.98  0.05  0.05  0.65  0.50  0.07  0.98  0.99 ]
[ 0.41  0.04  0.02  0.02  0.30  0.51  0.06  0.02  0.93  0.05  0.57  0.93 ]
[ 0.09  1.00  0.99  0.55  0.76  0.99  0.99  1.00  1.00  0.89  1.00  0.99 ]
[ 1.00  1.00  0.99  1.00  1.00  0.99  0.99  1.00  0.15  1.00  1.00  0.97 ]
[ 1.00  1.00  1.00  0.97  1.00  1.00  1.00  1.00  1.00  0.99  0.84  0.41 ]

01/29 03:33:44 AM | === Batch 19/150
01/29 03:33:44 AM | loss = 0.427 + 0.348 + 0.037 = 0.812
01/29 03:33:44 AM | attribution_score[0:12]: 
[ 0.99  1.00  0.13  0.02  0.03  0.10  0.07  0.02  0.01  0.92  0.02  0.99 ]
[ 0.99  0.05  0.99  0.01  0.71  0.95  0.99  0.02  0.96  0.98  0.95  0.62 ]
[ 0.99  1.00  0.05  0.99  0.04  1.00  0.84  0.98  0.03  0.02  0.21  0.99 ]
[ 0.27  0.77  0.97  1.00  0.93  1.00  0.93  0.27  0.97  0.55  0.98  0.97 ]
[ 1.00  0.98  0.32  0.94  0.49  1.00  0.04  0.09  0.99  0.97  0.86  0.83 ]
[ 0.86  0.98  0.04  0.91  0.23  0.46  0.98  0.11  0.22  0.63  0.01  0.98 ]
[ 0.98  0.93  0.21  0.89  0.97  0.31  0.99  0.24  0.99  0.99  1.00  0.22 ]
[ 0.01  0.72  0.09  0.02  0.09  0.42  0.99  0.01  0.94  0.67  0.18  0.10 ]
[ 0.89  0.95  0.02  0.89  0.98  0.04  0.04  0.61  0.47  0.05  0.99  0.99 ]
[ 0.35  0.03  0.02  0.01  0.23  0.43  0.05  0.02  0.93  0.04  0.50  0.93 ]
[ 0.07  1.00  0.99  0.56  0.78  0.99  0.99  1.00  1.00  0.90  1.00  0.99 ]
[ 1.00  1.00  0.99  1.00  1.00  0.99  0.99  1.00  0.11  1.00  1.00  0.97 ]
[ 1.00  1.00  1.00  0.97  1.00  1.00  1.00  1.00  1.00  0.99  0.84  0.40 ]

01/29 03:33:44 AM | === Batch 20/150
01/29 03:33:44 AM | loss = 0.717 + 0.273 + 0.036 = 1.026
01/29 03:33:45 AM | === Batch 21/150
01/29 03:33:45 AM | loss = 0.569 + 0.206 + 0.034 = 0.809
01/29 03:33:45 AM | === Batch 22/150
01/29 03:33:45 AM | loss = 0.512 + 0.144 + 0.033 = 0.689
01/29 03:33:45 AM | === Batch 23/150
01/29 03:33:45 AM | loss = 0.729 + 0.083 + 0.032 = 0.845
01/29 03:33:46 AM | === Batch 24/150
01/29 03:33:46 AM | loss = 0.639 + 0.026 + 0.031 = 0.696
01/29 03:33:46 AM | === Batch 25/150
01/29 03:33:46 AM | loss = 0.424 + 0.058 + 0.030 = 0.512
01/29 03:33:47 AM | === Batch 26/150
01/29 03:33:47 AM | loss = 0.441 + 0.047 + 0.029 = 0.517
01/29 03:33:47 AM | === Batch 27/150
01/29 03:33:47 AM | loss = 0.562 + 0.025 + 0.028 = 0.615
01/29 03:33:47 AM | === Batch 28/150
01/29 03:33:48 AM | loss = 0.369 + 0.056 + 0.027 = 0.453
01/29 03:33:48 AM | === Batch 29/150
01/29 03:33:48 AM | loss = 0.531 + 0.072 + 0.026 = 0.629
01/29 03:33:48 AM | === Batch 30/150
01/29 03:33:48 AM | loss = 0.456 + 0.076 + 0.025 = 0.557
01/29 03:33:49 AM | === Batch 31/150
01/29 03:33:49 AM | loss = 0.456 + 0.068 + 0.024 = 0.548
01/29 03:33:49 AM | === Batch 32/150
01/29 03:33:49 AM | loss = 0.493 + 0.052 + 0.024 = 0.568
01/29 03:33:49 AM | === Batch 33/150
01/29 03:33:49 AM | loss = 0.366 + 0.027 + 0.023 = 0.417
01/29 03:33:50 AM | === Batch 34/150
01/29 03:33:50 AM | loss = 0.429 + 0.010 + 0.023 = 0.463
01/29 03:33:50 AM | === Batch 35/150
01/29 03:33:50 AM | loss = 0.629 + 0.002 + 0.023 = 0.654
01/29 03:33:50 AM | === Batch 36/150
01/29 03:33:51 AM | loss = 0.449 + 0.001 + 0.022 = 0.472
01/29 03:33:51 AM | === Batch 37/150
01/29 03:33:51 AM | loss = 0.450 + 0.032 + 0.022 = 0.503
01/29 03:33:51 AM | === Batch 38/150
01/29 03:33:51 AM | loss = 0.471 + 0.049 + 0.021 = 0.541
01/29 03:33:52 AM | === Batch 39/150
01/29 03:33:52 AM | loss = 0.404 + 0.057 + 0.021 = 0.482
01/29 03:33:52 AM | === Batch 40/150
01/29 03:33:52 AM | loss = 0.600 + 0.055 + 0.021 = 0.676
01/29 03:33:52 AM | === Batch 41/150
01/29 03:33:53 AM | loss = 0.381 + 0.047 + 0.021 = 0.448
01/29 03:33:53 AM | === Batch 42/150
01/29 03:33:53 AM | loss = 0.524 + 0.031 + 0.020 = 0.575
01/29 03:33:53 AM | === Batch 43/150
01/29 03:33:53 AM | loss = 0.375 + 0.009 + 0.020 = 0.404
01/29 03:33:54 AM | === Batch 44/150
01/29 03:33:54 AM | loss = 0.457 + 0.034 + 0.020 = 0.511
01/29 03:33:54 AM | === Batch 45/150
01/29 03:33:54 AM | loss = 0.406 + 0.015 + 0.020 = 0.442
01/29 03:33:54 AM | === Batch 46/150
01/29 03:33:55 AM | loss = 0.449 + 0.029 + 0.020 = 0.498
01/29 03:33:55 AM | === Batch 47/150
01/29 03:33:55 AM | loss = 0.508 + 0.053 + 0.019 = 0.581
01/29 03:33:55 AM | === Batch 48/150
01/29 03:33:55 AM | loss = 0.417 + 0.067 + 0.019 = 0.503
01/29 03:33:56 AM | === Batch 49/150
01/29 03:33:56 AM | loss = 0.421 + 0.071 + 0.018 = 0.510
01/29 03:33:56 AM | === Batch 50/150
01/29 03:33:56 AM | loss = 0.472 + 0.065 + 0.018 = 0.555
01/29 03:33:56 AM | === Batch 51/150
01/29 03:33:57 AM | loss = 0.430 + 0.049 + 0.018 = 0.497
01/29 03:33:57 AM | === Batch 52/150
01/29 03:33:57 AM | loss = 0.476 + 0.028 + 0.018 = 0.522
01/29 03:33:57 AM | === Batch 53/150
01/29 03:33:57 AM | loss = 0.451 + 0.001 + 0.018 = 0.470
01/29 03:33:58 AM | === Batch 54/150
01/29 03:33:58 AM | loss = 0.490 + 0.002 + 0.018 = 0.510
01/29 03:33:58 AM | === Batch 55/150
01/29 03:33:58 AM | loss = 0.590 + 0.002 + 0.018 = 0.610
01/29 03:33:58 AM | === Batch 56/150
01/29 03:33:58 AM | loss = 0.372 + 0.025 + 0.017 = 0.414
01/29 03:33:59 AM | === Batch 57/150
01/29 03:33:59 AM | loss = 0.518 + 0.042 + 0.017 = 0.576
01/29 03:33:59 AM | === Batch 58/150
01/29 03:33:59 AM | loss = 0.297 + 0.050 + 0.017 = 0.364
01/29 03:33:59 AM | === Batch 59/150
01/29 03:34:00 AM | loss = 0.571 + 0.049 + 0.016 = 0.637
01/29 03:34:00 AM | === Batch 60/150
01/29 03:34:00 AM | loss = 0.405 + 0.042 + 0.016 = 0.464
01/29 03:34:00 AM | === Batch 61/150
01/29 03:34:00 AM | loss = 0.439 + 0.028 + 0.016 = 0.483
01/29 03:34:01 AM | === Batch 62/150
01/29 03:34:01 AM | loss = 0.619 + 0.006 + 0.016 = 0.642
01/29 03:34:01 AM | === Batch 63/150
01/29 03:34:01 AM | loss = 0.392 + 0.038 + 0.016 = 0.447
01/29 03:34:01 AM | === Batch 64/150
01/29 03:34:02 AM | loss = 0.507 + 0.028 + 0.016 = 0.550
01/29 03:34:02 AM | === Batch 65/150
01/29 03:34:02 AM | loss = 0.653 + 0.017 + 0.016 = 0.685
01/29 03:34:02 AM | === Batch 66/150
01/29 03:34:02 AM | loss = 0.228 + 0.039 + 0.015 = 0.283
01/29 03:34:03 AM | === Batch 67/150
01/29 03:34:03 AM | loss = 0.311 + 0.053 + 0.015 = 0.379
01/29 03:34:03 AM | === Batch 68/150
01/29 03:34:03 AM | loss = 0.407 + 0.058 + 0.015 = 0.480
01/29 03:34:03 AM | === Batch 69/150
01/29 03:34:03 AM | loss = 0.433 + 0.056 + 0.014 = 0.503
01/29 03:34:04 AM | === Batch 70/150
01/29 03:34:04 AM | loss = 0.250 + 0.047 + 0.014 = 0.310
01/29 03:34:04 AM | === Batch 71/150
01/29 03:34:04 AM | loss = 0.380 + 0.031 + 0.014 = 0.425
01/29 03:34:04 AM | === Batch 72/150
01/29 03:34:05 AM | loss = 0.538 + 0.009 + 0.014 = 0.562
01/29 03:34:05 AM | === Batch 73/150
01/29 03:34:05 AM | loss = 0.393 + 0.032 + 0.014 = 0.438
01/29 03:34:05 AM | === Batch 74/150
01/29 03:34:05 AM | loss = 0.620 + 0.028 + 0.014 = 0.662
01/29 03:34:06 AM | === Batch 75/150
01/29 03:34:06 AM | loss = 0.415 + 0.008 + 0.014 = 0.436
01/29 03:34:06 AM | === Batch 76/150
01/29 03:34:06 AM | loss = 0.501 + 0.022 + 0.014 = 0.536
01/29 03:34:06 AM | === Batch 77/150
01/29 03:34:07 AM | loss = 0.486 + 0.028 + 0.014 = 0.528
01/29 03:34:07 AM | === Batch 78/150
01/29 03:34:07 AM | loss = 0.461 + 0.026 + 0.014 = 0.500
01/29 03:34:07 AM | === Batch 79/150
01/29 03:34:07 AM | loss = 0.636 + 0.017 + 0.014 = 0.666
01/29 03:34:08 AM | === Batch 80/150
01/29 03:34:08 AM | loss = 0.567 + 0.004 + 0.014 = 0.585
01/29 03:34:08 AM | === Batch 81/150
01/29 03:34:08 AM | loss = 0.508 + 0.028 + 0.014 = 0.550
01/29 03:34:08 AM | === Batch 82/150
01/29 03:34:08 AM | loss = 0.503 + 0.019 + 0.014 = 0.536
01/29 03:34:09 AM | === Batch 83/150
01/29 03:34:09 AM | loss = 0.592 + 0.015 + 0.013 = 0.621
01/29 03:34:09 AM | === Batch 84/150
01/29 03:34:09 AM | loss = 0.500 + 0.031 + 0.013 = 0.545
01/29 03:34:09 AM | === Batch 85/150
01/29 03:34:10 AM | loss = 0.403 + 0.039 + 0.013 = 0.456
01/29 03:34:10 AM | === Batch 86/150
01/29 03:34:10 AM | loss = 0.385 + 0.040 + 0.013 = 0.437
01/29 03:34:10 AM | === Batch 87/150
01/29 03:34:10 AM | loss = 0.612 + 0.034 + 0.013 = 0.659
01/29 03:34:11 AM | === Batch 88/150
01/29 03:34:11 AM | loss = 0.564 + 0.026 + 0.013 = 0.602
01/29 03:34:11 AM | === Batch 89/150
01/29 03:34:11 AM | loss = 0.571 + 0.011 + 0.013 = 0.595
01/29 03:34:11 AM | === Batch 90/150
01/29 03:34:12 AM | loss = 0.419 + 0.009 + 0.013 = 0.440
01/29 03:34:12 AM | === Batch 91/150
01/29 03:34:12 AM | loss = 0.543 + 0.002 + 0.013 = 0.557
01/29 03:34:12 AM | === Batch 92/150
01/29 03:34:12 AM | loss = 0.570 + 0.003 + 0.013 = 0.586
01/29 03:34:12 AM | === Batch 93/150
01/29 03:34:13 AM | loss = 0.426 + 0.005 + 0.013 = 0.444
01/29 03:34:13 AM | === Batch 94/150
01/29 03:34:13 AM | loss = 0.471 + 0.012 + 0.013 = 0.495
01/29 03:34:13 AM | === Batch 95/150
01/29 03:34:13 AM | loss = 0.522 + 0.020 + 0.013 = 0.555
01/29 03:34:14 AM | === Batch 96/150
01/29 03:34:14 AM | loss = 0.392 + 0.022 + 0.013 = 0.426
01/29 03:34:14 AM | === Batch 97/150
01/29 03:34:14 AM | loss = 0.597 + 0.017 + 0.013 = 0.626
01/29 03:34:14 AM | === Batch 98/150
01/29 03:34:15 AM | loss = 0.448 + 0.007 + 0.012 = 0.467
01/29 03:34:15 AM | === Batch 99/150
01/29 03:34:15 AM | loss = 0.467 + 0.016 + 0.012 = 0.496
01/29 03:34:15 AM | === Batch 100/150
01/29 03:34:15 AM | loss = 0.261 + 0.003 + 0.012 = 0.276
01/29 03:34:16 AM | attribution_score[0:12]: 
[ 1.00  1.00  0.04  0.00  0.00  0.38  0.00  0.00  0.00  0.98  0.00  0.99 ]
[ 1.00  0.01  0.99  0.00  0.98  0.97  1.00  0.00  0.99  0.81  1.00  0.03 ]
[ 1.00  1.00  0.00  0.99  0.00  1.00  0.03  0.98  0.00  0.00  0.00  0.99 ]
[ 0.04  0.74  1.00  1.00  0.99  1.00  0.98  0.80  0.97  0.06  1.00  0.99 ]
[ 0.99  0.99  0.27  0.99  0.30  0.97  0.01  0.00  1.00  0.99  0.98  0.97 ]
[ 0.96  0.99  0.01  0.03  0.03  0.03  0.96  0.01  0.02  0.06  0.00  1.00 ]
[ 0.99  0.99  0.01  0.98  1.00  0.03  0.99  0.01  0.99  1.00  1.00  0.07 ]
[ 0.00  0.91  0.01  0.01  0.02  0.87  1.00  0.00  0.99  0.97  0.09  0.00 ]
[ 0.98  1.00  0.01  0.99  1.00  0.00  0.00  0.99  0.92  0.01  1.00  1.00 ]
[ 0.02  0.00  0.00  0.00  0.02  0.03  0.00  0.00  0.99  0.00  0.92  0.99 ]
[ 0.00  1.00  1.00  0.00  0.03  1.00  1.00  1.00  1.00  0.99  1.00  1.00 ]
[ 1.00  1.00  1.00  1.00  1.00  1.00  1.00  1.00  0.00  1.00  1.00  0.99 ]
[ 1.00  1.00  1.00  0.99  1.00  1.00  1.00  1.00  1.00  1.00  0.99  0.02 ]

01/29 03:34:16 AM | === Batch 101/150
01/29 03:34:16 AM | loss = 0.311 + 0.023 + 0.012 = 0.347
01/29 03:34:16 AM | === Batch 102/150
01/29 03:34:16 AM | loss = 0.439 + 0.042 + 0.012 = 0.492
01/29 03:34:16 AM | === Batch 103/150
01/29 03:34:17 AM | loss = 0.438 + 0.052 + 0.011 = 0.501
01/29 03:34:17 AM | === Batch 104/150
01/29 03:34:17 AM | loss = 0.585 + 0.057 + 0.011 = 0.653
01/29 03:34:17 AM | === Batch 105/150
01/29 03:34:17 AM | loss = 0.499 + 0.054 + 0.011 = 0.564
01/29 03:34:18 AM | === Batch 106/150
01/29 03:34:18 AM | loss = 0.344 + 0.045 + 0.011 = 0.401
01/29 03:34:18 AM | === Batch 107/150
01/29 03:34:18 AM | loss = 0.587 + 0.033 + 0.011 = 0.631
01/29 03:34:18 AM | === Batch 108/150
01/29 03:34:18 AM | loss = 0.436 + 0.016 + 0.011 = 0.464
01/29 03:34:19 AM | === Batch 109/150
01/29 03:34:19 AM | loss = 0.582 + 0.009 + 0.011 = 0.603
01/29 03:34:19 AM | === Batch 110/150
01/29 03:34:19 AM | loss = 0.419 + 0.006 + 0.011 = 0.437
01/29 03:34:19 AM | === Batch 111/150
01/29 03:34:20 AM | loss = 0.454 + 0.018 + 0.011 = 0.483
01/29 03:34:20 AM | === Batch 112/150
01/29 03:34:20 AM | loss = 0.464 + 0.031 + 0.011 = 0.506
01/29 03:34:20 AM | === Batch 113/150
01/29 03:34:20 AM | loss = 0.582 + 0.037 + 0.011 = 0.629
01/29 03:34:21 AM | === Batch 114/150
01/29 03:34:21 AM | loss = 0.618 + 0.035 + 0.011 = 0.664
01/29 03:34:21 AM | === Batch 115/150
01/29 03:34:21 AM | loss = 0.392 + 0.029 + 0.011 = 0.432
01/29 03:34:21 AM | === Batch 116/150
01/29 03:34:22 AM | loss = 0.445 + 0.019 + 0.011 = 0.475
01/29 03:34:22 AM | === Batch 117/150
01/29 03:34:22 AM | loss = 0.433 + 0.008 + 0.011 = 0.452
01/29 03:34:22 AM | === Batch 118/150
01/29 03:34:22 AM | loss = 0.396 + 0.014 + 0.011 = 0.421
01/29 03:34:23 AM | === Batch 119/150
01/29 03:34:23 AM | loss = 0.572 + 0.008 + 0.011 = 0.590
01/29 03:34:23 AM | === Batch 120/150
01/29 03:34:23 AM | loss = 0.313 + 0.015 + 0.010 = 0.338
01/29 03:34:23 AM | === Batch 121/150
01/29 03:34:24 AM | loss = 0.566 + 0.028 + 0.010 = 0.604
01/29 03:34:24 AM | === Batch 122/150
01/29 03:34:24 AM | loss = 0.535 + 0.034 + 0.010 = 0.579
01/29 03:34:24 AM | === Batch 123/150
01/29 03:34:24 AM | loss = 0.369 + 0.036 + 0.010 = 0.415
01/29 03:34:25 AM | === Batch 124/150
01/29 03:34:25 AM | loss = 0.424 + 0.033 + 0.010 = 0.466
01/29 03:34:25 AM | === Batch 125/150
01/29 03:34:25 AM | loss = 0.556 + 0.025 + 0.010 = 0.592
01/29 03:34:25 AM | === Batch 126/150
01/29 03:34:25 AM | loss = 0.319 + 0.015 + 0.010 = 0.344
01/29 03:34:26 AM | === Batch 127/150
01/29 03:34:26 AM | loss = 0.415 + 0.002 + 0.010 = 0.427
01/29 03:34:26 AM | === Batch 128/150
01/29 03:34:26 AM | loss = 0.482 + 0.028 + 0.010 = 0.520
01/29 03:34:26 AM | === Batch 129/150
01/29 03:34:27 AM | loss = 0.500 + 0.025 + 0.010 = 0.534
01/29 03:34:27 AM | === Batch 130/150
01/29 03:34:27 AM | loss = 0.501 + 0.007 + 0.010 = 0.517
01/29 03:34:27 AM | === Batch 131/150
01/29 03:34:27 AM | loss = 0.591 + 0.020 + 0.010 = 0.621
01/29 03:34:28 AM | === Batch 132/150
01/29 03:34:28 AM | loss = 0.436 + 0.027 + 0.010 = 0.474
01/29 03:34:28 AM | === Batch 133/150
01/29 03:34:28 AM | loss = 0.376 + 0.029 + 0.010 = 0.415
01/29 03:34:28 AM | === Batch 134/150
01/29 03:34:28 AM | loss = 0.481 + 0.026 + 0.010 = 0.517
01/29 03:34:29 AM | === Batch 135/150
01/29 03:34:29 AM | loss = 0.404 + 0.018 + 0.010 = 0.432
01/29 03:34:29 AM | === Batch 136/150
01/29 03:34:29 AM | loss = 0.514 + 0.006 + 0.010 = 0.530
01/29 03:34:29 AM | === Batch 137/150
01/29 03:34:30 AM | loss = 0.518 + 0.015 + 0.010 = 0.543
01/29 03:34:30 AM | === Batch 138/150
01/29 03:34:30 AM | loss = 0.399 + 0.003 + 0.010 = 0.412
01/29 03:34:30 AM | === Batch 139/150
01/29 03:34:30 AM | loss = 0.544 + 0.018 + 0.010 = 0.572
01/29 03:34:31 AM | === Batch 140/150
01/29 03:34:31 AM | loss = 0.471 + 0.030 + 0.010 = 0.510
01/29 03:34:31 AM | === Batch 141/150
01/29 03:34:31 AM | loss = 0.415 + 0.035 + 0.010 = 0.460
01/29 03:34:31 AM | === Batch 142/150
01/29 03:34:32 AM | loss = 0.271 + 0.037 + 0.009 = 0.317
01/29 03:34:32 AM | === Batch 143/150
01/29 03:34:32 AM | loss = 0.312 + 0.033 + 0.009 = 0.355
01/29 03:34:32 AM | === Batch 144/150
01/29 03:34:32 AM | loss = 0.429 + 0.026 + 0.009 = 0.464
01/29 03:34:33 AM | === Batch 145/150
01/29 03:34:33 AM | loss = 0.606 + 0.017 + 0.009 = 0.632
01/29 03:34:33 AM | === Batch 146/150
01/29 03:34:33 AM | loss = 0.356 + 0.004 + 0.009 = 0.369
01/29 03:34:33 AM | === Batch 147/150
01/29 03:34:33 AM | loss = 0.523 + 0.021 + 0.009 = 0.553
01/29 03:34:34 AM | === Batch 148/150
01/29 03:34:34 AM | loss = 0.434 + 0.018 + 0.009 = 0.460
01/29 03:34:34 AM | === Batch 149/150
01/29 03:34:34 AM | loss = 0.438 + 0.007 + 0.009 = 0.454
01/29 03:34:34 AM | === Batch 150/150
01/29 03:34:35 AM | loss = 0.537 + 0.018 + 0.009 = 0.564
01/29 03:34:35 AM | ===
Best loss was 0.28 at iteration 100

01/29 03:34:35 AM | Looking for optimal threshold...
01/29 03:34:35 AM | Testing threshold 0.5
01/29 03:34:35 AM | Distance to target: 2,276,432
01/29 03:34:35 AM | Testing threshold 0.75
01/29 03:34:35 AM | Distance to target: 6,131,288
01/29 03:34:35 AM | Testing threshold 0.625
01/29 03:34:35 AM | Distance to target: 1,212,576
01/29 03:34:35 AM | Testing threshold 0.5625
01/29 03:34:35 AM | Distance to target: 55,312
01/29 03:34:35 AM | Testing threshold 0.59375
01/29 03:34:35 AM | Distance to target: 604,400
01/29 03:34:35 AM | Testing threshold 0.578125
01/29 03:34:35 AM | Distance to target: 55,312
01/29 03:34:35 AM | Testing threshold 0.5859375
01/29 03:34:35 AM | Distance to target: 80,752
01/29 03:34:35 AM | Testing threshold 0.58203125
01/29 03:34:35 AM | Distance to target: 55,312
01/29 03:34:35 AM | Testing threshold 0.583984375
01/29 03:34:35 AM | Distance to target: 80,752
01/29 03:34:35 AM | Testing threshold 0.5830078125
01/29 03:34:35 AM | Distance to target: 55,312
01/29 03:34:35 AM | Testing threshold 0.58349609375
01/29 03:34:35 AM | Distance to target: 80,752
01/29 03:34:35 AM | Testing threshold 0.583251953125
01/29 03:34:35 AM | Distance to target: 80,752
01/29 03:34:35 AM | Testing threshold 0.5831298828125
01/29 03:34:35 AM | Distance to target: 80,752
01/29 03:34:35 AM | Testing threshold 0.58306884765625
01/29 03:34:35 AM | Distance to target: 55,312
01/29 03:34:35 AM | Testing threshold 0.583099365234375
01/29 03:34:35 AM | Distance to target: 55,312
01/29 03:34:35 AM | Testing threshold 0.5831146240234375
01/29 03:34:35 AM | Distance to target: 80,752
01/29 03:34:35 AM | Testing threshold 0.5831069946289062
01/29 03:34:35 AM | Distance to target: 55,312
01/29 03:34:35 AM | Testing threshold 0.5831108093261719
01/29 03:34:35 AM | Distance to target: 55,312
01/29 03:34:35 AM | Testing threshold 0.5831127166748047
01/29 03:34:35 AM | Distance to target: 80,752
01/29 03:34:35 AM | Testing threshold 0.5831117630004883
01/29 03:34:35 AM | Distance to target: 80,752
01/29 03:34:35 AM | Testing threshold 0.5831112861633301
01/29 03:34:35 AM | Distance to target: 55,312
01/29 03:34:35 AM | Testing threshold 0.5831115245819092
01/29 03:34:35 AM | Distance to target: 55,312
01/29 03:34:35 AM | Testing threshold 0.5831116437911987
01/29 03:34:35 AM | Distance to target: 55,312
01/29 03:34:35 AM | Testing threshold 0.5831117033958435
01/29 03:34:35 AM | Distance to target: 80,752
01/29 03:34:35 AM | Testing threshold 0.5831116735935211
01/29 03:34:35 AM | Distance to target: 55,312
01/29 03:34:35 AM | Testing threshold 0.5831116884946823
01/29 03:34:35 AM | Distance to target: 55,312
01/29 03:34:35 AM | Testing threshold 0.5831116959452629
01/29 03:34:35 AM | Distance to target: 55,312
01/29 03:34:35 AM | Testing threshold 0.5831116996705532
01/29 03:34:35 AM | Distance to target: 55,312
01/29 03:34:35 AM | Testing threshold 0.5831117015331984
01/29 03:34:35 AM | Distance to target: 55,312
01/29 03:34:35 AM | Testing threshold 0.5831117024645209
01/29 03:34:35 AM | Distance to target: 55,312
01/29 03:34:35 AM | Testing threshold 0.5831117029301822
01/29 03:34:35 AM | Distance to target: 55,312
01/29 03:34:35 AM | Testing threshold 0.5831117031630129
01/29 03:34:35 AM | Distance to target: 55,312
01/29 03:34:35 AM | Testing threshold 0.5831117032794282
01/29 03:34:35 AM | Distance to target: 55,312
01/29 03:34:35 AM | Testing threshold 0.5831117033376358
01/29 03:34:35 AM | Distance to target: 55,312
01/29 03:34:35 AM | Testing threshold 0.5831117033667397
01/29 03:34:35 AM | Distance to target: 55,312
01/29 03:34:35 AM | Testing threshold 0.5831117033812916
01/29 03:34:35 AM | Distance to target: 55,312
01/29 03:34:35 AM | Testing threshold 0.5831117033885675
01/29 03:34:35 AM | Distance to target: 55,312
01/29 03:34:35 AM | Testing threshold 0.5831117033922055
01/29 03:34:35 AM | Distance to target: 55,312
01/29 03:34:35 AM | Testing threshold 0.5831117033940245
01/29 03:34:35 AM | Distance to target: 55,312
01/29 03:34:35 AM | Testing threshold 0.583111703394934
01/29 03:34:35 AM | Distance to target: 55,312
01/29 03:34:35 AM | Testing threshold 0.5831117033953888
01/29 03:34:35 AM | Distance to target: 55,312
01/29 03:34:35 AM | Testing threshold 0.5831117033956161
01/29 03:34:35 AM | Distance to target: 55,312
01/29 03:34:35 AM | Testing threshold 0.5831117033957298
01/29 03:34:35 AM | Distance to target: 55,312
01/29 03:34:35 AM | Testing threshold 0.5831117033957867
01/29 03:34:35 AM | Distance to target: 55,312
01/29 03:34:35 AM | Testing threshold 0.5831117033958151
01/29 03:34:35 AM | Distance to target: 55,312
01/29 03:34:35 AM | Testing threshold 0.5831117033958293
01/29 03:34:35 AM | Distance to target: 55,312
01/29 03:34:35 AM | Testing threshold 0.5831117033958364
01/29 03:34:35 AM | Distance to target: 55,312
01/29 03:34:35 AM | Testing threshold 0.58311170339584
01/29 03:34:35 AM | Distance to target: 55,312
01/29 03:34:35 AM | Testing threshold 0.5831117033958417
01/29 03:34:35 AM | Distance to target: 55,312
01/29 03:34:35 AM | Testing threshold 0.5831117033958426
01/29 03:34:35 AM | Distance to target: 55,312
01/29 03:34:37 AM | attribution_score[0:12]: 
[ 1.00  1.00  0.00  0.00  0.00  0.00  0.00  0.00  0.00  1.00  0.00  1.00 ]
[ 1.00  0.00  1.00  0.00  1.00  1.00  1.00  0.00  1.00  1.00  1.00  0.00 ]
[ 1.00  1.00  0.00  1.00  0.00  1.00  0.00  1.00  0.00  0.00  0.00  1.00 ]
[ 0.00  1.00  1.00  1.00  1.00  1.00  1.00  1.00  1.00  0.00  1.00  1.00 ]
[ 1.00  1.00  0.00  1.00  0.00  1.00  0.00  0.00  1.00  1.00  1.00  1.00 ]
[ 1.00  1.00  0.00  0.00  0.00  0.00  1.00  0.00  0.00  0.00  0.00  1.00 ]
[ 1.00  1.00  0.00  1.00  1.00  0.00  1.00  0.00  1.00  1.00  1.00  0.00 ]
[ 0.00  1.00  0.00  0.00  0.00  1.00  1.00  0.00  1.00  1.00  0.00  0.00 ]
[ 1.00  1.00  0.00  1.00  1.00  0.00  0.00  1.00  1.00  0.00  1.00  1.00 ]
[ 0.00  0.00  0.00  0.00  0.00  0.00  0.00  0.00  1.00  0.00  1.00  1.00 ]
[ 0.00  1.00  1.00  0.00  0.00  1.00  1.00  1.00  1.00  1.00  1.00  1.00 ]
[ 1.00  1.00  1.00  1.00  1.00  1.00  1.00  1.00  0.00  1.00  1.00  1.00 ]
[ 1.00  1.00  1.00  1.00  1.00  1.00  1.00  1.00  1.00  1.00  1.00  0.00 ]

01/29 03:34:37 AM | VGG(
  (features): Sequential(
    (conv0): Conv2d(3, 24, kernel_size=(3, 3), stride=(1, 1), padding=(1, 1))
    (norm0): BatchNorm2d(24, eps=1e-05, momentum=0.1, affine=True, track_running_stats=True)
    (relu0): ReLU(inplace=True)
    (conv1): Conv2d(24, 45, kernel_size=(3, 3), stride=(1, 1), padding=(1, 1))
    (norm1): BatchNorm2d(45, eps=1e-05, momentum=0.1, affine=True, track_running_stats=True)
    (relu1): ReLU(inplace=True)
    (pool2): MaxPool2d(kernel_size=2, stride=2, padding=0, dilation=1, ceil_mode=False)
    (conv3): Conv2d(45, 78, kernel_size=(3, 3), stride=(1, 1), padding=(1, 1))
    (norm3): BatchNorm2d(78, eps=1e-05, momentum=0.1, affine=True, track_running_stats=True)
    (relu3): ReLU(inplace=True)
    (conv4): Conv2d(78, 101, kernel_size=(3, 3), stride=(1, 1), padding=(1, 1))
    (norm4): BatchNorm2d(101, eps=1e-05, momentum=0.1, affine=True, track_running_stats=True)
    (relu4): ReLU(inplace=True)
    (pool5): MaxPool2d(kernel_size=2, stride=2, padding=0, dilation=1, ceil_mode=False)
    (conv6): Conv2d(101, 165, kernel_size=(3, 3), stride=(1, 1), padding=(1, 1))
    (norm6): BatchNorm2d(165, eps=1e-05, momentum=0.1, affine=True, track_running_stats=True)
    (relu6): ReLU(inplace=True)
    (conv7): Conv2d(165, 135, kernel_size=(3, 3), stride=(1, 1), padding=(1, 1))
    (norm7): BatchNorm2d(135, eps=1e-05, momentum=0.1, affine=True, track_running_stats=True)
    (relu7): ReLU(inplace=True)
    (conv8): Conv2d(135, 160, kernel_size=(3, 3), stride=(1, 1), padding=(1, 1))
    (norm8): BatchNorm2d(160, eps=1e-05, momentum=0.1, affine=True, track_running_stats=True)
    (relu8): ReLU(inplace=True)
    (pool9): MaxPool2d(kernel_size=2, stride=2, padding=0, dilation=1, ceil_mode=False)
    (conv10): Conv2d(160, 229, kernel_size=(3, 3), stride=(1, 1), padding=(1, 1))
    (norm10): BatchNorm2d(229, eps=1e-05, momentum=0.1, affine=True, track_running_stats=True)
    (relu10): ReLU(inplace=True)
    (conv11): Conv2d(229, 185, kernel_size=(3, 3), stride=(1, 1), padding=(1, 1))
    (norm11): BatchNorm2d(185, eps=1e-05, momentum=0.1, affine=True, track_running_stats=True)
    (relu11): ReLU(inplace=True)
    (conv12): Conv2d(185, 244, kernel_size=(3, 3), stride=(1, 1), padding=(1, 1))
    (norm12): BatchNorm2d(244, eps=1e-05, momentum=0.1, affine=True, track_running_stats=True)
    (relu12): ReLU(inplace=True)
    (pool13): MaxPool2d(kernel_size=2, stride=2, padding=0, dilation=1, ceil_mode=False)
    (conv14): Conv2d(244, 390, kernel_size=(3, 3), stride=(1, 1), padding=(1, 1))
    (norm14): BatchNorm2d(390, eps=1e-05, momentum=0.1, affine=True, track_running_stats=True)
    (relu14): ReLU(inplace=True)
    (conv15): Conv2d(390, 459, kernel_size=(3, 3), stride=(1, 1), padding=(1, 1))
    (norm15): BatchNorm2d(459, eps=1e-05, momentum=0.1, affine=True, track_running_stats=True)
    (relu15): ReLU(inplace=True)
    (conv16): Conv2d(459, 504, kernel_size=(3, 3), stride=(1, 1), padding=(1, 1))
    (norm16): BatchNorm2d(504, eps=1e-05, momentum=0.1, affine=True, track_running_stats=True)
    (relu16): ReLU(inplace=True)
  )
  (classifier): Sequential(
    (linear1): Linear(in_features=504, out_features=512, bias=True)
    (norm1): BatchNorm1d(512, eps=1e-05, momentum=0.1, affine=True, track_running_stats=True)
    (relu1): ReLU(inplace=True)
    (linear2): Linear(in_features=512, out_features=10, bias=True)
  )
)
01/29 03:34:38 AM | ----------------------------------------
01/29 03:34:38 AM | Performances input model:
01/29 03:34:38 AM |  - flops: 314,294,272
01/29 03:34:38 AM |  - params: 14,991,946
01/29 03:34:38 AM |  - accuracy: 93.95999908447266
01/29 03:34:38 AM | ----------------------------------------
01/29 03:34:38 AM | Performances pseudo-pruned model:
01/29 03:34:38 AM |  - flops: 314,294,272
01/29 03:34:38 AM |  - params: 14,991,946
01/29 03:34:38 AM |  - accuracy: 81.43000030517578
01/29 03:34:38 AM | ----------------------------------------
01/29 03:34:38 AM | Performances pruned model:
01/29 03:34:38 AM |  - flops: 108,550,692
01/29 03:34:38 AM |  - params: 6,597,450
01/29 03:34:38 AM |  - accuracy: 81.43000030517578
01/29 03:34:38 AM | ----------------------------------------
01/29 03:34:38 AM | Total time: 70.76s
