01/29 03:29:32 AM | args = Namespace(output_dir='result/rebuttal/nb_epoch/vgg/nbbtchs130/seed_02', loaded_model_path='./checkpoints/cifar10/vgg_16_bn.pt', resume=False, test_only=False, mode='prune', batch_size=64, nb_batches=130, Mflops_target=None, lr=0.6, momentum=0.9, beta=6, gamma=0.4, gpu='0', num_workers=4, dataset='cifar10', arch='vgg_16_bn', save_plot=False, seed=2, lr_finetuning=0.02, epoch_finetuning=200, wd=0.002, data_dir='./data/cifar10/', print_freq=200, num_classes=10, device_ids=[0], device=device(type='cuda', index=0), name_base='')
01/29 03:29:37 AM | ----------------------------------------
01/29 03:29:37 AM | ==> Building model...
01/29 03:29:38 AM | ----------------------------------------
01/29 03:29:38 AM | ==> Loading weights into the model...
01/29 03:29:38 AM | ----------------------------------------
01/29 03:29:38 AM | VGG(
  (features): Sequential(
    (conv0): Conv2d(3, 64, kernel_size=(3, 3), stride=(1, 1), padding=(1, 1))
    (norm0): BatchNorm2d(64, eps=1e-05, momentum=0.1, affine=True, track_running_stats=True)
    (relu0): ReLU(inplace=True)
    (conv1): Conv2d(64, 64, kernel_size=(3, 3), stride=(1, 1), padding=(1, 1))
    (norm1): BatchNorm2d(64, eps=1e-05, momentum=0.1, affine=True, track_running_stats=True)
    (relu1): ReLU(inplace=True)
    (pool2): MaxPool2d(kernel_size=2, stride=2, padding=0, dilation=1, ceil_mode=False)
    (conv3): Conv2d(64, 128, kernel_size=(3, 3), stride=(1, 1), padding=(1, 1))
    (norm3): BatchNorm2d(128, eps=1e-05, momentum=0.1, affine=True, track_running_stats=True)
    (relu3): ReLU(inplace=True)
    (conv4): Conv2d(128, 128, kernel_size=(3, 3), stride=(1, 1), padding=(1, 1))
    (norm4): BatchNorm2d(128, eps=1e-05, momentum=0.1, affine=True, track_running_stats=True)
    (relu4): ReLU(inplace=True)
    (pool5): MaxPool2d(kernel_size=2, stride=2, padding=0, dilation=1, ceil_mode=False)
    (conv6): Conv2d(128, 256, kernel_size=(3, 3), stride=(1, 1), padding=(1, 1))
    (norm6): BatchNorm2d(256, eps=1e-05, momentum=0.1, affine=True, track_running_stats=True)
    (relu6): ReLU(inplace=True)
    (conv7): Conv2d(256, 256, kernel_size=(3, 3), stride=(1, 1), padding=(1, 1))
    (norm7): BatchNorm2d(256, eps=1e-05, momentum=0.1, affine=True, track_running_stats=True)
    (relu7): ReLU(inplace=True)
    (conv8): Conv2d(256, 256, kernel_size=(3, 3), stride=(1, 1), padding=(1, 1))
    (norm8): BatchNorm2d(256, eps=1e-05, momentum=0.1, affine=True, track_running_stats=True)
    (relu8): ReLU(inplace=True)
    (pool9): MaxPool2d(kernel_size=2, stride=2, padding=0, dilation=1, ceil_mode=False)
    (conv10): Conv2d(256, 512, kernel_size=(3, 3), stride=(1, 1), padding=(1, 1))
    (norm10): BatchNorm2d(512, eps=1e-05, momentum=0.1, affine=True, track_running_stats=True)
    (relu10): ReLU(inplace=True)
    (conv11): Conv2d(512, 512, kernel_size=(3, 3), stride=(1, 1), padding=(1, 1))
    (norm11): BatchNorm2d(512, eps=1e-05, momentum=0.1, affine=True, track_running_stats=True)
    (relu11): ReLU(inplace=True)
    (conv12): Conv2d(512, 512, kernel_size=(3, 3), stride=(1, 1), padding=(1, 1))
    (norm12): BatchNorm2d(512, eps=1e-05, momentum=0.1, affine=True, track_running_stats=True)
    (relu12): ReLU(inplace=True)
    (pool13): MaxPool2d(kernel_size=2, stride=2, padding=0, dilation=1, ceil_mode=False)
    (conv14): Conv2d(512, 512, kernel_size=(3, 3), stride=(1, 1), padding=(1, 1))
    (norm14): BatchNorm2d(512, eps=1e-05, momentum=0.1, affine=True, track_running_stats=True)
    (relu14): ReLU(inplace=True)
    (conv15): Conv2d(512, 512, kernel_size=(3, 3), stride=(1, 1), padding=(1, 1))
    (norm15): BatchNorm2d(512, eps=1e-05, momentum=0.1, affine=True, track_running_stats=True)
    (relu15): ReLU(inplace=True)
    (conv16): Conv2d(512, 512, kernel_size=(3, 3), stride=(1, 1), padding=(1, 1))
    (norm16): BatchNorm2d(512, eps=1e-05, momentum=0.1, affine=True, track_running_stats=True)
    (relu16): ReLU(inplace=True)
  )
  (classifier): Sequential(
    (linear1): Linear(in_features=512, out_features=512, bias=True)
    (norm1): BatchNorm1d(512, eps=1e-05, momentum=0.1, affine=True, track_running_stats=True)
    (relu1): ReLU(inplace=True)
    (linear2): Linear(in_features=512, out_features=10, bias=True)
  )
)
01/29 03:29:39 AM | Save modules info...
01/29 03:29:39 AM | FLOPS pruning ratio is 0.65
01/29 03:29:39 AM | Pruning with information flow
01/29 03:29:39 AM | -----
01/29 03:29:39 AM | module: Conv2d(3, 64, kernel_size=(3, 3), stride=(1, 1), padding=(1, 1))
01/29 03:29:39 AM | cin: None
01/29 03:29:39 AM | cout: [0]
01/29 03:29:39 AM | inactive
01/29 03:29:39 AM | -----
01/29 03:29:39 AM | module: BatchNorm2d(64, eps=1e-05, momentum=0.1, affine=True, track_running_stats=True)
01/29 03:29:39 AM | cin: [0]
01/29 03:29:39 AM | cout: [0]
01/29 03:29:39 AM | inactive
01/29 03:29:39 AM | -----
01/29 03:29:39 AM | module: ReLU(inplace=True)
01/29 03:29:39 AM | cin: [0]
01/29 03:29:39 AM | cout: [0]
01/29 03:29:39 AM | active
01/29 03:29:39 AM | -----
01/29 03:29:39 AM | module: Conv2d(64, 64, kernel_size=(3, 3), stride=(1, 1), padding=(1, 1))
01/29 03:29:39 AM | cin: [0]
01/29 03:29:39 AM | cout: [1]
01/29 03:29:39 AM | inactive
01/29 03:29:39 AM | -----
01/29 03:29:39 AM | module: BatchNorm2d(64, eps=1e-05, momentum=0.1, affine=True, track_running_stats=True)
01/29 03:29:39 AM | cin: [1]
01/29 03:29:39 AM | cout: [1]
01/29 03:29:39 AM | inactive
01/29 03:29:39 AM | -----
01/29 03:29:39 AM | module: ReLU(inplace=True)
01/29 03:29:39 AM | cin: [1]
01/29 03:29:39 AM | cout: [1]
01/29 03:29:39 AM | active
01/29 03:29:39 AM | -----
01/29 03:29:39 AM | module: MaxPool2d(kernel_size=2, stride=2, padding=0, dilation=1, ceil_mode=False)
01/29 03:29:39 AM | cin: [1]
01/29 03:29:39 AM | cout: [1]
01/29 03:29:39 AM | inactive
01/29 03:29:39 AM | -----
01/29 03:29:39 AM | module: Conv2d(64, 128, kernel_size=(3, 3), stride=(1, 1), padding=(1, 1))
01/29 03:29:39 AM | cin: [1]
01/29 03:29:39 AM | cout: [2]
01/29 03:29:39 AM | inactive
01/29 03:29:39 AM | -----
01/29 03:29:39 AM | module: BatchNorm2d(128, eps=1e-05, momentum=0.1, affine=True, track_running_stats=True)
01/29 03:29:39 AM | cin: [2]
01/29 03:29:39 AM | cout: [2]
01/29 03:29:39 AM | inactive
01/29 03:29:39 AM | -----
01/29 03:29:39 AM | module: ReLU(inplace=True)
01/29 03:29:39 AM | cin: [2]
01/29 03:29:39 AM | cout: [2]
01/29 03:29:39 AM | active
01/29 03:29:39 AM | -----
01/29 03:29:39 AM | module: Conv2d(128, 128, kernel_size=(3, 3), stride=(1, 1), padding=(1, 1))
01/29 03:29:39 AM | cin: [2]
01/29 03:29:39 AM | cout: [3]
01/29 03:29:39 AM | inactive
01/29 03:29:39 AM | -----
01/29 03:29:39 AM | module: BatchNorm2d(128, eps=1e-05, momentum=0.1, affine=True, track_running_stats=True)
01/29 03:29:39 AM | cin: [3]
01/29 03:29:39 AM | cout: [3]
01/29 03:29:39 AM | inactive
01/29 03:29:39 AM | -----
01/29 03:29:39 AM | module: ReLU(inplace=True)
01/29 03:29:39 AM | cin: [3]
01/29 03:29:39 AM | cout: [3]
01/29 03:29:39 AM | active
01/29 03:29:39 AM | -----
01/29 03:29:39 AM | module: MaxPool2d(kernel_size=2, stride=2, padding=0, dilation=1, ceil_mode=False)
01/29 03:29:39 AM | cin: [3]
01/29 03:29:39 AM | cout: [3]
01/29 03:29:39 AM | inactive
01/29 03:29:39 AM | -----
01/29 03:29:39 AM | module: Conv2d(128, 256, kernel_size=(3, 3), stride=(1, 1), padding=(1, 1))
01/29 03:29:39 AM | cin: [3]
01/29 03:29:39 AM | cout: [4]
01/29 03:29:39 AM | inactive
01/29 03:29:39 AM | -----
01/29 03:29:39 AM | module: BatchNorm2d(256, eps=1e-05, momentum=0.1, affine=True, track_running_stats=True)
01/29 03:29:39 AM | cin: [4]
01/29 03:29:39 AM | cout: [4]
01/29 03:29:39 AM | inactive
01/29 03:29:39 AM | -----
01/29 03:29:39 AM | module: ReLU(inplace=True)
01/29 03:29:39 AM | cin: [4]
01/29 03:29:39 AM | cout: [4]
01/29 03:29:39 AM | active
01/29 03:29:39 AM | -----
01/29 03:29:39 AM | module: Conv2d(256, 256, kernel_size=(3, 3), stride=(1, 1), padding=(1, 1))
01/29 03:29:39 AM | cin: [4]
01/29 03:29:39 AM | cout: [5]
01/29 03:29:39 AM | inactive
01/29 03:29:39 AM | -----
01/29 03:29:39 AM | module: BatchNorm2d(256, eps=1e-05, momentum=0.1, affine=True, track_running_stats=True)
01/29 03:29:39 AM | cin: [5]
01/29 03:29:39 AM | cout: [5]
01/29 03:29:39 AM | inactive
01/29 03:29:39 AM | -----
01/29 03:29:39 AM | module: ReLU(inplace=True)
01/29 03:29:39 AM | cin: [5]
01/29 03:29:39 AM | cout: [5]
01/29 03:29:39 AM | active
01/29 03:29:39 AM | -----
01/29 03:29:39 AM | module: Conv2d(256, 256, kernel_size=(3, 3), stride=(1, 1), padding=(1, 1))
01/29 03:29:39 AM | cin: [5]
01/29 03:29:39 AM | cout: [6]
01/29 03:29:39 AM | inactive
01/29 03:29:39 AM | -----
01/29 03:29:39 AM | module: BatchNorm2d(256, eps=1e-05, momentum=0.1, affine=True, track_running_stats=True)
01/29 03:29:39 AM | cin: [6]
01/29 03:29:39 AM | cout: [6]
01/29 03:29:39 AM | inactive
01/29 03:29:39 AM | -----
01/29 03:29:39 AM | module: ReLU(inplace=True)
01/29 03:29:39 AM | cin: [6]
01/29 03:29:39 AM | cout: [6]
01/29 03:29:39 AM | active
01/29 03:29:39 AM | -----
01/29 03:29:39 AM | module: MaxPool2d(kernel_size=2, stride=2, padding=0, dilation=1, ceil_mode=False)
01/29 03:29:39 AM | cin: [6]
01/29 03:29:39 AM | cout: [6]
01/29 03:29:39 AM | inactive
01/29 03:29:39 AM | -----
01/29 03:29:39 AM | module: Conv2d(256, 512, kernel_size=(3, 3), stride=(1, 1), padding=(1, 1))
01/29 03:29:39 AM | cin: [6]
01/29 03:29:39 AM | cout: [7]
01/29 03:29:39 AM | inactive
01/29 03:29:39 AM | -----
01/29 03:29:39 AM | module: BatchNorm2d(512, eps=1e-05, momentum=0.1, affine=True, track_running_stats=True)
01/29 03:29:39 AM | cin: [7]
01/29 03:29:39 AM | cout: [7]
01/29 03:29:39 AM | inactive
01/29 03:29:39 AM | -----
01/29 03:29:39 AM | module: ReLU(inplace=True)
01/29 03:29:39 AM | cin: [7]
01/29 03:29:39 AM | cout: [7]
01/29 03:29:39 AM | active
01/29 03:29:39 AM | -----
01/29 03:29:39 AM | module: Conv2d(512, 512, kernel_size=(3, 3), stride=(1, 1), padding=(1, 1))
01/29 03:29:39 AM | cin: [7]
01/29 03:29:39 AM | cout: [8]
01/29 03:29:39 AM | inactive
01/29 03:29:39 AM | -----
01/29 03:29:39 AM | module: BatchNorm2d(512, eps=1e-05, momentum=0.1, affine=True, track_running_stats=True)
01/29 03:29:39 AM | cin: [8]
01/29 03:29:39 AM | cout: [8]
01/29 03:29:39 AM | inactive
01/29 03:29:39 AM | -----
01/29 03:29:39 AM | module: ReLU(inplace=True)
01/29 03:29:39 AM | cin: [8]
01/29 03:29:39 AM | cout: [8]
01/29 03:29:39 AM | active
01/29 03:29:39 AM | -----
01/29 03:29:39 AM | module: Conv2d(512, 512, kernel_size=(3, 3), stride=(1, 1), padding=(1, 1))
01/29 03:29:39 AM | cin: [8]
01/29 03:29:39 AM | cout: [9]
01/29 03:29:39 AM | inactive
01/29 03:29:39 AM | -----
01/29 03:29:39 AM | module: BatchNorm2d(512, eps=1e-05, momentum=0.1, affine=True, track_running_stats=True)
01/29 03:29:39 AM | cin: [9]
01/29 03:29:39 AM | cout: [9]
01/29 03:29:39 AM | inactive
01/29 03:29:39 AM | -----
01/29 03:29:39 AM | module: ReLU(inplace=True)
01/29 03:29:39 AM | cin: [9]
01/29 03:29:39 AM | cout: [9]
01/29 03:29:39 AM | active
01/29 03:29:39 AM | -----
01/29 03:29:39 AM | module: MaxPool2d(kernel_size=2, stride=2, padding=0, dilation=1, ceil_mode=False)
01/29 03:29:39 AM | cin: [9]
01/29 03:29:39 AM | cout: [9]
01/29 03:29:39 AM | inactive
01/29 03:29:39 AM | -----
01/29 03:29:39 AM | module: Conv2d(512, 512, kernel_size=(3, 3), stride=(1, 1), padding=(1, 1))
01/29 03:29:39 AM | cin: [9]
01/29 03:29:39 AM | cout: [10]
01/29 03:29:39 AM | inactive
01/29 03:29:39 AM | -----
01/29 03:29:39 AM | module: BatchNorm2d(512, eps=1e-05, momentum=0.1, affine=True, track_running_stats=True)
01/29 03:29:39 AM | cin: [10]
01/29 03:29:39 AM | cout: [10]
01/29 03:29:39 AM | inactive
01/29 03:29:39 AM | -----
01/29 03:29:39 AM | module: ReLU(inplace=True)
01/29 03:29:39 AM | cin: [10]
01/29 03:29:39 AM | cout: [10]
01/29 03:29:39 AM | active
01/29 03:29:39 AM | -----
01/29 03:29:39 AM | module: Conv2d(512, 512, kernel_size=(3, 3), stride=(1, 1), padding=(1, 1))
01/29 03:29:39 AM | cin: [10]
01/29 03:29:39 AM | cout: [11]
01/29 03:29:39 AM | inactive
01/29 03:29:39 AM | -----
01/29 03:29:39 AM | module: BatchNorm2d(512, eps=1e-05, momentum=0.1, affine=True, track_running_stats=True)
01/29 03:29:39 AM | cin: [11]
01/29 03:29:39 AM | cout: [11]
01/29 03:29:39 AM | inactive
01/29 03:29:39 AM | -----
01/29 03:29:39 AM | module: ReLU(inplace=True)
01/29 03:29:39 AM | cin: [11]
01/29 03:29:39 AM | cout: [11]
01/29 03:29:39 AM | active
01/29 03:29:39 AM | -----
01/29 03:29:39 AM | module: Conv2d(512, 512, kernel_size=(3, 3), stride=(1, 1), padding=(1, 1))
01/29 03:29:39 AM | cin: [11]
01/29 03:29:39 AM | cout: [12]
01/29 03:29:39 AM | inactive
01/29 03:29:39 AM | -----
01/29 03:29:39 AM | module: BatchNorm2d(512, eps=1e-05, momentum=0.1, affine=True, track_running_stats=True)
01/29 03:29:39 AM | cin: [12]
01/29 03:29:39 AM | cout: [12]
01/29 03:29:39 AM | inactive
01/29 03:29:39 AM | -----
01/29 03:29:39 AM | module: ReLU(inplace=True)
01/29 03:29:39 AM | cin: [12]
01/29 03:29:39 AM | cout: [12]
01/29 03:29:39 AM | active
01/29 03:29:39 AM | -----
01/29 03:29:39 AM | module: Linear(in_features=512, out_features=512, bias=True)
01/29 03:29:39 AM | cin: [12]
01/29 03:29:39 AM | cout: None
01/29 03:29:39 AM | inactive
01/29 03:29:39 AM | -----
01/29 03:29:39 AM | module: ReLU(inplace=True)
01/29 03:29:39 AM | cin: None
01/29 03:29:39 AM | cout: None
01/29 03:29:39 AM | active
01/29 03:29:39 AM | -----
01/29 03:29:39 AM | module: Linear(in_features=512, out_features=10, bias=True)
01/29 03:29:39 AM | cin: None
01/29 03:29:39 AM | cout: None
01/29 03:29:39 AM | inactive
01/29 03:29:39 AM | Used masks: [0, 1, 2, 3, 4, 5, 6, 7, 8, 9, 10, 11, 12]
01/29 03:29:39 AM | 13 unique masks in total
01/29 03:29:40 AM | === Batch 1/130
01/29 03:29:40 AM | loss = 0.166 + 4.266 + 0.040 = 4.472
01/29 03:29:40 AM | attribution_score[0:12]: 
[ 0.83  0.94  0.83  0.83  0.83  0.83  0.83  0.83  0.83  0.94  0.83  0.94 ]
[ 0.94  0.83  0.94  0.83  0.94  0.83  0.94  0.83  0.83  0.94  0.83  0.83 ]
[ 0.94  0.94  0.83  0.94  0.83  0.83  0.94  0.94  0.83  0.83  0.83  0.94 ]
[ 0.83  0.94  0.94  0.94  0.94  0.94  0.83  0.83  0.94  0.83  0.94  0.94 ]
[ 0.94  0.83  0.83  0.83  0.83  0.94  0.83  0.83  0.83  0.83  0.83  0.83 ]
[ 0.83  0.83  0.83  0.94  0.83  0.83  0.94  0.83  0.83  0.83  0.83  0.83 ]
[ 0.94  0.83  0.83  0.83  0.83  0.83  0.94  0.83  0.94  0.83  0.94  0.83 ]
[ 0.83  0.83  0.83  0.83  0.83  0.83  0.94  0.83  0.83  0.94  0.83  0.83 ]
[ 0.83  0.83  0.83  0.83  0.83  0.83  0.83  0.83  0.83  0.83  0.83  0.83 ]
[ 0.83  0.83  0.83  0.83  0.83  0.83  0.83  0.83  0.83  0.83  0.83  0.83 ]
[ 0.83  0.83  0.83  0.83  0.83  0.83  0.83  0.83  0.83  0.83  0.94  0.83 ]
[ 0.83  0.94  0.83  0.83  0.83  0.83  0.83  0.94  0.83  0.83  0.83  0.83 ]
[ 0.94  0.94  0.94  0.83  0.94  0.94  0.83  0.83  0.83  0.94  0.83  0.83 ]

01/29 03:29:40 AM | === Batch 2/130
01/29 03:29:40 AM | loss = 0.241 + 3.587 + 0.056 = 3.884
01/29 03:29:41 AM | attribution_score[0:12]: 
[ 0.88  0.97  0.73  0.75  0.73  0.74  0.75  0.73  0.73  0.93  0.73  0.96 ]
[ 0.94  0.73  0.95  0.73  0.94  0.86  0.94  0.74  0.75  0.96  0.87  0.74 ]
[ 0.96  0.96  0.73  0.96  0.76  0.88  0.94  0.95  0.73  0.73  0.84  0.95 ]
[ 0.78  0.91  0.91  0.97  0.96  0.97  0.79  0.74  0.94  0.75  0.92  0.95 ]
[ 0.96  0.88  0.75  0.73  0.81  0.96  0.73  0.73  0.87  0.75  0.78  0.75 ]
[ 0.73  0.86  0.74  0.94  0.79  0.75  0.92  0.73  0.75  0.74  0.73  0.74 ]
[ 0.94  0.74  0.80  0.82  0.73  0.73  0.94  0.87  0.96  0.85  0.97  0.77 ]
[ 0.73  0.73  0.73  0.73  0.74  0.75  0.96  0.73  0.73  0.91  0.73  0.74 ]
[ 0.74  0.73  0.73  0.73  0.76  0.73  0.73  0.73  0.81  0.73  0.73  0.85 ]
[ 0.74  0.74  0.73  0.73  0.75  0.76  0.73  0.73  0.74  0.73  0.74  0.76 ]
[ 0.73  0.88  0.81  0.74  0.73  0.73  0.84  0.86  0.73  0.77  0.97  0.88 ]
[ 0.88  0.97  0.82  0.87  0.88  0.78  0.87  0.97  0.76  0.76  0.87  0.76 ]
[ 0.96  0.97  0.97  0.86  0.96  0.96  0.85  0.88  0.88  0.95  0.75  0.75 ]

01/29 03:29:41 AM | === Batch 3/130
01/29 03:29:41 AM | loss = 0.187 + 2.847 + 0.073 = 3.107
01/29 03:29:41 AM | attribution_score[0:12]: 
[ 0.91  0.98  0.62  0.63  0.61  0.62  0.63  0.60  0.60  0.91  0.61  0.96 ]
[ 0.94  0.60  0.94  0.60  0.92  0.88  0.93  0.62  0.65  0.97  0.90  0.62 ]
[ 0.97  0.98  0.61  0.97  0.65  0.91  0.92  0.95  0.60  0.62  0.79  0.95 ]
[ 0.69  0.87  0.87  0.98  0.96  0.98  0.72  0.61  0.94  0.63  0.88  0.96 ]
[ 0.97  0.92  0.73  0.60  0.77  0.96  0.60  0.61  0.91  0.69  0.74  0.72 ]
[ 0.60  0.89  0.62  0.92  0.72  0.65  0.87  0.60  0.65  0.62  0.60  0.61 ]
[ 0.92  0.62  0.73  0.77  0.65  0.60  0.91  0.86  0.97  0.89  0.98  0.70 ]
[ 0.60  0.60  0.60  0.60  0.62  0.65  0.96  0.60  0.60  0.86  0.60  0.63 ]
[ 0.62  0.60  0.60  0.60  0.66  0.60  0.60  0.60  0.76  0.60  0.60  0.87 ]
[ 0.62  0.61  0.61  0.60  0.64  0.66  0.60  0.60  0.61  0.60  0.61  0.65 ]
[ 0.60  0.92  0.83  0.61  0.60  0.61  0.86  0.87  0.60  0.69  0.98  0.86 ]
[ 0.91  0.98  0.78  0.91  0.92  0.72  0.90  0.98  0.65  0.78  0.90  0.65 ]
[ 0.97  0.98  0.98  0.81  0.97  0.98  0.88  0.92  0.91  0.96  0.77  0.66 ]

01/29 03:29:41 AM | === Batch 4/130
01/29 03:29:41 AM | loss = 0.400 + 1.920 + 0.096 = 2.415
01/29 03:29:41 AM | attribution_score[0:12]: 
[ 0.94  0.98  0.50  0.49  0.46  0.48  0.49  0.46  0.45  0.86  0.46  0.96 ]
[ 0.93  0.46  0.92  0.45  0.90  0.89  0.92  0.49  0.53  0.96  0.93  0.48 ]
[ 0.97  0.98  0.47  0.97  0.53  0.93  0.90  0.95  0.45  0.48  0.72  0.95 ]
[ 0.57  0.80  0.81  0.98  0.97  0.98  0.73  0.47  0.94  0.58  0.82  0.97 ]
[ 0.97  0.93  0.69  0.51  0.80  0.96  0.45  0.47  0.93  0.59  0.76  0.64 ]
[ 0.46  0.90  0.47  0.90  0.61  0.51  0.83  0.47  0.53  0.48  0.46  0.55 ]
[ 0.88  0.51  0.62  0.70  0.54  0.46  0.89  0.87  0.97  0.92  0.99  0.60 ]
[ 0.45  0.47  0.47  0.46  0.49  0.53  0.96  0.45  0.46  0.79  0.47  0.52 ]
[ 0.48  0.53  0.45  0.50  0.54  0.45  0.45  0.50  0.70  0.45  0.55  0.90 ]
[ 0.50  0.47  0.46  0.45  0.51  0.54  0.45  0.45  0.47  0.45  0.52  0.54 ]
[ 0.46  0.95  0.88  0.51  0.50  0.48  0.90  0.88  0.65  0.74  0.99  0.82 ]
[ 0.93  0.99  0.78  0.95  0.95  0.74  0.93  0.99  0.58  0.81  0.93  0.52 ]
[ 0.98  0.99  0.99  0.74  0.98  0.99  0.92  0.95  0.94  0.96  0.76  0.54 ]

01/29 03:29:41 AM | === Batch 5/130
01/29 03:29:42 AM | loss = 0.815 + 1.067 + 0.111 = 1.993
01/29 03:29:42 AM | attribution_score[0:12]: 
[ 0.96  0.98  0.37  0.35  0.32  0.34  0.35  0.32  0.31  0.80  0.33  0.97 ]
[ 0.93  0.32  0.93  0.31  0.85  0.90  0.93  0.36  0.48  0.96  0.93  0.37 ]
[ 0.97  0.98  0.33  0.98  0.39  0.95  0.85  0.95  0.32  0.34  0.62  0.95 ]
[ 0.43  0.79  0.72  0.99  0.96  0.99  0.67  0.44  0.93  0.60  0.84  0.97 ]
[ 0.98  0.95  0.61  0.42  0.81  0.96  0.32  0.34  0.94  0.47  0.74  0.54 ]
[ 0.38  0.90  0.34  0.85  0.49  0.39  0.79  0.34  0.43  0.40  0.32  0.52 ]
[ 0.86  0.38  0.54  0.60  0.56  0.33  0.89  0.89  0.97  0.93  0.99  0.50 ]
[ 0.31  0.39  0.33  0.32  0.37  0.40  0.96  0.31  0.47  0.68  0.36  0.43 ]
[ 0.43  0.58  0.31  0.51  0.53  0.32  0.32  0.43  0.74  0.41  0.57  0.93 ]
[ 0.45  0.37  0.32  0.31  0.48  0.54  0.33  0.31  0.52  0.32  0.44  0.52 ]
[ 0.32  0.96  0.92  0.40  0.46  0.54  0.93  0.91  0.73  0.78  0.99  0.86 ]
[ 0.95  0.99  0.83  0.97  0.97  0.79  0.95  0.99  0.53  0.85  0.95  0.60 ]
[ 0.98  0.99  0.99  0.77  0.98  0.99  0.95  0.97  0.96  0.95  0.71  0.41 ]

01/29 03:29:42 AM | === Batch 6/130
01/29 03:29:42 AM | loss = 1.149 + 0.481 + 0.095 = 1.725
01/29 03:29:42 AM | attribution_score[0:12]: 
[ 0.97  0.99  0.27  0.23  0.21  0.23  0.25  0.20  0.20  0.71  0.21  0.97 ]
[ 0.93  0.21  0.95  0.20  0.77  0.91  0.93  0.24  0.44  0.96  0.93  0.36 ]
[ 0.97  0.98  0.21  0.98  0.27  0.96  0.79  0.94  0.21  0.23  0.51  0.96 ]
[ 0.42  0.75  0.68  0.99  0.95  0.99  0.63  0.41  0.94  0.60  0.81  0.96 ]
[ 0.98  0.95  0.61  0.33  0.80  0.95  0.21  0.25  0.95  0.50  0.73  0.43 ]
[ 0.40  0.91  0.22  0.79  0.41  0.27  0.72  0.25  0.33  0.31  0.21  0.53 ]
[ 0.88  0.29  0.51  0.58  0.64  0.23  0.91  0.89  0.96  0.95  0.99  0.40 ]
[ 0.20  0.32  0.22  0.20  0.28  0.34  0.95  0.20  0.50  0.58  0.33  0.34 ]
[ 0.47  0.59  0.21  0.55  0.54  0.21  0.23  0.39  0.78  0.42  0.60  0.93 ]
[ 0.41  0.31  0.21  0.20  0.49  0.59  0.23  0.20  0.60  0.22  0.36  0.53 ]
[ 0.21  0.97  0.93  0.30  0.38  0.62  0.95  0.94  0.80  0.76  1.00  0.90 ]
[ 0.96  1.00  0.88  0.98  0.98  0.84  0.96  1.00  0.45  0.90  0.97  0.68 ]
[ 0.99  1.00  1.00  0.83  0.99  1.00  0.96  0.98  0.97  0.94  0.73  0.41 ]

01/29 03:29:42 AM | === Batch 7/130
01/29 03:29:43 AM | loss = 1.071 + 0.064 + 0.081 = 1.216
01/29 03:29:43 AM | attribution_score[0:12]: 
[ 0.97  0.99  0.18  0.15  0.13  0.15  0.17  0.13  0.12  0.62  0.13  0.97 ]
[ 0.93  0.13  0.95  0.12  0.68  0.92  0.94  0.16  0.40  0.96  0.93  0.36 ]
[ 0.97  0.98  0.13  0.98  0.17  0.97  0.69  0.94  0.13  0.15  0.38  0.95 ]
[ 0.41  0.70  0.69  0.99  0.95  0.99  0.62  0.38  0.94  0.57  0.79  0.95 ]
[ 0.98  0.96  0.65  0.25  0.77  0.96  0.14  0.17  0.96  0.51  0.73  0.39 ]
[ 0.39  0.91  0.14  0.70  0.32  0.20  0.70  0.18  0.26  0.23  0.13  0.60 ]
[ 0.90  0.20  0.43  0.55  0.72  0.17  0.92  0.87  0.96  0.96  1.00  0.29 ]
[ 0.12  0.33  0.15  0.13  0.22  0.32  0.95  0.12  0.58  0.45  0.30  0.26 ]
[ 0.52  0.58  0.14  0.62  0.60  0.14  0.16  0.34  0.79  0.45  0.65  0.94 ]
[ 0.38  0.24  0.13  0.12  0.48  0.64  0.16  0.13  0.69  0.16  0.34  0.54 ]
[ 0.14  0.98  0.93  0.23  0.31  0.71  0.96  0.96  0.87  0.72  1.00  0.93 ]
[ 0.97  1.00  0.91  0.98  0.98  0.88  0.97  1.00  0.34  0.93  0.98  0.77 ]
[ 0.99  1.00  1.00  0.87  0.99  1.00  0.97  0.98  0.98  0.93  0.77  0.42 ]

01/29 03:29:43 AM | === Batch 8/130
01/29 03:29:43 AM | loss = 1.205 + 0.453 + 0.071 = 1.729
01/29 03:29:43 AM | attribution_score[0:12]: 
[ 0.98  0.99  0.16  0.11  0.10  0.12  0.15  0.09  0.09  0.65  0.10  0.97 ]
[ 0.94  0.09  0.96  0.08  0.70  0.92  0.95  0.11  0.39  0.96  0.93  0.41 ]
[ 0.97  0.99  0.10  0.98  0.14  0.98  0.70  0.94  0.10  0.11  0.35  0.96 ]
[ 0.42  0.70  0.75  0.99  0.95  0.99  0.67  0.39  0.95  0.61  0.83  0.96 ]
[ 0.98  0.97  0.71  0.25  0.76  0.96  0.10  0.15  0.96  0.54  0.78  0.40 ]
[ 0.42  0.92  0.11  0.70  0.32  0.19  0.71  0.17  0.23  0.19  0.09  0.69 ]
[ 0.92  0.19  0.37  0.58  0.80  0.15  0.94  0.87  0.96  0.97  1.00  0.28 ]
[ 0.09  0.38  0.12  0.09  0.20  0.34  0.95  0.09  0.67  0.48  0.35  0.22 ]
[ 0.58  0.64  0.11  0.70  0.68  0.11  0.14  0.38  0.81  0.46  0.73  0.95 ]
[ 0.42  0.23  0.10  0.09  0.53  0.69  0.14  0.09  0.77  0.15  0.39  0.61 ]
[ 0.12  0.99  0.95  0.24  0.35  0.79  0.96  0.97  0.91  0.76  1.00  0.95 ]
[ 0.98  1.00  0.94  0.99  0.98  0.91  0.97  1.00  0.35  0.96  0.98  0.84 ]
[ 0.99  1.00  1.00  0.90  0.99  1.00  0.98  0.99  0.99  0.94  0.79  0.46 ]

01/29 03:29:43 AM | === Batch 9/130
01/29 03:29:43 AM | loss = 1.074 + 0.371 + 0.064 = 1.509
01/29 03:29:44 AM | attribution_score[0:12]: 
[ 0.98  0.99  0.17  0.09  0.08  0.11  0.15  0.07  0.07  0.72  0.08  0.98 ]
[ 0.95  0.08  0.97  0.06  0.74  0.93  0.96  0.09  0.44  0.97  0.93  0.49 ]
[ 0.98  0.99  0.08  0.98  0.13  0.98  0.75  0.94  0.10  0.09  0.37  0.97 ]
[ 0.42  0.73  0.81  0.99  0.96  1.00  0.71  0.42  0.96  0.68  0.87  0.97 ]
[ 0.99  0.97  0.77  0.28  0.76  0.97  0.08  0.14  0.97  0.61  0.82  0.47 ]
[ 0.48  0.93  0.09  0.73  0.35  0.20  0.76  0.18  0.23  0.18  0.07  0.77 ]
[ 0.93  0.20  0.37  0.65  0.86  0.15  0.96  0.87  0.96  0.98  1.00  0.29 ]
[ 0.06  0.46  0.11  0.07  0.20  0.39  0.96  0.06  0.76  0.54  0.42  0.21 ]
[ 0.67  0.70  0.09  0.78  0.76  0.10  0.14  0.45  0.82  0.50  0.81  0.96 ]
[ 0.49  0.24  0.08  0.07  0.61  0.75  0.14  0.07  0.84  0.15  0.47  0.70 ]
[ 0.12  0.99  0.96  0.26  0.41  0.85  0.97  0.98  0.95  0.80  1.00  0.96 ]
[ 0.99  1.00  0.96  0.99  0.99  0.94  0.98  1.00  0.38  0.97  0.99  0.88 ]
[ 0.99  1.00  1.00  0.92  1.00  1.00  0.99  0.99  0.99  0.95  0.82  0.51 ]

01/29 03:29:44 AM | === Batch 10/130
01/29 03:29:44 AM | loss = 1.017 + 0.006 + 0.059 = 1.083
01/29 03:29:44 AM | attribution_score[0:12]: 
[ 0.98  0.99  0.19  0.08  0.08  0.11  0.16  0.06  0.06  0.79  0.07  0.98 ]
[ 0.97  0.07  0.98  0.05  0.77  0.93  0.97  0.07  0.50  0.98  0.93  0.58 ]
[ 0.98  0.99  0.08  0.99  0.12  0.99  0.81  0.95  0.10  0.09  0.42  0.97 ]
[ 0.38  0.79  0.86  0.99  0.96  1.00  0.76  0.48  0.97  0.74  0.91  0.97 ]
[ 0.99  0.98  0.82  0.34  0.73  0.98  0.07  0.14  0.97  0.69  0.83  0.55 ]
[ 0.57  0.94  0.08  0.79  0.41  0.23  0.82  0.22  0.25  0.19  0.06  0.84 ]
[ 0.95  0.24  0.41  0.72  0.90  0.16  0.97  0.87  0.97  0.98  1.00  0.35 ]
[ 0.05  0.56  0.12  0.06  0.22  0.48  0.97  0.05  0.83  0.63  0.51  0.21 ]
[ 0.75  0.77  0.09  0.83  0.83  0.10  0.15  0.54  0.79  0.53  0.87  0.97 ]
[ 0.58  0.27  0.07  0.06  0.70  0.81  0.15  0.07  0.88  0.16  0.56  0.78 ]
[ 0.13  0.99  0.97  0.29  0.47  0.90  0.97  0.99  0.96  0.83  1.00  0.97 ]
[ 0.99  1.00  0.97  0.99  0.99  0.96  0.98  1.00  0.44  0.98  0.99  0.92 ]
[ 1.00  1.00  1.00  0.94  1.00  1.00  0.99  0.99  0.99  0.97  0.87  0.59 ]

01/29 03:29:44 AM | === Batch 11/130
01/29 03:29:44 AM | loss = 0.915 + 0.266 + 0.055 = 1.236
01/29 03:29:45 AM | attribution_score[0:12]: 
[ 0.99  0.99  0.22  0.07  0.07  0.11  0.16  0.05  0.05  0.83  0.07  0.98 ]
[ 0.97  0.07  0.98  0.04  0.79  0.93  0.98  0.06  0.58  0.98  0.93  0.65 ]
[ 0.99  0.99  0.08  0.99  0.12  0.99  0.84  0.96  0.10  0.08  0.45  0.98 ]
[ 0.34  0.82  0.89  0.99  0.96  1.00  0.80  0.47  0.98  0.76  0.93  0.97 ]
[ 0.99  0.98  0.82  0.43  0.68  0.98  0.06  0.14  0.98  0.78  0.83  0.62 ]
[ 0.65  0.95  0.08  0.83  0.43  0.25  0.86  0.25  0.27  0.22  0.05  0.88 ]
[ 0.96  0.31  0.45  0.78  0.93  0.19  0.98  0.85  0.98  0.98  1.00  0.37 ]
[ 0.04  0.65  0.13  0.05  0.23  0.56  0.97  0.04  0.87  0.72  0.54  0.21 ]
[ 0.81  0.83  0.09  0.86  0.89  0.10  0.14  0.62  0.74  0.49  0.91  0.98 ]
[ 0.61  0.24  0.06  0.05  0.73  0.82  0.16  0.06  0.90  0.17  0.66  0.84 ]
[ 0.14  0.99  0.98  0.33  0.53  0.93  0.98  0.99  0.98  0.85  1.00  0.98 ]
[ 0.99  1.00  0.98  0.99  0.99  0.97  0.98  1.00  0.47  0.99  0.99  0.93 ]
[ 1.00  1.00  1.00  0.95  1.00  1.00  0.99  0.99  0.99  0.98  0.89  0.62 ]

01/29 03:29:45 AM | === Batch 12/130
01/29 03:29:45 AM | loss = 0.987 + 0.447 + 0.052 = 1.486
01/29 03:29:45 AM | attribution_score[0:12]: 
[ 0.99  1.00  0.23  0.06  0.07  0.11  0.16  0.05  0.04  0.86  0.06  0.99 ]
[ 0.98  0.07  0.98  0.03  0.80  0.93  0.98  0.05  0.67  0.98  0.93  0.68 ]
[ 0.99  0.99  0.08  0.99  0.12  0.99  0.87  0.96  0.09  0.07  0.47  0.98 ]
[ 0.30  0.84  0.92  0.99  0.96  1.00  0.84  0.46  0.98  0.75  0.95  0.98 ]
[ 0.99  0.98  0.80  0.54  0.63  0.99  0.05  0.13  0.98  0.84  0.83  0.70 ]
[ 0.70  0.96  0.07  0.87  0.42  0.28  0.89  0.26  0.29  0.27  0.04  0.91 ]
[ 0.96  0.39  0.45  0.82  0.94  0.21  0.98  0.82  0.98  0.99  1.00  0.40 ]
[ 0.03  0.69  0.13  0.04  0.23  0.61  0.98  0.03  0.89  0.76  0.52  0.21 ]
[ 0.84  0.87  0.08  0.87  0.92  0.09  0.13  0.66  0.68  0.42  0.93  0.98 ]
[ 0.62  0.20  0.05  0.04  0.73  0.81  0.16  0.05  0.91  0.16  0.70  0.87 ]
[ 0.15  0.99  0.98  0.37  0.57  0.95  0.98  0.99  0.98  0.86  1.00  0.98 ]
[ 0.99  1.00  0.98  1.00  0.99  0.98  0.99  1.00  0.47  0.99  1.00  0.94 ]
[ 1.00  1.00  1.00  0.95  1.00  1.00  0.99  0.99  1.00  0.98  0.89  0.60 ]

01/29 03:29:45 AM | === Batch 13/130
01/29 03:29:45 AM | loss = 0.796 + 0.546 + 0.049 = 1.391
01/29 03:29:45 AM | attribution_score[0:12]: 
[ 0.99  1.00  0.23  0.05  0.06  0.12  0.15  0.04  0.03  0.88  0.05  0.99 ]
[ 0.98  0.07  0.99  0.03  0.80  0.94  0.98  0.04  0.75  0.98  0.93  0.68 ]
[ 0.99  0.99  0.08  0.99  0.11  0.99  0.88  0.97  0.08  0.06  0.47  0.99 ]
[ 0.27  0.85  0.93  1.00  0.96  1.00  0.87  0.45  0.98  0.73  0.96  0.98 ]
[ 0.99  0.99  0.77  0.64  0.64  0.99  0.05  0.13  0.98  0.89  0.83  0.76 ]
[ 0.74  0.96  0.07  0.88  0.39  0.29  0.92  0.25  0.30  0.35  0.04  0.93 ]
[ 0.97  0.49  0.47  0.85  0.95  0.24  0.99  0.77  0.98  0.99  1.00  0.41 ]
[ 0.03  0.71  0.12  0.04  0.21  0.63  0.98  0.03  0.90  0.78  0.48  0.20 ]
[ 0.86  0.89  0.07  0.88  0.94  0.08  0.11  0.70  0.60  0.33  0.95  0.99 ]
[ 0.62  0.16  0.05  0.04  0.70  0.80  0.15  0.04  0.91  0.14  0.72  0.89 ]
[ 0.15  0.99  0.99  0.40  0.59  0.96  0.98  0.99  0.99  0.86  1.00  0.98 ]
[ 1.00  1.00  0.99  1.00  1.00  0.98  0.99  1.00  0.45  0.99  1.00  0.95 ]
[ 1.00  1.00  1.00  0.96  1.00  1.00  0.99  0.99  1.00  0.98  0.89  0.56 ]

01/29 03:29:45 AM | === Batch 14/130
01/29 03:29:45 AM | loss = 0.654 + 0.581 + 0.046 = 1.282
01/29 03:29:46 AM | attribution_score[0:12]: 
[ 0.99  1.00  0.23  0.04  0.05  0.11  0.14  0.03  0.03  0.89  0.04  0.99 ]
[ 0.99  0.07  0.99  0.02  0.80  0.95  0.99  0.04  0.83  0.98  0.92  0.66 ]
[ 0.99  0.99  0.08  0.99  0.10  0.99  0.89  0.97  0.07  0.05  0.46  0.99 ]
[ 0.26  0.85  0.94  1.00  0.96  1.00  0.88  0.42  0.98  0.70  0.96  0.98 ]
[ 0.99  0.99  0.71  0.73  0.67  0.99  0.04  0.13  0.98  0.92  0.83  0.78 ]
[ 0.77  0.97  0.06  0.90  0.33  0.32  0.94  0.23  0.29  0.45  0.03  0.94 ]
[ 0.97  0.60  0.45  0.87  0.95  0.27  0.99  0.71  0.98  0.99  1.00  0.41 ]
[ 0.02  0.72  0.13  0.03  0.18  0.64  0.98  0.02  0.91  0.78  0.42  0.19 ]
[ 0.88  0.91  0.06  0.88  0.96  0.08  0.09  0.72  0.57  0.25  0.96  0.99 ]
[ 0.60  0.12  0.04  0.03  0.64  0.77  0.13  0.03  0.92  0.12  0.72  0.91 ]
[ 0.15  1.00  0.99  0.43  0.61  0.97  0.98  0.99  0.99  0.87  1.00  0.98 ]
[ 1.00  1.00  0.99  1.00  1.00  0.99  0.99  1.00  0.40  0.99  1.00  0.96 ]
[ 1.00  1.00  1.00  0.96  1.00  1.00  0.99  0.99  1.00  0.99  0.88  0.52 ]

01/29 03:29:46 AM | === Batch 15/130
01/29 03:29:46 AM | loss = 0.541 + 0.575 + 0.044 = 1.160
01/29 03:29:46 AM | attribution_score[0:12]: 
[ 0.99  1.00  0.21  0.03  0.05  0.11  0.12  0.03  0.02  0.90  0.04  0.99 ]
[ 0.99  0.07  0.99  0.02  0.80  0.95  0.99  0.03  0.87  0.98  0.93  0.65 ]
[ 0.99  0.99  0.07  0.99  0.08  0.99  0.89  0.97  0.06  0.05  0.43  0.99 ]
[ 0.25  0.85  0.95  1.00  0.95  1.00  0.89  0.38  0.98  0.66  0.97  0.98 ]
[ 0.99  0.98  0.64  0.80  0.68  0.99  0.04  0.12  0.99  0.94  0.84  0.79 ]
[ 0.79  0.97  0.06  0.91  0.31  0.35  0.95  0.21  0.28  0.53  0.03  0.95 ]
[ 0.97  0.71  0.41  0.88  0.96  0.28  0.99  0.63  0.98  0.99  1.00  0.38 ]
[ 0.02  0.72  0.13  0.03  0.16  0.64  0.98  0.02  0.92  0.77  0.36  0.17 ]
[ 0.88  0.92  0.05  0.88  0.97  0.07  0.08  0.72  0.55  0.18  0.97  0.99 ]
[ 0.56  0.09  0.03  0.02  0.57  0.72  0.11  0.03  0.92  0.09  0.71  0.92 ]
[ 0.14  1.00  0.99  0.46  0.64  0.98  0.98  0.99  0.99  0.87  1.00  0.98 ]
[ 1.00  1.00  0.99  1.00  1.00  0.99  0.99  1.00  0.34  1.00  1.00  0.96 ]
[ 1.00  1.00  1.00  0.96  1.00  1.00  0.99  1.00  1.00  0.99  0.88  0.50 ]

01/29 03:29:46 AM | === Batch 16/130
01/29 03:29:46 AM | loss = 0.323 + 0.540 + 0.042 = 0.905
01/29 03:29:47 AM | attribution_score[0:12]: 
[ 0.99  1.00  0.19  0.03  0.04  0.11  0.11  0.03  0.02  0.91  0.03  0.99 ]
[ 0.99  0.07  0.99  0.01  0.78  0.95  0.99  0.03  0.91  0.98  0.93  0.63 ]
[ 0.99  0.99  0.07  0.99  0.07  0.99  0.88  0.97  0.05  0.04  0.38  0.99 ]
[ 0.25  0.84  0.95  1.00  0.95  1.00  0.91  0.35  0.98  0.61  0.97  0.97 ]
[ 0.99  0.98  0.55  0.86  0.66  0.99  0.04  0.12  0.99  0.95  0.85  0.80 ]
[ 0.81  0.97  0.05  0.92  0.29  0.36  0.96  0.19  0.27  0.61  0.02  0.96 ]
[ 0.97  0.80  0.37  0.89  0.96  0.29  0.99  0.54  0.99  0.99  1.00  0.36 ]
[ 0.02  0.72  0.13  0.02  0.14  0.59  0.98  0.02  0.92  0.75  0.30  0.15 ]
[ 0.89  0.93  0.04  0.88  0.97  0.06  0.07  0.71  0.54  0.13  0.98  0.99 ]
[ 0.51  0.06  0.03  0.02  0.49  0.66  0.09  0.02  0.92  0.07  0.68  0.92 ]
[ 0.13  1.00  0.99  0.50  0.68  0.98  0.99  1.00  0.99  0.88  1.00  0.99 ]
[ 1.00  1.00  0.99  1.00  1.00  0.99  0.99  1.00  0.28  1.00  1.00  0.96 ]
[ 1.00  1.00  1.00  0.97  1.00  1.00  1.00  1.00  1.00  0.99  0.86  0.45 ]

01/29 03:29:47 AM | === Batch 17/130
01/29 03:29:47 AM | loss = 0.394 + 0.483 + 0.040 = 0.918
01/29 03:29:47 AM | attribution_score[0:12]: 
[ 0.99  1.00  0.17  0.02  0.04  0.11  0.09  0.02  0.02  0.92  0.03  0.99 ]
[ 0.99  0.06  0.99  0.01  0.76  0.95  0.99  0.02  0.93  0.98  0.94  0.63 ]
[ 0.99  1.00  0.06  0.99  0.06  0.99  0.87  0.98  0.04  0.03  0.32  0.99 ]
[ 0.26  0.82  0.96  1.00  0.94  1.00  0.91  0.32  0.98  0.59  0.97  0.97 ]
[ 1.00  0.98  0.47  0.90  0.62  1.00  0.04  0.11  0.99  0.96  0.85  0.81 ]
[ 0.84  0.97  0.05  0.92  0.27  0.39  0.97  0.16  0.24  0.64  0.02  0.97 ]
[ 0.98  0.86  0.32  0.89  0.97  0.34  0.99  0.43  0.99  0.99  1.00  0.33 ]
[ 0.01  0.72  0.12  0.02  0.12  0.53  0.98  0.01  0.93  0.73  0.25  0.14 ]
[ 0.89  0.94  0.03  0.88  0.98  0.05  0.06  0.69  0.52  0.10  0.98  0.99 ]
[ 0.46  0.05  0.02  0.02  0.40  0.59  0.07  0.02  0.92  0.06  0.63  0.93 ]
[ 0.11  1.00  0.99  0.53  0.73  0.98  0.99  1.00  1.00  0.89  1.00  0.99 ]
[ 1.00  1.00  0.99  1.00  1.00  0.99  0.99  1.00  0.21  1.00  1.00  0.97 ]
[ 1.00  1.00  1.00  0.97  1.00  1.00  1.00  1.00  1.00  0.99  0.85  0.42 ]

01/29 03:29:47 AM | === Batch 18/130
01/29 03:29:47 AM | loss = 0.485 + 0.420 + 0.039 = 0.943
01/29 03:29:47 AM | attribution_score[0:12]: 
[ 0.99  1.00  0.15  0.02  0.03  0.11  0.08  0.02  0.01  0.92  0.02  0.99 ]
[ 0.99  0.06  0.99  0.01  0.73  0.95  0.99  0.02  0.94  0.98  0.94  0.63 ]
[ 0.99  1.00  0.05  0.99  0.05  0.99  0.85  0.98  0.04  0.03  0.26  0.99 ]
[ 0.26  0.80  0.96  1.00  0.94  1.00  0.92  0.29  0.98  0.57  0.98  0.97 ]
[ 1.00  0.98  0.39  0.92  0.56  1.00  0.04  0.10  0.99  0.97  0.85  0.82 ]
[ 0.85  0.97  0.04  0.92  0.25  0.43  0.97  0.14  0.23  0.64  0.02  0.97 ]
[ 0.98  0.90  0.27  0.90  0.97  0.34  0.99  0.33  0.99  0.99  1.00  0.27 ]
[ 0.01  0.72  0.11  0.02  0.10  0.48  0.99  0.01  0.93  0.70  0.21  0.12 ]
[ 0.89  0.95  0.03  0.88  0.98  0.05  0.05  0.65  0.50  0.07  0.98  0.99 ]
[ 0.41  0.04  0.02  0.02  0.30  0.51  0.06  0.02  0.93  0.05  0.57  0.93 ]
[ 0.09  1.00  0.99  0.55  0.76  0.99  0.99  1.00  1.00  0.89  1.00  0.99 ]
[ 1.00  1.00  0.99  1.00  1.00  0.99  0.99  1.00  0.15  1.00  1.00  0.97 ]
[ 1.00  1.00  1.00  0.97  1.00  1.00  1.00  1.00  1.00  0.99  0.84  0.41 ]

01/29 03:29:47 AM | === Batch 19/130
01/29 03:29:48 AM | loss = 0.426 + 0.348 + 0.037 = 0.811
01/29 03:29:48 AM | attribution_score[0:12]: 
[ 1.00  1.00  0.13  0.02  0.03  0.11  0.07  0.02  0.01  0.92  0.02  0.99 ]
[ 0.99  0.05  0.99  0.01  0.71  0.95  0.99  0.02  0.95  0.98  0.95  0.62 ]
[ 0.99  1.00  0.05  0.99  0.04  1.00  0.84  0.98  0.03  0.02  0.21  0.99 ]
[ 0.27  0.77  0.97  1.00  0.93  1.00  0.93  0.27  0.97  0.55  0.98  0.97 ]
[ 1.00  0.98  0.32  0.94  0.49  1.00  0.04  0.09  0.99  0.97  0.86  0.83 ]
[ 0.85  0.98  0.04  0.91  0.23  0.46  0.98  0.11  0.22  0.63  0.01  0.98 ]
[ 0.98  0.93  0.21  0.89  0.97  0.31  0.99  0.24  0.99  0.99  1.00  0.22 ]
[ 0.01  0.73  0.09  0.02  0.09  0.42  0.99  0.01  0.94  0.67  0.18  0.10 ]
[ 0.89  0.95  0.02  0.88  0.98  0.04  0.04  0.61  0.47  0.05  0.99  0.99 ]
[ 0.36  0.03  0.02  0.01  0.23  0.43  0.05  0.02  0.93  0.04  0.50  0.93 ]
[ 0.07  1.00  0.99  0.56  0.78  0.99  0.99  1.00  1.00  0.90  1.00  0.99 ]
[ 1.00  1.00  0.99  1.00  1.00  0.99  0.99  1.00  0.11  1.00  1.00  0.97 ]
[ 1.00  1.00  1.00  0.97  1.00  1.00  1.00  1.00  1.00  0.99  0.84  0.40 ]

01/29 03:29:48 AM | === Batch 20/130
01/29 03:29:48 AM | loss = 0.716 + 0.273 + 0.036 = 1.024
01/29 03:29:48 AM | === Batch 21/130
01/29 03:29:48 AM | loss = 0.568 + 0.206 + 0.034 = 0.808
01/29 03:29:49 AM | === Batch 22/130
01/29 03:29:49 AM | loss = 0.512 + 0.144 + 0.033 = 0.690
01/29 03:29:49 AM | === Batch 23/130
01/29 03:29:49 AM | loss = 0.729 + 0.083 + 0.032 = 0.845
01/29 03:29:50 AM | === Batch 24/130
01/29 03:29:50 AM | loss = 0.639 + 0.025 + 0.031 = 0.696
01/29 03:29:50 AM | === Batch 25/130
01/29 03:29:50 AM | loss = 0.426 + 0.059 + 0.030 = 0.515
01/29 03:29:50 AM | === Batch 26/130
01/29 03:29:51 AM | loss = 0.442 + 0.048 + 0.029 = 0.519
01/29 03:29:51 AM | === Batch 27/130
01/29 03:29:51 AM | loss = 0.562 + 0.024 + 0.028 = 0.614
01/29 03:29:51 AM | === Batch 28/130
01/29 03:29:51 AM | loss = 0.371 + 0.056 + 0.027 = 0.453
01/29 03:29:52 AM | === Batch 29/130
01/29 03:29:52 AM | loss = 0.530 + 0.071 + 0.026 = 0.627
01/29 03:29:52 AM | === Batch 30/130
01/29 03:29:52 AM | loss = 0.456 + 0.075 + 0.025 = 0.557
01/29 03:29:52 AM | === Batch 31/130
01/29 03:29:53 AM | loss = 0.454 + 0.068 + 0.024 = 0.546
01/29 03:29:53 AM | === Batch 32/130
01/29 03:29:53 AM | loss = 0.493 + 0.051 + 0.024 = 0.568
01/29 03:29:53 AM | === Batch 33/130
01/29 03:29:53 AM | loss = 0.366 + 0.026 + 0.023 = 0.416
01/29 03:29:54 AM | === Batch 34/130
01/29 03:29:54 AM | loss = 0.429 + 0.011 + 0.023 = 0.464
01/29 03:29:54 AM | === Batch 35/130
01/29 03:29:54 AM | loss = 0.631 + 0.001 + 0.023 = 0.655
01/29 03:29:55 AM | === Batch 36/130
01/29 03:29:55 AM | loss = 0.452 + 0.002 + 0.022 = 0.477
01/29 03:29:55 AM | === Batch 37/130
01/29 03:29:55 AM | loss = 0.451 + 0.031 + 0.022 = 0.504
01/29 03:29:55 AM | === Batch 38/130
01/29 03:29:56 AM | loss = 0.474 + 0.048 + 0.021 = 0.543
01/29 03:29:56 AM | === Batch 39/130
01/29 03:29:56 AM | loss = 0.405 + 0.055 + 0.021 = 0.482
01/29 03:29:56 AM | === Batch 40/130
01/29 03:29:56 AM | loss = 0.600 + 0.054 + 0.021 = 0.675
01/29 03:29:57 AM | === Batch 41/130
01/29 03:29:57 AM | loss = 0.382 + 0.045 + 0.021 = 0.448
01/29 03:29:57 AM | === Batch 42/130
01/29 03:29:57 AM | loss = 0.527 + 0.030 + 0.021 = 0.578
01/29 03:29:57 AM | === Batch 43/130
01/29 03:29:58 AM | loss = 0.375 + 0.008 + 0.021 = 0.403
01/29 03:29:58 AM | === Batch 44/130
01/29 03:29:58 AM | loss = 0.457 + 0.035 + 0.020 = 0.513
01/29 03:29:58 AM | === Batch 45/130
01/29 03:29:58 AM | loss = 0.408 + 0.017 + 0.020 = 0.445
01/29 03:29:59 AM | === Batch 46/130
01/29 03:29:59 AM | loss = 0.450 + 0.029 + 0.019 = 0.499
01/29 03:29:59 AM | === Batch 47/130
01/29 03:29:59 AM | loss = 0.511 + 0.052 + 0.019 = 0.583
01/29 03:30:00 AM | === Batch 48/130
01/29 03:30:00 AM | loss = 0.418 + 0.066 + 0.019 = 0.503
01/29 03:30:00 AM | === Batch 49/130
01/29 03:30:00 AM | loss = 0.422 + 0.070 + 0.018 = 0.510
01/29 03:30:00 AM | === Batch 50/130
01/29 03:30:01 AM | loss = 0.471 + 0.064 + 0.018 = 0.554
01/29 03:30:01 AM | === Batch 51/130
01/29 03:30:01 AM | loss = 0.428 + 0.049 + 0.018 = 0.495
01/29 03:30:01 AM | === Batch 52/130
01/29 03:30:01 AM | loss = 0.477 + 0.028 + 0.018 = 0.523
01/29 03:30:02 AM | === Batch 53/130
01/29 03:30:02 AM | loss = 0.449 + 0.000 + 0.018 = 0.467
01/29 03:30:02 AM | === Batch 54/130
01/29 03:30:02 AM | loss = 0.515 + 0.065 + 0.018 = 0.598
01/29 03:30:02 AM | === Batch 55/130
01/29 03:30:03 AM | loss = 0.609 + 0.062 + 0.018 = 0.688
01/29 03:30:03 AM | === Batch 56/130
01/29 03:30:03 AM | loss = 0.385 + 0.004 + 0.017 = 0.406
01/29 03:30:03 AM | === Batch 57/130
01/29 03:30:03 AM | loss = 0.508 + 0.051 + 0.017 = 0.576
01/29 03:30:04 AM | === Batch 58/130
01/29 03:30:04 AM | loss = 0.291 + 0.089 + 0.016 = 0.396
01/29 03:30:04 AM | === Batch 59/130
01/29 03:30:04 AM | loss = 0.554 + 0.115 + 0.015 = 0.684
01/29 03:30:04 AM | === Batch 60/130
01/29 03:30:05 AM | loss = 0.388 + 0.132 + 0.015 = 0.535
01/29 03:30:05 AM | === Batch 61/130
01/29 03:30:05 AM | loss = 0.423 + 0.139 + 0.015 = 0.577
01/29 03:30:05 AM | === Batch 62/130
01/29 03:30:05 AM | loss = 0.569 + 0.138 + 0.015 = 0.721
01/29 03:30:06 AM | === Batch 63/130
01/29 03:30:06 AM | loss = 0.320 + 0.130 + 0.014 = 0.464
01/29 03:30:06 AM | === Batch 64/130
01/29 03:30:06 AM | loss = 0.438 + 0.116 + 0.014 = 0.568
01/29 03:30:07 AM | === Batch 65/130
01/29 03:30:07 AM | loss = 0.633 + 0.100 + 0.014 = 0.747
01/29 03:30:07 AM | === Batch 66/130
01/29 03:30:07 AM | loss = 0.227 + 0.081 + 0.014 = 0.321
01/29 03:30:07 AM | === Batch 67/130
01/29 03:30:08 AM | loss = 0.328 + 0.058 + 0.014 = 0.400
01/29 03:30:08 AM | === Batch 68/130
01/29 03:30:08 AM | loss = 0.435 + 0.033 + 0.014 = 0.482
01/29 03:30:08 AM | === Batch 69/130
01/29 03:30:08 AM | loss = 0.474 + 0.006 + 0.014 = 0.494
01/29 03:30:09 AM | === Batch 70/130
01/29 03:30:09 AM | loss = 0.292 + 0.047 + 0.014 = 0.353
01/29 03:30:09 AM | === Batch 71/130
01/29 03:30:09 AM | loss = 0.401 + 0.056 + 0.014 = 0.470
01/29 03:30:09 AM | === Batch 72/130
01/29 03:30:10 AM | loss = 0.529 + 0.026 + 0.013 = 0.568
01/29 03:30:10 AM | === Batch 73/130
01/29 03:30:10 AM | loss = 0.391 + 0.019 + 0.013 = 0.422
01/29 03:30:10 AM | === Batch 74/130
01/29 03:30:10 AM | loss = 0.610 + 0.043 + 0.012 = 0.665
01/29 03:30:11 AM | === Batch 75/130
01/29 03:30:11 AM | loss = 0.414 + 0.060 + 0.012 = 0.486
01/29 03:30:11 AM | === Batch 76/130
01/29 03:30:11 AM | loss = 0.512 + 0.070 + 0.012 = 0.593
01/29 03:30:12 AM | === Batch 77/130
01/29 03:30:12 AM | loss = 0.486 + 0.074 + 0.012 = 0.572
01/29 03:30:12 AM | === Batch 78/130
01/29 03:30:12 AM | loss = 0.466 + 0.070 + 0.012 = 0.548
01/29 03:30:12 AM | === Batch 79/130
01/29 03:30:12 AM | loss = 0.601 + 0.062 + 0.012 = 0.675
01/29 03:30:13 AM | === Batch 80/130
01/29 03:30:13 AM | loss = 0.558 + 0.050 + 0.012 = 0.620
01/29 03:30:13 AM | === Batch 81/130
01/29 03:30:13 AM | loss = 0.524 + 0.034 + 0.012 = 0.569
01/29 03:30:14 AM | === Batch 82/130
01/29 03:30:14 AM | loss = 0.492 + 0.013 + 0.012 = 0.517
01/29 03:30:14 AM | === Batch 83/130
01/29 03:30:14 AM | loss = 0.615 + 0.020 + 0.012 = 0.648
01/29 03:30:14 AM | === Batch 84/130
01/29 03:30:15 AM | loss = 0.513 + 0.025 + 0.012 = 0.550
01/29 03:30:15 AM | === Batch 85/130
01/29 03:30:15 AM | loss = 0.433 + 0.001 + 0.012 = 0.445
01/29 03:30:15 AM | === Batch 86/130
01/29 03:30:15 AM | loss = 0.409 + 0.008 + 0.012 = 0.429
01/29 03:30:16 AM | === Batch 87/130
01/29 03:30:16 AM | loss = 0.634 + 0.009 + 0.011 = 0.654
01/29 03:30:16 AM | === Batch 88/130
01/29 03:30:16 AM | loss = 0.555 + 0.007 + 0.011 = 0.574
01/29 03:30:16 AM | === Batch 89/130
01/29 03:30:17 AM | loss = 0.564 + 0.001 + 0.011 = 0.576
01/29 03:30:17 AM | === Batch 90/130
01/29 03:30:17 AM | loss = 0.382 + 0.011 + 0.011 = 0.404
01/29 03:30:17 AM | === Batch 91/130
01/29 03:30:17 AM | loss = 0.526 + 0.017 + 0.011 = 0.555
01/29 03:30:18 AM | === Batch 92/130
01/29 03:30:18 AM | loss = 0.566 + 0.017 + 0.011 = 0.595
01/29 03:30:18 AM | === Batch 93/130
01/29 03:30:18 AM | loss = 0.420 + 0.012 + 0.011 = 0.443
01/29 03:30:19 AM | === Batch 94/130
01/29 03:30:19 AM | loss = 0.486 + 0.000 + 0.012 = 0.497
01/29 03:30:19 AM | === Batch 95/130
01/29 03:30:19 AM | loss = 0.599 + 0.028 + 0.012 = 0.639
01/29 03:30:19 AM | === Batch 96/130
01/29 03:30:19 AM | loss = 0.419 + 0.013 + 0.011 = 0.443
01/29 03:30:20 AM | === Batch 97/130
01/29 03:30:20 AM | loss = 0.580 + 0.017 + 0.011 = 0.608
01/29 03:30:20 AM | === Batch 98/130
01/29 03:30:20 AM | loss = 0.431 + 0.033 + 0.011 = 0.475
01/29 03:30:21 AM | === Batch 99/130
01/29 03:30:21 AM | loss = 0.463 + 0.042 + 0.011 = 0.516
01/29 03:30:21 AM | === Batch 100/130
01/29 03:30:21 AM | loss = 0.253 + 0.044 + 0.011 = 0.308
01/29 03:30:21 AM | attribution_score[0:12]: 
[ 1.00  1.00  0.03  0.00  0.00  0.58  0.00  0.00  0.00  0.98  0.00  0.99 ]
[ 1.00  0.01  0.99  0.00  0.98  0.98  1.00  0.00  0.99  0.89  1.00  0.03 ]
[ 1.00  1.00  0.00  0.99  0.00  1.00  0.02  0.91  0.00  0.00  0.00  0.99 ]
[ 0.04  0.77  1.00  1.00  0.99  1.00  0.98  0.54  0.98  0.04  1.00  0.99 ]
[ 0.99  0.99  0.63  0.99  0.18  0.96  0.01  0.00  1.00  0.99  0.95  0.97 ]
[ 0.96  0.99  0.01  0.02  0.03  0.03  0.96  0.01  0.02  0.05  0.00  1.00 ]
[ 0.98  0.99  0.01  0.98  1.00  0.03  0.99  0.01  0.99  1.00  1.00  0.03 ]
[ 0.00  0.92  0.01  0.01  0.02  0.70  1.00  0.00  0.99  0.98  0.07  0.00 ]
[ 0.99  1.00  0.01  0.99  1.00  0.00  0.00  0.99  0.92  0.01  1.00  1.00 ]
[ 0.02  0.00  0.00  0.00  0.02  0.03  0.00  0.00  0.99  0.00  0.91  0.99 ]
[ 0.00  1.00  1.00  0.00  0.02  1.00  1.00  1.00  1.00  0.99  1.00  1.00 ]
[ 1.00  1.00  1.00  1.00  1.00  1.00  1.00  1.00  0.00  1.00  1.00  0.99 ]
[ 1.00  1.00  1.00  0.99  1.00  1.00  1.00  1.00  1.00  1.00  0.99  0.02 ]

01/29 03:30:21 AM | === Batch 101/130
01/29 03:30:22 AM | loss = 0.336 + 0.040 + 0.011 = 0.386
01/29 03:30:22 AM | === Batch 102/130
01/29 03:30:22 AM | loss = 0.467 + 0.033 + 0.011 = 0.511
01/29 03:30:22 AM | === Batch 103/130
01/29 03:30:22 AM | loss = 0.470 + 0.021 + 0.011 = 0.502
01/29 03:30:23 AM | === Batch 104/130
01/29 03:30:23 AM | loss = 0.581 + 0.006 + 0.011 = 0.598
01/29 03:30:23 AM | === Batch 105/130
01/29 03:30:23 AM | loss = 0.568 + 0.024 + 0.011 = 0.602
01/29 03:30:23 AM | === Batch 106/130
01/29 03:30:24 AM | loss = 0.352 + 0.023 + 0.011 = 0.385
01/29 03:30:24 AM | === Batch 107/130
01/29 03:30:24 AM | loss = 0.622 + 0.006 + 0.010 = 0.638
01/29 03:30:24 AM | === Batch 108/130
01/29 03:30:24 AM | loss = 0.463 + 0.017 + 0.010 = 0.491
01/29 03:30:25 AM | === Batch 109/130
01/29 03:30:25 AM | loss = 0.586 + 0.022 + 0.010 = 0.618
01/29 03:30:25 AM | === Batch 110/130
01/29 03:30:25 AM | loss = 0.415 + 0.019 + 0.010 = 0.445
01/29 03:30:26 AM | === Batch 111/130
01/29 03:30:26 AM | loss = 0.470 + 0.012 + 0.010 = 0.492
01/29 03:30:26 AM | === Batch 112/130
01/29 03:30:26 AM | loss = 0.470 + 0.000 + 0.010 = 0.481
01/29 03:30:26 AM | === Batch 113/130
01/29 03:30:27 AM | loss = 0.562 + 0.027 + 0.010 = 0.599
01/29 03:30:27 AM | === Batch 114/130
01/29 03:30:27 AM | loss = 0.613 + 0.023 + 0.010 = 0.646
01/29 03:30:27 AM | === Batch 115/130
01/29 03:30:27 AM | loss = 0.432 + 0.007 + 0.010 = 0.449
01/29 03:30:28 AM | === Batch 116/130
01/29 03:30:28 AM | loss = 0.446 + 0.021 + 0.010 = 0.477
01/29 03:30:28 AM | === Batch 117/130
01/29 03:30:28 AM | loss = 0.448 + 0.030 + 0.010 = 0.488
01/29 03:30:28 AM | === Batch 118/130
01/29 03:30:29 AM | loss = 0.387 + 0.034 + 0.010 = 0.430
01/29 03:30:29 AM | === Batch 119/130
01/29 03:30:29 AM | loss = 0.588 + 0.031 + 0.010 = 0.629
01/29 03:30:29 AM | === Batch 120/130
01/29 03:30:29 AM | loss = 0.318 + 0.024 + 0.010 = 0.352
01/29 03:30:30 AM | === Batch 121/130
01/29 03:30:30 AM | loss = 0.584 + 0.013 + 0.010 = 0.607
01/29 03:30:30 AM | === Batch 122/130
01/29 03:30:30 AM | loss = 0.550 + 0.004 + 0.010 = 0.564
01/29 03:30:31 AM | === Batch 123/130
01/29 03:30:31 AM | loss = 0.385 + 0.002 + 0.010 = 0.396
01/29 03:30:31 AM | === Batch 124/130
01/29 03:30:31 AM | loss = 0.428 + 0.000 + 0.010 = 0.438
01/29 03:30:31 AM | === Batch 125/130
01/29 03:30:32 AM | loss = 0.560 + 0.010 + 0.010 = 0.579
01/29 03:30:32 AM | === Batch 126/130
01/29 03:30:32 AM | loss = 0.308 + 0.006 + 0.010 = 0.324
01/29 03:30:32 AM | === Batch 127/130
01/29 03:30:32 AM | loss = 0.409 + 0.011 + 0.010 = 0.430
01/29 03:30:33 AM | === Batch 128/130
01/29 03:30:33 AM | loss = 0.484 + 0.010 + 0.010 = 0.504
01/29 03:30:33 AM | === Batch 129/130
01/29 03:30:33 AM | loss = 0.461 + 0.005 + 0.010 = 0.475
01/29 03:30:33 AM | === Batch 130/130
01/29 03:30:34 AM | loss = 0.527 + 0.011 + 0.010 = 0.548
01/29 03:30:34 AM | ===
Best loss was 0.31 at iteration 100

01/29 03:30:34 AM | Looking for optimal threshold...
01/29 03:30:34 AM | Testing threshold 0.5
01/29 03:30:34 AM | Distance to target: 3,155,664
01/29 03:30:34 AM | Testing threshold 0.75
01/29 03:30:34 AM | Distance to target: 2,583,496
01/29 03:30:34 AM | Testing threshold 0.625
01/29 03:30:34 AM | Distance to target: 176,440
01/29 03:30:34 AM | Testing threshold 0.6875
01/29 03:30:34 AM | Distance to target: 740,776
01/29 03:30:34 AM | Testing threshold 0.65625
01/29 03:30:34 AM | Distance to target: 257,240
01/29 03:30:34 AM | Testing threshold 0.640625
01/29 03:30:34 AM | Distance to target: 65,576
01/29 03:30:34 AM | Testing threshold 0.6484375
01/29 03:30:34 AM | Distance to target: 71,064
01/29 03:30:34 AM | Testing threshold 0.64453125
01/29 03:30:34 AM | Distance to target: 71,064
01/29 03:30:34 AM | Testing threshold 0.642578125
01/29 03:30:34 AM | Distance to target: 65,576
01/29 03:30:34 AM | Testing threshold 0.6435546875
01/29 03:30:34 AM | Distance to target: 71,064
01/29 03:30:34 AM | Testing threshold 0.64306640625
01/29 03:30:34 AM | Distance to target: 65,576
01/29 03:30:34 AM | Testing threshold 0.643310546875
01/29 03:30:34 AM | Distance to target: 71,064
01/29 03:30:34 AM | Testing threshold 0.6431884765625
01/29 03:30:34 AM | Distance to target: 65,576
01/29 03:30:34 AM | Testing threshold 0.64324951171875
01/29 03:30:34 AM | Distance to target: 71,064
01/29 03:30:34 AM | Testing threshold 0.643218994140625
01/29 03:30:34 AM | Distance to target: 71,064
01/29 03:30:34 AM | Testing threshold 0.6432037353515625
01/29 03:30:34 AM | Distance to target: 65,576
01/29 03:30:34 AM | Testing threshold 0.6432113647460938
01/29 03:30:34 AM | Distance to target: 65,576
01/29 03:30:34 AM | Testing threshold 0.6432151794433594
01/29 03:30:34 AM | Distance to target: 71,064
01/29 03:30:34 AM | Testing threshold 0.6432132720947266
01/29 03:30:34 AM | Distance to target: 65,576
01/29 03:30:34 AM | Testing threshold 0.643214225769043
01/29 03:30:34 AM | Distance to target: 71,064
01/29 03:30:34 AM | Testing threshold 0.6432137489318848
01/29 03:30:34 AM | Distance to target: 65,576
01/29 03:30:34 AM | Testing threshold 0.6432139873504639
01/29 03:30:34 AM | Distance to target: 71,064
01/29 03:30:34 AM | Testing threshold 0.6432138681411743
01/29 03:30:34 AM | Distance to target: 65,576
01/29 03:30:34 AM | Testing threshold 0.6432139277458191
01/29 03:30:34 AM | Distance to target: 65,576
01/29 03:30:34 AM | Testing threshold 0.6432139575481415
01/29 03:30:34 AM | Distance to target: 65,576
01/29 03:30:34 AM | Testing threshold 0.6432139724493027
01/29 03:30:34 AM | Distance to target: 65,576
01/29 03:30:34 AM | Testing threshold 0.6432139798998833
01/29 03:30:34 AM | Distance to target: 65,576
01/29 03:30:34 AM | Testing threshold 0.6432139836251736
01/29 03:30:34 AM | Distance to target: 65,576
01/29 03:30:34 AM | Testing threshold 0.6432139854878187
01/29 03:30:34 AM | Distance to target: 65,576
01/29 03:30:34 AM | Testing threshold 0.6432139864191413
01/29 03:30:34 AM | Distance to target: 65,576
01/29 03:30:34 AM | Testing threshold 0.6432139868848026
01/29 03:30:34 AM | Distance to target: 65,576
01/29 03:30:34 AM | Testing threshold 0.6432139871176332
01/29 03:30:34 AM | Distance to target: 65,576
01/29 03:30:34 AM | Testing threshold 0.6432139872340485
01/29 03:30:34 AM | Distance to target: 65,576
01/29 03:30:34 AM | Testing threshold 0.6432139872922562
01/29 03:30:34 AM | Distance to target: 65,576
01/29 03:30:34 AM | Testing threshold 0.64321398732136
01/29 03:30:34 AM | Distance to target: 65,576
01/29 03:30:34 AM | Testing threshold 0.643213987335912
01/29 03:30:34 AM | Distance to target: 65,576
01/29 03:30:34 AM | Testing threshold 0.6432139873431879
01/29 03:30:34 AM | Distance to target: 65,576
01/29 03:30:34 AM | Testing threshold 0.6432139873468259
01/29 03:30:34 AM | Distance to target: 65,576
01/29 03:30:34 AM | Testing threshold 0.6432139873486449
01/29 03:30:34 AM | Distance to target: 65,576
01/29 03:30:34 AM | Testing threshold 0.6432139873495544
01/29 03:30:34 AM | Distance to target: 65,576
01/29 03:30:34 AM | Testing threshold 0.6432139873500091
01/29 03:30:34 AM | Distance to target: 65,576
01/29 03:30:34 AM | Testing threshold 0.6432139873502365
01/29 03:30:34 AM | Distance to target: 65,576
01/29 03:30:34 AM | Testing threshold 0.6432139873503502
01/29 03:30:34 AM | Distance to target: 65,576
01/29 03:30:34 AM | Testing threshold 0.643213987350407
01/29 03:30:34 AM | Distance to target: 65,576
01/29 03:30:34 AM | Testing threshold 0.6432139873504354
01/29 03:30:34 AM | Distance to target: 65,576
01/29 03:30:34 AM | Testing threshold 0.6432139873504497
01/29 03:30:34 AM | Distance to target: 65,576
01/29 03:30:34 AM | Testing threshold 0.6432139873504568
01/29 03:30:34 AM | Distance to target: 65,576
01/29 03:30:34 AM | Testing threshold 0.6432139873504603
01/29 03:30:34 AM | Distance to target: 65,576
01/29 03:30:34 AM | Testing threshold 0.6432139873504621
01/29 03:30:34 AM | Distance to target: 65,576
01/29 03:30:34 AM | Testing threshold 0.643213987350463
01/29 03:30:34 AM | Distance to target: 65,576
01/29 03:30:36 AM | attribution_score[0:12]: 
[ 1.00  1.00  0.00  0.00  0.00  0.00  0.00  0.00  0.00  1.00  0.00  1.00 ]
[ 1.00  0.00  1.00  0.00  1.00  1.00  1.00  0.00  1.00  1.00  1.00  0.00 ]
[ 1.00  1.00  0.00  1.00  0.00  1.00  0.00  1.00  0.00  0.00  0.00  1.00 ]
[ 0.00  1.00  1.00  1.00  1.00  1.00  1.00  0.00  1.00  0.00  1.00  1.00 ]
[ 1.00  1.00  0.00  1.00  0.00  1.00  0.00  0.00  1.00  1.00  1.00  1.00 ]
[ 1.00  1.00  0.00  0.00  0.00  0.00  1.00  0.00  0.00  0.00  0.00  1.00 ]
[ 1.00  1.00  0.00  1.00  1.00  0.00  1.00  0.00  1.00  1.00  1.00  0.00 ]
[ 0.00  1.00  0.00  0.00  0.00  1.00  1.00  0.00  1.00  1.00  0.00  0.00 ]
[ 1.00  1.00  0.00  1.00  1.00  0.00  0.00  1.00  1.00  0.00  1.00  1.00 ]
[ 0.00  0.00  0.00  0.00  0.00  0.00  0.00  0.00  1.00  0.00  1.00  1.00 ]
[ 0.00  1.00  1.00  0.00  0.00  1.00  1.00  1.00  1.00  1.00  1.00  1.00 ]
[ 1.00  1.00  1.00  1.00  1.00  1.00  1.00  1.00  0.00  1.00  1.00  1.00 ]
[ 1.00  1.00  1.00  1.00  1.00  1.00  1.00  1.00  1.00  1.00  1.00  0.00 ]

01/29 03:30:36 AM | VGG(
  (features): Sequential(
    (conv0): Conv2d(3, 23, kernel_size=(3, 3), stride=(1, 1), padding=(1, 1))
    (norm0): BatchNorm2d(23, eps=1e-05, momentum=0.1, affine=True, track_running_stats=True)
    (relu0): ReLU(inplace=True)
    (conv1): Conv2d(23, 45, kernel_size=(3, 3), stride=(1, 1), padding=(1, 1))
    (norm1): BatchNorm2d(45, eps=1e-05, momentum=0.1, affine=True, track_running_stats=True)
    (relu1): ReLU(inplace=True)
    (pool2): MaxPool2d(kernel_size=2, stride=2, padding=0, dilation=1, ceil_mode=False)
    (conv3): Conv2d(45, 78, kernel_size=(3, 3), stride=(1, 1), padding=(1, 1))
    (norm3): BatchNorm2d(78, eps=1e-05, momentum=0.1, affine=True, track_running_stats=True)
    (relu3): ReLU(inplace=True)
    (conv4): Conv2d(78, 103, kernel_size=(3, 3), stride=(1, 1), padding=(1, 1))
    (norm4): BatchNorm2d(103, eps=1e-05, momentum=0.1, affine=True, track_running_stats=True)
    (relu4): ReLU(inplace=True)
    (pool5): MaxPool2d(kernel_size=2, stride=2, padding=0, dilation=1, ceil_mode=False)
    (conv6): Conv2d(103, 166, kernel_size=(3, 3), stride=(1, 1), padding=(1, 1))
    (norm6): BatchNorm2d(166, eps=1e-05, momentum=0.1, affine=True, track_running_stats=True)
    (relu6): ReLU(inplace=True)
    (conv7): Conv2d(166, 134, kernel_size=(3, 3), stride=(1, 1), padding=(1, 1))
    (norm7): BatchNorm2d(134, eps=1e-05, momentum=0.1, affine=True, track_running_stats=True)
    (relu7): ReLU(inplace=True)
    (conv8): Conv2d(134, 158, kernel_size=(3, 3), stride=(1, 1), padding=(1, 1))
    (norm8): BatchNorm2d(158, eps=1e-05, momentum=0.1, affine=True, track_running_stats=True)
    (relu8): ReLU(inplace=True)
    (pool9): MaxPool2d(kernel_size=2, stride=2, padding=0, dilation=1, ceil_mode=False)
    (conv10): Conv2d(158, 233, kernel_size=(3, 3), stride=(1, 1), padding=(1, 1))
    (norm10): BatchNorm2d(233, eps=1e-05, momentum=0.1, affine=True, track_running_stats=True)
    (relu10): ReLU(inplace=True)
    (conv11): Conv2d(233, 183, kernel_size=(3, 3), stride=(1, 1), padding=(1, 1))
    (norm11): BatchNorm2d(183, eps=1e-05, momentum=0.1, affine=True, track_running_stats=True)
    (relu11): ReLU(inplace=True)
    (conv12): Conv2d(183, 244, kernel_size=(3, 3), stride=(1, 1), padding=(1, 1))
    (norm12): BatchNorm2d(244, eps=1e-05, momentum=0.1, affine=True, track_running_stats=True)
    (relu12): ReLU(inplace=True)
    (pool13): MaxPool2d(kernel_size=2, stride=2, padding=0, dilation=1, ceil_mode=False)
    (conv14): Conv2d(244, 392, kernel_size=(3, 3), stride=(1, 1), padding=(1, 1))
    (norm14): BatchNorm2d(392, eps=1e-05, momentum=0.1, affine=True, track_running_stats=True)
    (relu14): ReLU(inplace=True)
    (conv15): Conv2d(392, 461, kernel_size=(3, 3), stride=(1, 1), padding=(1, 1))
    (norm15): BatchNorm2d(461, eps=1e-05, momentum=0.1, affine=True, track_running_stats=True)
    (relu15): ReLU(inplace=True)
    (conv16): Conv2d(461, 504, kernel_size=(3, 3), stride=(1, 1), padding=(1, 1))
    (norm16): BatchNorm2d(504, eps=1e-05, momentum=0.1, affine=True, track_running_stats=True)
    (relu16): ReLU(inplace=True)
  )
  (classifier): Sequential(
    (linear1): Linear(in_features=504, out_features=512, bias=True)
    (norm1): BatchNorm1d(512, eps=1e-05, momentum=0.1, affine=True, track_running_stats=True)
    (relu1): ReLU(inplace=True)
    (linear2): Linear(in_features=512, out_features=10, bias=True)
  )
)
01/29 03:30:37 AM | ----------------------------------------
01/29 03:30:37 AM | Performances input model:
01/29 03:30:37 AM |  - flops: 314,294,272
01/29 03:30:37 AM |  - params: 14,991,946
01/29 03:30:37 AM |  - accuracy: 93.95999908447266
01/29 03:30:37 AM | ----------------------------------------
01/29 03:30:37 AM | Performances pseudo-pruned model:
01/29 03:30:37 AM |  - flops: 314,294,272
01/29 03:30:37 AM |  - params: 14,991,946
01/29 03:30:37 AM |  - accuracy: 81.40999603271484
01/29 03:30:37 AM | ----------------------------------------
01/29 03:30:37 AM | Performances pruned model:
01/29 03:30:37 AM |  - flops: 108,560,364
01/29 03:30:37 AM |  - params: 6,626,625
01/29 03:30:37 AM |  - accuracy: 81.40999603271484
01/29 03:30:37 AM | ----------------------------------------
01/29 03:30:37 AM | Total time: 65.33s
