01/29 09:41:54 PM | args = Namespace(output_dir='result/rebuttal/nb_epoch/resnet56/nbbtchs7/seed_02', loaded_model_path='./checkpoints/cifar10/resnet_56.pt', resume=False, test_only=False, mode='prune', batch_size=64, nb_batches=7, Mflops_target=None, lr=0.6, momentum=0.9, beta=6, gamma=0.4, gpu='0', num_workers=4, dataset='cifar10', arch='resnet_56', save_plot=False, seed=2, lr_finetuning=0.02, epoch_finetuning=200, wd=0.002, data_dir='./data/cifar10/', print_freq=200, num_classes=10, device_ids=[0], device=device(type='cuda', index=0), name_base='')
01/29 09:42:05 PM | ----------------------------------------
01/29 09:42:05 PM | ==> Building model...
01/29 09:42:06 PM | ----------------------------------------
01/29 09:42:06 PM | ==> Loading weights into the model...
01/29 09:42:06 PM | ----------------------------------------
01/29 09:42:06 PM | ResNet(
  (conv1): Conv2d(3, 16, kernel_size=(3, 3), stride=(1, 1), padding=(1, 1), bias=False)
  (bn1): BatchNorm2d(16, eps=1e-05, momentum=0.1, affine=True, track_running_stats=True)
  (relu): ReLU(inplace=True)
  (layer1): Sequential(
    (0): BasicBlock(
      (conv1): Conv2d(16, 16, kernel_size=(3, 3), stride=(1, 1), padding=(1, 1), bias=False)
      (bn1): BatchNorm2d(16, eps=1e-05, momentum=0.1, affine=True, track_running_stats=True)
      (relu1): ReLU(inplace=True)
      (conv2): Conv2d(16, 16, kernel_size=(3, 3), stride=(1, 1), padding=(1, 1), bias=False)
      (bn2): BatchNorm2d(16, eps=1e-05, momentum=0.1, affine=True, track_running_stats=True)
      (relu2): ReLU(inplace=True)
      (shortcut): Sequential()
    )
    (1): BasicBlock(
      (conv1): Conv2d(16, 16, kernel_size=(3, 3), stride=(1, 1), padding=(1, 1), bias=False)
      (bn1): BatchNorm2d(16, eps=1e-05, momentum=0.1, affine=True, track_running_stats=True)
      (relu1): ReLU(inplace=True)
      (conv2): Conv2d(16, 16, kernel_size=(3, 3), stride=(1, 1), padding=(1, 1), bias=False)
      (bn2): BatchNorm2d(16, eps=1e-05, momentum=0.1, affine=True, track_running_stats=True)
      (relu2): ReLU(inplace=True)
      (shortcut): Sequential()
    )
    (2): BasicBlock(
      (conv1): Conv2d(16, 16, kernel_size=(3, 3), stride=(1, 1), padding=(1, 1), bias=False)
      (bn1): BatchNorm2d(16, eps=1e-05, momentum=0.1, affine=True, track_running_stats=True)
      (relu1): ReLU(inplace=True)
      (conv2): Conv2d(16, 16, kernel_size=(3, 3), stride=(1, 1), padding=(1, 1), bias=False)
      (bn2): BatchNorm2d(16, eps=1e-05, momentum=0.1, affine=True, track_running_stats=True)
      (relu2): ReLU(inplace=True)
      (shortcut): Sequential()
    )
    (3): BasicBlock(
      (conv1): Conv2d(16, 16, kernel_size=(3, 3), stride=(1, 1), padding=(1, 1), bias=False)
      (bn1): BatchNorm2d(16, eps=1e-05, momentum=0.1, affine=True, track_running_stats=True)
      (relu1): ReLU(inplace=True)
      (conv2): Conv2d(16, 16, kernel_size=(3, 3), stride=(1, 1), padding=(1, 1), bias=False)
      (bn2): BatchNorm2d(16, eps=1e-05, momentum=0.1, affine=True, track_running_stats=True)
      (relu2): ReLU(inplace=True)
      (shortcut): Sequential()
    )
    (4): BasicBlock(
      (conv1): Conv2d(16, 16, kernel_size=(3, 3), stride=(1, 1), padding=(1, 1), bias=False)
      (bn1): BatchNorm2d(16, eps=1e-05, momentum=0.1, affine=True, track_running_stats=True)
      (relu1): ReLU(inplace=True)
      (conv2): Conv2d(16, 16, kernel_size=(3, 3), stride=(1, 1), padding=(1, 1), bias=False)
      (bn2): BatchNorm2d(16, eps=1e-05, momentum=0.1, affine=True, track_running_stats=True)
      (relu2): ReLU(inplace=True)
      (shortcut): Sequential()
    )
    (5): BasicBlock(
      (conv1): Conv2d(16, 16, kernel_size=(3, 3), stride=(1, 1), padding=(1, 1), bias=False)
      (bn1): BatchNorm2d(16, eps=1e-05, momentum=0.1, affine=True, track_running_stats=True)
      (relu1): ReLU(inplace=True)
      (conv2): Conv2d(16, 16, kernel_size=(3, 3), stride=(1, 1), padding=(1, 1), bias=False)
      (bn2): BatchNorm2d(16, eps=1e-05, momentum=0.1, affine=True, track_running_stats=True)
      (relu2): ReLU(inplace=True)
      (shortcut): Sequential()
    )
    (6): BasicBlock(
      (conv1): Conv2d(16, 16, kernel_size=(3, 3), stride=(1, 1), padding=(1, 1), bias=False)
      (bn1): BatchNorm2d(16, eps=1e-05, momentum=0.1, affine=True, track_running_stats=True)
      (relu1): ReLU(inplace=True)
      (conv2): Conv2d(16, 16, kernel_size=(3, 3), stride=(1, 1), padding=(1, 1), bias=False)
      (bn2): BatchNorm2d(16, eps=1e-05, momentum=0.1, affine=True, track_running_stats=True)
      (relu2): ReLU(inplace=True)
      (shortcut): Sequential()
    )
    (7): BasicBlock(
      (conv1): Conv2d(16, 16, kernel_size=(3, 3), stride=(1, 1), padding=(1, 1), bias=False)
      (bn1): BatchNorm2d(16, eps=1e-05, momentum=0.1, affine=True, track_running_stats=True)
      (relu1): ReLU(inplace=True)
      (conv2): Conv2d(16, 16, kernel_size=(3, 3), stride=(1, 1), padding=(1, 1), bias=False)
      (bn2): BatchNorm2d(16, eps=1e-05, momentum=0.1, affine=True, track_running_stats=True)
      (relu2): ReLU(inplace=True)
      (shortcut): Sequential()
    )
    (8): BasicBlock(
      (conv1): Conv2d(16, 16, kernel_size=(3, 3), stride=(1, 1), padding=(1, 1), bias=False)
      (bn1): BatchNorm2d(16, eps=1e-05, momentum=0.1, affine=True, track_running_stats=True)
      (relu1): ReLU(inplace=True)
      (conv2): Conv2d(16, 16, kernel_size=(3, 3), stride=(1, 1), padding=(1, 1), bias=False)
      (bn2): BatchNorm2d(16, eps=1e-05, momentum=0.1, affine=True, track_running_stats=True)
      (relu2): ReLU(inplace=True)
      (shortcut): Sequential()
    )
  )
  (layer2): Sequential(
    (0): BasicBlock(
      (conv1): Conv2d(16, 32, kernel_size=(3, 3), stride=(2, 2), padding=(1, 1), bias=False)
      (bn1): BatchNorm2d(32, eps=1e-05, momentum=0.1, affine=True, track_running_stats=True)
      (relu1): ReLU(inplace=True)
      (conv2): Conv2d(32, 32, kernel_size=(3, 3), stride=(1, 1), padding=(1, 1), bias=False)
      (bn2): BatchNorm2d(32, eps=1e-05, momentum=0.1, affine=True, track_running_stats=True)
      (relu2): ReLU(inplace=True)
      (shortcut): LambdaLayer()
    )
    (1): BasicBlock(
      (conv1): Conv2d(32, 32, kernel_size=(3, 3), stride=(1, 1), padding=(1, 1), bias=False)
      (bn1): BatchNorm2d(32, eps=1e-05, momentum=0.1, affine=True, track_running_stats=True)
      (relu1): ReLU(inplace=True)
      (conv2): Conv2d(32, 32, kernel_size=(3, 3), stride=(1, 1), padding=(1, 1), bias=False)
      (bn2): BatchNorm2d(32, eps=1e-05, momentum=0.1, affine=True, track_running_stats=True)
      (relu2): ReLU(inplace=True)
      (shortcut): Sequential()
    )
    (2): BasicBlock(
      (conv1): Conv2d(32, 32, kernel_size=(3, 3), stride=(1, 1), padding=(1, 1), bias=False)
      (bn1): BatchNorm2d(32, eps=1e-05, momentum=0.1, affine=True, track_running_stats=True)
      (relu1): ReLU(inplace=True)
      (conv2): Conv2d(32, 32, kernel_size=(3, 3), stride=(1, 1), padding=(1, 1), bias=False)
      (bn2): BatchNorm2d(32, eps=1e-05, momentum=0.1, affine=True, track_running_stats=True)
      (relu2): ReLU(inplace=True)
      (shortcut): Sequential()
    )
    (3): BasicBlock(
      (conv1): Conv2d(32, 32, kernel_size=(3, 3), stride=(1, 1), padding=(1, 1), bias=False)
      (bn1): BatchNorm2d(32, eps=1e-05, momentum=0.1, affine=True, track_running_stats=True)
      (relu1): ReLU(inplace=True)
      (conv2): Conv2d(32, 32, kernel_size=(3, 3), stride=(1, 1), padding=(1, 1), bias=False)
      (bn2): BatchNorm2d(32, eps=1e-05, momentum=0.1, affine=True, track_running_stats=True)
      (relu2): ReLU(inplace=True)
      (shortcut): Sequential()
    )
    (4): BasicBlock(
      (conv1): Conv2d(32, 32, kernel_size=(3, 3), stride=(1, 1), padding=(1, 1), bias=False)
      (bn1): BatchNorm2d(32, eps=1e-05, momentum=0.1, affine=True, track_running_stats=True)
      (relu1): ReLU(inplace=True)
      (conv2): Conv2d(32, 32, kernel_size=(3, 3), stride=(1, 1), padding=(1, 1), bias=False)
      (bn2): BatchNorm2d(32, eps=1e-05, momentum=0.1, affine=True, track_running_stats=True)
      (relu2): ReLU(inplace=True)
      (shortcut): Sequential()
    )
    (5): BasicBlock(
      (conv1): Conv2d(32, 32, kernel_size=(3, 3), stride=(1, 1), padding=(1, 1), bias=False)
      (bn1): BatchNorm2d(32, eps=1e-05, momentum=0.1, affine=True, track_running_stats=True)
      (relu1): ReLU(inplace=True)
      (conv2): Conv2d(32, 32, kernel_size=(3, 3), stride=(1, 1), padding=(1, 1), bias=False)
      (bn2): BatchNorm2d(32, eps=1e-05, momentum=0.1, affine=True, track_running_stats=True)
      (relu2): ReLU(inplace=True)
      (shortcut): Sequential()
    )
    (6): BasicBlock(
      (conv1): Conv2d(32, 32, kernel_size=(3, 3), stride=(1, 1), padding=(1, 1), bias=False)
      (bn1): BatchNorm2d(32, eps=1e-05, momentum=0.1, affine=True, track_running_stats=True)
      (relu1): ReLU(inplace=True)
      (conv2): Conv2d(32, 32, kernel_size=(3, 3), stride=(1, 1), padding=(1, 1), bias=False)
      (bn2): BatchNorm2d(32, eps=1e-05, momentum=0.1, affine=True, track_running_stats=True)
      (relu2): ReLU(inplace=True)
      (shortcut): Sequential()
    )
    (7): BasicBlock(
      (conv1): Conv2d(32, 32, kernel_size=(3, 3), stride=(1, 1), padding=(1, 1), bias=False)
      (bn1): BatchNorm2d(32, eps=1e-05, momentum=0.1, affine=True, track_running_stats=True)
      (relu1): ReLU(inplace=True)
      (conv2): Conv2d(32, 32, kernel_size=(3, 3), stride=(1, 1), padding=(1, 1), bias=False)
      (bn2): BatchNorm2d(32, eps=1e-05, momentum=0.1, affine=True, track_running_stats=True)
      (relu2): ReLU(inplace=True)
      (shortcut): Sequential()
    )
    (8): BasicBlock(
      (conv1): Conv2d(32, 32, kernel_size=(3, 3), stride=(1, 1), padding=(1, 1), bias=False)
      (bn1): BatchNorm2d(32, eps=1e-05, momentum=0.1, affine=True, track_running_stats=True)
      (relu1): ReLU(inplace=True)
      (conv2): Conv2d(32, 32, kernel_size=(3, 3), stride=(1, 1), padding=(1, 1), bias=False)
      (bn2): BatchNorm2d(32, eps=1e-05, momentum=0.1, affine=True, track_running_stats=True)
      (relu2): ReLU(inplace=True)
      (shortcut): Sequential()
    )
  )
  (layer3): Sequential(
    (0): BasicBlock(
      (conv1): Conv2d(32, 64, kernel_size=(3, 3), stride=(2, 2), padding=(1, 1), bias=False)
      (bn1): BatchNorm2d(64, eps=1e-05, momentum=0.1, affine=True, track_running_stats=True)
      (relu1): ReLU(inplace=True)
      (conv2): Conv2d(64, 64, kernel_size=(3, 3), stride=(1, 1), padding=(1, 1), bias=False)
      (bn2): BatchNorm2d(64, eps=1e-05, momentum=0.1, affine=True, track_running_stats=True)
      (relu2): ReLU(inplace=True)
      (shortcut): LambdaLayer()
    )
    (1): BasicBlock(
      (conv1): Conv2d(64, 64, kernel_size=(3, 3), stride=(1, 1), padding=(1, 1), bias=False)
      (bn1): BatchNorm2d(64, eps=1e-05, momentum=0.1, affine=True, track_running_stats=True)
      (relu1): ReLU(inplace=True)
      (conv2): Conv2d(64, 64, kernel_size=(3, 3), stride=(1, 1), padding=(1, 1), bias=False)
      (bn2): BatchNorm2d(64, eps=1e-05, momentum=0.1, affine=True, track_running_stats=True)
      (relu2): ReLU(inplace=True)
      (shortcut): Sequential()
    )
    (2): BasicBlock(
      (conv1): Conv2d(64, 64, kernel_size=(3, 3), stride=(1, 1), padding=(1, 1), bias=False)
      (bn1): BatchNorm2d(64, eps=1e-05, momentum=0.1, affine=True, track_running_stats=True)
      (relu1): ReLU(inplace=True)
      (conv2): Conv2d(64, 64, kernel_size=(3, 3), stride=(1, 1), padding=(1, 1), bias=False)
      (bn2): BatchNorm2d(64, eps=1e-05, momentum=0.1, affine=True, track_running_stats=True)
      (relu2): ReLU(inplace=True)
      (shortcut): Sequential()
    )
    (3): BasicBlock(
      (conv1): Conv2d(64, 64, kernel_size=(3, 3), stride=(1, 1), padding=(1, 1), bias=False)
      (bn1): BatchNorm2d(64, eps=1e-05, momentum=0.1, affine=True, track_running_stats=True)
      (relu1): ReLU(inplace=True)
      (conv2): Conv2d(64, 64, kernel_size=(3, 3), stride=(1, 1), padding=(1, 1), bias=False)
      (bn2): BatchNorm2d(64, eps=1e-05, momentum=0.1, affine=True, track_running_stats=True)
      (relu2): ReLU(inplace=True)
      (shortcut): Sequential()
    )
    (4): BasicBlock(
      (conv1): Conv2d(64, 64, kernel_size=(3, 3), stride=(1, 1), padding=(1, 1), bias=False)
      (bn1): BatchNorm2d(64, eps=1e-05, momentum=0.1, affine=True, track_running_stats=True)
      (relu1): ReLU(inplace=True)
      (conv2): Conv2d(64, 64, kernel_size=(3, 3), stride=(1, 1), padding=(1, 1), bias=False)
      (bn2): BatchNorm2d(64, eps=1e-05, momentum=0.1, affine=True, track_running_stats=True)
      (relu2): ReLU(inplace=True)
      (shortcut): Sequential()
    )
    (5): BasicBlock(
      (conv1): Conv2d(64, 64, kernel_size=(3, 3), stride=(1, 1), padding=(1, 1), bias=False)
      (bn1): BatchNorm2d(64, eps=1e-05, momentum=0.1, affine=True, track_running_stats=True)
      (relu1): ReLU(inplace=True)
      (conv2): Conv2d(64, 64, kernel_size=(3, 3), stride=(1, 1), padding=(1, 1), bias=False)
      (bn2): BatchNorm2d(64, eps=1e-05, momentum=0.1, affine=True, track_running_stats=True)
      (relu2): ReLU(inplace=True)
      (shortcut): Sequential()
    )
    (6): BasicBlock(
      (conv1): Conv2d(64, 64, kernel_size=(3, 3), stride=(1, 1), padding=(1, 1), bias=False)
      (bn1): BatchNorm2d(64, eps=1e-05, momentum=0.1, affine=True, track_running_stats=True)
      (relu1): ReLU(inplace=True)
      (conv2): Conv2d(64, 64, kernel_size=(3, 3), stride=(1, 1), padding=(1, 1), bias=False)
      (bn2): BatchNorm2d(64, eps=1e-05, momentum=0.1, affine=True, track_running_stats=True)
      (relu2): ReLU(inplace=True)
      (shortcut): Sequential()
    )
    (7): BasicBlock(
      (conv1): Conv2d(64, 64, kernel_size=(3, 3), stride=(1, 1), padding=(1, 1), bias=False)
      (bn1): BatchNorm2d(64, eps=1e-05, momentum=0.1, affine=True, track_running_stats=True)
      (relu1): ReLU(inplace=True)
      (conv2): Conv2d(64, 64, kernel_size=(3, 3), stride=(1, 1), padding=(1, 1), bias=False)
      (bn2): BatchNorm2d(64, eps=1e-05, momentum=0.1, affine=True, track_running_stats=True)
      (relu2): ReLU(inplace=True)
      (shortcut): Sequential()
    )
    (8): BasicBlock(
      (conv1): Conv2d(64, 64, kernel_size=(3, 3), stride=(1, 1), padding=(1, 1), bias=False)
      (bn1): BatchNorm2d(64, eps=1e-05, momentum=0.1, affine=True, track_running_stats=True)
      (relu1): ReLU(inplace=True)
      (conv2): Conv2d(64, 64, kernel_size=(3, 3), stride=(1, 1), padding=(1, 1), bias=False)
      (bn2): BatchNorm2d(64, eps=1e-05, momentum=0.1, affine=True, track_running_stats=True)
      (relu2): ReLU(inplace=True)
      (shortcut): Sequential()
    )
  )
  (avgpool): AdaptiveAvgPool2d(output_size=(1, 1))
  (linear): Linear(in_features=64, out_features=10, bias=True)
)
01/29 09:42:07 PM | Save modules info...
01/29 09:42:07 PM | FLOPS pruning ratio is 0.56
01/29 09:42:07 PM | Pruning with information flow
01/29 09:42:07 PM | -----
01/29 09:42:07 PM | module: Conv2d(3, 16, kernel_size=(3, 3), stride=(1, 1), padding=(1, 1), bias=False)
01/29 09:42:07 PM | cin: None
01/29 09:42:07 PM | cout: None
01/29 09:42:07 PM | inactive
01/29 09:42:07 PM | -----
01/29 09:42:07 PM | module: BatchNorm2d(16, eps=1e-05, momentum=0.1, affine=True, track_running_stats=True)
01/29 09:42:07 PM | cin: None
01/29 09:42:07 PM | cout: None
01/29 09:42:07 PM | inactive
01/29 09:42:07 PM | -----
01/29 09:42:07 PM | module: ReLU(inplace=True)
01/29 09:42:07 PM | cin: None
01/29 09:42:07 PM | cout: None
01/29 09:42:07 PM | inactive
01/29 09:42:07 PM | -----
01/29 09:42:07 PM | module: Conv2d(16, 16, kernel_size=(3, 3), stride=(1, 1), padding=(1, 1), bias=False)
01/29 09:42:07 PM | cin: None
01/29 09:42:07 PM | cout: [1]
01/29 09:42:07 PM | inactive
01/29 09:42:07 PM | -----
01/29 09:42:07 PM | module: BatchNorm2d(16, eps=1e-05, momentum=0.1, affine=True, track_running_stats=True)
01/29 09:42:07 PM | cin: [1]
01/29 09:42:07 PM | cout: [1]
01/29 09:42:07 PM | inactive
01/29 09:42:07 PM | -----
01/29 09:42:07 PM | module: ReLU(inplace=True)
01/29 09:42:07 PM | cin: [1]
01/29 09:42:07 PM | cout: [1]
01/29 09:42:07 PM | active
01/29 09:42:07 PM | -----
01/29 09:42:07 PM | module: Conv2d(16, 16, kernel_size=(3, 3), stride=(1, 1), padding=(1, 1), bias=False)
01/29 09:42:07 PM | cin: [1]
01/29 09:42:07 PM | cout: [2]
01/29 09:42:07 PM | inactive
01/29 09:42:07 PM | -----
01/29 09:42:07 PM | module: BatchNorm2d(16, eps=1e-05, momentum=0.1, affine=True, track_running_stats=True)
01/29 09:42:07 PM | cin: [2]
01/29 09:42:07 PM | cout: [2]
01/29 09:42:07 PM | active
01/29 09:42:07 PM | -----
01/29 09:42:07 PM | module: ReLU(inplace=True)
01/29 09:42:07 PM | cin: None
01/29 09:42:07 PM | cout: None
01/29 09:42:07 PM | inactive
01/29 09:42:07 PM | -----
01/29 09:42:07 PM | module: Conv2d(16, 16, kernel_size=(3, 3), stride=(1, 1), padding=(1, 1), bias=False)
01/29 09:42:07 PM | cin: None
01/29 09:42:07 PM | cout: [3]
01/29 09:42:07 PM | inactive
01/29 09:42:07 PM | -----
01/29 09:42:07 PM | module: BatchNorm2d(16, eps=1e-05, momentum=0.1, affine=True, track_running_stats=True)
01/29 09:42:07 PM | cin: [3]
01/29 09:42:07 PM | cout: [3]
01/29 09:42:07 PM | inactive
01/29 09:42:07 PM | -----
01/29 09:42:07 PM | module: ReLU(inplace=True)
01/29 09:42:07 PM | cin: [3]
01/29 09:42:07 PM | cout: [3]
01/29 09:42:07 PM | active
01/29 09:42:07 PM | -----
01/29 09:42:07 PM | module: Conv2d(16, 16, kernel_size=(3, 3), stride=(1, 1), padding=(1, 1), bias=False)
01/29 09:42:07 PM | cin: [3]
01/29 09:42:07 PM | cout: [4]
01/29 09:42:07 PM | inactive
01/29 09:42:07 PM | -----
01/29 09:42:07 PM | module: BatchNorm2d(16, eps=1e-05, momentum=0.1, affine=True, track_running_stats=True)
01/29 09:42:07 PM | cin: [4]
01/29 09:42:07 PM | cout: [4]
01/29 09:42:07 PM | active
01/29 09:42:07 PM | -----
01/29 09:42:07 PM | module: ReLU(inplace=True)
01/29 09:42:07 PM | cin: None
01/29 09:42:07 PM | cout: None
01/29 09:42:07 PM | inactive
01/29 09:42:07 PM | -----
01/29 09:42:07 PM | module: Conv2d(16, 16, kernel_size=(3, 3), stride=(1, 1), padding=(1, 1), bias=False)
01/29 09:42:07 PM | cin: None
01/29 09:42:07 PM | cout: [5]
01/29 09:42:07 PM | inactive
01/29 09:42:07 PM | -----
01/29 09:42:07 PM | module: BatchNorm2d(16, eps=1e-05, momentum=0.1, affine=True, track_running_stats=True)
01/29 09:42:07 PM | cin: [5]
01/29 09:42:07 PM | cout: [5]
01/29 09:42:07 PM | inactive
01/29 09:42:07 PM | -----
01/29 09:42:07 PM | module: ReLU(inplace=True)
01/29 09:42:07 PM | cin: [5]
01/29 09:42:07 PM | cout: [5]
01/29 09:42:07 PM | active
01/29 09:42:07 PM | -----
01/29 09:42:07 PM | module: Conv2d(16, 16, kernel_size=(3, 3), stride=(1, 1), padding=(1, 1), bias=False)
01/29 09:42:07 PM | cin: [5]
01/29 09:42:07 PM | cout: [6]
01/29 09:42:07 PM | inactive
01/29 09:42:07 PM | -----
01/29 09:42:07 PM | module: BatchNorm2d(16, eps=1e-05, momentum=0.1, affine=True, track_running_stats=True)
01/29 09:42:07 PM | cin: [6]
01/29 09:42:07 PM | cout: [6]
01/29 09:42:07 PM | active
01/29 09:42:07 PM | -----
01/29 09:42:07 PM | module: ReLU(inplace=True)
01/29 09:42:07 PM | cin: None
01/29 09:42:07 PM | cout: None
01/29 09:42:07 PM | inactive
01/29 09:42:07 PM | -----
01/29 09:42:07 PM | module: Conv2d(16, 16, kernel_size=(3, 3), stride=(1, 1), padding=(1, 1), bias=False)
01/29 09:42:07 PM | cin: None
01/29 09:42:07 PM | cout: [7]
01/29 09:42:07 PM | inactive
01/29 09:42:07 PM | -----
01/29 09:42:07 PM | module: BatchNorm2d(16, eps=1e-05, momentum=0.1, affine=True, track_running_stats=True)
01/29 09:42:07 PM | cin: [7]
01/29 09:42:07 PM | cout: [7]
01/29 09:42:07 PM | inactive
01/29 09:42:07 PM | -----
01/29 09:42:07 PM | module: ReLU(inplace=True)
01/29 09:42:07 PM | cin: [7]
01/29 09:42:07 PM | cout: [7]
01/29 09:42:07 PM | active
01/29 09:42:07 PM | -----
01/29 09:42:07 PM | module: Conv2d(16, 16, kernel_size=(3, 3), stride=(1, 1), padding=(1, 1), bias=False)
01/29 09:42:07 PM | cin: [7]
01/29 09:42:07 PM | cout: [8]
01/29 09:42:07 PM | inactive
01/29 09:42:07 PM | -----
01/29 09:42:07 PM | module: BatchNorm2d(16, eps=1e-05, momentum=0.1, affine=True, track_running_stats=True)
01/29 09:42:07 PM | cin: [8]
01/29 09:42:07 PM | cout: [8]
01/29 09:42:07 PM | active
01/29 09:42:07 PM | -----
01/29 09:42:07 PM | module: ReLU(inplace=True)
01/29 09:42:07 PM | cin: None
01/29 09:42:07 PM | cout: None
01/29 09:42:07 PM | inactive
01/29 09:42:07 PM | -----
01/29 09:42:07 PM | module: Conv2d(16, 16, kernel_size=(3, 3), stride=(1, 1), padding=(1, 1), bias=False)
01/29 09:42:07 PM | cin: None
01/29 09:42:07 PM | cout: [9]
01/29 09:42:07 PM | inactive
01/29 09:42:07 PM | -----
01/29 09:42:07 PM | module: BatchNorm2d(16, eps=1e-05, momentum=0.1, affine=True, track_running_stats=True)
01/29 09:42:07 PM | cin: [9]
01/29 09:42:07 PM | cout: [9]
01/29 09:42:07 PM | inactive
01/29 09:42:07 PM | -----
01/29 09:42:07 PM | module: ReLU(inplace=True)
01/29 09:42:07 PM | cin: [9]
01/29 09:42:07 PM | cout: [9]
01/29 09:42:07 PM | active
01/29 09:42:07 PM | -----
01/29 09:42:07 PM | module: Conv2d(16, 16, kernel_size=(3, 3), stride=(1, 1), padding=(1, 1), bias=False)
01/29 09:42:07 PM | cin: [9]
01/29 09:42:07 PM | cout: [10]
01/29 09:42:07 PM | inactive
01/29 09:42:07 PM | -----
01/29 09:42:07 PM | module: BatchNorm2d(16, eps=1e-05, momentum=0.1, affine=True, track_running_stats=True)
01/29 09:42:07 PM | cin: [10]
01/29 09:42:07 PM | cout: [10]
01/29 09:42:07 PM | active
01/29 09:42:07 PM | -----
01/29 09:42:07 PM | module: ReLU(inplace=True)
01/29 09:42:07 PM | cin: None
01/29 09:42:07 PM | cout: None
01/29 09:42:07 PM | inactive
01/29 09:42:07 PM | -----
01/29 09:42:07 PM | module: Conv2d(16, 16, kernel_size=(3, 3), stride=(1, 1), padding=(1, 1), bias=False)
01/29 09:42:07 PM | cin: None
01/29 09:42:07 PM | cout: [11]
01/29 09:42:07 PM | inactive
01/29 09:42:07 PM | -----
01/29 09:42:07 PM | module: BatchNorm2d(16, eps=1e-05, momentum=0.1, affine=True, track_running_stats=True)
01/29 09:42:07 PM | cin: [11]
01/29 09:42:07 PM | cout: [11]
01/29 09:42:07 PM | inactive
01/29 09:42:07 PM | -----
01/29 09:42:07 PM | module: ReLU(inplace=True)
01/29 09:42:07 PM | cin: [11]
01/29 09:42:07 PM | cout: [11]
01/29 09:42:07 PM | active
01/29 09:42:07 PM | -----
01/29 09:42:07 PM | module: Conv2d(16, 16, kernel_size=(3, 3), stride=(1, 1), padding=(1, 1), bias=False)
01/29 09:42:07 PM | cin: [11]
01/29 09:42:07 PM | cout: [12]
01/29 09:42:07 PM | inactive
01/29 09:42:07 PM | -----
01/29 09:42:07 PM | module: BatchNorm2d(16, eps=1e-05, momentum=0.1, affine=True, track_running_stats=True)
01/29 09:42:07 PM | cin: [12]
01/29 09:42:07 PM | cout: [12]
01/29 09:42:07 PM | active
01/29 09:42:07 PM | -----
01/29 09:42:07 PM | module: ReLU(inplace=True)
01/29 09:42:07 PM | cin: None
01/29 09:42:07 PM | cout: None
01/29 09:42:07 PM | inactive
01/29 09:42:07 PM | -----
01/29 09:42:07 PM | module: Conv2d(16, 16, kernel_size=(3, 3), stride=(1, 1), padding=(1, 1), bias=False)
01/29 09:42:07 PM | cin: None
01/29 09:42:07 PM | cout: [13]
01/29 09:42:07 PM | inactive
01/29 09:42:07 PM | -----
01/29 09:42:07 PM | module: BatchNorm2d(16, eps=1e-05, momentum=0.1, affine=True, track_running_stats=True)
01/29 09:42:07 PM | cin: [13]
01/29 09:42:07 PM | cout: [13]
01/29 09:42:07 PM | inactive
01/29 09:42:07 PM | -----
01/29 09:42:07 PM | module: ReLU(inplace=True)
01/29 09:42:07 PM | cin: [13]
01/29 09:42:07 PM | cout: [13]
01/29 09:42:07 PM | active
01/29 09:42:07 PM | -----
01/29 09:42:07 PM | module: Conv2d(16, 16, kernel_size=(3, 3), stride=(1, 1), padding=(1, 1), bias=False)
01/29 09:42:07 PM | cin: [13]
01/29 09:42:07 PM | cout: [14]
01/29 09:42:07 PM | inactive
01/29 09:42:07 PM | -----
01/29 09:42:07 PM | module: BatchNorm2d(16, eps=1e-05, momentum=0.1, affine=True, track_running_stats=True)
01/29 09:42:07 PM | cin: [14]
01/29 09:42:07 PM | cout: [14]
01/29 09:42:07 PM | active
01/29 09:42:07 PM | -----
01/29 09:42:07 PM | module: ReLU(inplace=True)
01/29 09:42:07 PM | cin: None
01/29 09:42:07 PM | cout: None
01/29 09:42:07 PM | inactive
01/29 09:42:07 PM | -----
01/29 09:42:07 PM | module: Conv2d(16, 16, kernel_size=(3, 3), stride=(1, 1), padding=(1, 1), bias=False)
01/29 09:42:07 PM | cin: None
01/29 09:42:07 PM | cout: [15]
01/29 09:42:07 PM | inactive
01/29 09:42:07 PM | -----
01/29 09:42:07 PM | module: BatchNorm2d(16, eps=1e-05, momentum=0.1, affine=True, track_running_stats=True)
01/29 09:42:07 PM | cin: [15]
01/29 09:42:07 PM | cout: [15]
01/29 09:42:07 PM | inactive
01/29 09:42:07 PM | -----
01/29 09:42:07 PM | module: ReLU(inplace=True)
01/29 09:42:07 PM | cin: [15]
01/29 09:42:07 PM | cout: [15]
01/29 09:42:07 PM | active
01/29 09:42:07 PM | -----
01/29 09:42:07 PM | module: Conv2d(16, 16, kernel_size=(3, 3), stride=(1, 1), padding=(1, 1), bias=False)
01/29 09:42:07 PM | cin: [15]
01/29 09:42:07 PM | cout: [16]
01/29 09:42:07 PM | inactive
01/29 09:42:07 PM | -----
01/29 09:42:07 PM | module: BatchNorm2d(16, eps=1e-05, momentum=0.1, affine=True, track_running_stats=True)
01/29 09:42:07 PM | cin: [16]
01/29 09:42:07 PM | cout: [16]
01/29 09:42:07 PM | active
01/29 09:42:07 PM | -----
01/29 09:42:07 PM | module: ReLU(inplace=True)
01/29 09:42:07 PM | cin: None
01/29 09:42:07 PM | cout: None
01/29 09:42:07 PM | inactive
01/29 09:42:07 PM | -----
01/29 09:42:07 PM | module: Conv2d(16, 16, kernel_size=(3, 3), stride=(1, 1), padding=(1, 1), bias=False)
01/29 09:42:07 PM | cin: None
01/29 09:42:07 PM | cout: [17]
01/29 09:42:07 PM | inactive
01/29 09:42:07 PM | -----
01/29 09:42:07 PM | module: BatchNorm2d(16, eps=1e-05, momentum=0.1, affine=True, track_running_stats=True)
01/29 09:42:07 PM | cin: [17]
01/29 09:42:07 PM | cout: [17]
01/29 09:42:07 PM | inactive
01/29 09:42:07 PM | -----
01/29 09:42:07 PM | module: ReLU(inplace=True)
01/29 09:42:07 PM | cin: [17]
01/29 09:42:07 PM | cout: [17]
01/29 09:42:07 PM | active
01/29 09:42:07 PM | -----
01/29 09:42:07 PM | module: Conv2d(16, 16, kernel_size=(3, 3), stride=(1, 1), padding=(1, 1), bias=False)
01/29 09:42:07 PM | cin: [17]
01/29 09:42:07 PM | cout: [18]
01/29 09:42:07 PM | inactive
01/29 09:42:07 PM | -----
01/29 09:42:07 PM | module: BatchNorm2d(16, eps=1e-05, momentum=0.1, affine=True, track_running_stats=True)
01/29 09:42:07 PM | cin: [18]
01/29 09:42:07 PM | cout: [18]
01/29 09:42:07 PM | active
01/29 09:42:07 PM | -----
01/29 09:42:07 PM | module: ReLU(inplace=True)
01/29 09:42:07 PM | cin: None
01/29 09:42:07 PM | cout: None
01/29 09:42:07 PM | inactive
01/29 09:42:07 PM | -----
01/29 09:42:07 PM | module: Conv2d(16, 32, kernel_size=(3, 3), stride=(2, 2), padding=(1, 1), bias=False)
01/29 09:42:07 PM | cin: None
01/29 09:42:07 PM | cout: [19]
01/29 09:42:07 PM | inactive
01/29 09:42:07 PM | -----
01/29 09:42:07 PM | module: BatchNorm2d(32, eps=1e-05, momentum=0.1, affine=True, track_running_stats=True)
01/29 09:42:07 PM | cin: [19]
01/29 09:42:07 PM | cout: [19]
01/29 09:42:07 PM | inactive
01/29 09:42:07 PM | -----
01/29 09:42:07 PM | module: ReLU(inplace=True)
01/29 09:42:07 PM | cin: [19]
01/29 09:42:07 PM | cout: [19]
01/29 09:42:07 PM | active
01/29 09:42:07 PM | -----
01/29 09:42:07 PM | module: Conv2d(32, 32, kernel_size=(3, 3), stride=(1, 1), padding=(1, 1), bias=False)
01/29 09:42:07 PM | cin: [19]
01/29 09:42:07 PM | cout: [20]
01/29 09:42:07 PM | inactive
01/29 09:42:07 PM | -----
01/29 09:42:07 PM | module: BatchNorm2d(32, eps=1e-05, momentum=0.1, affine=True, track_running_stats=True)
01/29 09:42:07 PM | cin: [20]
01/29 09:42:07 PM | cout: [20]
01/29 09:42:07 PM | active
01/29 09:42:07 PM | -----
01/29 09:42:07 PM | module: ReLU(inplace=True)
01/29 09:42:07 PM | cin: None
01/29 09:42:07 PM | cout: None
01/29 09:42:07 PM | inactive
01/29 09:42:07 PM | -----
01/29 09:42:07 PM | module: Conv2d(32, 32, kernel_size=(3, 3), stride=(1, 1), padding=(1, 1), bias=False)
01/29 09:42:07 PM | cin: None
01/29 09:42:07 PM | cout: [21]
01/29 09:42:07 PM | inactive
01/29 09:42:07 PM | -----
01/29 09:42:07 PM | module: BatchNorm2d(32, eps=1e-05, momentum=0.1, affine=True, track_running_stats=True)
01/29 09:42:07 PM | cin: [21]
01/29 09:42:07 PM | cout: [21]
01/29 09:42:07 PM | inactive
01/29 09:42:07 PM | -----
01/29 09:42:07 PM | module: ReLU(inplace=True)
01/29 09:42:07 PM | cin: [21]
01/29 09:42:07 PM | cout: [21]
01/29 09:42:07 PM | active
01/29 09:42:07 PM | -----
01/29 09:42:07 PM | module: Conv2d(32, 32, kernel_size=(3, 3), stride=(1, 1), padding=(1, 1), bias=False)
01/29 09:42:07 PM | cin: [21]
01/29 09:42:07 PM | cout: [22]
01/29 09:42:07 PM | inactive
01/29 09:42:07 PM | -----
01/29 09:42:07 PM | module: BatchNorm2d(32, eps=1e-05, momentum=0.1, affine=True, track_running_stats=True)
01/29 09:42:07 PM | cin: [22]
01/29 09:42:07 PM | cout: [22]
01/29 09:42:07 PM | active
01/29 09:42:07 PM | -----
01/29 09:42:07 PM | module: ReLU(inplace=True)
01/29 09:42:07 PM | cin: None
01/29 09:42:07 PM | cout: None
01/29 09:42:07 PM | inactive
01/29 09:42:07 PM | -----
01/29 09:42:07 PM | module: Conv2d(32, 32, kernel_size=(3, 3), stride=(1, 1), padding=(1, 1), bias=False)
01/29 09:42:07 PM | cin: None
01/29 09:42:07 PM | cout: [23]
01/29 09:42:07 PM | inactive
01/29 09:42:07 PM | -----
01/29 09:42:07 PM | module: BatchNorm2d(32, eps=1e-05, momentum=0.1, affine=True, track_running_stats=True)
01/29 09:42:07 PM | cin: [23]
01/29 09:42:07 PM | cout: [23]
01/29 09:42:07 PM | inactive
01/29 09:42:07 PM | -----
01/29 09:42:07 PM | module: ReLU(inplace=True)
01/29 09:42:07 PM | cin: [23]
01/29 09:42:07 PM | cout: [23]
01/29 09:42:07 PM | active
01/29 09:42:07 PM | -----
01/29 09:42:07 PM | module: Conv2d(32, 32, kernel_size=(3, 3), stride=(1, 1), padding=(1, 1), bias=False)
01/29 09:42:07 PM | cin: [23]
01/29 09:42:07 PM | cout: [24]
01/29 09:42:07 PM | inactive
01/29 09:42:07 PM | -----
01/29 09:42:07 PM | module: BatchNorm2d(32, eps=1e-05, momentum=0.1, affine=True, track_running_stats=True)
01/29 09:42:07 PM | cin: [24]
01/29 09:42:07 PM | cout: [24]
01/29 09:42:07 PM | active
01/29 09:42:07 PM | -----
01/29 09:42:07 PM | module: ReLU(inplace=True)
01/29 09:42:07 PM | cin: None
01/29 09:42:07 PM | cout: None
01/29 09:42:07 PM | inactive
01/29 09:42:07 PM | -----
01/29 09:42:07 PM | module: Conv2d(32, 32, kernel_size=(3, 3), stride=(1, 1), padding=(1, 1), bias=False)
01/29 09:42:07 PM | cin: None
01/29 09:42:07 PM | cout: [25]
01/29 09:42:07 PM | inactive
01/29 09:42:07 PM | -----
01/29 09:42:07 PM | module: BatchNorm2d(32, eps=1e-05, momentum=0.1, affine=True, track_running_stats=True)
01/29 09:42:07 PM | cin: [25]
01/29 09:42:07 PM | cout: [25]
01/29 09:42:07 PM | inactive
01/29 09:42:07 PM | -----
01/29 09:42:07 PM | module: ReLU(inplace=True)
01/29 09:42:07 PM | cin: [25]
01/29 09:42:07 PM | cout: [25]
01/29 09:42:07 PM | active
01/29 09:42:07 PM | -----
01/29 09:42:07 PM | module: Conv2d(32, 32, kernel_size=(3, 3), stride=(1, 1), padding=(1, 1), bias=False)
01/29 09:42:07 PM | cin: [25]
01/29 09:42:07 PM | cout: [26]
01/29 09:42:07 PM | inactive
01/29 09:42:07 PM | -----
01/29 09:42:07 PM | module: BatchNorm2d(32, eps=1e-05, momentum=0.1, affine=True, track_running_stats=True)
01/29 09:42:07 PM | cin: [26]
01/29 09:42:07 PM | cout: [26]
01/29 09:42:07 PM | active
01/29 09:42:07 PM | -----
01/29 09:42:07 PM | module: ReLU(inplace=True)
01/29 09:42:07 PM | cin: None
01/29 09:42:07 PM | cout: None
01/29 09:42:07 PM | inactive
01/29 09:42:07 PM | -----
01/29 09:42:07 PM | module: Conv2d(32, 32, kernel_size=(3, 3), stride=(1, 1), padding=(1, 1), bias=False)
01/29 09:42:07 PM | cin: None
01/29 09:42:07 PM | cout: [27]
01/29 09:42:07 PM | inactive
01/29 09:42:07 PM | -----
01/29 09:42:07 PM | module: BatchNorm2d(32, eps=1e-05, momentum=0.1, affine=True, track_running_stats=True)
01/29 09:42:07 PM | cin: [27]
01/29 09:42:07 PM | cout: [27]
01/29 09:42:07 PM | inactive
01/29 09:42:07 PM | -----
01/29 09:42:07 PM | module: ReLU(inplace=True)
01/29 09:42:07 PM | cin: [27]
01/29 09:42:07 PM | cout: [27]
01/29 09:42:07 PM | active
01/29 09:42:07 PM | -----
01/29 09:42:07 PM | module: Conv2d(32, 32, kernel_size=(3, 3), stride=(1, 1), padding=(1, 1), bias=False)
01/29 09:42:07 PM | cin: [27]
01/29 09:42:07 PM | cout: [28]
01/29 09:42:07 PM | inactive
01/29 09:42:07 PM | -----
01/29 09:42:07 PM | module: BatchNorm2d(32, eps=1e-05, momentum=0.1, affine=True, track_running_stats=True)
01/29 09:42:07 PM | cin: [28]
01/29 09:42:07 PM | cout: [28]
01/29 09:42:07 PM | active
01/29 09:42:07 PM | -----
01/29 09:42:07 PM | module: ReLU(inplace=True)
01/29 09:42:07 PM | cin: None
01/29 09:42:07 PM | cout: None
01/29 09:42:07 PM | inactive
01/29 09:42:07 PM | -----
01/29 09:42:07 PM | module: Conv2d(32, 32, kernel_size=(3, 3), stride=(1, 1), padding=(1, 1), bias=False)
01/29 09:42:07 PM | cin: None
01/29 09:42:07 PM | cout: [29]
01/29 09:42:07 PM | inactive
01/29 09:42:07 PM | -----
01/29 09:42:07 PM | module: BatchNorm2d(32, eps=1e-05, momentum=0.1, affine=True, track_running_stats=True)
01/29 09:42:07 PM | cin: [29]
01/29 09:42:07 PM | cout: [29]
01/29 09:42:07 PM | inactive
01/29 09:42:07 PM | -----
01/29 09:42:07 PM | module: ReLU(inplace=True)
01/29 09:42:07 PM | cin: [29]
01/29 09:42:07 PM | cout: [29]
01/29 09:42:07 PM | active
01/29 09:42:07 PM | -----
01/29 09:42:07 PM | module: Conv2d(32, 32, kernel_size=(3, 3), stride=(1, 1), padding=(1, 1), bias=False)
01/29 09:42:07 PM | cin: [29]
01/29 09:42:07 PM | cout: [30]
01/29 09:42:07 PM | inactive
01/29 09:42:07 PM | -----
01/29 09:42:07 PM | module: BatchNorm2d(32, eps=1e-05, momentum=0.1, affine=True, track_running_stats=True)
01/29 09:42:07 PM | cin: [30]
01/29 09:42:07 PM | cout: [30]
01/29 09:42:07 PM | active
01/29 09:42:07 PM | -----
01/29 09:42:07 PM | module: ReLU(inplace=True)
01/29 09:42:07 PM | cin: None
01/29 09:42:07 PM | cout: None
01/29 09:42:07 PM | inactive
01/29 09:42:07 PM | -----
01/29 09:42:07 PM | module: Conv2d(32, 32, kernel_size=(3, 3), stride=(1, 1), padding=(1, 1), bias=False)
01/29 09:42:07 PM | cin: None
01/29 09:42:07 PM | cout: [31]
01/29 09:42:07 PM | inactive
01/29 09:42:07 PM | -----
01/29 09:42:07 PM | module: BatchNorm2d(32, eps=1e-05, momentum=0.1, affine=True, track_running_stats=True)
01/29 09:42:07 PM | cin: [31]
01/29 09:42:07 PM | cout: [31]
01/29 09:42:07 PM | inactive
01/29 09:42:07 PM | -----
01/29 09:42:07 PM | module: ReLU(inplace=True)
01/29 09:42:07 PM | cin: [31]
01/29 09:42:07 PM | cout: [31]
01/29 09:42:07 PM | active
01/29 09:42:07 PM | -----
01/29 09:42:07 PM | module: Conv2d(32, 32, kernel_size=(3, 3), stride=(1, 1), padding=(1, 1), bias=False)
01/29 09:42:07 PM | cin: [31]
01/29 09:42:07 PM | cout: [32]
01/29 09:42:07 PM | inactive
01/29 09:42:07 PM | -----
01/29 09:42:07 PM | module: BatchNorm2d(32, eps=1e-05, momentum=0.1, affine=True, track_running_stats=True)
01/29 09:42:07 PM | cin: [32]
01/29 09:42:07 PM | cout: [32]
01/29 09:42:07 PM | active
01/29 09:42:07 PM | -----
01/29 09:42:07 PM | module: ReLU(inplace=True)
01/29 09:42:07 PM | cin: None
01/29 09:42:07 PM | cout: None
01/29 09:42:07 PM | inactive
01/29 09:42:07 PM | -----
01/29 09:42:07 PM | module: Conv2d(32, 32, kernel_size=(3, 3), stride=(1, 1), padding=(1, 1), bias=False)
01/29 09:42:07 PM | cin: None
01/29 09:42:07 PM | cout: [33]
01/29 09:42:07 PM | inactive
01/29 09:42:07 PM | -----
01/29 09:42:07 PM | module: BatchNorm2d(32, eps=1e-05, momentum=0.1, affine=True, track_running_stats=True)
01/29 09:42:07 PM | cin: [33]
01/29 09:42:07 PM | cout: [33]
01/29 09:42:07 PM | inactive
01/29 09:42:07 PM | -----
01/29 09:42:07 PM | module: ReLU(inplace=True)
01/29 09:42:07 PM | cin: [33]
01/29 09:42:07 PM | cout: [33]
01/29 09:42:07 PM | active
01/29 09:42:07 PM | -----
01/29 09:42:07 PM | module: Conv2d(32, 32, kernel_size=(3, 3), stride=(1, 1), padding=(1, 1), bias=False)
01/29 09:42:07 PM | cin: [33]
01/29 09:42:07 PM | cout: [34]
01/29 09:42:07 PM | inactive
01/29 09:42:07 PM | -----
01/29 09:42:07 PM | module: BatchNorm2d(32, eps=1e-05, momentum=0.1, affine=True, track_running_stats=True)
01/29 09:42:07 PM | cin: [34]
01/29 09:42:07 PM | cout: [34]
01/29 09:42:07 PM | active
01/29 09:42:07 PM | -----
01/29 09:42:07 PM | module: ReLU(inplace=True)
01/29 09:42:07 PM | cin: None
01/29 09:42:07 PM | cout: None
01/29 09:42:07 PM | inactive
01/29 09:42:07 PM | -----
01/29 09:42:07 PM | module: Conv2d(32, 32, kernel_size=(3, 3), stride=(1, 1), padding=(1, 1), bias=False)
01/29 09:42:07 PM | cin: None
01/29 09:42:07 PM | cout: [35]
01/29 09:42:07 PM | inactive
01/29 09:42:07 PM | -----
01/29 09:42:07 PM | module: BatchNorm2d(32, eps=1e-05, momentum=0.1, affine=True, track_running_stats=True)
01/29 09:42:07 PM | cin: [35]
01/29 09:42:07 PM | cout: [35]
01/29 09:42:07 PM | inactive
01/29 09:42:07 PM | -----
01/29 09:42:07 PM | module: ReLU(inplace=True)
01/29 09:42:07 PM | cin: [35]
01/29 09:42:07 PM | cout: [35]
01/29 09:42:07 PM | active
01/29 09:42:07 PM | -----
01/29 09:42:07 PM | module: Conv2d(32, 32, kernel_size=(3, 3), stride=(1, 1), padding=(1, 1), bias=False)
01/29 09:42:07 PM | cin: [35]
01/29 09:42:07 PM | cout: [36]
01/29 09:42:07 PM | inactive
01/29 09:42:07 PM | -----
01/29 09:42:07 PM | module: BatchNorm2d(32, eps=1e-05, momentum=0.1, affine=True, track_running_stats=True)
01/29 09:42:07 PM | cin: [36]
01/29 09:42:07 PM | cout: [36]
01/29 09:42:07 PM | active
01/29 09:42:07 PM | -----
01/29 09:42:07 PM | module: ReLU(inplace=True)
01/29 09:42:07 PM | cin: None
01/29 09:42:07 PM | cout: None
01/29 09:42:07 PM | inactive
01/29 09:42:07 PM | -----
01/29 09:42:07 PM | module: Conv2d(32, 64, kernel_size=(3, 3), stride=(2, 2), padding=(1, 1), bias=False)
01/29 09:42:07 PM | cin: None
01/29 09:42:07 PM | cout: [37]
01/29 09:42:07 PM | inactive
01/29 09:42:07 PM | -----
01/29 09:42:07 PM | module: BatchNorm2d(64, eps=1e-05, momentum=0.1, affine=True, track_running_stats=True)
01/29 09:42:07 PM | cin: [37]
01/29 09:42:07 PM | cout: [37]
01/29 09:42:07 PM | inactive
01/29 09:42:07 PM | -----
01/29 09:42:07 PM | module: ReLU(inplace=True)
01/29 09:42:07 PM | cin: [37]
01/29 09:42:07 PM | cout: [37]
01/29 09:42:07 PM | active
01/29 09:42:07 PM | -----
01/29 09:42:07 PM | module: Conv2d(64, 64, kernel_size=(3, 3), stride=(1, 1), padding=(1, 1), bias=False)
01/29 09:42:07 PM | cin: [37]
01/29 09:42:07 PM | cout: [38]
01/29 09:42:07 PM | inactive
01/29 09:42:07 PM | -----
01/29 09:42:07 PM | module: BatchNorm2d(64, eps=1e-05, momentum=0.1, affine=True, track_running_stats=True)
01/29 09:42:07 PM | cin: [38]
01/29 09:42:07 PM | cout: [38]
01/29 09:42:07 PM | active
01/29 09:42:07 PM | -----
01/29 09:42:07 PM | module: ReLU(inplace=True)
01/29 09:42:07 PM | cin: None
01/29 09:42:07 PM | cout: None
01/29 09:42:07 PM | inactive
01/29 09:42:07 PM | -----
01/29 09:42:07 PM | module: Conv2d(64, 64, kernel_size=(3, 3), stride=(1, 1), padding=(1, 1), bias=False)
01/29 09:42:07 PM | cin: None
01/29 09:42:07 PM | cout: [39]
01/29 09:42:07 PM | inactive
01/29 09:42:07 PM | -----
01/29 09:42:07 PM | module: BatchNorm2d(64, eps=1e-05, momentum=0.1, affine=True, track_running_stats=True)
01/29 09:42:07 PM | cin: [39]
01/29 09:42:07 PM | cout: [39]
01/29 09:42:07 PM | inactive
01/29 09:42:07 PM | -----
01/29 09:42:07 PM | module: ReLU(inplace=True)
01/29 09:42:07 PM | cin: [39]
01/29 09:42:07 PM | cout: [39]
01/29 09:42:07 PM | active
01/29 09:42:07 PM | -----
01/29 09:42:07 PM | module: Conv2d(64, 64, kernel_size=(3, 3), stride=(1, 1), padding=(1, 1), bias=False)
01/29 09:42:07 PM | cin: [39]
01/29 09:42:07 PM | cout: [40]
01/29 09:42:07 PM | inactive
01/29 09:42:07 PM | -----
01/29 09:42:07 PM | module: BatchNorm2d(64, eps=1e-05, momentum=0.1, affine=True, track_running_stats=True)
01/29 09:42:07 PM | cin: [40]
01/29 09:42:07 PM | cout: [40]
01/29 09:42:07 PM | active
01/29 09:42:07 PM | -----
01/29 09:42:07 PM | module: ReLU(inplace=True)
01/29 09:42:07 PM | cin: None
01/29 09:42:07 PM | cout: None
01/29 09:42:07 PM | inactive
01/29 09:42:07 PM | -----
01/29 09:42:07 PM | module: Conv2d(64, 64, kernel_size=(3, 3), stride=(1, 1), padding=(1, 1), bias=False)
01/29 09:42:07 PM | cin: None
01/29 09:42:07 PM | cout: [41]
01/29 09:42:07 PM | inactive
01/29 09:42:07 PM | -----
01/29 09:42:07 PM | module: BatchNorm2d(64, eps=1e-05, momentum=0.1, affine=True, track_running_stats=True)
01/29 09:42:07 PM | cin: [41]
01/29 09:42:07 PM | cout: [41]
01/29 09:42:07 PM | inactive
01/29 09:42:07 PM | -----
01/29 09:42:07 PM | module: ReLU(inplace=True)
01/29 09:42:07 PM | cin: [41]
01/29 09:42:07 PM | cout: [41]
01/29 09:42:07 PM | active
01/29 09:42:07 PM | -----
01/29 09:42:07 PM | module: Conv2d(64, 64, kernel_size=(3, 3), stride=(1, 1), padding=(1, 1), bias=False)
01/29 09:42:07 PM | cin: [41]
01/29 09:42:07 PM | cout: [42]
01/29 09:42:07 PM | inactive
01/29 09:42:07 PM | -----
01/29 09:42:07 PM | module: BatchNorm2d(64, eps=1e-05, momentum=0.1, affine=True, track_running_stats=True)
01/29 09:42:07 PM | cin: [42]
01/29 09:42:07 PM | cout: [42]
01/29 09:42:07 PM | active
01/29 09:42:07 PM | -----
01/29 09:42:07 PM | module: ReLU(inplace=True)
01/29 09:42:07 PM | cin: None
01/29 09:42:07 PM | cout: None
01/29 09:42:07 PM | inactive
01/29 09:42:07 PM | -----
01/29 09:42:07 PM | module: Conv2d(64, 64, kernel_size=(3, 3), stride=(1, 1), padding=(1, 1), bias=False)
01/29 09:42:07 PM | cin: None
01/29 09:42:07 PM | cout: [43]
01/29 09:42:07 PM | inactive
01/29 09:42:07 PM | -----
01/29 09:42:07 PM | module: BatchNorm2d(64, eps=1e-05, momentum=0.1, affine=True, track_running_stats=True)
01/29 09:42:07 PM | cin: [43]
01/29 09:42:07 PM | cout: [43]
01/29 09:42:07 PM | inactive
01/29 09:42:07 PM | -----
01/29 09:42:07 PM | module: ReLU(inplace=True)
01/29 09:42:07 PM | cin: [43]
01/29 09:42:07 PM | cout: [43]
01/29 09:42:07 PM | active
01/29 09:42:07 PM | -----
01/29 09:42:07 PM | module: Conv2d(64, 64, kernel_size=(3, 3), stride=(1, 1), padding=(1, 1), bias=False)
01/29 09:42:07 PM | cin: [43]
01/29 09:42:07 PM | cout: [44]
01/29 09:42:07 PM | inactive
01/29 09:42:07 PM | -----
01/29 09:42:07 PM | module: BatchNorm2d(64, eps=1e-05, momentum=0.1, affine=True, track_running_stats=True)
01/29 09:42:07 PM | cin: [44]
01/29 09:42:07 PM | cout: [44]
01/29 09:42:07 PM | active
01/29 09:42:07 PM | -----
01/29 09:42:07 PM | module: ReLU(inplace=True)
01/29 09:42:07 PM | cin: None
01/29 09:42:07 PM | cout: None
01/29 09:42:07 PM | inactive
01/29 09:42:07 PM | -----
01/29 09:42:07 PM | module: Conv2d(64, 64, kernel_size=(3, 3), stride=(1, 1), padding=(1, 1), bias=False)
01/29 09:42:07 PM | cin: None
01/29 09:42:07 PM | cout: [45]
01/29 09:42:07 PM | inactive
01/29 09:42:07 PM | -----
01/29 09:42:07 PM | module: BatchNorm2d(64, eps=1e-05, momentum=0.1, affine=True, track_running_stats=True)
01/29 09:42:07 PM | cin: [45]
01/29 09:42:07 PM | cout: [45]
01/29 09:42:07 PM | inactive
01/29 09:42:07 PM | -----
01/29 09:42:07 PM | module: ReLU(inplace=True)
01/29 09:42:07 PM | cin: [45]
01/29 09:42:07 PM | cout: [45]
01/29 09:42:07 PM | active
01/29 09:42:07 PM | -----
01/29 09:42:07 PM | module: Conv2d(64, 64, kernel_size=(3, 3), stride=(1, 1), padding=(1, 1), bias=False)
01/29 09:42:07 PM | cin: [45]
01/29 09:42:07 PM | cout: [46]
01/29 09:42:07 PM | inactive
01/29 09:42:07 PM | -----
01/29 09:42:07 PM | module: BatchNorm2d(64, eps=1e-05, momentum=0.1, affine=True, track_running_stats=True)
01/29 09:42:07 PM | cin: [46]
01/29 09:42:07 PM | cout: [46]
01/29 09:42:07 PM | active
01/29 09:42:07 PM | -----
01/29 09:42:07 PM | module: ReLU(inplace=True)
01/29 09:42:07 PM | cin: None
01/29 09:42:07 PM | cout: None
01/29 09:42:07 PM | inactive
01/29 09:42:07 PM | -----
01/29 09:42:07 PM | module: Conv2d(64, 64, kernel_size=(3, 3), stride=(1, 1), padding=(1, 1), bias=False)
01/29 09:42:07 PM | cin: None
01/29 09:42:07 PM | cout: [47]
01/29 09:42:07 PM | inactive
01/29 09:42:07 PM | -----
01/29 09:42:07 PM | module: BatchNorm2d(64, eps=1e-05, momentum=0.1, affine=True, track_running_stats=True)
01/29 09:42:07 PM | cin: [47]
01/29 09:42:07 PM | cout: [47]
01/29 09:42:07 PM | inactive
01/29 09:42:07 PM | -----
01/29 09:42:07 PM | module: ReLU(inplace=True)
01/29 09:42:07 PM | cin: [47]
01/29 09:42:07 PM | cout: [47]
01/29 09:42:07 PM | active
01/29 09:42:07 PM | -----
01/29 09:42:07 PM | module: Conv2d(64, 64, kernel_size=(3, 3), stride=(1, 1), padding=(1, 1), bias=False)
01/29 09:42:07 PM | cin: [47]
01/29 09:42:07 PM | cout: [48]
01/29 09:42:07 PM | inactive
01/29 09:42:07 PM | -----
01/29 09:42:07 PM | module: BatchNorm2d(64, eps=1e-05, momentum=0.1, affine=True, track_running_stats=True)
01/29 09:42:07 PM | cin: [48]
01/29 09:42:07 PM | cout: [48]
01/29 09:42:07 PM | active
01/29 09:42:07 PM | -----
01/29 09:42:07 PM | module: ReLU(inplace=True)
01/29 09:42:07 PM | cin: None
01/29 09:42:07 PM | cout: None
01/29 09:42:07 PM | inactive
01/29 09:42:07 PM | -----
01/29 09:42:07 PM | module: Conv2d(64, 64, kernel_size=(3, 3), stride=(1, 1), padding=(1, 1), bias=False)
01/29 09:42:07 PM | cin: None
01/29 09:42:07 PM | cout: [49]
01/29 09:42:07 PM | inactive
01/29 09:42:07 PM | -----
01/29 09:42:07 PM | module: BatchNorm2d(64, eps=1e-05, momentum=0.1, affine=True, track_running_stats=True)
01/29 09:42:07 PM | cin: [49]
01/29 09:42:07 PM | cout: [49]
01/29 09:42:07 PM | inactive
01/29 09:42:07 PM | -----
01/29 09:42:07 PM | module: ReLU(inplace=True)
01/29 09:42:07 PM | cin: [49]
01/29 09:42:07 PM | cout: [49]
01/29 09:42:07 PM | active
01/29 09:42:07 PM | -----
01/29 09:42:07 PM | module: Conv2d(64, 64, kernel_size=(3, 3), stride=(1, 1), padding=(1, 1), bias=False)
01/29 09:42:07 PM | cin: [49]
01/29 09:42:07 PM | cout: [50]
01/29 09:42:07 PM | inactive
01/29 09:42:07 PM | -----
01/29 09:42:07 PM | module: BatchNorm2d(64, eps=1e-05, momentum=0.1, affine=True, track_running_stats=True)
01/29 09:42:07 PM | cin: [50]
01/29 09:42:07 PM | cout: [50]
01/29 09:42:07 PM | active
01/29 09:42:07 PM | -----
01/29 09:42:07 PM | module: ReLU(inplace=True)
01/29 09:42:07 PM | cin: None
01/29 09:42:07 PM | cout: None
01/29 09:42:07 PM | inactive
01/29 09:42:07 PM | -----
01/29 09:42:07 PM | module: Conv2d(64, 64, kernel_size=(3, 3), stride=(1, 1), padding=(1, 1), bias=False)
01/29 09:42:07 PM | cin: None
01/29 09:42:07 PM | cout: [51]
01/29 09:42:07 PM | inactive
01/29 09:42:07 PM | -----
01/29 09:42:07 PM | module: BatchNorm2d(64, eps=1e-05, momentum=0.1, affine=True, track_running_stats=True)
01/29 09:42:07 PM | cin: [51]
01/29 09:42:07 PM | cout: [51]
01/29 09:42:07 PM | inactive
01/29 09:42:07 PM | -----
01/29 09:42:07 PM | module: ReLU(inplace=True)
01/29 09:42:07 PM | cin: [51]
01/29 09:42:07 PM | cout: [51]
01/29 09:42:07 PM | active
01/29 09:42:07 PM | -----
01/29 09:42:07 PM | module: Conv2d(64, 64, kernel_size=(3, 3), stride=(1, 1), padding=(1, 1), bias=False)
01/29 09:42:07 PM | cin: [51]
01/29 09:42:07 PM | cout: [52]
01/29 09:42:07 PM | inactive
01/29 09:42:07 PM | -----
01/29 09:42:07 PM | module: BatchNorm2d(64, eps=1e-05, momentum=0.1, affine=True, track_running_stats=True)
01/29 09:42:07 PM | cin: [52]
01/29 09:42:07 PM | cout: [52]
01/29 09:42:07 PM | active
01/29 09:42:07 PM | -----
01/29 09:42:07 PM | module: ReLU(inplace=True)
01/29 09:42:07 PM | cin: None
01/29 09:42:07 PM | cout: None
01/29 09:42:07 PM | inactive
01/29 09:42:07 PM | -----
01/29 09:42:07 PM | module: Conv2d(64, 64, kernel_size=(3, 3), stride=(1, 1), padding=(1, 1), bias=False)
01/29 09:42:07 PM | cin: None
01/29 09:42:07 PM | cout: [53]
01/29 09:42:07 PM | inactive
01/29 09:42:07 PM | -----
01/29 09:42:07 PM | module: BatchNorm2d(64, eps=1e-05, momentum=0.1, affine=True, track_running_stats=True)
01/29 09:42:07 PM | cin: [53]
01/29 09:42:07 PM | cout: [53]
01/29 09:42:07 PM | inactive
01/29 09:42:07 PM | -----
01/29 09:42:07 PM | module: ReLU(inplace=True)
01/29 09:42:07 PM | cin: [53]
01/29 09:42:07 PM | cout: [53]
01/29 09:42:07 PM | active
01/29 09:42:07 PM | -----
01/29 09:42:07 PM | module: Conv2d(64, 64, kernel_size=(3, 3), stride=(1, 1), padding=(1, 1), bias=False)
01/29 09:42:07 PM | cin: [53]
01/29 09:42:07 PM | cout: [54]
01/29 09:42:07 PM | inactive
01/29 09:42:07 PM | -----
01/29 09:42:07 PM | module: BatchNorm2d(64, eps=1e-05, momentum=0.1, affine=True, track_running_stats=True)
01/29 09:42:07 PM | cin: [54]
01/29 09:42:07 PM | cout: [54]
01/29 09:42:07 PM | active
01/29 09:42:07 PM | -----
01/29 09:42:07 PM | module: ReLU(inplace=True)
01/29 09:42:07 PM | cin: None
01/29 09:42:07 PM | cout: None
01/29 09:42:07 PM | inactive
01/29 09:42:07 PM | -----
01/29 09:42:07 PM | module: AdaptiveAvgPool2d(output_size=(1, 1))
01/29 09:42:07 PM | cin: None
01/29 09:42:07 PM | cout: None
01/29 09:42:07 PM | inactive
01/29 09:42:07 PM | -----
01/29 09:42:07 PM | module: Linear(in_features=64, out_features=10, bias=True)
01/29 09:42:07 PM | cin: None
01/29 09:42:07 PM | cout: None
01/29 09:42:07 PM | inactive
01/29 09:42:07 PM | Used masks: [1, 2, 3, 4, 5, 6, 7, 8, 9, 10, 11, 12, 13, 14, 15, 16, 17, 18, 19, 20, 21, 22, 23, 24, 25, 26, 27, 28, 29, 30, 31, 32, 33, 34, 35, 36, 37, 38, 39, 40, 41, 42, 43, 44, 45, 46, 47, 48, 49, 50, 51, 52, 53, 54]
01/29 09:42:07 PM | 55 unique masks in total
01/29 09:42:08 PM | === Batch 1/7
01/29 09:42:09 PM | loss = 0.068 + 4.444 + 0.040 = 4.552
01/29 09:42:10 PM | attribution_score[0:12]: 
[ 1.00  1.00  1.00  1.00  1.00  1.00  1.00  1.00  1.00  1.00  1.00  1.00 ]
[ 0.83  0.83  0.83  0.83  0.83  0.83  0.83  0.94  0.83  0.83  0.94  0.83 ]
[ 0.83  0.83  0.83  0.83  0.83  0.94  0.83  0.94  0.83  0.94  0.83  0.94 ]
[ 0.83  0.83  0.83  0.83  0.83  0.94  0.83  0.94  0.83  0.83  0.83  0.83 ]
[ 0.94  0.83  0.83  0.83  0.94  0.94  0.94  0.94  0.83  0.83  0.83  0.94 ]
[ 0.83  0.83  0.83  0.83  0.83  0.83  0.83  0.83  0.83  0.83  0.83  0.83 ]
[ 0.83  0.83  0.94  0.83  0.83  0.83  0.94  0.94  0.94  0.83  0.83  0.94 ]
[ 0.83  0.83  0.83  0.83  0.83  0.83  0.83  0.83  0.83  0.83  0.83  0.83 ]
[ 0.83  0.83  0.94  0.83  0.83  0.83  0.94  0.94  0.83  0.83  0.83  0.94 ]
[ 0.83  0.83  0.83  0.83  0.83  0.83  0.83  0.83  0.83  0.83  0.83  0.94 ]
[ 0.83  0.83  0.94  0.83  0.83  0.83  0.83  0.94  0.83  0.83  0.83  0.83 ]
[ 0.83  0.83  0.83  0.83  0.83  0.83  0.83  0.83  0.83  0.83  0.94  0.83 ]
[ 0.83  0.94  0.83  0.83  0.83  0.83  0.83  0.83  0.83  0.83  0.83  0.83 ]
[ 0.83  0.83  0.83  0.83  0.94  0.94  0.83  0.83  0.83  0.83  0.83  0.83 ]
[ 0.83  0.94  0.94  0.83  0.83  0.83  0.94  0.83  0.94  0.83  0.83  0.94 ]
[ 0.83  0.83  0.83  0.94  0.83  0.83  0.83  0.83  0.94  0.83  0.83  0.83 ]
[ 0.83  0.94  0.94  0.83  0.94  0.83  0.94  0.83  0.83  0.83  0.83  0.94 ]
[ 0.83  0.83  0.83  0.83  0.83  0.83  0.83  0.83  0.83  0.83  0.83  0.83 ]
[ 0.83  0.84  0.83  0.83  0.94  0.83  0.83  0.83  0.83  0.83  0.83  0.94 ]
[ 0.83  0.83  0.94  0.94  0.83  0.83  0.94  0.83  0.83  0.94  0.94  0.83 ]
[ 0.83  0.83  0.94  0.83  0.83  0.83  0.83  0.83  0.83  0.83  0.83  0.83 ]
[ 0.83  0.83  0.83  0.83  0.83  0.83  0.83  0.83  0.83  0.83  0.83  0.83 ]
[ 0.94  0.83  0.83  0.83  0.83  0.83  0.83  0.94  0.83  0.83  0.83  0.83 ]
[ 0.83  0.83  0.83  0.83  0.83  0.83  0.83  0.83  0.83  0.83  0.83  0.83 ]
[ 0.94  0.83  0.94  0.83  0.83  0.83  0.83  0.94  0.83  0.83  0.83  0.83 ]
[ 0.94  0.83  0.83  0.83  0.83  0.83  0.83  0.83  0.83  0.83  0.83  0.83 ]
[ 0.94  0.83  0.94  0.83  0.83  0.83  0.83  0.83  0.94  0.83  0.83  0.83 ]
[ 0.83  0.83  0.83  0.83  0.83  0.83  0.83  0.83  0.83  0.83  0.83  0.83 ]
[ 0.83  0.83  0.94  0.83  0.83  0.83  0.83  0.83  0.83  0.83  0.83  0.83 ]
[ 0.83  0.83  0.83  0.83  0.83  0.83  0.83  0.83  0.83  0.83  0.83  0.83 ]
[ 0.83  0.83  0.94  0.83  0.83  0.83  0.83  0.83  0.83  0.83  0.83  0.83 ]
[ 0.83  0.83  0.83  0.83  0.83  0.83  0.83  0.83  0.94  0.83  0.83  0.83 ]
[ 0.83  0.83  0.94  0.83  0.83  0.83  0.83  0.83  0.83  0.83  0.83  0.83 ]
[ 0.83  0.83  0.83  0.83  0.83  0.83  0.83  0.83  0.83  0.83  0.83  0.83 ]
[ 0.83  0.83  0.94  0.83  0.83  0.83  0.83  0.83  0.83  0.94  0.94  0.83 ]
[ 0.83  0.83  0.83  0.83  0.83  0.83  0.83  0.83  0.83  0.83  0.83  0.83 ]
[ 0.94  0.83  0.83  0.83  0.83  0.83  0.83  0.83  0.83  0.83  0.83  0.83 ]
[ 0.83  0.83  0.94  0.94  0.83  0.83  0.94  0.94  0.94  0.94  0.83  0.94 ]
[ 0.83  0.94  0.83  0.83  0.83  0.83  0.83  0.83  0.94  0.94  0.94  0.94 ]
[ 0.83  0.94  0.83  0.83  0.83  0.94  0.83  0.83  0.94  0.83  0.83  0.94 ]
[ 0.83  0.83  0.83  0.83  0.83  0.94  0.83  0.83  0.83  0.83  0.83  0.94 ]
[ 0.83  0.83  0.83  0.94  0.83  0.83  0.83  0.83  0.94  0.83  0.83  0.83 ]
[ 0.83  0.83  0.83  0.83  0.83  0.94  0.83  0.83  0.83  0.94  0.94  0.94 ]
[ 0.83  0.83  0.83  0.83  0.83  0.83  0.83  0.83  0.83  0.83  0.83  0.83 ]
[ 0.83  0.83  0.83  0.83  0.83  0.94  0.83  0.83  0.83  0.83  0.83  0.83 ]
[ 0.83  0.83  0.83  0.83  0.83  0.83  0.83  0.83  0.83  0.83  0.83  0.94 ]
[ 0.83  0.83  0.83  0.83  0.83  0.83  0.83  0.94  0.83  0.83  0.94  0.83 ]
[ 0.83  0.83  0.83  0.83  0.83  0.83  0.83  0.83  0.94  0.94  0.83  0.83 ]
[ 0.83  0.83  0.94  0.83  0.83  0.94  0.83  0.83  0.83  0.83  0.83  0.83 ]
[ 0.83  0.83  0.83  0.83  0.83  0.83  0.83  0.83  0.94  0.83  0.83  0.83 ]
[ 0.83  0.83  0.94  0.83  0.83  0.94  0.94  0.83  0.83  0.83  0.83  0.94 ]
[ 0.83  0.83  0.94  0.83  0.83  0.83  0.83  0.83  0.94  0.94  0.83  0.83 ]
[ 0.83  0.94  0.83  0.83  0.83  0.94  0.83  0.83  0.83  0.83  0.83  0.94 ]
[ 0.94  0.83  0.83  0.83  0.83  0.83  0.83  0.83  0.83  0.83  0.94  0.83 ]
[ 0.83  0.83  0.83  0.94  0.83  0.83  0.83  0.83  0.83  0.94  0.83  0.94 ]

01/29 09:42:10 PM | === Batch 2/7
01/29 09:42:10 PM | loss = 0.452 + 3.710 + 0.059 = 4.221
01/29 09:42:11 PM | attribution_score[0:12]: 
[ 1.00  1.00  1.00  1.00  1.00  1.00  1.00  1.00  1.00  1.00  1.00  1.00 ]
[ 0.73  0.73  0.83  0.75  0.74  0.73  0.73  0.94  0.73  0.73  0.92  0.73 ]
[ 0.87  0.74  0.74  0.88  0.82  0.92  0.87  0.96  0.74  0.97  0.75  0.96 ]
[ 0.73  0.85  0.73  0.73  0.88  0.92  0.80  0.97  0.73  0.74  0.73  0.80 ]
[ 0.93  0.74  0.75  0.86  0.96  0.97  0.97  0.96  0.80  0.85  0.74  0.94 ]
[ 0.73  0.73  0.73  0.73  0.74  0.74  0.73  0.73  0.73  0.73  0.73  0.76 ]
[ 0.80  0.74  0.94  0.88  0.88  0.86  0.97  0.92  0.97  0.88  0.73  0.96 ]
[ 0.73  0.73  0.74  0.74  0.76  0.73  0.73  0.73  0.75  0.74  0.74  0.85 ]
[ 0.85  0.82  0.96  0.88  0.81  0.73  0.95  0.95  0.87  0.77  0.73  0.96 ]
[ 0.83  0.73  0.73  0.76  0.74  0.74  0.74  0.73  0.73  0.74  0.86  0.91 ]
[ 0.86  0.83  0.92  0.83  0.88  0.73  0.85  0.96  0.85  0.87  0.75  0.74 ]
[ 0.73  0.74  0.73  0.74  0.73  0.74  0.87  0.87  0.84  0.73  0.92  0.74 ]
[ 0.86  0.92  0.76  0.87  0.86  0.73  0.87  0.74  0.88  0.75  0.74  0.87 ]
[ 0.87  0.78  0.87  0.85  0.92  0.92  0.84  0.85  0.74  0.84  0.73  0.78 ]
[ 0.84  0.93  0.93  0.78  0.88  0.74  0.94  0.74  0.96  0.73  0.88  0.96 ]
[ 0.75  0.84  0.73  0.94  0.87  0.75  0.73  0.87  0.92  0.73  0.75  0.74 ]
[ 0.86  0.95  0.93  0.82  0.92  0.74  0.94  0.73  0.88  0.73  0.88  0.96 ]
[ 0.86  0.73  0.74  0.87  0.74  0.74  0.74  0.85  0.73  0.73  0.75  0.75 ]
[ 0.86  0.76  0.76  0.82  0.96  0.74  0.74  0.73  0.76  0.77  0.87  0.94 ]
[ 0.88  0.86  0.93  0.96  0.87  0.74  0.96  0.82  0.77  0.95  0.93  0.88 ]
[ 0.73  0.86  0.94  0.77  0.87  0.85  0.87  0.87  0.87  0.88  0.88  0.88 ]
[ 0.74  0.74  0.73  0.73  0.75  0.74  0.75  0.75  0.75  0.73  0.73  0.76 ]
[ 0.92  0.82  0.76  0.74  0.88  0.82  0.83  0.92  0.85  0.73  0.73  0.73 ]
[ 0.78  0.84  0.74  0.73  0.85  0.73  0.85  0.73  0.84  0.75  0.73  0.75 ]
[ 0.91  0.87  0.92  0.74  0.88  0.86  0.87  0.93  0.86  0.84  0.74  0.75 ]
[ 0.93  0.87  0.85  0.75  0.74  0.73  0.74  0.87  0.73  0.73  0.76  0.73 ]
[ 0.92  0.86  0.93  0.75  0.74  0.79  0.85  0.73  0.95  0.85  0.73  0.74 ]
[ 0.87  0.74  0.73  0.82  0.73  0.75  0.75  0.73  0.73  0.74  0.76  0.73 ]
[ 0.76  0.86  0.93  0.73  0.86  0.87  0.87  0.73  0.74  0.82  0.73  0.73 ]
[ 0.81  0.81  0.73  0.77  0.73  0.73  0.78  0.73  0.73  0.73  0.73  0.73 ]
[ 0.76  0.79  0.94  0.73  0.86  0.82  0.85  0.76  0.79  0.75  0.73  0.75 ]
[ 0.74  0.73  0.87  0.85  0.74  0.74  0.74  0.73  0.95  0.85  0.75  0.84 ]
[ 0.75  0.74  0.92  0.73  0.84  0.73  0.75  0.73  0.74  0.75  0.76  0.75 ]
[ 0.73  0.75  0.75  0.75  0.82  0.73  0.76  0.74  0.73  0.74  0.73  0.74 ]
[ 0.76  0.79  0.92  0.74  0.79  0.74  0.73  0.73  0.82  0.91  0.91  0.74 ]
[ 0.73  0.73  0.75  0.74  0.74  0.73  0.77  0.73  0.75  0.75  0.74  0.73 ]
[ 0.91  0.79  0.73  0.76  0.88  0.73  0.86  0.82  0.73  0.86  0.76  0.75 ]
[ 0.89  0.88  0.92  0.92  0.83  0.87  0.96  0.96  0.97  0.95  0.85  0.92 ]
[ 0.84  0.92  0.86  0.88  0.88  0.73  0.88  0.73  0.92  0.96  0.97  0.94 ]
[ 0.74  0.92  0.88  0.74  0.76  0.93  0.74  0.77  0.92  0.73  0.77  0.92 ]
[ 0.88  0.76  0.87  0.89  0.88  0.92  0.73  0.88  0.86  0.75  0.87  0.96 ]
[ 0.73  0.88  0.73  0.96  0.83  0.73  0.73  0.74  0.92  0.73  0.88  0.73 ]
[ 0.83  0.88  0.74  0.88  0.76  0.92  0.75  0.88  0.74  0.95  0.96  0.97 ]
[ 0.74  0.76  0.74  0.74  0.74  0.74  0.75  0.76  0.74  0.87  0.84  0.76 ]
[ 0.86  0.81  0.73  0.88  0.73  0.92  0.73  0.88  0.75  0.78  0.88  0.73 ]
[ 0.76  0.87  0.75  0.73  0.82  0.73  0.73  0.78  0.76  0.74  0.74  0.93 ]
[ 0.84  0.88  0.74  0.74  0.81  0.80  0.80  0.97  0.86  0.87  0.96  0.76 ]
[ 0.82  0.73  0.76  0.85  0.75  0.87  0.77  0.75  0.97  0.96  0.78  0.85 ]
[ 0.75  0.87  0.93  0.76  0.88  0.93  0.79  0.75  0.86  0.88  0.81  0.73 ]
[ 0.86  0.74  0.73  0.81  0.79  0.73  0.81  0.73  0.96  0.83  0.73  0.73 ]
[ 0.74  0.76  0.97  0.74  0.85  0.97  0.96  0.75  0.74  0.73  0.88  0.97 ]
[ 0.80  0.73  0.94  0.74  0.85  0.78  0.77  0.76  0.96  0.97  0.75  0.88 ]
[ 0.74  0.93  0.74  0.75  0.88  0.95  0.83  0.74  0.75  0.74  0.87  0.97 ]
[ 0.93  0.74  0.84  0.75  0.88  0.76  0.88  0.88  0.75  0.74  0.94  0.74 ]
[ 0.85  0.75  0.87  0.92  0.88  0.75  0.82  0.88  0.74  0.97  0.88  0.97 ]

01/29 09:42:11 PM | === Batch 3/7
01/29 09:42:12 PM | loss = 0.203 + 3.061 + 0.074 = 3.338
01/29 09:42:13 PM | attribution_score[0:12]: 
[ 1.00  1.00  1.00  1.00  1.00  1.00  1.00  1.00  1.00  1.00  1.00  1.00 ]
[ 0.60  0.61  0.78  0.67  0.61  0.62  0.60  0.94  0.60  0.60  0.91  0.61 ]
[ 0.90  0.61  0.64  0.92  0.78  0.87  0.87  0.97  0.62  0.97  0.69  0.97 ]
[ 0.60  0.82  0.60  0.60  0.90  0.89  0.73  0.98  0.60  0.62  0.60  0.72 ]
[ 0.94  0.63  0.68  0.89  0.98  0.97  0.98  0.98  0.76  0.84  0.61  0.93 ]
[ 0.61  0.62  0.61  0.61  0.63  0.61  0.60  0.60  0.60  0.67  0.60  0.67 ]
[ 0.74  0.65  0.95  0.92  0.91  0.86  0.97  0.88  0.97  0.89  0.67  0.97 ]
[ 0.60  0.61  0.61  0.61  0.66  0.60  0.60  0.61  0.65  0.61  0.62  0.86 ]
[ 0.85  0.81  0.97  0.92  0.77  0.60  0.95  0.94  0.88  0.67  0.62  0.97 ]
[ 0.79  0.60  0.60  0.66  0.62  0.62  0.63  0.61  0.60  0.63  0.88  0.86 ]
[ 0.88  0.79  0.89  0.86  0.91  0.60  0.83  0.98  0.82  0.90  0.64  0.62 ]
[ 0.60  0.63  0.60  0.61  0.60  0.64  0.90  0.90  0.81  0.60  0.87  0.62 ]
[ 0.86  0.88  0.68  0.91  0.89  0.61  0.91  0.61  0.91  0.65  0.62  0.89 ]
[ 0.88  0.69  0.90  0.85  0.88  0.89  0.81  0.88  0.61  0.82  0.61  0.69 ]
[ 0.83  0.93  0.90  0.70  0.90  0.64  0.91  0.61  0.97  0.61  0.91  0.96 ]
[ 0.64  0.82  0.60  0.94  0.88  0.67  0.62  0.87  0.89  0.60  0.65  0.61 ]
[ 0.87  0.96  0.92  0.80  0.90  0.61  0.93  0.61  0.88  0.61  0.91  0.96 ]
[ 0.84  0.61  0.62  0.89  0.62  0.61  0.62  0.83  0.60  0.60  0.65  0.64 ]
[ 0.87  0.71  0.66  0.77  0.97  0.61  0.64  0.60  0.67  0.68  0.90  0.93 ]
[ 0.90  0.87  0.90  0.98  0.91  0.63  0.98  0.80  0.79  0.95  0.91  0.91 ]
[ 0.60  0.88  0.94  0.79  0.88  0.81  0.88  0.82  0.88  0.91  0.90  0.92 ]
[ 0.61  0.61  0.60  0.61  0.64  0.61  0.63  0.63  0.67  0.60  0.64  0.67 ]
[ 0.90  0.77  0.67  0.77  0.90  0.75  0.84  0.88  0.86  0.60  0.60  0.61 ]
[ 0.68  0.84  0.62  0.73  0.80  0.60  0.85  0.60  0.83  0.71  0.61  0.64 ]
[ 0.89  0.90  0.88  0.77  0.90  0.83  0.89  0.90  0.88  0.88  0.64  0.64 ]
[ 0.90  0.86  0.86  0.64  0.66  0.60  0.63  0.87  0.63  0.61  0.68  0.60 ]
[ 0.90  0.86  0.90  0.65  0.62  0.70  0.83  0.61  0.94  0.87  0.60  0.61 ]
[ 0.87  0.61  0.60  0.76  0.61  0.64  0.63  0.60  0.61  0.61  0.66  0.60 ]
[ 0.69  0.86  0.91  0.79  0.89  0.84  0.86  0.60  0.62  0.78  0.63  0.62 ]
[ 0.74  0.74  0.60  0.68  0.60  0.60  0.70  0.60  0.61  0.61  0.60  0.60 ]
[ 0.70  0.71  0.92  0.61  0.88  0.76  0.85  0.66  0.72  0.64  0.60  0.64 ]
[ 0.61  0.60  0.90  0.83  0.61  0.64  0.63  0.60  0.94  0.84  0.64  0.83 ]
[ 0.66  0.61  0.88  0.64  0.81  0.61  0.63  0.60  0.64  0.64  0.65  0.64 ]
[ 0.60  0.64  0.69  0.66  0.76  0.60  0.65  0.63  0.60  0.62  0.60  0.61 ]
[ 0.70  0.71  0.88  0.74  0.71  0.62  0.64  0.61  0.78  0.88  0.87  0.64 ]
[ 0.60  0.61  0.63  0.62  0.63  0.60  0.68  0.60  0.63  0.64  0.62  0.61 ]
[ 0.90  0.72  0.61  0.72  0.90  0.61  0.82  0.78  0.62  0.89  0.69  0.67 ]
[ 0.93  0.90  0.87  0.89  0.83  0.89  0.97  0.97  0.98  0.94  0.86  0.89 ]
[ 0.84  0.88  0.90  0.89  0.87  0.60  0.88  0.60  0.91  0.98  0.98  0.95 ]
[ 0.61  0.89  0.90  0.65  0.73  0.91  0.65  0.68  0.88  0.60  0.67  0.92 ]
[ 0.90  0.66  0.91  0.90  0.89  0.91  0.60  0.90  0.88  0.74  0.87  0.98 ]
[ 0.61  0.91  0.60  0.97  0.77  0.61  0.60  0.63  0.89  0.61  0.90  0.61 ]
[ 0.82  0.90  0.77  0.89  0.79  0.91  0.66  0.90  0.62  0.95  0.97  0.98 ]
[ 0.62  0.67  0.66  0.64  0.64  0.75  0.65  0.67  0.72  0.90  0.84  0.67 ]
[ 0.89  0.80  0.65  0.90  0.76  0.90  0.60  0.91  0.69  0.69  0.91  0.64 ]
[ 0.66  0.89  0.66  0.60  0.75  0.60  0.60  0.69  0.69  0.61  0.61  0.90 ]
[ 0.85  0.91  0.61  0.63  0.74  0.73  0.73  0.96  0.86  0.87  0.97  0.72 ]
[ 0.82  0.60  0.67  0.83  0.65  0.85  0.68  0.69  0.98  0.97  0.70  0.84 ]
[ 0.67  0.90  0.91  0.68  0.90  0.92  0.82  0.65  0.86  0.93  0.78  0.70 ]
[ 0.85  0.73  0.60  0.78  0.70  0.62  0.80  0.62  0.96  0.82  0.78  0.60 ]
[ 0.64  0.66  0.97  0.73  0.80  0.97  0.98  0.65  0.63  0.77  0.91  0.98 ]
[ 0.72  0.61  0.94  0.61  0.89  0.69  0.68  0.66  0.96  0.97  0.66  0.91 ]
[ 0.69  0.92  0.62  0.68  0.88  0.95  0.78  0.63  0.64  0.79  0.89  0.98 ]
[ 0.91  0.73  0.80  0.63  0.89  0.70  0.85  0.87  0.69  0.62  0.92  0.62 ]
[ 0.86  0.64  0.91  0.88  0.87  0.63  0.77  0.88  0.65  0.98  0.91  0.98 ]

01/29 09:42:13 PM | === Batch 4/7
01/29 09:42:13 PM | loss = 0.312 + 2.190 + 0.097 = 2.599
01/29 09:42:14 PM | attribution_score[0:12]: 
[ 1.00  1.00  1.00  1.00  1.00  1.00  1.00  1.00  1.00  1.00  1.00  1.00 ]
[ 0.46  0.47  0.69  0.63  0.46  0.49  0.46  0.95  0.46  0.46  0.93  0.52 ]
[ 0.90  0.52  0.54  0.94  0.70  0.86  0.83  0.98  0.48  0.98  0.59  0.96 ]
[ 0.45  0.77  0.46  0.60  0.92  0.85  0.71  0.99  0.57  0.55  0.46  0.63 ]
[ 0.93  0.52  0.70  0.91  0.98  0.98  0.98  0.98  0.68  0.81  0.47  0.90 ]
[ 0.48  0.49  0.48  0.48  0.49  0.47  0.46  0.46  0.46  0.57  0.48  0.64 ]
[ 0.65  0.55  0.97  0.94  0.93  0.85  0.97  0.90  0.98  0.91  0.71  0.98 ]
[ 0.46  0.54  0.55  0.47  0.69  0.45  0.48  0.64  0.64  0.48  0.49  0.85 ]
[ 0.83  0.74  0.98  0.94  0.68  0.45  0.96  0.94  0.87  0.72  0.49  0.98 ]
[ 0.74  0.52  0.46  0.55  0.57  0.48  0.55  0.48  0.46  0.59  0.90  0.79 ]
[ 0.87  0.72  0.91  0.87  0.94  0.45  0.83  0.98  0.82  0.92  0.57  0.50 ]
[ 0.46  0.56  0.46  0.47  0.47  0.54  0.93  0.91  0.75  0.46  0.86  0.49 ]
[ 0.84  0.85  0.62  0.93  0.92  0.49  0.94  0.47  0.93  0.65  0.65  0.85 ]
[ 0.87  0.58  0.92  0.81  0.89  0.90  0.74  0.89  0.47  0.76  0.57  0.58 ]
[ 0.79  0.95  0.90  0.59  0.90  0.53  0.87  0.47  0.98  0.47  0.93  0.96 ]
[ 0.50  0.76  0.47  0.95  0.88  0.67  0.65  0.85  0.91  0.46  0.66  0.47 ]
[ 0.85  0.97  0.90  0.74  0.91  0.47  0.92  0.46  0.90  0.48  0.91  0.96 ]
[ 0.79  0.49  0.48  0.90  0.49  0.46  0.48  0.77  0.46  0.46  0.52  0.56 ]
[ 0.84  0.76  0.55  0.69  0.97  0.49  0.52  0.45  0.60  0.58  0.90  0.90 ]
[ 0.92  0.85  0.92  0.98  0.92  0.52  0.98  0.74  0.74  0.95  0.88  0.93 ]
[ 0.46  0.92  0.93  0.84  0.88  0.83  0.91  0.78  0.89  0.94  0.91  0.94 ]
[ 0.47  0.48  0.45  0.47  0.66  0.47  0.50  0.49  0.65  0.47  0.54  0.55 ]
[ 0.91  0.79  0.57  0.81  0.91  0.76  0.83  0.81  0.84  0.47  0.48  0.54 ]
[ 0.56  0.79  0.59  0.77  0.75  0.48  0.84  0.46  0.79  0.62  0.49  0.52 ]
[ 0.90  0.93  0.81  0.83  0.91  0.86  0.92  0.84  0.87  0.89  0.52  0.56 ]
[ 0.86  0.83  0.83  0.51  0.65  0.45  0.52  0.84  0.50  0.47  0.63  0.46 ]
[ 0.90  0.89  0.86  0.68  0.48  0.74  0.86  0.47  0.94  0.88  0.47  0.65 ]
[ 0.87  0.56  0.46  0.67  0.50  0.54  0.64  0.46  0.46  0.47  0.53  0.45 ]
[ 0.69  0.88  0.89  0.84  0.90  0.88  0.89  0.50  0.47  0.70  0.66  0.52 ]
[ 0.65  0.64  0.45  0.56  0.47  0.45  0.59  0.45  0.47  0.47  0.46  0.45 ]
[ 0.70  0.72  0.89  0.63  0.89  0.80  0.88  0.54  0.65  0.53  0.63  0.56 ]
[ 0.50  0.45  0.90  0.79  0.47  0.55  0.50  0.45  0.94  0.81  0.50  0.78 ]
[ 0.60  0.58  0.86  0.53  0.74  0.47  0.50  0.45  0.51  0.51  0.64  0.53 ]
[ 0.49  0.50  0.67  0.56  0.70  0.47  0.52  0.51  0.59  0.48  0.46  0.47 ]
[ 0.72  0.66  0.83  0.79  0.61  0.66  0.61  0.61  0.70  0.85  0.88  0.63 ]
[ 0.47  0.48  0.65  0.48  0.50  0.47  0.59  0.46  0.50  0.51  0.48  0.52 ]
[ 0.90  0.75  0.46  0.74  0.92  0.63  0.85  0.75  0.49  0.90  0.73  0.60 ]
[ 0.94  0.92  0.86  0.88  0.81  0.89  0.97  0.96  0.98  0.96  0.88  0.89 ]
[ 0.83  0.90  0.92  0.89  0.89  0.46  0.91  0.46  0.92  0.98  0.99  0.96 ]
[ 0.47  0.85  0.92  0.53  0.71  0.88  0.55  0.62  0.81  0.49  0.70  0.92 ]
[ 0.91  0.71  0.92  0.92  0.92  0.90  0.67  0.92  0.91  0.69  0.87  0.98 ]
[ 0.51  0.94  0.46  0.98  0.82  0.48  0.46  0.51  0.84  0.52  0.92  0.46 ]
[ 0.78  0.91  0.73  0.90  0.81  0.92  0.69  0.93  0.48  0.96  0.98  0.98 ]
[ 0.59  0.55  0.55  0.51  0.52  0.79  0.52  0.62  0.74  0.92  0.87  0.68 ]
[ 0.91  0.73  0.56  0.92  0.71  0.89  0.67  0.94  0.60  0.59  0.93  0.59 ]
[ 0.55  0.90  0.70  0.46  0.77  0.46  0.47  0.58  0.58  0.63  0.49  0.92 ]
[ 0.86  0.90  0.47  0.64  0.72  0.68  0.64  0.97  0.89  0.87  0.98  0.75 ]
[ 0.76  0.46  0.60  0.77  0.56  0.80  0.57  0.75  0.98  0.98  0.63  0.82 ]
[ 0.63  0.89  0.92  0.62  0.92  0.94  0.86  0.54  0.86  0.93  0.77  0.76 ]
[ 0.84  0.69  0.46  0.81  0.72  0.56  0.77  0.54  0.97  0.83  0.81  0.46 ]
[ 0.62  0.70  0.98  0.77  0.73  0.97  0.97  0.55  0.49  0.83  0.93  0.98 ]
[ 0.62  0.52  0.92  0.59  0.89  0.58  0.69  0.58  0.95  0.97  0.59  0.90 ]
[ 0.65  0.93  0.55  0.60  0.89  0.96  0.83  0.63  0.52  0.78  0.87  0.98 ]
[ 0.92  0.65  0.77  0.50  0.91  0.60  0.88  0.88  0.62  0.48  0.88  0.51 ]
[ 0.87  0.68  0.92  0.90  0.86  0.53  0.78  0.90  0.70  0.98  0.93  0.98 ]

01/29 09:42:14 PM | === Batch 5/7
01/29 09:42:15 PM | loss = 1.252 + 1.409 + 0.111 = 2.773
01/29 09:42:16 PM | attribution_score[0:12]: 
[ 1.00  1.00  1.00  1.00  1.00  1.00  1.00  1.00  1.00  1.00  1.00  1.00 ]
[ 0.32  0.50  0.63  0.66  0.32  0.46  0.32  0.95  0.32  0.42  0.92  0.43 ]
[ 0.88  0.42  0.54  0.95  0.71  0.82  0.76  0.99  0.39  0.99  0.58  0.97 ]
[ 0.36  0.78  0.32  0.61  0.93  0.77  0.65  0.99  0.50  0.50  0.35  0.50 ]
[ 0.92  0.41  0.77  0.89  0.99  0.98  0.98  0.99  0.70  0.78  0.36  0.90 ]
[ 0.43  0.46  0.36  0.36  0.55  0.43  0.32  0.48  0.32  0.54  0.35  0.70 ]
[ 0.66  0.43  0.98  0.93  0.94  0.88  0.97  0.90  0.98  0.91  0.69  0.98 ]
[ 0.32  0.45  0.46  0.33  0.75  0.32  0.51  0.57  0.63  0.36  0.35  0.80 ]
[ 0.79  0.66  0.99  0.94  0.63  0.32  0.97  0.94  0.86  0.67  0.36  0.98 ]
[ 0.77  0.43  0.32  0.47  0.63  0.36  0.45  0.41  0.32  0.50  0.89  0.68 ]
[ 0.85  0.62  0.93  0.83  0.94  0.31  0.78  0.99  0.77  0.91  0.47  0.44 ]
[ 0.32  0.46  0.32  0.33  0.48  0.42  0.92  0.92  0.76  0.32  0.89  0.36 ]
[ 0.80  0.83  0.66  0.92  0.92  0.36  0.93  0.36  0.94  0.58  0.63  0.86 ]
[ 0.82  0.45  0.94  0.74  0.92  0.92  0.65  0.86  0.33  0.67  0.59  0.46 ]
[ 0.72  0.96  0.93  0.48  0.90  0.41  0.82  0.36  0.98  0.34  0.94  0.97 ]
[ 0.39  0.68  0.36  0.96  0.87  0.61  0.61  0.83  0.92  0.32  0.62  0.34 ]
[ 0.80  0.98  0.92  0.66  0.92  0.34  0.92  0.35  0.87  0.38  0.92  0.97 ]
[ 0.79  0.38  0.37  0.91  0.39  0.35  0.36  0.68  0.31  0.31  0.38  0.46 ]
[ 0.80  0.79  0.58  0.57  0.98  0.36  0.39  0.32  0.51  0.48  0.91  0.91 ]
[ 0.90  0.82  0.94  0.98  0.92  0.56  0.98  0.65  0.66  0.96  0.90  0.92 ]
[ 0.31  0.95  0.95  0.80  0.84  0.85  0.91  0.82  0.88  0.96  0.91  0.94 ]
[ 0.34  0.34  0.31  0.35  0.59  0.36  0.37  0.35  0.70  0.39  0.48  0.49 ]
[ 0.94  0.84  0.59  0.77  0.90  0.80  0.82  0.82  0.80  0.35  0.36  0.45 ]
[ 0.43  0.71  0.62  0.72  0.80  0.35  0.79  0.33  0.72  0.66  0.49  0.40 ]
[ 0.93  0.95  0.84  0.84  0.90  0.90  0.93  0.87  0.85  0.92  0.39  0.45 ]
[ 0.89  0.77  0.78  0.43  0.72  0.31  0.42  0.79  0.39  0.36  0.56  0.33 ]
[ 0.92  0.93  0.89  0.62  0.35  0.80  0.87  0.34  0.93  0.86  0.34  0.72 ]
[ 0.84  0.47  0.35  0.59  0.40  0.55  0.69  0.32  0.32  0.35  0.40  0.31 ]
[ 0.73  0.91  0.92  0.80  0.89  0.91  0.90  0.53  0.38  0.59  0.60  0.57 ]
[ 0.54  0.52  0.31  0.44  0.38  0.33  0.46  0.41  0.33  0.35  0.32  0.31 ]
[ 0.74  0.74  0.91  0.55  0.88  0.84  0.90  0.57  0.55  0.53  0.68  0.61 ]
[ 0.39  0.31  0.87  0.71  0.34  0.43  0.45  0.34  0.94  0.74  0.51  0.70 ]
[ 0.59  0.64  0.86  0.56  0.71  0.34  0.36  0.37  0.49  0.41  0.58  0.59 ]
[ 0.39  0.36  0.72  0.44  0.70  0.33  0.41  0.50  0.57  0.51  0.31  0.33 ]
[ 0.75  0.66  0.86  0.76  0.48  0.69  0.54  0.61  0.60  0.87  0.85  0.64 ]
[ 0.50  0.41  0.71  0.35  0.36  0.38  0.63  0.32  0.52  0.40  0.36  0.43 ]
[ 0.92  0.78  0.34  0.72  0.93  0.68  0.87  0.68  0.36  0.89  0.69  0.50 ]
[ 0.95  0.92  0.89  0.90  0.75  0.90  0.97  0.96  0.99  0.97  0.88  0.90 ]
[ 0.87  0.91  0.92  0.90  0.89  0.32  0.89  0.32  0.90  0.99  0.99  0.97 ]
[ 0.34  0.85  0.92  0.55  0.68  0.82  0.45  0.66  0.74  0.39  0.70  0.93 ]
[ 0.94  0.72  0.91  0.93  0.93  0.89  0.61  0.93  0.93  0.73  0.90  0.99 ]
[ 0.50  0.95  0.32  0.98  0.87  0.38  0.32  0.38  0.76  0.41  0.93  0.48 ]
[ 0.79  0.91  0.65  0.92  0.84  0.90  0.70  0.93  0.51  0.97  0.99  0.98 ]
[ 0.65  0.45  0.56  0.38  0.58  0.73  0.54  0.64  0.70  0.92  0.91  0.68 ]
[ 0.94  0.71  0.45  0.92  0.72  0.85  0.65  0.94  0.52  0.65  0.93  0.56 ]
[ 0.46  0.88  0.74  0.50  0.82  0.31  0.49  0.46  0.51  0.56  0.48  0.91 ]
[ 0.85  0.91  0.46  0.61  0.66  0.74  0.68  0.98  0.88  0.83  0.99  0.81 ]
[ 0.69  0.31  0.52  0.76  0.58  0.81  0.59  0.72  0.98  0.97  0.53  0.81 ]
[ 0.64  0.90  0.90  0.62  0.92  0.95  0.90  0.43  0.88  0.92  0.71  0.78 ]
[ 0.79  0.74  0.34  0.77  0.77  0.48  0.71  0.43  0.96  0.78  0.84  0.32 ]
[ 0.69  0.67  0.98  0.83  0.71  0.97  0.98  0.50  0.53  0.87  0.94  0.97 ]
[ 0.65  0.40  0.89  0.54  0.91  0.59  0.64  0.61  0.95  0.98  0.64  0.88 ]
[ 0.65  0.92  0.45  0.50  0.91  0.96  0.84  0.57  0.54  0.76  0.90  0.98 ]
[ 0.92  0.67  0.71  0.50  0.89  0.61  0.91  0.86  0.67  0.47  0.83  0.40 ]
[ 0.83  0.64  0.92  0.92  0.85  0.41  0.75  0.91  0.65  0.98  0.92  0.98 ]

01/29 09:42:16 PM | === Batch 6/7
01/29 09:42:16 PM | loss = 1.074 + 0.831 + 0.103 = 2.009
01/29 09:42:17 PM | attribution_score[0:12]: 
[ 1.00  1.00  1.00  1.00  1.00  1.00  1.00  1.00  1.00  1.00  1.00  1.00 ]
[ 0.20  0.58  0.56  0.65  0.21  0.42  0.20  0.96  0.20  0.37  0.92  0.35 ]
[ 0.84  0.32  0.52  0.95  0.77  0.86  0.75  0.99  0.31  0.99  0.61  0.97 ]
[ 0.30  0.75  0.21  0.54  0.93  0.68  0.56  0.99  0.49  0.43  0.25  0.39 ]
[ 0.88  0.34  0.82  0.85  0.99  0.99  0.98  0.99  0.70  0.71  0.33  0.91 ]
[ 0.45  0.43  0.33  0.26  0.63  0.50  0.20  0.49  0.20  0.51  0.32  0.71 ]
[ 0.69  0.31  0.99  0.92  0.95  0.87  0.97  0.90  0.97  0.92  0.67  0.99 ]
[ 0.21  0.39  0.36  0.31  0.77  0.22  0.52  0.50  0.61  0.30  0.24  0.75 ]
[ 0.73  0.57  0.99  0.94  0.55  0.21  0.98  0.93  0.86  0.64  0.24  0.99 ]
[ 0.76  0.49  0.20  0.39  0.70  0.25  0.35  0.33  0.20  0.41  0.89  0.55 ]
[ 0.82  0.53  0.95  0.79  0.95  0.20  0.76  0.99  0.73  0.91  0.36  0.38 ]
[ 0.20  0.46  0.20  0.22  0.47  0.30  0.91  0.92  0.77  0.20  0.91  0.26 ]
[ 0.73  0.84  0.72  0.89  0.91  0.25  0.92  0.25  0.95  0.53  0.57  0.87 ]
[ 0.76  0.35  0.95  0.73  0.93  0.93  0.53  0.84  0.21  0.59  0.58  0.36 ]
[ 0.63  0.97  0.95  0.37  0.91  0.30  0.79  0.26  0.99  0.23  0.95  0.98 ]
[ 0.29  0.63  0.34  0.97  0.84  0.56  0.60  0.78  0.93  0.21  0.58  0.23 ]
[ 0.72  0.99  0.94  0.56  0.93  0.23  0.93  0.25  0.86  0.31  0.92  0.98 ]
[ 0.76  0.28  0.26  0.92  0.28  0.25  0.27  0.58  0.20  0.20  0.32  0.35 ]
[ 0.73  0.81  0.62  0.46  0.99  0.25  0.30  0.21  0.47  0.41  0.92  0.92 ]
[ 0.88  0.82  0.96  0.98  0.92  0.60  0.98  0.54  0.66  0.97  0.93  0.91 ]
[ 0.20  0.95  0.96  0.80  0.85  0.87  0.92  0.87  0.87  0.98  0.91  0.94 ]
[ 0.28  0.26  0.20  0.25  0.49  0.30  0.26  0.29  0.73  0.38  0.40  0.40 ]
[ 0.96  0.83  0.61  0.74  0.91  0.83  0.84  0.86  0.74  0.24  0.25  0.36 ]
[ 0.34  0.65  0.60  0.70  0.83  0.25  0.76  0.23  0.68  0.72  0.43  0.28 ]
[ 0.95  0.96  0.86  0.85  0.90  0.92  0.95  0.90  0.81  0.93  0.29  0.36 ]
[ 0.91  0.72  0.71  0.49  0.78  0.20  0.40  0.77  0.31  0.34  0.56  0.31 ]
[ 0.93  0.93  0.91  0.56  0.27  0.83  0.89  0.23  0.93  0.86  0.26  0.80 ]
[ 0.81  0.41  0.27  0.48  0.34  0.55  0.68  0.21  0.29  0.26  0.28  0.20 ]
[ 0.78  0.91  0.94  0.77  0.90  0.93  0.91  0.57  0.29  0.50  0.55  0.64 ]
[ 0.43  0.40  0.20  0.34  0.36  0.23  0.45  0.37  0.23  0.25  0.21  0.20 ]
[ 0.80  0.69  0.92  0.51  0.90  0.87  0.92  0.64  0.44  0.52  0.74  0.68 ]
[ 0.28  0.20  0.84  0.62  0.23  0.32  0.43  0.26  0.93  0.70  0.55  0.67 ]
[ 0.60  0.65  0.85  0.62  0.63  0.24  0.24  0.35  0.42  0.30  0.51  0.67 ]
[ 0.32  0.24  0.73  0.36  0.72  0.23  0.32  0.46  0.62  0.55  0.20  0.22 ]
[ 0.81  0.59  0.89  0.73  0.43  0.69  0.47  0.67  0.51  0.86  0.84  0.70 ]
[ 0.55  0.35  0.70  0.23  0.24  0.35  0.64  0.23  0.50  0.37  0.25  0.33 ]
[ 0.94  0.73  0.23  0.71  0.95  0.72  0.89  0.57  0.27  0.91  0.65  0.56 ]
[ 0.96  0.91  0.92  0.91  0.70  0.90  0.97  0.95  0.99  0.97  0.88  0.91 ]
[ 0.87  0.91  0.91  0.88  0.86  0.20  0.85  0.20  0.89  0.99  0.99  0.97 ]
[ 0.23  0.86  0.91  0.61  0.73  0.73  0.47  0.72  0.74  0.34  0.66  0.93 ]
[ 0.95  0.75  0.91  0.92  0.92  0.91  0.53  0.94  0.93  0.73  0.91  0.99 ]
[ 0.49  0.95  0.20  0.98  0.90  0.31  0.20  0.27  0.72  0.30  0.95  0.46 ]
[ 0.77  0.91  0.61  0.90  0.88  0.91  0.71  0.94  0.50  0.97  0.99  0.98 ]
[ 0.65  0.37  0.57  0.32  0.63  0.66  0.58  0.70  0.66  0.91  0.90  0.66 ]
[ 0.96  0.67  0.35  0.90  0.76  0.84  0.59  0.95  0.57  0.71  0.94  0.63 ]
[ 0.37  0.87  0.75  0.53  0.83  0.20  0.50  0.35  0.43  0.49  0.50  0.90 ]
[ 0.84  0.91  0.39  0.59  0.62  0.78  0.75  0.99  0.87  0.80  0.99  0.87 ]
[ 0.69  0.20  0.44  0.73  0.65  0.85  0.65  0.71  0.97  0.97  0.43  0.82 ]
[ 0.62  0.91  0.89  0.68  0.93  0.97  0.92  0.38  0.85  0.90  0.73  0.83 ]
[ 0.72  0.74  0.24  0.69  0.76  0.46  0.71  0.33  0.94  0.75  0.83  0.20 ]
[ 0.73  0.60  0.99  0.88  0.65  0.96  0.98  0.42  0.55  0.90  0.96  0.96 ]
[ 0.68  0.37  0.88  0.45  0.93  0.59  0.55  0.57  0.97  0.98  0.72  0.87 ]
[ 0.71  0.92  0.40  0.55  0.90  0.97  0.81  0.48  0.53  0.71  0.92  0.97 ]
[ 0.90  0.72  0.61  0.56  0.86  0.61  0.89  0.82  0.72  0.50  0.76  0.30 ]
[ 0.78  0.58  0.90  0.90  0.81  0.30  0.68  0.93  0.60  0.98  0.91  0.98 ]

01/29 09:42:17 PM | === Batch 7/7
01/29 09:42:18 PM | loss = 1.385 + 0.395 + 0.094 = 1.875
01/29 09:42:19 PM | attribution_score[0:12]: 
[ 1.00  1.00  1.00  1.00  1.00  1.00  1.00  1.00  1.00  1.00  1.00  1.00 ]
[ 0.12  0.65  0.53  0.66  0.14  0.40  0.12  0.96  0.12  0.35  0.91  0.28 ]
[ 0.78  0.23  0.48  0.95  0.83  0.89  0.77  0.99  0.23  0.99  0.66  0.98 ]
[ 0.24  0.74  0.14  0.46  0.92  0.56  0.46  1.00  0.45  0.33  0.19  0.28 ]
[ 0.85  0.36  0.86  0.82  0.99  0.99  0.98  0.99  0.68  0.63  0.30  0.91 ]
[ 0.50  0.44  0.34  0.18  0.69  0.59  0.12  0.44  0.12  0.51  0.30  0.70 ]
[ 0.75  0.21  0.99  0.91  0.96  0.89  0.97  0.87  0.97  0.92  0.64  0.99 ]
[ 0.12  0.34  0.27  0.32  0.77  0.14  0.52  0.45  0.55  0.26  0.18  0.74 ]
[ 0.65  0.62  0.99  0.94  0.49  0.14  0.98  0.91  0.87  0.60  0.15  0.99 ]
[ 0.72  0.56  0.12  0.31  0.74  0.17  0.25  0.24  0.12  0.31  0.91  0.54 ]
[ 0.81  0.55  0.96  0.74  0.96  0.13  0.77  0.99  0.74  0.92  0.25  0.33 ]
[ 0.13  0.44  0.12  0.13  0.45  0.21  0.92  0.92  0.78  0.12  0.91  0.20 ]
[ 0.68  0.88  0.77  0.88  0.91  0.17  0.92  0.16  0.96  0.49  0.47  0.89 ]
[ 0.69  0.29  0.96  0.77  0.93  0.92  0.50  0.84  0.13  0.58  0.55  0.26 ]
[ 0.53  0.97  0.96  0.28  0.93  0.21  0.78  0.18  0.99  0.15  0.96  0.98 ]
[ 0.21  0.64  0.32  0.98  0.83  0.49  0.59  0.76  0.92  0.14  0.51  0.15 ]
[ 0.65  0.99  0.95  0.47  0.92  0.15  0.94  0.17  0.88  0.25  0.94  0.98 ]
[ 0.72  0.20  0.17  0.93  0.21  0.17  0.23  0.55  0.12  0.12  0.32  0.25 ]
[ 0.69  0.79  0.65  0.38  0.99  0.18  0.23  0.15  0.46  0.35  0.93  0.93 ]
[ 0.87  0.84  0.97  0.98  0.93  0.65  0.98  0.54  0.69  0.98  0.95  0.91 ]
[ 0.12  0.96  0.97  0.78  0.86  0.84  0.92  0.91  0.89  0.98  0.91  0.95 ]
[ 0.26  0.22  0.12  0.23  0.44  0.23  0.22  0.26  0.70  0.42  0.34  0.38 ]
[ 0.96  0.80  0.58  0.68  0.93  0.81  0.87  0.90  0.72  0.17  0.18  0.27 ]
[ 0.24  0.65  0.54  0.64  0.84  0.20  0.75  0.22  0.61  0.72  0.39  0.20 ]
[ 0.95  0.96  0.87  0.86  0.92  0.92  0.96  0.93  0.81  0.94  0.22  0.27 ]
[ 0.91  0.76  0.69  0.58  0.76  0.12  0.38  0.80  0.23  0.29  0.50  0.25 ]
[ 0.93  0.94  0.92  0.48  0.21  0.81  0.89  0.18  0.92  0.85  0.20  0.84 ]
[ 0.81  0.32  0.20  0.36  0.30  0.49  0.63  0.13  0.26  0.19  0.20  0.12 ]
[ 0.76  0.91  0.95  0.72  0.91  0.93  0.89  0.59  0.21  0.42  0.52  0.71 ]
[ 0.34  0.31  0.13  0.28  0.32  0.16  0.50  0.30  0.17  0.18  0.13  0.12 ]
[ 0.78  0.62  0.92  0.47  0.92  0.86  0.93  0.69  0.32  0.49  0.80  0.73 ]
[ 0.20  0.12  0.84  0.59  0.15  0.23  0.45  0.20  0.93  0.68  0.54  0.67 ]
[ 0.54  0.64  0.81  0.67  0.54  0.16  0.21  0.35  0.35  0.22  0.42  0.72 ]
[ 0.25  0.15  0.70  0.36  0.75  0.15  0.23  0.43  0.70  0.54  0.12  0.15 ]
[ 0.79  0.55  0.90  0.70  0.39  0.62  0.45  0.74  0.49  0.83  0.82  0.75 ]
[ 0.59  0.29  0.66  0.15  0.16  0.30  0.67  0.21  0.45  0.32  0.18  0.24 ]
[ 0.94  0.67  0.15  0.73  0.97  0.68  0.88  0.46  0.23  0.94  0.65  0.59 ]
[ 0.97  0.92  0.94  0.91  0.70  0.91  0.98  0.95  1.00  0.98  0.86  0.92 ]
[ 0.89  0.92  0.91  0.87  0.84  0.12  0.79  0.12  0.90  0.99  0.99  0.97 ]
[ 0.15  0.87  0.92  0.68  0.77  0.62  0.49  0.77  0.71  0.28  0.61  0.94 ]
[ 0.96  0.76  0.92  0.91  0.90  0.92  0.43  0.94  0.94  0.72  0.91  0.99 ]
[ 0.47  0.95  0.12  0.98  0.91  0.26  0.12  0.20  0.65  0.26  0.96  0.47 ]
[ 0.76  0.91  0.65  0.90  0.91  0.90  0.73  0.94  0.47  0.98  0.99  0.98 ]
[ 0.64  0.29  0.57  0.26  0.66  0.59  0.57  0.69  0.60  0.93  0.91  0.60 ]
[ 0.97  0.64  0.27  0.88  0.79  0.80  0.51  0.96  0.64  0.77  0.94  0.69 ]
[ 0.30  0.88  0.73  0.53  0.84  0.12  0.50  0.26  0.34  0.42  0.52  0.87 ]
[ 0.82  0.91  0.32  0.64  0.56  0.82  0.81  0.99  0.88  0.76  0.99  0.90 ]
[ 0.70  0.12  0.41  0.71  0.67  0.87  0.67  0.71  0.96  0.97  0.34  0.84 ]
[ 0.59  0.90  0.86  0.72  0.94  0.98  0.93  0.38  0.81  0.88  0.72  0.87 ]
[ 0.65  0.71  0.16  0.61  0.74  0.40  0.74  0.24  0.92  0.73  0.82  0.12 ]
[ 0.75  0.53  0.99  0.91  0.62  0.96  0.99  0.39  0.52  0.91  0.96  0.96 ]
[ 0.69  0.36  0.90  0.36  0.93  0.56  0.47  0.58  0.97  0.99  0.74  0.88 ]
[ 0.74  0.92  0.34  0.56  0.90  0.97  0.76  0.44  0.49  0.68  0.93  0.97 ]
[ 0.86  0.75  0.50  0.57  0.82  0.57  0.85  0.81  0.74  0.47  0.70  0.23 ]
[ 0.72  0.52  0.87  0.87  0.79  0.21  0.59  0.94  0.55  0.97  0.90  0.97 ]

01/29 09:42:19 PM | ===
Best loss was 1.88 at iteration 7

01/29 09:42:19 PM | Looking for optimal threshold...
01/29 09:42:19 PM | Testing threshold 0.5
01/29 09:42:19 PM | Distance to target: 5,422,720
01/29 09:42:19 PM | Testing threshold 0.75
01/29 09:42:19 PM | Distance to target: 26,751,680
01/29 09:42:19 PM | Testing threshold 0.625
01/29 09:42:19 PM | Distance to target: 10,875,456
01/29 09:42:19 PM | Testing threshold 0.5625
01/29 09:42:19 PM | Distance to target: 2,806,848
01/29 09:42:19 PM | Testing threshold 0.53125
01/29 09:42:19 PM | Distance to target: 1,821,568
01/29 09:42:19 PM | Testing threshold 0.546875
01/29 09:42:19 PM | Distance to target: 44,032
01/29 09:42:21 PM | attribution_score[0:12]: 
[ 1.00  1.00  1.00  1.00  1.00  1.00  1.00  1.00  1.00  1.00  1.00  1.00 ]
[ 0.00  1.00  1.00  1.00  0.00  0.00  0.00  1.00  0.00  0.00  1.00  0.00 ]
[ 1.00  0.00  0.00  1.00  1.00  1.00  1.00  1.00  0.00  1.00  1.00  1.00 ]
[ 0.00  1.00  0.00  0.00  1.00  1.00  1.00  1.00  0.00  0.00  0.00  0.00 ]
[ 1.00  0.00  1.00  1.00  1.00  1.00  1.00  1.00  1.00  1.00  0.00  1.00 ]
[ 0.00  0.00  0.00  0.00  1.00  0.00  0.00  0.00  0.00  0.00  0.00  1.00 ]
[ 1.00  0.00  1.00  1.00  1.00  1.00  1.00  1.00  1.00  1.00  1.00  1.00 ]
[ 0.00  0.00  0.00  0.00  1.00  0.00  0.00  0.00  1.00  0.00  0.00  1.00 ]
[ 1.00  1.00  1.00  1.00  0.00  0.00  1.00  1.00  1.00  1.00  0.00  1.00 ]
[ 1.00  0.00  0.00  0.00  1.00  0.00  0.00  0.00  0.00  0.00  1.00  1.00 ]
[ 1.00  0.00  1.00  1.00  1.00  0.00  1.00  1.00  1.00  1.00  0.00  0.00 ]
[ 0.00  0.00  0.00  0.00  0.00  0.00  1.00  1.00  1.00  0.00  1.00  0.00 ]
[ 1.00  1.00  1.00  1.00  1.00  0.00  1.00  0.00  1.00  0.00  1.00  1.00 ]
[ 1.00  0.00  1.00  1.00  1.00  1.00  0.00  1.00  0.00  1.00  1.00  0.00 ]
[ 1.00  1.00  1.00  0.00  1.00  0.00  1.00  0.00  1.00  0.00  1.00  1.00 ]
[ 0.00  1.00  0.00  1.00  1.00  1.00  1.00  1.00  1.00  0.00  1.00  0.00 ]
[ 1.00  1.00  1.00  1.00  1.00  0.00  1.00  0.00  1.00  0.00  1.00  1.00 ]
[ 1.00  0.00  0.00  1.00  0.00  0.00  0.00  1.00  0.00  0.00  0.00  0.00 ]
[ 1.00  1.00  1.00  0.00  1.00  0.00  0.00  0.00  0.00  0.00  1.00  1.00 ]
[ 1.00  1.00  1.00  1.00  1.00  1.00  1.00  0.00  1.00  1.00  1.00  1.00 ]
[ 0.00  1.00  1.00  1.00  1.00  1.00  1.00  1.00  1.00  1.00  1.00  1.00 ]
[ 0.00  0.00  0.00  0.00  0.00  0.00  0.00  0.00  1.00  0.00  0.00  0.00 ]
[ 1.00  1.00  1.00  1.00  1.00  1.00  1.00  1.00  1.00  0.00  0.00  0.00 ]
[ 0.00  1.00  1.00  1.00  1.00  0.00  1.00  0.00  1.00  1.00  0.00  0.00 ]
[ 1.00  1.00  1.00  1.00  1.00  1.00  1.00  1.00  1.00  1.00  0.00  0.00 ]
[ 1.00  1.00  1.00  0.00  1.00  0.00  0.00  1.00  0.00  0.00  1.00  0.00 ]
[ 1.00  1.00  1.00  1.00  0.00  1.00  1.00  0.00  1.00  1.00  0.00  1.00 ]
[ 1.00  0.00  0.00  0.00  0.00  1.00  1.00  0.00  0.00  0.00  0.00  0.00 ]
[ 1.00  1.00  1.00  1.00  1.00  1.00  1.00  1.00  0.00  0.00  1.00  1.00 ]
[ 0.00  0.00  0.00  0.00  0.00  0.00  0.00  0.00  0.00  0.00  0.00  0.00 ]
[ 1.00  1.00  1.00  0.00  1.00  1.00  1.00  1.00  0.00  0.00  1.00  1.00 ]
[ 0.00  0.00  1.00  1.00  0.00  0.00  0.00  0.00  1.00  1.00  0.00  1.00 ]
[ 1.00  1.00  1.00  1.00  1.00  0.00  0.00  0.00  0.00  0.00  0.00  1.00 ]
[ 0.00  0.00  1.00  0.00  1.00  0.00  0.00  0.00  1.00  1.00  0.00  0.00 ]
[ 1.00  1.00  1.00  1.00  0.00  1.00  0.00  1.00  0.00  1.00  1.00  1.00 ]
[ 1.00  0.00  1.00  0.00  0.00  0.00  1.00  0.00  0.00  0.00  0.00  0.00 ]
[ 1.00  1.00  0.00  1.00  1.00  1.00  1.00  1.00  0.00  1.00  1.00  1.00 ]
[ 1.00  1.00  1.00  1.00  1.00  1.00  1.00  1.00  1.00  1.00  1.00  1.00 ]
[ 1.00  1.00  1.00  1.00  1.00  0.00  1.00  0.00  1.00  1.00  1.00  1.00 ]
[ 0.00  1.00  1.00  1.00  1.00  1.00  0.00  1.00  1.00  0.00  1.00  1.00 ]
[ 1.00  1.00  1.00  1.00  1.00  1.00  0.00  1.00  1.00  1.00  1.00  1.00 ]
[ 0.00  1.00  0.00  1.00  1.00  0.00  0.00  0.00  1.00  0.00  1.00  0.00 ]
[ 1.00  1.00  1.00  1.00  1.00  1.00  1.00  1.00  0.00  1.00  1.00  1.00 ]
[ 1.00  0.00  1.00  0.00  1.00  1.00  1.00  1.00  1.00  1.00  1.00  1.00 ]
[ 1.00  1.00  0.00  1.00  1.00  1.00  1.00  1.00  1.00  1.00  1.00  1.00 ]
[ 0.00  1.00  1.00  0.00  1.00  0.00  0.00  0.00  0.00  0.00  0.00  1.00 ]
[ 1.00  1.00  0.00  1.00  1.00  1.00  1.00  1.00  1.00  1.00  1.00  1.00 ]
[ 1.00  0.00  0.00  1.00  1.00  1.00  1.00  1.00  1.00  1.00  0.00  1.00 ]
[ 1.00  1.00  1.00  1.00  1.00  1.00  1.00  0.00  1.00  1.00  1.00  1.00 ]
[ 1.00  1.00  0.00  1.00  1.00  0.00  1.00  0.00  1.00  1.00  1.00  0.00 ]
[ 1.00  1.00  1.00  1.00  1.00  1.00  1.00  0.00  0.00  1.00  1.00  1.00 ]
[ 1.00  0.00  1.00  0.00  1.00  1.00  1.00  1.00  1.00  1.00  1.00  1.00 ]
[ 1.00  1.00  0.00  1.00  1.00  1.00  1.00  0.00  0.00  1.00  1.00  1.00 ]
[ 1.00  1.00  1.00  1.00  1.00  1.00  1.00  1.00  1.00  0.00  1.00  0.00 ]
[ 1.00  1.00  1.00  1.00  1.00  0.00  1.00  1.00  1.00  1.00  1.00  1.00 ]

01/29 09:42:22 PM | ResNet(
  (conv1): Conv2d(3, 16, kernel_size=(3, 3), stride=(1, 1), padding=(1, 1), bias=False)
  (bn1): BatchNorm2d(16, eps=1e-05, momentum=0.1, affine=True, track_running_stats=True)
  (relu): ReLU(inplace=True)
  (layer1): Sequential(
    (0): BasicBlock(
      (conv1): Conv2d(16, 7, kernel_size=(3, 3), stride=(1, 1), padding=(1, 1), bias=False)
      (bn1): BatchNorm2d(7, eps=1e-05, momentum=0.1, affine=True, track_running_stats=True)
      (relu1): ReLU(inplace=True)
      (conv2): Conv2d(7, 11, kernel_size=(3, 3), stride=(1, 1), padding=(1, 1), bias=False)
      (bn2): BatchNorm2d(11, eps=1e-05, momentum=0.1, affine=True, track_running_stats=True)
      (relu2): ReLU(inplace=True)
      (shortcut): Sequential()
    )
    (1): BasicBlock(
      (conv1): Conv2d(16, 7, kernel_size=(3, 3), stride=(1, 1), padding=(1, 1), bias=False)
      (bn1): BatchNorm2d(7, eps=1e-05, momentum=0.1, affine=True, track_running_stats=True)
      (relu1): ReLU(inplace=True)
      (conv2): Conv2d(7, 14, kernel_size=(3, 3), stride=(1, 1), padding=(1, 1), bias=False)
      (bn2): BatchNorm2d(14, eps=1e-05, momentum=0.1, affine=True, track_running_stats=True)
      (relu2): ReLU(inplace=True)
      (shortcut): Sequential()
    )
    (2): BasicBlock(
      (conv1): Conv2d(16, 3, kernel_size=(3, 3), stride=(1, 1), padding=(1, 1), bias=False)
      (bn1): BatchNorm2d(3, eps=1e-05, momentum=0.1, affine=True, track_running_stats=True)
      (relu1): ReLU(inplace=True)
      (conv2): Conv2d(3, 15, kernel_size=(3, 3), stride=(1, 1), padding=(1, 1), bias=False)
      (bn2): BatchNorm2d(15, eps=1e-05, momentum=0.1, affine=True, track_running_stats=True)
      (relu2): ReLU(inplace=True)
      (shortcut): Sequential()
    )
    (3): BasicBlock(
      (conv1): Conv2d(16, 3, kernel_size=(3, 3), stride=(1, 1), padding=(1, 1), bias=False)
      (bn1): BatchNorm2d(3, eps=1e-05, momentum=0.1, affine=True, track_running_stats=True)
      (relu1): ReLU(inplace=True)
      (conv2): Conv2d(3, 13, kernel_size=(3, 3), stride=(1, 1), padding=(1, 1), bias=False)
      (bn2): BatchNorm2d(13, eps=1e-05, momentum=0.1, affine=True, track_running_stats=True)
      (relu2): ReLU(inplace=True)
      (shortcut): Sequential()
    )
    (4): BasicBlock(
      (conv1): Conv2d(16, 5, kernel_size=(3, 3), stride=(1, 1), padding=(1, 1), bias=False)
      (bn1): BatchNorm2d(5, eps=1e-05, momentum=0.1, affine=True, track_running_stats=True)
      (relu1): ReLU(inplace=True)
      (conv2): Conv2d(5, 12, kernel_size=(3, 3), stride=(1, 1), padding=(1, 1), bias=False)
      (bn2): BatchNorm2d(12, eps=1e-05, momentum=0.1, affine=True, track_running_stats=True)
      (relu2): ReLU(inplace=True)
      (shortcut): Sequential()
    )
    (5): BasicBlock(
      (conv1): Conv2d(16, 4, kernel_size=(3, 3), stride=(1, 1), padding=(1, 1), bias=False)
      (bn1): BatchNorm2d(4, eps=1e-05, momentum=0.1, affine=True, track_running_stats=True)
      (relu1): ReLU(inplace=True)
      (conv2): Conv2d(4, 13, kernel_size=(3, 3), stride=(1, 1), padding=(1, 1), bias=False)
      (bn2): BatchNorm2d(13, eps=1e-05, momentum=0.1, affine=True, track_running_stats=True)
      (relu2): ReLU(inplace=True)
      (shortcut): Sequential()
    )
    (6): BasicBlock(
      (conv1): Conv2d(16, 10, kernel_size=(3, 3), stride=(1, 1), padding=(1, 1), bias=False)
      (bn1): BatchNorm2d(10, eps=1e-05, momentum=0.1, affine=True, track_running_stats=True)
      (relu1): ReLU(inplace=True)
      (conv2): Conv2d(10, 11, kernel_size=(3, 3), stride=(1, 1), padding=(1, 1), bias=False)
      (bn2): BatchNorm2d(11, eps=1e-05, momentum=0.1, affine=True, track_running_stats=True)
      (relu2): ReLU(inplace=True)
      (shortcut): Sequential()
    )
    (7): BasicBlock(
      (conv1): Conv2d(16, 9, kernel_size=(3, 3), stride=(1, 1), padding=(1, 1), bias=False)
      (bn1): BatchNorm2d(9, eps=1e-05, momentum=0.1, affine=True, track_running_stats=True)
      (relu1): ReLU(inplace=True)
      (conv2): Conv2d(9, 13, kernel_size=(3, 3), stride=(1, 1), padding=(1, 1), bias=False)
      (bn2): BatchNorm2d(13, eps=1e-05, momentum=0.1, affine=True, track_running_stats=True)
      (relu2): ReLU(inplace=True)
      (shortcut): Sequential()
    )
    (8): BasicBlock(
      (conv1): Conv2d(16, 4, kernel_size=(3, 3), stride=(1, 1), padding=(1, 1), bias=False)
      (bn1): BatchNorm2d(4, eps=1e-05, momentum=0.1, affine=True, track_running_stats=True)
      (relu1): ReLU(inplace=True)
      (conv2): Conv2d(4, 10, kernel_size=(3, 3), stride=(1, 1), padding=(1, 1), bias=False)
      (bn2): BatchNorm2d(10, eps=1e-05, momentum=0.1, affine=True, track_running_stats=True)
      (relu2): ReLU(inplace=True)
      (shortcut): Sequential()
    )
  )
  (layer2): Sequential(
    (0): BasicBlock(
      (conv1): Conv2d(16, 29, kernel_size=(3, 3), stride=(2, 2), padding=(1, 1), bias=False)
      (bn1): BatchNorm2d(29, eps=1e-05, momentum=0.1, affine=True, track_running_stats=True)
      (relu1): ReLU(inplace=True)
      (conv2): Conv2d(29, 29, kernel_size=(3, 3), stride=(1, 1), padding=(1, 1), bias=False)
      (bn2): BatchNorm2d(29, eps=1e-05, momentum=0.1, affine=True, track_running_stats=True)
      (relu2): ReLU(inplace=True)
      (shortcut): LambdaLayer()
    )
    (1): BasicBlock(
      (conv1): Conv2d(32, 5, kernel_size=(3, 3), stride=(1, 1), padding=(1, 1), bias=False)
      (bn1): BatchNorm2d(5, eps=1e-05, momentum=0.1, affine=True, track_running_stats=True)
      (relu1): ReLU(inplace=True)
      (conv2): Conv2d(5, 19, kernel_size=(3, 3), stride=(1, 1), padding=(1, 1), bias=False)
      (bn2): BatchNorm2d(19, eps=1e-05, momentum=0.1, affine=True, track_running_stats=True)
      (relu2): ReLU(inplace=True)
      (shortcut): Sequential()
    )
    (2): BasicBlock(
      (conv1): Conv2d(32, 13, kernel_size=(3, 3), stride=(1, 1), padding=(1, 1), bias=False)
      (bn1): BatchNorm2d(13, eps=1e-05, momentum=0.1, affine=True, track_running_stats=True)
      (relu1): ReLU(inplace=True)
      (conv2): Conv2d(13, 23, kernel_size=(3, 3), stride=(1, 1), padding=(1, 1), bias=False)
      (bn2): BatchNorm2d(23, eps=1e-05, momentum=0.1, affine=True, track_running_stats=True)
      (relu2): ReLU(inplace=True)
      (shortcut): Sequential()
    )
    (3): BasicBlock(
      (conv1): Conv2d(32, 11, kernel_size=(3, 3), stride=(1, 1), padding=(1, 1), bias=False)
      (bn1): BatchNorm2d(11, eps=1e-05, momentum=0.1, affine=True, track_running_stats=True)
      (relu1): ReLU(inplace=True)
      (conv2): Conv2d(11, 25, kernel_size=(3, 3), stride=(1, 1), padding=(1, 1), bias=False)
      (bn2): BatchNorm2d(25, eps=1e-05, momentum=0.1, affine=True, track_running_stats=True)
      (relu2): ReLU(inplace=True)
      (shortcut): Sequential()
    )
    (4): BasicBlock(
      (conv1): Conv2d(32, 11, kernel_size=(3, 3), stride=(1, 1), padding=(1, 1), bias=False)
      (bn1): BatchNorm2d(11, eps=1e-05, momentum=0.1, affine=True, track_running_stats=True)
      (relu1): ReLU(inplace=True)
      (conv2): Conv2d(11, 22, kernel_size=(3, 3), stride=(1, 1), padding=(1, 1), bias=False)
      (bn2): BatchNorm2d(22, eps=1e-05, momentum=0.1, affine=True, track_running_stats=True)
      (relu2): ReLU(inplace=True)
      (shortcut): Sequential()
    )
    (5): BasicBlock(
      (conv1): Conv2d(32, 8, kernel_size=(3, 3), stride=(1, 1), padding=(1, 1), bias=False)
      (bn1): BatchNorm2d(8, eps=1e-05, momentum=0.1, affine=True, track_running_stats=True)
      (relu1): ReLU(inplace=True)
      (conv2): Conv2d(8, 24, kernel_size=(3, 3), stride=(1, 1), padding=(1, 1), bias=False)
      (bn2): BatchNorm2d(24, eps=1e-05, momentum=0.1, affine=True, track_running_stats=True)
      (relu2): ReLU(inplace=True)
      (shortcut): Sequential()
    )
    (6): BasicBlock(
      (conv1): Conv2d(32, 10, kernel_size=(3, 3), stride=(1, 1), padding=(1, 1), bias=False)
      (bn1): BatchNorm2d(10, eps=1e-05, momentum=0.1, affine=True, track_running_stats=True)
      (relu1): ReLU(inplace=True)
      (conv2): Conv2d(10, 21, kernel_size=(3, 3), stride=(1, 1), padding=(1, 1), bias=False)
      (bn2): BatchNorm2d(21, eps=1e-05, momentum=0.1, affine=True, track_running_stats=True)
      (relu2): ReLU(inplace=True)
      (shortcut): Sequential()
    )
    (7): BasicBlock(
      (conv1): Conv2d(32, 15, kernel_size=(3, 3), stride=(1, 1), padding=(1, 1), bias=False)
      (bn1): BatchNorm2d(15, eps=1e-05, momentum=0.1, affine=True, track_running_stats=True)
      (relu1): ReLU(inplace=True)
      (conv2): Conv2d(15, 24, kernel_size=(3, 3), stride=(1, 1), padding=(1, 1), bias=False)
      (bn2): BatchNorm2d(24, eps=1e-05, momentum=0.1, affine=True, track_running_stats=True)
      (relu2): ReLU(inplace=True)
      (shortcut): Sequential()
    )
    (8): BasicBlock(
      (conv1): Conv2d(32, 13, kernel_size=(3, 3), stride=(1, 1), padding=(1, 1), bias=False)
      (bn1): BatchNorm2d(13, eps=1e-05, momentum=0.1, affine=True, track_running_stats=True)
      (relu1): ReLU(inplace=True)
      (conv2): Conv2d(13, 23, kernel_size=(3, 3), stride=(1, 1), padding=(1, 1), bias=False)
      (bn2): BatchNorm2d(23, eps=1e-05, momentum=0.1, affine=True, track_running_stats=True)
      (relu2): ReLU(inplace=True)
      (shortcut): Sequential()
    )
  )
  (layer3): Sequential(
    (0): BasicBlock(
      (conv1): Conv2d(32, 56, kernel_size=(3, 3), stride=(2, 2), padding=(1, 1), bias=False)
      (bn1): BatchNorm2d(56, eps=1e-05, momentum=0.1, affine=True, track_running_stats=True)
      (relu1): ReLU(inplace=True)
      (conv2): Conv2d(56, 60, kernel_size=(3, 3), stride=(1, 1), padding=(1, 1), bias=False)
      (bn2): BatchNorm2d(60, eps=1e-05, momentum=0.1, affine=True, track_running_stats=True)
      (relu2): ReLU(inplace=True)
      (shortcut): LambdaLayer()
    )
    (1): BasicBlock(
      (conv1): Conv2d(64, 43, kernel_size=(3, 3), stride=(1, 1), padding=(1, 1), bias=False)
      (bn1): BatchNorm2d(43, eps=1e-05, momentum=0.1, affine=True, track_running_stats=True)
      (relu1): ReLU(inplace=True)
      (conv2): Conv2d(43, 54, kernel_size=(3, 3), stride=(1, 1), padding=(1, 1), bias=False)
      (bn2): BatchNorm2d(54, eps=1e-05, momentum=0.1, affine=True, track_running_stats=True)
      (relu2): ReLU(inplace=True)
      (shortcut): Sequential()
    )
    (2): BasicBlock(
      (conv1): Conv2d(64, 37, kernel_size=(3, 3), stride=(1, 1), padding=(1, 1), bias=False)
      (bn1): BatchNorm2d(37, eps=1e-05, momentum=0.1, affine=True, track_running_stats=True)
      (relu1): ReLU(inplace=True)
      (conv2): Conv2d(37, 58, kernel_size=(3, 3), stride=(1, 1), padding=(1, 1), bias=False)
      (bn2): BatchNorm2d(58, eps=1e-05, momentum=0.1, affine=True, track_running_stats=True)
      (relu2): ReLU(inplace=True)
      (shortcut): Sequential()
    )
    (3): BasicBlock(
      (conv1): Conv2d(64, 37, kernel_size=(3, 3), stride=(1, 1), padding=(1, 1), bias=False)
      (bn1): BatchNorm2d(37, eps=1e-05, momentum=0.1, affine=True, track_running_stats=True)
      (relu1): ReLU(inplace=True)
      (conv2): Conv2d(37, 54, kernel_size=(3, 3), stride=(1, 1), padding=(1, 1), bias=False)
      (bn2): BatchNorm2d(54, eps=1e-05, momentum=0.1, affine=True, track_running_stats=True)
      (relu2): ReLU(inplace=True)
      (shortcut): Sequential()
    )
    (4): BasicBlock(
      (conv1): Conv2d(64, 43, kernel_size=(3, 3), stride=(1, 1), padding=(1, 1), bias=False)
      (bn1): BatchNorm2d(43, eps=1e-05, momentum=0.1, affine=True, track_running_stats=True)
      (relu1): ReLU(inplace=True)
      (conv2): Conv2d(43, 53, kernel_size=(3, 3), stride=(1, 1), padding=(1, 1), bias=False)
      (bn2): BatchNorm2d(53, eps=1e-05, momentum=0.1, affine=True, track_running_stats=True)
      (relu2): ReLU(inplace=True)
      (shortcut): Sequential()
    )
    (5): BasicBlock(
      (conv1): Conv2d(64, 49, kernel_size=(3, 3), stride=(1, 1), padding=(1, 1), bias=False)
      (bn1): BatchNorm2d(49, eps=1e-05, momentum=0.1, affine=True, track_running_stats=True)
      (relu1): ReLU(inplace=True)
      (conv2): Conv2d(49, 56, kernel_size=(3, 3), stride=(1, 1), padding=(1, 1), bias=False)
      (bn2): BatchNorm2d(56, eps=1e-05, momentum=0.1, affine=True, track_running_stats=True)
      (relu2): ReLU(inplace=True)
      (shortcut): Sequential()
    )
    (6): BasicBlock(
      (conv1): Conv2d(64, 48, kernel_size=(3, 3), stride=(1, 1), padding=(1, 1), bias=False)
      (bn1): BatchNorm2d(48, eps=1e-05, momentum=0.1, affine=True, track_running_stats=True)
      (relu1): ReLU(inplace=True)
      (conv2): Conv2d(48, 55, kernel_size=(3, 3), stride=(1, 1), padding=(1, 1), bias=False)
      (bn2): BatchNorm2d(55, eps=1e-05, momentum=0.1, affine=True, track_running_stats=True)
      (relu2): ReLU(inplace=True)
      (shortcut): Sequential()
    )
    (7): BasicBlock(
      (conv1): Conv2d(64, 49, kernel_size=(3, 3), stride=(1, 1), padding=(1, 1), bias=False)
      (bn1): BatchNorm2d(49, eps=1e-05, momentum=0.1, affine=True, track_running_stats=True)
      (relu1): ReLU(inplace=True)
      (conv2): Conv2d(49, 49, kernel_size=(3, 3), stride=(1, 1), padding=(1, 1), bias=False)
      (bn2): BatchNorm2d(49, eps=1e-05, momentum=0.1, affine=True, track_running_stats=True)
      (relu2): ReLU(inplace=True)
      (shortcut): Sequential()
    )
    (8): BasicBlock(
      (conv1): Conv2d(64, 57, kernel_size=(3, 3), stride=(1, 1), padding=(1, 1), bias=False)
      (bn1): BatchNorm2d(57, eps=1e-05, momentum=0.1, affine=True, track_running_stats=True)
      (relu1): ReLU(inplace=True)
      (conv2): Conv2d(57, 45, kernel_size=(3, 3), stride=(1, 1), padding=(1, 1), bias=False)
      (bn2): BatchNorm2d(45, eps=1e-05, momentum=0.1, affine=True, track_running_stats=True)
      (relu2): ReLU(inplace=True)
      (shortcut): Sequential()
    )
  )
  (avgpool): AdaptiveAvgPool2d(output_size=(1, 1))
  (linear): Linear(in_features=64, out_features=10, bias=True)
)
01/29 09:42:30 PM | ----------------------------------------
01/29 09:42:30 PM | Performances input model:
01/29 09:42:30 PM |  - flops: 126,554,816
01/29 09:42:30 PM |  - params: 853,018
01/29 09:42:30 PM |  - accuracy: 93.2699966430664
01/29 09:42:30 PM | ----------------------------------------
01/29 09:42:30 PM | Performances pseudo-pruned model:
01/29 09:42:30 PM |  - flops: 126,554,816
01/29 09:42:30 PM |  - params: 853,018
01/29 09:42:30 PM |  - accuracy: 54.69999694824219
01/29 09:42:30 PM | ----------------------------------------
01/29 09:42:30 PM | Performances pruned model:
01/29 09:42:30 PM |  - flops: 55,884,032
01/29 09:42:30 PM |  - params: 498,700
01/29 09:42:30 PM |  - accuracy: 54.69999694824219
01/29 09:42:30 PM | ----------------------------------------
01/29 09:42:30 PM | Total time: 36.07s
