01/29 03:23:52 AM | args = Namespace(output_dir='result/rebuttal/nb_epoch/vgg/nbbtchs100/seed_00', loaded_model_path='./checkpoints/cifar10/vgg_16_bn.pt', resume=False, test_only=False, mode='prune', batch_size=64, nb_batches=100, Mflops_target=None, lr=0.6, momentum=0.9, beta=6, gamma=0.4, gpu='0', num_workers=4, dataset='cifar10', arch='vgg_16_bn', save_plot=False, seed=0, lr_finetuning=0.02, epoch_finetuning=200, wd=0.002, data_dir='./data/cifar10/', print_freq=200, num_classes=10, device_ids=[0], device=device(type='cuda', index=0), name_base='')
01/29 03:23:57 AM | ----------------------------------------
01/29 03:23:57 AM | ==> Building model...
01/29 03:23:57 AM | ----------------------------------------
01/29 03:23:57 AM | ==> Loading weights into the model...
01/29 03:23:57 AM | ----------------------------------------
01/29 03:23:57 AM | VGG(
  (features): Sequential(
    (conv0): Conv2d(3, 64, kernel_size=(3, 3), stride=(1, 1), padding=(1, 1))
    (norm0): BatchNorm2d(64, eps=1e-05, momentum=0.1, affine=True, track_running_stats=True)
    (relu0): ReLU(inplace=True)
    (conv1): Conv2d(64, 64, kernel_size=(3, 3), stride=(1, 1), padding=(1, 1))
    (norm1): BatchNorm2d(64, eps=1e-05, momentum=0.1, affine=True, track_running_stats=True)
    (relu1): ReLU(inplace=True)
    (pool2): MaxPool2d(kernel_size=2, stride=2, padding=0, dilation=1, ceil_mode=False)
    (conv3): Conv2d(64, 128, kernel_size=(3, 3), stride=(1, 1), padding=(1, 1))
    (norm3): BatchNorm2d(128, eps=1e-05, momentum=0.1, affine=True, track_running_stats=True)
    (relu3): ReLU(inplace=True)
    (conv4): Conv2d(128, 128, kernel_size=(3, 3), stride=(1, 1), padding=(1, 1))
    (norm4): BatchNorm2d(128, eps=1e-05, momentum=0.1, affine=True, track_running_stats=True)
    (relu4): ReLU(inplace=True)
    (pool5): MaxPool2d(kernel_size=2, stride=2, padding=0, dilation=1, ceil_mode=False)
    (conv6): Conv2d(128, 256, kernel_size=(3, 3), stride=(1, 1), padding=(1, 1))
    (norm6): BatchNorm2d(256, eps=1e-05, momentum=0.1, affine=True, track_running_stats=True)
    (relu6): ReLU(inplace=True)
    (conv7): Conv2d(256, 256, kernel_size=(3, 3), stride=(1, 1), padding=(1, 1))
    (norm7): BatchNorm2d(256, eps=1e-05, momentum=0.1, affine=True, track_running_stats=True)
    (relu7): ReLU(inplace=True)
    (conv8): Conv2d(256, 256, kernel_size=(3, 3), stride=(1, 1), padding=(1, 1))
    (norm8): BatchNorm2d(256, eps=1e-05, momentum=0.1, affine=True, track_running_stats=True)
    (relu8): ReLU(inplace=True)
    (pool9): MaxPool2d(kernel_size=2, stride=2, padding=0, dilation=1, ceil_mode=False)
    (conv10): Conv2d(256, 512, kernel_size=(3, 3), stride=(1, 1), padding=(1, 1))
    (norm10): BatchNorm2d(512, eps=1e-05, momentum=0.1, affine=True, track_running_stats=True)
    (relu10): ReLU(inplace=True)
    (conv11): Conv2d(512, 512, kernel_size=(3, 3), stride=(1, 1), padding=(1, 1))
    (norm11): BatchNorm2d(512, eps=1e-05, momentum=0.1, affine=True, track_running_stats=True)
    (relu11): ReLU(inplace=True)
    (conv12): Conv2d(512, 512, kernel_size=(3, 3), stride=(1, 1), padding=(1, 1))
    (norm12): BatchNorm2d(512, eps=1e-05, momentum=0.1, affine=True, track_running_stats=True)
    (relu12): ReLU(inplace=True)
    (pool13): MaxPool2d(kernel_size=2, stride=2, padding=0, dilation=1, ceil_mode=False)
    (conv14): Conv2d(512, 512, kernel_size=(3, 3), stride=(1, 1), padding=(1, 1))
    (norm14): BatchNorm2d(512, eps=1e-05, momentum=0.1, affine=True, track_running_stats=True)
    (relu14): ReLU(inplace=True)
    (conv15): Conv2d(512, 512, kernel_size=(3, 3), stride=(1, 1), padding=(1, 1))
    (norm15): BatchNorm2d(512, eps=1e-05, momentum=0.1, affine=True, track_running_stats=True)
    (relu15): ReLU(inplace=True)
    (conv16): Conv2d(512, 512, kernel_size=(3, 3), stride=(1, 1), padding=(1, 1))
    (norm16): BatchNorm2d(512, eps=1e-05, momentum=0.1, affine=True, track_running_stats=True)
    (relu16): ReLU(inplace=True)
  )
  (classifier): Sequential(
    (linear1): Linear(in_features=512, out_features=512, bias=True)
    (norm1): BatchNorm1d(512, eps=1e-05, momentum=0.1, affine=True, track_running_stats=True)
    (relu1): ReLU(inplace=True)
    (linear2): Linear(in_features=512, out_features=10, bias=True)
  )
)
01/29 03:23:59 AM | Save modules info...
01/29 03:23:59 AM | FLOPS pruning ratio is 0.65
01/29 03:23:59 AM | Pruning with information flow
01/29 03:23:59 AM | -----
01/29 03:23:59 AM | module: Conv2d(3, 64, kernel_size=(3, 3), stride=(1, 1), padding=(1, 1))
01/29 03:23:59 AM | cin: None
01/29 03:23:59 AM | cout: [0]
01/29 03:23:59 AM | inactive
01/29 03:23:59 AM | -----
01/29 03:23:59 AM | module: BatchNorm2d(64, eps=1e-05, momentum=0.1, affine=True, track_running_stats=True)
01/29 03:23:59 AM | cin: [0]
01/29 03:23:59 AM | cout: [0]
01/29 03:23:59 AM | inactive
01/29 03:23:59 AM | -----
01/29 03:23:59 AM | module: ReLU(inplace=True)
01/29 03:23:59 AM | cin: [0]
01/29 03:23:59 AM | cout: [0]
01/29 03:23:59 AM | active
01/29 03:23:59 AM | -----
01/29 03:23:59 AM | module: Conv2d(64, 64, kernel_size=(3, 3), stride=(1, 1), padding=(1, 1))
01/29 03:23:59 AM | cin: [0]
01/29 03:23:59 AM | cout: [1]
01/29 03:23:59 AM | inactive
01/29 03:23:59 AM | -----
01/29 03:23:59 AM | module: BatchNorm2d(64, eps=1e-05, momentum=0.1, affine=True, track_running_stats=True)
01/29 03:23:59 AM | cin: [1]
01/29 03:23:59 AM | cout: [1]
01/29 03:23:59 AM | inactive
01/29 03:23:59 AM | -----
01/29 03:23:59 AM | module: ReLU(inplace=True)
01/29 03:23:59 AM | cin: [1]
01/29 03:23:59 AM | cout: [1]
01/29 03:23:59 AM | active
01/29 03:23:59 AM | -----
01/29 03:23:59 AM | module: MaxPool2d(kernel_size=2, stride=2, padding=0, dilation=1, ceil_mode=False)
01/29 03:23:59 AM | cin: [1]
01/29 03:23:59 AM | cout: [1]
01/29 03:23:59 AM | inactive
01/29 03:23:59 AM | -----
01/29 03:23:59 AM | module: Conv2d(64, 128, kernel_size=(3, 3), stride=(1, 1), padding=(1, 1))
01/29 03:23:59 AM | cin: [1]
01/29 03:23:59 AM | cout: [2]
01/29 03:23:59 AM | inactive
01/29 03:23:59 AM | -----
01/29 03:23:59 AM | module: BatchNorm2d(128, eps=1e-05, momentum=0.1, affine=True, track_running_stats=True)
01/29 03:23:59 AM | cin: [2]
01/29 03:23:59 AM | cout: [2]
01/29 03:23:59 AM | inactive
01/29 03:23:59 AM | -----
01/29 03:23:59 AM | module: ReLU(inplace=True)
01/29 03:23:59 AM | cin: [2]
01/29 03:23:59 AM | cout: [2]
01/29 03:23:59 AM | active
01/29 03:23:59 AM | -----
01/29 03:23:59 AM | module: Conv2d(128, 128, kernel_size=(3, 3), stride=(1, 1), padding=(1, 1))
01/29 03:23:59 AM | cin: [2]
01/29 03:23:59 AM | cout: [3]
01/29 03:23:59 AM | inactive
01/29 03:23:59 AM | -----
01/29 03:23:59 AM | module: BatchNorm2d(128, eps=1e-05, momentum=0.1, affine=True, track_running_stats=True)
01/29 03:23:59 AM | cin: [3]
01/29 03:23:59 AM | cout: [3]
01/29 03:23:59 AM | inactive
01/29 03:23:59 AM | -----
01/29 03:23:59 AM | module: ReLU(inplace=True)
01/29 03:23:59 AM | cin: [3]
01/29 03:23:59 AM | cout: [3]
01/29 03:23:59 AM | active
01/29 03:23:59 AM | -----
01/29 03:23:59 AM | module: MaxPool2d(kernel_size=2, stride=2, padding=0, dilation=1, ceil_mode=False)
01/29 03:23:59 AM | cin: [3]
01/29 03:23:59 AM | cout: [3]
01/29 03:23:59 AM | inactive
01/29 03:23:59 AM | -----
01/29 03:23:59 AM | module: Conv2d(128, 256, kernel_size=(3, 3), stride=(1, 1), padding=(1, 1))
01/29 03:23:59 AM | cin: [3]
01/29 03:23:59 AM | cout: [4]
01/29 03:23:59 AM | inactive
01/29 03:23:59 AM | -----
01/29 03:23:59 AM | module: BatchNorm2d(256, eps=1e-05, momentum=0.1, affine=True, track_running_stats=True)
01/29 03:23:59 AM | cin: [4]
01/29 03:23:59 AM | cout: [4]
01/29 03:23:59 AM | inactive
01/29 03:23:59 AM | -----
01/29 03:23:59 AM | module: ReLU(inplace=True)
01/29 03:23:59 AM | cin: [4]
01/29 03:23:59 AM | cout: [4]
01/29 03:23:59 AM | active
01/29 03:23:59 AM | -----
01/29 03:23:59 AM | module: Conv2d(256, 256, kernel_size=(3, 3), stride=(1, 1), padding=(1, 1))
01/29 03:23:59 AM | cin: [4]
01/29 03:23:59 AM | cout: [5]
01/29 03:23:59 AM | inactive
01/29 03:23:59 AM | -----
01/29 03:23:59 AM | module: BatchNorm2d(256, eps=1e-05, momentum=0.1, affine=True, track_running_stats=True)
01/29 03:23:59 AM | cin: [5]
01/29 03:23:59 AM | cout: [5]
01/29 03:23:59 AM | inactive
01/29 03:23:59 AM | -----
01/29 03:23:59 AM | module: ReLU(inplace=True)
01/29 03:23:59 AM | cin: [5]
01/29 03:23:59 AM | cout: [5]
01/29 03:23:59 AM | active
01/29 03:23:59 AM | -----
01/29 03:23:59 AM | module: Conv2d(256, 256, kernel_size=(3, 3), stride=(1, 1), padding=(1, 1))
01/29 03:23:59 AM | cin: [5]
01/29 03:23:59 AM | cout: [6]
01/29 03:23:59 AM | inactive
01/29 03:23:59 AM | -----
01/29 03:23:59 AM | module: BatchNorm2d(256, eps=1e-05, momentum=0.1, affine=True, track_running_stats=True)
01/29 03:23:59 AM | cin: [6]
01/29 03:23:59 AM | cout: [6]
01/29 03:23:59 AM | inactive
01/29 03:23:59 AM | -----
01/29 03:23:59 AM | module: ReLU(inplace=True)
01/29 03:23:59 AM | cin: [6]
01/29 03:23:59 AM | cout: [6]
01/29 03:23:59 AM | active
01/29 03:23:59 AM | -----
01/29 03:23:59 AM | module: MaxPool2d(kernel_size=2, stride=2, padding=0, dilation=1, ceil_mode=False)
01/29 03:23:59 AM | cin: [6]
01/29 03:23:59 AM | cout: [6]
01/29 03:23:59 AM | inactive
01/29 03:23:59 AM | -----
01/29 03:23:59 AM | module: Conv2d(256, 512, kernel_size=(3, 3), stride=(1, 1), padding=(1, 1))
01/29 03:23:59 AM | cin: [6]
01/29 03:23:59 AM | cout: [7]
01/29 03:23:59 AM | inactive
01/29 03:23:59 AM | -----
01/29 03:23:59 AM | module: BatchNorm2d(512, eps=1e-05, momentum=0.1, affine=True, track_running_stats=True)
01/29 03:23:59 AM | cin: [7]
01/29 03:23:59 AM | cout: [7]
01/29 03:23:59 AM | inactive
01/29 03:23:59 AM | -----
01/29 03:23:59 AM | module: ReLU(inplace=True)
01/29 03:23:59 AM | cin: [7]
01/29 03:23:59 AM | cout: [7]
01/29 03:23:59 AM | active
01/29 03:23:59 AM | -----
01/29 03:23:59 AM | module: Conv2d(512, 512, kernel_size=(3, 3), stride=(1, 1), padding=(1, 1))
01/29 03:23:59 AM | cin: [7]
01/29 03:23:59 AM | cout: [8]
01/29 03:23:59 AM | inactive
01/29 03:23:59 AM | -----
01/29 03:23:59 AM | module: BatchNorm2d(512, eps=1e-05, momentum=0.1, affine=True, track_running_stats=True)
01/29 03:23:59 AM | cin: [8]
01/29 03:23:59 AM | cout: [8]
01/29 03:23:59 AM | inactive
01/29 03:23:59 AM | -----
01/29 03:23:59 AM | module: ReLU(inplace=True)
01/29 03:23:59 AM | cin: [8]
01/29 03:23:59 AM | cout: [8]
01/29 03:23:59 AM | active
01/29 03:23:59 AM | -----
01/29 03:23:59 AM | module: Conv2d(512, 512, kernel_size=(3, 3), stride=(1, 1), padding=(1, 1))
01/29 03:23:59 AM | cin: [8]
01/29 03:23:59 AM | cout: [9]
01/29 03:23:59 AM | inactive
01/29 03:23:59 AM | -----
01/29 03:23:59 AM | module: BatchNorm2d(512, eps=1e-05, momentum=0.1, affine=True, track_running_stats=True)
01/29 03:23:59 AM | cin: [9]
01/29 03:23:59 AM | cout: [9]
01/29 03:23:59 AM | inactive
01/29 03:23:59 AM | -----
01/29 03:23:59 AM | module: ReLU(inplace=True)
01/29 03:23:59 AM | cin: [9]
01/29 03:23:59 AM | cout: [9]
01/29 03:23:59 AM | active
01/29 03:23:59 AM | -----
01/29 03:23:59 AM | module: MaxPool2d(kernel_size=2, stride=2, padding=0, dilation=1, ceil_mode=False)
01/29 03:23:59 AM | cin: [9]
01/29 03:23:59 AM | cout: [9]
01/29 03:23:59 AM | inactive
01/29 03:23:59 AM | -----
01/29 03:23:59 AM | module: Conv2d(512, 512, kernel_size=(3, 3), stride=(1, 1), padding=(1, 1))
01/29 03:23:59 AM | cin: [9]
01/29 03:23:59 AM | cout: [10]
01/29 03:23:59 AM | inactive
01/29 03:23:59 AM | -----
01/29 03:23:59 AM | module: BatchNorm2d(512, eps=1e-05, momentum=0.1, affine=True, track_running_stats=True)
01/29 03:23:59 AM | cin: [10]
01/29 03:23:59 AM | cout: [10]
01/29 03:23:59 AM | inactive
01/29 03:23:59 AM | -----
01/29 03:23:59 AM | module: ReLU(inplace=True)
01/29 03:23:59 AM | cin: [10]
01/29 03:23:59 AM | cout: [10]
01/29 03:23:59 AM | active
01/29 03:23:59 AM | -----
01/29 03:23:59 AM | module: Conv2d(512, 512, kernel_size=(3, 3), stride=(1, 1), padding=(1, 1))
01/29 03:23:59 AM | cin: [10]
01/29 03:23:59 AM | cout: [11]
01/29 03:23:59 AM | inactive
01/29 03:23:59 AM | -----
01/29 03:23:59 AM | module: BatchNorm2d(512, eps=1e-05, momentum=0.1, affine=True, track_running_stats=True)
01/29 03:23:59 AM | cin: [11]
01/29 03:23:59 AM | cout: [11]
01/29 03:23:59 AM | inactive
01/29 03:23:59 AM | -----
01/29 03:23:59 AM | module: ReLU(inplace=True)
01/29 03:23:59 AM | cin: [11]
01/29 03:23:59 AM | cout: [11]
01/29 03:23:59 AM | active
01/29 03:23:59 AM | -----
01/29 03:23:59 AM | module: Conv2d(512, 512, kernel_size=(3, 3), stride=(1, 1), padding=(1, 1))
01/29 03:23:59 AM | cin: [11]
01/29 03:23:59 AM | cout: [12]
01/29 03:23:59 AM | inactive
01/29 03:23:59 AM | -----
01/29 03:23:59 AM | module: BatchNorm2d(512, eps=1e-05, momentum=0.1, affine=True, track_running_stats=True)
01/29 03:23:59 AM | cin: [12]
01/29 03:23:59 AM | cout: [12]
01/29 03:23:59 AM | inactive
01/29 03:23:59 AM | -----
01/29 03:23:59 AM | module: ReLU(inplace=True)
01/29 03:23:59 AM | cin: [12]
01/29 03:23:59 AM | cout: [12]
01/29 03:23:59 AM | active
01/29 03:23:59 AM | -----
01/29 03:23:59 AM | module: Linear(in_features=512, out_features=512, bias=True)
01/29 03:23:59 AM | cin: [12]
01/29 03:23:59 AM | cout: None
01/29 03:23:59 AM | inactive
01/29 03:23:59 AM | -----
01/29 03:23:59 AM | module: ReLU(inplace=True)
01/29 03:23:59 AM | cin: None
01/29 03:23:59 AM | cout: None
01/29 03:23:59 AM | active
01/29 03:23:59 AM | -----
01/29 03:23:59 AM | module: Linear(in_features=512, out_features=10, bias=True)
01/29 03:23:59 AM | cin: None
01/29 03:23:59 AM | cout: None
01/29 03:23:59 AM | inactive
01/29 03:23:59 AM | Used masks: [0, 1, 2, 3, 4, 5, 6, 7, 8, 9, 10, 11, 12]
01/29 03:23:59 AM | 13 unique masks in total
01/29 03:23:59 AM | === Batch 1/100
01/29 03:24:00 AM | loss = 0.047 + 4.266 + 0.040 = 4.353
01/29 03:24:00 AM | attribution_score[0:12]: 
[ 0.94  0.83  0.83  0.83  0.83  0.83  0.83  0.83  0.83  0.83  0.83  0.83 ]
[ 0.83  0.83  0.83  0.83  0.83  0.83  0.83  0.83  0.83  0.83  0.83  0.83 ]
[ 0.94  0.83  0.83  0.83  0.83  0.83  0.83  0.83  0.83  0.83  0.83  0.94 ]
[ 0.83  0.83  0.94  0.83  0.83  0.83  0.83  0.83  0.83  0.83  0.83  0.83 ]
[ 0.83  0.83  0.94  0.83  0.83  0.83  0.83  0.83  0.83  0.83  0.83  0.83 ]
[ 0.83  0.83  0.83  0.83  0.83  0.83  0.83  0.83  0.83  0.83  0.83  0.83 ]
[ 0.83  0.83  0.94  0.83  0.83  0.83  0.83  0.83  0.83  0.83  0.83  0.83 ]
[ 0.83  0.83  0.83  0.83  0.83  0.83  0.83  0.83  0.83  0.83  0.83  0.83 ]
[ 0.83  0.83  0.83  0.83  0.83  0.83  0.83  0.83  0.83  0.83  0.83  0.83 ]
[ 0.83  0.83  0.83  0.83  0.83  0.83  0.83  0.83  0.83  0.83  0.83  0.83 ]
[ 0.83  0.83  0.83  0.83  0.83  0.83  0.83  0.83  0.83  0.83  0.94  0.83 ]
[ 0.83  0.94  0.83  0.83  0.83  0.83  0.83  0.94  0.83  0.83  0.83  0.83 ]
[ 0.94  0.94  0.94  0.94  0.94  0.94  0.83  0.83  0.94  0.94  0.94  0.83 ]

01/29 03:24:00 AM | === Batch 2/100
01/29 03:24:00 AM | loss = 0.345 + 3.308 + 0.062 = 3.715
01/29 03:24:00 AM | attribution_score[0:12]: 
[ 0.96  0.88  0.77  0.73  0.75  0.73  0.73  0.73  0.73  0.73  0.73  0.81 ]
[ 0.87  0.76  0.75  0.74  0.87  0.73  0.74  0.73  0.73  0.86  0.88  0.74 ]
[ 0.96  0.88  0.74  0.88  0.73  0.88  0.86  0.77  0.74  0.74  0.73  0.96 ]
[ 0.73  0.83  0.96  0.74  0.76  0.73  0.85  0.87  0.81  0.85  0.73  0.88 ]
[ 0.83  0.76  0.96  0.74  0.75  0.73  0.73  0.75  0.74  0.74  0.86  0.85 ]
[ 0.73  0.75  0.77  0.74  0.73  0.80  0.74  0.74  0.73  0.74  0.73  0.86 ]
[ 0.74  0.73  0.94  0.74  0.74  0.75  0.74  0.73  0.76  0.74  0.86  0.75 ]
[ 0.73  0.73  0.73  0.73  0.74  0.73  0.73  0.73  0.74  0.73  0.73  0.82 ]
[ 0.75  0.73  0.73  0.73  0.74  0.73  0.73  0.73  0.74  0.73  0.80  0.73 ]
[ 0.73  0.73  0.73  0.73  0.85  0.74  0.73  0.73  0.74  0.73  0.75  0.73 ]
[ 0.73  0.75  0.85  0.74  0.73  0.86  0.73  0.75  0.81  0.73  0.96  0.74 ]
[ 0.88  0.97  0.76  0.87  0.88  0.86  0.74  0.97  0.84  0.88  0.87  0.74 ]
[ 0.97  0.96  0.97  0.91  0.97  0.96  0.88  0.88  0.96  0.97  0.97  0.73 ]

01/29 03:24:00 AM | === Batch 3/100
01/29 03:24:01 AM | loss = 0.339 + 2.497 + 0.081 = 2.918
01/29 03:24:01 AM | attribution_score[0:12]: 
[ 0.98  0.90  0.68  0.60  0.64  0.61  0.60  0.60  0.60  0.60  0.61  0.86 ]
[ 0.89  0.66  0.78  0.61  0.90  0.67  0.63  0.61  0.69  0.90  0.91  0.62 ]
[ 0.97  0.91  0.62  0.92  0.60  0.92  0.86  0.68  0.62  0.62  0.60  0.98 ]
[ 0.61  0.84  0.97  0.70  0.66  0.76  0.80  0.90  0.81  0.82  0.68  0.91 ]
[ 0.78  0.66  0.97  0.63  0.79  0.60  0.60  0.64  0.75  0.61  0.85  0.85 ]
[ 0.62  0.65  0.68  0.61  0.60  0.74  0.61  0.62  0.62  0.62  0.60  0.85 ]
[ 0.64  0.61  0.94  0.64  0.64  0.64  0.61  0.69  0.66  0.78  0.90  0.63 ]
[ 0.60  0.60  0.61  0.60  0.61  0.60  0.60  0.60  0.70  0.61  0.60  0.80 ]
[ 0.65  0.67  0.60  0.60  0.62  0.60  0.60  0.60  0.66  0.60  0.80  0.68 ]
[ 0.64  0.61  0.60  0.60  0.87  0.67  0.60  0.60  0.72  0.60  0.63  0.63 ]
[ 0.61  0.79  0.89  0.61  0.61  0.90  0.79  0.76  0.86  0.71  0.98  0.75 ]
[ 0.91  0.98  0.78  0.91  0.93  0.89  0.79  0.98  0.81  0.92  0.91  0.80 ]
[ 0.98  0.98  0.98  0.90  0.98  0.98  0.92  0.93  0.98  0.98  0.98  0.60 ]

01/29 03:24:01 AM | === Batch 4/100
01/29 03:24:01 AM | loss = 0.558 + 1.677 + 0.101 = 2.336
01/29 03:24:01 AM | attribution_score[0:12]: 
[ 0.98  0.92  0.57  0.46  0.50  0.47  0.46  0.45  0.45  0.46  0.46  0.84 ]
[ 0.90  0.56  0.83  0.47  0.90  0.59  0.61  0.46  0.72  0.92  0.91  0.48 ]
[ 0.98  0.94  0.48  0.94  0.45  0.94  0.87  0.64  0.48  0.49  0.48  0.98 ]
[ 0.47  0.85  0.96  0.73  0.57  0.82  0.74  0.92  0.78  0.80  0.63  0.92 ]
[ 0.71  0.53  0.98  0.53  0.85  0.47  0.45  0.51  0.80  0.56  0.82  0.80 ]
[ 0.61  0.64  0.55  0.46  0.47  0.64  0.50  0.50  0.50  0.49  0.45  0.82 ]
[ 0.53  0.47  0.93  0.53  0.52  0.52  0.57  0.73  0.71  0.84  0.94  0.50 ]
[ 0.45  0.46  0.46  0.45  0.50  0.45  0.56  0.45  0.73  0.47  0.48  0.73 ]
[ 0.55  0.71  0.45  0.61  0.50  0.45  0.47  0.47  0.65  0.45  0.83  0.74 ]
[ 0.62  0.47  0.45  0.45  0.84  0.65  0.46  0.45  0.77  0.45  0.52  0.56 ]
[ 0.47  0.85  0.93  0.60  0.64  0.92  0.85  0.79  0.90  0.77  0.99  0.81 ]
[ 0.91  0.99  0.84  0.95  0.95  0.90  0.85  0.99  0.74  0.94  0.94  0.86 ]
[ 0.99  0.99  0.99  0.92  0.99  0.99  0.95  0.96  0.98  0.99  0.99  0.56 ]

01/29 03:24:01 AM | === Batch 5/100
01/29 03:24:02 AM | loss = 0.910 + 1.011 + 0.111 = 2.031
01/29 03:24:02 AM | attribution_score[0:12]: 
[ 0.99  0.93  0.47  0.31  0.37  0.33  0.32  0.31  0.31  0.33  0.32  0.83 ]
[ 0.92  0.45  0.84  0.33  0.90  0.47  0.66  0.32  0.72  0.93  0.92  0.45 ]
[ 0.99  0.95  0.34  0.95  0.32  0.96  0.87  0.61  0.35  0.36  0.35  0.98 ]
[ 0.37  0.81  0.95  0.78  0.49  0.85  0.74  0.94  0.72  0.79  0.62  0.92 ]
[ 0.73  0.52  0.98  0.45  0.89  0.40  0.32  0.38  0.84  0.57  0.79  0.73 ]
[ 0.61  0.69  0.43  0.33  0.34  0.52  0.46  0.43  0.39  0.35  0.31  0.76 ]
[ 0.57  0.35  0.91  0.42  0.59  0.40  0.59  0.80  0.78  0.82  0.95  0.37 ]
[ 0.31  0.32  0.32  0.31  0.48  0.31  0.54  0.31  0.79  0.33  0.37  0.64 ]
[ 0.44  0.73  0.31  0.68  0.37  0.31  0.36  0.34  0.70  0.31  0.82  0.81 ]
[ 0.63  0.36  0.31  0.31  0.79  0.65  0.33  0.31  0.83  0.31  0.40  0.48 ]
[ 0.33  0.90  0.94  0.65  0.72  0.90  0.89  0.77  0.93  0.84  0.99  0.87 ]
[ 0.91  0.99  0.89  0.96  0.97  0.89  0.89  0.99  0.65  0.95  0.96  0.91 ]
[ 0.99  0.99  0.99  0.93  0.99  0.99  0.96  0.97  0.99  0.99  0.99  0.46 ]

01/29 03:24:02 AM | === Batch 6/100
01/29 03:24:02 AM | loss = 0.938 + 0.463 + 0.095 = 1.496
01/29 03:24:02 AM | attribution_score[0:12]: 
[ 0.99  0.94  0.38  0.20  0.26  0.22  0.21  0.20  0.20  0.21  0.21  0.84 ]
[ 0.93  0.34  0.84  0.22  0.89  0.35  0.72  0.21  0.72  0.94  0.91  0.45 ]
[ 0.99  0.95  0.23  0.96  0.20  0.96  0.85  0.64  0.24  0.25  0.24  0.99 ]
[ 0.30  0.75  0.94  0.81  0.50  0.88  0.72  0.95  0.64  0.76  0.55  0.92 ]
[ 0.72  0.51  0.99  0.44  0.90  0.39  0.23  0.28  0.87  0.63  0.76  0.65 ]
[ 0.67  0.74  0.31  0.23  0.23  0.40  0.45  0.38  0.31  0.30  0.20  0.67 ]
[ 0.65  0.26  0.90  0.39  0.64  0.39  0.55  0.80  0.80  0.85  0.95  0.25 ]
[ 0.20  0.21  0.21  0.20  0.43  0.20  0.50  0.20  0.78  0.21  0.28  0.55 ]
[ 0.41  0.72  0.20  0.69  0.30  0.20  0.25  0.23  0.74  0.25  0.76  0.82 ]
[ 0.60  0.26  0.20  0.20  0.78  0.68  0.23  0.20  0.88  0.20  0.30  0.40 ]
[ 0.24  0.93  0.94  0.63  0.75  0.89  0.92  0.80  0.95  0.86  0.99  0.90 ]
[ 0.93  0.99  0.91  0.97  0.97  0.87  0.92  1.00  0.53  0.95  0.97  0.93 ]
[ 0.99  0.99  1.00  0.95  1.00  1.00  0.97  0.97  0.99  0.99  0.99  0.46 ]

01/29 03:24:02 AM | === Batch 7/100
01/29 03:24:03 AM | loss = 1.051 + 0.027 + 0.081 = 1.160
01/29 03:24:03 AM | attribution_score[0:12]: 
[ 0.99  0.94  0.31  0.12  0.17  0.15  0.13  0.13  0.12  0.14  0.13  0.87 ]
[ 0.93  0.24  0.84  0.13  0.86  0.24  0.76  0.13  0.71  0.95  0.90  0.46 ]
[ 0.99  0.95  0.15  0.96  0.12  0.97  0.82  0.66  0.15  0.18  0.15  0.99 ]
[ 0.23  0.67  0.94  0.80  0.49  0.89  0.71  0.96  0.53  0.70  0.50  0.91 ]
[ 0.71  0.43  0.99  0.41  0.90  0.41  0.16  0.21  0.90  0.68  0.75  0.63 ]
[ 0.72  0.76  0.21  0.16  0.15  0.29  0.48  0.31  0.27  0.34  0.12  0.56 ]
[ 0.74  0.21  0.89  0.36  0.63  0.42  0.49  0.76  0.81  0.88  0.96  0.16 ]
[ 0.12  0.13  0.13  0.12  0.36  0.13  0.45  0.12  0.75  0.13  0.19  0.46 ]
[ 0.44  0.68  0.12  0.67  0.29  0.12  0.17  0.19  0.78  0.20  0.69  0.81 ]
[ 0.55  0.17  0.13  0.12  0.78  0.70  0.16  0.12  0.90  0.13  0.25  0.32 ]
[ 0.22  0.95  0.93  0.56  0.76  0.90  0.93  0.85  0.96  0.86  0.99  0.91 ]
[ 0.95  1.00  0.91  0.97  0.97  0.87  0.94  1.00  0.46  0.94  0.98  0.94 ]
[ 1.00  1.00  1.00  0.96  1.00  1.00  0.97  0.97  0.99  0.99  0.99  0.40 ]

01/29 03:24:03 AM | === Batch 8/100
01/29 03:24:03 AM | loss = 1.251 + 0.577 + 0.071 = 1.899
01/29 03:24:03 AM | attribution_score[0:12]: 
[ 0.99  0.95  0.34  0.08  0.15  0.13  0.10  0.09  0.08  0.15  0.10  0.90 ]
[ 0.95  0.19  0.86  0.10  0.87  0.22  0.81  0.09  0.71  0.96  0.91  0.51 ]
[ 0.99  0.95  0.12  0.97  0.09  0.97  0.84  0.72  0.11  0.16  0.12  0.99 ]
[ 0.22  0.65  0.95  0.82  0.46  0.90  0.73  0.97  0.51  0.72  0.56  0.91 ]
[ 0.74  0.34  0.99  0.38  0.91  0.48  0.14  0.19  0.92  0.68  0.79  0.68 ]
[ 0.74  0.78  0.18  0.12  0.12  0.25  0.55  0.30  0.29  0.42  0.09  0.56 ]
[ 0.81  0.21  0.89  0.36  0.65  0.42  0.48  0.71  0.83  0.90  0.97  0.12 ]
[ 0.08  0.09  0.10  0.09  0.35  0.10  0.49  0.08  0.73  0.11  0.16  0.45 ]
[ 0.51  0.71  0.09  0.68  0.32  0.10  0.14  0.20  0.82  0.17  0.71  0.81 ]
[ 0.58  0.14  0.09  0.09  0.82  0.72  0.12  0.09  0.93  0.10  0.24  0.34 ]
[ 0.23  0.96  0.94  0.54  0.77  0.92  0.93  0.89  0.96  0.86  1.00  0.93 ]
[ 0.97  1.00  0.92  0.98  0.98  0.90  0.95  1.00  0.49  0.95  0.99  0.96 ]
[ 1.00  1.00  1.00  0.97  1.00  1.00  0.98  0.97  1.00  0.99  0.99  0.38 ]

01/29 03:24:03 AM | === Batch 9/100
01/29 03:24:03 AM | loss = 0.985 + 0.588 + 0.065 = 1.638
01/29 03:24:04 AM | attribution_score[0:12]: 
[ 0.99  0.96  0.41  0.06  0.15  0.13  0.09  0.07  0.07  0.19  0.09  0.93 ]
[ 0.96  0.18  0.88  0.07  0.89  0.24  0.85  0.07  0.73  0.97  0.93  0.58 ]
[ 0.99  0.96  0.12  0.97  0.07  0.98  0.87  0.79  0.09  0.17  0.11  0.99 ]
[ 0.22  0.67  0.96  0.85  0.48  0.91  0.76  0.97  0.54  0.76  0.65  0.92 ]
[ 0.78  0.32  0.99  0.37  0.92  0.56  0.13  0.20  0.94  0.71  0.84  0.75 ]
[ 0.76  0.79  0.19  0.10  0.10  0.25  0.63  0.34  0.34  0.49  0.07  0.60 ]
[ 0.87  0.22  0.90  0.39  0.69  0.41  0.53  0.67  0.86  0.92  0.97  0.11 ]
[ 0.06  0.07  0.08  0.07  0.37  0.10  0.57  0.06  0.75  0.09  0.16  0.47 ]
[ 0.61  0.77  0.07  0.72  0.37  0.08  0.13  0.23  0.85  0.17  0.75  0.84 ]
[ 0.64  0.14  0.08  0.07  0.86  0.76  0.10  0.07  0.95  0.09  0.25  0.39 ]
[ 0.27  0.96  0.95  0.54  0.77  0.94  0.94  0.92  0.97  0.86  1.00  0.94 ]
[ 0.98  1.00  0.93  0.98  0.98  0.92  0.95  1.00  0.57  0.96  0.99  0.97 ]
[ 1.00  1.00  1.00  0.98  1.00  1.00  0.98  0.98  1.00  0.99  0.99  0.41 ]

01/29 03:24:04 AM | === Batch 10/100
01/29 03:24:04 AM | loss = 0.790 + 0.322 + 0.061 = 1.173
01/29 03:24:04 AM | attribution_score[0:12]: 
[ 0.99  0.96  0.49  0.05  0.17  0.14  0.08  0.06  0.05  0.25  0.09  0.96 ]
[ 0.97  0.18  0.91  0.06  0.90  0.28  0.89  0.06  0.77  0.98  0.94  0.65 ]
[ 0.99  0.96  0.13  0.98  0.06  0.98  0.91  0.84  0.08  0.19  0.12  1.00 ]
[ 0.23  0.73  0.97  0.88  0.54  0.92  0.80  0.98  0.58  0.81  0.73  0.93 ]
[ 0.83  0.34  0.99  0.42  0.93  0.66  0.14  0.24  0.96  0.75  0.88  0.81 ]
[ 0.79  0.82  0.21  0.09  0.09  0.28  0.71  0.39  0.42  0.57  0.06  0.67 ]
[ 0.90  0.26  0.92  0.45  0.74  0.46  0.60  0.65  0.89  0.92  0.98  0.10 ]
[ 0.05  0.06  0.06  0.06  0.42  0.09  0.67  0.05  0.77  0.09  0.17  0.51 ]
[ 0.70  0.83  0.06  0.77  0.45  0.08  0.13  0.29  0.87  0.17  0.81  0.87 ]
[ 0.72  0.15  0.07  0.06  0.90  0.80  0.10  0.07  0.96  0.10  0.28  0.48 ]
[ 0.32  0.97  0.96  0.58  0.80  0.96  0.95  0.95  0.98  0.87  1.00  0.95 ]
[ 0.99  1.00  0.94  0.98  0.98  0.95  0.96  1.00  0.65  0.97  0.99  0.97 ]
[ 1.00  1.00  1.00  0.99  1.00  1.00  0.99  0.98  1.00  0.99  0.99  0.45 ]

01/29 03:24:04 AM | === Batch 11/100
01/29 03:24:04 AM | loss = 0.859 + 0.069 + 0.057 = 0.985
01/29 03:24:04 AM | attribution_score[0:12]: 
[ 1.00  0.97  0.56  0.04  0.17  0.15  0.08  0.05  0.05  0.28  0.08  0.97 ]
[ 0.97  0.17  0.93  0.05  0.91  0.32  0.91  0.05  0.81  0.98  0.95  0.71 ]
[ 1.00  0.96  0.13  0.98  0.05  0.99  0.92  0.88  0.08  0.19  0.12  1.00 ]
[ 0.24  0.78  0.98  0.90  0.61  0.93  0.80  0.98  0.61  0.83  0.79  0.93 ]
[ 0.84  0.37  1.00  0.48  0.94  0.68  0.14  0.26  0.97  0.81  0.90  0.86 ]
[ 0.84  0.85  0.23  0.08  0.09  0.28  0.74  0.45  0.50  0.62  0.05  0.70 ]
[ 0.91  0.27  0.93  0.50  0.78  0.51  0.65  0.63  0.91  0.93  0.98  0.09 ]
[ 0.04  0.05  0.05  0.05  0.45  0.10  0.72  0.04  0.80  0.09  0.19  0.57 ]
[ 0.78  0.88  0.05  0.80  0.52  0.07  0.14  0.34  0.89  0.18  0.85  0.89 ]
[ 0.78  0.15  0.06  0.05  0.92  0.84  0.09  0.06  0.97  0.09  0.29  0.55 ]
[ 0.33  0.97  0.97  0.60  0.82  0.97  0.95  0.96  0.98  0.87  1.00  0.95 ]
[ 0.99  1.00  0.95  0.99  0.99  0.96  0.96  1.00  0.69  0.98  0.99  0.98 ]
[ 1.00  1.00  1.00  0.99  1.00  1.00  0.99  0.98  1.00  1.00  0.99  0.49 ]

01/29 03:24:04 AM | === Batch 12/100
01/29 03:24:05 AM | loss = 0.684 + 0.250 + 0.054 = 0.988
01/29 03:24:05 AM | attribution_score[0:12]: 
[ 1.00  0.97  0.59  0.03  0.17  0.17  0.07  0.05  0.04  0.28  0.07  0.97 ]
[ 0.98  0.17  0.95  0.04  0.91  0.37  0.93  0.04  0.84  0.99  0.95  0.74 ]
[ 1.00  0.97  0.12  0.98  0.04  0.99  0.94  0.90  0.07  0.19  0.12  1.00 ]
[ 0.24  0.81  0.98  0.90  0.69  0.94  0.81  0.98  0.61  0.84  0.84  0.94 ]
[ 0.85  0.42  1.00  0.53  0.93  0.68  0.14  0.26  0.98  0.84  0.91  0.88 ]
[ 0.86  0.86  0.26  0.08  0.08  0.27  0.76  0.49  0.58  0.65  0.05  0.74 ]
[ 0.92  0.28  0.92  0.56  0.81  0.55  0.67  0.60  0.92  0.93  0.99  0.08 ]
[ 0.03  0.05  0.05  0.04  0.45  0.10  0.75  0.03  0.82  0.09  0.21  0.62 ]
[ 0.82  0.91  0.04  0.82  0.58  0.06  0.14  0.39  0.90  0.17  0.89  0.91 ]
[ 0.82  0.13  0.05  0.04  0.94  0.86  0.09  0.05  0.98  0.08  0.29  0.58 ]
[ 0.33  0.98  0.98  0.62  0.84  0.98  0.96  0.97  0.99  0.88  1.00  0.96 ]
[ 0.99  1.00  0.96  0.99  0.99  0.97  0.97  1.00  0.71  0.98  0.99  0.98 ]
[ 1.00  1.00  1.00  0.99  1.00  1.00  0.99  0.98  1.00  1.00  0.99  0.51 ]

01/29 03:24:05 AM | === Batch 13/100
01/29 03:24:05 AM | loss = 0.757 + 0.368 + 0.051 = 1.176
01/29 03:24:05 AM | attribution_score[0:12]: 
[ 1.00  0.98  0.60  0.03  0.16  0.18  0.06  0.04  0.03  0.28  0.06  0.98 ]
[ 0.98  0.16  0.96  0.04  0.91  0.41  0.94  0.03  0.87  0.99  0.96  0.76 ]
[ 1.00  0.97  0.11  0.98  0.04  0.99  0.94  0.91  0.07  0.17  0.12  1.00 ]
[ 0.24  0.84  0.98  0.90  0.77  0.95  0.84  0.98  0.62  0.85  0.87  0.94 ]
[ 0.86  0.47  1.00  0.55  0.93  0.69  0.13  0.26  0.98  0.86  0.92  0.90 ]
[ 0.88  0.88  0.28  0.07  0.07  0.28  0.76  0.51  0.66  0.66  0.04  0.78 ]
[ 0.92  0.29  0.92  0.64  0.84  0.56  0.68  0.57  0.93  0.93  0.99  0.07 ]
[ 0.03  0.04  0.04  0.03  0.43  0.10  0.77  0.03  0.86  0.09  0.23  0.66 ]
[ 0.86  0.94  0.04  0.85  0.62  0.06  0.14  0.40  0.90  0.15  0.91  0.92 ]
[ 0.85  0.11  0.05  0.03  0.95  0.87  0.08  0.04  0.98  0.07  0.29  0.61 ]
[ 0.31  0.98  0.98  0.65  0.85  0.98  0.97  0.98  0.99  0.88  1.00  0.96 ]
[ 0.99  1.00  0.96  0.99  0.99  0.98  0.97  1.00  0.71  0.98  1.00  0.99 ]
[ 1.00  1.00  1.00  0.99  1.00  1.00  0.99  0.99  1.00  1.00  1.00  0.51 ]

01/29 03:24:05 AM | === Batch 14/100
01/29 03:24:06 AM | loss = 0.518 + 0.442 + 0.048 = 1.008
01/29 03:24:06 AM | attribution_score[0:12]: 
[ 1.00  0.98  0.59  0.02  0.15  0.20  0.06  0.04  0.03  0.29  0.06  0.98 ]
[ 0.98  0.16  0.96  0.03  0.91  0.45  0.94  0.03  0.89  0.99  0.97  0.78 ]
[ 1.00  0.97  0.10  0.99  0.03  0.99  0.95  0.92  0.06  0.16  0.11  1.00 ]
[ 0.25  0.86  0.99  0.90  0.83  0.95  0.85  0.98  0.62  0.85  0.90  0.95 ]
[ 0.85  0.54  1.00  0.55  0.92  0.69  0.12  0.24  0.99  0.86  0.93  0.92 ]
[ 0.90  0.89  0.31  0.06  0.06  0.28  0.76  0.49  0.71  0.65  0.04  0.81 ]
[ 0.92  0.30  0.90  0.70  0.87  0.53  0.68  0.56  0.94  0.94  0.99  0.06 ]
[ 0.02  0.04  0.03  0.03  0.39  0.09  0.79  0.02  0.89  0.08  0.24  0.69 ]
[ 0.87  0.95  0.03  0.87  0.65  0.05  0.13  0.42  0.90  0.13  0.93  0.93 ]
[ 0.87  0.09  0.04  0.03  0.95  0.86  0.07  0.04  0.99  0.06  0.27  0.62 ]
[ 0.29  0.98  0.98  0.69  0.87  0.99  0.97  0.98  0.99  0.89  1.00  0.97 ]
[ 1.00  1.00  0.96  0.99  0.99  0.98  0.97  1.00  0.71  0.99  1.00  0.99 ]
[ 1.00  1.00  1.00  0.99  1.00  1.00  0.99  0.99  1.00  1.00  1.00  0.47 ]

01/29 03:24:06 AM | === Batch 15/100
01/29 03:24:06 AM | loss = 0.354 + 0.475 + 0.046 = 0.875
01/29 03:24:06 AM | attribution_score[0:12]: 
[ 1.00  0.98  0.58  0.02  0.14  0.21  0.05  0.03  0.02  0.31  0.05  0.99 ]
[ 0.99  0.16  0.97  0.03  0.91  0.49  0.95  0.02  0.90  0.99  0.97  0.78 ]
[ 1.00  0.97  0.09  0.99  0.03  0.99  0.95  0.93  0.06  0.14  0.10  1.00 ]
[ 0.24  0.86  0.99  0.90  0.87  0.95  0.86  0.99  0.62  0.85  0.92  0.95 ]
[ 0.85  0.58  1.00  0.55  0.89  0.68  0.12  0.21  0.99  0.87  0.93  0.93 ]
[ 0.91  0.89  0.32  0.05  0.05  0.27  0.77  0.44  0.76  0.64  0.03  0.83 ]
[ 0.92  0.32  0.88  0.71  0.89  0.49  0.68  0.53  0.95  0.93  0.99  0.05 ]
[ 0.02  0.04  0.03  0.02  0.35  0.08  0.80  0.02  0.91  0.07  0.23  0.72 ]
[ 0.88  0.97  0.03  0.89  0.67  0.04  0.12  0.41  0.90  0.11  0.94  0.94 ]
[ 0.89  0.07  0.03  0.03  0.96  0.85  0.06  0.03  0.99  0.05  0.26  0.61 ]
[ 0.25  0.98  0.99  0.73  0.88  0.99  0.97  0.99  0.99  0.90  1.00  0.97 ]
[ 1.00  1.00  0.96  0.99  0.99  0.98  0.98  1.00  0.70  0.99  1.00  0.99 ]
[ 1.00  1.00  1.00  1.00  1.00  1.00  0.99  0.99  1.00  1.00  1.00  0.41 ]

01/29 03:24:06 AM | === Batch 16/100
01/29 03:24:06 AM | loss = 0.507 + 0.472 + 0.044 = 1.023
01/29 03:24:07 AM | attribution_score[0:12]: 
[ 1.00  0.98  0.56  0.02  0.13  0.21  0.05  0.03  0.02  0.32  0.04  0.99 ]
[ 0.99  0.15  0.97  0.02  0.91  0.52  0.95  0.02  0.92  0.99  0.98  0.79 ]
[ 1.00  0.98  0.08  0.99  0.02  0.99  0.96  0.94  0.05  0.12  0.08  1.00 ]
[ 0.22  0.87  0.99  0.90  0.90  0.95  0.86  0.99  0.62  0.85  0.93  0.95 ]
[ 0.84  0.59  1.00  0.55  0.87  0.67  0.12  0.18  0.99  0.87  0.94  0.94 ]
[ 0.92  0.89  0.32  0.05  0.04  0.26  0.78  0.38  0.80  0.62  0.03  0.84 ]
[ 0.92  0.35  0.85  0.74  0.90  0.46  0.65  0.47  0.95  0.93  0.99  0.05 ]
[ 0.02  0.04  0.02  0.02  0.31  0.07  0.80  0.01  0.92  0.06  0.22  0.76 ]
[ 0.89  0.97  0.03  0.90  0.69  0.04  0.10  0.40  0.89  0.10  0.96  0.94 ]
[ 0.90  0.06  0.03  0.02  0.96  0.84  0.05  0.03  0.99  0.05  0.24  0.60 ]
[ 0.22  0.99  0.99  0.75  0.89  0.99  0.98  0.99  0.99  0.90  1.00  0.97 ]
[ 1.00  1.00  0.97  0.99  0.99  0.98  0.98  1.00  0.68  0.99  1.00  0.99 ]
[ 1.00  1.00  1.00  1.00  1.00  1.00  0.99  0.99  1.00  1.00  1.00  0.35 ]

01/29 03:24:07 AM | === Batch 17/100
01/29 03:24:07 AM | loss = 0.509 + 0.445 + 0.042 = 0.996
01/29 03:24:07 AM | attribution_score[0:12]: 
[ 1.00  0.98  0.54  0.01  0.11  0.21  0.04  0.02  0.02  0.32  0.04  0.99 ]
[ 0.99  0.14  0.97  0.02  0.91  0.50  0.96  0.02  0.93  0.99  0.98  0.78 ]
[ 1.00  0.98  0.07  0.99  0.02  0.99  0.96  0.94  0.04  0.10  0.07  1.00 ]
[ 0.21  0.86  0.99  0.90  0.91  0.95  0.85  0.99  0.60  0.84  0.94  0.95 ]
[ 0.83  0.60  1.00  0.57  0.84  0.64  0.11  0.16  0.99  0.87  0.94  0.95 ]
[ 0.92  0.89  0.31  0.04  0.04  0.25  0.77  0.31  0.82  0.60  0.02  0.85 ]
[ 0.91  0.38  0.81  0.75  0.91  0.42  0.60  0.42  0.95  0.93  0.99  0.04 ]
[ 0.01  0.04  0.02  0.01  0.26  0.07  0.80  0.01  0.94  0.06  0.23  0.77 ]
[ 0.89  0.98  0.02  0.91  0.71  0.03  0.09  0.40  0.88  0.08  0.96  0.94 ]
[ 0.91  0.05  0.03  0.02  0.96  0.82  0.04  0.02  0.99  0.04  0.22  0.58 ]
[ 0.19  0.99  0.99  0.76  0.90  0.99  0.98  0.99  0.99  0.90  1.00  0.97 ]
[ 1.00  1.00  0.97  1.00  0.99  0.99  0.98  1.00  0.66  0.99  1.00  0.99 ]
[ 1.00  1.00  1.00  1.00  1.00  1.00  0.99  0.99  1.00  1.00  1.00  0.28 ]

01/29 03:24:07 AM | === Batch 18/100
01/29 03:24:07 AM | loss = 0.553 + 0.398 + 0.040 = 0.992
01/29 03:24:08 AM | attribution_score[0:12]: 
[ 1.00  0.98  0.51  0.01  0.10  0.22  0.04  0.02  0.01  0.29  0.03  0.99 ]
[ 0.99  0.14  0.98  0.02  0.90  0.51  0.95  0.01  0.94  0.99  0.98  0.75 ]
[ 1.00  0.98  0.06  0.99  0.02  0.99  0.96  0.94  0.04  0.08  0.06  1.00 ]
[ 0.20  0.86  0.99  0.89  0.93  0.96  0.83  0.99  0.57  0.83  0.95  0.95 ]
[ 0.81  0.61  1.00  0.62  0.84  0.58  0.11  0.14  0.99  0.87  0.94  0.95 ]
[ 0.93  0.88  0.28  0.04  0.03  0.24  0.75  0.27  0.83  0.62  0.02  0.85 ]
[ 0.91  0.36  0.76  0.75  0.92  0.40  0.53  0.38  0.95  0.93  0.99  0.04 ]
[ 0.01  0.03  0.02  0.01  0.21  0.07  0.81  0.01  0.95  0.05  0.22  0.76 ]
[ 0.90  0.98  0.02  0.91  0.72  0.03  0.07  0.41  0.88  0.07  0.97  0.94 ]
[ 0.91  0.04  0.02  0.02  0.97  0.81  0.03  0.02  0.99  0.03  0.21  0.55 ]
[ 0.16  0.99  0.99  0.76  0.90  0.99  0.98  0.99  0.99  0.90  1.00  0.98 ]
[ 1.00  1.00  0.97  1.00  1.00  0.99  0.98  1.00  0.64  0.99  1.00  0.99 ]
[ 1.00  1.00  1.00  1.00  1.00  1.00  0.99  0.99  1.00  1.00  1.00  0.22 ]

01/29 03:24:08 AM | === Batch 19/100
01/29 03:24:08 AM | loss = 0.487 + 0.344 + 0.039 = 0.869
01/29 03:24:08 AM | attribution_score[0:12]: 
[ 1.00  0.99  0.45  0.01  0.08  0.22  0.03  0.02  0.01  0.25  0.03  0.99 ]
[ 0.99  0.13  0.98  0.01  0.90  0.51  0.95  0.01  0.95  0.99  0.98  0.72 ]
[ 1.00  0.98  0.05  0.99  0.01  0.99  0.96  0.94  0.03  0.07  0.06  1.00 ]
[ 0.18  0.85  0.99  0.88  0.94  0.96  0.79  0.99  0.52  0.80  0.96  0.95 ]
[ 0.80  0.63  1.00  0.67  0.84  0.52  0.11  0.11  0.99  0.87  0.94  0.96 ]
[ 0.93  0.88  0.26  0.03  0.03  0.23  0.73  0.22  0.83  0.63  0.02  0.85 ]
[ 0.90  0.34  0.69  0.73  0.92  0.40  0.46  0.35  0.95  0.93  0.99  0.03 ]
[ 0.01  0.03  0.01  0.01  0.17  0.07  0.81  0.01  0.95  0.05  0.21  0.74 ]
[ 0.90  0.99  0.02  0.92  0.74  0.02  0.06  0.40  0.87  0.06  0.97  0.94 ]
[ 0.92  0.03  0.02  0.01  0.97  0.79  0.03  0.02  0.99  0.03  0.19  0.52 ]
[ 0.13  0.99  0.99  0.75  0.90  0.99  0.98  0.99  1.00  0.90  1.00  0.98 ]
[ 1.00  1.00  0.97  1.00  1.00  0.99  0.98  1.00  0.61  0.99  1.00  0.99 ]
[ 1.00  1.00  1.00  1.00  1.00  1.00  0.99  0.99  1.00  1.00  1.00  0.17 ]

01/29 03:24:08 AM | === Batch 20/100
01/29 03:24:08 AM | loss = 0.544 + 0.280 + 0.037 = 0.861
01/29 03:24:08 AM | === Batch 21/100
01/29 03:24:09 AM | loss = 0.612 + 0.214 + 0.036 = 0.862
01/29 03:24:09 AM | === Batch 22/100
01/29 03:24:09 AM | loss = 0.533 + 0.148 + 0.034 = 0.715
01/29 03:24:09 AM | === Batch 23/100
01/29 03:24:10 AM | loss = 0.693 + 0.081 + 0.033 = 0.808
01/29 03:24:10 AM | === Batch 24/100
01/29 03:24:10 AM | loss = 0.758 + 0.022 + 0.032 = 0.812
01/29 03:24:10 AM | === Batch 25/100
01/29 03:24:10 AM | loss = 0.553 + 0.071 + 0.031 = 0.655
01/29 03:24:11 AM | === Batch 26/100
01/29 03:24:11 AM | loss = 0.551 + 0.074 + 0.030 = 0.655
01/29 03:24:11 AM | === Batch 27/100
01/29 03:24:11 AM | loss = 0.556 + 0.003 + 0.029 = 0.588
01/29 03:24:12 AM | === Batch 28/100
01/29 03:24:12 AM | loss = 0.542 + 0.031 + 0.028 = 0.601
01/29 03:24:12 AM | === Batch 29/100
01/29 03:24:12 AM | loss = 0.560 + 0.043 + 0.027 = 0.631
01/29 03:24:12 AM | === Batch 30/100
01/29 03:24:13 AM | loss = 0.533 + 0.042 + 0.026 = 0.601
01/29 03:24:13 AM | === Batch 31/100
01/29 03:24:13 AM | loss = 0.567 + 0.031 + 0.026 = 0.623
01/29 03:24:13 AM | === Batch 32/100
01/29 03:24:14 AM | loss = 0.466 + 0.009 + 0.025 = 0.500
01/29 03:24:14 AM | === Batch 33/100
01/29 03:24:14 AM | loss = 0.665 + 0.037 + 0.025 = 0.726
01/29 03:24:14 AM | === Batch 34/100
01/29 03:24:14 AM | loss = 0.504 + 0.027 + 0.024 = 0.555
01/29 03:24:15 AM | === Batch 35/100
01/29 03:24:15 AM | loss = 0.517 + 0.021 + 0.024 = 0.562
01/29 03:24:15 AM | === Batch 36/100
01/29 03:24:15 AM | loss = 0.646 + 0.045 + 0.023 = 0.715
01/29 03:24:15 AM | === Batch 37/100
01/29 03:24:16 AM | loss = 0.462 + 0.059 + 0.023 = 0.545
01/29 03:24:16 AM | === Batch 38/100
01/29 03:24:16 AM | loss = 0.317 + 0.063 + 0.023 = 0.402
01/29 03:24:16 AM | === Batch 39/100
01/29 03:24:16 AM | loss = 0.473 + 0.054 + 0.022 = 0.549
01/29 03:24:17 AM | === Batch 40/100
01/29 03:24:17 AM | loss = 0.524 + 0.034 + 0.022 = 0.580
01/29 03:24:17 AM | === Batch 41/100
01/29 03:24:17 AM | loss = 0.464 + 0.008 + 0.022 = 0.494
01/29 03:24:18 AM | === Batch 42/100
01/29 03:24:18 AM | loss = 0.407 + 0.047 + 0.022 = 0.476
01/29 03:24:18 AM | === Batch 43/100
01/29 03:24:18 AM | loss = 0.639 + 0.044 + 0.021 = 0.704
01/29 03:24:18 AM | === Batch 44/100
01/29 03:24:19 AM | loss = 0.449 + 0.005 + 0.021 = 0.475
01/29 03:24:19 AM | === Batch 45/100
01/29 03:24:19 AM | loss = 0.470 + 0.021 + 0.021 = 0.511
01/29 03:24:19 AM | === Batch 46/100
01/29 03:24:20 AM | loss = 0.407 + 0.028 + 0.020 = 0.456
01/29 03:24:20 AM | === Batch 47/100
01/29 03:24:20 AM | loss = 0.488 + 0.026 + 0.020 = 0.534
01/29 03:24:20 AM | === Batch 48/100
01/29 03:24:20 AM | loss = 0.662 + 0.015 + 0.020 = 0.697
01/29 03:24:21 AM | === Batch 49/100
01/29 03:24:21 AM | loss = 0.558 + 0.003 + 0.020 = 0.581
01/29 03:24:21 AM | === Batch 50/100
01/29 03:24:21 AM | loss = 0.528 + 0.013 + 0.020 = 0.561
01/29 03:24:22 AM | === Batch 51/100
01/29 03:24:22 AM | loss = 0.344 + 0.018 + 0.019 = 0.382
01/29 03:24:22 AM | === Batch 52/100
01/29 03:24:22 AM | loss = 0.318 + 0.017 + 0.019 = 0.354
01/29 03:24:22 AM | === Batch 53/100
01/29 03:24:23 AM | loss = 0.393 + 0.007 + 0.019 = 0.419
01/29 03:24:23 AM | === Batch 54/100
01/29 03:24:23 AM | loss = 0.362 + 0.013 + 0.018 = 0.393
01/29 03:24:23 AM | === Batch 55/100
01/29 03:24:23 AM | loss = 0.310 + 0.008 + 0.018 = 0.336
01/29 03:24:24 AM | === Batch 56/100
01/29 03:24:24 AM | loss = 0.437 + 0.013 + 0.018 = 0.468
01/29 03:24:24 AM | === Batch 57/100
01/29 03:24:24 AM | loss = 0.514 + 0.011 + 0.018 = 0.544
01/29 03:24:25 AM | === Batch 58/100
01/29 03:24:25 AM | loss = 0.549 + 0.004 + 0.018 = 0.571
01/29 03:24:25 AM | === Batch 59/100
01/29 03:24:25 AM | loss = 0.471 + 0.019 + 0.018 = 0.508
01/29 03:24:25 AM | === Batch 60/100
01/29 03:24:26 AM | loss = 0.655 + 0.001 + 0.017 = 0.673
01/29 03:24:26 AM | === Batch 61/100
01/29 03:24:26 AM | loss = 0.609 + 0.006 + 0.017 = 0.632
01/29 03:24:26 AM | === Batch 62/100
01/29 03:24:27 AM | loss = 0.417 + 0.005 + 0.017 = 0.438
01/29 03:24:27 AM | === Batch 63/100
01/29 03:24:27 AM | loss = 0.482 + 0.005 + 0.017 = 0.504
01/29 03:24:27 AM | === Batch 64/100
01/29 03:24:27 AM | loss = 0.431 + 0.015 + 0.017 = 0.462
01/29 03:24:28 AM | === Batch 65/100
01/29 03:24:28 AM | loss = 0.290 + 0.024 + 0.016 = 0.331
01/29 03:24:28 AM | === Batch 66/100
01/29 03:24:28 AM | loss = 0.348 + 0.025 + 0.016 = 0.389
01/29 03:24:28 AM | === Batch 67/100
01/29 03:24:29 AM | loss = 0.483 + 0.019 + 0.016 = 0.518
01/29 03:24:29 AM | === Batch 68/100
01/29 03:24:29 AM | loss = 0.600 + 0.008 + 0.016 = 0.623
01/29 03:24:29 AM | === Batch 69/100
01/29 03:24:30 AM | loss = 0.514 + 0.013 + 0.016 = 0.543
01/29 03:24:30 AM | === Batch 70/100
01/29 03:24:30 AM | loss = 0.333 + 0.004 + 0.016 = 0.353
01/29 03:24:30 AM | === Batch 71/100
01/29 03:24:30 AM | loss = 0.468 + 0.006 + 0.015 = 0.489
01/29 03:24:31 AM | === Batch 72/100
01/29 03:24:31 AM | loss = 0.474 + 0.002 + 0.015 = 0.491
01/29 03:24:31 AM | === Batch 73/100
01/29 03:24:31 AM | loss = 0.608 + 0.015 + 0.015 = 0.638
01/29 03:24:31 AM | === Batch 74/100
01/29 03:24:32 AM | loss = 0.346 + 0.006 + 0.015 = 0.367
01/29 03:24:32 AM | === Batch 75/100
01/29 03:24:32 AM | loss = 0.511 + 0.012 + 0.015 = 0.538
01/29 03:24:32 AM | === Batch 76/100
01/29 03:24:32 AM | loss = 0.441 + 0.011 + 0.015 = 0.467
01/29 03:24:33 AM | === Batch 77/100
01/29 03:24:33 AM | loss = 0.292 + 0.004 + 0.015 = 0.310
01/29 03:24:33 AM | === Batch 78/100
01/29 03:24:33 AM | loss = 0.387 + 0.017 + 0.015 = 0.419
01/29 03:24:34 AM | === Batch 79/100
01/29 03:24:34 AM | loss = 0.414 + 0.003 + 0.015 = 0.432
01/29 03:24:34 AM | === Batch 80/100
01/29 03:24:34 AM | loss = 0.452 + 0.008 + 0.015 = 0.475
01/29 03:24:34 AM | === Batch 81/100
01/29 03:24:35 AM | loss = 0.298 + 0.004 + 0.015 = 0.317
01/29 03:24:35 AM | === Batch 82/100
01/29 03:24:35 AM | loss = 0.466 + 0.014 + 0.015 = 0.495
01/29 03:24:35 AM | === Batch 83/100
01/29 03:24:35 AM | loss = 0.497 + 0.008 + 0.014 = 0.519
01/29 03:24:36 AM | === Batch 84/100
01/29 03:24:36 AM | loss = 0.420 + 0.013 + 0.014 = 0.447
01/29 03:24:36 AM | === Batch 85/100
01/29 03:24:36 AM | loss = 0.417 + 0.011 + 0.014 = 0.442
01/29 03:24:36 AM | === Batch 86/100
01/29 03:24:37 AM | loss = 0.620 + 0.005 + 0.014 = 0.639
01/29 03:24:37 AM | === Batch 87/100
01/29 03:24:37 AM | loss = 0.510 + 0.013 + 0.014 = 0.537
01/29 03:24:37 AM | === Batch 88/100
01/29 03:24:38 AM | loss = 0.443 + 0.006 + 0.014 = 0.463
01/29 03:24:38 AM | === Batch 89/100
01/29 03:24:38 AM | loss = 0.433 + 0.011 + 0.014 = 0.458
01/29 03:24:38 AM | === Batch 90/100
01/29 03:24:38 AM | loss = 0.491 + 0.009 + 0.014 = 0.515
01/29 03:24:39 AM | === Batch 91/100
01/29 03:24:39 AM | loss = 0.519 + 0.001 + 0.014 = 0.534
01/29 03:24:39 AM | === Batch 92/100
01/29 03:24:39 AM | loss = 0.262 + 0.027 + 0.014 = 0.303
01/29 03:24:39 AM | === Batch 93/100
01/29 03:24:40 AM | loss = 0.469 + 0.014 + 0.014 = 0.497
01/29 03:24:40 AM | === Batch 94/100
01/29 03:24:40 AM | loss = 0.439 + 0.021 + 0.014 = 0.474
01/29 03:24:40 AM | === Batch 95/100
01/29 03:24:40 AM | loss = 0.476 + 0.040 + 0.014 = 0.529
01/29 03:24:41 AM | === Batch 96/100
01/29 03:24:41 AM | loss = 0.330 + 0.048 + 0.014 = 0.392
01/29 03:24:41 AM | === Batch 97/100
01/29 03:24:41 AM | loss = 0.420 + 0.048 + 0.014 = 0.481
01/29 03:24:41 AM | === Batch 98/100
01/29 03:24:42 AM | loss = 0.453 + 0.041 + 0.014 = 0.508
01/29 03:24:42 AM | === Batch 99/100
01/29 03:24:42 AM | loss = 0.527 + 0.028 + 0.013 = 0.569
01/29 03:24:42 AM | === Batch 100/100
01/29 03:24:43 AM | loss = 0.443 + 0.012 + 0.013 = 0.469
01/29 03:24:43 AM | attribution_score[0:12]: 
[ 1.00  0.99  0.06  0.00  0.00  0.82  0.00  0.00  0.00  0.96  0.00  1.00 ]
[ 1.00  0.01  0.99  0.00  0.98  0.95  0.99  0.00  0.99  1.00  0.99  0.42 ]
[ 1.00  0.89  0.00  0.99  0.00  1.00  0.78  0.88  0.00  0.00  0.00  1.00 ]
[ 0.06  0.08  1.00  0.99  0.26  0.99  0.97  0.99  0.07  0.42  0.99  0.63 ]
[ 0.91  0.96  1.00  0.99  0.99  0.97  0.01  0.02  1.00  0.99  0.97  0.99 ]
[ 0.99  0.99  0.01  0.00  0.01  0.04  0.91  0.02  0.91  0.07  0.00  0.99 ]
[ 0.95  0.07  0.02  0.97  1.00  0.06  0.02  0.03  1.00  0.97  1.00  0.04 ]
[ 0.00  0.01  0.00  0.00  0.01  0.99  1.00  0.00  0.99  0.01  0.02  0.32 ]
[ 0.98  1.00  0.00  0.98  0.93  0.00  0.00  0.04  0.98  0.02  1.00  0.99 ]
[ 0.95  0.00  0.00  0.00  1.00  0.92  0.00  0.00  1.00  0.00  0.06  0.15 ]
[ 0.01  1.00  1.00  0.02  0.89  1.00  0.99  1.00  1.00  0.96  1.00  0.99 ]
[ 1.00  1.00  0.99  1.00  1.00  1.00  1.00  1.00  0.02  1.00  1.00  1.00 ]
[ 1.00  1.00  1.00  1.00  1.00  1.00  1.00  1.00  1.00  1.00  1.00  0.00 ]

01/29 03:24:43 AM | ===
Best loss was 0.30 at iteration 92

01/29 03:24:43 AM | Looking for optimal threshold...
01/29 03:24:43 AM | Testing threshold 0.5
01/29 03:24:43 AM | Distance to target: 1,612,600
01/29 03:24:43 AM | Testing threshold 0.75
01/29 03:24:43 AM | Distance to target: 7,762,344
01/29 03:24:43 AM | Testing threshold 0.625
01/29 03:24:43 AM | Distance to target: 1,826,224
01/29 03:24:43 AM | Testing threshold 0.5625
01/29 03:24:43 AM | Distance to target: 235,616
01/29 03:24:43 AM | Testing threshold 0.53125
01/29 03:24:43 AM | Distance to target: 671,608
01/29 03:24:43 AM | Testing threshold 0.546875
01/29 03:24:43 AM | Distance to target: 98,976
01/29 03:24:43 AM | Testing threshold 0.5546875
01/29 03:24:43 AM | Distance to target: 235,616
01/29 03:24:43 AM | Testing threshold 0.55078125
01/29 03:24:43 AM | Distance to target: 235,616
01/29 03:24:43 AM | Testing threshold 0.548828125
01/29 03:24:43 AM | Distance to target: 98,976
01/29 03:24:43 AM | Testing threshold 0.5498046875
01/29 03:24:43 AM | Distance to target: 235,616
01/29 03:24:43 AM | Testing threshold 0.54931640625
01/29 03:24:43 AM | Distance to target: 98,976
01/29 03:24:43 AM | Testing threshold 0.549560546875
01/29 03:24:43 AM | Distance to target: 235,616
01/29 03:24:43 AM | Testing threshold 0.5494384765625
01/29 03:24:43 AM | Distance to target: 235,616
01/29 03:24:43 AM | Testing threshold 0.54937744140625
01/29 03:24:43 AM | Distance to target: 98,976
01/29 03:24:43 AM | Testing threshold 0.549407958984375
01/29 03:24:43 AM | Distance to target: 235,616
01/29 03:24:43 AM | Testing threshold 0.5493927001953125
01/29 03:24:43 AM | Distance to target: 235,616
01/29 03:24:43 AM | Testing threshold 0.5493850708007812
01/29 03:24:43 AM | Distance to target: 235,616
01/29 03:24:43 AM | Testing threshold 0.5493812561035156
01/29 03:24:43 AM | Distance to target: 98,976
01/29 03:24:43 AM | Testing threshold 0.5493831634521484
01/29 03:24:43 AM | Distance to target: 98,976
01/29 03:24:43 AM | Testing threshold 0.5493841171264648
01/29 03:24:43 AM | Distance to target: 235,616
01/29 03:24:43 AM | Testing threshold 0.5493836402893066
01/29 03:24:43 AM | Distance to target: 98,976
01/29 03:24:43 AM | Testing threshold 0.5493838787078857
01/29 03:24:43 AM | Distance to target: 98,976
01/29 03:24:43 AM | Testing threshold 0.5493839979171753
01/29 03:24:43 AM | Distance to target: 235,616
01/29 03:24:43 AM | Testing threshold 0.5493839383125305
01/29 03:24:43 AM | Distance to target: 98,976
01/29 03:24:43 AM | Testing threshold 0.5493839681148529
01/29 03:24:43 AM | Distance to target: 98,976
01/29 03:24:43 AM | Testing threshold 0.5493839830160141
01/29 03:24:43 AM | Distance to target: 98,976
01/29 03:24:43 AM | Testing threshold 0.5493839904665947
01/29 03:24:43 AM | Distance to target: 98,976
01/29 03:24:43 AM | Testing threshold 0.549383994191885
01/29 03:24:43 AM | Distance to target: 98,976
01/29 03:24:43 AM | Testing threshold 0.5493839960545301
01/29 03:24:43 AM | Distance to target: 98,976
01/29 03:24:43 AM | Testing threshold 0.5493839969858527
01/29 03:24:43 AM | Distance to target: 98,976
01/29 03:24:43 AM | Testing threshold 0.549383997451514
01/29 03:24:43 AM | Distance to target: 98,976
01/29 03:24:43 AM | Testing threshold 0.5493839976843446
01/29 03:24:43 AM | Distance to target: 98,976
01/29 03:24:43 AM | Testing threshold 0.54938399780076
01/29 03:24:43 AM | Distance to target: 98,976
01/29 03:24:43 AM | Testing threshold 0.5493839978589676
01/29 03:24:43 AM | Distance to target: 98,976
01/29 03:24:43 AM | Testing threshold 0.5493839978880715
01/29 03:24:43 AM | Distance to target: 98,976
01/29 03:24:43 AM | Testing threshold 0.5493839979026234
01/29 03:24:43 AM | Distance to target: 98,976
01/29 03:24:43 AM | Testing threshold 0.5493839979098993
01/29 03:24:43 AM | Distance to target: 98,976
01/29 03:24:43 AM | Testing threshold 0.5493839979135373
01/29 03:24:43 AM | Distance to target: 98,976
01/29 03:24:43 AM | Testing threshold 0.5493839979153563
01/29 03:24:43 AM | Distance to target: 98,976
01/29 03:24:43 AM | Testing threshold 0.5493839979162658
01/29 03:24:43 AM | Distance to target: 98,976
01/29 03:24:43 AM | Testing threshold 0.5493839979167205
01/29 03:24:43 AM | Distance to target: 98,976
01/29 03:24:43 AM | Testing threshold 0.5493839979169479
01/29 03:24:43 AM | Distance to target: 98,976
01/29 03:24:43 AM | Testing threshold 0.5493839979170616
01/29 03:24:43 AM | Distance to target: 98,976
01/29 03:24:43 AM | Testing threshold 0.5493839979171184
01/29 03:24:43 AM | Distance to target: 98,976
01/29 03:24:43 AM | Testing threshold 0.5493839979171469
01/29 03:24:43 AM | Distance to target: 98,976
01/29 03:24:43 AM | Testing threshold 0.5493839979171611
01/29 03:24:43 AM | Distance to target: 98,976
01/29 03:24:43 AM | Testing threshold 0.5493839979171682
01/29 03:24:43 AM | Distance to target: 98,976
01/29 03:24:43 AM | Testing threshold 0.5493839979171717
01/29 03:24:43 AM | Distance to target: 98,976
01/29 03:24:43 AM | Testing threshold 0.5493839979171735
01/29 03:24:43 AM | Distance to target: 98,976
01/29 03:24:43 AM | Testing threshold 0.5493839979171744
01/29 03:24:43 AM | Distance to target: 98,976
01/29 03:24:45 AM | attribution_score[0:12]: 
[ 1.00  1.00  0.00  0.00  0.00  1.00  0.00  0.00  0.00  1.00  0.00  1.00 ]
[ 1.00  0.00  1.00  0.00  1.00  1.00  1.00  0.00  1.00  1.00  1.00  0.00 ]
[ 1.00  1.00  0.00  1.00  0.00  1.00  1.00  1.00  0.00  0.00  0.00  1.00 ]
[ 0.00  0.00  1.00  1.00  0.00  1.00  1.00  1.00  0.00  0.00  1.00  1.00 ]
[ 1.00  1.00  1.00  1.00  1.00  1.00  0.00  0.00  1.00  1.00  1.00  1.00 ]
[ 1.00  1.00  0.00  0.00  0.00  0.00  1.00  0.00  1.00  0.00  0.00  1.00 ]
[ 1.00  0.00  0.00  1.00  1.00  0.00  0.00  0.00  1.00  1.00  1.00  0.00 ]
[ 0.00  0.00  0.00  0.00  0.00  1.00  1.00  0.00  1.00  0.00  0.00  0.00 ]
[ 1.00  1.00  0.00  1.00  1.00  0.00  0.00  0.00  1.00  0.00  1.00  1.00 ]
[ 1.00  0.00  0.00  0.00  1.00  1.00  0.00  0.00  1.00  0.00  0.00  0.00 ]
[ 0.00  1.00  1.00  0.00  1.00  1.00  1.00  1.00  1.00  1.00  1.00  1.00 ]
[ 1.00  1.00  1.00  1.00  1.00  1.00  1.00  1.00  0.00  1.00  1.00  1.00 ]
[ 1.00  1.00  1.00  1.00  1.00  1.00  1.00  1.00  1.00  1.00  1.00  0.00 ]

01/29 03:24:45 AM | VGG(
  (features): Sequential(
    (conv0): Conv2d(3, 26, kernel_size=(3, 3), stride=(1, 1), padding=(1, 1))
    (norm0): BatchNorm2d(26, eps=1e-05, momentum=0.1, affine=True, track_running_stats=True)
    (relu0): ReLU(inplace=True)
    (conv1): Conv2d(26, 48, kernel_size=(3, 3), stride=(1, 1), padding=(1, 1))
    (norm1): BatchNorm2d(48, eps=1e-05, momentum=0.1, affine=True, track_running_stats=True)
    (relu1): ReLU(inplace=True)
    (pool2): MaxPool2d(kernel_size=2, stride=2, padding=0, dilation=1, ceil_mode=False)
    (conv3): Conv2d(48, 78, kernel_size=(3, 3), stride=(1, 1), padding=(1, 1))
    (norm3): BatchNorm2d(78, eps=1e-05, momentum=0.1, affine=True, track_running_stats=True)
    (relu3): ReLU(inplace=True)
    (conv4): Conv2d(78, 97, kernel_size=(3, 3), stride=(1, 1), padding=(1, 1))
    (norm4): BatchNorm2d(97, eps=1e-05, momentum=0.1, affine=True, track_running_stats=True)
    (relu4): ReLU(inplace=True)
    (pool5): MaxPool2d(kernel_size=2, stride=2, padding=0, dilation=1, ceil_mode=False)
    (conv6): Conv2d(97, 154, kernel_size=(3, 3), stride=(1, 1), padding=(1, 1))
    (norm6): BatchNorm2d(154, eps=1e-05, momentum=0.1, affine=True, track_running_stats=True)
    (relu6): ReLU(inplace=True)
    (conv7): Conv2d(154, 137, kernel_size=(3, 3), stride=(1, 1), padding=(1, 1))
    (norm7): BatchNorm2d(137, eps=1e-05, momentum=0.1, affine=True, track_running_stats=True)
    (relu7): ReLU(inplace=True)
    (conv8): Conv2d(137, 157, kernel_size=(3, 3), stride=(1, 1), padding=(1, 1))
    (norm8): BatchNorm2d(157, eps=1e-05, momentum=0.1, affine=True, track_running_stats=True)
    (relu8): ReLU(inplace=True)
    (pool9): MaxPool2d(kernel_size=2, stride=2, padding=0, dilation=1, ceil_mode=False)
    (conv10): Conv2d(157, 226, kernel_size=(3, 3), stride=(1, 1), padding=(1, 1))
    (norm10): BatchNorm2d(226, eps=1e-05, momentum=0.1, affine=True, track_running_stats=True)
    (relu10): ReLU(inplace=True)
    (conv11): Conv2d(226, 178, kernel_size=(3, 3), stride=(1, 1), padding=(1, 1))
    (norm11): BatchNorm2d(178, eps=1e-05, momentum=0.1, affine=True, track_running_stats=True)
    (relu11): ReLU(inplace=True)
    (conv12): Conv2d(178, 253, kernel_size=(3, 3), stride=(1, 1), padding=(1, 1))
    (norm12): BatchNorm2d(253, eps=1e-05, momentum=0.1, affine=True, track_running_stats=True)
    (relu12): ReLU(inplace=True)
    (pool13): MaxPool2d(kernel_size=2, stride=2, padding=0, dilation=1, ceil_mode=False)
    (conv14): Conv2d(253, 400, kernel_size=(3, 3), stride=(1, 1), padding=(1, 1))
    (norm14): BatchNorm2d(400, eps=1e-05, momentum=0.1, affine=True, track_running_stats=True)
    (relu14): ReLU(inplace=True)
    (conv15): Conv2d(400, 470, kernel_size=(3, 3), stride=(1, 1), padding=(1, 1))
    (norm15): BatchNorm2d(470, eps=1e-05, momentum=0.1, affine=True, track_running_stats=True)
    (relu15): ReLU(inplace=True)
    (conv16): Conv2d(470, 509, kernel_size=(3, 3), stride=(1, 1), padding=(1, 1))
    (norm16): BatchNorm2d(509, eps=1e-05, momentum=0.1, affine=True, track_running_stats=True)
    (relu16): ReLU(inplace=True)
  )
  (classifier): Sequential(
    (linear1): Linear(in_features=509, out_features=512, bias=True)
    (norm1): BatchNorm1d(512, eps=1e-05, momentum=0.1, affine=True, track_running_stats=True)
    (relu1): ReLU(inplace=True)
    (linear2): Linear(in_features=512, out_features=10, bias=True)
  )
)
01/29 03:24:46 AM | ----------------------------------------
01/29 03:24:46 AM | Performances input model:
01/29 03:24:46 AM |  - flops: 314,294,272
01/29 03:24:46 AM |  - params: 14,991,946
01/29 03:24:46 AM |  - accuracy: 93.95999908447266
01/29 03:24:46 AM | ----------------------------------------
01/29 03:24:46 AM | Performances pseudo-pruned model:
01/29 03:24:46 AM |  - flops: 314,294,272
01/29 03:24:46 AM |  - params: 14,991,946
01/29 03:24:46 AM |  - accuracy: 79.72999572753906
01/29 03:24:46 AM | ----------------------------------------
01/29 03:24:46 AM | Performances pruned model:
01/29 03:24:46 AM |  - flops: 108,597,772
01/29 03:24:46 AM |  - params: 6,749,668
01/29 03:24:46 AM |  - accuracy: 79.72999572753906
01/29 03:24:46 AM | ----------------------------------------
01/29 03:24:46 AM | Total time: 54.38s
