01/29 09:48:08 PM | args = Namespace(output_dir='result/rebuttal/nb_epoch/vgg/nbbtchs50/seed_00', loaded_model_path='./checkpoints/cifar10/vgg_16_bn.pt', resume=False, test_only=False, mode='prune', batch_size=64, nb_batches=50, Mflops_target=None, lr=0.6, momentum=0.9, beta=6, gamma=0.4, gpu='0', num_workers=4, dataset='cifar10', arch='vgg_16_bn', save_plot=False, seed=0, lr_finetuning=0.02, epoch_finetuning=200, wd=0.002, data_dir='./data/cifar10/', print_freq=200, num_classes=10, device_ids=[0], device=device(type='cuda', index=0), name_base='')
01/29 09:48:13 PM | ----------------------------------------
01/29 09:48:13 PM | ==> Building model...
01/29 09:48:14 PM | ----------------------------------------
01/29 09:48:14 PM | ==> Loading weights into the model...
01/29 09:48:14 PM | ----------------------------------------
01/29 09:48:14 PM | VGG(
  (features): Sequential(
    (conv0): Conv2d(3, 64, kernel_size=(3, 3), stride=(1, 1), padding=(1, 1))
    (norm0): BatchNorm2d(64, eps=1e-05, momentum=0.1, affine=True, track_running_stats=True)
    (relu0): ReLU(inplace=True)
    (conv1): Conv2d(64, 64, kernel_size=(3, 3), stride=(1, 1), padding=(1, 1))
    (norm1): BatchNorm2d(64, eps=1e-05, momentum=0.1, affine=True, track_running_stats=True)
    (relu1): ReLU(inplace=True)
    (pool2): MaxPool2d(kernel_size=2, stride=2, padding=0, dilation=1, ceil_mode=False)
    (conv3): Conv2d(64, 128, kernel_size=(3, 3), stride=(1, 1), padding=(1, 1))
    (norm3): BatchNorm2d(128, eps=1e-05, momentum=0.1, affine=True, track_running_stats=True)
    (relu3): ReLU(inplace=True)
    (conv4): Conv2d(128, 128, kernel_size=(3, 3), stride=(1, 1), padding=(1, 1))
    (norm4): BatchNorm2d(128, eps=1e-05, momentum=0.1, affine=True, track_running_stats=True)
    (relu4): ReLU(inplace=True)
    (pool5): MaxPool2d(kernel_size=2, stride=2, padding=0, dilation=1, ceil_mode=False)
    (conv6): Conv2d(128, 256, kernel_size=(3, 3), stride=(1, 1), padding=(1, 1))
    (norm6): BatchNorm2d(256, eps=1e-05, momentum=0.1, affine=True, track_running_stats=True)
    (relu6): ReLU(inplace=True)
    (conv7): Conv2d(256, 256, kernel_size=(3, 3), stride=(1, 1), padding=(1, 1))
    (norm7): BatchNorm2d(256, eps=1e-05, momentum=0.1, affine=True, track_running_stats=True)
    (relu7): ReLU(inplace=True)
    (conv8): Conv2d(256, 256, kernel_size=(3, 3), stride=(1, 1), padding=(1, 1))
    (norm8): BatchNorm2d(256, eps=1e-05, momentum=0.1, affine=True, track_running_stats=True)
    (relu8): ReLU(inplace=True)
    (pool9): MaxPool2d(kernel_size=2, stride=2, padding=0, dilation=1, ceil_mode=False)
    (conv10): Conv2d(256, 512, kernel_size=(3, 3), stride=(1, 1), padding=(1, 1))
    (norm10): BatchNorm2d(512, eps=1e-05, momentum=0.1, affine=True, track_running_stats=True)
    (relu10): ReLU(inplace=True)
    (conv11): Conv2d(512, 512, kernel_size=(3, 3), stride=(1, 1), padding=(1, 1))
    (norm11): BatchNorm2d(512, eps=1e-05, momentum=0.1, affine=True, track_running_stats=True)
    (relu11): ReLU(inplace=True)
    (conv12): Conv2d(512, 512, kernel_size=(3, 3), stride=(1, 1), padding=(1, 1))
    (norm12): BatchNorm2d(512, eps=1e-05, momentum=0.1, affine=True, track_running_stats=True)
    (relu12): ReLU(inplace=True)
    (pool13): MaxPool2d(kernel_size=2, stride=2, padding=0, dilation=1, ceil_mode=False)
    (conv14): Conv2d(512, 512, kernel_size=(3, 3), stride=(1, 1), padding=(1, 1))
    (norm14): BatchNorm2d(512, eps=1e-05, momentum=0.1, affine=True, track_running_stats=True)
    (relu14): ReLU(inplace=True)
    (conv15): Conv2d(512, 512, kernel_size=(3, 3), stride=(1, 1), padding=(1, 1))
    (norm15): BatchNorm2d(512, eps=1e-05, momentum=0.1, affine=True, track_running_stats=True)
    (relu15): ReLU(inplace=True)
    (conv16): Conv2d(512, 512, kernel_size=(3, 3), stride=(1, 1), padding=(1, 1))
    (norm16): BatchNorm2d(512, eps=1e-05, momentum=0.1, affine=True, track_running_stats=True)
    (relu16): ReLU(inplace=True)
  )
  (classifier): Sequential(
    (linear1): Linear(in_features=512, out_features=512, bias=True)
    (norm1): BatchNorm1d(512, eps=1e-05, momentum=0.1, affine=True, track_running_stats=True)
    (relu1): ReLU(inplace=True)
    (linear2): Linear(in_features=512, out_features=10, bias=True)
  )
)
01/29 09:48:15 PM | Save modules info...
01/29 09:48:15 PM | FLOPS pruning ratio is 0.65
01/29 09:48:15 PM | Pruning with information flow
01/29 09:48:15 PM | -----
01/29 09:48:15 PM | module: Conv2d(3, 64, kernel_size=(3, 3), stride=(1, 1), padding=(1, 1))
01/29 09:48:15 PM | cin: None
01/29 09:48:15 PM | cout: [0]
01/29 09:48:15 PM | inactive
01/29 09:48:15 PM | -----
01/29 09:48:15 PM | module: BatchNorm2d(64, eps=1e-05, momentum=0.1, affine=True, track_running_stats=True)
01/29 09:48:15 PM | cin: [0]
01/29 09:48:15 PM | cout: [0]
01/29 09:48:15 PM | inactive
01/29 09:48:15 PM | -----
01/29 09:48:15 PM | module: ReLU(inplace=True)
01/29 09:48:15 PM | cin: [0]
01/29 09:48:15 PM | cout: [0]
01/29 09:48:15 PM | active
01/29 09:48:15 PM | -----
01/29 09:48:15 PM | module: Conv2d(64, 64, kernel_size=(3, 3), stride=(1, 1), padding=(1, 1))
01/29 09:48:15 PM | cin: [0]
01/29 09:48:15 PM | cout: [1]
01/29 09:48:15 PM | inactive
01/29 09:48:15 PM | -----
01/29 09:48:15 PM | module: BatchNorm2d(64, eps=1e-05, momentum=0.1, affine=True, track_running_stats=True)
01/29 09:48:15 PM | cin: [1]
01/29 09:48:15 PM | cout: [1]
01/29 09:48:15 PM | inactive
01/29 09:48:15 PM | -----
01/29 09:48:15 PM | module: ReLU(inplace=True)
01/29 09:48:15 PM | cin: [1]
01/29 09:48:15 PM | cout: [1]
01/29 09:48:15 PM | active
01/29 09:48:15 PM | -----
01/29 09:48:15 PM | module: MaxPool2d(kernel_size=2, stride=2, padding=0, dilation=1, ceil_mode=False)
01/29 09:48:15 PM | cin: [1]
01/29 09:48:15 PM | cout: [1]
01/29 09:48:15 PM | inactive
01/29 09:48:15 PM | -----
01/29 09:48:15 PM | module: Conv2d(64, 128, kernel_size=(3, 3), stride=(1, 1), padding=(1, 1))
01/29 09:48:15 PM | cin: [1]
01/29 09:48:15 PM | cout: [2]
01/29 09:48:15 PM | inactive
01/29 09:48:15 PM | -----
01/29 09:48:15 PM | module: BatchNorm2d(128, eps=1e-05, momentum=0.1, affine=True, track_running_stats=True)
01/29 09:48:15 PM | cin: [2]
01/29 09:48:15 PM | cout: [2]
01/29 09:48:15 PM | inactive
01/29 09:48:15 PM | -----
01/29 09:48:15 PM | module: ReLU(inplace=True)
01/29 09:48:15 PM | cin: [2]
01/29 09:48:15 PM | cout: [2]
01/29 09:48:15 PM | active
01/29 09:48:15 PM | -----
01/29 09:48:15 PM | module: Conv2d(128, 128, kernel_size=(3, 3), stride=(1, 1), padding=(1, 1))
01/29 09:48:15 PM | cin: [2]
01/29 09:48:15 PM | cout: [3]
01/29 09:48:15 PM | inactive
01/29 09:48:15 PM | -----
01/29 09:48:15 PM | module: BatchNorm2d(128, eps=1e-05, momentum=0.1, affine=True, track_running_stats=True)
01/29 09:48:15 PM | cin: [3]
01/29 09:48:15 PM | cout: [3]
01/29 09:48:15 PM | inactive
01/29 09:48:15 PM | -----
01/29 09:48:15 PM | module: ReLU(inplace=True)
01/29 09:48:15 PM | cin: [3]
01/29 09:48:15 PM | cout: [3]
01/29 09:48:15 PM | active
01/29 09:48:15 PM | -----
01/29 09:48:15 PM | module: MaxPool2d(kernel_size=2, stride=2, padding=0, dilation=1, ceil_mode=False)
01/29 09:48:15 PM | cin: [3]
01/29 09:48:15 PM | cout: [3]
01/29 09:48:15 PM | inactive
01/29 09:48:15 PM | -----
01/29 09:48:15 PM | module: Conv2d(128, 256, kernel_size=(3, 3), stride=(1, 1), padding=(1, 1))
01/29 09:48:15 PM | cin: [3]
01/29 09:48:15 PM | cout: [4]
01/29 09:48:15 PM | inactive
01/29 09:48:15 PM | -----
01/29 09:48:15 PM | module: BatchNorm2d(256, eps=1e-05, momentum=0.1, affine=True, track_running_stats=True)
01/29 09:48:15 PM | cin: [4]
01/29 09:48:15 PM | cout: [4]
01/29 09:48:15 PM | inactive
01/29 09:48:15 PM | -----
01/29 09:48:15 PM | module: ReLU(inplace=True)
01/29 09:48:15 PM | cin: [4]
01/29 09:48:15 PM | cout: [4]
01/29 09:48:15 PM | active
01/29 09:48:15 PM | -----
01/29 09:48:15 PM | module: Conv2d(256, 256, kernel_size=(3, 3), stride=(1, 1), padding=(1, 1))
01/29 09:48:15 PM | cin: [4]
01/29 09:48:15 PM | cout: [5]
01/29 09:48:15 PM | inactive
01/29 09:48:15 PM | -----
01/29 09:48:15 PM | module: BatchNorm2d(256, eps=1e-05, momentum=0.1, affine=True, track_running_stats=True)
01/29 09:48:15 PM | cin: [5]
01/29 09:48:15 PM | cout: [5]
01/29 09:48:15 PM | inactive
01/29 09:48:15 PM | -----
01/29 09:48:15 PM | module: ReLU(inplace=True)
01/29 09:48:15 PM | cin: [5]
01/29 09:48:15 PM | cout: [5]
01/29 09:48:15 PM | active
01/29 09:48:15 PM | -----
01/29 09:48:15 PM | module: Conv2d(256, 256, kernel_size=(3, 3), stride=(1, 1), padding=(1, 1))
01/29 09:48:15 PM | cin: [5]
01/29 09:48:15 PM | cout: [6]
01/29 09:48:15 PM | inactive
01/29 09:48:15 PM | -----
01/29 09:48:15 PM | module: BatchNorm2d(256, eps=1e-05, momentum=0.1, affine=True, track_running_stats=True)
01/29 09:48:15 PM | cin: [6]
01/29 09:48:15 PM | cout: [6]
01/29 09:48:15 PM | inactive
01/29 09:48:15 PM | -----
01/29 09:48:15 PM | module: ReLU(inplace=True)
01/29 09:48:15 PM | cin: [6]
01/29 09:48:15 PM | cout: [6]
01/29 09:48:15 PM | active
01/29 09:48:15 PM | -----
01/29 09:48:15 PM | module: MaxPool2d(kernel_size=2, stride=2, padding=0, dilation=1, ceil_mode=False)
01/29 09:48:15 PM | cin: [6]
01/29 09:48:15 PM | cout: [6]
01/29 09:48:15 PM | inactive
01/29 09:48:15 PM | -----
01/29 09:48:15 PM | module: Conv2d(256, 512, kernel_size=(3, 3), stride=(1, 1), padding=(1, 1))
01/29 09:48:15 PM | cin: [6]
01/29 09:48:15 PM | cout: [7]
01/29 09:48:15 PM | inactive
01/29 09:48:15 PM | -----
01/29 09:48:15 PM | module: BatchNorm2d(512, eps=1e-05, momentum=0.1, affine=True, track_running_stats=True)
01/29 09:48:15 PM | cin: [7]
01/29 09:48:15 PM | cout: [7]
01/29 09:48:15 PM | inactive
01/29 09:48:15 PM | -----
01/29 09:48:15 PM | module: ReLU(inplace=True)
01/29 09:48:15 PM | cin: [7]
01/29 09:48:15 PM | cout: [7]
01/29 09:48:15 PM | active
01/29 09:48:15 PM | -----
01/29 09:48:15 PM | module: Conv2d(512, 512, kernel_size=(3, 3), stride=(1, 1), padding=(1, 1))
01/29 09:48:15 PM | cin: [7]
01/29 09:48:15 PM | cout: [8]
01/29 09:48:15 PM | inactive
01/29 09:48:15 PM | -----
01/29 09:48:15 PM | module: BatchNorm2d(512, eps=1e-05, momentum=0.1, affine=True, track_running_stats=True)
01/29 09:48:15 PM | cin: [8]
01/29 09:48:15 PM | cout: [8]
01/29 09:48:15 PM | inactive
01/29 09:48:15 PM | -----
01/29 09:48:15 PM | module: ReLU(inplace=True)
01/29 09:48:15 PM | cin: [8]
01/29 09:48:15 PM | cout: [8]
01/29 09:48:15 PM | active
01/29 09:48:15 PM | -----
01/29 09:48:15 PM | module: Conv2d(512, 512, kernel_size=(3, 3), stride=(1, 1), padding=(1, 1))
01/29 09:48:15 PM | cin: [8]
01/29 09:48:15 PM | cout: [9]
01/29 09:48:15 PM | inactive
01/29 09:48:15 PM | -----
01/29 09:48:15 PM | module: BatchNorm2d(512, eps=1e-05, momentum=0.1, affine=True, track_running_stats=True)
01/29 09:48:15 PM | cin: [9]
01/29 09:48:15 PM | cout: [9]
01/29 09:48:15 PM | inactive
01/29 09:48:15 PM | -----
01/29 09:48:15 PM | module: ReLU(inplace=True)
01/29 09:48:15 PM | cin: [9]
01/29 09:48:15 PM | cout: [9]
01/29 09:48:15 PM | active
01/29 09:48:15 PM | -----
01/29 09:48:15 PM | module: MaxPool2d(kernel_size=2, stride=2, padding=0, dilation=1, ceil_mode=False)
01/29 09:48:15 PM | cin: [9]
01/29 09:48:15 PM | cout: [9]
01/29 09:48:15 PM | inactive
01/29 09:48:15 PM | -----
01/29 09:48:15 PM | module: Conv2d(512, 512, kernel_size=(3, 3), stride=(1, 1), padding=(1, 1))
01/29 09:48:15 PM | cin: [9]
01/29 09:48:15 PM | cout: [10]
01/29 09:48:15 PM | inactive
01/29 09:48:15 PM | -----
01/29 09:48:15 PM | module: BatchNorm2d(512, eps=1e-05, momentum=0.1, affine=True, track_running_stats=True)
01/29 09:48:15 PM | cin: [10]
01/29 09:48:15 PM | cout: [10]
01/29 09:48:15 PM | inactive
01/29 09:48:15 PM | -----
01/29 09:48:15 PM | module: ReLU(inplace=True)
01/29 09:48:15 PM | cin: [10]
01/29 09:48:15 PM | cout: [10]
01/29 09:48:15 PM | active
01/29 09:48:15 PM | -----
01/29 09:48:15 PM | module: Conv2d(512, 512, kernel_size=(3, 3), stride=(1, 1), padding=(1, 1))
01/29 09:48:15 PM | cin: [10]
01/29 09:48:15 PM | cout: [11]
01/29 09:48:15 PM | inactive
01/29 09:48:15 PM | -----
01/29 09:48:15 PM | module: BatchNorm2d(512, eps=1e-05, momentum=0.1, affine=True, track_running_stats=True)
01/29 09:48:15 PM | cin: [11]
01/29 09:48:15 PM | cout: [11]
01/29 09:48:15 PM | inactive
01/29 09:48:15 PM | -----
01/29 09:48:15 PM | module: ReLU(inplace=True)
01/29 09:48:15 PM | cin: [11]
01/29 09:48:15 PM | cout: [11]
01/29 09:48:15 PM | active
01/29 09:48:15 PM | -----
01/29 09:48:15 PM | module: Conv2d(512, 512, kernel_size=(3, 3), stride=(1, 1), padding=(1, 1))
01/29 09:48:15 PM | cin: [11]
01/29 09:48:15 PM | cout: [12]
01/29 09:48:15 PM | inactive
01/29 09:48:15 PM | -----
01/29 09:48:15 PM | module: BatchNorm2d(512, eps=1e-05, momentum=0.1, affine=True, track_running_stats=True)
01/29 09:48:15 PM | cin: [12]
01/29 09:48:15 PM | cout: [12]
01/29 09:48:15 PM | inactive
01/29 09:48:15 PM | -----
01/29 09:48:15 PM | module: ReLU(inplace=True)
01/29 09:48:15 PM | cin: [12]
01/29 09:48:15 PM | cout: [12]
01/29 09:48:15 PM | active
01/29 09:48:15 PM | -----
01/29 09:48:15 PM | module: Linear(in_features=512, out_features=512, bias=True)
01/29 09:48:15 PM | cin: [12]
01/29 09:48:15 PM | cout: None
01/29 09:48:15 PM | inactive
01/29 09:48:15 PM | -----
01/29 09:48:15 PM | module: ReLU(inplace=True)
01/29 09:48:15 PM | cin: None
01/29 09:48:15 PM | cout: None
01/29 09:48:15 PM | active
01/29 09:48:15 PM | -----
01/29 09:48:15 PM | module: Linear(in_features=512, out_features=10, bias=True)
01/29 09:48:15 PM | cin: None
01/29 09:48:15 PM | cout: None
01/29 09:48:15 PM | inactive
01/29 09:48:15 PM | Used masks: [0, 1, 2, 3, 4, 5, 6, 7, 8, 9, 10, 11, 12]
01/29 09:48:15 PM | 13 unique masks in total
01/29 09:48:16 PM | === Batch 1/50
01/29 09:48:16 PM | loss = 0.047 + 4.266 + 0.040 = 4.353
01/29 09:48:16 PM | attribution_score[0:12]: 
[ 0.94  0.83  0.83  0.83  0.83  0.83  0.83  0.83  0.83  0.83  0.83  0.83 ]
[ 0.83  0.83  0.83  0.83  0.83  0.83  0.83  0.83  0.83  0.83  0.83  0.83 ]
[ 0.94  0.83  0.83  0.83  0.83  0.83  0.83  0.83  0.83  0.83  0.83  0.94 ]
[ 0.83  0.83  0.94  0.83  0.83  0.83  0.83  0.83  0.83  0.83  0.83  0.83 ]
[ 0.83  0.83  0.94  0.83  0.83  0.83  0.83  0.83  0.83  0.83  0.83  0.83 ]
[ 0.83  0.83  0.83  0.83  0.83  0.83  0.83  0.83  0.83  0.83  0.83  0.83 ]
[ 0.83  0.83  0.94  0.83  0.83  0.83  0.83  0.83  0.83  0.83  0.83  0.83 ]
[ 0.83  0.83  0.83  0.83  0.83  0.83  0.83  0.83  0.83  0.83  0.83  0.83 ]
[ 0.83  0.83  0.83  0.83  0.83  0.83  0.83  0.83  0.83  0.83  0.83  0.83 ]
[ 0.83  0.83  0.83  0.83  0.83  0.83  0.83  0.83  0.83  0.83  0.83  0.83 ]
[ 0.83  0.83  0.83  0.83  0.83  0.83  0.83  0.83  0.83  0.83  0.94  0.83 ]
[ 0.83  0.94  0.83  0.83  0.83  0.83  0.83  0.94  0.83  0.83  0.83  0.83 ]
[ 0.94  0.94  0.94  0.94  0.94  0.94  0.83  0.83  0.94  0.94  0.94  0.83 ]

01/29 09:48:16 PM | === Batch 2/50
01/29 09:48:17 PM | loss = 0.345 + 3.308 + 0.062 = 3.715
01/29 09:48:17 PM | attribution_score[0:12]: 
[ 0.96  0.88  0.77  0.73  0.75  0.73  0.73  0.73  0.73  0.73  0.73  0.81 ]
[ 0.87  0.76  0.75  0.74  0.87  0.73  0.74  0.73  0.73  0.86  0.88  0.74 ]
[ 0.96  0.88  0.74  0.88  0.73  0.88  0.86  0.77  0.74  0.74  0.73  0.96 ]
[ 0.73  0.83  0.96  0.74  0.76  0.73  0.85  0.87  0.81  0.85  0.73  0.88 ]
[ 0.83  0.76  0.96  0.74  0.75  0.73  0.73  0.75  0.74  0.74  0.86  0.85 ]
[ 0.73  0.75  0.77  0.74  0.73  0.80  0.74  0.74  0.73  0.74  0.73  0.86 ]
[ 0.74  0.73  0.94  0.74  0.74  0.75  0.74  0.73  0.76  0.74  0.86  0.75 ]
[ 0.73  0.73  0.73  0.73  0.74  0.73  0.73  0.73  0.74  0.73  0.73  0.82 ]
[ 0.75  0.73  0.73  0.73  0.74  0.73  0.73  0.73  0.74  0.73  0.80  0.73 ]
[ 0.73  0.73  0.73  0.73  0.85  0.74  0.73  0.73  0.74  0.73  0.75  0.73 ]
[ 0.73  0.75  0.85  0.74  0.73  0.86  0.73  0.75  0.81  0.73  0.96  0.74 ]
[ 0.88  0.97  0.76  0.87  0.88  0.86  0.74  0.97  0.84  0.88  0.87  0.74 ]
[ 0.97  0.96  0.97  0.91  0.97  0.96  0.88  0.88  0.96  0.97  0.97  0.73 ]

01/29 09:48:17 PM | === Batch 3/50
01/29 09:48:17 PM | loss = 0.339 + 2.497 + 0.081 = 2.918
01/29 09:48:17 PM | attribution_score[0:12]: 
[ 0.98  0.90  0.68  0.60  0.64  0.61  0.60  0.60  0.60  0.60  0.61  0.86 ]
[ 0.89  0.66  0.78  0.61  0.90  0.67  0.63  0.61  0.69  0.90  0.91  0.62 ]
[ 0.97  0.91  0.62  0.92  0.60  0.92  0.86  0.68  0.62  0.62  0.60  0.98 ]
[ 0.61  0.84  0.97  0.70  0.66  0.76  0.80  0.90  0.81  0.82  0.68  0.91 ]
[ 0.78  0.66  0.97  0.63  0.79  0.60  0.60  0.64  0.75  0.61  0.85  0.85 ]
[ 0.62  0.65  0.68  0.61  0.60  0.74  0.61  0.62  0.62  0.62  0.60  0.85 ]
[ 0.64  0.61  0.94  0.64  0.64  0.64  0.61  0.69  0.66  0.78  0.90  0.63 ]
[ 0.60  0.60  0.61  0.60  0.61  0.60  0.60  0.60  0.70  0.61  0.60  0.80 ]
[ 0.65  0.67  0.60  0.60  0.62  0.60  0.60  0.60  0.66  0.60  0.80  0.68 ]
[ 0.64  0.61  0.60  0.60  0.87  0.67  0.60  0.60  0.72  0.60  0.63  0.63 ]
[ 0.61  0.79  0.89  0.61  0.61  0.90  0.79  0.76  0.86  0.71  0.98  0.75 ]
[ 0.91  0.98  0.78  0.91  0.93  0.89  0.79  0.98  0.81  0.92  0.91  0.80 ]
[ 0.98  0.98  0.98  0.90  0.98  0.98  0.92  0.93  0.98  0.98  0.98  0.60 ]

01/29 09:48:17 PM | === Batch 4/50
01/29 09:48:17 PM | loss = 0.558 + 1.677 + 0.101 = 2.336
01/29 09:48:18 PM | attribution_score[0:12]: 
[ 0.98  0.92  0.57  0.46  0.50  0.47  0.46  0.45  0.45  0.46  0.46  0.84 ]
[ 0.90  0.56  0.83  0.47  0.90  0.58  0.61  0.46  0.72  0.92  0.91  0.48 ]
[ 0.98  0.94  0.48  0.94  0.45  0.94  0.87  0.64  0.48  0.49  0.48  0.98 ]
[ 0.47  0.85  0.96  0.73  0.57  0.82  0.74  0.92  0.78  0.80  0.64  0.92 ]
[ 0.71  0.53  0.98  0.53  0.85  0.47  0.45  0.51  0.80  0.56  0.82  0.80 ]
[ 0.61  0.64  0.55  0.46  0.47  0.64  0.50  0.50  0.50  0.49  0.45  0.82 ]
[ 0.53  0.47  0.93  0.53  0.52  0.52  0.57  0.73  0.71  0.84  0.94  0.50 ]
[ 0.45  0.46  0.46  0.45  0.50  0.45  0.57  0.45  0.73  0.47  0.48  0.73 ]
[ 0.55  0.71  0.45  0.61  0.50  0.45  0.47  0.47  0.65  0.45  0.83  0.74 ]
[ 0.62  0.47  0.45  0.45  0.84  0.65  0.46  0.45  0.77  0.45  0.52  0.56 ]
[ 0.47  0.85  0.93  0.60  0.64  0.92  0.85  0.79  0.90  0.77  0.99  0.81 ]
[ 0.91  0.99  0.84  0.95  0.95  0.90  0.85  0.99  0.74  0.94  0.94  0.86 ]
[ 0.99  0.99  0.99  0.92  0.99  0.99  0.95  0.96  0.98  0.99  0.99  0.56 ]

01/29 09:48:18 PM | === Batch 5/50
01/29 09:48:18 PM | loss = 0.910 + 1.011 + 0.111 = 2.031
01/29 09:48:18 PM | attribution_score[0:12]: 
[ 0.99  0.93  0.47  0.31  0.37  0.33  0.32  0.31  0.31  0.33  0.32  0.83 ]
[ 0.92  0.45  0.84  0.33  0.90  0.47  0.65  0.32  0.72  0.93  0.91  0.45 ]
[ 0.99  0.95  0.34  0.95  0.32  0.96  0.87  0.61  0.35  0.36  0.35  0.98 ]
[ 0.38  0.81  0.95  0.78  0.49  0.85  0.74  0.94  0.72  0.79  0.63  0.92 ]
[ 0.73  0.53  0.98  0.45  0.89  0.40  0.32  0.38  0.84  0.57  0.79  0.73 ]
[ 0.61  0.69  0.43  0.33  0.34  0.52  0.46  0.44  0.39  0.35  0.31  0.76 ]
[ 0.57  0.35  0.91  0.42  0.59  0.40  0.59  0.80  0.78  0.82  0.95  0.37 ]
[ 0.31  0.32  0.32  0.31  0.48  0.31  0.54  0.31  0.79  0.33  0.37  0.64 ]
[ 0.44  0.73  0.31  0.68  0.37  0.31  0.36  0.34  0.70  0.31  0.82  0.81 ]
[ 0.63  0.36  0.31  0.31  0.79  0.65  0.33  0.31  0.83  0.31  0.40  0.48 ]
[ 0.33  0.90  0.94  0.65  0.72  0.90  0.89  0.77  0.93  0.84  0.99  0.87 ]
[ 0.91  0.99  0.89  0.96  0.97  0.89  0.89  0.99  0.65  0.95  0.96  0.91 ]
[ 0.99  0.99  0.99  0.93  0.99  0.99  0.96  0.97  0.99  0.99  0.99  0.47 ]

01/29 09:48:18 PM | === Batch 6/50
01/29 09:48:18 PM | loss = 0.937 + 0.463 + 0.095 = 1.496
01/29 09:48:19 PM | attribution_score[0:12]: 
[ 0.99  0.94  0.38  0.20  0.26  0.22  0.21  0.20  0.20  0.21  0.21  0.85 ]
[ 0.93  0.34  0.84  0.22  0.88  0.35  0.72  0.21  0.72  0.94  0.91  0.45 ]
[ 0.99  0.95  0.23  0.96  0.20  0.96  0.85  0.64  0.24  0.25  0.24  0.99 ]
[ 0.30  0.75  0.94  0.81  0.50  0.88  0.72  0.95  0.64  0.76  0.56  0.92 ]
[ 0.72  0.52  0.99  0.44  0.90  0.39  0.23  0.28  0.87  0.63  0.76  0.65 ]
[ 0.67  0.74  0.31  0.23  0.23  0.40  0.44  0.39  0.31  0.31  0.20  0.67 ]
[ 0.65  0.26  0.90  0.39  0.63  0.39  0.55  0.80  0.80  0.85  0.95  0.25 ]
[ 0.20  0.21  0.21  0.20  0.43  0.20  0.50  0.20  0.78  0.21  0.28  0.55 ]
[ 0.41  0.72  0.20  0.69  0.30  0.20  0.25  0.24  0.74  0.25  0.76  0.82 ]
[ 0.60  0.26  0.20  0.20  0.78  0.68  0.23  0.20  0.88  0.20  0.30  0.40 ]
[ 0.24  0.93  0.94  0.63  0.75  0.89  0.92  0.80  0.95  0.86  0.99  0.90 ]
[ 0.93  0.99  0.91  0.97  0.97  0.87  0.92  1.00  0.52  0.95  0.97  0.93 ]
[ 0.99  0.99  1.00  0.95  1.00  1.00  0.97  0.97  0.99  0.99  0.99  0.46 ]

01/29 09:48:19 PM | === Batch 7/50
01/29 09:48:19 PM | loss = 1.051 + 0.027 + 0.081 = 1.160
01/29 09:48:19 PM | attribution_score[0:12]: 
[ 0.99  0.94  0.31  0.12  0.17  0.15  0.13  0.13  0.12  0.14  0.13  0.87 ]
[ 0.93  0.24  0.84  0.13  0.86  0.24  0.76  0.13  0.71  0.95  0.90  0.46 ]
[ 0.99  0.95  0.15  0.96  0.12  0.97  0.82  0.66  0.15  0.18  0.15  0.99 ]
[ 0.23  0.67  0.94  0.80  0.49  0.89  0.71  0.96  0.53  0.70  0.52  0.91 ]
[ 0.71  0.45  0.99  0.41  0.90  0.41  0.16  0.21  0.90  0.68  0.75  0.63 ]
[ 0.72  0.76  0.21  0.16  0.15  0.29  0.47  0.32  0.27  0.34  0.12  0.56 ]
[ 0.74  0.21  0.89  0.36  0.62  0.42  0.49  0.76  0.81  0.88  0.96  0.16 ]
[ 0.12  0.13  0.13  0.12  0.36  0.13  0.45  0.12  0.75  0.13  0.19  0.46 ]
[ 0.44  0.68  0.12  0.67  0.29  0.12  0.17  0.19  0.78  0.20  0.69  0.81 ]
[ 0.55  0.17  0.13  0.12  0.78  0.70  0.16  0.12  0.90  0.13  0.25  0.32 ]
[ 0.22  0.95  0.93  0.56  0.76  0.90  0.93  0.85  0.96  0.86  0.99  0.91 ]
[ 0.95  1.00  0.91  0.97  0.97  0.87  0.94  1.00  0.46  0.94  0.98  0.94 ]
[ 1.00  1.00  1.00  0.96  1.00  1.00  0.97  0.97  0.99  0.99  0.99  0.40 ]

01/29 09:48:19 PM | === Batch 8/50
01/29 09:48:19 PM | loss = 1.251 + 0.575 + 0.071 = 1.897
01/29 09:48:19 PM | attribution_score[0:12]: 
[ 0.99  0.95  0.34  0.08  0.15  0.13  0.10  0.09  0.08  0.15  0.10  0.91 ]
[ 0.95  0.19  0.86  0.10  0.87  0.22  0.81  0.09  0.71  0.96  0.91  0.51 ]
[ 0.99  0.95  0.12  0.97  0.09  0.97  0.84  0.72  0.11  0.16  0.12  0.99 ]
[ 0.22  0.65  0.95  0.82  0.46  0.90  0.73  0.97  0.52  0.72  0.58  0.91 ]
[ 0.74  0.36  0.99  0.38  0.91  0.48  0.14  0.19  0.92  0.68  0.79  0.68 ]
[ 0.74  0.78  0.18  0.12  0.12  0.25  0.54  0.31  0.29  0.42  0.09  0.56 ]
[ 0.81  0.21  0.89  0.36  0.64  0.42  0.48  0.71  0.83  0.90  0.97  0.12 ]
[ 0.08  0.09  0.10  0.09  0.35  0.10  0.49  0.08  0.73  0.11  0.16  0.44 ]
[ 0.51  0.71  0.09  0.68  0.32  0.10  0.14  0.20  0.82  0.17  0.71  0.81 ]
[ 0.58  0.14  0.09  0.09  0.82  0.72  0.12  0.09  0.93  0.10  0.24  0.34 ]
[ 0.23  0.96  0.94  0.54  0.77  0.92  0.93  0.89  0.96  0.86  1.00  0.93 ]
[ 0.97  1.00  0.92  0.98  0.98  0.90  0.95  1.00  0.49  0.95  0.99  0.96 ]
[ 1.00  1.00  1.00  0.97  1.00  1.00  0.98  0.97  1.00  0.99  0.99  0.38 ]

01/29 09:48:19 PM | === Batch 9/50
01/29 09:48:20 PM | loss = 0.984 + 0.587 + 0.065 = 1.636
01/29 09:48:20 PM | attribution_score[0:12]: 
[ 0.99  0.96  0.41  0.06  0.15  0.12  0.09  0.07  0.07  0.19  0.09  0.94 ]
[ 0.96  0.18  0.88  0.07  0.89  0.24  0.85  0.07  0.73  0.97  0.93  0.58 ]
[ 0.99  0.96  0.12  0.97  0.07  0.98  0.87  0.79  0.09  0.17  0.11  0.99 ]
[ 0.23  0.68  0.96  0.86  0.48  0.91  0.76  0.97  0.54  0.76  0.66  0.92 ]
[ 0.78  0.34  0.99  0.37  0.92  0.56  0.14  0.20  0.94  0.70  0.84  0.75 ]
[ 0.76  0.79  0.18  0.10  0.10  0.25  0.63  0.35  0.34  0.49  0.07  0.60 ]
[ 0.87  0.22  0.90  0.39  0.69  0.42  0.53  0.67  0.86  0.92  0.97  0.11 ]
[ 0.06  0.07  0.08  0.07  0.37  0.10  0.57  0.06  0.75  0.09  0.16  0.47 ]
[ 0.61  0.77  0.07  0.72  0.37  0.08  0.13  0.23  0.85  0.17  0.75  0.84 ]
[ 0.64  0.14  0.08  0.07  0.86  0.76  0.10  0.07  0.95  0.09  0.25  0.39 ]
[ 0.27  0.96  0.95  0.54  0.77  0.94  0.94  0.92  0.97  0.86  1.00  0.94 ]
[ 0.98  1.00  0.93  0.98  0.98  0.92  0.95  1.00  0.57  0.96  0.99  0.97 ]
[ 1.00  1.00  1.00  0.98  1.00  1.00  0.98  0.98  1.00  0.99  0.99  0.41 ]

01/29 09:48:20 PM | === Batch 10/50
01/29 09:48:20 PM | loss = 0.789 + 0.321 + 0.061 = 1.171
01/29 09:48:20 PM | attribution_score[0:12]: 
[ 0.99  0.96  0.50  0.05  0.17  0.14  0.08  0.06  0.05  0.25  0.09  0.96 ]
[ 0.97  0.18  0.91  0.06  0.90  0.28  0.89  0.06  0.77  0.98  0.94  0.65 ]
[ 0.99  0.96  0.13  0.98  0.06  0.98  0.91  0.84  0.09  0.19  0.12  1.00 ]
[ 0.23  0.73  0.97  0.88  0.54  0.92  0.80  0.98  0.59  0.81  0.74  0.93 ]
[ 0.83  0.35  0.99  0.42  0.93  0.66  0.14  0.24  0.96  0.75  0.88  0.81 ]
[ 0.80  0.82  0.21  0.09  0.09  0.29  0.71  0.40  0.42  0.57  0.06  0.67 ]
[ 0.90  0.25  0.92  0.45  0.74  0.46  0.60  0.65  0.89  0.93  0.98  0.10 ]
[ 0.05  0.06  0.06  0.06  0.42  0.09  0.67  0.05  0.77  0.09  0.17  0.51 ]
[ 0.70  0.83  0.06  0.77  0.44  0.08  0.13  0.29  0.87  0.17  0.81  0.87 ]
[ 0.72  0.15  0.07  0.06  0.90  0.80  0.10  0.07  0.96  0.10  0.28  0.48 ]
[ 0.32  0.97  0.96  0.58  0.80  0.96  0.95  0.95  0.98  0.87  1.00  0.95 ]
[ 0.99  1.00  0.94  0.98  0.98  0.95  0.96  1.00  0.65  0.97  0.99  0.97 ]
[ 1.00  1.00  1.00  0.99  1.00  1.00  0.99  0.98  1.00  0.99  0.99  0.46 ]

01/29 09:48:20 PM | === Batch 11/50
01/29 09:48:20 PM | loss = 0.858 + 0.070 + 0.057 = 0.985
01/29 09:48:21 PM | attribution_score[0:12]: 
[ 1.00  0.97  0.56  0.04  0.17  0.15  0.08  0.05  0.05  0.28  0.08  0.97 ]
[ 0.97  0.18  0.93  0.05  0.91  0.32  0.91  0.05  0.81  0.98  0.95  0.71 ]
[ 1.00  0.96  0.13  0.98  0.05  0.99  0.92  0.87  0.08  0.19  0.12  1.00 ]
[ 0.24  0.78  0.98  0.90  0.61  0.94  0.80  0.98  0.62  0.83  0.80  0.93 ]
[ 0.84  0.38  1.00  0.48  0.94  0.68  0.14  0.27  0.97  0.81  0.90  0.85 ]
[ 0.84  0.85  0.23  0.08  0.09  0.28  0.74  0.46  0.50  0.63  0.05  0.70 ]
[ 0.92  0.26  0.93  0.50  0.78  0.51  0.65  0.63  0.91  0.93  0.98  0.09 ]
[ 0.04  0.05  0.05  0.05  0.45  0.10  0.72  0.04  0.80  0.09  0.19  0.57 ]
[ 0.78  0.88  0.05  0.80  0.52  0.07  0.14  0.34  0.89  0.17  0.85  0.89 ]
[ 0.78  0.15  0.06  0.05  0.92  0.84  0.09  0.06  0.97  0.09  0.29  0.55 ]
[ 0.34  0.97  0.97  0.60  0.82  0.97  0.96  0.96  0.98  0.87  1.00  0.95 ]
[ 0.99  1.00  0.95  0.99  0.99  0.96  0.96  1.00  0.69  0.98  0.99  0.98 ]
[ 1.00  1.00  1.00  0.99  1.00  1.00  0.99  0.98  1.00  1.00  0.99  0.49 ]

01/29 09:48:21 PM | === Batch 12/50
01/29 09:48:21 PM | loss = 0.683 + 0.251 + 0.054 = 0.988
01/29 09:48:21 PM | attribution_score[0:12]: 
[ 1.00  0.97  0.59  0.03  0.17  0.17  0.07  0.05  0.04  0.28  0.07  0.98 ]
[ 0.98  0.17  0.95  0.04  0.91  0.37  0.93  0.04  0.84  0.99  0.95  0.74 ]
[ 1.00  0.97  0.12  0.98  0.04  0.99  0.94  0.89  0.07  0.18  0.12  1.00 ]
[ 0.24  0.82  0.98  0.90  0.69  0.94  0.81  0.98  0.61  0.84  0.84  0.94 ]
[ 0.85  0.44  1.00  0.53  0.93  0.69  0.14  0.27  0.98  0.84  0.91  0.88 ]
[ 0.86  0.86  0.26  0.08  0.08  0.28  0.75  0.50  0.58  0.65  0.05  0.74 ]
[ 0.92  0.28  0.92  0.56  0.81  0.55  0.67  0.59  0.92  0.93  0.99  0.08 ]
[ 0.03  0.05  0.05  0.04  0.45  0.10  0.75  0.03  0.83  0.09  0.22  0.61 ]
[ 0.82  0.91  0.04  0.82  0.57  0.06  0.14  0.39  0.90  0.16  0.89  0.91 ]
[ 0.82  0.13  0.05  0.04  0.94  0.86  0.09  0.05  0.98  0.08  0.29  0.58 ]
[ 0.33  0.98  0.98  0.62  0.84  0.98  0.96  0.97  0.99  0.88  1.00  0.96 ]
[ 0.99  1.00  0.96  0.99  0.99  0.97  0.97  1.00  0.71  0.98  0.99  0.98 ]
[ 1.00  1.00  1.00  0.99  1.00  1.00  0.99  0.98  1.00  1.00  0.99  0.51 ]

01/29 09:48:21 PM | === Batch 13/50
01/29 09:48:21 PM | loss = 0.757 + 0.369 + 0.051 = 1.177
01/29 09:48:21 PM | attribution_score[0:12]: 
[ 1.00  0.98  0.60  0.03  0.16  0.18  0.07  0.04  0.03  0.28  0.06  0.98 ]
[ 0.98  0.16  0.96  0.04  0.91  0.41  0.94  0.03  0.87  0.99  0.96  0.76 ]
[ 1.00  0.97  0.11  0.98  0.04  0.99  0.94  0.91  0.07  0.17  0.12  1.00 ]
[ 0.24  0.84  0.98  0.90  0.77  0.95  0.83  0.98  0.63  0.85  0.88  0.94 ]
[ 0.85  0.48  1.00  0.55  0.93  0.70  0.13  0.26  0.98  0.86  0.92  0.90 ]
[ 0.88  0.88  0.28  0.07  0.07  0.29  0.76  0.52  0.65  0.66  0.04  0.78 ]
[ 0.93  0.28  0.92  0.64  0.84  0.56  0.68  0.57  0.93  0.93  0.99  0.07 ]
[ 0.03  0.04  0.04  0.03  0.43  0.10  0.77  0.03  0.86  0.09  0.23  0.66 ]
[ 0.86  0.94  0.04  0.85  0.61  0.06  0.14  0.40  0.90  0.15  0.91  0.92 ]
[ 0.85  0.11  0.05  0.03  0.95  0.87  0.08  0.04  0.98  0.07  0.29  0.61 ]
[ 0.31  0.98  0.98  0.65  0.85  0.98  0.97  0.98  0.99  0.88  1.00  0.96 ]
[ 0.99  1.00  0.96  0.99  0.99  0.98  0.97  1.00  0.71  0.98  1.00  0.99 ]
[ 1.00  1.00  1.00  0.99  1.00  1.00  0.99  0.99  1.00  1.00  1.00  0.51 ]

01/29 09:48:21 PM | === Batch 14/50
01/29 09:48:22 PM | loss = 0.517 + 0.443 + 0.048 = 1.008
01/29 09:48:22 PM | attribution_score[0:12]: 
[ 1.00  0.98  0.60  0.02  0.15  0.20  0.06  0.04  0.03  0.29  0.06  0.98 ]
[ 0.99  0.16  0.96  0.03  0.91  0.46  0.94  0.03  0.89  0.99  0.97  0.78 ]
[ 1.00  0.97  0.10  0.99  0.03  0.99  0.95  0.92  0.06  0.15  0.11  1.00 ]
[ 0.25  0.86  0.99  0.90  0.83  0.95  0.85  0.98  0.63  0.85  0.90  0.95 ]
[ 0.85  0.56  1.00  0.55  0.92  0.69  0.13  0.24  0.98  0.86  0.93  0.92 ]
[ 0.90  0.89  0.30  0.06  0.06  0.29  0.76  0.50  0.71  0.66  0.04  0.81 ]
[ 0.92  0.30  0.90  0.70  0.87  0.53  0.68  0.55  0.94  0.94  0.99  0.06 ]
[ 0.02  0.04  0.03  0.03  0.39  0.09  0.79  0.02  0.89  0.08  0.24  0.69 ]
[ 0.87  0.95  0.03  0.87  0.64  0.05  0.13  0.42  0.90  0.13  0.93  0.93 ]
[ 0.87  0.09  0.04  0.03  0.95  0.86  0.07  0.04  0.99  0.06  0.27  0.62 ]
[ 0.29  0.98  0.98  0.69  0.87  0.99  0.97  0.98  0.99  0.89  1.00  0.97 ]
[ 1.00  1.00  0.96  0.99  0.99  0.98  0.97  1.00  0.71  0.99  1.00  0.99 ]
[ 1.00  1.00  1.00  0.99  1.00  1.00  0.99  0.99  1.00  1.00  1.00  0.47 ]

01/29 09:48:22 PM | === Batch 15/50
01/29 09:48:22 PM | loss = 0.354 + 0.476 + 0.046 = 0.876
01/29 09:48:22 PM | attribution_score[0:12]: 
[ 1.00  0.98  0.58  0.02  0.14  0.20  0.05  0.03  0.02  0.31  0.05  0.99 ]
[ 0.99  0.15  0.97  0.03  0.91  0.50  0.95  0.02  0.90  0.99  0.97  0.78 ]
[ 1.00  0.97  0.09  0.99  0.03  0.99  0.95  0.93  0.06  0.13  0.10  1.00 ]
[ 0.25  0.87  0.99  0.90  0.87  0.95  0.86  0.99  0.63  0.85  0.92  0.95 ]
[ 0.85  0.59  1.00  0.55  0.89  0.68  0.13  0.21  0.99  0.87  0.93  0.93 ]
[ 0.91  0.89  0.31  0.05  0.05  0.28  0.77  0.46  0.75  0.64  0.03  0.83 ]
[ 0.92  0.32  0.88  0.72  0.89  0.49  0.67  0.52  0.95  0.93  0.99  0.05 ]
[ 0.02  0.04  0.03  0.02  0.35  0.08  0.80  0.02  0.91  0.07  0.23  0.72 ]
[ 0.88  0.97  0.03  0.89  0.67  0.04  0.12  0.41  0.90  0.11  0.94  0.93 ]
[ 0.89  0.07  0.03  0.03  0.96  0.85  0.06  0.03  0.99  0.05  0.26  0.61 ]
[ 0.25  0.98  0.99  0.73  0.88  0.99  0.97  0.99  0.99  0.90  1.00  0.97 ]
[ 1.00  1.00  0.96  0.99  0.99  0.98  0.98  1.00  0.70  0.99  1.00  0.99 ]
[ 1.00  1.00  1.00  1.00  1.00  1.00  0.99  0.99  1.00  1.00  1.00  0.41 ]

01/29 09:48:22 PM | === Batch 16/50
01/29 09:48:22 PM | loss = 0.505 + 0.473 + 0.044 = 1.023
01/29 09:48:23 PM | attribution_score[0:12]: 
[ 1.00  0.98  0.56  0.02  0.13  0.20  0.05  0.03  0.02  0.32  0.04  0.99 ]
[ 0.99  0.15  0.97  0.02  0.91  0.52  0.96  0.02  0.92  0.99  0.98  0.79 ]
[ 1.00  0.98  0.08  0.99  0.02  0.99  0.96  0.94  0.05  0.11  0.09  1.00 ]
[ 0.23  0.87  0.99  0.91  0.89  0.95  0.86  0.99  0.63  0.85  0.93  0.95 ]
[ 0.84  0.60  1.00  0.55  0.87  0.67  0.12  0.18  0.99  0.87  0.94  0.94 ]
[ 0.92  0.89  0.31  0.05  0.04  0.26  0.78  0.39  0.79  0.63  0.03  0.84 ]
[ 0.92  0.35  0.85  0.74  0.90  0.46  0.65  0.47  0.95  0.93  0.99  0.05 ]
[ 0.02  0.04  0.02  0.02  0.31  0.08  0.80  0.01  0.92  0.06  0.22  0.75 ]
[ 0.89  0.97  0.03  0.90  0.69  0.04  0.10  0.40  0.89  0.09  0.96  0.94 ]
[ 0.90  0.06  0.03  0.02  0.96  0.84  0.05  0.03  0.99  0.05  0.24  0.60 ]
[ 0.22  0.99  0.99  0.75  0.89  0.99  0.98  0.99  0.99  0.90  1.00  0.97 ]
[ 1.00  1.00  0.97  0.99  0.99  0.98  0.98  1.00  0.68  0.99  1.00  0.99 ]
[ 1.00  1.00  1.00  1.00  1.00  1.00  0.99  0.99  1.00  1.00  1.00  0.35 ]

01/29 09:48:23 PM | === Batch 17/50
01/29 09:48:23 PM | loss = 0.506 + 0.446 + 0.042 = 0.995
01/29 09:48:23 PM | attribution_score[0:12]: 
[ 1.00  0.98  0.55  0.01  0.12  0.20  0.04  0.02  0.02  0.32  0.04  0.99 ]
[ 0.99  0.14  0.97  0.02  0.91  0.50  0.96  0.02  0.93  0.99  0.98  0.78 ]
[ 1.00  0.98  0.07  0.99  0.02  0.99  0.96  0.94  0.04  0.10  0.07  1.00 ]
[ 0.22  0.87  0.99  0.90  0.91  0.95  0.85  0.99  0.61  0.84  0.94  0.95 ]
[ 0.82  0.62  1.00  0.57  0.85  0.64  0.11  0.16  0.99  0.87  0.94  0.95 ]
[ 0.93  0.89  0.31  0.04  0.04  0.25  0.78  0.33  0.82  0.61  0.02  0.85 ]
[ 0.91  0.37  0.81  0.75  0.91  0.43  0.60  0.41  0.95  0.93  0.99  0.04 ]
[ 0.01  0.04  0.02  0.01  0.26  0.07  0.80  0.01  0.94  0.06  0.23  0.76 ]
[ 0.89  0.98  0.02  0.91  0.71  0.03  0.09  0.40  0.88  0.08  0.96  0.94 ]
[ 0.91  0.05  0.03  0.02  0.96  0.82  0.04  0.02  0.99  0.04  0.22  0.58 ]
[ 0.19  0.99  0.99  0.76  0.90  0.99  0.98  0.99  0.99  0.90  1.00  0.97 ]
[ 1.00  1.00  0.97  1.00  0.99  0.99  0.98  1.00  0.66  0.99  1.00  0.99 ]
[ 1.00  1.00  1.00  1.00  1.00  1.00  0.99  0.99  1.00  1.00  1.00  0.28 ]

01/29 09:48:23 PM | === Batch 18/50
01/29 09:48:23 PM | loss = 0.550 + 0.400 + 0.040 = 0.990
01/29 09:48:23 PM | attribution_score[0:12]: 
[ 1.00  0.98  0.51  0.01  0.10  0.21  0.04  0.02  0.01  0.29  0.03  0.99 ]
[ 0.99  0.14  0.98  0.02  0.90  0.50  0.96  0.01  0.94  0.99  0.98  0.75 ]
[ 1.00  0.98  0.06  0.99  0.02  0.99  0.96  0.94  0.04  0.08  0.06  1.00 ]
[ 0.21  0.86  0.99  0.89  0.93  0.96  0.83  0.99  0.58  0.82  0.95  0.95 ]
[ 0.81  0.63  1.00  0.62  0.84  0.59  0.11  0.14  0.99  0.87  0.94  0.95 ]
[ 0.93  0.89  0.28  0.04  0.03  0.24  0.75  0.28  0.82  0.63  0.02  0.85 ]
[ 0.91  0.36  0.76  0.75  0.92  0.41  0.53  0.37  0.95  0.93  0.99  0.04 ]
[ 0.01  0.03  0.02  0.01  0.21  0.07  0.81  0.01  0.95  0.05  0.22  0.75 ]
[ 0.90  0.98  0.02  0.91  0.72  0.03  0.07  0.41  0.88  0.07  0.97  0.94 ]
[ 0.91  0.04  0.02  0.02  0.97  0.81  0.03  0.02  0.99  0.03  0.21  0.55 ]
[ 0.16  0.99  0.99  0.76  0.90  0.99  0.98  0.99  1.00  0.90  1.00  0.98 ]
[ 1.00  1.00  0.97  1.00  1.00  0.99  0.98  1.00  0.64  0.99  1.00  0.99 ]
[ 1.00  1.00  1.00  1.00  1.00  1.00  0.99  0.99  1.00  1.00  1.00  0.22 ]

01/29 09:48:23 PM | === Batch 19/50
01/29 09:48:24 PM | loss = 0.484 + 0.345 + 0.039 = 0.867
01/29 09:48:24 PM | attribution_score[0:12]: 
[ 1.00  0.99  0.46  0.01  0.09  0.21  0.03  0.02  0.01  0.25  0.03  0.99 ]
[ 0.99  0.13  0.98  0.01  0.89  0.50  0.96  0.01  0.95  0.99  0.98  0.72 ]
[ 1.00  0.98  0.05  0.99  0.01  0.99  0.96  0.94  0.03  0.07  0.06  1.00 ]
[ 0.20  0.86  0.99  0.88  0.94  0.96  0.79  0.99  0.53  0.80  0.96  0.95 ]
[ 0.80  0.65  1.00  0.67  0.84  0.52  0.11  0.11  0.99  0.87  0.94  0.96 ]
[ 0.93  0.88  0.26  0.04  0.03  0.23  0.73  0.24  0.82  0.65  0.02  0.85 ]
[ 0.91  0.34  0.69  0.73  0.92  0.41  0.46  0.34  0.95  0.93  0.99  0.03 ]
[ 0.01  0.03  0.01  0.01  0.17  0.07  0.81  0.01  0.95  0.04  0.21  0.74 ]
[ 0.90  0.99  0.02  0.92  0.74  0.02  0.06  0.40  0.87  0.06  0.97  0.94 ]
[ 0.92  0.03  0.02  0.01  0.97  0.79  0.03  0.02  0.99  0.03  0.19  0.52 ]
[ 0.14  0.99  0.99  0.75  0.90  0.99  0.98  0.99  1.00  0.90  1.00  0.98 ]
[ 1.00  1.00  0.97  1.00  1.00  0.99  0.98  1.00  0.61  0.99  1.00  0.99 ]
[ 1.00  1.00  1.00  1.00  1.00  1.00  0.99  0.99  1.00  1.00  1.00  0.17 ]

01/29 09:48:24 PM | === Batch 20/50
01/29 09:48:24 PM | loss = 0.539 + 0.280 + 0.037 = 0.857
01/29 09:48:24 PM | === Batch 21/50
01/29 09:48:24 PM | loss = 0.612 + 0.215 + 0.036 = 0.863
01/29 09:48:25 PM | === Batch 22/50
01/29 09:48:25 PM | loss = 0.530 + 0.148 + 0.034 = 0.713
01/29 09:48:25 PM | === Batch 23/50
01/29 09:48:25 PM | loss = 0.689 + 0.081 + 0.033 = 0.804
01/29 09:48:25 PM | === Batch 24/50
01/29 09:48:26 PM | loss = 0.756 + 0.022 + 0.032 = 0.810
01/29 09:48:26 PM | === Batch 25/50
01/29 09:48:26 PM | loss = 0.550 + 0.073 + 0.031 = 0.654
01/29 09:48:26 PM | === Batch 26/50
01/29 09:48:26 PM | loss = 0.557 + 0.076 + 0.030 = 0.662
01/29 09:48:27 PM | === Batch 27/50
01/29 09:48:27 PM | loss = 0.556 + 0.002 + 0.029 = 0.587
01/29 09:48:27 PM | === Batch 28/50
01/29 09:48:27 PM | loss = 0.543 + 0.030 + 0.028 = 0.601
01/29 09:48:27 PM | === Batch 29/50
01/29 09:48:28 PM | loss = 0.561 + 0.042 + 0.027 = 0.630
01/29 09:48:28 PM | === Batch 30/50
01/29 09:48:28 PM | loss = 0.534 + 0.041 + 0.026 = 0.601
01/29 09:48:28 PM | === Batch 31/50
01/29 09:48:28 PM | loss = 0.570 + 0.029 + 0.026 = 0.625
01/29 09:48:29 PM | === Batch 32/50
01/29 09:48:29 PM | loss = 0.468 + 0.007 + 0.025 = 0.501
01/29 09:48:29 PM | === Batch 33/50
01/29 09:48:29 PM | loss = 0.663 + 0.041 + 0.025 = 0.729
01/29 09:48:29 PM | === Batch 34/50
01/29 09:48:30 PM | loss = 0.501 + 0.031 + 0.024 = 0.557
01/29 09:48:30 PM | === Batch 35/50
01/29 09:48:30 PM | loss = 0.516 + 0.018 + 0.024 = 0.558
01/29 09:48:30 PM | === Batch 36/50
01/29 09:48:30 PM | loss = 0.644 + 0.043 + 0.024 = 0.711
01/29 09:48:31 PM | === Batch 37/50
01/29 09:48:31 PM | loss = 0.463 + 0.057 + 0.023 = 0.543
01/29 09:48:31 PM | === Batch 38/50
01/29 09:48:31 PM | loss = 0.320 + 0.060 + 0.023 = 0.402
01/29 09:48:31 PM | === Batch 39/50
01/29 09:48:32 PM | loss = 0.480 + 0.051 + 0.022 = 0.553
01/29 09:48:32 PM | === Batch 40/50
01/29 09:48:32 PM | loss = 0.524 + 0.031 + 0.022 = 0.577
01/29 09:48:32 PM | === Batch 41/50
01/29 09:48:32 PM | loss = 0.469 + 0.005 + 0.022 = 0.496
01/29 09:48:33 PM | === Batch 42/50
01/29 09:48:33 PM | loss = 0.408 + 0.054 + 0.022 = 0.484
01/29 09:48:33 PM | === Batch 43/50
01/29 09:48:33 PM | loss = 0.647 + 0.051 + 0.021 = 0.719
01/29 09:48:33 PM | === Batch 44/50
01/29 09:48:34 PM | loss = 0.452 + 0.001 + 0.021 = 0.474
01/29 09:48:34 PM | === Batch 45/50
01/29 09:48:34 PM | loss = 0.477 + 0.017 + 0.021 = 0.515
01/29 09:48:34 PM | === Batch 46/50
01/29 09:48:34 PM | loss = 0.399 + 0.025 + 0.021 = 0.444
01/29 09:48:35 PM | === Batch 47/50
01/29 09:48:35 PM | loss = 0.486 + 0.022 + 0.020 = 0.528
01/29 09:48:35 PM | === Batch 48/50
01/29 09:48:35 PM | loss = 0.664 + 0.011 + 0.020 = 0.695
01/29 09:48:35 PM | === Batch 49/50
01/29 09:48:36 PM | loss = 0.559 + 0.009 + 0.020 = 0.588
01/29 09:48:36 PM | === Batch 50/50
01/29 09:48:36 PM | loss = 0.528 + 0.012 + 0.020 = 0.559
01/29 09:48:36 PM | ===
Best loss was 0.40 at iteration 38

01/29 09:48:36 PM | Looking for optimal threshold...
01/29 09:48:36 PM | Testing threshold 0.5
01/29 09:48:36 PM | Distance to target: 3,417,776
01/29 09:48:36 PM | Testing threshold 0.75
01/29 09:48:36 PM | Distance to target: 11,302,320
01/29 09:48:36 PM | Testing threshold 0.625
01/29 09:48:36 PM | Distance to target: 1,994,440
01/29 09:48:36 PM | Testing threshold 0.5625
01/29 09:48:36 PM | Distance to target: 1,100,424
01/29 09:48:36 PM | Testing threshold 0.59375
01/29 09:48:36 PM | Distance to target: 67,400
01/29 09:48:36 PM | Testing threshold 0.609375
01/29 09:48:36 PM | Distance to target: 1,454,568
01/29 09:48:36 PM | Testing threshold 0.6015625
01/29 09:48:36 PM | Distance to target: 800,152
01/29 09:48:36 PM | Testing threshold 0.59765625
01/29 09:48:36 PM | Distance to target: 411,000
01/29 09:48:36 PM | Testing threshold 0.595703125
01/29 09:48:37 PM | Distance to target: 180,248
01/29 09:48:37 PM | Testing threshold 0.5947265625
01/29 09:48:37 PM | Distance to target: 43,032
01/29 09:48:38 PM | attribution_score[0:12]: 
[ 1.00  1.00  0.00  0.00  0.00  0.00  0.00  0.00  0.00  0.00  0.00  1.00 ]
[ 1.00  0.00  1.00  0.00  1.00  0.00  1.00  0.00  1.00  1.00  1.00  1.00 ]
[ 1.00  1.00  0.00  1.00  0.00  1.00  1.00  1.00  0.00  0.00  0.00  1.00 ]
[ 0.00  0.00  1.00  1.00  1.00  1.00  0.00  1.00  1.00  1.00  1.00  1.00 ]
[ 1.00  1.00  1.00  1.00  1.00  0.00  0.00  0.00  1.00  1.00  1.00  1.00 ]
[ 1.00  1.00  0.00  0.00  0.00  0.00  1.00  0.00  0.00  0.00  0.00  1.00 ]
[ 1.00  0.00  0.00  1.00  1.00  0.00  0.00  0.00  1.00  1.00  1.00  0.00 ]
[ 0.00  0.00  0.00  0.00  0.00  0.00  1.00  0.00  1.00  0.00  0.00  1.00 ]
[ 1.00  1.00  0.00  1.00  1.00  0.00  0.00  0.00  1.00  0.00  1.00  1.00 ]
[ 1.00  0.00  0.00  0.00  1.00  1.00  0.00  0.00  1.00  0.00  0.00  0.00 ]
[ 0.00  1.00  1.00  0.00  1.00  1.00  1.00  1.00  1.00  1.00  1.00  1.00 ]
[ 1.00  1.00  1.00  1.00  1.00  1.00  1.00  1.00  1.00  1.00  1.00  1.00 ]
[ 1.00  1.00  1.00  1.00  1.00  1.00  1.00  1.00  1.00  1.00  1.00  0.00 ]

01/29 09:48:38 PM | VGG(
  (features): Sequential(
    (conv0): Conv2d(3, 24, kernel_size=(3, 3), stride=(1, 1), padding=(1, 1))
    (norm0): BatchNorm2d(24, eps=1e-05, momentum=0.1, affine=True, track_running_stats=True)
    (relu0): ReLU(inplace=True)
    (conv1): Conv2d(24, 47, kernel_size=(3, 3), stride=(1, 1), padding=(1, 1))
    (norm1): BatchNorm2d(47, eps=1e-05, momentum=0.1, affine=True, track_running_stats=True)
    (relu1): ReLU(inplace=True)
    (pool2): MaxPool2d(kernel_size=2, stride=2, padding=0, dilation=1, ceil_mode=False)
    (conv3): Conv2d(47, 81, kernel_size=(3, 3), stride=(1, 1), padding=(1, 1))
    (norm3): BatchNorm2d(81, eps=1e-05, momentum=0.1, affine=True, track_running_stats=True)
    (relu3): ReLU(inplace=True)
    (conv4): Conv2d(81, 100, kernel_size=(3, 3), stride=(1, 1), padding=(1, 1))
    (norm4): BatchNorm2d(100, eps=1e-05, momentum=0.1, affine=True, track_running_stats=True)
    (relu4): ReLU(inplace=True)
    (pool5): MaxPool2d(kernel_size=2, stride=2, padding=0, dilation=1, ceil_mode=False)
    (conv6): Conv2d(100, 161, kernel_size=(3, 3), stride=(1, 1), padding=(1, 1))
    (norm6): BatchNorm2d(161, eps=1e-05, momentum=0.1, affine=True, track_running_stats=True)
    (relu6): ReLU(inplace=True)
    (conv7): Conv2d(161, 138, kernel_size=(3, 3), stride=(1, 1), padding=(1, 1))
    (norm7): BatchNorm2d(138, eps=1e-05, momentum=0.1, affine=True, track_running_stats=True)
    (relu7): ReLU(inplace=True)
    (conv8): Conv2d(138, 149, kernel_size=(3, 3), stride=(1, 1), padding=(1, 1))
    (norm8): BatchNorm2d(149, eps=1e-05, momentum=0.1, affine=True, track_running_stats=True)
    (relu8): ReLU(inplace=True)
    (pool9): MaxPool2d(kernel_size=2, stride=2, padding=0, dilation=1, ceil_mode=False)
    (conv10): Conv2d(149, 214, kernel_size=(3, 3), stride=(1, 1), padding=(1, 1))
    (norm10): BatchNorm2d(214, eps=1e-05, momentum=0.1, affine=True, track_running_stats=True)
    (relu10): ReLU(inplace=True)
    (conv11): Conv2d(214, 167, kernel_size=(3, 3), stride=(1, 1), padding=(1, 1))
    (norm11): BatchNorm2d(167, eps=1e-05, momentum=0.1, affine=True, track_running_stats=True)
    (relu11): ReLU(inplace=True)
    (conv12): Conv2d(167, 248, kernel_size=(3, 3), stride=(1, 1), padding=(1, 1))
    (norm12): BatchNorm2d(248, eps=1e-05, momentum=0.1, affine=True, track_running_stats=True)
    (relu12): ReLU(inplace=True)
    (pool13): MaxPool2d(kernel_size=2, stride=2, padding=0, dilation=1, ceil_mode=False)
    (conv14): Conv2d(248, 408, kernel_size=(3, 3), stride=(1, 1), padding=(1, 1))
    (norm14): BatchNorm2d(408, eps=1e-05, momentum=0.1, affine=True, track_running_stats=True)
    (relu14): ReLU(inplace=True)
    (conv15): Conv2d(408, 483, kernel_size=(3, 3), stride=(1, 1), padding=(1, 1))
    (norm15): BatchNorm2d(483, eps=1e-05, momentum=0.1, affine=True, track_running_stats=True)
    (relu15): ReLU(inplace=True)
    (conv16): Conv2d(483, 509, kernel_size=(3, 3), stride=(1, 1), padding=(1, 1))
    (norm16): BatchNorm2d(509, eps=1e-05, momentum=0.1, affine=True, track_running_stats=True)
    (relu16): ReLU(inplace=True)
  )
  (classifier): Sequential(
    (linear1): Linear(in_features=509, out_features=512, bias=True)
    (norm1): BatchNorm1d(512, eps=1e-05, momentum=0.1, affine=True, track_running_stats=True)
    (relu1): ReLU(inplace=True)
    (linear2): Linear(in_features=512, out_features=10, bias=True)
  )
)
01/29 09:48:40 PM | ----------------------------------------
01/29 09:48:40 PM | Performances input model:
01/29 09:48:40 PM |  - flops: 314,294,272
01/29 09:48:40 PM |  - params: 14,991,946
01/29 09:48:40 PM |  - accuracy: 93.95999908447266
01/29 09:48:40 PM | ----------------------------------------
01/29 09:48:40 PM | Performances pseudo-pruned model:
01/29 09:48:40 PM |  - flops: 314,294,272
01/29 09:48:40 PM |  - params: 14,991,946
01/29 09:48:40 PM |  - accuracy: 77.25
01/29 09:48:40 PM | ----------------------------------------
01/29 09:48:40 PM | Performances pruned model:
01/29 09:48:40 PM |  - flops: 108,453,868
01/29 09:48:40 PM |  - params: 6,801,559
01/29 09:48:40 PM |  - accuracy: 77.25
01/29 09:48:40 PM | ----------------------------------------
01/29 09:48:40 PM | Total time: 31.65s
