01/29 04:29:25 AM | args = Namespace(output_dir='result/rebuttal/nb_epoch/vgg/nbbtchs230/seed_02', loaded_model_path='./checkpoints/cifar10/vgg_16_bn.pt', resume=False, test_only=False, mode='prune', batch_size=64, nb_batches=230, Mflops_target=None, lr=0.6, momentum=0.9, beta=6, gamma=0.4, gpu='0', num_workers=4, dataset='cifar10', arch='vgg_16_bn', save_plot=False, seed=2, lr_finetuning=0.02, epoch_finetuning=200, wd=0.002, data_dir='./data/cifar10/', print_freq=200, num_classes=10, device_ids=[0], device=device(type='cuda', index=0), name_base='')
01/29 04:29:31 AM | ----------------------------------------
01/29 04:29:31 AM | ==> Building model...
01/29 04:29:31 AM | ----------------------------------------
01/29 04:29:31 AM | ==> Loading weights into the model...
01/29 04:29:31 AM | ----------------------------------------
01/29 04:29:31 AM | VGG(
  (features): Sequential(
    (conv0): Conv2d(3, 64, kernel_size=(3, 3), stride=(1, 1), padding=(1, 1))
    (norm0): BatchNorm2d(64, eps=1e-05, momentum=0.1, affine=True, track_running_stats=True)
    (relu0): ReLU(inplace=True)
    (conv1): Conv2d(64, 64, kernel_size=(3, 3), stride=(1, 1), padding=(1, 1))
    (norm1): BatchNorm2d(64, eps=1e-05, momentum=0.1, affine=True, track_running_stats=True)
    (relu1): ReLU(inplace=True)
    (pool2): MaxPool2d(kernel_size=2, stride=2, padding=0, dilation=1, ceil_mode=False)
    (conv3): Conv2d(64, 128, kernel_size=(3, 3), stride=(1, 1), padding=(1, 1))
    (norm3): BatchNorm2d(128, eps=1e-05, momentum=0.1, affine=True, track_running_stats=True)
    (relu3): ReLU(inplace=True)
    (conv4): Conv2d(128, 128, kernel_size=(3, 3), stride=(1, 1), padding=(1, 1))
    (norm4): BatchNorm2d(128, eps=1e-05, momentum=0.1, affine=True, track_running_stats=True)
    (relu4): ReLU(inplace=True)
    (pool5): MaxPool2d(kernel_size=2, stride=2, padding=0, dilation=1, ceil_mode=False)
    (conv6): Conv2d(128, 256, kernel_size=(3, 3), stride=(1, 1), padding=(1, 1))
    (norm6): BatchNorm2d(256, eps=1e-05, momentum=0.1, affine=True, track_running_stats=True)
    (relu6): ReLU(inplace=True)
    (conv7): Conv2d(256, 256, kernel_size=(3, 3), stride=(1, 1), padding=(1, 1))
    (norm7): BatchNorm2d(256, eps=1e-05, momentum=0.1, affine=True, track_running_stats=True)
    (relu7): ReLU(inplace=True)
    (conv8): Conv2d(256, 256, kernel_size=(3, 3), stride=(1, 1), padding=(1, 1))
    (norm8): BatchNorm2d(256, eps=1e-05, momentum=0.1, affine=True, track_running_stats=True)
    (relu8): ReLU(inplace=True)
    (pool9): MaxPool2d(kernel_size=2, stride=2, padding=0, dilation=1, ceil_mode=False)
    (conv10): Conv2d(256, 512, kernel_size=(3, 3), stride=(1, 1), padding=(1, 1))
    (norm10): BatchNorm2d(512, eps=1e-05, momentum=0.1, affine=True, track_running_stats=True)
    (relu10): ReLU(inplace=True)
    (conv11): Conv2d(512, 512, kernel_size=(3, 3), stride=(1, 1), padding=(1, 1))
    (norm11): BatchNorm2d(512, eps=1e-05, momentum=0.1, affine=True, track_running_stats=True)
    (relu11): ReLU(inplace=True)
    (conv12): Conv2d(512, 512, kernel_size=(3, 3), stride=(1, 1), padding=(1, 1))
    (norm12): BatchNorm2d(512, eps=1e-05, momentum=0.1, affine=True, track_running_stats=True)
    (relu12): ReLU(inplace=True)
    (pool13): MaxPool2d(kernel_size=2, stride=2, padding=0, dilation=1, ceil_mode=False)
    (conv14): Conv2d(512, 512, kernel_size=(3, 3), stride=(1, 1), padding=(1, 1))
    (norm14): BatchNorm2d(512, eps=1e-05, momentum=0.1, affine=True, track_running_stats=True)
    (relu14): ReLU(inplace=True)
    (conv15): Conv2d(512, 512, kernel_size=(3, 3), stride=(1, 1), padding=(1, 1))
    (norm15): BatchNorm2d(512, eps=1e-05, momentum=0.1, affine=True, track_running_stats=True)
    (relu15): ReLU(inplace=True)
    (conv16): Conv2d(512, 512, kernel_size=(3, 3), stride=(1, 1), padding=(1, 1))
    (norm16): BatchNorm2d(512, eps=1e-05, momentum=0.1, affine=True, track_running_stats=True)
    (relu16): ReLU(inplace=True)
  )
  (classifier): Sequential(
    (linear1): Linear(in_features=512, out_features=512, bias=True)
    (norm1): BatchNorm1d(512, eps=1e-05, momentum=0.1, affine=True, track_running_stats=True)
    (relu1): ReLU(inplace=True)
    (linear2): Linear(in_features=512, out_features=10, bias=True)
  )
)
01/29 04:29:33 AM | Save modules info...
01/29 04:29:33 AM | FLOPS pruning ratio is 0.65
01/29 04:29:33 AM | Pruning with information flow
01/29 04:29:33 AM | -----
01/29 04:29:33 AM | module: Conv2d(3, 64, kernel_size=(3, 3), stride=(1, 1), padding=(1, 1))
01/29 04:29:33 AM | cin: None
01/29 04:29:33 AM | cout: [0]
01/29 04:29:33 AM | inactive
01/29 04:29:33 AM | -----
01/29 04:29:33 AM | module: BatchNorm2d(64, eps=1e-05, momentum=0.1, affine=True, track_running_stats=True)
01/29 04:29:33 AM | cin: [0]
01/29 04:29:33 AM | cout: [0]
01/29 04:29:33 AM | inactive
01/29 04:29:33 AM | -----
01/29 04:29:33 AM | module: ReLU(inplace=True)
01/29 04:29:33 AM | cin: [0]
01/29 04:29:33 AM | cout: [0]
01/29 04:29:33 AM | active
01/29 04:29:33 AM | -----
01/29 04:29:33 AM | module: Conv2d(64, 64, kernel_size=(3, 3), stride=(1, 1), padding=(1, 1))
01/29 04:29:33 AM | cin: [0]
01/29 04:29:33 AM | cout: [1]
01/29 04:29:33 AM | inactive
01/29 04:29:33 AM | -----
01/29 04:29:33 AM | module: BatchNorm2d(64, eps=1e-05, momentum=0.1, affine=True, track_running_stats=True)
01/29 04:29:33 AM | cin: [1]
01/29 04:29:33 AM | cout: [1]
01/29 04:29:33 AM | inactive
01/29 04:29:33 AM | -----
01/29 04:29:33 AM | module: ReLU(inplace=True)
01/29 04:29:33 AM | cin: [1]
01/29 04:29:33 AM | cout: [1]
01/29 04:29:33 AM | active
01/29 04:29:33 AM | -----
01/29 04:29:33 AM | module: MaxPool2d(kernel_size=2, stride=2, padding=0, dilation=1, ceil_mode=False)
01/29 04:29:33 AM | cin: [1]
01/29 04:29:33 AM | cout: [1]
01/29 04:29:33 AM | inactive
01/29 04:29:33 AM | -----
01/29 04:29:33 AM | module: Conv2d(64, 128, kernel_size=(3, 3), stride=(1, 1), padding=(1, 1))
01/29 04:29:33 AM | cin: [1]
01/29 04:29:33 AM | cout: [2]
01/29 04:29:33 AM | inactive
01/29 04:29:33 AM | -----
01/29 04:29:33 AM | module: BatchNorm2d(128, eps=1e-05, momentum=0.1, affine=True, track_running_stats=True)
01/29 04:29:33 AM | cin: [2]
01/29 04:29:33 AM | cout: [2]
01/29 04:29:33 AM | inactive
01/29 04:29:33 AM | -----
01/29 04:29:33 AM | module: ReLU(inplace=True)
01/29 04:29:33 AM | cin: [2]
01/29 04:29:33 AM | cout: [2]
01/29 04:29:33 AM | active
01/29 04:29:33 AM | -----
01/29 04:29:33 AM | module: Conv2d(128, 128, kernel_size=(3, 3), stride=(1, 1), padding=(1, 1))
01/29 04:29:33 AM | cin: [2]
01/29 04:29:33 AM | cout: [3]
01/29 04:29:33 AM | inactive
01/29 04:29:33 AM | -----
01/29 04:29:33 AM | module: BatchNorm2d(128, eps=1e-05, momentum=0.1, affine=True, track_running_stats=True)
01/29 04:29:33 AM | cin: [3]
01/29 04:29:33 AM | cout: [3]
01/29 04:29:33 AM | inactive
01/29 04:29:33 AM | -----
01/29 04:29:33 AM | module: ReLU(inplace=True)
01/29 04:29:33 AM | cin: [3]
01/29 04:29:33 AM | cout: [3]
01/29 04:29:33 AM | active
01/29 04:29:33 AM | -----
01/29 04:29:33 AM | module: MaxPool2d(kernel_size=2, stride=2, padding=0, dilation=1, ceil_mode=False)
01/29 04:29:33 AM | cin: [3]
01/29 04:29:33 AM | cout: [3]
01/29 04:29:33 AM | inactive
01/29 04:29:33 AM | -----
01/29 04:29:33 AM | module: Conv2d(128, 256, kernel_size=(3, 3), stride=(1, 1), padding=(1, 1))
01/29 04:29:33 AM | cin: [3]
01/29 04:29:33 AM | cout: [4]
01/29 04:29:33 AM | inactive
01/29 04:29:33 AM | -----
01/29 04:29:33 AM | module: BatchNorm2d(256, eps=1e-05, momentum=0.1, affine=True, track_running_stats=True)
01/29 04:29:33 AM | cin: [4]
01/29 04:29:33 AM | cout: [4]
01/29 04:29:33 AM | inactive
01/29 04:29:33 AM | -----
01/29 04:29:33 AM | module: ReLU(inplace=True)
01/29 04:29:33 AM | cin: [4]
01/29 04:29:33 AM | cout: [4]
01/29 04:29:33 AM | active
01/29 04:29:33 AM | -----
01/29 04:29:33 AM | module: Conv2d(256, 256, kernel_size=(3, 3), stride=(1, 1), padding=(1, 1))
01/29 04:29:33 AM | cin: [4]
01/29 04:29:33 AM | cout: [5]
01/29 04:29:33 AM | inactive
01/29 04:29:33 AM | -----
01/29 04:29:33 AM | module: BatchNorm2d(256, eps=1e-05, momentum=0.1, affine=True, track_running_stats=True)
01/29 04:29:33 AM | cin: [5]
01/29 04:29:33 AM | cout: [5]
01/29 04:29:33 AM | inactive
01/29 04:29:33 AM | -----
01/29 04:29:33 AM | module: ReLU(inplace=True)
01/29 04:29:33 AM | cin: [5]
01/29 04:29:33 AM | cout: [5]
01/29 04:29:33 AM | active
01/29 04:29:33 AM | -----
01/29 04:29:33 AM | module: Conv2d(256, 256, kernel_size=(3, 3), stride=(1, 1), padding=(1, 1))
01/29 04:29:33 AM | cin: [5]
01/29 04:29:33 AM | cout: [6]
01/29 04:29:33 AM | inactive
01/29 04:29:33 AM | -----
01/29 04:29:33 AM | module: BatchNorm2d(256, eps=1e-05, momentum=0.1, affine=True, track_running_stats=True)
01/29 04:29:33 AM | cin: [6]
01/29 04:29:33 AM | cout: [6]
01/29 04:29:33 AM | inactive
01/29 04:29:33 AM | -----
01/29 04:29:33 AM | module: ReLU(inplace=True)
01/29 04:29:33 AM | cin: [6]
01/29 04:29:33 AM | cout: [6]
01/29 04:29:33 AM | active
01/29 04:29:33 AM | -----
01/29 04:29:33 AM | module: MaxPool2d(kernel_size=2, stride=2, padding=0, dilation=1, ceil_mode=False)
01/29 04:29:33 AM | cin: [6]
01/29 04:29:33 AM | cout: [6]
01/29 04:29:33 AM | inactive
01/29 04:29:33 AM | -----
01/29 04:29:33 AM | module: Conv2d(256, 512, kernel_size=(3, 3), stride=(1, 1), padding=(1, 1))
01/29 04:29:33 AM | cin: [6]
01/29 04:29:33 AM | cout: [7]
01/29 04:29:33 AM | inactive
01/29 04:29:33 AM | -----
01/29 04:29:33 AM | module: BatchNorm2d(512, eps=1e-05, momentum=0.1, affine=True, track_running_stats=True)
01/29 04:29:33 AM | cin: [7]
01/29 04:29:33 AM | cout: [7]
01/29 04:29:33 AM | inactive
01/29 04:29:33 AM | -----
01/29 04:29:33 AM | module: ReLU(inplace=True)
01/29 04:29:33 AM | cin: [7]
01/29 04:29:33 AM | cout: [7]
01/29 04:29:33 AM | active
01/29 04:29:33 AM | -----
01/29 04:29:33 AM | module: Conv2d(512, 512, kernel_size=(3, 3), stride=(1, 1), padding=(1, 1))
01/29 04:29:33 AM | cin: [7]
01/29 04:29:33 AM | cout: [8]
01/29 04:29:33 AM | inactive
01/29 04:29:33 AM | -----
01/29 04:29:33 AM | module: BatchNorm2d(512, eps=1e-05, momentum=0.1, affine=True, track_running_stats=True)
01/29 04:29:33 AM | cin: [8]
01/29 04:29:33 AM | cout: [8]
01/29 04:29:33 AM | inactive
01/29 04:29:33 AM | -----
01/29 04:29:33 AM | module: ReLU(inplace=True)
01/29 04:29:33 AM | cin: [8]
01/29 04:29:33 AM | cout: [8]
01/29 04:29:33 AM | active
01/29 04:29:33 AM | -----
01/29 04:29:33 AM | module: Conv2d(512, 512, kernel_size=(3, 3), stride=(1, 1), padding=(1, 1))
01/29 04:29:33 AM | cin: [8]
01/29 04:29:33 AM | cout: [9]
01/29 04:29:33 AM | inactive
01/29 04:29:33 AM | -----
01/29 04:29:33 AM | module: BatchNorm2d(512, eps=1e-05, momentum=0.1, affine=True, track_running_stats=True)
01/29 04:29:33 AM | cin: [9]
01/29 04:29:33 AM | cout: [9]
01/29 04:29:33 AM | inactive
01/29 04:29:33 AM | -----
01/29 04:29:33 AM | module: ReLU(inplace=True)
01/29 04:29:33 AM | cin: [9]
01/29 04:29:33 AM | cout: [9]
01/29 04:29:33 AM | active
01/29 04:29:33 AM | -----
01/29 04:29:33 AM | module: MaxPool2d(kernel_size=2, stride=2, padding=0, dilation=1, ceil_mode=False)
01/29 04:29:33 AM | cin: [9]
01/29 04:29:33 AM | cout: [9]
01/29 04:29:33 AM | inactive
01/29 04:29:33 AM | -----
01/29 04:29:33 AM | module: Conv2d(512, 512, kernel_size=(3, 3), stride=(1, 1), padding=(1, 1))
01/29 04:29:33 AM | cin: [9]
01/29 04:29:33 AM | cout: [10]
01/29 04:29:33 AM | inactive
01/29 04:29:33 AM | -----
01/29 04:29:33 AM | module: BatchNorm2d(512, eps=1e-05, momentum=0.1, affine=True, track_running_stats=True)
01/29 04:29:33 AM | cin: [10]
01/29 04:29:33 AM | cout: [10]
01/29 04:29:33 AM | inactive
01/29 04:29:33 AM | -----
01/29 04:29:33 AM | module: ReLU(inplace=True)
01/29 04:29:33 AM | cin: [10]
01/29 04:29:33 AM | cout: [10]
01/29 04:29:33 AM | active
01/29 04:29:33 AM | -----
01/29 04:29:33 AM | module: Conv2d(512, 512, kernel_size=(3, 3), stride=(1, 1), padding=(1, 1))
01/29 04:29:33 AM | cin: [10]
01/29 04:29:33 AM | cout: [11]
01/29 04:29:33 AM | inactive
01/29 04:29:33 AM | -----
01/29 04:29:33 AM | module: BatchNorm2d(512, eps=1e-05, momentum=0.1, affine=True, track_running_stats=True)
01/29 04:29:33 AM | cin: [11]
01/29 04:29:33 AM | cout: [11]
01/29 04:29:33 AM | inactive
01/29 04:29:33 AM | -----
01/29 04:29:33 AM | module: ReLU(inplace=True)
01/29 04:29:33 AM | cin: [11]
01/29 04:29:33 AM | cout: [11]
01/29 04:29:33 AM | active
01/29 04:29:33 AM | -----
01/29 04:29:33 AM | module: Conv2d(512, 512, kernel_size=(3, 3), stride=(1, 1), padding=(1, 1))
01/29 04:29:33 AM | cin: [11]
01/29 04:29:33 AM | cout: [12]
01/29 04:29:33 AM | inactive
01/29 04:29:33 AM | -----
01/29 04:29:33 AM | module: BatchNorm2d(512, eps=1e-05, momentum=0.1, affine=True, track_running_stats=True)
01/29 04:29:33 AM | cin: [12]
01/29 04:29:33 AM | cout: [12]
01/29 04:29:33 AM | inactive
01/29 04:29:33 AM | -----
01/29 04:29:33 AM | module: ReLU(inplace=True)
01/29 04:29:33 AM | cin: [12]
01/29 04:29:33 AM | cout: [12]
01/29 04:29:33 AM | active
01/29 04:29:33 AM | -----
01/29 04:29:33 AM | module: Linear(in_features=512, out_features=512, bias=True)
01/29 04:29:33 AM | cin: [12]
01/29 04:29:33 AM | cout: None
01/29 04:29:33 AM | inactive
01/29 04:29:33 AM | -----
01/29 04:29:33 AM | module: ReLU(inplace=True)
01/29 04:29:33 AM | cin: None
01/29 04:29:33 AM | cout: None
01/29 04:29:33 AM | active
01/29 04:29:33 AM | -----
01/29 04:29:33 AM | module: Linear(in_features=512, out_features=10, bias=True)
01/29 04:29:33 AM | cin: None
01/29 04:29:33 AM | cout: None
01/29 04:29:33 AM | inactive
01/29 04:29:33 AM | Used masks: [0, 1, 2, 3, 4, 5, 6, 7, 8, 9, 10, 11, 12]
01/29 04:29:33 AM | 13 unique masks in total
01/29 04:29:33 AM | === Batch 1/230
01/29 04:29:33 AM | loss = 0.166 + 4.266 + 0.040 = 4.472
01/29 04:29:34 AM | attribution_score[0:12]: 
[ 0.83  0.94  0.83  0.83  0.83  0.83  0.83  0.83  0.83  0.94  0.83  0.94 ]
[ 0.94  0.83  0.94  0.83  0.94  0.83  0.94  0.83  0.83  0.94  0.83  0.83 ]
[ 0.94  0.94  0.83  0.94  0.83  0.83  0.94  0.94  0.83  0.83  0.83  0.94 ]
[ 0.83  0.94  0.94  0.94  0.94  0.94  0.83  0.83  0.94  0.83  0.94  0.94 ]
[ 0.94  0.83  0.83  0.83  0.83  0.94  0.83  0.83  0.83  0.83  0.83  0.83 ]
[ 0.83  0.83  0.83  0.94  0.83  0.83  0.94  0.83  0.83  0.83  0.83  0.83 ]
[ 0.94  0.83  0.83  0.83  0.83  0.83  0.94  0.83  0.94  0.83  0.94  0.83 ]
[ 0.83  0.83  0.83  0.83  0.83  0.83  0.94  0.83  0.83  0.94  0.83  0.83 ]
[ 0.83  0.83  0.83  0.83  0.83  0.83  0.83  0.83  0.83  0.83  0.83  0.83 ]
[ 0.83  0.83  0.83  0.83  0.83  0.83  0.83  0.83  0.83  0.83  0.83  0.83 ]
[ 0.83  0.83  0.83  0.83  0.83  0.83  0.83  0.83  0.83  0.83  0.94  0.83 ]
[ 0.83  0.94  0.83  0.83  0.83  0.83  0.83  0.94  0.83  0.83  0.83  0.83 ]
[ 0.94  0.94  0.94  0.83  0.94  0.94  0.83  0.83  0.83  0.94  0.83  0.83 ]

01/29 04:29:34 AM | === Batch 2/230
01/29 04:29:34 AM | loss = 0.241 + 3.587 + 0.056 = 3.884
01/29 04:29:34 AM | attribution_score[0:12]: 
[ 0.88  0.97  0.73  0.75  0.73  0.74  0.75  0.73  0.73  0.93  0.73  0.96 ]
[ 0.94  0.73  0.95  0.73  0.94  0.86  0.94  0.74  0.75  0.96  0.87  0.74 ]
[ 0.96  0.96  0.73  0.96  0.76  0.88  0.94  0.95  0.73  0.73  0.84  0.95 ]
[ 0.78  0.91  0.91  0.97  0.96  0.97  0.79  0.74  0.94  0.75  0.92  0.95 ]
[ 0.96  0.88  0.75  0.73  0.81  0.96  0.73  0.73  0.87  0.75  0.78  0.75 ]
[ 0.73  0.86  0.74  0.94  0.79  0.75  0.92  0.73  0.75  0.74  0.73  0.74 ]
[ 0.94  0.74  0.80  0.82  0.73  0.73  0.94  0.87  0.96  0.85  0.97  0.77 ]
[ 0.73  0.73  0.73  0.73  0.74  0.75  0.96  0.73  0.73  0.91  0.73  0.74 ]
[ 0.74  0.73  0.73  0.73  0.76  0.73  0.73  0.73  0.81  0.73  0.73  0.85 ]
[ 0.74  0.74  0.73  0.73  0.75  0.76  0.73  0.73  0.74  0.73  0.74  0.76 ]
[ 0.73  0.88  0.81  0.74  0.73  0.73  0.84  0.86  0.73  0.77  0.97  0.88 ]
[ 0.88  0.97  0.82  0.87  0.88  0.78  0.87  0.97  0.76  0.76  0.87  0.76 ]
[ 0.96  0.97  0.97  0.86  0.96  0.96  0.85  0.88  0.88  0.95  0.75  0.75 ]

01/29 04:29:34 AM | === Batch 3/230
01/29 04:29:34 AM | loss = 0.187 + 2.847 + 0.073 = 3.107
01/29 04:29:35 AM | attribution_score[0:12]: 
[ 0.91  0.98  0.62  0.63  0.61  0.62  0.63  0.60  0.60  0.91  0.61  0.96 ]
[ 0.94  0.60  0.94  0.60  0.92  0.88  0.93  0.62  0.65  0.97  0.90  0.62 ]
[ 0.97  0.98  0.61  0.97  0.65  0.91  0.92  0.95  0.60  0.62  0.79  0.95 ]
[ 0.69  0.87  0.87  0.98  0.96  0.98  0.72  0.61  0.94  0.63  0.88  0.96 ]
[ 0.97  0.92  0.73  0.60  0.77  0.96  0.60  0.61  0.91  0.69  0.74  0.72 ]
[ 0.60  0.89  0.62  0.92  0.72  0.65  0.87  0.60  0.65  0.62  0.60  0.61 ]
[ 0.92  0.62  0.73  0.77  0.65  0.60  0.91  0.86  0.97  0.89  0.98  0.70 ]
[ 0.60  0.60  0.60  0.60  0.62  0.65  0.96  0.60  0.60  0.86  0.60  0.63 ]
[ 0.62  0.60  0.60  0.60  0.66  0.60  0.60  0.60  0.76  0.60  0.60  0.87 ]
[ 0.62  0.61  0.61  0.60  0.64  0.66  0.60  0.60  0.61  0.60  0.61  0.65 ]
[ 0.60  0.92  0.83  0.61  0.60  0.61  0.86  0.87  0.60  0.69  0.98  0.86 ]
[ 0.91  0.98  0.78  0.91  0.92  0.72  0.90  0.98  0.65  0.78  0.90  0.65 ]
[ 0.97  0.98  0.98  0.81  0.97  0.98  0.88  0.92  0.91  0.96  0.77  0.66 ]

01/29 04:29:35 AM | === Batch 4/230
01/29 04:29:35 AM | loss = 0.400 + 1.920 + 0.096 = 2.415
01/29 04:29:35 AM | attribution_score[0:12]: 
[ 0.94  0.98  0.50  0.49  0.46  0.48  0.49  0.46  0.45  0.86  0.46  0.96 ]
[ 0.93  0.46  0.92  0.45  0.90  0.89  0.92  0.49  0.53  0.96  0.93  0.48 ]
[ 0.97  0.98  0.47  0.97  0.53  0.93  0.90  0.95  0.45  0.48  0.72  0.95 ]
[ 0.57  0.80  0.81  0.98  0.97  0.98  0.73  0.47  0.94  0.58  0.82  0.97 ]
[ 0.97  0.93  0.69  0.51  0.80  0.96  0.45  0.47  0.93  0.59  0.76  0.64 ]
[ 0.46  0.90  0.47  0.90  0.61  0.51  0.83  0.47  0.53  0.48  0.46  0.55 ]
[ 0.88  0.51  0.62  0.70  0.54  0.46  0.89  0.87  0.97  0.92  0.99  0.60 ]
[ 0.45  0.47  0.47  0.46  0.49  0.53  0.96  0.45  0.46  0.79  0.47  0.52 ]
[ 0.48  0.53  0.45  0.50  0.54  0.45  0.45  0.50  0.70  0.45  0.55  0.90 ]
[ 0.50  0.47  0.46  0.45  0.51  0.54  0.45  0.45  0.47  0.45  0.52  0.54 ]
[ 0.46  0.95  0.88  0.51  0.50  0.48  0.90  0.88  0.65  0.74  0.99  0.82 ]
[ 0.93  0.99  0.78  0.95  0.95  0.74  0.93  0.99  0.58  0.81  0.93  0.52 ]
[ 0.98  0.99  0.99  0.74  0.98  0.99  0.92  0.95  0.94  0.96  0.76  0.54 ]

01/29 04:29:35 AM | === Batch 5/230
01/29 04:29:35 AM | loss = 0.815 + 1.067 + 0.111 = 1.993
01/29 04:29:35 AM | attribution_score[0:12]: 
[ 0.96  0.98  0.37  0.35  0.32  0.34  0.35  0.32  0.31  0.80  0.33  0.97 ]
[ 0.93  0.32  0.93  0.31  0.85  0.90  0.93  0.36  0.48  0.96  0.93  0.37 ]
[ 0.97  0.98  0.33  0.98  0.39  0.95  0.85  0.95  0.32  0.34  0.62  0.95 ]
[ 0.43  0.79  0.72  0.99  0.96  0.99  0.67  0.44  0.93  0.60  0.84  0.97 ]
[ 0.98  0.95  0.61  0.42  0.81  0.96  0.32  0.34  0.94  0.47  0.74  0.54 ]
[ 0.38  0.90  0.34  0.85  0.49  0.39  0.79  0.34  0.43  0.40  0.32  0.52 ]
[ 0.86  0.38  0.54  0.60  0.56  0.33  0.89  0.89  0.97  0.93  0.99  0.50 ]
[ 0.31  0.39  0.33  0.32  0.37  0.40  0.96  0.31  0.47  0.68  0.36  0.43 ]
[ 0.43  0.58  0.31  0.51  0.53  0.32  0.32  0.43  0.74  0.41  0.57  0.93 ]
[ 0.45  0.37  0.32  0.31  0.48  0.54  0.33  0.31  0.52  0.32  0.44  0.52 ]
[ 0.32  0.96  0.92  0.40  0.46  0.54  0.93  0.91  0.73  0.78  0.99  0.86 ]
[ 0.95  0.99  0.83  0.97  0.97  0.79  0.95  0.99  0.53  0.85  0.95  0.60 ]
[ 0.98  0.99  0.99  0.77  0.98  0.99  0.95  0.97  0.96  0.95  0.71  0.41 ]

01/29 04:29:35 AM | === Batch 6/230
01/29 04:29:36 AM | loss = 1.149 + 0.481 + 0.095 = 1.725
01/29 04:29:36 AM | attribution_score[0:12]: 
[ 0.97  0.99  0.27  0.23  0.21  0.23  0.25  0.20  0.20  0.71  0.21  0.97 ]
[ 0.93  0.21  0.95  0.20  0.77  0.91  0.93  0.24  0.44  0.96  0.93  0.36 ]
[ 0.97  0.98  0.21  0.98  0.27  0.96  0.79  0.94  0.21  0.23  0.51  0.95 ]
[ 0.42  0.75  0.68  0.99  0.95  0.99  0.63  0.41  0.94  0.60  0.81  0.96 ]
[ 0.98  0.95  0.61  0.33  0.80  0.95  0.21  0.25  0.95  0.50  0.73  0.43 ]
[ 0.40  0.91  0.22  0.79  0.41  0.27  0.72  0.25  0.33  0.31  0.21  0.53 ]
[ 0.88  0.29  0.51  0.58  0.64  0.23  0.91  0.89  0.96  0.95  0.99  0.40 ]
[ 0.20  0.32  0.22  0.20  0.28  0.34  0.95  0.20  0.50  0.58  0.33  0.34 ]
[ 0.47  0.59  0.21  0.55  0.54  0.21  0.23  0.39  0.78  0.42  0.60  0.93 ]
[ 0.41  0.31  0.21  0.20  0.49  0.59  0.23  0.20  0.60  0.22  0.36  0.53 ]
[ 0.21  0.97  0.93  0.30  0.38  0.62  0.95  0.94  0.80  0.76  1.00  0.90 ]
[ 0.96  1.00  0.88  0.98  0.98  0.84  0.96  1.00  0.45  0.90  0.97  0.68 ]
[ 0.99  1.00  1.00  0.83  0.99  1.00  0.96  0.98  0.97  0.94  0.73  0.41 ]

01/29 04:29:36 AM | === Batch 7/230
01/29 04:29:36 AM | loss = 1.071 + 0.064 + 0.081 = 1.216
01/29 04:29:36 AM | attribution_score[0:12]: 
[ 0.97  0.99  0.18  0.15  0.13  0.15  0.17  0.13  0.12  0.62  0.13  0.97 ]
[ 0.93  0.13  0.95  0.12  0.68  0.92  0.94  0.16  0.40  0.96  0.93  0.36 ]
[ 0.97  0.98  0.13  0.98  0.17  0.97  0.69  0.94  0.13  0.15  0.38  0.95 ]
[ 0.41  0.70  0.69  0.99  0.95  0.99  0.62  0.38  0.94  0.57  0.79  0.95 ]
[ 0.98  0.96  0.65  0.25  0.77  0.96  0.14  0.17  0.96  0.51  0.73  0.39 ]
[ 0.39  0.91  0.14  0.70  0.32  0.20  0.70  0.18  0.26  0.23  0.13  0.60 ]
[ 0.90  0.20  0.43  0.55  0.72  0.17  0.92  0.87  0.96  0.96  1.00  0.29 ]
[ 0.12  0.33  0.15  0.13  0.22  0.32  0.95  0.12  0.58  0.45  0.30  0.26 ]
[ 0.52  0.58  0.14  0.62  0.60  0.14  0.16  0.34  0.79  0.45  0.65  0.94 ]
[ 0.38  0.24  0.13  0.12  0.48  0.64  0.16  0.13  0.69  0.16  0.34  0.54 ]
[ 0.14  0.98  0.93  0.23  0.31  0.71  0.96  0.96  0.87  0.72  1.00  0.93 ]
[ 0.97  1.00  0.91  0.98  0.98  0.88  0.97  1.00  0.34  0.93  0.98  0.77 ]
[ 0.99  1.00  1.00  0.87  0.99  1.00  0.97  0.98  0.98  0.93  0.77  0.42 ]

01/29 04:29:36 AM | === Batch 8/230
01/29 04:29:37 AM | loss = 1.205 + 0.453 + 0.071 = 1.728
01/29 04:29:37 AM | attribution_score[0:12]: 
[ 0.98  0.99  0.16  0.11  0.10  0.12  0.15  0.09  0.09  0.65  0.10  0.97 ]
[ 0.94  0.09  0.96  0.08  0.70  0.92  0.95  0.11  0.39  0.96  0.93  0.41 ]
[ 0.97  0.99  0.10  0.98  0.14  0.98  0.70  0.94  0.10  0.11  0.35  0.96 ]
[ 0.42  0.70  0.75  0.99  0.95  0.99  0.67  0.39  0.95  0.61  0.83  0.96 ]
[ 0.98  0.97  0.71  0.25  0.76  0.96  0.10  0.15  0.96  0.54  0.78  0.40 ]
[ 0.42  0.92  0.11  0.70  0.32  0.19  0.71  0.17  0.23  0.19  0.09  0.69 ]
[ 0.92  0.19  0.37  0.58  0.80  0.15  0.94  0.87  0.96  0.97  1.00  0.28 ]
[ 0.09  0.38  0.12  0.09  0.20  0.34  0.95  0.09  0.67  0.48  0.35  0.22 ]
[ 0.58  0.64  0.11  0.70  0.68  0.11  0.14  0.38  0.81  0.46  0.73  0.95 ]
[ 0.42  0.23  0.10  0.09  0.53  0.69  0.14  0.09  0.77  0.15  0.39  0.61 ]
[ 0.12  0.99  0.95  0.24  0.35  0.79  0.96  0.97  0.91  0.76  1.00  0.95 ]
[ 0.98  1.00  0.94  0.99  0.98  0.91  0.97  1.00  0.35  0.96  0.98  0.84 ]
[ 0.99  1.00  1.00  0.90  0.99  1.00  0.98  0.99  0.99  0.94  0.79  0.46 ]

01/29 04:29:37 AM | === Batch 9/230
01/29 04:29:37 AM | loss = 1.074 + 0.370 + 0.064 = 1.509
01/29 04:29:37 AM | attribution_score[0:12]: 
[ 0.98  0.99  0.17  0.09  0.08  0.11  0.15  0.07  0.07  0.72  0.08  0.98 ]
[ 0.95  0.08  0.97  0.06  0.74  0.93  0.96  0.09  0.44  0.97  0.93  0.49 ]
[ 0.98  0.99  0.08  0.98  0.13  0.98  0.75  0.94  0.10  0.09  0.37  0.97 ]
[ 0.42  0.73  0.81  0.99  0.96  1.00  0.71  0.42  0.96  0.68  0.87  0.97 ]
[ 0.99  0.97  0.77  0.28  0.76  0.97  0.08  0.14  0.97  0.61  0.82  0.47 ]
[ 0.48  0.93  0.09  0.73  0.35  0.20  0.76  0.18  0.23  0.18  0.07  0.77 ]
[ 0.93  0.20  0.37  0.65  0.86  0.15  0.96  0.87  0.96  0.98  1.00  0.29 ]
[ 0.06  0.46  0.11  0.07  0.20  0.39  0.96  0.06  0.76  0.54  0.42  0.21 ]
[ 0.67  0.70  0.09  0.78  0.76  0.10  0.14  0.45  0.82  0.50  0.81  0.96 ]
[ 0.49  0.24  0.08  0.07  0.61  0.75  0.14  0.07  0.84  0.15  0.47  0.70 ]
[ 0.12  0.99  0.96  0.26  0.41  0.85  0.97  0.98  0.95  0.80  1.00  0.96 ]
[ 0.99  1.00  0.96  0.99  0.99  0.94  0.98  1.00  0.38  0.97  0.99  0.88 ]
[ 0.99  1.00  1.00  0.92  1.00  1.00  0.99  0.99  0.99  0.95  0.82  0.51 ]

01/29 04:29:37 AM | === Batch 10/230
01/29 04:29:37 AM | loss = 1.017 + 0.006 + 0.059 = 1.082
01/29 04:29:38 AM | attribution_score[0:12]: 
[ 0.98  0.99  0.19  0.08  0.08  0.11  0.16  0.06  0.06  0.79  0.07  0.98 ]
[ 0.97  0.07  0.98  0.05  0.77  0.93  0.97  0.07  0.51  0.98  0.93  0.59 ]
[ 0.98  0.99  0.08  0.99  0.12  0.99  0.81  0.95  0.10  0.09  0.42  0.97 ]
[ 0.38  0.79  0.86  0.99  0.96  1.00  0.76  0.48  0.97  0.74  0.91  0.97 ]
[ 0.99  0.98  0.82  0.34  0.73  0.98  0.07  0.14  0.97  0.69  0.83  0.55 ]
[ 0.57  0.94  0.08  0.79  0.41  0.23  0.82  0.22  0.25  0.19  0.06  0.84 ]
[ 0.95  0.24  0.41  0.72  0.90  0.16  0.97  0.87  0.97  0.98  1.00  0.35 ]
[ 0.05  0.56  0.12  0.06  0.22  0.48  0.97  0.05  0.83  0.63  0.51  0.21 ]
[ 0.75  0.77  0.09  0.83  0.83  0.10  0.15  0.54  0.79  0.53  0.87  0.97 ]
[ 0.58  0.27  0.07  0.06  0.70  0.81  0.15  0.07  0.88  0.16  0.56  0.78 ]
[ 0.13  0.99  0.97  0.29  0.47  0.90  0.97  0.99  0.96  0.83  1.00  0.97 ]
[ 0.99  1.00  0.97  0.99  0.99  0.96  0.98  1.00  0.44  0.98  0.99  0.92 ]
[ 1.00  1.00  1.00  0.94  1.00  1.00  0.99  0.99  0.99  0.97  0.87  0.59 ]

01/29 04:29:38 AM | === Batch 11/230
01/29 04:29:38 AM | loss = 0.915 + 0.266 + 0.055 = 1.237
01/29 04:29:38 AM | attribution_score[0:12]: 
[ 0.99  0.99  0.22  0.07  0.07  0.11  0.16  0.05  0.05  0.83  0.07  0.98 ]
[ 0.97  0.07  0.98  0.04  0.79  0.93  0.98  0.06  0.58  0.98  0.93  0.65 ]
[ 0.99  0.99  0.08  0.99  0.12  0.99  0.84  0.96  0.10  0.08  0.45  0.98 ]
[ 0.34  0.82  0.89  0.99  0.96  1.00  0.80  0.47  0.98  0.76  0.93  0.97 ]
[ 0.99  0.98  0.81  0.43  0.68  0.98  0.06  0.14  0.98  0.78  0.83  0.62 ]
[ 0.65  0.95  0.08  0.83  0.43  0.25  0.86  0.25  0.27  0.22  0.05  0.88 ]
[ 0.96  0.31  0.44  0.78  0.93  0.19  0.98  0.85  0.98  0.98  1.00  0.37 ]
[ 0.04  0.65  0.13  0.05  0.23  0.56  0.97  0.04  0.87  0.72  0.54  0.21 ]
[ 0.81  0.83  0.09  0.86  0.89  0.10  0.14  0.62  0.74  0.49  0.91  0.98 ]
[ 0.61  0.24  0.06  0.05  0.73  0.82  0.16  0.06  0.90  0.17  0.66  0.84 ]
[ 0.14  0.99  0.98  0.33  0.53  0.93  0.98  0.99  0.98  0.85  1.00  0.98 ]
[ 0.99  1.00  0.98  0.99  0.99  0.97  0.98  1.00  0.47  0.99  0.99  0.93 ]
[ 1.00  1.00  1.00  0.95  1.00  1.00  0.99  0.99  0.99  0.98  0.89  0.62 ]

01/29 04:29:38 AM | === Batch 12/230
01/29 04:29:38 AM | loss = 0.987 + 0.447 + 0.052 = 1.486
01/29 04:29:39 AM | attribution_score[0:12]: 
[ 0.99  1.00  0.23  0.06  0.07  0.11  0.16  0.05  0.04  0.86  0.06  0.99 ]
[ 0.98  0.07  0.98  0.03  0.80  0.93  0.98  0.05  0.67  0.98  0.93  0.67 ]
[ 0.99  0.99  0.08  0.99  0.12  0.99  0.87  0.96  0.09  0.07  0.47  0.98 ]
[ 0.30  0.84  0.91  0.99  0.96  1.00  0.84  0.46  0.98  0.75  0.95  0.98 ]
[ 0.99  0.98  0.79  0.54  0.63  0.99  0.05  0.13  0.98  0.84  0.83  0.70 ]
[ 0.70  0.96  0.07  0.87  0.42  0.28  0.89  0.26  0.29  0.27  0.04  0.91 ]
[ 0.96  0.39  0.45  0.82  0.94  0.21  0.98  0.82  0.98  0.99  1.00  0.40 ]
[ 0.03  0.69  0.13  0.04  0.23  0.61  0.98  0.03  0.89  0.76  0.52  0.21 ]
[ 0.84  0.87  0.08  0.87  0.92  0.09  0.13  0.66  0.68  0.42  0.93  0.98 ]
[ 0.62  0.20  0.05  0.04  0.73  0.81  0.16  0.05  0.91  0.16  0.70  0.87 ]
[ 0.15  0.99  0.98  0.37  0.57  0.95  0.98  0.99  0.98  0.86  1.00  0.98 ]
[ 0.99  1.00  0.98  1.00  0.99  0.98  0.99  1.00  0.47  0.99  1.00  0.94 ]
[ 1.00  1.00  1.00  0.95  1.00  1.00  0.99  0.99  1.00  0.98  0.89  0.60 ]

01/29 04:29:39 AM | === Batch 13/230
01/29 04:29:39 AM | loss = 0.796 + 0.546 + 0.049 = 1.391
01/29 04:29:39 AM | attribution_score[0:12]: 
[ 0.99  1.00  0.23  0.05  0.06  0.12  0.15  0.04  0.03  0.88  0.05  0.99 ]
[ 0.98  0.07  0.99  0.03  0.80  0.94  0.98  0.04  0.76  0.98  0.93  0.68 ]
[ 0.99  0.99  0.08  0.99  0.11  0.99  0.88  0.97  0.08  0.06  0.47  0.99 ]
[ 0.27  0.85  0.93  1.00  0.96  1.00  0.86  0.45  0.98  0.73  0.96  0.98 ]
[ 0.99  0.99  0.76  0.64  0.64  0.99  0.05  0.13  0.98  0.89  0.83  0.76 ]
[ 0.74  0.96  0.07  0.89  0.39  0.29  0.92  0.25  0.30  0.35  0.04  0.93 ]
[ 0.97  0.49  0.46  0.85  0.95  0.24  0.99  0.77  0.98  0.99  1.00  0.41 ]
[ 0.03  0.71  0.12  0.04  0.21  0.63  0.98  0.03  0.90  0.78  0.48  0.20 ]
[ 0.86  0.89  0.07  0.88  0.94  0.08  0.11  0.70  0.60  0.33  0.95  0.99 ]
[ 0.62  0.16  0.05  0.04  0.70  0.80  0.15  0.04  0.91  0.14  0.72  0.89 ]
[ 0.15  0.99  0.99  0.40  0.59  0.96  0.98  0.99  0.99  0.86  1.00  0.98 ]
[ 1.00  1.00  0.99  1.00  1.00  0.98  0.99  1.00  0.45  0.99  1.00  0.95 ]
[ 1.00  1.00  1.00  0.96  1.00  1.00  0.99  0.99  1.00  0.98  0.89  0.56 ]

01/29 04:29:39 AM | === Batch 14/230
01/29 04:29:39 AM | loss = 0.654 + 0.581 + 0.046 = 1.282
01/29 04:29:39 AM | attribution_score[0:12]: 
[ 0.99  1.00  0.23  0.04  0.05  0.11  0.14  0.03  0.03  0.89  0.04  0.99 ]
[ 0.99  0.07  0.99  0.02  0.80  0.95  0.99  0.04  0.83  0.98  0.92  0.66 ]
[ 0.99  0.99  0.08  0.99  0.10  0.99  0.89  0.97  0.07  0.05  0.46  0.99 ]
[ 0.26  0.85  0.94  1.00  0.95  1.00  0.88  0.43  0.98  0.70  0.96  0.98 ]
[ 0.99  0.99  0.70  0.72  0.67  0.99  0.04  0.13  0.98  0.92  0.83  0.78 ]
[ 0.77  0.97  0.06  0.90  0.33  0.32  0.94  0.23  0.29  0.45  0.03  0.94 ]
[ 0.97  0.61  0.44  0.87  0.95  0.27  0.99  0.71  0.98  0.99  1.00  0.41 ]
[ 0.02  0.72  0.13  0.03  0.18  0.64  0.98  0.02  0.91  0.78  0.42  0.19 ]
[ 0.87  0.91  0.06  0.88  0.96  0.08  0.09  0.72  0.57  0.25  0.96  0.99 ]
[ 0.59  0.12  0.04  0.03  0.64  0.77  0.13  0.03  0.92  0.12  0.72  0.91 ]
[ 0.15  1.00  0.99  0.43  0.61  0.97  0.98  0.99  0.99  0.87  1.00  0.98 ]
[ 1.00  1.00  0.99  1.00  1.00  0.99  0.99  1.00  0.40  0.99  1.00  0.96 ]
[ 1.00  1.00  1.00  0.96  1.00  1.00  0.99  0.99  1.00  0.99  0.88  0.52 ]

01/29 04:29:39 AM | === Batch 15/230
01/29 04:29:40 AM | loss = 0.541 + 0.575 + 0.044 = 1.160
01/29 04:29:40 AM | attribution_score[0:12]: 
[ 0.99  1.00  0.21  0.03  0.05  0.11  0.12  0.03  0.02  0.90  0.04  0.99 ]
[ 0.99  0.07  0.99  0.02  0.80  0.95  0.99  0.03  0.87  0.98  0.93  0.64 ]
[ 0.99  0.99  0.08  0.99  0.08  0.99  0.89  0.97  0.06  0.05  0.43  0.99 ]
[ 0.25  0.85  0.95  1.00  0.95  1.00  0.89  0.39  0.98  0.66  0.97  0.97 ]
[ 0.99  0.98  0.63  0.80  0.68  0.99  0.04  0.13  0.99  0.94  0.84  0.79 ]
[ 0.79  0.97  0.06  0.92  0.31  0.35  0.95  0.21  0.28  0.53  0.03  0.95 ]
[ 0.97  0.71  0.41  0.88  0.96  0.28  0.99  0.63  0.98  0.99  1.00  0.38 ]
[ 0.02  0.72  0.13  0.03  0.16  0.64  0.98  0.02  0.92  0.77  0.36  0.17 ]
[ 0.88  0.92  0.05  0.88  0.97  0.07  0.08  0.72  0.55  0.18  0.97  0.99 ]
[ 0.56  0.09  0.03  0.02  0.57  0.72  0.11  0.03  0.92  0.09  0.71  0.92 ]
[ 0.14  1.00  0.99  0.46  0.64  0.98  0.98  0.99  0.99  0.87  1.00  0.98 ]
[ 1.00  1.00  0.99  1.00  1.00  0.99  0.99  1.00  0.34  1.00  1.00  0.96 ]
[ 1.00  1.00  1.00  0.96  1.00  1.00  0.99  1.00  1.00  0.99  0.88  0.50 ]

01/29 04:29:40 AM | === Batch 16/230
01/29 04:29:40 AM | loss = 0.323 + 0.540 + 0.042 = 0.905
01/29 04:29:40 AM | attribution_score[0:12]: 
[ 0.99  1.00  0.19  0.03  0.04  0.11  0.11  0.03  0.02  0.91  0.03  0.99 ]
[ 0.99  0.07  0.99  0.01  0.78  0.95  0.99  0.03  0.91  0.98  0.93  0.62 ]
[ 0.99  0.99  0.07  0.99  0.07  0.99  0.88  0.97  0.05  0.04  0.38  0.99 ]
[ 0.25  0.84  0.95  1.00  0.94  1.00  0.90  0.35  0.98  0.61  0.97  0.97 ]
[ 0.99  0.98  0.54  0.86  0.66  0.99  0.04  0.12  0.99  0.95  0.85  0.80 ]
[ 0.81  0.97  0.05  0.92  0.29  0.36  0.96  0.19  0.27  0.61  0.02  0.96 ]
[ 0.97  0.80  0.36  0.89  0.96  0.29  0.99  0.54  0.99  0.99  1.00  0.37 ]
[ 0.02  0.72  0.13  0.02  0.14  0.59  0.98  0.02  0.92  0.75  0.30  0.15 ]
[ 0.88  0.93  0.04  0.88  0.97  0.06  0.07  0.71  0.53  0.13  0.98  0.99 ]
[ 0.51  0.06  0.03  0.02  0.49  0.66  0.09  0.02  0.92  0.07  0.68  0.92 ]
[ 0.13  1.00  0.99  0.50  0.68  0.98  0.99  1.00  0.99  0.88  1.00  0.99 ]
[ 1.00  1.00  0.99  1.00  1.00  0.99  0.99  1.00  0.28  1.00  1.00  0.96 ]
[ 1.00  1.00  1.00  0.97  1.00  1.00  1.00  1.00  1.00  0.99  0.86  0.46 ]

01/29 04:29:40 AM | === Batch 17/230
01/29 04:29:40 AM | loss = 0.395 + 0.483 + 0.040 = 0.919
01/29 04:29:41 AM | attribution_score[0:12]: 
[ 0.99  1.00  0.17  0.02  0.04  0.11  0.09  0.02  0.02  0.92  0.03  0.99 ]
[ 0.99  0.06  0.99  0.01  0.76  0.95  0.99  0.02  0.93  0.98  0.94  0.62 ]
[ 0.99  1.00  0.06  0.99  0.06  0.99  0.87  0.98  0.04  0.03  0.33  0.99 ]
[ 0.25  0.82  0.96  1.00  0.94  1.00  0.91  0.33  0.98  0.59  0.97  0.97 ]
[ 1.00  0.98  0.45  0.90  0.63  1.00  0.04  0.11  0.99  0.96  0.85  0.80 ]
[ 0.84  0.97  0.05  0.92  0.27  0.39  0.97  0.16  0.25  0.64  0.02  0.97 ]
[ 0.98  0.86  0.32  0.89  0.97  0.34  0.99  0.43  0.99  0.99  1.00  0.33 ]
[ 0.01  0.72  0.12  0.02  0.12  0.53  0.98  0.01  0.93  0.73  0.25  0.13 ]
[ 0.89  0.94  0.03  0.88  0.98  0.05  0.06  0.69  0.52  0.10  0.98  0.99 ]
[ 0.46  0.05  0.02  0.02  0.40  0.59  0.07  0.02  0.92  0.06  0.63  0.93 ]
[ 0.11  1.00  0.99  0.53  0.73  0.98  0.99  1.00  1.00  0.89  1.00  0.99 ]
[ 1.00  1.00  0.99  1.00  1.00  0.99  0.99  1.00  0.21  1.00  1.00  0.97 ]
[ 1.00  1.00  1.00  0.97  1.00  1.00  1.00  1.00  1.00  0.99  0.85  0.43 ]

01/29 04:29:41 AM | === Batch 18/230
01/29 04:29:41 AM | loss = 0.485 + 0.420 + 0.039 = 0.944
01/29 04:29:41 AM | attribution_score[0:12]: 
[ 0.99  1.00  0.14  0.02  0.03  0.11  0.08  0.02  0.01  0.92  0.02  0.99 ]
[ 0.99  0.06  0.99  0.01  0.73  0.95  0.99  0.02  0.94  0.98  0.94  0.63 ]
[ 0.99  1.00  0.05  0.99  0.05  0.99  0.85  0.98  0.04  0.03  0.27  0.99 ]
[ 0.26  0.80  0.96  1.00  0.93  1.00  0.92  0.30  0.98  0.57  0.98  0.97 ]
[ 1.00  0.98  0.38  0.92  0.56  1.00  0.04  0.10  0.99  0.97  0.85  0.81 ]
[ 0.86  0.98  0.04  0.92  0.25  0.43  0.97  0.14  0.24  0.65  0.02  0.97 ]
[ 0.98  0.90  0.26  0.90  0.97  0.34  0.99  0.33  0.99  0.99  1.00  0.28 ]
[ 0.01  0.72  0.11  0.02  0.10  0.48  0.99  0.01  0.94  0.70  0.21  0.12 ]
[ 0.89  0.95  0.03  0.88  0.98  0.05  0.05  0.65  0.50  0.07  0.98  0.99 ]
[ 0.41  0.04  0.02  0.02  0.30  0.51  0.06  0.02  0.93  0.05  0.57  0.93 ]
[ 0.09  1.00  0.99  0.55  0.76  0.99  0.99  1.00  1.00  0.89  1.00  0.99 ]
[ 1.00  1.00  0.99  1.00  1.00  0.99  0.99  1.00  0.15  1.00  1.00  0.97 ]
[ 1.00  1.00  1.00  0.97  1.00  1.00  1.00  1.00  1.00  0.99  0.84  0.42 ]

01/29 04:29:41 AM | === Batch 19/230
01/29 04:29:41 AM | loss = 0.426 + 0.348 + 0.037 = 0.811
01/29 04:29:41 AM | attribution_score[0:12]: 
[ 0.99  1.00  0.13  0.02  0.03  0.10  0.07  0.02  0.01  0.92  0.02  0.99 ]
[ 0.99  0.05  0.99  0.01  0.71  0.95  0.99  0.02  0.96  0.97  0.95  0.62 ]
[ 0.99  1.00  0.05  0.99  0.04  1.00  0.84  0.98  0.03  0.02  0.21  0.99 ]
[ 0.27  0.77  0.97  1.00  0.93  1.00  0.93  0.27  0.97  0.55  0.98  0.97 ]
[ 1.00  0.98  0.31  0.94  0.49  1.00  0.04  0.09  0.99  0.97  0.86  0.83 ]
[ 0.86  0.98  0.04  0.91  0.23  0.46  0.98  0.11  0.22  0.63  0.01  0.98 ]
[ 0.98  0.93  0.21  0.89  0.97  0.31  0.99  0.24  0.99  0.99  1.00  0.22 ]
[ 0.01  0.72  0.09  0.02  0.09  0.42  0.99  0.01  0.94  0.67  0.18  0.10 ]
[ 0.89  0.95  0.02  0.88  0.98  0.04  0.04  0.61  0.47  0.05  0.99  0.99 ]
[ 0.35  0.03  0.02  0.01  0.23  0.43  0.05  0.02  0.93  0.04  0.50  0.93 ]
[ 0.07  1.00  0.99  0.56  0.78  0.99  0.99  1.00  1.00  0.90  1.00  0.99 ]
[ 1.00  1.00  0.99  1.00  1.00  0.99  0.99  1.00  0.11  1.00  1.00  0.97 ]
[ 1.00  1.00  1.00  0.97  1.00  1.00  1.00  1.00  1.00  0.99  0.84  0.41 ]

01/29 04:29:41 AM | === Batch 20/230
01/29 04:29:42 AM | loss = 0.717 + 0.273 + 0.036 = 1.026
01/29 04:29:42 AM | === Batch 21/230
01/29 04:29:42 AM | loss = 0.569 + 0.206 + 0.034 = 0.809
01/29 04:29:42 AM | === Batch 22/230
01/29 04:29:42 AM | loss = 0.512 + 0.144 + 0.033 = 0.690
01/29 04:29:43 AM | === Batch 23/230
01/29 04:29:43 AM | loss = 0.729 + 0.083 + 0.032 = 0.845
01/29 04:29:43 AM | === Batch 24/230
01/29 04:29:43 AM | loss = 0.639 + 0.026 + 0.031 = 0.696
01/29 04:29:43 AM | === Batch 25/230
01/29 04:29:44 AM | loss = 0.427 + 0.059 + 0.030 = 0.516
01/29 04:29:44 AM | === Batch 26/230
01/29 04:29:44 AM | loss = 0.442 + 0.048 + 0.029 = 0.519
01/29 04:29:44 AM | === Batch 27/230
01/29 04:29:44 AM | loss = 0.562 + 0.024 + 0.028 = 0.614
01/29 04:29:45 AM | === Batch 28/230
01/29 04:29:45 AM | loss = 0.371 + 0.055 + 0.027 = 0.454
01/29 04:29:45 AM | === Batch 29/230
01/29 04:29:45 AM | loss = 0.532 + 0.071 + 0.026 = 0.629
01/29 04:29:45 AM | === Batch 30/230
01/29 04:29:46 AM | loss = 0.457 + 0.075 + 0.025 = 0.557
01/29 04:29:46 AM | === Batch 31/230
01/29 04:29:46 AM | loss = 0.455 + 0.067 + 0.024 = 0.547
01/29 04:29:46 AM | === Batch 32/230
01/29 04:29:46 AM | loss = 0.494 + 0.050 + 0.024 = 0.568
01/29 04:29:47 AM | === Batch 33/230
01/29 04:29:47 AM | loss = 0.367 + 0.026 + 0.024 = 0.416
01/29 04:29:47 AM | === Batch 34/230
01/29 04:29:47 AM | loss = 0.430 + 0.013 + 0.023 = 0.466
01/29 04:29:47 AM | === Batch 35/230
01/29 04:29:48 AM | loss = 0.630 + 0.000 + 0.023 = 0.653
01/29 04:29:48 AM | === Batch 36/230
01/29 04:29:48 AM | loss = 0.453 + 0.004 + 0.022 = 0.480
01/29 04:29:48 AM | === Batch 37/230
01/29 04:29:48 AM | loss = 0.451 + 0.030 + 0.022 = 0.503
01/29 04:29:49 AM | === Batch 38/230
01/29 04:29:49 AM | loss = 0.473 + 0.047 + 0.021 = 0.542
01/29 04:29:49 AM | === Batch 39/230
01/29 04:29:49 AM | loss = 0.406 + 0.055 + 0.021 = 0.481
01/29 04:29:49 AM | === Batch 40/230
01/29 04:29:50 AM | loss = 0.604 + 0.053 + 0.021 = 0.678
01/29 04:29:50 AM | === Batch 41/230
01/29 04:29:50 AM | loss = 0.383 + 0.045 + 0.021 = 0.448
01/29 04:29:50 AM | === Batch 42/230
01/29 04:29:50 AM | loss = 0.526 + 0.029 + 0.020 = 0.576
01/29 04:29:51 AM | === Batch 43/230
01/29 04:29:51 AM | loss = 0.376 + 0.007 + 0.020 = 0.404
01/29 04:29:51 AM | === Batch 44/230
01/29 04:29:51 AM | loss = 0.456 + 0.036 + 0.020 = 0.512
01/29 04:29:52 AM | === Batch 45/230
01/29 04:29:52 AM | loss = 0.408 + 0.017 + 0.020 = 0.445
01/29 04:29:52 AM | === Batch 46/230
01/29 04:29:52 AM | loss = 0.450 + 0.029 + 0.020 = 0.499
01/29 04:29:53 AM | === Batch 47/230
01/29 04:29:53 AM | loss = 0.509 + 0.053 + 0.019 = 0.581
01/29 04:29:53 AM | === Batch 48/230
01/29 04:29:53 AM | loss = 0.419 + 0.067 + 0.019 = 0.504
01/29 04:29:53 AM | === Batch 49/230
01/29 04:29:54 AM | loss = 0.420 + 0.071 + 0.018 = 0.509
01/29 04:29:54 AM | === Batch 50/230
01/29 04:29:54 AM | loss = 0.471 + 0.065 + 0.018 = 0.554
01/29 04:29:54 AM | === Batch 51/230
01/29 04:29:55 AM | loss = 0.427 + 0.049 + 0.018 = 0.494
01/29 04:29:55 AM | === Batch 52/230
01/29 04:29:55 AM | loss = 0.479 + 0.028 + 0.018 = 0.525
01/29 04:29:55 AM | === Batch 53/230
01/29 04:29:56 AM | loss = 0.450 + 0.000 + 0.018 = 0.468
01/29 04:29:56 AM | === Batch 54/230
01/29 04:29:56 AM | loss = 0.513 + 0.066 + 0.018 = 0.597
01/29 04:29:56 AM | === Batch 55/230
01/29 04:29:57 AM | loss = 0.608 + 0.062 + 0.018 = 0.688
01/29 04:29:57 AM | === Batch 56/230
01/29 04:29:57 AM | loss = 0.382 + 0.004 + 0.017 = 0.403
01/29 04:29:57 AM | === Batch 57/230
01/29 04:29:58 AM | loss = 0.508 + 0.051 + 0.017 = 0.575
01/29 04:29:58 AM | === Batch 58/230
01/29 04:29:58 AM | loss = 0.293 + 0.089 + 0.016 = 0.398
01/29 04:29:58 AM | === Batch 59/230
01/29 04:29:59 AM | loss = 0.553 + 0.115 + 0.016 = 0.684
01/29 04:29:59 AM | === Batch 60/230
01/29 04:29:59 AM | loss = 0.386 + 0.132 + 0.015 = 0.533
01/29 04:29:59 AM | === Batch 61/230
01/29 04:29:59 AM | loss = 0.417 + 0.139 + 0.015 = 0.570
01/29 04:30:00 AM | === Batch 62/230
01/29 04:30:00 AM | loss = 0.569 + 0.137 + 0.015 = 0.721
01/29 04:30:00 AM | === Batch 63/230
01/29 04:30:01 AM | loss = 0.323 + 0.129 + 0.015 = 0.467
01/29 04:30:01 AM | === Batch 64/230
01/29 04:30:01 AM | loss = 0.442 + 0.116 + 0.014 = 0.572
01/29 04:30:01 AM | === Batch 65/230
01/29 04:30:01 AM | loss = 0.632 + 0.099 + 0.014 = 0.746
01/29 04:30:02 AM | === Batch 66/230
01/29 04:30:02 AM | loss = 0.228 + 0.080 + 0.014 = 0.323
01/29 04:30:02 AM | === Batch 67/230
01/29 04:30:02 AM | loss = 0.324 + 0.058 + 0.014 = 0.395
01/29 04:30:03 AM | === Batch 68/230
01/29 04:30:03 AM | loss = 0.437 + 0.033 + 0.014 = 0.484
01/29 04:30:03 AM | === Batch 69/230
01/29 04:30:03 AM | loss = 0.476 + 0.005 + 0.014 = 0.495
01/29 04:30:03 AM | === Batch 70/230
01/29 04:30:04 AM | loss = 0.292 + 0.048 + 0.014 = 0.354
01/29 04:30:04 AM | === Batch 71/230
01/29 04:30:04 AM | loss = 0.393 + 0.056 + 0.014 = 0.463
01/29 04:30:04 AM | === Batch 72/230
01/29 04:30:04 AM | loss = 0.527 + 0.025 + 0.013 = 0.565
01/29 04:30:05 AM | === Batch 73/230
01/29 04:30:05 AM | loss = 0.385 + 0.019 + 0.013 = 0.417
01/29 04:30:05 AM | === Batch 74/230
01/29 04:30:05 AM | loss = 0.614 + 0.044 + 0.012 = 0.670
01/29 04:30:05 AM | === Batch 75/230
01/29 04:30:06 AM | loss = 0.414 + 0.061 + 0.012 = 0.487
01/29 04:30:06 AM | === Batch 76/230
01/29 04:30:06 AM | loss = 0.510 + 0.071 + 0.012 = 0.593
01/29 04:30:06 AM | === Batch 77/230
01/29 04:30:06 AM | loss = 0.486 + 0.074 + 0.012 = 0.571
01/29 04:30:07 AM | === Batch 78/230
01/29 04:30:07 AM | loss = 0.470 + 0.071 + 0.012 = 0.553
01/29 04:30:07 AM | === Batch 79/230
01/29 04:30:07 AM | loss = 0.598 + 0.063 + 0.012 = 0.673
01/29 04:30:07 AM | === Batch 80/230
01/29 04:30:08 AM | loss = 0.561 + 0.051 + 0.012 = 0.623
01/29 04:30:08 AM | === Batch 81/230
01/29 04:30:08 AM | loss = 0.530 + 0.034 + 0.012 = 0.577
01/29 04:30:08 AM | === Batch 82/230
01/29 04:30:09 AM | loss = 0.494 + 0.014 + 0.012 = 0.520
01/29 04:30:09 AM | === Batch 83/230
01/29 04:30:09 AM | loss = 0.611 + 0.018 + 0.012 = 0.641
01/29 04:30:09 AM | === Batch 84/230
01/29 04:30:09 AM | loss = 0.511 + 0.022 + 0.012 = 0.545
01/29 04:30:10 AM | === Batch 85/230
01/29 04:30:10 AM | loss = 0.439 + 0.003 + 0.012 = 0.453
01/29 04:30:10 AM | === Batch 86/230
01/29 04:30:10 AM | loss = 0.405 + 0.010 + 0.011 = 0.426
01/29 04:30:11 AM | === Batch 87/230
01/29 04:30:11 AM | loss = 0.629 + 0.012 + 0.011 = 0.652
01/29 04:30:11 AM | === Batch 88/230
01/29 04:30:11 AM | loss = 0.554 + 0.010 + 0.011 = 0.575
01/29 04:30:12 AM | === Batch 89/230
01/29 04:30:12 AM | loss = 0.556 + 0.002 + 0.011 = 0.569
01/29 04:30:12 AM | === Batch 90/230
01/29 04:30:12 AM | loss = 0.393 + 0.014 + 0.011 = 0.418
01/29 04:30:13 AM | === Batch 91/230
01/29 04:30:13 AM | loss = 0.539 + 0.000 + 0.011 = 0.551
01/29 04:30:13 AM | === Batch 92/230
01/29 04:30:13 AM | loss = 0.567 + 0.002 + 0.011 = 0.580
01/29 04:30:13 AM | === Batch 93/230
01/29 04:30:14 AM | loss = 0.419 + 0.005 + 0.011 = 0.435
01/29 04:30:14 AM | === Batch 94/230
01/29 04:30:14 AM | loss = 0.481 + 0.011 + 0.011 = 0.504
01/29 04:30:14 AM | === Batch 95/230
01/29 04:30:14 AM | loss = 0.566 + 0.019 + 0.011 = 0.596
01/29 04:30:15 AM | === Batch 96/230
01/29 04:30:15 AM | loss = 0.417 + 0.022 + 0.011 = 0.450
01/29 04:30:15 AM | === Batch 97/230
01/29 04:30:15 AM | loss = 0.582 + 0.018 + 0.011 = 0.611
01/29 04:30:16 AM | === Batch 98/230
01/29 04:30:16 AM | loss = 0.430 + 0.009 + 0.011 = 0.450
01/29 04:30:16 AM | === Batch 99/230
01/29 04:30:16 AM | loss = 0.469 + 0.010 + 0.011 = 0.490
01/29 04:30:17 AM | === Batch 100/230
01/29 04:30:17 AM | loss = 0.263 + 0.000 + 0.011 = 0.274
01/29 04:30:17 AM | attribution_score[0:12]: 
[ 1.00  1.00  0.02  0.00  0.00  0.43  0.00  0.00  0.00  0.98  0.00  0.99 ]
[ 1.00  0.01  0.99  0.00  0.98  0.97  1.00  0.00  0.99  0.84  1.00  0.03 ]
[ 1.00  1.00  0.00  0.99  0.00  1.00  0.02  0.87  0.00  0.00  0.00  0.99 ]
[ 0.03  0.70  1.00  1.00  0.99  1.00  0.97  0.56  0.97  0.04  1.00  0.99 ]
[ 0.99  0.98  0.47  0.99  0.26  0.94  0.01  0.00  1.00  0.99  0.94  0.97 ]
[ 0.95  0.99  0.01  0.02  0.04  0.03  0.95  0.01  0.02  0.04  0.00  1.00 ]
[ 0.98  0.99  0.01  0.98  1.00  0.03  0.99  0.01  0.99  1.00  1.00  0.03 ]
[ 0.00  0.91  0.01  0.01  0.02  0.66  1.00  0.00  0.99  0.98  0.07  0.00 ]
[ 0.98  1.00  0.01  0.99  1.00  0.00  0.00  0.99  0.92  0.01  1.00  1.00 ]
[ 0.02  0.00  0.00  0.00  0.02  0.03  0.00  0.00  0.99  0.00  0.91  0.99 ]
[ 0.00  1.00  1.00  0.00  0.02  1.00  1.00  1.00  1.00  0.99  1.00  1.00 ]
[ 1.00  1.00  1.00  1.00  1.00  1.00  1.00  1.00  0.00  1.00  1.00  0.99 ]
[ 1.00  1.00  1.00  0.99  1.00  1.00  1.00  1.00  1.00  1.00  0.99  0.02 ]

01/29 04:30:17 AM | === Batch 101/230
01/29 04:30:17 AM | loss = 0.364 + 0.000 + 0.011 = 0.375
01/29 04:30:18 AM | === Batch 102/230
01/29 04:30:18 AM | loss = 0.476 + 0.019 + 0.011 = 0.506
01/29 04:30:18 AM | === Batch 103/230
01/29 04:30:18 AM | loss = 0.462 + 0.031 + 0.011 = 0.503
01/29 04:30:18 AM | === Batch 104/230
01/29 04:30:19 AM | loss = 0.579 + 0.037 + 0.011 = 0.626
01/29 04:30:19 AM | === Batch 105/230
01/29 04:30:19 AM | loss = 0.552 + 0.036 + 0.011 = 0.599
01/29 04:30:19 AM | === Batch 106/230
01/29 04:30:19 AM | loss = 0.338 + 0.030 + 0.011 = 0.379
01/29 04:30:20 AM | === Batch 107/230
01/29 04:30:20 AM | loss = 0.621 + 0.019 + 0.011 = 0.651
01/29 04:30:20 AM | === Batch 108/230
01/29 04:30:20 AM | loss = 0.461 + 0.005 + 0.011 = 0.476
01/29 04:30:21 AM | === Batch 109/230
01/29 04:30:21 AM | loss = 0.596 + 0.030 + 0.011 = 0.638
01/29 04:30:21 AM | === Batch 110/230
01/29 04:30:21 AM | loss = 0.420 + 0.031 + 0.011 = 0.462
01/29 04:30:21 AM | === Batch 111/230
01/29 04:30:21 AM | loss = 0.491 + 0.002 + 0.011 = 0.504
01/29 04:30:22 AM | === Batch 112/230
01/29 04:30:22 AM | loss = 0.460 + 0.014 + 0.010 = 0.485
01/29 04:30:22 AM | === Batch 113/230
01/29 04:30:22 AM | loss = 0.561 + 0.021 + 0.010 = 0.592
01/29 04:30:23 AM | === Batch 114/230
01/29 04:30:23 AM | loss = 0.593 + 0.019 + 0.010 = 0.622
01/29 04:30:23 AM | === Batch 115/230
01/29 04:30:23 AM | loss = 0.424 + 0.012 + 0.010 = 0.446
01/29 04:30:23 AM | === Batch 116/230
01/29 04:30:23 AM | loss = 0.481 + 0.003 + 0.010 = 0.494
01/29 04:30:24 AM | === Batch 117/230
01/29 04:30:24 AM | loss = 0.470 + 0.013 + 0.010 = 0.494
01/29 04:30:24 AM | === Batch 118/230
01/29 04:30:24 AM | loss = 0.401 + 0.002 + 0.010 = 0.413
01/29 04:30:25 AM | === Batch 119/230
01/29 04:30:25 AM | loss = 0.591 + 0.003 + 0.010 = 0.604
01/29 04:30:25 AM | === Batch 120/230
01/29 04:30:25 AM | loss = 0.323 + 0.002 + 0.010 = 0.335
01/29 04:30:25 AM | === Batch 121/230
01/29 04:30:25 AM | loss = 0.588 + 0.012 + 0.010 = 0.609
01/29 04:30:26 AM | === Batch 122/230
01/29 04:30:26 AM | loss = 0.540 + 0.017 + 0.010 = 0.567
01/29 04:30:26 AM | === Batch 123/230
01/29 04:30:26 AM | loss = 0.387 + 0.018 + 0.010 = 0.415
01/29 04:30:27 AM | === Batch 124/230
01/29 04:30:27 AM | loss = 0.442 + 0.015 + 0.010 = 0.467
01/29 04:30:27 AM | === Batch 125/230
01/29 04:30:27 AM | loss = 0.554 + 0.009 + 0.010 = 0.572
01/29 04:30:27 AM | === Batch 126/230
01/29 04:30:28 AM | loss = 0.317 + 0.001 + 0.010 = 0.327
01/29 04:30:28 AM | === Batch 127/230
01/29 04:30:28 AM | loss = 0.414 + 0.008 + 0.010 = 0.432
01/29 04:30:28 AM | === Batch 128/230
01/29 04:30:28 AM | loss = 0.468 + 0.012 + 0.010 = 0.489
01/29 04:30:29 AM | === Batch 129/230
01/29 04:30:29 AM | loss = 0.462 + 0.010 + 0.010 = 0.482
01/29 04:30:29 AM | === Batch 130/230
01/29 04:30:29 AM | loss = 0.518 + 0.004 + 0.010 = 0.532
01/29 04:30:30 AM | === Batch 131/230
01/29 04:30:30 AM | loss = 0.582 + 0.016 + 0.010 = 0.607
01/29 04:30:30 AM | === Batch 132/230
01/29 04:30:30 AM | loss = 0.456 + 0.001 + 0.010 = 0.466
01/29 04:30:30 AM | === Batch 133/230
01/29 04:30:31 AM | loss = 0.356 + 0.023 + 0.010 = 0.388
01/29 04:30:31 AM | === Batch 134/230
01/29 04:30:31 AM | loss = 0.466 + 0.039 + 0.010 = 0.514
01/29 04:30:31 AM | === Batch 135/230
01/29 04:30:31 AM | loss = 0.367 + 0.048 + 0.009 = 0.424
01/29 04:30:32 AM | === Batch 136/230
01/29 04:30:32 AM | loss = 0.470 + 0.051 + 0.009 = 0.530
01/29 04:30:32 AM | === Batch 137/230
01/29 04:30:32 AM | loss = 0.468 + 0.050 + 0.009 = 0.527
01/29 04:30:32 AM | === Batch 138/230
01/29 04:30:33 AM | loss = 0.388 + 0.045 + 0.009 = 0.442
01/29 04:30:33 AM | === Batch 139/230
01/29 04:30:33 AM | loss = 0.544 + 0.034 + 0.009 = 0.587
01/29 04:30:33 AM | === Batch 140/230
01/29 04:30:34 AM | loss = 0.454 + 0.018 + 0.009 = 0.482
01/29 04:30:34 AM | === Batch 141/230
01/29 04:30:34 AM | loss = 0.455 + 0.002 + 0.009 = 0.465
01/29 04:30:34 AM | === Batch 142/230
01/29 04:30:34 AM | loss = 0.283 + 0.029 + 0.009 = 0.321
01/29 04:30:35 AM | === Batch 143/230
01/29 04:30:35 AM | loss = 0.338 + 0.029 + 0.009 = 0.375
01/29 04:30:35 AM | === Batch 144/230
01/29 04:30:35 AM | loss = 0.421 + 0.002 + 0.008 = 0.431
01/29 04:30:36 AM | === Batch 145/230
01/29 04:30:36 AM | loss = 0.645 + 0.025 + 0.008 = 0.678
01/29 04:30:36 AM | === Batch 146/230
01/29 04:30:36 AM | loss = 0.316 + 0.044 + 0.008 = 0.369
01/29 04:30:36 AM | === Batch 147/230
01/29 04:30:37 AM | loss = 0.433 + 0.056 + 0.008 = 0.498
01/29 04:30:37 AM | === Batch 148/230
01/29 04:30:37 AM | loss = 0.418 + 0.063 + 0.008 = 0.490
01/29 04:30:37 AM | === Batch 149/230
01/29 04:30:37 AM | loss = 0.420 + 0.065 + 0.008 = 0.493
01/29 04:30:38 AM | === Batch 150/230
01/29 04:30:38 AM | loss = 0.493 + 0.063 + 0.008 = 0.564
01/29 04:30:38 AM | === Batch 151/230
01/29 04:30:38 AM | loss = 0.267 + 0.056 + 0.008 = 0.331
01/29 04:30:38 AM | === Batch 152/230
01/29 04:30:39 AM | loss = 0.322 + 0.046 + 0.008 = 0.376
01/29 04:30:39 AM | === Batch 153/230
01/29 04:30:39 AM | loss = 0.320 + 0.034 + 0.008 = 0.361
01/29 04:30:39 AM | === Batch 154/230
01/29 04:30:39 AM | loss = 0.825 + 0.018 + 0.008 = 0.851
01/29 04:30:40 AM | === Batch 155/230
01/29 04:30:40 AM | loss = 0.384 + 0.003 + 0.008 = 0.395
01/29 04:30:40 AM | === Batch 156/230
01/29 04:30:40 AM | loss = 0.231 + 0.010 + 0.008 = 0.250
01/29 04:30:40 AM | === Batch 157/230
01/29 04:30:41 AM | loss = 0.535 + 0.006 + 0.008 = 0.549
01/29 04:30:41 AM | === Batch 158/230
01/29 04:30:41 AM | loss = 0.451 + 0.013 + 0.008 = 0.472
01/29 04:30:41 AM | === Batch 159/230
01/29 04:30:42 AM | loss = 0.448 + 0.015 + 0.008 = 0.471
01/29 04:30:42 AM | === Batch 160/230
01/29 04:30:42 AM | loss = 0.380 + 0.011 + 0.008 = 0.400
01/29 04:30:42 AM | === Batch 161/230
01/29 04:30:42 AM | loss = 0.389 + 0.004 + 0.008 = 0.402
01/29 04:30:43 AM | === Batch 162/230
01/29 04:30:43 AM | loss = 0.526 + 0.010 + 0.008 = 0.544
01/29 04:30:43 AM | === Batch 163/230
01/29 04:30:43 AM | loss = 0.538 + 0.002 + 0.008 = 0.548
01/29 04:30:43 AM | === Batch 164/230
01/29 04:30:44 AM | loss = 0.451 + 0.004 + 0.008 = 0.464
01/29 04:30:44 AM | === Batch 165/230
01/29 04:30:44 AM | loss = 0.490 + 0.001 + 0.008 = 0.500
01/29 04:30:44 AM | === Batch 166/230
01/29 04:30:44 AM | loss = 0.434 + 0.008 + 0.008 = 0.450
01/29 04:30:45 AM | === Batch 167/230
01/29 04:30:45 AM | loss = 0.296 + 0.003 + 0.008 = 0.308
01/29 04:30:45 AM | === Batch 168/230
01/29 04:30:45 AM | loss = 0.543 + 0.004 + 0.008 = 0.556
01/29 04:30:45 AM | === Batch 169/230
01/29 04:30:46 AM | loss = 0.483 + 0.004 + 0.008 = 0.495
01/29 04:30:46 AM | === Batch 170/230
01/29 04:30:46 AM | loss = 0.522 + 0.002 + 0.008 = 0.532
01/29 04:30:46 AM | === Batch 171/230
01/29 04:30:47 AM | loss = 0.329 + 0.011 + 0.008 = 0.348
01/29 04:30:47 AM | === Batch 172/230
01/29 04:30:47 AM | loss = 0.312 + 0.016 + 0.008 = 0.337
01/29 04:30:47 AM | === Batch 173/230
01/29 04:30:47 AM | loss = 0.474 + 0.016 + 0.008 = 0.499
01/29 04:30:48 AM | === Batch 174/230
01/29 04:30:48 AM | loss = 0.499 + 0.015 + 0.008 = 0.522
01/29 04:30:48 AM | === Batch 175/230
01/29 04:30:48 AM | loss = 0.376 + 0.010 + 0.008 = 0.394
01/29 04:30:48 AM | === Batch 176/230
01/29 04:30:49 AM | loss = 0.616 + 0.002 + 0.008 = 0.626
01/29 04:30:49 AM | === Batch 177/230
01/29 04:30:49 AM | loss = 0.404 + 0.016 + 0.008 = 0.428
01/29 04:30:49 AM | === Batch 178/230
01/29 04:30:50 AM | loss = 0.454 + 0.009 + 0.008 = 0.471
01/29 04:30:50 AM | === Batch 179/230
01/29 04:30:50 AM | loss = 0.415 + 0.010 + 0.008 = 0.433
01/29 04:30:50 AM | === Batch 180/230
01/29 04:30:50 AM | loss = 0.364 + 0.018 + 0.008 = 0.390
01/29 04:30:51 AM | === Batch 181/230
01/29 04:30:51 AM | loss = 0.454 + 0.020 + 0.008 = 0.482
01/29 04:30:51 AM | === Batch 182/230
01/29 04:30:51 AM | loss = 0.467 + 0.017 + 0.008 = 0.492
01/29 04:30:51 AM | === Batch 183/230
01/29 04:30:52 AM | loss = 0.346 + 0.009 + 0.008 = 0.363
01/29 04:30:52 AM | === Batch 184/230
01/29 04:30:52 AM | loss = 0.355 + 0.003 + 0.008 = 0.367
01/29 04:30:52 AM | === Batch 185/230
01/29 04:30:53 AM | loss = 0.485 + 0.004 + 0.008 = 0.497
01/29 04:30:53 AM | === Batch 186/230
01/29 04:30:53 AM | loss = 0.433 + 0.008 + 0.008 = 0.448
01/29 04:30:53 AM | === Batch 187/230
01/29 04:30:53 AM | loss = 0.280 + 0.007 + 0.007 = 0.295
01/29 04:30:54 AM | === Batch 188/230
01/29 04:30:54 AM | loss = 0.363 + 0.002 + 0.007 = 0.372
01/29 04:30:54 AM | === Batch 189/230
01/29 04:30:54 AM | loss = 0.437 + 0.014 + 0.007 = 0.458
01/29 04:30:54 AM | === Batch 190/230
01/29 04:30:55 AM | loss = 0.378 + 0.008 + 0.007 = 0.393
01/29 04:30:55 AM | === Batch 191/230
01/29 04:30:55 AM | loss = 0.514 + 0.011 + 0.007 = 0.532
01/29 04:30:55 AM | === Batch 192/230
01/29 04:30:55 AM | loss = 0.455 + 0.020 + 0.007 = 0.482
01/29 04:30:56 AM | === Batch 193/230
01/29 04:30:56 AM | loss = 0.476 + 0.026 + 0.007 = 0.509
01/29 04:30:56 AM | === Batch 194/230
01/29 04:30:56 AM | loss = 0.348 + 0.027 + 0.007 = 0.382
01/29 04:30:57 AM | === Batch 195/230
01/29 04:30:57 AM | loss = 0.408 + 0.024 + 0.007 = 0.439
01/29 04:30:57 AM | === Batch 196/230
01/29 04:30:57 AM | loss = 0.443 + 0.019 + 0.007 = 0.469
01/29 04:30:57 AM | === Batch 197/230
01/29 04:30:58 AM | loss = 0.358 + 0.011 + 0.007 = 0.375
01/29 04:30:58 AM | === Batch 198/230
01/29 04:30:58 AM | loss = 0.540 + 0.000 + 0.007 = 0.547
01/29 04:30:58 AM | === Batch 199/230
01/29 04:30:58 AM | loss = 0.397 + 0.021 + 0.007 = 0.426
01/29 04:30:59 AM | === Batch 200/230
01/29 04:30:59 AM | loss = 0.347 + 0.019 + 0.007 = 0.373
01/29 04:30:59 AM | attribution_score[0:12]: 
[ 1.00  1.00  0.01  0.00  0.00  0.93  0.00  0.00  0.00  0.98  0.00  1.00 ]
[ 1.00  0.00  0.98  0.00  0.99  0.98  1.00  0.00  0.99  1.00  0.99  0.05 ]
[ 1.00  1.00  0.01  1.00  0.00  1.00  0.02  0.99  0.00  0.00  0.00  1.00 ]
[ 0.03  0.86  1.00  1.00  0.90  1.00  0.82  0.17  0.91  0.03  1.00  1.00 ]
[ 0.21  0.99  0.98  0.98  0.98  1.00  0.00  0.01  1.00  0.98  0.98  0.98 ]
[ 0.99  0.99  0.01  0.01  0.22  0.01  0.45  0.01  0.12  0.03  0.00  1.00 ]
[ 1.00  0.99  0.01  0.99  1.00  0.02  1.00  0.00  1.00  1.00  1.00  0.98 ]
[ 0.00  0.65  0.00  0.03  0.02  0.99  1.00  0.00  0.99  0.99  0.16  0.00 ]
[ 0.99  1.00  0.00  0.99  1.00  0.00  0.00  0.99  0.98  0.01  1.00  1.00 ]
[ 0.01  0.00  0.00  0.00  0.17  0.01  0.00  0.00  1.00  0.00  0.96  0.99 ]
[ 0.00  1.00  1.00  0.00  0.01  1.00  1.00  1.00  1.00  0.99  1.00  1.00 ]
[ 1.00  1.00  1.00  1.00  1.00  1.00  1.00  1.00  0.00  1.00  1.00  1.00 ]
[ 1.00  1.00  1.00  1.00  1.00  1.00  1.00  1.00  1.00  1.00  1.00  0.01 ]

01/29 04:30:59 AM | === Batch 201/230
01/29 04:30:59 AM | loss = 0.341 + 0.002 + 0.007 = 0.350
01/29 04:30:59 AM | === Batch 202/230
01/29 04:31:00 AM | loss = 0.441 + 0.010 + 0.007 = 0.458
01/29 04:31:00 AM | === Batch 203/230
01/29 04:31:00 AM | loss = 0.295 + 0.014 + 0.007 = 0.316
01/29 04:31:00 AM | === Batch 204/230
01/29 04:31:00 AM | loss = 0.434 + 0.016 + 0.007 = 0.457
01/29 04:31:01 AM | === Batch 205/230
01/29 04:31:01 AM | loss = 0.293 + 0.015 + 0.007 = 0.315
01/29 04:31:01 AM | === Batch 206/230
01/29 04:31:01 AM | loss = 0.412 + 0.011 + 0.007 = 0.430
01/29 04:31:02 AM | === Batch 207/230
01/29 04:31:02 AM | loss = 0.333 + 0.004 + 0.007 = 0.344
01/29 04:31:02 AM | === Batch 208/230
01/29 04:31:02 AM | loss = 0.319 + 0.014 + 0.007 = 0.340
01/29 04:31:02 AM | === Batch 209/230
01/29 04:31:03 AM | loss = 0.335 + 0.009 + 0.007 = 0.351
01/29 04:31:03 AM | === Batch 210/230
01/29 04:31:03 AM | loss = 0.357 + 0.008 + 0.007 = 0.372
01/29 04:31:03 AM | === Batch 211/230
01/29 04:31:03 AM | loss = 0.639 + 0.017 + 0.007 = 0.663
01/29 04:31:04 AM | === Batch 212/230
01/29 04:31:04 AM | loss = 0.391 + 0.020 + 0.006 = 0.418
01/29 04:31:04 AM | === Batch 213/230
01/29 04:31:04 AM | loss = 0.426 + 0.020 + 0.006 = 0.452
01/29 04:31:05 AM | === Batch 214/230
01/29 04:31:05 AM | loss = 0.570 + 0.016 + 0.006 = 0.592
01/29 04:31:05 AM | === Batch 215/230
01/29 04:31:05 AM | loss = 0.519 + 0.010 + 0.006 = 0.535
01/29 04:31:05 AM | === Batch 216/230
01/29 04:31:06 AM | loss = 0.440 + 0.001 + 0.006 = 0.448
01/29 04:31:06 AM | === Batch 217/230
01/29 04:31:06 AM | loss = 0.393 + 0.016 + 0.006 = 0.415
01/29 04:31:06 AM | === Batch 218/230
01/29 04:31:06 AM | loss = 0.412 + 0.015 + 0.006 = 0.434
01/29 04:31:07 AM | === Batch 219/230
01/29 04:31:07 AM | loss = 0.386 + 0.003 + 0.006 = 0.395
01/29 04:31:07 AM | === Batch 220/230
01/29 04:31:07 AM | loss = 0.558 + 0.008 + 0.006 = 0.572
01/29 04:31:07 AM | === Batch 221/230
01/29 04:31:08 AM | loss = 0.443 + 0.009 + 0.006 = 0.459
01/29 04:31:08 AM | === Batch 222/230
01/29 04:31:08 AM | loss = 0.409 + 0.008 + 0.006 = 0.423
01/29 04:31:08 AM | === Batch 223/230
01/29 04:31:08 AM | loss = 0.542 + 0.003 + 0.006 = 0.551
01/29 04:31:09 AM | === Batch 224/230
01/29 04:31:09 AM | loss = 0.406 + 0.007 + 0.006 = 0.419
01/29 04:31:09 AM | === Batch 225/230
01/29 04:31:09 AM | loss = 0.528 + 0.001 + 0.006 = 0.535
01/29 04:31:09 AM | === Batch 226/230
01/29 04:31:10 AM | loss = 0.332 + 0.002 + 0.006 = 0.340
01/29 04:31:10 AM | === Batch 227/230
01/29 04:31:10 AM | loss = 0.398 + 0.003 + 0.006 = 0.407
01/29 04:31:10 AM | === Batch 228/230
01/29 04:31:10 AM | loss = 0.328 + 0.006 + 0.006 = 0.340
01/29 04:31:11 AM | === Batch 229/230
01/29 04:31:11 AM | loss = 0.349 + 0.010 + 0.006 = 0.366
01/29 04:31:11 AM | === Batch 230/230
01/29 04:31:11 AM | loss = 0.329 + 0.012 + 0.006 = 0.348
01/29 04:31:12 AM | ===
Best loss was 0.25 at iteration 156

01/29 04:31:12 AM | Looking for optimal threshold...
01/29 04:31:12 AM | Testing threshold 0.5
01/29 04:31:12 AM | Distance to target: 1,086,808
01/29 04:31:12 AM | Testing threshold 0.75
01/29 04:31:12 AM | Distance to target: 2,072,304
01/29 04:31:12 AM | Testing threshold 0.625
01/29 04:31:12 AM | Distance to target: 217,000
01/29 04:31:12 AM | Testing threshold 0.6875
01/29 04:31:12 AM | Distance to target: 832,872
01/29 04:31:12 AM | Testing threshold 0.65625
01/29 04:31:12 AM | Distance to target: 260,920
01/29 04:31:12 AM | Testing threshold 0.640625
01/29 04:31:12 AM | Distance to target: 260,920
01/29 04:31:12 AM | Testing threshold 0.6328125
01/29 04:31:12 AM | Distance to target: 149,048
01/29 04:31:12 AM | Testing threshold 0.62890625
01/29 04:31:12 AM | Distance to target: 37,176
01/29 04:31:13 AM | attribution_score[0:12]: 
[ 1.00  1.00  0.00  0.00  0.00  0.00  0.00  0.00  0.00  1.00  0.00  1.00 ]
[ 1.00  0.00  1.00  0.00  1.00  1.00  1.00  0.00  1.00  1.00  1.00  0.00 ]
[ 1.00  1.00  0.00  1.00  0.00  1.00  0.00  1.00  0.00  0.00  0.00  1.00 ]
[ 0.00  0.00  1.00  1.00  1.00  1.00  1.00  0.00  1.00  0.00  1.00  1.00 ]
[ 1.00  1.00  1.00  1.00  0.00  1.00  0.00  0.00  1.00  1.00  1.00  1.00 ]
[ 1.00  1.00  0.00  0.00  0.00  0.00  1.00  0.00  0.00  0.00  0.00  1.00 ]
[ 1.00  1.00  0.00  1.00  1.00  0.00  1.00  0.00  1.00  1.00  1.00  1.00 ]
[ 0.00  1.00  0.00  0.00  0.00  1.00  1.00  0.00  1.00  1.00  0.00  0.00 ]
[ 1.00  1.00  0.00  1.00  1.00  0.00  0.00  1.00  1.00  0.00  1.00  1.00 ]
[ 0.00  0.00  0.00  0.00  0.00  0.00  0.00  0.00  1.00  0.00  1.00  1.00 ]
[ 0.00  1.00  1.00  0.00  0.00  1.00  1.00  1.00  1.00  1.00  1.00  1.00 ]
[ 1.00  1.00  1.00  1.00  1.00  1.00  1.00  1.00  0.00  1.00  1.00  1.00 ]
[ 1.00  1.00  1.00  1.00  1.00  1.00  1.00  1.00  1.00  1.00  1.00  0.00 ]

01/29 04:31:13 AM | VGG(
  (features): Sequential(
    (conv0): Conv2d(3, 24, kernel_size=(3, 3), stride=(1, 1), padding=(1, 1))
    (norm0): BatchNorm2d(24, eps=1e-05, momentum=0.1, affine=True, track_running_stats=True)
    (relu0): ReLU(inplace=True)
    (conv1): Conv2d(24, 47, kernel_size=(3, 3), stride=(1, 1), padding=(1, 1))
    (norm1): BatchNorm2d(47, eps=1e-05, momentum=0.1, affine=True, track_running_stats=True)
    (relu1): ReLU(inplace=True)
    (pool2): MaxPool2d(kernel_size=2, stride=2, padding=0, dilation=1, ceil_mode=False)
    (conv3): Conv2d(47, 76, kernel_size=(3, 3), stride=(1, 1), padding=(1, 1))
    (norm3): BatchNorm2d(76, eps=1e-05, momentum=0.1, affine=True, track_running_stats=True)
    (relu3): ReLU(inplace=True)
    (conv4): Conv2d(76, 99, kernel_size=(3, 3), stride=(1, 1), padding=(1, 1))
    (norm4): BatchNorm2d(99, eps=1e-05, momentum=0.1, affine=True, track_running_stats=True)
    (relu4): ReLU(inplace=True)
    (pool5): MaxPool2d(kernel_size=2, stride=2, padding=0, dilation=1, ceil_mode=False)
    (conv6): Conv2d(99, 162, kernel_size=(3, 3), stride=(1, 1), padding=(1, 1))
    (norm6): BatchNorm2d(162, eps=1e-05, momentum=0.1, affine=True, track_running_stats=True)
    (relu6): ReLU(inplace=True)
    (conv7): Conv2d(162, 137, kernel_size=(3, 3), stride=(1, 1), padding=(1, 1))
    (norm7): BatchNorm2d(137, eps=1e-05, momentum=0.1, affine=True, track_running_stats=True)
    (relu7): ReLU(inplace=True)
    (conv8): Conv2d(137, 161, kernel_size=(3, 3), stride=(1, 1), padding=(1, 1))
    (norm8): BatchNorm2d(161, eps=1e-05, momentum=0.1, affine=True, track_running_stats=True)
    (relu8): ReLU(inplace=True)
    (pool9): MaxPool2d(kernel_size=2, stride=2, padding=0, dilation=1, ceil_mode=False)
    (conv10): Conv2d(161, 228, kernel_size=(3, 3), stride=(1, 1), padding=(1, 1))
    (norm10): BatchNorm2d(228, eps=1e-05, momentum=0.1, affine=True, track_running_stats=True)
    (relu10): ReLU(inplace=True)
    (conv11): Conv2d(228, 189, kernel_size=(3, 3), stride=(1, 1), padding=(1, 1))
    (norm11): BatchNorm2d(189, eps=1e-05, momentum=0.1, affine=True, track_running_stats=True)
    (relu11): ReLU(inplace=True)
    (conv12): Conv2d(189, 244, kernel_size=(3, 3), stride=(1, 1), padding=(1, 1))
    (norm12): BatchNorm2d(244, eps=1e-05, momentum=0.1, affine=True, track_running_stats=True)
    (relu12): ReLU(inplace=True)
    (pool13): MaxPool2d(kernel_size=2, stride=2, padding=0, dilation=1, ceil_mode=False)
    (conv14): Conv2d(244, 391, kernel_size=(3, 3), stride=(1, 1), padding=(1, 1))
    (norm14): BatchNorm2d(391, eps=1e-05, momentum=0.1, affine=True, track_running_stats=True)
    (relu14): ReLU(inplace=True)
    (conv15): Conv2d(391, 459, kernel_size=(3, 3), stride=(1, 1), padding=(1, 1))
    (norm15): BatchNorm2d(459, eps=1e-05, momentum=0.1, affine=True, track_running_stats=True)
    (relu15): ReLU(inplace=True)
    (conv16): Conv2d(459, 504, kernel_size=(3, 3), stride=(1, 1), padding=(1, 1))
    (norm16): BatchNorm2d(504, eps=1e-05, momentum=0.1, affine=True, track_running_stats=True)
    (relu16): ReLU(inplace=True)
  )
  (classifier): Sequential(
    (linear1): Linear(in_features=504, out_features=512, bias=True)
    (norm1): BatchNorm1d(512, eps=1e-05, momentum=0.1, affine=True, track_running_stats=True)
    (relu1): ReLU(inplace=True)
    (linear2): Linear(in_features=512, out_features=10, bias=True)
  )
)
01/29 04:31:20 AM | ----------------------------------------
01/29 04:31:20 AM | Performances input model:
01/29 04:31:20 AM |  - flops: 314,294,272
01/29 04:31:20 AM |  - params: 14,991,946
01/29 04:31:20 AM |  - accuracy: 93.95999908447266
01/29 04:31:20 AM | ----------------------------------------
01/29 04:31:20 AM | Performances pseudo-pruned model:
01/29 04:31:20 AM |  - flops: 314,294,272
01/29 04:31:20 AM |  - params: 14,991,946
01/29 04:31:20 AM |  - accuracy: 82.4000015258789
01/29 04:31:20 AM | ----------------------------------------
01/29 04:31:20 AM | Performances pruned model:
01/29 04:31:20 AM |  - flops: 108,459,276
01/29 04:31:20 AM |  - params: 6,615,267
01/29 04:31:20 AM |  - accuracy: 82.4000015258789
01/29 04:31:20 AM | ----------------------------------------
01/29 04:31:20 AM | Total time: 114.55s
