01/29 09:44:24 PM | args = Namespace(output_dir='result/rebuttal/nb_epoch/vgg/nbbtchs15/seed_02', loaded_model_path='./checkpoints/cifar10/vgg_16_bn.pt', resume=False, test_only=False, mode='prune', batch_size=64, nb_batches=15, Mflops_target=None, lr=0.6, momentum=0.9, beta=6, gamma=0.4, gpu='0', num_workers=4, dataset='cifar10', arch='vgg_16_bn', save_plot=False, seed=2, lr_finetuning=0.02, epoch_finetuning=200, wd=0.002, data_dir='./data/cifar10/', print_freq=200, num_classes=10, device_ids=[0], device=device(type='cuda', index=0), name_base='')
01/29 09:44:35 PM | ----------------------------------------
01/29 09:44:35 PM | ==> Building model...
01/29 09:44:35 PM | ----------------------------------------
01/29 09:44:35 PM | ==> Loading weights into the model...
01/29 09:44:35 PM | ----------------------------------------
01/29 09:44:35 PM | VGG(
  (features): Sequential(
    (conv0): Conv2d(3, 64, kernel_size=(3, 3), stride=(1, 1), padding=(1, 1))
    (norm0): BatchNorm2d(64, eps=1e-05, momentum=0.1, affine=True, track_running_stats=True)
    (relu0): ReLU(inplace=True)
    (conv1): Conv2d(64, 64, kernel_size=(3, 3), stride=(1, 1), padding=(1, 1))
    (norm1): BatchNorm2d(64, eps=1e-05, momentum=0.1, affine=True, track_running_stats=True)
    (relu1): ReLU(inplace=True)
    (pool2): MaxPool2d(kernel_size=2, stride=2, padding=0, dilation=1, ceil_mode=False)
    (conv3): Conv2d(64, 128, kernel_size=(3, 3), stride=(1, 1), padding=(1, 1))
    (norm3): BatchNorm2d(128, eps=1e-05, momentum=0.1, affine=True, track_running_stats=True)
    (relu3): ReLU(inplace=True)
    (conv4): Conv2d(128, 128, kernel_size=(3, 3), stride=(1, 1), padding=(1, 1))
    (norm4): BatchNorm2d(128, eps=1e-05, momentum=0.1, affine=True, track_running_stats=True)
    (relu4): ReLU(inplace=True)
    (pool5): MaxPool2d(kernel_size=2, stride=2, padding=0, dilation=1, ceil_mode=False)
    (conv6): Conv2d(128, 256, kernel_size=(3, 3), stride=(1, 1), padding=(1, 1))
    (norm6): BatchNorm2d(256, eps=1e-05, momentum=0.1, affine=True, track_running_stats=True)
    (relu6): ReLU(inplace=True)
    (conv7): Conv2d(256, 256, kernel_size=(3, 3), stride=(1, 1), padding=(1, 1))
    (norm7): BatchNorm2d(256, eps=1e-05, momentum=0.1, affine=True, track_running_stats=True)
    (relu7): ReLU(inplace=True)
    (conv8): Conv2d(256, 256, kernel_size=(3, 3), stride=(1, 1), padding=(1, 1))
    (norm8): BatchNorm2d(256, eps=1e-05, momentum=0.1, affine=True, track_running_stats=True)
    (relu8): ReLU(inplace=True)
    (pool9): MaxPool2d(kernel_size=2, stride=2, padding=0, dilation=1, ceil_mode=False)
    (conv10): Conv2d(256, 512, kernel_size=(3, 3), stride=(1, 1), padding=(1, 1))
    (norm10): BatchNorm2d(512, eps=1e-05, momentum=0.1, affine=True, track_running_stats=True)
    (relu10): ReLU(inplace=True)
    (conv11): Conv2d(512, 512, kernel_size=(3, 3), stride=(1, 1), padding=(1, 1))
    (norm11): BatchNorm2d(512, eps=1e-05, momentum=0.1, affine=True, track_running_stats=True)
    (relu11): ReLU(inplace=True)
    (conv12): Conv2d(512, 512, kernel_size=(3, 3), stride=(1, 1), padding=(1, 1))
    (norm12): BatchNorm2d(512, eps=1e-05, momentum=0.1, affine=True, track_running_stats=True)
    (relu12): ReLU(inplace=True)
    (pool13): MaxPool2d(kernel_size=2, stride=2, padding=0, dilation=1, ceil_mode=False)
    (conv14): Conv2d(512, 512, kernel_size=(3, 3), stride=(1, 1), padding=(1, 1))
    (norm14): BatchNorm2d(512, eps=1e-05, momentum=0.1, affine=True, track_running_stats=True)
    (relu14): ReLU(inplace=True)
    (conv15): Conv2d(512, 512, kernel_size=(3, 3), stride=(1, 1), padding=(1, 1))
    (norm15): BatchNorm2d(512, eps=1e-05, momentum=0.1, affine=True, track_running_stats=True)
    (relu15): ReLU(inplace=True)
    (conv16): Conv2d(512, 512, kernel_size=(3, 3), stride=(1, 1), padding=(1, 1))
    (norm16): BatchNorm2d(512, eps=1e-05, momentum=0.1, affine=True, track_running_stats=True)
    (relu16): ReLU(inplace=True)
  )
  (classifier): Sequential(
    (linear1): Linear(in_features=512, out_features=512, bias=True)
    (norm1): BatchNorm1d(512, eps=1e-05, momentum=0.1, affine=True, track_running_stats=True)
    (relu1): ReLU(inplace=True)
    (linear2): Linear(in_features=512, out_features=10, bias=True)
  )
)
01/29 09:44:37 PM | Save modules info...
01/29 09:44:37 PM | FLOPS pruning ratio is 0.65
01/29 09:44:37 PM | Pruning with information flow
01/29 09:44:37 PM | -----
01/29 09:44:37 PM | module: Conv2d(3, 64, kernel_size=(3, 3), stride=(1, 1), padding=(1, 1))
01/29 09:44:37 PM | cin: None
01/29 09:44:37 PM | cout: [0]
01/29 09:44:37 PM | inactive
01/29 09:44:37 PM | -----
01/29 09:44:37 PM | module: BatchNorm2d(64, eps=1e-05, momentum=0.1, affine=True, track_running_stats=True)
01/29 09:44:37 PM | cin: [0]
01/29 09:44:37 PM | cout: [0]
01/29 09:44:37 PM | inactive
01/29 09:44:37 PM | -----
01/29 09:44:37 PM | module: ReLU(inplace=True)
01/29 09:44:37 PM | cin: [0]
01/29 09:44:37 PM | cout: [0]
01/29 09:44:37 PM | active
01/29 09:44:37 PM | -----
01/29 09:44:37 PM | module: Conv2d(64, 64, kernel_size=(3, 3), stride=(1, 1), padding=(1, 1))
01/29 09:44:37 PM | cin: [0]
01/29 09:44:37 PM | cout: [1]
01/29 09:44:37 PM | inactive
01/29 09:44:37 PM | -----
01/29 09:44:37 PM | module: BatchNorm2d(64, eps=1e-05, momentum=0.1, affine=True, track_running_stats=True)
01/29 09:44:37 PM | cin: [1]
01/29 09:44:37 PM | cout: [1]
01/29 09:44:37 PM | inactive
01/29 09:44:37 PM | -----
01/29 09:44:37 PM | module: ReLU(inplace=True)
01/29 09:44:37 PM | cin: [1]
01/29 09:44:37 PM | cout: [1]
01/29 09:44:37 PM | active
01/29 09:44:37 PM | -----
01/29 09:44:37 PM | module: MaxPool2d(kernel_size=2, stride=2, padding=0, dilation=1, ceil_mode=False)
01/29 09:44:37 PM | cin: [1]
01/29 09:44:37 PM | cout: [1]
01/29 09:44:37 PM | inactive
01/29 09:44:37 PM | -----
01/29 09:44:37 PM | module: Conv2d(64, 128, kernel_size=(3, 3), stride=(1, 1), padding=(1, 1))
01/29 09:44:37 PM | cin: [1]
01/29 09:44:37 PM | cout: [2]
01/29 09:44:37 PM | inactive
01/29 09:44:37 PM | -----
01/29 09:44:37 PM | module: BatchNorm2d(128, eps=1e-05, momentum=0.1, affine=True, track_running_stats=True)
01/29 09:44:37 PM | cin: [2]
01/29 09:44:37 PM | cout: [2]
01/29 09:44:37 PM | inactive
01/29 09:44:37 PM | -----
01/29 09:44:37 PM | module: ReLU(inplace=True)
01/29 09:44:37 PM | cin: [2]
01/29 09:44:37 PM | cout: [2]
01/29 09:44:37 PM | active
01/29 09:44:37 PM | -----
01/29 09:44:37 PM | module: Conv2d(128, 128, kernel_size=(3, 3), stride=(1, 1), padding=(1, 1))
01/29 09:44:37 PM | cin: [2]
01/29 09:44:37 PM | cout: [3]
01/29 09:44:37 PM | inactive
01/29 09:44:37 PM | -----
01/29 09:44:37 PM | module: BatchNorm2d(128, eps=1e-05, momentum=0.1, affine=True, track_running_stats=True)
01/29 09:44:37 PM | cin: [3]
01/29 09:44:37 PM | cout: [3]
01/29 09:44:37 PM | inactive
01/29 09:44:37 PM | -----
01/29 09:44:37 PM | module: ReLU(inplace=True)
01/29 09:44:37 PM | cin: [3]
01/29 09:44:37 PM | cout: [3]
01/29 09:44:37 PM | active
01/29 09:44:37 PM | -----
01/29 09:44:37 PM | module: MaxPool2d(kernel_size=2, stride=2, padding=0, dilation=1, ceil_mode=False)
01/29 09:44:37 PM | cin: [3]
01/29 09:44:37 PM | cout: [3]
01/29 09:44:37 PM | inactive
01/29 09:44:37 PM | -----
01/29 09:44:37 PM | module: Conv2d(128, 256, kernel_size=(3, 3), stride=(1, 1), padding=(1, 1))
01/29 09:44:37 PM | cin: [3]
01/29 09:44:37 PM | cout: [4]
01/29 09:44:37 PM | inactive
01/29 09:44:37 PM | -----
01/29 09:44:37 PM | module: BatchNorm2d(256, eps=1e-05, momentum=0.1, affine=True, track_running_stats=True)
01/29 09:44:37 PM | cin: [4]
01/29 09:44:37 PM | cout: [4]
01/29 09:44:37 PM | inactive
01/29 09:44:37 PM | -----
01/29 09:44:37 PM | module: ReLU(inplace=True)
01/29 09:44:37 PM | cin: [4]
01/29 09:44:37 PM | cout: [4]
01/29 09:44:37 PM | active
01/29 09:44:37 PM | -----
01/29 09:44:37 PM | module: Conv2d(256, 256, kernel_size=(3, 3), stride=(1, 1), padding=(1, 1))
01/29 09:44:37 PM | cin: [4]
01/29 09:44:37 PM | cout: [5]
01/29 09:44:37 PM | inactive
01/29 09:44:37 PM | -----
01/29 09:44:37 PM | module: BatchNorm2d(256, eps=1e-05, momentum=0.1, affine=True, track_running_stats=True)
01/29 09:44:37 PM | cin: [5]
01/29 09:44:37 PM | cout: [5]
01/29 09:44:37 PM | inactive
01/29 09:44:37 PM | -----
01/29 09:44:37 PM | module: ReLU(inplace=True)
01/29 09:44:37 PM | cin: [5]
01/29 09:44:37 PM | cout: [5]
01/29 09:44:37 PM | active
01/29 09:44:37 PM | -----
01/29 09:44:37 PM | module: Conv2d(256, 256, kernel_size=(3, 3), stride=(1, 1), padding=(1, 1))
01/29 09:44:37 PM | cin: [5]
01/29 09:44:37 PM | cout: [6]
01/29 09:44:37 PM | inactive
01/29 09:44:37 PM | -----
01/29 09:44:37 PM | module: BatchNorm2d(256, eps=1e-05, momentum=0.1, affine=True, track_running_stats=True)
01/29 09:44:37 PM | cin: [6]
01/29 09:44:37 PM | cout: [6]
01/29 09:44:37 PM | inactive
01/29 09:44:37 PM | -----
01/29 09:44:37 PM | module: ReLU(inplace=True)
01/29 09:44:37 PM | cin: [6]
01/29 09:44:37 PM | cout: [6]
01/29 09:44:37 PM | active
01/29 09:44:37 PM | -----
01/29 09:44:37 PM | module: MaxPool2d(kernel_size=2, stride=2, padding=0, dilation=1, ceil_mode=False)
01/29 09:44:37 PM | cin: [6]
01/29 09:44:37 PM | cout: [6]
01/29 09:44:37 PM | inactive
01/29 09:44:37 PM | -----
01/29 09:44:37 PM | module: Conv2d(256, 512, kernel_size=(3, 3), stride=(1, 1), padding=(1, 1))
01/29 09:44:37 PM | cin: [6]
01/29 09:44:37 PM | cout: [7]
01/29 09:44:37 PM | inactive
01/29 09:44:37 PM | -----
01/29 09:44:37 PM | module: BatchNorm2d(512, eps=1e-05, momentum=0.1, affine=True, track_running_stats=True)
01/29 09:44:37 PM | cin: [7]
01/29 09:44:37 PM | cout: [7]
01/29 09:44:37 PM | inactive
01/29 09:44:37 PM | -----
01/29 09:44:37 PM | module: ReLU(inplace=True)
01/29 09:44:37 PM | cin: [7]
01/29 09:44:37 PM | cout: [7]
01/29 09:44:37 PM | active
01/29 09:44:37 PM | -----
01/29 09:44:37 PM | module: Conv2d(512, 512, kernel_size=(3, 3), stride=(1, 1), padding=(1, 1))
01/29 09:44:37 PM | cin: [7]
01/29 09:44:37 PM | cout: [8]
01/29 09:44:37 PM | inactive
01/29 09:44:37 PM | -----
01/29 09:44:37 PM | module: BatchNorm2d(512, eps=1e-05, momentum=0.1, affine=True, track_running_stats=True)
01/29 09:44:37 PM | cin: [8]
01/29 09:44:37 PM | cout: [8]
01/29 09:44:37 PM | inactive
01/29 09:44:37 PM | -----
01/29 09:44:37 PM | module: ReLU(inplace=True)
01/29 09:44:37 PM | cin: [8]
01/29 09:44:37 PM | cout: [8]
01/29 09:44:37 PM | active
01/29 09:44:37 PM | -----
01/29 09:44:37 PM | module: Conv2d(512, 512, kernel_size=(3, 3), stride=(1, 1), padding=(1, 1))
01/29 09:44:37 PM | cin: [8]
01/29 09:44:37 PM | cout: [9]
01/29 09:44:37 PM | inactive
01/29 09:44:37 PM | -----
01/29 09:44:37 PM | module: BatchNorm2d(512, eps=1e-05, momentum=0.1, affine=True, track_running_stats=True)
01/29 09:44:37 PM | cin: [9]
01/29 09:44:37 PM | cout: [9]
01/29 09:44:37 PM | inactive
01/29 09:44:37 PM | -----
01/29 09:44:37 PM | module: ReLU(inplace=True)
01/29 09:44:37 PM | cin: [9]
01/29 09:44:37 PM | cout: [9]
01/29 09:44:37 PM | active
01/29 09:44:37 PM | -----
01/29 09:44:37 PM | module: MaxPool2d(kernel_size=2, stride=2, padding=0, dilation=1, ceil_mode=False)
01/29 09:44:37 PM | cin: [9]
01/29 09:44:37 PM | cout: [9]
01/29 09:44:37 PM | inactive
01/29 09:44:37 PM | -----
01/29 09:44:37 PM | module: Conv2d(512, 512, kernel_size=(3, 3), stride=(1, 1), padding=(1, 1))
01/29 09:44:37 PM | cin: [9]
01/29 09:44:37 PM | cout: [10]
01/29 09:44:37 PM | inactive
01/29 09:44:37 PM | -----
01/29 09:44:37 PM | module: BatchNorm2d(512, eps=1e-05, momentum=0.1, affine=True, track_running_stats=True)
01/29 09:44:37 PM | cin: [10]
01/29 09:44:37 PM | cout: [10]
01/29 09:44:37 PM | inactive
01/29 09:44:37 PM | -----
01/29 09:44:37 PM | module: ReLU(inplace=True)
01/29 09:44:37 PM | cin: [10]
01/29 09:44:37 PM | cout: [10]
01/29 09:44:37 PM | active
01/29 09:44:37 PM | -----
01/29 09:44:37 PM | module: Conv2d(512, 512, kernel_size=(3, 3), stride=(1, 1), padding=(1, 1))
01/29 09:44:37 PM | cin: [10]
01/29 09:44:37 PM | cout: [11]
01/29 09:44:37 PM | inactive
01/29 09:44:37 PM | -----
01/29 09:44:37 PM | module: BatchNorm2d(512, eps=1e-05, momentum=0.1, affine=True, track_running_stats=True)
01/29 09:44:37 PM | cin: [11]
01/29 09:44:37 PM | cout: [11]
01/29 09:44:37 PM | inactive
01/29 09:44:37 PM | -----
01/29 09:44:37 PM | module: ReLU(inplace=True)
01/29 09:44:37 PM | cin: [11]
01/29 09:44:37 PM | cout: [11]
01/29 09:44:37 PM | active
01/29 09:44:37 PM | -----
01/29 09:44:37 PM | module: Conv2d(512, 512, kernel_size=(3, 3), stride=(1, 1), padding=(1, 1))
01/29 09:44:37 PM | cin: [11]
01/29 09:44:37 PM | cout: [12]
01/29 09:44:37 PM | inactive
01/29 09:44:37 PM | -----
01/29 09:44:37 PM | module: BatchNorm2d(512, eps=1e-05, momentum=0.1, affine=True, track_running_stats=True)
01/29 09:44:37 PM | cin: [12]
01/29 09:44:37 PM | cout: [12]
01/29 09:44:37 PM | inactive
01/29 09:44:37 PM | -----
01/29 09:44:37 PM | module: ReLU(inplace=True)
01/29 09:44:37 PM | cin: [12]
01/29 09:44:37 PM | cout: [12]
01/29 09:44:37 PM | active
01/29 09:44:37 PM | -----
01/29 09:44:37 PM | module: Linear(in_features=512, out_features=512, bias=True)
01/29 09:44:37 PM | cin: [12]
01/29 09:44:37 PM | cout: None
01/29 09:44:37 PM | inactive
01/29 09:44:37 PM | -----
01/29 09:44:37 PM | module: ReLU(inplace=True)
01/29 09:44:37 PM | cin: None
01/29 09:44:37 PM | cout: None
01/29 09:44:37 PM | active
01/29 09:44:37 PM | -----
01/29 09:44:37 PM | module: Linear(in_features=512, out_features=10, bias=True)
01/29 09:44:37 PM | cin: None
01/29 09:44:37 PM | cout: None
01/29 09:44:37 PM | inactive
01/29 09:44:37 PM | Used masks: [0, 1, 2, 3, 4, 5, 6, 7, 8, 9, 10, 11, 12]
01/29 09:44:37 PM | 13 unique masks in total
01/29 09:44:37 PM | === Batch 1/15
01/29 09:44:37 PM | loss = 0.166 + 4.266 + 0.040 = 4.472
01/29 09:44:38 PM | attribution_score[0:12]: 
[ 0.83  0.94  0.83  0.83  0.83  0.83  0.83  0.83  0.83  0.94  0.83  0.94 ]
[ 0.94  0.83  0.94  0.83  0.94  0.83  0.94  0.83  0.83  0.94  0.83  0.83 ]
[ 0.94  0.94  0.83  0.94  0.83  0.83  0.94  0.94  0.83  0.83  0.83  0.94 ]
[ 0.83  0.94  0.94  0.94  0.94  0.94  0.83  0.83  0.94  0.83  0.94  0.94 ]
[ 0.94  0.83  0.83  0.83  0.83  0.94  0.83  0.83  0.83  0.83  0.83  0.83 ]
[ 0.83  0.83  0.83  0.94  0.83  0.83  0.94  0.83  0.83  0.83  0.83  0.83 ]
[ 0.94  0.83  0.83  0.83  0.83  0.83  0.94  0.83  0.94  0.83  0.94  0.83 ]
[ 0.83  0.83  0.83  0.83  0.83  0.83  0.94  0.83  0.83  0.94  0.83  0.83 ]
[ 0.83  0.83  0.83  0.83  0.83  0.83  0.83  0.83  0.83  0.83  0.83  0.83 ]
[ 0.83  0.83  0.83  0.83  0.83  0.83  0.83  0.83  0.83  0.83  0.83  0.83 ]
[ 0.83  0.83  0.83  0.83  0.83  0.83  0.83  0.83  0.83  0.83  0.94  0.83 ]
[ 0.83  0.94  0.83  0.83  0.83  0.83  0.83  0.94  0.83  0.83  0.83  0.83 ]
[ 0.94  0.94  0.94  0.83  0.94  0.94  0.83  0.83  0.83  0.94  0.83  0.83 ]

01/29 09:44:38 PM | === Batch 2/15
01/29 09:44:38 PM | loss = 0.241 + 3.587 + 0.056 = 3.884
01/29 09:44:38 PM | attribution_score[0:12]: 
[ 0.88  0.97  0.73  0.75  0.73  0.74  0.75  0.73  0.73  0.93  0.73  0.96 ]
[ 0.94  0.73  0.95  0.73  0.94  0.86  0.94  0.74  0.75  0.96  0.87  0.74 ]
[ 0.96  0.96  0.73  0.96  0.76  0.88  0.94  0.95  0.73  0.73  0.84  0.95 ]
[ 0.78  0.91  0.91  0.97  0.96  0.97  0.79  0.74  0.94  0.75  0.92  0.95 ]
[ 0.96  0.88  0.75  0.73  0.81  0.96  0.73  0.73  0.87  0.75  0.78  0.75 ]
[ 0.73  0.86  0.74  0.94  0.79  0.75  0.92  0.73  0.75  0.74  0.73  0.74 ]
[ 0.94  0.74  0.80  0.82  0.73  0.73  0.94  0.87  0.96  0.85  0.97  0.77 ]
[ 0.73  0.73  0.73  0.73  0.74  0.75  0.96  0.73  0.73  0.91  0.73  0.74 ]
[ 0.74  0.73  0.73  0.73  0.76  0.73  0.73  0.73  0.81  0.73  0.73  0.85 ]
[ 0.74  0.74  0.73  0.73  0.75  0.76  0.73  0.73  0.74  0.73  0.74  0.76 ]
[ 0.73  0.88  0.81  0.74  0.73  0.73  0.84  0.86  0.73  0.77  0.97  0.88 ]
[ 0.88  0.97  0.82  0.87  0.88  0.78  0.87  0.97  0.76  0.76  0.87  0.76 ]
[ 0.96  0.97  0.97  0.86  0.96  0.96  0.85  0.88  0.88  0.95  0.75  0.75 ]

01/29 09:44:38 PM | === Batch 3/15
01/29 09:44:38 PM | loss = 0.187 + 2.847 + 0.073 = 3.107
01/29 09:44:39 PM | attribution_score[0:12]: 
[ 0.91  0.98  0.62  0.63  0.61  0.62  0.63  0.60  0.60  0.91  0.61  0.96 ]
[ 0.94  0.60  0.94  0.60  0.92  0.88  0.93  0.62  0.65  0.97  0.90  0.62 ]
[ 0.97  0.98  0.61  0.97  0.65  0.91  0.92  0.95  0.60  0.62  0.79  0.95 ]
[ 0.69  0.87  0.87  0.98  0.96  0.98  0.72  0.61  0.94  0.63  0.88  0.96 ]
[ 0.97  0.92  0.73  0.60  0.77  0.96  0.60  0.61  0.91  0.69  0.74  0.72 ]
[ 0.60  0.89  0.62  0.92  0.72  0.65  0.87  0.60  0.65  0.62  0.60  0.61 ]
[ 0.92  0.62  0.73  0.77  0.65  0.60  0.91  0.86  0.97  0.89  0.98  0.70 ]
[ 0.60  0.60  0.60  0.60  0.62  0.65  0.96  0.60  0.60  0.86  0.60  0.63 ]
[ 0.62  0.60  0.60  0.60  0.66  0.60  0.60  0.60  0.76  0.60  0.60  0.87 ]
[ 0.62  0.61  0.61  0.60  0.64  0.66  0.60  0.60  0.61  0.60  0.61  0.65 ]
[ 0.60  0.92  0.83  0.61  0.60  0.61  0.86  0.87  0.60  0.69  0.98  0.86 ]
[ 0.91  0.98  0.78  0.91  0.92  0.72  0.90  0.98  0.65  0.78  0.90  0.65 ]
[ 0.97  0.98  0.98  0.81  0.97  0.98  0.88  0.92  0.91  0.96  0.77  0.66 ]

01/29 09:44:39 PM | === Batch 4/15
01/29 09:44:39 PM | loss = 0.400 + 1.920 + 0.096 = 2.415
01/29 09:44:39 PM | attribution_score[0:12]: 
[ 0.94  0.98  0.50  0.49  0.46  0.48  0.49  0.46  0.45  0.86  0.46  0.96 ]
[ 0.93  0.46  0.92  0.45  0.90  0.89  0.92  0.49  0.53  0.96  0.93  0.48 ]
[ 0.97  0.98  0.47  0.97  0.53  0.93  0.90  0.95  0.45  0.48  0.72  0.95 ]
[ 0.57  0.80  0.81  0.98  0.97  0.98  0.73  0.47  0.94  0.58  0.82  0.97 ]
[ 0.97  0.93  0.69  0.51  0.80  0.96  0.45  0.47  0.93  0.59  0.76  0.64 ]
[ 0.46  0.90  0.47  0.90  0.61  0.51  0.83  0.47  0.53  0.48  0.46  0.55 ]
[ 0.88  0.51  0.62  0.70  0.54  0.46  0.89  0.87  0.97  0.92  0.99  0.60 ]
[ 0.45  0.47  0.47  0.46  0.49  0.53  0.96  0.45  0.46  0.79  0.47  0.52 ]
[ 0.48  0.53  0.45  0.50  0.54  0.45  0.45  0.50  0.70  0.45  0.55  0.90 ]
[ 0.50  0.47  0.46  0.45  0.51  0.54  0.45  0.45  0.47  0.45  0.52  0.54 ]
[ 0.46  0.95  0.88  0.51  0.50  0.48  0.90  0.88  0.65  0.74  0.99  0.82 ]
[ 0.93  0.99  0.78  0.95  0.95  0.74  0.93  0.99  0.58  0.81  0.93  0.52 ]
[ 0.98  0.99  0.99  0.74  0.98  0.99  0.92  0.95  0.94  0.96  0.76  0.54 ]

01/29 09:44:39 PM | === Batch 5/15
01/29 09:44:39 PM | loss = 0.815 + 1.067 + 0.111 = 1.993
01/29 09:44:39 PM | attribution_score[0:12]: 
[ 0.96  0.98  0.37  0.35  0.32  0.34  0.35  0.32  0.31  0.80  0.33  0.97 ]
[ 0.93  0.32  0.93  0.31  0.85  0.90  0.93  0.36  0.48  0.96  0.93  0.37 ]
[ 0.97  0.98  0.33  0.98  0.39  0.95  0.85  0.95  0.32  0.34  0.62  0.95 ]
[ 0.43  0.79  0.72  0.99  0.96  0.99  0.67  0.44  0.93  0.60  0.84  0.97 ]
[ 0.98  0.95  0.61  0.42  0.81  0.96  0.32  0.34  0.94  0.47  0.74  0.54 ]
[ 0.38  0.90  0.34  0.85  0.49  0.39  0.79  0.34  0.43  0.40  0.32  0.52 ]
[ 0.86  0.38  0.54  0.60  0.56  0.33  0.89  0.89  0.97  0.93  0.99  0.50 ]
[ 0.31  0.39  0.33  0.32  0.37  0.40  0.96  0.31  0.47  0.68  0.36  0.43 ]
[ 0.43  0.58  0.31  0.51  0.53  0.32  0.32  0.43  0.74  0.41  0.57  0.93 ]
[ 0.45  0.37  0.32  0.31  0.48  0.54  0.33  0.31  0.52  0.32  0.44  0.52 ]
[ 0.32  0.96  0.92  0.40  0.46  0.54  0.93  0.91  0.73  0.78  0.99  0.86 ]
[ 0.95  0.99  0.83  0.97  0.97  0.79  0.95  0.99  0.53  0.85  0.95  0.60 ]
[ 0.98  0.99  0.99  0.77  0.98  0.99  0.95  0.97  0.96  0.95  0.71  0.41 ]

01/29 09:44:39 PM | === Batch 6/15
01/29 09:44:40 PM | loss = 1.149 + 0.481 + 0.095 = 1.725
01/29 09:44:40 PM | attribution_score[0:12]: 
[ 0.97  0.99  0.27  0.23  0.21  0.23  0.25  0.20  0.20  0.71  0.21  0.97 ]
[ 0.93  0.21  0.95  0.20  0.77  0.91  0.93  0.24  0.44  0.96  0.93  0.36 ]
[ 0.97  0.98  0.21  0.98  0.27  0.96  0.79  0.94  0.21  0.23  0.51  0.96 ]
[ 0.42  0.75  0.68  0.99  0.95  0.99  0.63  0.41  0.94  0.60  0.81  0.96 ]
[ 0.98  0.95  0.61  0.33  0.80  0.95  0.21  0.25  0.95  0.50  0.73  0.43 ]
[ 0.40  0.91  0.22  0.79  0.41  0.27  0.72  0.25  0.33  0.31  0.21  0.53 ]
[ 0.88  0.29  0.51  0.58  0.64  0.23  0.91  0.89  0.96  0.95  0.99  0.40 ]
[ 0.20  0.32  0.22  0.20  0.28  0.34  0.95  0.20  0.50  0.58  0.33  0.34 ]
[ 0.47  0.59  0.21  0.55  0.54  0.21  0.23  0.39  0.78  0.42  0.60  0.93 ]
[ 0.41  0.31  0.21  0.20  0.49  0.59  0.23  0.20  0.60  0.22  0.36  0.53 ]
[ 0.21  0.97  0.93  0.30  0.38  0.62  0.95  0.94  0.80  0.76  1.00  0.90 ]
[ 0.96  1.00  0.88  0.98  0.98  0.84  0.96  1.00  0.45  0.90  0.97  0.68 ]
[ 0.99  1.00  1.00  0.83  0.99  1.00  0.96  0.98  0.97  0.94  0.73  0.41 ]

01/29 09:44:40 PM | === Batch 7/15
01/29 09:44:40 PM | loss = 1.071 + 0.064 + 0.081 = 1.216
01/29 09:44:40 PM | attribution_score[0:12]: 
[ 0.97  0.99  0.18  0.15  0.13  0.15  0.17  0.13  0.12  0.62  0.13  0.97 ]
[ 0.93  0.13  0.95  0.12  0.68  0.92  0.94  0.16  0.40  0.96  0.93  0.36 ]
[ 0.97  0.98  0.13  0.98  0.17  0.97  0.69  0.94  0.13  0.15  0.38  0.95 ]
[ 0.41  0.70  0.69  0.99  0.95  0.99  0.62  0.38  0.94  0.57  0.79  0.95 ]
[ 0.98  0.96  0.65  0.25  0.77  0.96  0.14  0.17  0.96  0.51  0.73  0.39 ]
[ 0.39  0.91  0.14  0.70  0.32  0.20  0.70  0.18  0.26  0.23  0.13  0.60 ]
[ 0.90  0.20  0.43  0.55  0.72  0.17  0.92  0.87  0.96  0.96  1.00  0.29 ]
[ 0.12  0.33  0.15  0.13  0.22  0.32  0.95  0.12  0.58  0.45  0.30  0.26 ]
[ 0.52  0.58  0.14  0.62  0.60  0.14  0.16  0.34  0.79  0.45  0.65  0.94 ]
[ 0.38  0.24  0.13  0.12  0.48  0.64  0.16  0.13  0.69  0.16  0.34  0.54 ]
[ 0.14  0.98  0.93  0.23  0.31  0.71  0.96  0.96  0.87  0.72  1.00  0.93 ]
[ 0.97  1.00  0.91  0.98  0.98  0.88  0.97  1.00  0.34  0.93  0.98  0.77 ]
[ 0.99  1.00  1.00  0.87  0.99  1.00  0.97  0.98  0.98  0.93  0.77  0.42 ]

01/29 09:44:40 PM | === Batch 8/15
01/29 09:44:41 PM | loss = 1.205 + 0.453 + 0.071 = 1.728
01/29 09:44:41 PM | attribution_score[0:12]: 
[ 0.98  0.99  0.16  0.11  0.10  0.12  0.15  0.09  0.09  0.65  0.10  0.97 ]
[ 0.94  0.09  0.96  0.08  0.70  0.92  0.95  0.11  0.39  0.96  0.93  0.41 ]
[ 0.97  0.99  0.10  0.98  0.14  0.98  0.70  0.94  0.10  0.11  0.35  0.96 ]
[ 0.41  0.70  0.75  0.99  0.95  0.99  0.67  0.39  0.95  0.61  0.83  0.96 ]
[ 0.98  0.97  0.71  0.25  0.76  0.96  0.10  0.15  0.96  0.54  0.78  0.40 ]
[ 0.42  0.92  0.11  0.70  0.32  0.19  0.71  0.17  0.23  0.19  0.09  0.69 ]
[ 0.92  0.19  0.37  0.58  0.80  0.15  0.94  0.87  0.96  0.97  1.00  0.28 ]
[ 0.09  0.38  0.12  0.09  0.20  0.34  0.95  0.09  0.67  0.48  0.35  0.22 ]
[ 0.58  0.64  0.11  0.70  0.68  0.11  0.14  0.38  0.81  0.46  0.73  0.95 ]
[ 0.42  0.23  0.10  0.09  0.53  0.69  0.14  0.09  0.77  0.15  0.39  0.61 ]
[ 0.12  0.99  0.95  0.24  0.35  0.79  0.96  0.97  0.91  0.76  1.00  0.95 ]
[ 0.98  1.00  0.94  0.99  0.98  0.91  0.97  1.00  0.35  0.96  0.98  0.84 ]
[ 0.99  1.00  1.00  0.90  0.99  1.00  0.98  0.99  0.99  0.94  0.79  0.46 ]

01/29 09:44:41 PM | === Batch 9/15
01/29 09:44:41 PM | loss = 1.074 + 0.370 + 0.064 = 1.509
01/29 09:44:41 PM | attribution_score[0:12]: 
[ 0.98  0.99  0.17  0.09  0.08  0.11  0.15  0.07  0.07  0.72  0.08  0.98 ]
[ 0.95  0.08  0.97  0.06  0.74  0.93  0.96  0.09  0.44  0.97  0.93  0.49 ]
[ 0.98  0.99  0.08  0.98  0.13  0.98  0.75  0.94  0.10  0.09  0.37  0.97 ]
[ 0.41  0.73  0.81  0.99  0.96  1.00  0.71  0.42  0.96  0.67  0.87  0.97 ]
[ 0.99  0.97  0.77  0.28  0.76  0.97  0.08  0.14  0.97  0.61  0.82  0.47 ]
[ 0.48  0.93  0.09  0.73  0.35  0.20  0.76  0.18  0.23  0.18  0.07  0.77 ]
[ 0.93  0.20  0.37  0.65  0.86  0.15  0.96  0.87  0.96  0.98  1.00  0.29 ]
[ 0.06  0.46  0.11  0.07  0.20  0.39  0.96  0.06  0.76  0.54  0.42  0.21 ]
[ 0.67  0.70  0.09  0.78  0.76  0.10  0.14  0.45  0.82  0.50  0.81  0.96 ]
[ 0.49  0.24  0.08  0.07  0.61  0.75  0.14  0.07  0.84  0.15  0.47  0.70 ]
[ 0.12  0.99  0.96  0.26  0.41  0.85  0.97  0.98  0.95  0.80  1.00  0.96 ]
[ 0.99  1.00  0.96  0.99  0.99  0.94  0.98  1.00  0.38  0.97  0.99  0.88 ]
[ 0.99  1.00  1.00  0.92  1.00  1.00  0.99  0.99  0.99  0.95  0.82  0.51 ]

01/29 09:44:41 PM | === Batch 10/15
01/29 09:44:41 PM | loss = 1.017 + 0.006 + 0.059 = 1.082
01/29 09:44:42 PM | attribution_score[0:12]: 
[ 0.98  0.99  0.19  0.08  0.08  0.11  0.16  0.06  0.06  0.79  0.07  0.98 ]
[ 0.97  0.07  0.98  0.05  0.78  0.93  0.97  0.07  0.50  0.98  0.93  0.58 ]
[ 0.98  0.99  0.08  0.99  0.12  0.99  0.81  0.95  0.10  0.09  0.42  0.97 ]
[ 0.38  0.79  0.86  0.99  0.96  1.00  0.76  0.48  0.97  0.74  0.91  0.97 ]
[ 0.99  0.98  0.82  0.34  0.73  0.98  0.07  0.14  0.97  0.69  0.83  0.55 ]
[ 0.57  0.94  0.08  0.79  0.41  0.23  0.82  0.22  0.25  0.19  0.06  0.84 ]
[ 0.95  0.24  0.41  0.72  0.90  0.16  0.97  0.87  0.97  0.98  1.00  0.35 ]
[ 0.05  0.56  0.12  0.06  0.22  0.48  0.97  0.05  0.83  0.64  0.51  0.21 ]
[ 0.75  0.77  0.09  0.83  0.83  0.10  0.15  0.54  0.79  0.53  0.87  0.97 ]
[ 0.58  0.27  0.07  0.06  0.70  0.81  0.15  0.07  0.88  0.16  0.56  0.78 ]
[ 0.13  0.99  0.97  0.29  0.47  0.90  0.97  0.99  0.96  0.83  1.00  0.97 ]
[ 0.99  1.00  0.97  0.99  0.99  0.96  0.98  1.00  0.44  0.98  0.99  0.92 ]
[ 1.00  1.00  1.00  0.94  1.00  1.00  0.99  0.99  0.99  0.97  0.87  0.59 ]

01/29 09:44:42 PM | === Batch 11/15
01/29 09:44:42 PM | loss = 0.915 + 0.266 + 0.055 = 1.236
01/29 09:44:42 PM | attribution_score[0:12]: 
[ 0.99  0.99  0.22  0.07  0.07  0.11  0.16  0.05  0.05  0.83  0.07  0.98 ]
[ 0.97  0.07  0.98  0.04  0.79  0.93  0.98  0.06  0.58  0.98  0.93  0.65 ]
[ 0.99  0.99  0.08  0.99  0.12  0.99  0.84  0.96  0.10  0.08  0.45  0.98 ]
[ 0.34  0.82  0.89  0.99  0.96  1.00  0.80  0.47  0.98  0.76  0.93  0.97 ]
[ 0.99  0.98  0.82  0.43  0.68  0.98  0.06  0.14  0.98  0.78  0.83  0.62 ]
[ 0.65  0.95  0.08  0.83  0.43  0.25  0.86  0.25  0.27  0.22  0.05  0.88 ]
[ 0.96  0.31  0.44  0.78  0.93  0.19  0.98  0.85  0.98  0.98  1.00  0.37 ]
[ 0.04  0.65  0.13  0.05  0.23  0.56  0.97  0.04  0.87  0.72  0.54  0.21 ]
[ 0.81  0.83  0.09  0.86  0.89  0.10  0.14  0.62  0.74  0.49  0.91  0.98 ]
[ 0.62  0.24  0.06  0.05  0.73  0.82  0.16  0.06  0.90  0.17  0.66  0.84 ]
[ 0.14  0.99  0.98  0.33  0.53  0.93  0.98  0.99  0.98  0.85  1.00  0.98 ]
[ 0.99  1.00  0.98  0.99  0.99  0.97  0.98  1.00  0.47  0.99  0.99  0.93 ]
[ 1.00  1.00  1.00  0.95  1.00  1.00  0.99  0.99  0.99  0.98  0.89  0.62 ]

01/29 09:44:42 PM | === Batch 12/15
01/29 09:44:42 PM | loss = 0.987 + 0.447 + 0.052 = 1.486
01/29 09:44:43 PM | attribution_score[0:12]: 
[ 0.99  1.00  0.23  0.06  0.07  0.11  0.16  0.05  0.04  0.86  0.06  0.99 ]
[ 0.98  0.07  0.98  0.03  0.80  0.93  0.98  0.05  0.67  0.98  0.93  0.67 ]
[ 0.99  0.99  0.08  0.99  0.12  0.99  0.87  0.96  0.09  0.07  0.47  0.98 ]
[ 0.30  0.84  0.92  0.99  0.96  1.00  0.84  0.46  0.98  0.75  0.95  0.98 ]
[ 0.99  0.98  0.79  0.54  0.63  0.99  0.05  0.13  0.98  0.84  0.83  0.70 ]
[ 0.70  0.96  0.07  0.87  0.42  0.28  0.89  0.26  0.29  0.28  0.04  0.91 ]
[ 0.96  0.39  0.45  0.82  0.94  0.21  0.98  0.82  0.98  0.99  1.00  0.40 ]
[ 0.03  0.69  0.13  0.04  0.23  0.61  0.98  0.03  0.89  0.76  0.52  0.21 ]
[ 0.84  0.87  0.08  0.87  0.92  0.09  0.13  0.66  0.68  0.42  0.93  0.98 ]
[ 0.62  0.20  0.05  0.04  0.73  0.81  0.16  0.05  0.91  0.16  0.70  0.87 ]
[ 0.15  0.99  0.98  0.37  0.57  0.95  0.98  0.99  0.98  0.86  1.00  0.98 ]
[ 0.99  1.00  0.98  1.00  0.99  0.98  0.99  1.00  0.47  0.99  1.00  0.94 ]
[ 1.00  1.00  1.00  0.95  1.00  1.00  0.99  0.99  1.00  0.98  0.89  0.60 ]

01/29 09:44:43 PM | === Batch 13/15
01/29 09:44:43 PM | loss = 0.796 + 0.546 + 0.049 = 1.391
01/29 09:44:43 PM | attribution_score[0:12]: 
[ 0.99  1.00  0.24  0.05  0.06  0.12  0.15  0.04  0.03  0.88  0.05  0.99 ]
[ 0.98  0.07  0.99  0.03  0.80  0.94  0.98  0.04  0.75  0.98  0.93  0.68 ]
[ 0.99  0.99  0.08  0.99  0.11  0.99  0.88  0.97  0.08  0.06  0.47  0.99 ]
[ 0.26  0.85  0.93  1.00  0.96  1.00  0.87  0.45  0.98  0.73  0.96  0.98 ]
[ 0.99  0.99  0.76  0.64  0.64  0.99  0.05  0.13  0.98  0.89  0.83  0.76 ]
[ 0.74  0.96  0.07  0.88  0.39  0.29  0.92  0.25  0.30  0.35  0.04  0.93 ]
[ 0.97  0.49  0.46  0.85  0.95  0.24  0.99  0.77  0.98  0.99  1.00  0.41 ]
[ 0.03  0.71  0.12  0.04  0.21  0.63  0.98  0.03  0.90  0.78  0.48  0.20 ]
[ 0.86  0.89  0.07  0.88  0.94  0.08  0.11  0.70  0.60  0.33  0.95  0.99 ]
[ 0.62  0.16  0.05  0.04  0.70  0.80  0.15  0.04  0.91  0.14  0.72  0.89 ]
[ 0.15  0.99  0.99  0.40  0.59  0.96  0.98  0.99  0.99  0.86  1.00  0.98 ]
[ 1.00  1.00  0.99  1.00  1.00  0.98  0.99  1.00  0.45  0.99  1.00  0.95 ]
[ 1.00  1.00  1.00  0.96  1.00  1.00  0.99  0.99  1.00  0.98  0.89  0.56 ]

01/29 09:44:43 PM | === Batch 14/15
01/29 09:44:43 PM | loss = 0.655 + 0.581 + 0.046 = 1.282
01/29 09:44:43 PM | attribution_score[0:12]: 
[ 0.99  1.00  0.23  0.04  0.05  0.11  0.14  0.03  0.03  0.89  0.04  0.99 ]
[ 0.99  0.07  0.99  0.02  0.80  0.95  0.99  0.04  0.83  0.98  0.93  0.66 ]
[ 0.99  0.99  0.08  0.99  0.10  0.99  0.89  0.97  0.07  0.05  0.46  0.99 ]
[ 0.25  0.85  0.94  1.00  0.96  1.00  0.88  0.42  0.98  0.70  0.96  0.98 ]
[ 0.99  0.99  0.70  0.73  0.67  0.99  0.04  0.13  0.98  0.92  0.83  0.78 ]
[ 0.77  0.97  0.06  0.90  0.33  0.32  0.94  0.23  0.29  0.45  0.03  0.94 ]
[ 0.97  0.61  0.44  0.87  0.95  0.27  0.99  0.71  0.98  0.99  1.00  0.41 ]
[ 0.02  0.72  0.13  0.03  0.18  0.64  0.98  0.02  0.91  0.78  0.41  0.19 ]
[ 0.88  0.91  0.06  0.88  0.96  0.08  0.09  0.72  0.57  0.25  0.96  0.99 ]
[ 0.60  0.12  0.04  0.03  0.64  0.77  0.13  0.03  0.92  0.12  0.72  0.91 ]
[ 0.15  1.00  0.99  0.43  0.61  0.97  0.98  0.99  0.99  0.87  1.00  0.98 ]
[ 1.00  1.00  0.99  1.00  1.00  0.99  0.99  1.00  0.40  0.99  1.00  0.96 ]
[ 1.00  1.00  1.00  0.96  1.00  1.00  0.99  0.99  1.00  0.99  0.88  0.52 ]

01/29 09:44:43 PM | === Batch 15/15
01/29 09:44:44 PM | loss = 0.541 + 0.575 + 0.044 = 1.160
01/29 09:44:44 PM | attribution_score[0:12]: 
[ 0.99  1.00  0.21  0.03  0.05  0.11  0.12  0.03  0.02  0.90  0.04  0.99 ]
[ 0.99  0.07  0.99  0.02  0.80  0.95  0.99  0.03  0.87  0.98  0.93  0.64 ]
[ 0.99  0.99  0.07  0.99  0.08  0.99  0.89  0.97  0.06  0.05  0.43  0.99 ]
[ 0.24  0.85  0.95  1.00  0.95  1.00  0.89  0.38  0.98  0.66  0.97  0.98 ]
[ 0.99  0.98  0.64  0.81  0.68  0.99  0.04  0.12  0.99  0.94  0.84  0.79 ]
[ 0.79  0.97  0.06  0.91  0.31  0.35  0.95  0.21  0.27  0.53  0.03  0.95 ]
[ 0.97  0.71  0.41  0.88  0.96  0.28  0.99  0.63  0.98  0.99  1.00  0.38 ]
[ 0.02  0.72  0.13  0.03  0.16  0.63  0.98  0.02  0.92  0.77  0.35  0.17 ]
[ 0.88  0.92  0.05  0.88  0.97  0.07  0.08  0.72  0.55  0.18  0.97  0.99 ]
[ 0.56  0.09  0.03  0.02  0.57  0.72  0.11  0.03  0.92  0.09  0.71  0.92 ]
[ 0.14  1.00  0.99  0.46  0.64  0.98  0.98  0.99  0.99  0.87  1.00  0.98 ]
[ 1.00  1.00  0.99  1.00  1.00  0.99  0.99  1.00  0.34  1.00  1.00  0.96 ]
[ 1.00  1.00  1.00  0.96  1.00  1.00  0.99  1.00  1.00  0.99  0.88  0.50 ]

01/29 09:44:44 PM | ===
Best loss was 1.16 at iteration 15

01/29 09:44:44 PM | Looking for optimal threshold...
01/29 09:44:44 PM | Testing threshold 0.5
01/29 09:44:44 PM | Distance to target: 24,050,784
01/29 09:44:44 PM | Testing threshold 0.75
01/29 09:44:44 PM | Distance to target: 10,808,880
01/29 09:44:44 PM | Testing threshold 0.625
01/29 09:44:44 PM | Distance to target: 7,735,856
01/29 09:44:44 PM | Testing threshold 0.6875
01/29 09:44:44 PM | Distance to target: 100,048
01/29 09:44:44 PM | Testing threshold 0.65625
01/29 09:44:44 PM | Distance to target: 3,480,792
01/29 09:44:44 PM | Testing threshold 0.671875
01/29 09:44:44 PM | Distance to target: 2,004,240
01/29 09:44:44 PM | Testing threshold 0.6796875
01/29 09:44:44 PM | Distance to target: 661,120
01/29 09:44:44 PM | Testing threshold 0.68359375
01/29 09:44:44 PM | Distance to target: 2,768
01/29 09:44:46 PM | attribution_score[0:12]: 
[ 1.00  1.00  0.00  0.00  0.00  0.00  0.00  0.00  0.00  1.00  0.00  1.00 ]
[ 1.00  0.00  1.00  0.00  1.00  1.00  1.00  0.00  1.00  1.00  1.00  0.00 ]
[ 1.00  1.00  0.00  1.00  0.00  1.00  1.00  1.00  0.00  0.00  0.00  1.00 ]
[ 0.00  1.00  1.00  1.00  1.00  1.00  1.00  0.00  1.00  1.00  1.00  1.00 ]
[ 1.00  1.00  1.00  1.00  0.00  1.00  0.00  0.00  1.00  1.00  1.00  1.00 ]
[ 1.00  1.00  0.00  1.00  0.00  0.00  1.00  0.00  0.00  0.00  0.00  1.00 ]
[ 1.00  0.00  0.00  1.00  1.00  0.00  1.00  1.00  1.00  1.00  1.00  0.00 ]
[ 0.00  1.00  0.00  0.00  0.00  0.00  1.00  0.00  1.00  1.00  0.00  0.00 ]
[ 1.00  1.00  0.00  1.00  1.00  0.00  0.00  1.00  0.00  0.00  1.00  1.00 ]
[ 0.00  0.00  0.00  0.00  0.00  1.00  0.00  0.00  1.00  0.00  1.00  1.00 ]
[ 0.00  1.00  1.00  0.00  0.00  1.00  1.00  1.00  1.00  1.00  1.00  1.00 ]
[ 1.00  1.00  1.00  1.00  1.00  1.00  1.00  1.00  0.00  1.00  1.00  1.00 ]
[ 1.00  1.00  1.00  1.00  1.00  1.00  1.00  1.00  1.00  1.00  1.00  0.00 ]

01/29 09:44:46 PM | VGG(
  (features): Sequential(
    (conv0): Conv2d(3, 23, kernel_size=(3, 3), stride=(1, 1), padding=(1, 1))
    (norm0): BatchNorm2d(23, eps=1e-05, momentum=0.1, affine=True, track_running_stats=True)
    (relu0): ReLU(inplace=True)
    (conv1): Conv2d(23, 51, kernel_size=(3, 3), stride=(1, 1), padding=(1, 1))
    (norm1): BatchNorm2d(51, eps=1e-05, momentum=0.1, affine=True, track_running_stats=True)
    (relu1): ReLU(inplace=True)
    (pool2): MaxPool2d(kernel_size=2, stride=2, padding=0, dilation=1, ceil_mode=False)
    (conv3): Conv2d(51, 84, kernel_size=(3, 3), stride=(1, 1), padding=(1, 1))
    (norm3): BatchNorm2d(84, eps=1e-05, momentum=0.1, affine=True, track_running_stats=True)
    (relu3): ReLU(inplace=True)
    (conv4): Conv2d(84, 106, kernel_size=(3, 3), stride=(1, 1), padding=(1, 1))
    (norm4): BatchNorm2d(106, eps=1e-05, momentum=0.1, affine=True, track_running_stats=True)
    (relu4): ReLU(inplace=True)
    (pool5): MaxPool2d(kernel_size=2, stride=2, padding=0, dilation=1, ceil_mode=False)
    (conv6): Conv2d(106, 155, kernel_size=(3, 3), stride=(1, 1), padding=(1, 1))
    (norm6): BatchNorm2d(155, eps=1e-05, momentum=0.1, affine=True, track_running_stats=True)
    (relu6): ReLU(inplace=True)
    (conv7): Conv2d(155, 135, kernel_size=(3, 3), stride=(1, 1), padding=(1, 1))
    (norm7): BatchNorm2d(135, eps=1e-05, momentum=0.1, affine=True, track_running_stats=True)
    (relu7): ReLU(inplace=True)
    (conv8): Conv2d(135, 150, kernel_size=(3, 3), stride=(1, 1), padding=(1, 1))
    (norm8): BatchNorm2d(150, eps=1e-05, momentum=0.1, affine=True, track_running_stats=True)
    (relu8): ReLU(inplace=True)
    (pool9): MaxPool2d(kernel_size=2, stride=2, padding=0, dilation=1, ceil_mode=False)
    (conv10): Conv2d(150, 208, kernel_size=(3, 3), stride=(1, 1), padding=(1, 1))
    (norm10): BatchNorm2d(208, eps=1e-05, momentum=0.1, affine=True, track_running_stats=True)
    (relu10): ReLU(inplace=True)
    (conv11): Conv2d(208, 140, kernel_size=(3, 3), stride=(1, 1), padding=(1, 1))
    (norm11): BatchNorm2d(140, eps=1e-05, momentum=0.1, affine=True, track_running_stats=True)
    (relu11): ReLU(inplace=True)
    (conv12): Conv2d(140, 238, kernel_size=(3, 3), stride=(1, 1), padding=(1, 1))
    (norm12): BatchNorm2d(238, eps=1e-05, momentum=0.1, affine=True, track_running_stats=True)
    (relu12): ReLU(inplace=True)
    (pool13): MaxPool2d(kernel_size=2, stride=2, padding=0, dilation=1, ceil_mode=False)
    (conv14): Conv2d(238, 410, kernel_size=(3, 3), stride=(1, 1), padding=(1, 1))
    (norm14): BatchNorm2d(410, eps=1e-05, momentum=0.1, affine=True, track_running_stats=True)
    (relu14): ReLU(inplace=True)
    (conv15): Conv2d(410, 478, kernel_size=(3, 3), stride=(1, 1), padding=(1, 1))
    (norm15): BatchNorm2d(478, eps=1e-05, momentum=0.1, affine=True, track_running_stats=True)
    (relu15): ReLU(inplace=True)
    (conv16): Conv2d(478, 504, kernel_size=(3, 3), stride=(1, 1), padding=(1, 1))
    (norm16): BatchNorm2d(504, eps=1e-05, momentum=0.1, affine=True, track_running_stats=True)
    (relu16): ReLU(inplace=True)
  )
  (classifier): Sequential(
    (linear1): Linear(in_features=504, out_features=512, bias=True)
    (norm1): BatchNorm1d(512, eps=1e-05, momentum=0.1, affine=True, track_running_stats=True)
    (relu1): ReLU(inplace=True)
    (linear2): Linear(in_features=512, out_features=10, bias=True)
  )
)
01/29 09:44:47 PM | ----------------------------------------
01/29 09:44:47 PM | Performances input model:
01/29 09:44:47 PM |  - flops: 314,294,272
01/29 09:44:47 PM |  - params: 14,991,946
01/29 09:44:47 PM |  - accuracy: 93.95999908447266
01/29 09:44:47 PM | ----------------------------------------
01/29 09:44:47 PM | Performances pseudo-pruned model:
01/29 09:44:47 PM |  - flops: 314,294,272
01/29 09:44:47 PM |  - params: 14,991,946
01/29 09:44:47 PM |  - accuracy: 66.55999755859375
01/29 09:44:47 PM | ----------------------------------------
01/29 09:44:47 PM | Performances pruned model:
01/29 09:44:47 PM |  - flops: 108,503,808
01/29 09:44:47 PM |  - params: 6,574,083
01/29 09:44:47 PM |  - accuracy: 66.55999755859375
01/29 09:44:47 PM | ----------------------------------------
01/29 09:44:47 PM | Total time: 23.61s
