01/29 03:37:51 AM | args = Namespace(output_dir='result/rebuttal/nb_epoch/vgg/nbbtchs180/seed_02', loaded_model_path='./checkpoints/cifar10/vgg_16_bn.pt', resume=False, test_only=False, mode='prune', batch_size=64, nb_batches=180, Mflops_target=None, lr=0.6, momentum=0.9, beta=6, gamma=0.4, gpu='0', num_workers=4, dataset='cifar10', arch='vgg_16_bn', save_plot=False, seed=2, lr_finetuning=0.02, epoch_finetuning=200, wd=0.002, data_dir='./data/cifar10/', print_freq=200, num_classes=10, device_ids=[0], device=device(type='cuda', index=0), name_base='')
01/29 03:37:56 AM | ----------------------------------------
01/29 03:37:56 AM | ==> Building model...
01/29 03:37:56 AM | ----------------------------------------
01/29 03:37:56 AM | ==> Loading weights into the model...
01/29 03:37:56 AM | ----------------------------------------
01/29 03:37:56 AM | VGG(
  (features): Sequential(
    (conv0): Conv2d(3, 64, kernel_size=(3, 3), stride=(1, 1), padding=(1, 1))
    (norm0): BatchNorm2d(64, eps=1e-05, momentum=0.1, affine=True, track_running_stats=True)
    (relu0): ReLU(inplace=True)
    (conv1): Conv2d(64, 64, kernel_size=(3, 3), stride=(1, 1), padding=(1, 1))
    (norm1): BatchNorm2d(64, eps=1e-05, momentum=0.1, affine=True, track_running_stats=True)
    (relu1): ReLU(inplace=True)
    (pool2): MaxPool2d(kernel_size=2, stride=2, padding=0, dilation=1, ceil_mode=False)
    (conv3): Conv2d(64, 128, kernel_size=(3, 3), stride=(1, 1), padding=(1, 1))
    (norm3): BatchNorm2d(128, eps=1e-05, momentum=0.1, affine=True, track_running_stats=True)
    (relu3): ReLU(inplace=True)
    (conv4): Conv2d(128, 128, kernel_size=(3, 3), stride=(1, 1), padding=(1, 1))
    (norm4): BatchNorm2d(128, eps=1e-05, momentum=0.1, affine=True, track_running_stats=True)
    (relu4): ReLU(inplace=True)
    (pool5): MaxPool2d(kernel_size=2, stride=2, padding=0, dilation=1, ceil_mode=False)
    (conv6): Conv2d(128, 256, kernel_size=(3, 3), stride=(1, 1), padding=(1, 1))
    (norm6): BatchNorm2d(256, eps=1e-05, momentum=0.1, affine=True, track_running_stats=True)
    (relu6): ReLU(inplace=True)
    (conv7): Conv2d(256, 256, kernel_size=(3, 3), stride=(1, 1), padding=(1, 1))
    (norm7): BatchNorm2d(256, eps=1e-05, momentum=0.1, affine=True, track_running_stats=True)
    (relu7): ReLU(inplace=True)
    (conv8): Conv2d(256, 256, kernel_size=(3, 3), stride=(1, 1), padding=(1, 1))
    (norm8): BatchNorm2d(256, eps=1e-05, momentum=0.1, affine=True, track_running_stats=True)
    (relu8): ReLU(inplace=True)
    (pool9): MaxPool2d(kernel_size=2, stride=2, padding=0, dilation=1, ceil_mode=False)
    (conv10): Conv2d(256, 512, kernel_size=(3, 3), stride=(1, 1), padding=(1, 1))
    (norm10): BatchNorm2d(512, eps=1e-05, momentum=0.1, affine=True, track_running_stats=True)
    (relu10): ReLU(inplace=True)
    (conv11): Conv2d(512, 512, kernel_size=(3, 3), stride=(1, 1), padding=(1, 1))
    (norm11): BatchNorm2d(512, eps=1e-05, momentum=0.1, affine=True, track_running_stats=True)
    (relu11): ReLU(inplace=True)
    (conv12): Conv2d(512, 512, kernel_size=(3, 3), stride=(1, 1), padding=(1, 1))
    (norm12): BatchNorm2d(512, eps=1e-05, momentum=0.1, affine=True, track_running_stats=True)
    (relu12): ReLU(inplace=True)
    (pool13): MaxPool2d(kernel_size=2, stride=2, padding=0, dilation=1, ceil_mode=False)
    (conv14): Conv2d(512, 512, kernel_size=(3, 3), stride=(1, 1), padding=(1, 1))
    (norm14): BatchNorm2d(512, eps=1e-05, momentum=0.1, affine=True, track_running_stats=True)
    (relu14): ReLU(inplace=True)
    (conv15): Conv2d(512, 512, kernel_size=(3, 3), stride=(1, 1), padding=(1, 1))
    (norm15): BatchNorm2d(512, eps=1e-05, momentum=0.1, affine=True, track_running_stats=True)
    (relu15): ReLU(inplace=True)
    (conv16): Conv2d(512, 512, kernel_size=(3, 3), stride=(1, 1), padding=(1, 1))
    (norm16): BatchNorm2d(512, eps=1e-05, momentum=0.1, affine=True, track_running_stats=True)
    (relu16): ReLU(inplace=True)
  )
  (classifier): Sequential(
    (linear1): Linear(in_features=512, out_features=512, bias=True)
    (norm1): BatchNorm1d(512, eps=1e-05, momentum=0.1, affine=True, track_running_stats=True)
    (relu1): ReLU(inplace=True)
    (linear2): Linear(in_features=512, out_features=10, bias=True)
  )
)
01/29 03:37:58 AM | Save modules info...
01/29 03:37:58 AM | FLOPS pruning ratio is 0.65
01/29 03:37:58 AM | Pruning with information flow
01/29 03:37:58 AM | -----
01/29 03:37:58 AM | module: Conv2d(3, 64, kernel_size=(3, 3), stride=(1, 1), padding=(1, 1))
01/29 03:37:58 AM | cin: None
01/29 03:37:58 AM | cout: [0]
01/29 03:37:58 AM | inactive
01/29 03:37:58 AM | -----
01/29 03:37:58 AM | module: BatchNorm2d(64, eps=1e-05, momentum=0.1, affine=True, track_running_stats=True)
01/29 03:37:58 AM | cin: [0]
01/29 03:37:58 AM | cout: [0]
01/29 03:37:58 AM | inactive
01/29 03:37:58 AM | -----
01/29 03:37:58 AM | module: ReLU(inplace=True)
01/29 03:37:58 AM | cin: [0]
01/29 03:37:58 AM | cout: [0]
01/29 03:37:58 AM | active
01/29 03:37:58 AM | -----
01/29 03:37:58 AM | module: Conv2d(64, 64, kernel_size=(3, 3), stride=(1, 1), padding=(1, 1))
01/29 03:37:58 AM | cin: [0]
01/29 03:37:58 AM | cout: [1]
01/29 03:37:58 AM | inactive
01/29 03:37:58 AM | -----
01/29 03:37:58 AM | module: BatchNorm2d(64, eps=1e-05, momentum=0.1, affine=True, track_running_stats=True)
01/29 03:37:58 AM | cin: [1]
01/29 03:37:58 AM | cout: [1]
01/29 03:37:58 AM | inactive
01/29 03:37:58 AM | -----
01/29 03:37:58 AM | module: ReLU(inplace=True)
01/29 03:37:58 AM | cin: [1]
01/29 03:37:58 AM | cout: [1]
01/29 03:37:58 AM | active
01/29 03:37:58 AM | -----
01/29 03:37:58 AM | module: MaxPool2d(kernel_size=2, stride=2, padding=0, dilation=1, ceil_mode=False)
01/29 03:37:58 AM | cin: [1]
01/29 03:37:58 AM | cout: [1]
01/29 03:37:58 AM | inactive
01/29 03:37:58 AM | -----
01/29 03:37:58 AM | module: Conv2d(64, 128, kernel_size=(3, 3), stride=(1, 1), padding=(1, 1))
01/29 03:37:58 AM | cin: [1]
01/29 03:37:58 AM | cout: [2]
01/29 03:37:58 AM | inactive
01/29 03:37:58 AM | -----
01/29 03:37:58 AM | module: BatchNorm2d(128, eps=1e-05, momentum=0.1, affine=True, track_running_stats=True)
01/29 03:37:58 AM | cin: [2]
01/29 03:37:58 AM | cout: [2]
01/29 03:37:58 AM | inactive
01/29 03:37:58 AM | -----
01/29 03:37:58 AM | module: ReLU(inplace=True)
01/29 03:37:58 AM | cin: [2]
01/29 03:37:58 AM | cout: [2]
01/29 03:37:58 AM | active
01/29 03:37:58 AM | -----
01/29 03:37:58 AM | module: Conv2d(128, 128, kernel_size=(3, 3), stride=(1, 1), padding=(1, 1))
01/29 03:37:58 AM | cin: [2]
01/29 03:37:58 AM | cout: [3]
01/29 03:37:58 AM | inactive
01/29 03:37:58 AM | -----
01/29 03:37:58 AM | module: BatchNorm2d(128, eps=1e-05, momentum=0.1, affine=True, track_running_stats=True)
01/29 03:37:58 AM | cin: [3]
01/29 03:37:58 AM | cout: [3]
01/29 03:37:58 AM | inactive
01/29 03:37:58 AM | -----
01/29 03:37:58 AM | module: ReLU(inplace=True)
01/29 03:37:58 AM | cin: [3]
01/29 03:37:58 AM | cout: [3]
01/29 03:37:58 AM | active
01/29 03:37:58 AM | -----
01/29 03:37:58 AM | module: MaxPool2d(kernel_size=2, stride=2, padding=0, dilation=1, ceil_mode=False)
01/29 03:37:58 AM | cin: [3]
01/29 03:37:58 AM | cout: [3]
01/29 03:37:58 AM | inactive
01/29 03:37:58 AM | -----
01/29 03:37:58 AM | module: Conv2d(128, 256, kernel_size=(3, 3), stride=(1, 1), padding=(1, 1))
01/29 03:37:58 AM | cin: [3]
01/29 03:37:58 AM | cout: [4]
01/29 03:37:58 AM | inactive
01/29 03:37:58 AM | -----
01/29 03:37:58 AM | module: BatchNorm2d(256, eps=1e-05, momentum=0.1, affine=True, track_running_stats=True)
01/29 03:37:58 AM | cin: [4]
01/29 03:37:58 AM | cout: [4]
01/29 03:37:58 AM | inactive
01/29 03:37:58 AM | -----
01/29 03:37:58 AM | module: ReLU(inplace=True)
01/29 03:37:58 AM | cin: [4]
01/29 03:37:58 AM | cout: [4]
01/29 03:37:58 AM | active
01/29 03:37:58 AM | -----
01/29 03:37:58 AM | module: Conv2d(256, 256, kernel_size=(3, 3), stride=(1, 1), padding=(1, 1))
01/29 03:37:58 AM | cin: [4]
01/29 03:37:58 AM | cout: [5]
01/29 03:37:58 AM | inactive
01/29 03:37:58 AM | -----
01/29 03:37:58 AM | module: BatchNorm2d(256, eps=1e-05, momentum=0.1, affine=True, track_running_stats=True)
01/29 03:37:58 AM | cin: [5]
01/29 03:37:58 AM | cout: [5]
01/29 03:37:58 AM | inactive
01/29 03:37:58 AM | -----
01/29 03:37:58 AM | module: ReLU(inplace=True)
01/29 03:37:58 AM | cin: [5]
01/29 03:37:58 AM | cout: [5]
01/29 03:37:58 AM | active
01/29 03:37:58 AM | -----
01/29 03:37:58 AM | module: Conv2d(256, 256, kernel_size=(3, 3), stride=(1, 1), padding=(1, 1))
01/29 03:37:58 AM | cin: [5]
01/29 03:37:58 AM | cout: [6]
01/29 03:37:58 AM | inactive
01/29 03:37:58 AM | -----
01/29 03:37:58 AM | module: BatchNorm2d(256, eps=1e-05, momentum=0.1, affine=True, track_running_stats=True)
01/29 03:37:58 AM | cin: [6]
01/29 03:37:58 AM | cout: [6]
01/29 03:37:58 AM | inactive
01/29 03:37:58 AM | -----
01/29 03:37:58 AM | module: ReLU(inplace=True)
01/29 03:37:58 AM | cin: [6]
01/29 03:37:58 AM | cout: [6]
01/29 03:37:58 AM | active
01/29 03:37:58 AM | -----
01/29 03:37:58 AM | module: MaxPool2d(kernel_size=2, stride=2, padding=0, dilation=1, ceil_mode=False)
01/29 03:37:58 AM | cin: [6]
01/29 03:37:58 AM | cout: [6]
01/29 03:37:58 AM | inactive
01/29 03:37:58 AM | -----
01/29 03:37:58 AM | module: Conv2d(256, 512, kernel_size=(3, 3), stride=(1, 1), padding=(1, 1))
01/29 03:37:58 AM | cin: [6]
01/29 03:37:58 AM | cout: [7]
01/29 03:37:58 AM | inactive
01/29 03:37:58 AM | -----
01/29 03:37:58 AM | module: BatchNorm2d(512, eps=1e-05, momentum=0.1, affine=True, track_running_stats=True)
01/29 03:37:58 AM | cin: [7]
01/29 03:37:58 AM | cout: [7]
01/29 03:37:58 AM | inactive
01/29 03:37:58 AM | -----
01/29 03:37:58 AM | module: ReLU(inplace=True)
01/29 03:37:58 AM | cin: [7]
01/29 03:37:58 AM | cout: [7]
01/29 03:37:58 AM | active
01/29 03:37:58 AM | -----
01/29 03:37:58 AM | module: Conv2d(512, 512, kernel_size=(3, 3), stride=(1, 1), padding=(1, 1))
01/29 03:37:58 AM | cin: [7]
01/29 03:37:58 AM | cout: [8]
01/29 03:37:58 AM | inactive
01/29 03:37:58 AM | -----
01/29 03:37:58 AM | module: BatchNorm2d(512, eps=1e-05, momentum=0.1, affine=True, track_running_stats=True)
01/29 03:37:58 AM | cin: [8]
01/29 03:37:58 AM | cout: [8]
01/29 03:37:58 AM | inactive
01/29 03:37:58 AM | -----
01/29 03:37:58 AM | module: ReLU(inplace=True)
01/29 03:37:58 AM | cin: [8]
01/29 03:37:58 AM | cout: [8]
01/29 03:37:58 AM | active
01/29 03:37:58 AM | -----
01/29 03:37:58 AM | module: Conv2d(512, 512, kernel_size=(3, 3), stride=(1, 1), padding=(1, 1))
01/29 03:37:58 AM | cin: [8]
01/29 03:37:58 AM | cout: [9]
01/29 03:37:58 AM | inactive
01/29 03:37:58 AM | -----
01/29 03:37:58 AM | module: BatchNorm2d(512, eps=1e-05, momentum=0.1, affine=True, track_running_stats=True)
01/29 03:37:58 AM | cin: [9]
01/29 03:37:58 AM | cout: [9]
01/29 03:37:58 AM | inactive
01/29 03:37:58 AM | -----
01/29 03:37:58 AM | module: ReLU(inplace=True)
01/29 03:37:58 AM | cin: [9]
01/29 03:37:58 AM | cout: [9]
01/29 03:37:58 AM | active
01/29 03:37:58 AM | -----
01/29 03:37:58 AM | module: MaxPool2d(kernel_size=2, stride=2, padding=0, dilation=1, ceil_mode=False)
01/29 03:37:58 AM | cin: [9]
01/29 03:37:58 AM | cout: [9]
01/29 03:37:58 AM | inactive
01/29 03:37:58 AM | -----
01/29 03:37:58 AM | module: Conv2d(512, 512, kernel_size=(3, 3), stride=(1, 1), padding=(1, 1))
01/29 03:37:58 AM | cin: [9]
01/29 03:37:58 AM | cout: [10]
01/29 03:37:58 AM | inactive
01/29 03:37:58 AM | -----
01/29 03:37:58 AM | module: BatchNorm2d(512, eps=1e-05, momentum=0.1, affine=True, track_running_stats=True)
01/29 03:37:58 AM | cin: [10]
01/29 03:37:58 AM | cout: [10]
01/29 03:37:58 AM | inactive
01/29 03:37:58 AM | -----
01/29 03:37:58 AM | module: ReLU(inplace=True)
01/29 03:37:58 AM | cin: [10]
01/29 03:37:58 AM | cout: [10]
01/29 03:37:58 AM | active
01/29 03:37:58 AM | -----
01/29 03:37:58 AM | module: Conv2d(512, 512, kernel_size=(3, 3), stride=(1, 1), padding=(1, 1))
01/29 03:37:58 AM | cin: [10]
01/29 03:37:58 AM | cout: [11]
01/29 03:37:58 AM | inactive
01/29 03:37:58 AM | -----
01/29 03:37:58 AM | module: BatchNorm2d(512, eps=1e-05, momentum=0.1, affine=True, track_running_stats=True)
01/29 03:37:58 AM | cin: [11]
01/29 03:37:58 AM | cout: [11]
01/29 03:37:58 AM | inactive
01/29 03:37:58 AM | -----
01/29 03:37:58 AM | module: ReLU(inplace=True)
01/29 03:37:58 AM | cin: [11]
01/29 03:37:58 AM | cout: [11]
01/29 03:37:58 AM | active
01/29 03:37:58 AM | -----
01/29 03:37:58 AM | module: Conv2d(512, 512, kernel_size=(3, 3), stride=(1, 1), padding=(1, 1))
01/29 03:37:58 AM | cin: [11]
01/29 03:37:58 AM | cout: [12]
01/29 03:37:58 AM | inactive
01/29 03:37:58 AM | -----
01/29 03:37:58 AM | module: BatchNorm2d(512, eps=1e-05, momentum=0.1, affine=True, track_running_stats=True)
01/29 03:37:58 AM | cin: [12]
01/29 03:37:58 AM | cout: [12]
01/29 03:37:58 AM | inactive
01/29 03:37:58 AM | -----
01/29 03:37:58 AM | module: ReLU(inplace=True)
01/29 03:37:58 AM | cin: [12]
01/29 03:37:58 AM | cout: [12]
01/29 03:37:58 AM | active
01/29 03:37:58 AM | -----
01/29 03:37:58 AM | module: Linear(in_features=512, out_features=512, bias=True)
01/29 03:37:58 AM | cin: [12]
01/29 03:37:58 AM | cout: None
01/29 03:37:58 AM | inactive
01/29 03:37:58 AM | -----
01/29 03:37:58 AM | module: ReLU(inplace=True)
01/29 03:37:58 AM | cin: None
01/29 03:37:58 AM | cout: None
01/29 03:37:58 AM | active
01/29 03:37:58 AM | -----
01/29 03:37:58 AM | module: Linear(in_features=512, out_features=10, bias=True)
01/29 03:37:58 AM | cin: None
01/29 03:37:58 AM | cout: None
01/29 03:37:58 AM | inactive
01/29 03:37:58 AM | Used masks: [0, 1, 2, 3, 4, 5, 6, 7, 8, 9, 10, 11, 12]
01/29 03:37:58 AM | 13 unique masks in total
01/29 03:37:58 AM | === Batch 1/180
01/29 03:37:58 AM | loss = 0.166 + 4.266 + 0.040 = 4.472
01/29 03:37:59 AM | attribution_score[0:12]: 
[ 0.83  0.94  0.83  0.83  0.83  0.83  0.83  0.83  0.83  0.94  0.83  0.94 ]
[ 0.94  0.83  0.94  0.83  0.94  0.83  0.94  0.83  0.83  0.94  0.83  0.83 ]
[ 0.94  0.94  0.83  0.94  0.83  0.83  0.94  0.94  0.83  0.83  0.83  0.94 ]
[ 0.83  0.94  0.94  0.94  0.94  0.94  0.83  0.83  0.94  0.83  0.94  0.94 ]
[ 0.94  0.83  0.83  0.83  0.83  0.94  0.83  0.83  0.83  0.83  0.83  0.83 ]
[ 0.83  0.83  0.83  0.94  0.83  0.83  0.94  0.83  0.83  0.83  0.83  0.83 ]
[ 0.94  0.83  0.83  0.83  0.83  0.83  0.94  0.83  0.94  0.83  0.94  0.83 ]
[ 0.83  0.83  0.83  0.83  0.83  0.83  0.94  0.83  0.83  0.94  0.83  0.83 ]
[ 0.83  0.83  0.83  0.83  0.83  0.83  0.83  0.83  0.83  0.83  0.83  0.83 ]
[ 0.83  0.83  0.83  0.83  0.83  0.83  0.83  0.83  0.83  0.83  0.83  0.83 ]
[ 0.83  0.83  0.83  0.83  0.83  0.83  0.83  0.83  0.83  0.83  0.94  0.83 ]
[ 0.83  0.94  0.83  0.83  0.83  0.83  0.83  0.94  0.83  0.83  0.83  0.83 ]
[ 0.94  0.94  0.94  0.83  0.94  0.94  0.83  0.83  0.83  0.94  0.83  0.83 ]

01/29 03:37:59 AM | === Batch 2/180
01/29 03:37:59 AM | loss = 0.241 + 3.587 + 0.056 = 3.884
01/29 03:37:59 AM | attribution_score[0:12]: 
[ 0.88  0.97  0.73  0.75  0.73  0.74  0.75  0.73  0.73  0.93  0.73  0.96 ]
[ 0.94  0.73  0.95  0.73  0.94  0.86  0.94  0.74  0.75  0.96  0.87  0.74 ]
[ 0.96  0.96  0.73  0.96  0.76  0.88  0.94  0.95  0.73  0.73  0.84  0.95 ]
[ 0.78  0.91  0.91  0.97  0.96  0.97  0.79  0.74  0.94  0.75  0.92  0.95 ]
[ 0.96  0.88  0.75  0.73  0.81  0.96  0.73  0.73  0.87  0.75  0.78  0.75 ]
[ 0.73  0.86  0.74  0.94  0.79  0.75  0.92  0.73  0.75  0.74  0.73  0.74 ]
[ 0.94  0.74  0.80  0.82  0.73  0.73  0.94  0.87  0.96  0.85  0.97  0.77 ]
[ 0.73  0.73  0.73  0.73  0.74  0.75  0.96  0.73  0.73  0.91  0.73  0.74 ]
[ 0.74  0.73  0.73  0.73  0.76  0.73  0.73  0.73  0.81  0.73  0.73  0.85 ]
[ 0.74  0.74  0.73  0.73  0.75  0.76  0.73  0.73  0.74  0.73  0.74  0.76 ]
[ 0.73  0.88  0.81  0.74  0.73  0.73  0.84  0.86  0.73  0.77  0.97  0.88 ]
[ 0.88  0.97  0.82  0.87  0.88  0.78  0.87  0.97  0.76  0.76  0.87  0.76 ]
[ 0.96  0.97  0.97  0.86  0.96  0.96  0.85  0.88  0.88  0.95  0.75  0.75 ]

01/29 03:37:59 AM | === Batch 3/180
01/29 03:37:59 AM | loss = 0.187 + 2.847 + 0.073 = 3.107
01/29 03:38:00 AM | attribution_score[0:12]: 
[ 0.91  0.98  0.62  0.63  0.61  0.62  0.63  0.60  0.60  0.91  0.61  0.96 ]
[ 0.94  0.60  0.94  0.60  0.92  0.88  0.93  0.62  0.65  0.97  0.90  0.62 ]
[ 0.97  0.98  0.61  0.97  0.65  0.91  0.92  0.95  0.60  0.62  0.79  0.95 ]
[ 0.69  0.87  0.87  0.98  0.96  0.98  0.72  0.61  0.94  0.63  0.88  0.96 ]
[ 0.97  0.92  0.73  0.60  0.77  0.96  0.60  0.61  0.91  0.69  0.74  0.72 ]
[ 0.60  0.89  0.62  0.92  0.72  0.65  0.87  0.60  0.65  0.62  0.60  0.61 ]
[ 0.92  0.62  0.73  0.77  0.65  0.60  0.91  0.86  0.97  0.89  0.98  0.70 ]
[ 0.60  0.60  0.60  0.60  0.62  0.65  0.96  0.60  0.60  0.86  0.60  0.63 ]
[ 0.62  0.60  0.60  0.60  0.66  0.60  0.60  0.60  0.76  0.60  0.60  0.87 ]
[ 0.62  0.61  0.61  0.60  0.64  0.66  0.60  0.60  0.61  0.60  0.61  0.65 ]
[ 0.60  0.92  0.83  0.61  0.60  0.61  0.86  0.87  0.60  0.69  0.98  0.86 ]
[ 0.91  0.98  0.78  0.91  0.92  0.72  0.90  0.98  0.65  0.78  0.90  0.65 ]
[ 0.97  0.98  0.98  0.81  0.97  0.98  0.88  0.92  0.91  0.96  0.77  0.66 ]

01/29 03:38:00 AM | === Batch 4/180
01/29 03:38:00 AM | loss = 0.400 + 1.920 + 0.096 = 2.415
01/29 03:38:00 AM | attribution_score[0:12]: 
[ 0.94  0.98  0.50  0.49  0.46  0.48  0.49  0.46  0.45  0.86  0.46  0.96 ]
[ 0.93  0.46  0.92  0.45  0.90  0.89  0.92  0.49  0.53  0.96  0.93  0.48 ]
[ 0.97  0.98  0.47  0.97  0.53  0.93  0.90  0.95  0.45  0.48  0.72  0.95 ]
[ 0.57  0.80  0.81  0.98  0.97  0.98  0.73  0.47  0.94  0.58  0.82  0.97 ]
[ 0.97  0.93  0.69  0.51  0.80  0.96  0.45  0.47  0.93  0.59  0.76  0.64 ]
[ 0.46  0.90  0.47  0.90  0.61  0.51  0.83  0.47  0.53  0.48  0.46  0.55 ]
[ 0.88  0.51  0.62  0.70  0.54  0.46  0.89  0.87  0.97  0.92  0.99  0.60 ]
[ 0.45  0.47  0.47  0.46  0.49  0.53  0.96  0.45  0.46  0.79  0.47  0.52 ]
[ 0.48  0.53  0.45  0.50  0.54  0.45  0.45  0.50  0.70  0.45  0.55  0.90 ]
[ 0.50  0.47  0.46  0.45  0.51  0.54  0.45  0.45  0.47  0.45  0.52  0.54 ]
[ 0.46  0.95  0.88  0.51  0.50  0.48  0.90  0.88  0.65  0.74  0.99  0.82 ]
[ 0.93  0.99  0.78  0.95  0.95  0.74  0.93  0.99  0.58  0.81  0.93  0.52 ]
[ 0.98  0.99  0.99  0.74  0.98  0.99  0.92  0.95  0.94  0.96  0.76  0.54 ]

01/29 03:38:00 AM | === Batch 5/180
01/29 03:38:00 AM | loss = 0.815 + 1.067 + 0.111 = 1.993
01/29 03:38:01 AM | attribution_score[0:12]: 
[ 0.96  0.98  0.37  0.35  0.32  0.34  0.35  0.32  0.31  0.80  0.33  0.97 ]
[ 0.93  0.32  0.93  0.31  0.85  0.90  0.93  0.36  0.48  0.96  0.93  0.37 ]
[ 0.97  0.98  0.33  0.98  0.39  0.95  0.85  0.95  0.32  0.34  0.62  0.95 ]
[ 0.43  0.79  0.72  0.99  0.96  0.99  0.67  0.44  0.93  0.60  0.84  0.97 ]
[ 0.98  0.95  0.61  0.42  0.81  0.96  0.32  0.34  0.94  0.47  0.74  0.54 ]
[ 0.38  0.90  0.34  0.85  0.49  0.39  0.79  0.34  0.43  0.40  0.32  0.52 ]
[ 0.86  0.38  0.54  0.60  0.56  0.33  0.89  0.89  0.97  0.93  0.99  0.50 ]
[ 0.31  0.39  0.33  0.32  0.37  0.40  0.96  0.31  0.47  0.68  0.36  0.43 ]
[ 0.43  0.58  0.31  0.51  0.53  0.32  0.32  0.43  0.74  0.41  0.57  0.93 ]
[ 0.45  0.37  0.32  0.31  0.48  0.54  0.33  0.31  0.52  0.32  0.44  0.52 ]
[ 0.32  0.96  0.92  0.40  0.46  0.54  0.93  0.91  0.73  0.78  0.99  0.86 ]
[ 0.95  0.99  0.83  0.97  0.97  0.79  0.95  0.99  0.53  0.85  0.95  0.60 ]
[ 0.98  0.99  0.99  0.77  0.98  0.99  0.95  0.97  0.96  0.95  0.71  0.41 ]

01/29 03:38:01 AM | === Batch 6/180
01/29 03:38:01 AM | loss = 1.149 + 0.481 + 0.095 = 1.725
01/29 03:38:01 AM | attribution_score[0:12]: 
[ 0.97  0.99  0.27  0.23  0.21  0.23  0.25  0.20  0.20  0.71  0.21  0.97 ]
[ 0.93  0.21  0.95  0.20  0.77  0.91  0.93  0.24  0.44  0.96  0.93  0.36 ]
[ 0.97  0.98  0.21  0.98  0.27  0.96  0.79  0.94  0.21  0.23  0.51  0.96 ]
[ 0.42  0.75  0.68  0.99  0.95  0.99  0.63  0.41  0.94  0.60  0.81  0.96 ]
[ 0.98  0.95  0.61  0.33  0.80  0.95  0.21  0.25  0.95  0.50  0.73  0.43 ]
[ 0.40  0.91  0.22  0.79  0.41  0.27  0.72  0.25  0.33  0.31  0.21  0.53 ]
[ 0.88  0.29  0.51  0.58  0.64  0.23  0.91  0.89  0.96  0.95  0.99  0.40 ]
[ 0.20  0.32  0.22  0.20  0.28  0.34  0.95  0.20  0.50  0.58  0.33  0.34 ]
[ 0.47  0.59  0.21  0.55  0.54  0.21  0.23  0.39  0.78  0.42  0.60  0.93 ]
[ 0.41  0.31  0.21  0.20  0.49  0.59  0.23  0.20  0.60  0.22  0.36  0.53 ]
[ 0.21  0.97  0.93  0.30  0.38  0.62  0.95  0.94  0.80  0.76  1.00  0.90 ]
[ 0.96  1.00  0.88  0.98  0.98  0.84  0.96  1.00  0.45  0.90  0.97  0.68 ]
[ 0.99  1.00  1.00  0.83  0.99  1.00  0.96  0.98  0.97  0.94  0.73  0.41 ]

01/29 03:38:01 AM | === Batch 7/180
01/29 03:38:01 AM | loss = 1.071 + 0.064 + 0.081 = 1.216
01/29 03:38:01 AM | attribution_score[0:12]: 
[ 0.97  0.99  0.18  0.15  0.13  0.15  0.17  0.13  0.12  0.62  0.13  0.97 ]
[ 0.93  0.13  0.95  0.12  0.68  0.92  0.94  0.16  0.40  0.96  0.93  0.36 ]
[ 0.97  0.98  0.13  0.98  0.17  0.97  0.69  0.94  0.13  0.15  0.38  0.95 ]
[ 0.41  0.70  0.69  0.99  0.95  0.99  0.62  0.38  0.94  0.57  0.79  0.95 ]
[ 0.98  0.96  0.65  0.25  0.77  0.96  0.14  0.17  0.96  0.51  0.73  0.39 ]
[ 0.39  0.91  0.14  0.70  0.32  0.20  0.70  0.18  0.26  0.23  0.13  0.60 ]
[ 0.90  0.20  0.43  0.55  0.72  0.17  0.92  0.87  0.96  0.96  1.00  0.29 ]
[ 0.12  0.33  0.15  0.13  0.22  0.32  0.95  0.12  0.58  0.45  0.30  0.26 ]
[ 0.52  0.58  0.14  0.62  0.60  0.14  0.16  0.34  0.79  0.45  0.65  0.94 ]
[ 0.38  0.24  0.13  0.12  0.48  0.64  0.16  0.13  0.69  0.16  0.34  0.54 ]
[ 0.14  0.98  0.93  0.23  0.31  0.71  0.96  0.96  0.87  0.72  1.00  0.93 ]
[ 0.97  1.00  0.91  0.98  0.98  0.88  0.97  1.00  0.34  0.93  0.98  0.77 ]
[ 0.99  1.00  1.00  0.87  0.99  1.00  0.97  0.98  0.98  0.93  0.77  0.42 ]

01/29 03:38:01 AM | === Batch 8/180
01/29 03:38:02 AM | loss = 1.205 + 0.453 + 0.071 = 1.729
01/29 03:38:02 AM | attribution_score[0:12]: 
[ 0.98  0.99  0.16  0.11  0.10  0.12  0.15  0.09  0.09  0.65  0.10  0.97 ]
[ 0.94  0.09  0.96  0.08  0.70  0.92  0.95  0.11  0.39  0.96  0.93  0.41 ]
[ 0.97  0.99  0.10  0.98  0.14  0.98  0.70  0.94  0.10  0.11  0.35  0.96 ]
[ 0.42  0.70  0.75  0.99  0.95  0.99  0.67  0.39  0.95  0.61  0.83  0.96 ]
[ 0.98  0.97  0.71  0.25  0.76  0.96  0.10  0.15  0.96  0.54  0.78  0.40 ]
[ 0.42  0.92  0.11  0.70  0.32  0.19  0.71  0.17  0.23  0.19  0.09  0.69 ]
[ 0.92  0.19  0.37  0.58  0.80  0.15  0.94  0.87  0.96  0.97  1.00  0.28 ]
[ 0.09  0.38  0.12  0.09  0.20  0.34  0.95  0.09  0.67  0.48  0.35  0.22 ]
[ 0.58  0.64  0.11  0.70  0.68  0.11  0.14  0.38  0.81  0.46  0.73  0.95 ]
[ 0.42  0.23  0.10  0.09  0.53  0.69  0.14  0.09  0.77  0.15  0.39  0.61 ]
[ 0.12  0.99  0.95  0.24  0.35  0.79  0.96  0.97  0.91  0.76  1.00  0.95 ]
[ 0.98  1.00  0.94  0.99  0.98  0.91  0.97  1.00  0.35  0.96  0.98  0.84 ]
[ 0.99  1.00  1.00  0.90  0.99  1.00  0.98  0.99  0.99  0.94  0.79  0.46 ]

01/29 03:38:02 AM | === Batch 9/180
01/29 03:38:02 AM | loss = 1.074 + 0.371 + 0.064 = 1.509
01/29 03:38:02 AM | attribution_score[0:12]: 
[ 0.98  0.99  0.17  0.09  0.08  0.11  0.15  0.07  0.07  0.72  0.08  0.98 ]
[ 0.95  0.08  0.97  0.06  0.74  0.93  0.96  0.09  0.44  0.97  0.93  0.49 ]
[ 0.98  0.99  0.08  0.98  0.13  0.98  0.75  0.94  0.10  0.09  0.37  0.97 ]
[ 0.42  0.73  0.81  0.99  0.96  1.00  0.71  0.42  0.96  0.68  0.87  0.97 ]
[ 0.99  0.97  0.77  0.28  0.76  0.97  0.08  0.14  0.97  0.61  0.82  0.47 ]
[ 0.48  0.93  0.09  0.73  0.35  0.20  0.76  0.18  0.23  0.18  0.07  0.77 ]
[ 0.93  0.20  0.37  0.65  0.86  0.15  0.96  0.87  0.96  0.98  1.00  0.29 ]
[ 0.06  0.46  0.11  0.07  0.20  0.39  0.96  0.06  0.76  0.54  0.42  0.21 ]
[ 0.67  0.70  0.09  0.78  0.76  0.10  0.14  0.45  0.82  0.50  0.81  0.96 ]
[ 0.49  0.24  0.08  0.07  0.61  0.75  0.14  0.07  0.84  0.15  0.47  0.70 ]
[ 0.12  0.99  0.96  0.26  0.41  0.85  0.97  0.98  0.95  0.80  1.00  0.96 ]
[ 0.99  1.00  0.96  0.99  0.99  0.94  0.98  1.00  0.38  0.97  0.99  0.88 ]
[ 0.99  1.00  1.00  0.92  1.00  1.00  0.99  0.99  0.99  0.95  0.82  0.51 ]

01/29 03:38:02 AM | === Batch 10/180
01/29 03:38:02 AM | loss = 1.017 + 0.006 + 0.059 = 1.082
01/29 03:38:03 AM | attribution_score[0:12]: 
[ 0.98  0.99  0.19  0.08  0.08  0.11  0.16  0.06  0.06  0.79  0.07  0.98 ]
[ 0.97  0.07  0.98  0.05  0.78  0.93  0.97  0.07  0.50  0.98  0.93  0.58 ]
[ 0.98  0.99  0.08  0.99  0.12  0.99  0.81  0.95  0.10  0.09  0.42  0.97 ]
[ 0.38  0.79  0.86  0.99  0.96  1.00  0.76  0.48  0.97  0.74  0.91  0.97 ]
[ 0.99  0.98  0.82  0.34  0.73  0.98  0.07  0.14  0.97  0.69  0.83  0.55 ]
[ 0.57  0.94  0.08  0.79  0.41  0.23  0.82  0.22  0.25  0.19  0.06  0.84 ]
[ 0.95  0.24  0.41  0.72  0.90  0.16  0.97  0.87  0.97  0.98  1.00  0.35 ]
[ 0.05  0.56  0.12  0.06  0.22  0.48  0.97  0.05  0.83  0.63  0.51  0.21 ]
[ 0.75  0.77  0.09  0.83  0.83  0.10  0.15  0.54  0.79  0.53  0.87  0.97 ]
[ 0.58  0.27  0.07  0.06  0.70  0.81  0.15  0.07  0.88  0.16  0.56  0.78 ]
[ 0.13  0.99  0.97  0.29  0.47  0.90  0.97  0.99  0.96  0.83  1.00  0.97 ]
[ 0.99  1.00  0.97  0.99  0.99  0.96  0.98  1.00  0.44  0.98  0.99  0.92 ]
[ 1.00  1.00  1.00  0.94  1.00  1.00  0.99  0.99  0.99  0.97  0.87  0.59 ]

01/29 03:38:03 AM | === Batch 11/180
01/29 03:38:03 AM | loss = 0.915 + 0.266 + 0.055 = 1.236
01/29 03:38:03 AM | attribution_score[0:12]: 
[ 0.99  0.99  0.22  0.07  0.07  0.11  0.16  0.05  0.05  0.83  0.07  0.98 ]
[ 0.97  0.07  0.98  0.04  0.79  0.93  0.98  0.06  0.58  0.98  0.93  0.65 ]
[ 0.99  0.99  0.08  0.99  0.12  0.99  0.84  0.96  0.10  0.08  0.45  0.98 ]
[ 0.34  0.82  0.89  0.99  0.96  1.00  0.80  0.47  0.98  0.76  0.93  0.97 ]
[ 0.99  0.98  0.82  0.43  0.68  0.98  0.06  0.14  0.98  0.78  0.83  0.62 ]
[ 0.65  0.95  0.08  0.83  0.43  0.25  0.86  0.25  0.27  0.22  0.05  0.88 ]
[ 0.96  0.31  0.45  0.78  0.93  0.19  0.98  0.85  0.98  0.98  1.00  0.37 ]
[ 0.04  0.65  0.13  0.05  0.23  0.56  0.97  0.04  0.87  0.72  0.54  0.21 ]
[ 0.81  0.83  0.09  0.86  0.89  0.10  0.14  0.62  0.74  0.49  0.91  0.98 ]
[ 0.61  0.24  0.06  0.05  0.73  0.82  0.16  0.06  0.90  0.17  0.66  0.84 ]
[ 0.14  0.99  0.98  0.33  0.53  0.93  0.98  0.99  0.98  0.85  1.00  0.98 ]
[ 0.99  1.00  0.98  0.99  0.99  0.97  0.98  1.00  0.47  0.99  0.99  0.93 ]
[ 1.00  1.00  1.00  0.95  1.00  1.00  0.99  0.99  0.99  0.98  0.89  0.62 ]

01/29 03:38:03 AM | === Batch 12/180
01/29 03:38:03 AM | loss = 0.987 + 0.447 + 0.052 = 1.486
01/29 03:38:03 AM | attribution_score[0:12]: 
[ 0.99  1.00  0.23  0.06  0.07  0.11  0.16  0.05  0.04  0.86  0.06  0.99 ]
[ 0.98  0.07  0.98  0.03  0.80  0.93  0.98  0.05  0.67  0.98  0.93  0.68 ]
[ 0.99  0.99  0.08  0.99  0.12  0.99  0.87  0.96  0.09  0.07  0.47  0.98 ]
[ 0.30  0.84  0.92  0.99  0.96  1.00  0.84  0.46  0.98  0.75  0.95  0.98 ]
[ 0.99  0.98  0.80  0.54  0.63  0.99  0.05  0.13  0.98  0.84  0.83  0.70 ]
[ 0.70  0.96  0.07  0.87  0.42  0.28  0.89  0.26  0.29  0.27  0.04  0.91 ]
[ 0.96  0.39  0.45  0.82  0.94  0.21  0.98  0.82  0.98  0.99  1.00  0.40 ]
[ 0.03  0.69  0.13  0.04  0.23  0.61  0.98  0.03  0.89  0.76  0.52  0.21 ]
[ 0.84  0.87  0.08  0.87  0.92  0.09  0.13  0.66  0.68  0.42  0.93  0.98 ]
[ 0.62  0.20  0.05  0.04  0.73  0.81  0.16  0.05  0.91  0.16  0.70  0.87 ]
[ 0.15  0.99  0.98  0.37  0.57  0.95  0.98  0.99  0.98  0.86  1.00  0.98 ]
[ 0.99  1.00  0.98  1.00  0.99  0.98  0.99  1.00  0.47  0.99  1.00  0.94 ]
[ 1.00  1.00  1.00  0.95  1.00  1.00  0.99  0.99  1.00  0.98  0.89  0.60 ]

01/29 03:38:03 AM | === Batch 13/180
01/29 03:38:04 AM | loss = 0.796 + 0.546 + 0.049 = 1.391
01/29 03:38:04 AM | attribution_score[0:12]: 
[ 0.99  1.00  0.23  0.05  0.06  0.12  0.15  0.04  0.03  0.88  0.05  0.99 ]
[ 0.98  0.07  0.99  0.03  0.80  0.94  0.98  0.04  0.75  0.98  0.93  0.68 ]
[ 0.99  0.99  0.08  0.99  0.11  0.99  0.88  0.97  0.08  0.06  0.47  0.99 ]
[ 0.27  0.85  0.93  1.00  0.96  1.00  0.87  0.45  0.98  0.73  0.96  0.98 ]
[ 0.99  0.99  0.77  0.64  0.64  0.99  0.05  0.13  0.98  0.89  0.83  0.76 ]
[ 0.74  0.96  0.07  0.88  0.39  0.29  0.92  0.25  0.30  0.35  0.04  0.93 ]
[ 0.97  0.49  0.46  0.85  0.95  0.24  0.99  0.77  0.98  0.99  1.00  0.41 ]
[ 0.03  0.71  0.12  0.04  0.21  0.63  0.98  0.03  0.90  0.78  0.48  0.20 ]
[ 0.86  0.89  0.07  0.88  0.94  0.08  0.11  0.70  0.60  0.33  0.95  0.99 ]
[ 0.62  0.16  0.05  0.04  0.70  0.80  0.15  0.04  0.91  0.14  0.72  0.89 ]
[ 0.15  0.99  0.99  0.40  0.59  0.96  0.98  0.99  0.99  0.86  1.00  0.98 ]
[ 1.00  1.00  0.99  1.00  1.00  0.98  0.99  1.00  0.45  0.99  1.00  0.95 ]
[ 1.00  1.00  1.00  0.96  1.00  1.00  0.99  0.99  1.00  0.98  0.89  0.56 ]

01/29 03:38:04 AM | === Batch 14/180
01/29 03:38:04 AM | loss = 0.655 + 0.581 + 0.046 = 1.282
01/29 03:38:04 AM | attribution_score[0:12]: 
[ 0.99  1.00  0.23  0.04  0.05  0.11  0.14  0.03  0.03  0.89  0.04  0.99 ]
[ 0.99  0.07  0.99  0.02  0.80  0.95  0.99  0.04  0.83  0.98  0.92  0.66 ]
[ 0.99  0.99  0.08  0.99  0.10  0.99  0.89  0.97  0.07  0.05  0.46  0.99 ]
[ 0.26  0.85  0.94  1.00  0.95  1.00  0.88  0.42  0.98  0.70  0.96  0.98 ]
[ 0.99  0.99  0.71  0.72  0.67  0.99  0.04  0.13  0.98  0.92  0.83  0.78 ]
[ 0.77  0.97  0.06  0.90  0.33  0.32  0.94  0.23  0.29  0.45  0.03  0.94 ]
[ 0.97  0.61  0.45  0.87  0.95  0.27  0.99  0.71  0.98  0.99  1.00  0.41 ]
[ 0.02  0.72  0.13  0.03  0.18  0.64  0.98  0.02  0.91  0.78  0.42  0.19 ]
[ 0.88  0.91  0.06  0.88  0.96  0.08  0.09  0.72  0.57  0.25  0.96  0.99 ]
[ 0.60  0.12  0.04  0.03  0.64  0.77  0.13  0.03  0.92  0.12  0.72  0.91 ]
[ 0.15  1.00  0.99  0.43  0.61  0.97  0.98  0.99  0.99  0.87  1.00  0.98 ]
[ 1.00  1.00  0.99  1.00  1.00  0.99  0.99  1.00  0.40  0.99  1.00  0.96 ]
[ 1.00  1.00  1.00  0.96  1.00  1.00  0.99  0.99  1.00  0.99  0.88  0.52 ]

01/29 03:38:04 AM | === Batch 15/180
01/29 03:38:04 AM | loss = 0.541 + 0.575 + 0.044 = 1.160
01/29 03:38:05 AM | attribution_score[0:12]: 
[ 0.99  1.00  0.21  0.03  0.05  0.11  0.12  0.03  0.02  0.90  0.04  0.99 ]
[ 0.99  0.07  0.99  0.02  0.80  0.95  0.99  0.03  0.87  0.98  0.93  0.65 ]
[ 0.99  0.99  0.07  0.99  0.08  0.99  0.89  0.97  0.06  0.05  0.43  0.99 ]
[ 0.25  0.85  0.95  1.00  0.95  1.00  0.89  0.38  0.98  0.65  0.97  0.97 ]
[ 0.99  0.98  0.64  0.80  0.68  0.99  0.04  0.12  0.99  0.94  0.84  0.79 ]
[ 0.79  0.97  0.06  0.91  0.31  0.35  0.95  0.21  0.28  0.53  0.03  0.95 ]
[ 0.97  0.71  0.41  0.88  0.96  0.28  0.99  0.63  0.98  0.99  1.00  0.38 ]
[ 0.02  0.72  0.13  0.03  0.16  0.64  0.98  0.02  0.92  0.77  0.36  0.17 ]
[ 0.88  0.92  0.05  0.88  0.97  0.07  0.08  0.72  0.55  0.18  0.97  0.99 ]
[ 0.56  0.09  0.03  0.02  0.57  0.72  0.11  0.03  0.92  0.09  0.71  0.92 ]
[ 0.14  1.00  0.99  0.46  0.64  0.98  0.98  0.99  0.99  0.87  1.00  0.98 ]
[ 1.00  1.00  0.99  1.00  1.00  0.99  0.99  1.00  0.34  1.00  1.00  0.96 ]
[ 1.00  1.00  1.00  0.96  1.00  1.00  0.99  1.00  1.00  0.99  0.88  0.50 ]

01/29 03:38:05 AM | === Batch 16/180
01/29 03:38:05 AM | loss = 0.323 + 0.540 + 0.042 = 0.905
01/29 03:38:05 AM | attribution_score[0:12]: 
[ 0.99  1.00  0.19  0.03  0.04  0.11  0.11  0.03  0.02  0.91  0.03  0.99 ]
[ 0.99  0.07  0.99  0.01  0.78  0.95  0.99  0.03  0.91  0.98  0.93  0.63 ]
[ 0.99  0.99  0.07  0.99  0.07  0.99  0.88  0.97  0.05  0.04  0.38  0.99 ]
[ 0.25  0.84  0.95  1.00  0.94  1.00  0.91  0.35  0.98  0.61  0.97  0.97 ]
[ 0.99  0.98  0.55  0.86  0.66  0.99  0.04  0.12  0.99  0.95  0.85  0.80 ]
[ 0.81  0.97  0.05  0.92  0.29  0.36  0.96  0.19  0.27  0.61  0.02  0.96 ]
[ 0.97  0.80  0.36  0.89  0.96  0.29  0.99  0.53  0.99  0.99  1.00  0.36 ]
[ 0.02  0.72  0.13  0.02  0.14  0.59  0.98  0.02  0.92  0.75  0.30  0.15 ]
[ 0.89  0.93  0.04  0.88  0.97  0.06  0.07  0.71  0.53  0.13  0.98  0.99 ]
[ 0.51  0.06  0.03  0.02  0.49  0.66  0.09  0.02  0.92  0.07  0.68  0.92 ]
[ 0.13  1.00  0.99  0.50  0.68  0.98  0.99  1.00  0.99  0.88  1.00  0.99 ]
[ 1.00  1.00  0.99  1.00  1.00  0.99  0.99  1.00  0.28  1.00  1.00  0.96 ]
[ 1.00  1.00  1.00  0.97  1.00  1.00  1.00  1.00  1.00  0.99  0.86  0.45 ]

01/29 03:38:05 AM | === Batch 17/180
01/29 03:38:05 AM | loss = 0.394 + 0.483 + 0.040 = 0.917
01/29 03:38:06 AM | attribution_score[0:12]: 
[ 0.99  1.00  0.17  0.02  0.04  0.11  0.09  0.02  0.02  0.92  0.03  0.99 ]
[ 0.99  0.06  0.99  0.01  0.76  0.95  0.99  0.02  0.93  0.98  0.94  0.63 ]
[ 0.99  1.00  0.06  0.99  0.06  0.99  0.87  0.98  0.04  0.03  0.32  0.99 ]
[ 0.25  0.82  0.96  1.00  0.94  1.00  0.91  0.32  0.98  0.59  0.97  0.97 ]
[ 1.00  0.98  0.47  0.90  0.62  1.00  0.04  0.11  0.99  0.96  0.85  0.80 ]
[ 0.84  0.97  0.05  0.92  0.27  0.39  0.97  0.16  0.24  0.64  0.02  0.97 ]
[ 0.98  0.86  0.32  0.89  0.97  0.34  0.99  0.43  0.99  0.99  1.00  0.33 ]
[ 0.01  0.72  0.12  0.02  0.12  0.53  0.98  0.01  0.93  0.73  0.25  0.14 ]
[ 0.89  0.94  0.03  0.88  0.98  0.05  0.06  0.69  0.52  0.10  0.98  0.99 ]
[ 0.46  0.05  0.02  0.02  0.39  0.59  0.07  0.02  0.92  0.06  0.63  0.93 ]
[ 0.11  1.00  0.99  0.53  0.73  0.98  0.99  1.00  1.00  0.89  1.00  0.99 ]
[ 1.00  1.00  0.99  1.00  1.00  0.99  0.99  1.00  0.21  1.00  1.00  0.97 ]
[ 1.00  1.00  1.00  0.97  1.00  1.00  1.00  1.00  1.00  0.99  0.85  0.42 ]

01/29 03:38:06 AM | === Batch 18/180
01/29 03:38:06 AM | loss = 0.485 + 0.419 + 0.039 = 0.943
01/29 03:38:06 AM | attribution_score[0:12]: 
[ 0.99  1.00  0.15  0.02  0.03  0.11  0.08  0.02  0.01  0.92  0.02  0.99 ]
[ 0.99  0.06  0.99  0.01  0.73  0.95  0.99  0.02  0.94  0.98  0.94  0.63 ]
[ 0.99  1.00  0.05  0.99  0.05  0.99  0.85  0.98  0.04  0.03  0.26  0.99 ]
[ 0.26  0.80  0.96  1.00  0.94  1.00  0.92  0.29  0.98  0.57  0.98  0.97 ]
[ 1.00  0.98  0.39  0.92  0.56  1.00  0.04  0.10  0.99  0.97  0.85  0.82 ]
[ 0.85  0.97  0.04  0.92  0.25  0.43  0.97  0.14  0.23  0.64  0.02  0.97 ]
[ 0.98  0.90  0.27  0.90  0.97  0.34  0.99  0.33  0.99  0.99  1.00  0.27 ]
[ 0.01  0.72  0.11  0.02  0.10  0.48  0.99  0.01  0.93  0.70  0.21  0.12 ]
[ 0.89  0.95  0.03  0.88  0.98  0.05  0.05  0.65  0.50  0.07  0.98  0.99 ]
[ 0.41  0.04  0.02  0.02  0.30  0.51  0.06  0.02  0.93  0.05  0.57  0.93 ]
[ 0.09  1.00  0.99  0.55  0.76  0.99  0.99  1.00  1.00  0.89  1.00  0.99 ]
[ 1.00  1.00  0.99  1.00  1.00  0.99  0.99  1.00  0.15  1.00  1.00  0.97 ]
[ 1.00  1.00  1.00  0.97  1.00  1.00  1.00  1.00  1.00  0.99  0.84  0.41 ]

01/29 03:38:06 AM | === Batch 19/180
01/29 03:38:06 AM | loss = 0.426 + 0.348 + 0.037 = 0.811
01/29 03:38:07 AM | attribution_score[0:12]: 
[ 1.00  1.00  0.13  0.02  0.03  0.11  0.07  0.02  0.01  0.92  0.02  0.99 ]
[ 0.99  0.05  0.99  0.01  0.71  0.95  0.99  0.02  0.95  0.98  0.95  0.62 ]
[ 0.99  1.00  0.05  0.99  0.04  1.00  0.84  0.98  0.03  0.02  0.21  0.99 ]
[ 0.27  0.77  0.97  1.00  0.93  1.00  0.93  0.27  0.97  0.55  0.98  0.97 ]
[ 1.00  0.98  0.32  0.94  0.49  1.00  0.04  0.09  0.99  0.97  0.86  0.83 ]
[ 0.86  0.98  0.04  0.91  0.23  0.46  0.98  0.11  0.22  0.63  0.01  0.98 ]
[ 0.98  0.93  0.21  0.89  0.97  0.31  0.99  0.24  0.99  0.99  1.00  0.22 ]
[ 0.01  0.73  0.09  0.02  0.09  0.42  0.99  0.01  0.94  0.67  0.18  0.10 ]
[ 0.89  0.95  0.02  0.88  0.98  0.04  0.04  0.61  0.47  0.05  0.99  0.99 ]
[ 0.36  0.03  0.02  0.01  0.23  0.43  0.05  0.02  0.93  0.04  0.50  0.93 ]
[ 0.07  1.00  0.99  0.56  0.78  0.99  0.99  1.00  1.00  0.90  1.00  0.99 ]
[ 1.00  1.00  0.99  1.00  1.00  0.99  0.99  1.00  0.11  1.00  1.00  0.97 ]
[ 1.00  1.00  1.00  0.97  1.00  1.00  1.00  1.00  1.00  0.99  0.84  0.40 ]

01/29 03:38:07 AM | === Batch 20/180
01/29 03:38:07 AM | loss = 0.715 + 0.273 + 0.036 = 1.024
01/29 03:38:07 AM | === Batch 21/180
01/29 03:38:07 AM | loss = 0.569 + 0.205 + 0.034 = 0.808
01/29 03:38:08 AM | === Batch 22/180
01/29 03:38:08 AM | loss = 0.512 + 0.144 + 0.033 = 0.689
01/29 03:38:08 AM | === Batch 23/180
01/29 03:38:08 AM | loss = 0.730 + 0.083 + 0.032 = 0.845
01/29 03:38:09 AM | === Batch 24/180
01/29 03:38:09 AM | loss = 0.639 + 0.025 + 0.031 = 0.695
01/29 03:38:09 AM | === Batch 25/180
01/29 03:38:09 AM | loss = 0.426 + 0.060 + 0.030 = 0.516
01/29 03:38:10 AM | === Batch 26/180
01/29 03:38:10 AM | loss = 0.442 + 0.049 + 0.029 = 0.520
01/29 03:38:10 AM | === Batch 27/180
01/29 03:38:10 AM | loss = 0.562 + 0.023 + 0.028 = 0.613
01/29 03:38:10 AM | === Batch 28/180
01/29 03:38:11 AM | loss = 0.371 + 0.055 + 0.027 = 0.453
01/29 03:38:11 AM | === Batch 29/180
01/29 03:38:11 AM | loss = 0.529 + 0.071 + 0.026 = 0.626
01/29 03:38:11 AM | === Batch 30/180
01/29 03:38:12 AM | loss = 0.457 + 0.075 + 0.025 = 0.556
01/29 03:38:12 AM | === Batch 31/180
01/29 03:38:12 AM | loss = 0.455 + 0.067 + 0.024 = 0.546
01/29 03:38:12 AM | === Batch 32/180
01/29 03:38:12 AM | loss = 0.494 + 0.050 + 0.024 = 0.568
01/29 03:38:13 AM | === Batch 33/180
01/29 03:38:13 AM | loss = 0.366 + 0.026 + 0.023 = 0.416
01/29 03:38:13 AM | === Batch 34/180
01/29 03:38:13 AM | loss = 0.430 + 0.013 + 0.023 = 0.466
01/29 03:38:14 AM | === Batch 35/180
01/29 03:38:14 AM | loss = 0.631 + 0.001 + 0.023 = 0.654
01/29 03:38:14 AM | === Batch 36/180
01/29 03:38:14 AM | loss = 0.450 + 0.004 + 0.022 = 0.477
01/29 03:38:15 AM | === Batch 37/180
01/29 03:38:15 AM | loss = 0.451 + 0.030 + 0.022 = 0.503
01/29 03:38:15 AM | === Batch 38/180
01/29 03:38:15 AM | loss = 0.472 + 0.047 + 0.021 = 0.541
01/29 03:38:16 AM | === Batch 39/180
01/29 03:38:16 AM | loss = 0.403 + 0.055 + 0.021 = 0.479
01/29 03:38:16 AM | === Batch 40/180
01/29 03:38:16 AM | loss = 0.599 + 0.054 + 0.021 = 0.673
01/29 03:38:16 AM | === Batch 41/180
01/29 03:38:17 AM | loss = 0.381 + 0.045 + 0.021 = 0.447
01/29 03:38:17 AM | === Batch 42/180
01/29 03:38:17 AM | loss = 0.528 + 0.030 + 0.021 = 0.578
01/29 03:38:17 AM | === Batch 43/180
01/29 03:38:18 AM | loss = 0.375 + 0.007 + 0.021 = 0.403
01/29 03:38:18 AM | === Batch 44/180
01/29 03:38:18 AM | loss = 0.457 + 0.036 + 0.021 = 0.513
01/29 03:38:18 AM | === Batch 45/180
01/29 03:38:19 AM | loss = 0.408 + 0.017 + 0.020 = 0.446
01/29 03:38:19 AM | === Batch 46/180
01/29 03:38:19 AM | loss = 0.449 + 0.028 + 0.020 = 0.497
01/29 03:38:19 AM | === Batch 47/180
01/29 03:38:19 AM | loss = 0.509 + 0.052 + 0.019 = 0.580
01/29 03:38:20 AM | === Batch 48/180
01/29 03:38:20 AM | loss = 0.414 + 0.066 + 0.019 = 0.499
01/29 03:38:20 AM | === Batch 49/180
01/29 03:38:20 AM | loss = 0.420 + 0.070 + 0.018 = 0.508
01/29 03:38:21 AM | === Batch 50/180
01/29 03:38:21 AM | loss = 0.470 + 0.064 + 0.018 = 0.552
01/29 03:38:21 AM | === Batch 51/180
01/29 03:38:21 AM | loss = 0.425 + 0.048 + 0.018 = 0.491
01/29 03:38:22 AM | === Batch 52/180
01/29 03:38:22 AM | loss = 0.479 + 0.027 + 0.018 = 0.523
01/29 03:38:22 AM | === Batch 53/180
01/29 03:38:22 AM | loss = 0.451 + 0.002 + 0.018 = 0.471
01/29 03:38:23 AM | === Batch 54/180
01/29 03:38:23 AM | loss = 0.495 + 0.002 + 0.018 = 0.515
01/29 03:38:23 AM | === Batch 55/180
01/29 03:38:23 AM | loss = 0.589 + 0.003 + 0.018 = 0.609
01/29 03:38:24 AM | === Batch 56/180
01/29 03:38:24 AM | loss = 0.371 + 0.024 + 0.017 = 0.413
01/29 03:38:24 AM | === Batch 57/180
01/29 03:38:24 AM | loss = 0.515 + 0.042 + 0.017 = 0.574
01/29 03:38:24 AM | === Batch 58/180
01/29 03:38:25 AM | loss = 0.300 + 0.050 + 0.016 = 0.367
01/29 03:38:25 AM | === Batch 59/180
01/29 03:38:25 AM | loss = 0.575 + 0.049 + 0.016 = 0.640
01/29 03:38:25 AM | === Batch 60/180
01/29 03:38:26 AM | loss = 0.408 + 0.041 + 0.016 = 0.466
01/29 03:38:26 AM | === Batch 61/180
01/29 03:38:26 AM | loss = 0.447 + 0.027 + 0.016 = 0.490
01/29 03:38:26 AM | === Batch 62/180
01/29 03:38:27 AM | loss = 0.614 + 0.006 + 0.016 = 0.636
01/29 03:38:27 AM | === Batch 63/180
01/29 03:38:27 AM | loss = 0.396 + 0.039 + 0.016 = 0.452
01/29 03:38:27 AM | === Batch 64/180
01/29 03:38:27 AM | loss = 0.502 + 0.029 + 0.016 = 0.547
01/29 03:38:28 AM | === Batch 65/180
01/29 03:38:28 AM | loss = 0.652 + 0.016 + 0.015 = 0.684
01/29 03:38:28 AM | === Batch 66/180
01/29 03:38:28 AM | loss = 0.233 + 0.039 + 0.015 = 0.286
01/29 03:38:29 AM | === Batch 67/180
01/29 03:38:29 AM | loss = 0.318 + 0.052 + 0.015 = 0.385
01/29 03:38:29 AM | === Batch 68/180
01/29 03:38:29 AM | loss = 0.410 + 0.058 + 0.015 = 0.482
01/29 03:38:30 AM | === Batch 69/180
01/29 03:38:30 AM | loss = 0.435 + 0.056 + 0.014 = 0.506
01/29 03:38:30 AM | === Batch 70/180
01/29 03:38:30 AM | loss = 0.253 + 0.047 + 0.014 = 0.314
01/29 03:38:31 AM | === Batch 71/180
01/29 03:38:31 AM | loss = 0.380 + 0.032 + 0.014 = 0.426
01/29 03:38:31 AM | === Batch 72/180
01/29 03:38:31 AM | loss = 0.533 + 0.012 + 0.014 = 0.559
01/29 03:38:31 AM | === Batch 73/180
01/29 03:38:32 AM | loss = 0.391 + 0.024 + 0.014 = 0.430
01/29 03:38:32 AM | === Batch 74/180
01/29 03:38:32 AM | loss = 0.618 + 0.020 + 0.014 = 0.651
01/29 03:38:32 AM | === Batch 75/180
01/29 03:38:33 AM | loss = 0.412 + 0.012 + 0.014 = 0.438
01/29 03:38:33 AM | === Batch 76/180
01/29 03:38:33 AM | loss = 0.494 + 0.025 + 0.014 = 0.533
01/29 03:38:33 AM | === Batch 77/180
01/29 03:38:33 AM | loss = 0.483 + 0.031 + 0.014 = 0.527
01/29 03:38:34 AM | === Batch 78/180
01/29 03:38:34 AM | loss = 0.461 + 0.028 + 0.014 = 0.503
01/29 03:38:34 AM | === Batch 79/180
01/29 03:38:34 AM | loss = 0.628 + 0.020 + 0.014 = 0.661
01/29 03:38:35 AM | === Batch 80/180
01/29 03:38:35 AM | loss = 0.564 + 0.008 + 0.014 = 0.585
01/29 03:38:35 AM | === Batch 81/180
01/29 03:38:35 AM | loss = 0.499 + 0.020 + 0.014 = 0.532
01/29 03:38:36 AM | === Batch 82/180
01/29 03:38:36 AM | loss = 0.501 + 0.011 + 0.014 = 0.526
01/29 03:38:36 AM | === Batch 83/180
01/29 03:38:36 AM | loss = 0.602 + 0.019 + 0.013 = 0.634
01/29 03:38:37 AM | === Batch 84/180
01/29 03:38:37 AM | loss = 0.497 + 0.035 + 0.013 = 0.546
01/29 03:38:37 AM | === Batch 85/180
01/29 03:38:37 AM | loss = 0.396 + 0.043 + 0.013 = 0.452
01/29 03:38:38 AM | === Batch 86/180
01/29 03:38:38 AM | loss = 0.382 + 0.043 + 0.013 = 0.438
01/29 03:38:38 AM | === Batch 87/180
01/29 03:38:38 AM | loss = 0.606 + 0.037 + 0.013 = 0.656
01/29 03:38:38 AM | === Batch 88/180
01/29 03:38:39 AM | loss = 0.558 + 0.029 + 0.013 = 0.599
01/29 03:38:39 AM | === Batch 89/180
01/29 03:38:39 AM | loss = 0.567 + 0.014 + 0.013 = 0.593
01/29 03:38:39 AM | === Batch 90/180
01/29 03:38:40 AM | loss = 0.416 + 0.003 + 0.013 = 0.431
01/29 03:38:40 AM | === Batch 91/180
01/29 03:38:40 AM | loss = 0.545 + 0.005 + 0.013 = 0.562
01/29 03:38:40 AM | === Batch 92/180
01/29 03:38:40 AM | loss = 0.577 + 0.006 + 0.013 = 0.595
01/29 03:38:41 AM | === Batch 93/180
01/29 03:38:41 AM | loss = 0.424 + 0.000 + 0.013 = 0.436
01/29 03:38:41 AM | === Batch 94/180
01/29 03:38:41 AM | loss = 0.479 + 0.014 + 0.012 = 0.506
01/29 03:38:42 AM | === Batch 95/180
01/29 03:38:42 AM | loss = 0.536 + 0.021 + 0.012 = 0.570
01/29 03:38:42 AM | === Batch 96/180
01/29 03:38:42 AM | loss = 0.399 + 0.023 + 0.012 = 0.434
01/29 03:38:43 AM | === Batch 97/180
01/29 03:38:43 AM | loss = 0.596 + 0.018 + 0.012 = 0.626
01/29 03:38:43 AM | === Batch 98/180
01/29 03:38:43 AM | loss = 0.444 + 0.008 + 0.012 = 0.464
01/29 03:38:44 AM | === Batch 99/180
01/29 03:38:44 AM | loss = 0.463 + 0.013 + 0.012 = 0.488
01/29 03:38:44 AM | === Batch 100/180
01/29 03:38:44 AM | loss = 0.261 + 0.000 + 0.012 = 0.273
01/29 03:38:45 AM | attribution_score[0:12]: 
[ 1.00  1.00  0.04  0.00  0.00  0.36  0.00  0.00  0.00  0.98  0.00  0.99 ]
[ 1.00  0.01  0.99  0.00  0.98  0.97  1.00  0.00  0.99  0.86  1.00  0.03 ]
[ 1.00  1.00  0.00  0.99  0.00  1.00  0.03  0.98  0.00  0.00  0.00  0.99 ]
[ 0.04  0.64  1.00  1.00  0.99  1.00  0.98  0.80  0.98  0.05  1.00  0.98 ]
[ 0.99  0.99  0.27  0.99  0.27  0.97  0.01  0.00  1.00  0.99  0.98  0.97 ]
[ 0.96  0.99  0.01  0.02  0.03  0.04  0.95  0.01  0.02  0.06  0.00  1.00 ]
[ 0.99  0.99  0.01  0.98  1.00  0.03  0.99  0.01  0.99  1.00  1.00  0.10 ]
[ 0.00  0.91  0.01  0.01  0.02  0.88  1.00  0.00  0.99  0.97  0.08  0.00 ]
[ 0.98  1.00  0.01  0.99  1.00  0.00  0.00  0.99  0.91  0.01  1.00  1.00 ]
[ 0.02  0.00  0.00  0.00  0.02  0.03  0.00  0.00  0.99  0.00  0.92  0.99 ]
[ 0.00  1.00  1.00  0.00  0.03  1.00  1.00  1.00  1.00  0.99  1.00  1.00 ]
[ 1.00  1.00  1.00  1.00  1.00  1.00  1.00  1.00  0.00  1.00  1.00  0.99 ]
[ 1.00  1.00  1.00  0.99  1.00  1.00  1.00  1.00  1.00  1.00  0.99  0.02 ]

01/29 03:38:45 AM | === Batch 101/180
01/29 03:38:45 AM | loss = 0.308 + 0.024 + 0.012 = 0.344
01/29 03:38:45 AM | === Batch 102/180
01/29 03:38:45 AM | loss = 0.439 + 0.042 + 0.012 = 0.492
01/29 03:38:46 AM | === Batch 103/180
01/29 03:38:46 AM | loss = 0.441 + 0.052 + 0.011 = 0.505
01/29 03:38:46 AM | === Batch 104/180
01/29 03:38:46 AM | loss = 0.578 + 0.056 + 0.011 = 0.646
01/29 03:38:46 AM | === Batch 105/180
01/29 03:38:47 AM | loss = 0.498 + 0.054 + 0.011 = 0.563
01/29 03:38:47 AM | === Batch 106/180
01/29 03:38:47 AM | loss = 0.345 + 0.045 + 0.011 = 0.402
01/29 03:38:47 AM | === Batch 107/180
01/29 03:38:48 AM | loss = 0.590 + 0.032 + 0.011 = 0.634
01/29 03:38:48 AM | === Batch 108/180
01/29 03:38:48 AM | loss = 0.436 + 0.016 + 0.011 = 0.464
01/29 03:38:48 AM | === Batch 109/180
01/29 03:38:48 AM | loss = 0.569 + 0.010 + 0.011 = 0.590
01/29 03:38:49 AM | === Batch 110/180
01/29 03:38:49 AM | loss = 0.418 + 0.008 + 0.011 = 0.437
01/29 03:38:49 AM | === Batch 111/180
01/29 03:38:49 AM | loss = 0.454 + 0.017 + 0.011 = 0.482
01/29 03:38:50 AM | === Batch 112/180
01/29 03:38:50 AM | loss = 0.465 + 0.029 + 0.011 = 0.505
01/29 03:38:50 AM | === Batch 113/180
01/29 03:38:50 AM | loss = 0.577 + 0.035 + 0.011 = 0.623
01/29 03:38:51 AM | === Batch 114/180
01/29 03:38:51 AM | loss = 0.623 + 0.034 + 0.011 = 0.667
01/29 03:38:51 AM | === Batch 115/180
01/29 03:38:51 AM | loss = 0.395 + 0.028 + 0.011 = 0.433
01/29 03:38:52 AM | === Batch 116/180
01/29 03:38:52 AM | loss = 0.441 + 0.018 + 0.011 = 0.470
01/29 03:38:52 AM | === Batch 117/180
01/29 03:38:52 AM | loss = 0.432 + 0.006 + 0.011 = 0.449
01/29 03:38:53 AM | === Batch 118/180
01/29 03:38:53 AM | loss = 0.403 + 0.020 + 0.011 = 0.433
01/29 03:38:53 AM | === Batch 119/180
01/29 03:38:53 AM | loss = 0.561 + 0.014 + 0.011 = 0.585
01/29 03:38:54 AM | === Batch 120/180
01/29 03:38:54 AM | loss = 0.310 + 0.012 + 0.010 = 0.332
01/29 03:38:54 AM | === Batch 121/180
01/29 03:38:54 AM | loss = 0.568 + 0.024 + 0.010 = 0.602
01/29 03:38:54 AM | === Batch 122/180
01/29 03:38:55 AM | loss = 0.536 + 0.031 + 0.010 = 0.576
01/29 03:38:55 AM | === Batch 123/180
01/29 03:38:55 AM | loss = 0.371 + 0.033 + 0.010 = 0.414
01/29 03:38:55 AM | === Batch 124/180
01/29 03:38:56 AM | loss = 0.426 + 0.030 + 0.010 = 0.466
01/29 03:38:56 AM | === Batch 125/180
01/29 03:38:56 AM | loss = 0.553 + 0.024 + 0.010 = 0.587
01/29 03:38:56 AM | === Batch 126/180
01/29 03:38:56 AM | loss = 0.317 + 0.014 + 0.010 = 0.342
01/29 03:38:57 AM | === Batch 127/180
01/29 03:38:57 AM | loss = 0.418 + 0.002 + 0.010 = 0.429
01/29 03:38:57 AM | === Batch 128/180
01/29 03:38:57 AM | loss = 0.494 + 0.028 + 0.010 = 0.533
01/29 03:38:58 AM | === Batch 129/180
01/29 03:38:58 AM | loss = 0.495 + 0.025 + 0.010 = 0.530
01/29 03:38:58 AM | === Batch 130/180
01/29 03:38:58 AM | loss = 0.490 + 0.006 + 0.010 = 0.507
01/29 03:38:59 AM | === Batch 131/180
01/29 03:38:59 AM | loss = 0.573 + 0.019 + 0.010 = 0.602
01/29 03:38:59 AM | === Batch 132/180
01/29 03:38:59 AM | loss = 0.437 + 0.026 + 0.010 = 0.474
01/29 03:38:59 AM | === Batch 133/180
01/29 03:39:00 AM | loss = 0.379 + 0.028 + 0.010 = 0.417
01/29 03:39:00 AM | === Batch 134/180
01/29 03:39:00 AM | loss = 0.487 + 0.024 + 0.010 = 0.521
01/29 03:39:00 AM | === Batch 135/180
01/29 03:39:00 AM | loss = 0.396 + 0.015 + 0.010 = 0.421
01/29 03:39:01 AM | === Batch 136/180
01/29 03:39:01 AM | loss = 0.507 + 0.002 + 0.010 = 0.519
01/29 03:39:01 AM | === Batch 137/180
01/29 03:39:01 AM | loss = 0.524 + 0.026 + 0.010 = 0.560
01/29 03:39:02 AM | === Batch 138/180
01/29 03:39:02 AM | loss = 0.387 + 0.019 + 0.010 = 0.416
01/29 03:39:02 AM | === Batch 139/180
01/29 03:39:02 AM | loss = 0.530 + 0.008 + 0.010 = 0.548
01/29 03:39:03 AM | === Batch 140/180
01/29 03:39:03 AM | loss = 0.471 + 0.019 + 0.010 = 0.499
01/29 03:39:03 AM | === Batch 141/180
01/29 03:39:03 AM | loss = 0.418 + 0.025 + 0.010 = 0.453
01/29 03:39:04 AM | === Batch 142/180
01/29 03:39:04 AM | loss = 0.279 + 0.026 + 0.010 = 0.316
01/29 03:39:04 AM | === Batch 143/180
01/29 03:39:04 AM | loss = 0.316 + 0.022 + 0.010 = 0.349
01/29 03:39:04 AM | === Batch 144/180
01/29 03:39:05 AM | loss = 0.441 + 0.014 + 0.010 = 0.465
01/29 03:39:05 AM | === Batch 145/180
01/29 03:39:05 AM | loss = 0.605 + 0.004 + 0.010 = 0.618
01/29 03:39:05 AM | === Batch 146/180
01/29 03:39:05 AM | loss = 0.368 + 0.019 + 0.010 = 0.397
01/29 03:39:06 AM | === Batch 147/180
01/29 03:39:06 AM | loss = 0.496 + 0.011 + 0.010 = 0.517
01/29 03:39:06 AM | === Batch 148/180
01/29 03:39:06 AM | loss = 0.424 + 0.014 + 0.010 = 0.447
01/29 03:39:07 AM | === Batch 149/180
01/29 03:39:07 AM | loss = 0.417 + 0.027 + 0.009 = 0.453
01/29 03:39:07 AM | === Batch 150/180
01/29 03:39:07 AM | loss = 0.535 + 0.034 + 0.009 = 0.578
01/29 03:39:08 AM | === Batch 151/180
01/29 03:39:08 AM | loss = 0.276 + 0.035 + 0.009 = 0.320
01/29 03:39:08 AM | === Batch 152/180
01/29 03:39:08 AM | loss = 0.324 + 0.031 + 0.009 = 0.364
01/29 03:39:08 AM | === Batch 153/180
01/29 03:39:09 AM | loss = 0.293 + 0.022 + 0.009 = 0.324
01/29 03:39:09 AM | === Batch 154/180
01/29 03:39:09 AM | loss = 0.786 + 0.009 + 0.009 = 0.804
01/29 03:39:09 AM | === Batch 155/180
01/29 03:39:10 AM | loss = 0.318 + 0.013 + 0.009 = 0.341
01/29 03:39:10 AM | === Batch 156/180
01/29 03:39:10 AM | loss = 0.230 + 0.009 + 0.009 = 0.249
01/29 03:39:10 AM | === Batch 157/180
01/29 03:39:10 AM | loss = 0.487 + 0.014 + 0.009 = 0.510
01/29 03:39:11 AM | === Batch 158/180
01/29 03:39:11 AM | loss = 0.422 + 0.027 + 0.009 = 0.458
01/29 03:39:11 AM | === Batch 159/180
01/29 03:39:11 AM | loss = 0.472 + 0.032 + 0.009 = 0.514
01/29 03:39:12 AM | === Batch 160/180
01/29 03:39:12 AM | loss = 0.392 + 0.032 + 0.009 = 0.433
01/29 03:39:12 AM | === Batch 161/180
01/29 03:39:12 AM | loss = 0.399 + 0.028 + 0.009 = 0.436
01/29 03:39:13 AM | === Batch 162/180
01/29 03:39:13 AM | loss = 0.528 + 0.021 + 0.009 = 0.559
01/29 03:39:13 AM | === Batch 163/180
01/29 03:39:13 AM | loss = 0.517 + 0.012 + 0.009 = 0.538
01/29 03:39:13 AM | === Batch 164/180
01/29 03:39:14 AM | loss = 0.432 + 0.001 + 0.009 = 0.441
01/29 03:39:14 AM | === Batch 165/180
01/29 03:39:14 AM | loss = 0.421 + 0.004 + 0.009 = 0.434
01/29 03:39:14 AM | === Batch 166/180
01/29 03:39:15 AM | loss = 0.425 + 0.004 + 0.009 = 0.438
01/29 03:39:15 AM | === Batch 167/180
01/29 03:39:15 AM | loss = 0.303 + 0.002 + 0.009 = 0.314
01/29 03:39:15 AM | === Batch 168/180
01/29 03:39:15 AM | loss = 0.532 + 0.008 + 0.009 = 0.549
01/29 03:39:16 AM | === Batch 169/180
01/29 03:39:16 AM | loss = 0.472 + 0.014 + 0.009 = 0.494
01/29 03:39:16 AM | === Batch 170/180
01/29 03:39:16 AM | loss = 0.538 + 0.015 + 0.008 = 0.562
01/29 03:39:17 AM | === Batch 171/180
01/29 03:39:17 AM | loss = 0.331 + 0.013 + 0.008 = 0.352
01/29 03:39:17 AM | === Batch 172/180
01/29 03:39:17 AM | loss = 0.325 + 0.003 + 0.008 = 0.337
01/29 03:39:18 AM | === Batch 173/180
01/29 03:39:18 AM | loss = 0.470 + 0.021 + 0.008 = 0.500
01/29 03:39:18 AM | === Batch 174/180
01/29 03:39:18 AM | loss = 0.537 + 0.011 + 0.008 = 0.557
01/29 03:39:19 AM | === Batch 175/180
01/29 03:39:19 AM | loss = 0.356 + 0.013 + 0.008 = 0.378
01/29 03:39:19 AM | === Batch 176/180
01/29 03:39:19 AM | loss = 0.549 + 0.026 + 0.008 = 0.583
01/29 03:39:20 AM | === Batch 177/180
01/29 03:39:20 AM | loss = 0.383 + 0.034 + 0.008 = 0.425
01/29 03:39:20 AM | === Batch 178/180
01/29 03:39:20 AM | loss = 0.458 + 0.036 + 0.008 = 0.502
01/29 03:39:20 AM | === Batch 179/180
01/29 03:39:21 AM | loss = 0.427 + 0.033 + 0.008 = 0.468
01/29 03:39:21 AM | === Batch 180/180
01/29 03:39:21 AM | loss = 0.379 + 0.024 + 0.008 = 0.411
01/29 03:39:21 AM | ===
Best loss was 0.25 at iteration 156

01/29 03:39:21 AM | Looking for optimal threshold...
01/29 03:39:21 AM | Testing threshold 0.5
01/29 03:39:21 AM | Distance to target: 501,272
01/29 03:39:21 AM | Testing threshold 0.75
01/29 03:39:21 AM | Distance to target: 4,905,816
01/29 03:39:21 AM | Testing threshold 0.625
01/29 03:39:21 AM | Distance to target: 1,147,880
01/29 03:39:21 AM | Testing threshold 0.5625
01/29 03:39:22 AM | Distance to target: 280,472
01/29 03:39:22 AM | Testing threshold 0.53125
01/29 03:39:22 AM | Distance to target: 501,272
01/29 03:39:22 AM | Testing threshold 0.546875
01/29 03:39:22 AM | Distance to target: 263,368
01/29 03:39:22 AM | Testing threshold 0.5546875
01/29 03:39:22 AM | Distance to target: 195,368
01/29 03:39:22 AM | Testing threshold 0.55859375
01/29 03:39:22 AM | Distance to target: 143,832
01/29 03:39:22 AM | Testing threshold 0.556640625
01/29 03:39:22 AM | Distance to target: 195,368
01/29 03:39:22 AM | Testing threshold 0.5576171875
01/29 03:39:22 AM | Distance to target: 143,832
01/29 03:39:22 AM | Testing threshold 0.55712890625
01/29 03:39:22 AM | Distance to target: 195,368
01/29 03:39:22 AM | Testing threshold 0.557373046875
01/29 03:39:22 AM | Distance to target: 195,368
01/29 03:39:22 AM | Testing threshold 0.5574951171875
01/29 03:39:22 AM | Distance to target: 195,368
01/29 03:39:22 AM | Testing threshold 0.55755615234375
01/29 03:39:22 AM | Distance to target: 143,832
01/29 03:39:22 AM | Testing threshold 0.557525634765625
01/29 03:39:22 AM | Distance to target: 195,368
01/29 03:39:22 AM | Testing threshold 0.5575408935546875
01/29 03:39:22 AM | Distance to target: 195,368
01/29 03:39:22 AM | Testing threshold 0.5575485229492188
01/29 03:39:22 AM | Distance to target: 143,832
01/29 03:39:22 AM | Testing threshold 0.5575447082519531
01/29 03:39:22 AM | Distance to target: 195,368
01/29 03:39:22 AM | Testing threshold 0.5575466156005859
01/29 03:39:22 AM | Distance to target: 143,832
01/29 03:39:22 AM | Testing threshold 0.5575456619262695
01/29 03:39:22 AM | Distance to target: 195,368
01/29 03:39:22 AM | Testing threshold 0.5575461387634277
01/29 03:39:22 AM | Distance to target: 195,368
01/29 03:39:22 AM | Testing threshold 0.5575463771820068
01/29 03:39:22 AM | Distance to target: 143,832
01/29 03:39:22 AM | Testing threshold 0.5575462579727173
01/29 03:39:22 AM | Distance to target: 195,368
01/29 03:39:22 AM | Testing threshold 0.5575463175773621
01/29 03:39:22 AM | Distance to target: 143,832
01/29 03:39:22 AM | Testing threshold 0.5575462877750397
01/29 03:39:22 AM | Distance to target: 195,368
01/29 03:39:22 AM | Testing threshold 0.5575463026762009
01/29 03:39:22 AM | Distance to target: 195,368
01/29 03:39:22 AM | Testing threshold 0.5575463101267815
01/29 03:39:22 AM | Distance to target: 195,368
01/29 03:39:22 AM | Testing threshold 0.5575463138520718
01/29 03:39:22 AM | Distance to target: 195,368
01/29 03:39:22 AM | Testing threshold 0.5575463157147169
01/29 03:39:22 AM | Distance to target: 195,368
01/29 03:39:22 AM | Testing threshold 0.5575463166460395
01/29 03:39:22 AM | Distance to target: 195,368
01/29 03:39:22 AM | Testing threshold 0.5575463171117008
01/29 03:39:22 AM | Distance to target: 195,368
01/29 03:39:22 AM | Testing threshold 0.5575463173445314
01/29 03:39:22 AM | Distance to target: 195,368
01/29 03:39:22 AM | Testing threshold 0.5575463174609467
01/29 03:39:22 AM | Distance to target: 195,368
01/29 03:39:22 AM | Testing threshold 0.5575463175191544
01/29 03:39:22 AM | Distance to target: 195,368
01/29 03:39:22 AM | Testing threshold 0.5575463175482582
01/29 03:39:22 AM | Distance to target: 195,368
01/29 03:39:22 AM | Testing threshold 0.5575463175628101
01/29 03:39:22 AM | Distance to target: 195,368
01/29 03:39:22 AM | Testing threshold 0.5575463175700861
01/29 03:39:22 AM | Distance to target: 195,368
01/29 03:39:22 AM | Testing threshold 0.5575463175737241
01/29 03:39:22 AM | Distance to target: 195,368
01/29 03:39:22 AM | Testing threshold 0.5575463175755431
01/29 03:39:22 AM | Distance to target: 195,368
01/29 03:39:22 AM | Testing threshold 0.5575463175764526
01/29 03:39:22 AM | Distance to target: 195,368
01/29 03:39:22 AM | Testing threshold 0.5575463175769073
01/29 03:39:22 AM | Distance to target: 195,368
01/29 03:39:22 AM | Testing threshold 0.5575463175771347
01/29 03:39:22 AM | Distance to target: 195,368
01/29 03:39:22 AM | Testing threshold 0.5575463175772484
01/29 03:39:22 AM | Distance to target: 195,368
01/29 03:39:22 AM | Testing threshold 0.5575463175773052
01/29 03:39:22 AM | Distance to target: 195,368
01/29 03:39:22 AM | Testing threshold 0.5575463175773336
01/29 03:39:22 AM | Distance to target: 195,368
01/29 03:39:22 AM | Testing threshold 0.5575463175773478
01/29 03:39:22 AM | Distance to target: 195,368
01/29 03:39:22 AM | Testing threshold 0.557546317577355
01/29 03:39:22 AM | Distance to target: 195,368
01/29 03:39:22 AM | Testing threshold 0.5575463175773585
01/29 03:39:22 AM | Distance to target: 195,368
01/29 03:39:22 AM | Testing threshold 0.5575463175773603
01/29 03:39:22 AM | Distance to target: 195,368
01/29 03:39:22 AM | Testing threshold 0.5575463175773612
01/29 03:39:22 AM | Distance to target: 195,368
01/29 03:39:23 AM | attribution_score[0:12]: 
[ 1.00  1.00  0.00  0.00  0.00  0.00  0.00  0.00  0.00  1.00  0.00  1.00 ]
[ 1.00  0.00  1.00  0.00  1.00  1.00  1.00  0.00  1.00  1.00  1.00  0.00 ]
[ 1.00  1.00  0.00  1.00  0.00  1.00  0.00  1.00  0.00  0.00  0.00  1.00 ]
[ 0.00  1.00  1.00  1.00  1.00  1.00  1.00  0.00  1.00  0.00  1.00  1.00 ]
[ 1.00  1.00  1.00  1.00  1.00  1.00  0.00  0.00  1.00  1.00  1.00  1.00 ]
[ 1.00  1.00  0.00  0.00  0.00  0.00  1.00  0.00  0.00  0.00  0.00  1.00 ]
[ 1.00  1.00  0.00  1.00  1.00  0.00  1.00  0.00  1.00  1.00  1.00  1.00 ]
[ 0.00  1.00  0.00  0.00  0.00  1.00  1.00  0.00  1.00  1.00  0.00  0.00 ]
[ 1.00  1.00  0.00  1.00  1.00  0.00  0.00  1.00  1.00  0.00  1.00  1.00 ]
[ 0.00  0.00  0.00  0.00  0.00  0.00  0.00  0.00  1.00  0.00  1.00  1.00 ]
[ 0.00  1.00  1.00  0.00  0.00  1.00  1.00  1.00  1.00  1.00  1.00  1.00 ]
[ 1.00  1.00  1.00  1.00  1.00  1.00  1.00  1.00  0.00  1.00  1.00  1.00 ]
[ 1.00  1.00  1.00  1.00  1.00  1.00  1.00  1.00  1.00  1.00  1.00  0.00 ]

01/29 03:39:24 AM | VGG(
  (features): Sequential(
    (conv0): Conv2d(3, 24, kernel_size=(3, 3), stride=(1, 1), padding=(1, 1))
    (norm0): BatchNorm2d(24, eps=1e-05, momentum=0.1, affine=True, track_running_stats=True)
    (relu0): ReLU(inplace=True)
    (conv1): Conv2d(24, 47, kernel_size=(3, 3), stride=(1, 1), padding=(1, 1))
    (norm1): BatchNorm2d(47, eps=1e-05, momentum=0.1, affine=True, track_running_stats=True)
    (relu1): ReLU(inplace=True)
    (pool2): MaxPool2d(kernel_size=2, stride=2, padding=0, dilation=1, ceil_mode=False)
    (conv3): Conv2d(47, 75, kernel_size=(3, 3), stride=(1, 1), padding=(1, 1))
    (norm3): BatchNorm2d(75, eps=1e-05, momentum=0.1, affine=True, track_running_stats=True)
    (relu3): ReLU(inplace=True)
    (conv4): Conv2d(75, 100, kernel_size=(3, 3), stride=(1, 1), padding=(1, 1))
    (norm4): BatchNorm2d(100, eps=1e-05, momentum=0.1, affine=True, track_running_stats=True)
    (relu4): ReLU(inplace=True)
    (pool5): MaxPool2d(kernel_size=2, stride=2, padding=0, dilation=1, ceil_mode=False)
    (conv6): Conv2d(100, 166, kernel_size=(3, 3), stride=(1, 1), padding=(1, 1))
    (norm6): BatchNorm2d(166, eps=1e-05, momentum=0.1, affine=True, track_running_stats=True)
    (relu6): ReLU(inplace=True)
    (conv7): Conv2d(166, 137, kernel_size=(3, 3), stride=(1, 1), padding=(1, 1))
    (norm7): BatchNorm2d(137, eps=1e-05, momentum=0.1, affine=True, track_running_stats=True)
    (relu7): ReLU(inplace=True)
    (conv8): Conv2d(137, 159, kernel_size=(3, 3), stride=(1, 1), padding=(1, 1))
    (norm8): BatchNorm2d(159, eps=1e-05, momentum=0.1, affine=True, track_running_stats=True)
    (relu8): ReLU(inplace=True)
    (pool9): MaxPool2d(kernel_size=2, stride=2, padding=0, dilation=1, ceil_mode=False)
    (conv10): Conv2d(159, 227, kernel_size=(3, 3), stride=(1, 1), padding=(1, 1))
    (norm10): BatchNorm2d(227, eps=1e-05, momentum=0.1, affine=True, track_running_stats=True)
    (relu10): ReLU(inplace=True)
    (conv11): Conv2d(227, 191, kernel_size=(3, 3), stride=(1, 1), padding=(1, 1))
    (norm11): BatchNorm2d(191, eps=1e-05, momentum=0.1, affine=True, track_running_stats=True)
    (relu11): ReLU(inplace=True)
    (conv12): Conv2d(191, 245, kernel_size=(3, 3), stride=(1, 1), padding=(1, 1))
    (norm12): BatchNorm2d(245, eps=1e-05, momentum=0.1, affine=True, track_running_stats=True)
    (relu12): ReLU(inplace=True)
    (pool13): MaxPool2d(kernel_size=2, stride=2, padding=0, dilation=1, ceil_mode=False)
    (conv14): Conv2d(245, 389, kernel_size=(3, 3), stride=(1, 1), padding=(1, 1))
    (norm14): BatchNorm2d(389, eps=1e-05, momentum=0.1, affine=True, track_running_stats=True)
    (relu14): ReLU(inplace=True)
    (conv15): Conv2d(389, 456, kernel_size=(3, 3), stride=(1, 1), padding=(1, 1))
    (norm15): BatchNorm2d(456, eps=1e-05, momentum=0.1, affine=True, track_running_stats=True)
    (relu15): ReLU(inplace=True)
    (conv16): Conv2d(456, 504, kernel_size=(3, 3), stride=(1, 1), padding=(1, 1))
    (norm16): BatchNorm2d(504, eps=1e-05, momentum=0.1, affine=True, track_running_stats=True)
    (relu16): ReLU(inplace=True)
  )
  (classifier): Sequential(
    (linear1): Linear(in_features=504, out_features=512, bias=True)
    (norm1): BatchNorm1d(512, eps=1e-05, momentum=0.1, affine=True, track_running_stats=True)
    (relu1): ReLU(inplace=True)
    (linear2): Linear(in_features=512, out_features=10, bias=True)
  )
)
01/29 03:39:25 AM | ----------------------------------------
01/29 03:39:25 AM | Performances input model:
01/29 03:39:25 AM |  - flops: 314,294,272
01/29 03:39:25 AM |  - params: 14,991,946
01/29 03:39:25 AM |  - accuracy: 93.95999908447266
01/29 03:39:25 AM | ----------------------------------------
01/29 03:39:25 AM | Performances pseudo-pruned model:
01/29 03:39:25 AM |  - flops: 314,294,272
01/29 03:39:25 AM |  - params: 14,991,946
01/29 03:39:25 AM |  - accuracy: 82.82999420166016
01/29 03:39:25 AM | ----------------------------------------
01/29 03:39:25 AM | Performances pruned model:
01/29 03:39:25 AM |  - flops: 108,691,968
01/29 03:39:25 AM |  - params: 6,591,846
01/29 03:39:25 AM |  - accuracy: 82.82999420166016
01/29 03:39:25 AM | ----------------------------------------
01/29 03:39:25 AM | Total time: 94.08s
