01/29 03:27:05 AM | args = Namespace(output_dir='result/rebuttal/nb_epoch/vgg/nbbtchs130/seed_00', loaded_model_path='./checkpoints/cifar10/vgg_16_bn.pt', resume=False, test_only=False, mode='prune', batch_size=64, nb_batches=130, Mflops_target=None, lr=0.6, momentum=0.9, beta=6, gamma=0.4, gpu='0', num_workers=4, dataset='cifar10', arch='vgg_16_bn', save_plot=False, seed=0, lr_finetuning=0.02, epoch_finetuning=200, wd=0.002, data_dir='./data/cifar10/', print_freq=200, num_classes=10, device_ids=[0], device=device(type='cuda', index=0), name_base='')
01/29 03:27:11 AM | ----------------------------------------
01/29 03:27:11 AM | ==> Building model...
01/29 03:27:11 AM | ----------------------------------------
01/29 03:27:11 AM | ==> Loading weights into the model...
01/29 03:27:11 AM | ----------------------------------------
01/29 03:27:11 AM | VGG(
  (features): Sequential(
    (conv0): Conv2d(3, 64, kernel_size=(3, 3), stride=(1, 1), padding=(1, 1))
    (norm0): BatchNorm2d(64, eps=1e-05, momentum=0.1, affine=True, track_running_stats=True)
    (relu0): ReLU(inplace=True)
    (conv1): Conv2d(64, 64, kernel_size=(3, 3), stride=(1, 1), padding=(1, 1))
    (norm1): BatchNorm2d(64, eps=1e-05, momentum=0.1, affine=True, track_running_stats=True)
    (relu1): ReLU(inplace=True)
    (pool2): MaxPool2d(kernel_size=2, stride=2, padding=0, dilation=1, ceil_mode=False)
    (conv3): Conv2d(64, 128, kernel_size=(3, 3), stride=(1, 1), padding=(1, 1))
    (norm3): BatchNorm2d(128, eps=1e-05, momentum=0.1, affine=True, track_running_stats=True)
    (relu3): ReLU(inplace=True)
    (conv4): Conv2d(128, 128, kernel_size=(3, 3), stride=(1, 1), padding=(1, 1))
    (norm4): BatchNorm2d(128, eps=1e-05, momentum=0.1, affine=True, track_running_stats=True)
    (relu4): ReLU(inplace=True)
    (pool5): MaxPool2d(kernel_size=2, stride=2, padding=0, dilation=1, ceil_mode=False)
    (conv6): Conv2d(128, 256, kernel_size=(3, 3), stride=(1, 1), padding=(1, 1))
    (norm6): BatchNorm2d(256, eps=1e-05, momentum=0.1, affine=True, track_running_stats=True)
    (relu6): ReLU(inplace=True)
    (conv7): Conv2d(256, 256, kernel_size=(3, 3), stride=(1, 1), padding=(1, 1))
    (norm7): BatchNorm2d(256, eps=1e-05, momentum=0.1, affine=True, track_running_stats=True)
    (relu7): ReLU(inplace=True)
    (conv8): Conv2d(256, 256, kernel_size=(3, 3), stride=(1, 1), padding=(1, 1))
    (norm8): BatchNorm2d(256, eps=1e-05, momentum=0.1, affine=True, track_running_stats=True)
    (relu8): ReLU(inplace=True)
    (pool9): MaxPool2d(kernel_size=2, stride=2, padding=0, dilation=1, ceil_mode=False)
    (conv10): Conv2d(256, 512, kernel_size=(3, 3), stride=(1, 1), padding=(1, 1))
    (norm10): BatchNorm2d(512, eps=1e-05, momentum=0.1, affine=True, track_running_stats=True)
    (relu10): ReLU(inplace=True)
    (conv11): Conv2d(512, 512, kernel_size=(3, 3), stride=(1, 1), padding=(1, 1))
    (norm11): BatchNorm2d(512, eps=1e-05, momentum=0.1, affine=True, track_running_stats=True)
    (relu11): ReLU(inplace=True)
    (conv12): Conv2d(512, 512, kernel_size=(3, 3), stride=(1, 1), padding=(1, 1))
    (norm12): BatchNorm2d(512, eps=1e-05, momentum=0.1, affine=True, track_running_stats=True)
    (relu12): ReLU(inplace=True)
    (pool13): MaxPool2d(kernel_size=2, stride=2, padding=0, dilation=1, ceil_mode=False)
    (conv14): Conv2d(512, 512, kernel_size=(3, 3), stride=(1, 1), padding=(1, 1))
    (norm14): BatchNorm2d(512, eps=1e-05, momentum=0.1, affine=True, track_running_stats=True)
    (relu14): ReLU(inplace=True)
    (conv15): Conv2d(512, 512, kernel_size=(3, 3), stride=(1, 1), padding=(1, 1))
    (norm15): BatchNorm2d(512, eps=1e-05, momentum=0.1, affine=True, track_running_stats=True)
    (relu15): ReLU(inplace=True)
    (conv16): Conv2d(512, 512, kernel_size=(3, 3), stride=(1, 1), padding=(1, 1))
    (norm16): BatchNorm2d(512, eps=1e-05, momentum=0.1, affine=True, track_running_stats=True)
    (relu16): ReLU(inplace=True)
  )
  (classifier): Sequential(
    (linear1): Linear(in_features=512, out_features=512, bias=True)
    (norm1): BatchNorm1d(512, eps=1e-05, momentum=0.1, affine=True, track_running_stats=True)
    (relu1): ReLU(inplace=True)
    (linear2): Linear(in_features=512, out_features=10, bias=True)
  )
)
01/29 03:27:13 AM | Save modules info...
01/29 03:27:13 AM | FLOPS pruning ratio is 0.65
01/29 03:27:13 AM | Pruning with information flow
01/29 03:27:13 AM | -----
01/29 03:27:13 AM | module: Conv2d(3, 64, kernel_size=(3, 3), stride=(1, 1), padding=(1, 1))
01/29 03:27:13 AM | cin: None
01/29 03:27:13 AM | cout: [0]
01/29 03:27:13 AM | inactive
01/29 03:27:13 AM | -----
01/29 03:27:13 AM | module: BatchNorm2d(64, eps=1e-05, momentum=0.1, affine=True, track_running_stats=True)
01/29 03:27:13 AM | cin: [0]
01/29 03:27:13 AM | cout: [0]
01/29 03:27:13 AM | inactive
01/29 03:27:13 AM | -----
01/29 03:27:13 AM | module: ReLU(inplace=True)
01/29 03:27:13 AM | cin: [0]
01/29 03:27:13 AM | cout: [0]
01/29 03:27:13 AM | active
01/29 03:27:13 AM | -----
01/29 03:27:13 AM | module: Conv2d(64, 64, kernel_size=(3, 3), stride=(1, 1), padding=(1, 1))
01/29 03:27:13 AM | cin: [0]
01/29 03:27:13 AM | cout: [1]
01/29 03:27:13 AM | inactive
01/29 03:27:13 AM | -----
01/29 03:27:13 AM | module: BatchNorm2d(64, eps=1e-05, momentum=0.1, affine=True, track_running_stats=True)
01/29 03:27:13 AM | cin: [1]
01/29 03:27:13 AM | cout: [1]
01/29 03:27:13 AM | inactive
01/29 03:27:13 AM | -----
01/29 03:27:13 AM | module: ReLU(inplace=True)
01/29 03:27:13 AM | cin: [1]
01/29 03:27:13 AM | cout: [1]
01/29 03:27:13 AM | active
01/29 03:27:13 AM | -----
01/29 03:27:13 AM | module: MaxPool2d(kernel_size=2, stride=2, padding=0, dilation=1, ceil_mode=False)
01/29 03:27:13 AM | cin: [1]
01/29 03:27:13 AM | cout: [1]
01/29 03:27:13 AM | inactive
01/29 03:27:13 AM | -----
01/29 03:27:13 AM | module: Conv2d(64, 128, kernel_size=(3, 3), stride=(1, 1), padding=(1, 1))
01/29 03:27:13 AM | cin: [1]
01/29 03:27:13 AM | cout: [2]
01/29 03:27:13 AM | inactive
01/29 03:27:13 AM | -----
01/29 03:27:13 AM | module: BatchNorm2d(128, eps=1e-05, momentum=0.1, affine=True, track_running_stats=True)
01/29 03:27:13 AM | cin: [2]
01/29 03:27:13 AM | cout: [2]
01/29 03:27:13 AM | inactive
01/29 03:27:13 AM | -----
01/29 03:27:13 AM | module: ReLU(inplace=True)
01/29 03:27:13 AM | cin: [2]
01/29 03:27:13 AM | cout: [2]
01/29 03:27:13 AM | active
01/29 03:27:13 AM | -----
01/29 03:27:13 AM | module: Conv2d(128, 128, kernel_size=(3, 3), stride=(1, 1), padding=(1, 1))
01/29 03:27:13 AM | cin: [2]
01/29 03:27:13 AM | cout: [3]
01/29 03:27:13 AM | inactive
01/29 03:27:13 AM | -----
01/29 03:27:13 AM | module: BatchNorm2d(128, eps=1e-05, momentum=0.1, affine=True, track_running_stats=True)
01/29 03:27:13 AM | cin: [3]
01/29 03:27:13 AM | cout: [3]
01/29 03:27:13 AM | inactive
01/29 03:27:13 AM | -----
01/29 03:27:13 AM | module: ReLU(inplace=True)
01/29 03:27:13 AM | cin: [3]
01/29 03:27:13 AM | cout: [3]
01/29 03:27:13 AM | active
01/29 03:27:13 AM | -----
01/29 03:27:13 AM | module: MaxPool2d(kernel_size=2, stride=2, padding=0, dilation=1, ceil_mode=False)
01/29 03:27:13 AM | cin: [3]
01/29 03:27:13 AM | cout: [3]
01/29 03:27:13 AM | inactive
01/29 03:27:13 AM | -----
01/29 03:27:13 AM | module: Conv2d(128, 256, kernel_size=(3, 3), stride=(1, 1), padding=(1, 1))
01/29 03:27:13 AM | cin: [3]
01/29 03:27:13 AM | cout: [4]
01/29 03:27:13 AM | inactive
01/29 03:27:13 AM | -----
01/29 03:27:13 AM | module: BatchNorm2d(256, eps=1e-05, momentum=0.1, affine=True, track_running_stats=True)
01/29 03:27:13 AM | cin: [4]
01/29 03:27:13 AM | cout: [4]
01/29 03:27:13 AM | inactive
01/29 03:27:13 AM | -----
01/29 03:27:13 AM | module: ReLU(inplace=True)
01/29 03:27:13 AM | cin: [4]
01/29 03:27:13 AM | cout: [4]
01/29 03:27:13 AM | active
01/29 03:27:13 AM | -----
01/29 03:27:13 AM | module: Conv2d(256, 256, kernel_size=(3, 3), stride=(1, 1), padding=(1, 1))
01/29 03:27:13 AM | cin: [4]
01/29 03:27:13 AM | cout: [5]
01/29 03:27:13 AM | inactive
01/29 03:27:13 AM | -----
01/29 03:27:13 AM | module: BatchNorm2d(256, eps=1e-05, momentum=0.1, affine=True, track_running_stats=True)
01/29 03:27:13 AM | cin: [5]
01/29 03:27:13 AM | cout: [5]
01/29 03:27:13 AM | inactive
01/29 03:27:13 AM | -----
01/29 03:27:13 AM | module: ReLU(inplace=True)
01/29 03:27:13 AM | cin: [5]
01/29 03:27:13 AM | cout: [5]
01/29 03:27:13 AM | active
01/29 03:27:13 AM | -----
01/29 03:27:13 AM | module: Conv2d(256, 256, kernel_size=(3, 3), stride=(1, 1), padding=(1, 1))
01/29 03:27:13 AM | cin: [5]
01/29 03:27:13 AM | cout: [6]
01/29 03:27:13 AM | inactive
01/29 03:27:13 AM | -----
01/29 03:27:13 AM | module: BatchNorm2d(256, eps=1e-05, momentum=0.1, affine=True, track_running_stats=True)
01/29 03:27:13 AM | cin: [6]
01/29 03:27:13 AM | cout: [6]
01/29 03:27:13 AM | inactive
01/29 03:27:13 AM | -----
01/29 03:27:13 AM | module: ReLU(inplace=True)
01/29 03:27:13 AM | cin: [6]
01/29 03:27:13 AM | cout: [6]
01/29 03:27:13 AM | active
01/29 03:27:13 AM | -----
01/29 03:27:13 AM | module: MaxPool2d(kernel_size=2, stride=2, padding=0, dilation=1, ceil_mode=False)
01/29 03:27:13 AM | cin: [6]
01/29 03:27:13 AM | cout: [6]
01/29 03:27:13 AM | inactive
01/29 03:27:13 AM | -----
01/29 03:27:13 AM | module: Conv2d(256, 512, kernel_size=(3, 3), stride=(1, 1), padding=(1, 1))
01/29 03:27:13 AM | cin: [6]
01/29 03:27:13 AM | cout: [7]
01/29 03:27:13 AM | inactive
01/29 03:27:13 AM | -----
01/29 03:27:13 AM | module: BatchNorm2d(512, eps=1e-05, momentum=0.1, affine=True, track_running_stats=True)
01/29 03:27:13 AM | cin: [7]
01/29 03:27:13 AM | cout: [7]
01/29 03:27:13 AM | inactive
01/29 03:27:13 AM | -----
01/29 03:27:13 AM | module: ReLU(inplace=True)
01/29 03:27:13 AM | cin: [7]
01/29 03:27:13 AM | cout: [7]
01/29 03:27:13 AM | active
01/29 03:27:13 AM | -----
01/29 03:27:13 AM | module: Conv2d(512, 512, kernel_size=(3, 3), stride=(1, 1), padding=(1, 1))
01/29 03:27:13 AM | cin: [7]
01/29 03:27:13 AM | cout: [8]
01/29 03:27:13 AM | inactive
01/29 03:27:13 AM | -----
01/29 03:27:13 AM | module: BatchNorm2d(512, eps=1e-05, momentum=0.1, affine=True, track_running_stats=True)
01/29 03:27:13 AM | cin: [8]
01/29 03:27:13 AM | cout: [8]
01/29 03:27:13 AM | inactive
01/29 03:27:13 AM | -----
01/29 03:27:13 AM | module: ReLU(inplace=True)
01/29 03:27:13 AM | cin: [8]
01/29 03:27:13 AM | cout: [8]
01/29 03:27:13 AM | active
01/29 03:27:13 AM | -----
01/29 03:27:13 AM | module: Conv2d(512, 512, kernel_size=(3, 3), stride=(1, 1), padding=(1, 1))
01/29 03:27:13 AM | cin: [8]
01/29 03:27:13 AM | cout: [9]
01/29 03:27:13 AM | inactive
01/29 03:27:13 AM | -----
01/29 03:27:13 AM | module: BatchNorm2d(512, eps=1e-05, momentum=0.1, affine=True, track_running_stats=True)
01/29 03:27:13 AM | cin: [9]
01/29 03:27:13 AM | cout: [9]
01/29 03:27:13 AM | inactive
01/29 03:27:13 AM | -----
01/29 03:27:13 AM | module: ReLU(inplace=True)
01/29 03:27:13 AM | cin: [9]
01/29 03:27:13 AM | cout: [9]
01/29 03:27:13 AM | active
01/29 03:27:13 AM | -----
01/29 03:27:13 AM | module: MaxPool2d(kernel_size=2, stride=2, padding=0, dilation=1, ceil_mode=False)
01/29 03:27:13 AM | cin: [9]
01/29 03:27:13 AM | cout: [9]
01/29 03:27:13 AM | inactive
01/29 03:27:13 AM | -----
01/29 03:27:13 AM | module: Conv2d(512, 512, kernel_size=(3, 3), stride=(1, 1), padding=(1, 1))
01/29 03:27:13 AM | cin: [9]
01/29 03:27:13 AM | cout: [10]
01/29 03:27:13 AM | inactive
01/29 03:27:13 AM | -----
01/29 03:27:13 AM | module: BatchNorm2d(512, eps=1e-05, momentum=0.1, affine=True, track_running_stats=True)
01/29 03:27:13 AM | cin: [10]
01/29 03:27:13 AM | cout: [10]
01/29 03:27:13 AM | inactive
01/29 03:27:13 AM | -----
01/29 03:27:13 AM | module: ReLU(inplace=True)
01/29 03:27:13 AM | cin: [10]
01/29 03:27:13 AM | cout: [10]
01/29 03:27:13 AM | active
01/29 03:27:13 AM | -----
01/29 03:27:13 AM | module: Conv2d(512, 512, kernel_size=(3, 3), stride=(1, 1), padding=(1, 1))
01/29 03:27:13 AM | cin: [10]
01/29 03:27:13 AM | cout: [11]
01/29 03:27:13 AM | inactive
01/29 03:27:13 AM | -----
01/29 03:27:13 AM | module: BatchNorm2d(512, eps=1e-05, momentum=0.1, affine=True, track_running_stats=True)
01/29 03:27:13 AM | cin: [11]
01/29 03:27:13 AM | cout: [11]
01/29 03:27:13 AM | inactive
01/29 03:27:13 AM | -----
01/29 03:27:13 AM | module: ReLU(inplace=True)
01/29 03:27:13 AM | cin: [11]
01/29 03:27:13 AM | cout: [11]
01/29 03:27:13 AM | active
01/29 03:27:13 AM | -----
01/29 03:27:13 AM | module: Conv2d(512, 512, kernel_size=(3, 3), stride=(1, 1), padding=(1, 1))
01/29 03:27:13 AM | cin: [11]
01/29 03:27:13 AM | cout: [12]
01/29 03:27:13 AM | inactive
01/29 03:27:13 AM | -----
01/29 03:27:13 AM | module: BatchNorm2d(512, eps=1e-05, momentum=0.1, affine=True, track_running_stats=True)
01/29 03:27:13 AM | cin: [12]
01/29 03:27:13 AM | cout: [12]
01/29 03:27:13 AM | inactive
01/29 03:27:13 AM | -----
01/29 03:27:13 AM | module: ReLU(inplace=True)
01/29 03:27:13 AM | cin: [12]
01/29 03:27:13 AM | cout: [12]
01/29 03:27:13 AM | active
01/29 03:27:13 AM | -----
01/29 03:27:13 AM | module: Linear(in_features=512, out_features=512, bias=True)
01/29 03:27:13 AM | cin: [12]
01/29 03:27:13 AM | cout: None
01/29 03:27:13 AM | inactive
01/29 03:27:13 AM | -----
01/29 03:27:13 AM | module: ReLU(inplace=True)
01/29 03:27:13 AM | cin: None
01/29 03:27:13 AM | cout: None
01/29 03:27:13 AM | active
01/29 03:27:13 AM | -----
01/29 03:27:13 AM | module: Linear(in_features=512, out_features=10, bias=True)
01/29 03:27:13 AM | cin: None
01/29 03:27:13 AM | cout: None
01/29 03:27:13 AM | inactive
01/29 03:27:13 AM | Used masks: [0, 1, 2, 3, 4, 5, 6, 7, 8, 9, 10, 11, 12]
01/29 03:27:13 AM | 13 unique masks in total
01/29 03:27:13 AM | === Batch 1/130
01/29 03:27:13 AM | loss = 0.047 + 4.266 + 0.040 = 4.353
01/29 03:27:14 AM | attribution_score[0:12]: 
[ 0.94  0.83  0.83  0.83  0.83  0.83  0.83  0.83  0.83  0.83  0.83  0.83 ]
[ 0.83  0.83  0.83  0.83  0.83  0.83  0.83  0.83  0.83  0.83  0.83  0.83 ]
[ 0.94  0.83  0.83  0.83  0.83  0.83  0.83  0.83  0.83  0.83  0.83  0.94 ]
[ 0.83  0.83  0.94  0.83  0.83  0.83  0.83  0.83  0.83  0.83  0.83  0.83 ]
[ 0.83  0.83  0.94  0.83  0.83  0.83  0.83  0.83  0.83  0.83  0.83  0.83 ]
[ 0.83  0.83  0.83  0.83  0.83  0.83  0.83  0.83  0.83  0.83  0.83  0.83 ]
[ 0.83  0.83  0.94  0.83  0.83  0.83  0.83  0.83  0.83  0.83  0.83  0.83 ]
[ 0.83  0.83  0.83  0.83  0.83  0.83  0.83  0.83  0.83  0.83  0.83  0.83 ]
[ 0.83  0.83  0.83  0.83  0.83  0.83  0.83  0.83  0.83  0.83  0.83  0.83 ]
[ 0.83  0.83  0.83  0.83  0.83  0.83  0.83  0.83  0.83  0.83  0.83  0.83 ]
[ 0.83  0.83  0.83  0.83  0.83  0.83  0.83  0.83  0.83  0.83  0.94  0.83 ]
[ 0.83  0.94  0.83  0.83  0.83  0.83  0.83  0.94  0.83  0.83  0.83  0.83 ]
[ 0.94  0.94  0.94  0.94  0.94  0.94  0.83  0.83  0.94  0.94  0.94  0.83 ]

01/29 03:27:14 AM | === Batch 2/130
01/29 03:27:14 AM | loss = 0.345 + 3.308 + 0.062 = 3.715
01/29 03:27:14 AM | attribution_score[0:12]: 
[ 0.96  0.88  0.77  0.73  0.75  0.73  0.73  0.73  0.73  0.73  0.73  0.81 ]
[ 0.87  0.76  0.75  0.74  0.87  0.73  0.74  0.73  0.73  0.86  0.88  0.74 ]
[ 0.96  0.88  0.74  0.88  0.73  0.88  0.86  0.77  0.74  0.74  0.73  0.96 ]
[ 0.73  0.83  0.96  0.74  0.76  0.73  0.85  0.87  0.81  0.85  0.73  0.88 ]
[ 0.83  0.76  0.96  0.74  0.75  0.73  0.73  0.75  0.74  0.74  0.86  0.85 ]
[ 0.73  0.75  0.77  0.74  0.73  0.80  0.74  0.74  0.73  0.74  0.73  0.86 ]
[ 0.74  0.73  0.94  0.74  0.74  0.75  0.74  0.73  0.76  0.74  0.86  0.75 ]
[ 0.73  0.73  0.73  0.73  0.74  0.73  0.73  0.73  0.74  0.73  0.73  0.82 ]
[ 0.75  0.73  0.73  0.73  0.74  0.73  0.73  0.73  0.74  0.73  0.80  0.73 ]
[ 0.73  0.73  0.73  0.73  0.85  0.74  0.73  0.73  0.74  0.73  0.75  0.73 ]
[ 0.73  0.75  0.85  0.74  0.73  0.86  0.73  0.75  0.81  0.73  0.96  0.74 ]
[ 0.88  0.97  0.76  0.87  0.88  0.86  0.74  0.97  0.84  0.88  0.87  0.74 ]
[ 0.97  0.96  0.97  0.91  0.97  0.96  0.88  0.88  0.96  0.97  0.97  0.73 ]

01/29 03:27:14 AM | === Batch 3/130
01/29 03:27:14 AM | loss = 0.339 + 2.497 + 0.081 = 2.918
01/29 03:27:15 AM | attribution_score[0:12]: 
[ 0.98  0.90  0.68  0.60  0.64  0.61  0.60  0.60  0.60  0.60  0.61  0.86 ]
[ 0.89  0.66  0.78  0.61  0.90  0.67  0.63  0.61  0.69  0.90  0.91  0.62 ]
[ 0.97  0.91  0.62  0.92  0.60  0.92  0.86  0.68  0.62  0.62  0.60  0.98 ]
[ 0.61  0.84  0.97  0.70  0.66  0.76  0.80  0.90  0.81  0.82  0.68  0.91 ]
[ 0.78  0.66  0.97  0.63  0.79  0.60  0.60  0.64  0.75  0.61  0.85  0.85 ]
[ 0.62  0.65  0.68  0.61  0.60  0.74  0.61  0.62  0.62  0.62  0.60  0.85 ]
[ 0.64  0.61  0.94  0.64  0.64  0.64  0.61  0.69  0.66  0.78  0.90  0.63 ]
[ 0.60  0.60  0.61  0.60  0.61  0.60  0.60  0.60  0.70  0.61  0.60  0.80 ]
[ 0.65  0.67  0.60  0.60  0.62  0.60  0.60  0.60  0.66  0.60  0.80  0.68 ]
[ 0.64  0.61  0.60  0.60  0.87  0.67  0.60  0.60  0.72  0.60  0.63  0.63 ]
[ 0.61  0.79  0.89  0.61  0.61  0.90  0.79  0.76  0.86  0.71  0.98  0.75 ]
[ 0.91  0.98  0.78  0.91  0.93  0.89  0.79  0.98  0.81  0.92  0.91  0.80 ]
[ 0.98  0.98  0.98  0.90  0.98  0.98  0.92  0.93  0.98  0.98  0.98  0.60 ]

01/29 03:27:15 AM | === Batch 4/130
01/29 03:27:15 AM | loss = 0.558 + 1.677 + 0.101 = 2.336
01/29 03:27:15 AM | attribution_score[0:12]: 
[ 0.98  0.92  0.57  0.46  0.50  0.47  0.46  0.45  0.45  0.46  0.46  0.84 ]
[ 0.90  0.56  0.83  0.47  0.90  0.58  0.61  0.46  0.72  0.92  0.91  0.48 ]
[ 0.98  0.94  0.48  0.94  0.45  0.94  0.87  0.64  0.48  0.49  0.48  0.98 ]
[ 0.47  0.85  0.96  0.73  0.57  0.82  0.74  0.92  0.78  0.80  0.64  0.92 ]
[ 0.71  0.53  0.98  0.53  0.85  0.47  0.45  0.51  0.80  0.56  0.82  0.80 ]
[ 0.61  0.64  0.55  0.46  0.47  0.64  0.50  0.50  0.50  0.49  0.45  0.82 ]
[ 0.53  0.47  0.93  0.53  0.52  0.52  0.57  0.73  0.71  0.84  0.94  0.50 ]
[ 0.45  0.46  0.46  0.45  0.50  0.45  0.57  0.45  0.73  0.47  0.48  0.73 ]
[ 0.55  0.71  0.45  0.61  0.50  0.45  0.47  0.47  0.65  0.45  0.83  0.74 ]
[ 0.62  0.47  0.45  0.45  0.84  0.65  0.46  0.45  0.77  0.45  0.52  0.56 ]
[ 0.47  0.85  0.93  0.60  0.64  0.92  0.85  0.79  0.90  0.77  0.99  0.81 ]
[ 0.91  0.99  0.84  0.95  0.95  0.90  0.85  0.99  0.74  0.94  0.94  0.86 ]
[ 0.99  0.99  0.99  0.92  0.99  0.99  0.95  0.96  0.98  0.99  0.99  0.56 ]

01/29 03:27:15 AM | === Batch 5/130
01/29 03:27:15 AM | loss = 0.910 + 1.011 + 0.111 = 2.031
01/29 03:27:15 AM | attribution_score[0:12]: 
[ 0.99  0.93  0.47  0.31  0.37  0.33  0.32  0.31  0.31  0.33  0.32  0.83 ]
[ 0.92  0.45  0.84  0.33  0.90  0.47  0.65  0.32  0.72  0.93  0.91  0.45 ]
[ 0.99  0.95  0.34  0.95  0.32  0.96  0.87  0.61  0.35  0.36  0.35  0.98 ]
[ 0.37  0.81  0.95  0.78  0.49  0.85  0.74  0.94  0.72  0.79  0.63  0.92 ]
[ 0.73  0.53  0.98  0.45  0.89  0.40  0.32  0.38  0.84  0.57  0.79  0.73 ]
[ 0.61  0.69  0.43  0.33  0.34  0.52  0.46  0.44  0.39  0.35  0.31  0.76 ]
[ 0.57  0.35  0.91  0.42  0.59  0.40  0.59  0.80  0.78  0.82  0.95  0.37 ]
[ 0.31  0.32  0.32  0.31  0.48  0.31  0.54  0.31  0.79  0.33  0.37  0.64 ]
[ 0.44  0.73  0.31  0.68  0.37  0.31  0.36  0.34  0.70  0.31  0.82  0.81 ]
[ 0.63  0.36  0.31  0.31  0.79  0.65  0.33  0.31  0.83  0.31  0.40  0.48 ]
[ 0.33  0.90  0.94  0.65  0.72  0.90  0.89  0.77  0.93  0.84  0.99  0.87 ]
[ 0.91  0.99  0.89  0.96  0.97  0.89  0.89  0.99  0.65  0.95  0.96  0.91 ]
[ 0.99  0.99  0.99  0.93  0.99  0.99  0.96  0.97  0.99  0.99  0.99  0.47 ]

01/29 03:27:15 AM | === Batch 6/130
01/29 03:27:16 AM | loss = 0.937 + 0.463 + 0.095 = 1.495
01/29 03:27:16 AM | attribution_score[0:12]: 
[ 0.99  0.94  0.38  0.20  0.26  0.22  0.21  0.20  0.20  0.21  0.21  0.85 ]
[ 0.93  0.34  0.84  0.22  0.88  0.35  0.71  0.21  0.73  0.94  0.91  0.45 ]
[ 0.99  0.95  0.23  0.96  0.20  0.96  0.85  0.64  0.24  0.25  0.24  0.99 ]
[ 0.30  0.75  0.94  0.81  0.50  0.88  0.72  0.95  0.64  0.76  0.56  0.92 ]
[ 0.72  0.51  0.99  0.44  0.90  0.39  0.23  0.28  0.87  0.63  0.76  0.65 ]
[ 0.67  0.74  0.31  0.23  0.23  0.40  0.44  0.39  0.31  0.31  0.20  0.67 ]
[ 0.65  0.26  0.90  0.39  0.63  0.39  0.55  0.80  0.80  0.85  0.95  0.25 ]
[ 0.20  0.21  0.21  0.20  0.43  0.20  0.50  0.20  0.78  0.21  0.28  0.55 ]
[ 0.41  0.72  0.20  0.69  0.30  0.20  0.25  0.23  0.74  0.25  0.76  0.82 ]
[ 0.60  0.26  0.20  0.20  0.78  0.68  0.23  0.20  0.88  0.20  0.30  0.40 ]
[ 0.24  0.93  0.94  0.63  0.75  0.89  0.92  0.80  0.95  0.86  0.99  0.90 ]
[ 0.93  0.99  0.91  0.97  0.97  0.87  0.92  1.00  0.52  0.95  0.97  0.93 ]
[ 0.99  0.99  1.00  0.95  1.00  1.00  0.97  0.97  0.99  0.99  0.99  0.46 ]

01/29 03:27:16 AM | === Batch 7/130
01/29 03:27:16 AM | loss = 1.051 + 0.027 + 0.081 = 1.159
01/29 03:27:16 AM | attribution_score[0:12]: 
[ 0.99  0.94  0.31  0.12  0.17  0.15  0.13  0.13  0.12  0.14  0.13  0.87 ]
[ 0.93  0.24  0.84  0.13  0.86  0.24  0.76  0.13  0.71  0.95  0.90  0.46 ]
[ 0.99  0.95  0.15  0.96  0.12  0.97  0.82  0.66  0.15  0.18  0.15  0.99 ]
[ 0.23  0.67  0.94  0.80  0.49  0.89  0.71  0.96  0.53  0.70  0.51  0.91 ]
[ 0.71  0.44  0.99  0.41  0.90  0.41  0.16  0.21  0.90  0.68  0.75  0.63 ]
[ 0.72  0.76  0.21  0.16  0.15  0.29  0.47  0.32  0.27  0.34  0.12  0.56 ]
[ 0.74  0.21  0.89  0.36  0.63  0.42  0.49  0.76  0.81  0.88  0.96  0.16 ]
[ 0.12  0.13  0.13  0.12  0.36  0.13  0.45  0.12  0.75  0.13  0.19  0.46 ]
[ 0.44  0.68  0.12  0.67  0.29  0.12  0.17  0.19  0.78  0.20  0.69  0.81 ]
[ 0.55  0.17  0.13  0.12  0.78  0.70  0.16  0.12  0.90  0.13  0.25  0.32 ]
[ 0.22  0.95  0.93  0.56  0.76  0.90  0.93  0.85  0.96  0.86  0.99  0.91 ]
[ 0.95  1.00  0.91  0.97  0.97  0.87  0.94  1.00  0.46  0.94  0.98  0.94 ]
[ 1.00  1.00  1.00  0.96  1.00  1.00  0.97  0.97  0.99  0.99  0.99  0.40 ]

01/29 03:27:16 AM | === Batch 8/130
01/29 03:27:16 AM | loss = 1.250 + 0.575 + 0.071 = 1.896
01/29 03:27:17 AM | attribution_score[0:12]: 
[ 0.99  0.95  0.34  0.08  0.15  0.13  0.10  0.09  0.08  0.15  0.10  0.91 ]
[ 0.95  0.19  0.86  0.10  0.87  0.22  0.81  0.09  0.71  0.96  0.91  0.51 ]
[ 0.99  0.95  0.12  0.97  0.09  0.97  0.84  0.72  0.11  0.16  0.12  0.99 ]
[ 0.22  0.65  0.95  0.82  0.46  0.90  0.73  0.97  0.52  0.72  0.57  0.91 ]
[ 0.74  0.35  0.99  0.38  0.91  0.48  0.14  0.19  0.92  0.68  0.80  0.68 ]
[ 0.74  0.78  0.18  0.12  0.12  0.25  0.54  0.32  0.29  0.42  0.09  0.56 ]
[ 0.81  0.21  0.89  0.36  0.64  0.41  0.48  0.71  0.82  0.90  0.97  0.12 ]
[ 0.08  0.09  0.10  0.09  0.35  0.10  0.49  0.08  0.73  0.11  0.16  0.45 ]
[ 0.51  0.71  0.09  0.68  0.32  0.10  0.14  0.20  0.82  0.17  0.71  0.81 ]
[ 0.58  0.14  0.09  0.09  0.82  0.72  0.12  0.09  0.93  0.10  0.24  0.34 ]
[ 0.23  0.96  0.94  0.54  0.77  0.92  0.93  0.89  0.96  0.86  1.00  0.93 ]
[ 0.97  1.00  0.92  0.98  0.98  0.89  0.95  1.00  0.49  0.95  0.99  0.96 ]
[ 1.00  1.00  1.00  0.97  1.00  1.00  0.98  0.97  1.00  0.99  0.99  0.38 ]

01/29 03:27:17 AM | === Batch 9/130
01/29 03:27:17 AM | loss = 0.983 + 0.586 + 0.065 = 1.635
01/29 03:27:17 AM | attribution_score[0:12]: 
[ 0.99  0.96  0.41  0.06  0.15  0.13  0.09  0.07  0.07  0.19  0.09  0.94 ]
[ 0.96  0.18  0.88  0.07  0.89  0.24  0.86  0.07  0.73  0.97  0.93  0.58 ]
[ 0.99  0.96  0.12  0.97  0.07  0.98  0.87  0.79  0.09  0.17  0.11  0.99 ]
[ 0.22  0.68  0.96  0.85  0.48  0.91  0.76  0.97  0.54  0.76  0.66  0.92 ]
[ 0.78  0.33  0.99  0.36  0.92  0.56  0.14  0.20  0.94  0.70  0.84  0.75 ]
[ 0.75  0.79  0.18  0.10  0.10  0.25  0.62  0.36  0.34  0.49  0.07  0.60 ]
[ 0.87  0.22  0.90  0.39  0.69  0.41  0.53  0.67  0.86  0.92  0.97  0.11 ]
[ 0.06  0.07  0.08  0.07  0.37  0.10  0.58  0.06  0.75  0.09  0.16  0.47 ]
[ 0.61  0.77  0.07  0.72  0.37  0.08  0.13  0.23  0.85  0.17  0.75  0.84 ]
[ 0.64  0.14  0.08  0.07  0.86  0.76  0.10  0.07  0.95  0.09  0.25  0.39 ]
[ 0.27  0.96  0.95  0.54  0.77  0.94  0.94  0.92  0.97  0.86  1.00  0.94 ]
[ 0.98  1.00  0.93  0.98  0.98  0.92  0.95  1.00  0.57  0.96  0.99  0.97 ]
[ 1.00  1.00  1.00  0.98  1.00  1.00  0.98  0.98  1.00  0.99  0.99  0.41 ]

01/29 03:27:17 AM | === Batch 10/130
01/29 03:27:17 AM | loss = 0.789 + 0.320 + 0.061 = 1.170
01/29 03:27:17 AM | attribution_score[0:12]: 
[ 0.99  0.96  0.50  0.05  0.17  0.14  0.08  0.06  0.05  0.25  0.09  0.96 ]
[ 0.97  0.18  0.91  0.06  0.90  0.28  0.89  0.06  0.77  0.98  0.94  0.65 ]
[ 0.99  0.96  0.13  0.98  0.06  0.98  0.91  0.84  0.09  0.19  0.12  1.00 ]
[ 0.23  0.73  0.97  0.88  0.54  0.92  0.80  0.98  0.59  0.81  0.74  0.93 ]
[ 0.83  0.35  0.99  0.42  0.93  0.66  0.14  0.24  0.96  0.75  0.88  0.81 ]
[ 0.79  0.82  0.21  0.09  0.10  0.28  0.71  0.41  0.42  0.57  0.06  0.67 ]
[ 0.90  0.26  0.92  0.45  0.74  0.46  0.60  0.65  0.89  0.92  0.98  0.10 ]
[ 0.05  0.06  0.06  0.06  0.42  0.09  0.67  0.05  0.77  0.09  0.17  0.51 ]
[ 0.70  0.83  0.06  0.77  0.44  0.08  0.13  0.29  0.87  0.17  0.81  0.87 ]
[ 0.72  0.15  0.07  0.06  0.90  0.80  0.10  0.07  0.96  0.10  0.28  0.48 ]
[ 0.32  0.97  0.96  0.58  0.80  0.96  0.95  0.95  0.98  0.87  1.00  0.95 ]
[ 0.99  1.00  0.94  0.98  0.98  0.95  0.96  1.00  0.65  0.97  0.99  0.97 ]
[ 1.00  1.00  1.00  0.99  1.00  1.00  0.99  0.98  1.00  0.99  0.99  0.45 ]

01/29 03:27:17 AM | === Batch 11/130
01/29 03:27:18 AM | loss = 0.857 + 0.071 + 0.057 = 0.985
01/29 03:27:18 AM | attribution_score[0:12]: 
[ 1.00  0.97  0.56  0.04  0.17  0.15  0.08  0.05  0.05  0.28  0.08  0.97 ]
[ 0.97  0.18  0.93  0.05  0.91  0.32  0.91  0.05  0.81  0.98  0.95  0.71 ]
[ 1.00  0.96  0.13  0.98  0.05  0.99  0.92  0.88  0.08  0.19  0.12  1.00 ]
[ 0.24  0.78  0.98  0.90  0.61  0.94  0.80  0.98  0.62  0.83  0.80  0.93 ]
[ 0.84  0.38  1.00  0.48  0.94  0.67  0.14  0.27  0.97  0.81  0.90  0.85 ]
[ 0.83  0.85  0.23  0.08  0.09  0.28  0.74  0.47  0.50  0.63  0.05  0.70 ]
[ 0.91  0.26  0.93  0.50  0.78  0.51  0.65  0.63  0.91  0.93  0.98  0.09 ]
[ 0.04  0.05  0.05  0.05  0.45  0.10  0.72  0.04  0.80  0.09  0.19  0.57 ]
[ 0.78  0.88  0.05  0.80  0.52  0.07  0.14  0.34  0.89  0.17  0.85  0.89 ]
[ 0.78  0.15  0.06  0.05  0.92  0.84  0.09  0.06  0.97  0.09  0.29  0.55 ]
[ 0.34  0.97  0.97  0.60  0.82  0.97  0.95  0.96  0.98  0.87  1.00  0.95 ]
[ 0.99  1.00  0.95  0.99  0.99  0.96  0.96  1.00  0.69  0.98  0.99  0.98 ]
[ 1.00  1.00  1.00  0.99  1.00  1.00  0.99  0.98  1.00  1.00  0.99  0.49 ]

01/29 03:27:18 AM | === Batch 12/130
01/29 03:27:18 AM | loss = 0.682 + 0.252 + 0.054 = 0.987
01/29 03:27:18 AM | attribution_score[0:12]: 
[ 1.00  0.97  0.59  0.03  0.17  0.17  0.07  0.05  0.04  0.28  0.07  0.98 ]
[ 0.98  0.17  0.95  0.04  0.91  0.37  0.93  0.04  0.84  0.99  0.95  0.74 ]
[ 1.00  0.97  0.12  0.98  0.04  0.99  0.94  0.90  0.07  0.19  0.12  1.00 ]
[ 0.24  0.82  0.98  0.90  0.69  0.94  0.82  0.98  0.61  0.84  0.84  0.94 ]
[ 0.85  0.43  1.00  0.52  0.94  0.68  0.14  0.27  0.98  0.84  0.91  0.88 ]
[ 0.86  0.86  0.26  0.08  0.08  0.27  0.75  0.52  0.58  0.66  0.05  0.74 ]
[ 0.92  0.28  0.92  0.56  0.81  0.55  0.67  0.59  0.92  0.93  0.99  0.08 ]
[ 0.03  0.05  0.05  0.04  0.45  0.10  0.75  0.03  0.83  0.09  0.22  0.62 ]
[ 0.82  0.91  0.04  0.83  0.57  0.06  0.14  0.39  0.90  0.16  0.89  0.91 ]
[ 0.82  0.13  0.05  0.04  0.94  0.86  0.09  0.05  0.98  0.08  0.29  0.58 ]
[ 0.33  0.98  0.98  0.62  0.84  0.98  0.96  0.97  0.99  0.88  1.00  0.96 ]
[ 0.99  1.00  0.96  0.99  0.99  0.97  0.97  1.00  0.71  0.98  0.99  0.98 ]
[ 1.00  1.00  1.00  0.99  1.00  1.00  0.99  0.98  1.00  1.00  0.99  0.51 ]

01/29 03:27:18 AM | === Batch 13/130
01/29 03:27:18 AM | loss = 0.756 + 0.369 + 0.051 = 1.176
01/29 03:27:19 AM | attribution_score[0:12]: 
[ 1.00  0.98  0.60  0.03  0.16  0.18  0.07  0.04  0.03  0.28  0.06  0.98 ]
[ 0.98  0.16  0.96  0.04  0.91  0.41  0.94  0.03  0.87  0.99  0.96  0.76 ]
[ 1.00  0.97  0.11  0.98  0.04  0.99  0.94  0.91  0.07  0.17  0.12  1.00 ]
[ 0.25  0.84  0.98  0.90  0.77  0.95  0.84  0.98  0.62  0.85  0.88  0.94 ]
[ 0.86  0.48  1.00  0.54  0.93  0.69  0.13  0.27  0.98  0.86  0.92  0.90 ]
[ 0.88  0.88  0.28  0.07  0.07  0.29  0.76  0.54  0.65  0.66  0.04  0.78 ]
[ 0.92  0.28  0.92  0.64  0.84  0.56  0.68  0.57  0.93  0.93  0.99  0.07 ]
[ 0.03  0.04  0.04  0.03  0.43  0.10  0.78  0.03  0.86  0.08  0.24  0.66 ]
[ 0.86  0.94  0.04  0.85  0.61  0.06  0.14  0.40  0.90  0.15  0.91  0.92 ]
[ 0.85  0.11  0.05  0.03  0.95  0.87  0.08  0.04  0.98  0.07  0.29  0.61 ]
[ 0.31  0.98  0.98  0.65  0.85  0.98  0.97  0.98  0.99  0.88  1.00  0.96 ]
[ 0.99  1.00  0.96  0.99  0.99  0.98  0.97  1.00  0.71  0.98  1.00  0.99 ]
[ 1.00  1.00  1.00  0.99  1.00  1.00  0.99  0.99  1.00  1.00  1.00  0.51 ]

01/29 03:27:19 AM | === Batch 14/130
01/29 03:27:19 AM | loss = 0.516 + 0.443 + 0.048 = 1.008
01/29 03:27:19 AM | attribution_score[0:12]: 
[ 1.00  0.98  0.59  0.02  0.15  0.20  0.06  0.04  0.03  0.29  0.06  0.98 ]
[ 0.99  0.16  0.96  0.03  0.91  0.45  0.95  0.03  0.89  0.99  0.97  0.78 ]
[ 1.00  0.97  0.10  0.99  0.03  0.99  0.95  0.92  0.06  0.15  0.11  1.00 ]
[ 0.26  0.86  0.98  0.90  0.83  0.95  0.85  0.98  0.63  0.85  0.90  0.95 ]
[ 0.85  0.56  1.00  0.54  0.92  0.69  0.13  0.25  0.98  0.86  0.93  0.92 ]
[ 0.90  0.89  0.31  0.06  0.06  0.29  0.76  0.52  0.71  0.66  0.04  0.81 ]
[ 0.92  0.30  0.90  0.69  0.87  0.53  0.68  0.55  0.94  0.94  0.99  0.06 ]
[ 0.02  0.04  0.03  0.03  0.39  0.09  0.79  0.02  0.89  0.08  0.24  0.69 ]
[ 0.87  0.95  0.03  0.87  0.64  0.05  0.13  0.42  0.90  0.13  0.93  0.93 ]
[ 0.87  0.09  0.04  0.03  0.95  0.86  0.07  0.04  0.99  0.06  0.28  0.61 ]
[ 0.29  0.98  0.98  0.69  0.87  0.99  0.97  0.98  0.99  0.89  1.00  0.97 ]
[ 1.00  1.00  0.96  0.99  0.99  0.98  0.97  1.00  0.71  0.99  1.00  0.99 ]
[ 1.00  1.00  1.00  0.99  1.00  1.00  0.99  0.99  1.00  1.00  1.00  0.47 ]

01/29 03:27:19 AM | === Batch 15/130
01/29 03:27:19 AM | loss = 0.353 + 0.477 + 0.046 = 0.876
01/29 03:27:19 AM | attribution_score[0:12]: 
[ 1.00  0.98  0.58  0.02  0.14  0.21  0.05  0.03  0.02  0.31  0.05  0.99 ]
[ 0.99  0.15  0.97  0.03  0.91  0.49  0.95  0.02  0.90  0.99  0.97  0.79 ]
[ 1.00  0.97  0.09  0.99  0.03  0.99  0.95  0.93  0.06  0.14  0.10  1.00 ]
[ 0.26  0.87  0.99  0.90  0.87  0.95  0.86  0.99  0.63  0.86  0.92  0.95 ]
[ 0.85  0.59  1.00  0.55  0.90  0.68  0.13  0.22  0.99  0.87  0.93  0.93 ]
[ 0.91  0.90  0.31  0.05  0.05  0.27  0.77  0.48  0.75  0.65  0.03  0.83 ]
[ 0.92  0.32  0.88  0.71  0.89  0.49  0.68  0.52  0.95  0.93  0.99  0.05 ]
[ 0.02  0.04  0.03  0.02  0.35  0.08  0.80  0.02  0.91  0.07  0.23  0.72 ]
[ 0.88  0.97  0.03  0.89  0.67  0.04  0.12  0.41  0.90  0.11  0.94  0.93 ]
[ 0.89  0.07  0.03  0.03  0.96  0.86  0.06  0.03  0.99  0.05  0.26  0.61 ]
[ 0.25  0.98  0.99  0.73  0.88  0.99  0.97  0.99  0.99  0.90  1.00  0.97 ]
[ 1.00  1.00  0.96  0.99  0.99  0.98  0.98  1.00  0.70  0.99  1.00  0.99 ]
[ 1.00  1.00  1.00  1.00  1.00  1.00  0.99  0.99  1.00  1.00  1.00  0.41 ]

01/29 03:27:19 AM | === Batch 16/130
01/29 03:27:20 AM | loss = 0.506 + 0.474 + 0.044 = 1.024
01/29 03:27:20 AM | attribution_score[0:12]: 
[ 1.00  0.98  0.56  0.02  0.13  0.21  0.05  0.03  0.02  0.32  0.04  0.99 ]
[ 0.99  0.15  0.97  0.02  0.91  0.51  0.96  0.02  0.92  0.99  0.98  0.79 ]
[ 1.00  0.97  0.08  0.99  0.02  0.99  0.96  0.94  0.05  0.12  0.08  1.00 ]
[ 0.24  0.87  0.99  0.91  0.89  0.95  0.86  0.99  0.63  0.85  0.93  0.95 ]
[ 0.84  0.60  1.00  0.54  0.87  0.67  0.12  0.19  0.99  0.87  0.94  0.94 ]
[ 0.92  0.90  0.32  0.05  0.04  0.26  0.78  0.41  0.79  0.63  0.03  0.84 ]
[ 0.92  0.35  0.84  0.73  0.90  0.46  0.65  0.47  0.95  0.93  0.99  0.05 ]
[ 0.02  0.04  0.02  0.02  0.31  0.08  0.80  0.01  0.93  0.06  0.22  0.76 ]
[ 0.89  0.97  0.03  0.90  0.69  0.04  0.10  0.40  0.89  0.09  0.96  0.94 ]
[ 0.90  0.06  0.03  0.02  0.96  0.84  0.05  0.03  0.99  0.05  0.24  0.60 ]
[ 0.22  0.99  0.99  0.75  0.89  0.99  0.98  0.99  0.99  0.90  1.00  0.97 ]
[ 1.00  1.00  0.97  0.99  0.99  0.98  0.98  1.00  0.68  0.99  1.00  0.99 ]
[ 1.00  1.00  1.00  1.00  1.00  1.00  0.99  0.99  1.00  1.00  1.00  0.35 ]

01/29 03:27:20 AM | === Batch 17/130
01/29 03:27:20 AM | loss = 0.509 + 0.446 + 0.042 = 0.997
01/29 03:27:20 AM | attribution_score[0:12]: 
[ 1.00  0.98  0.55  0.01  0.11  0.21  0.04  0.02  0.02  0.33  0.04  0.99 ]
[ 0.99  0.14  0.97  0.02  0.91  0.49  0.96  0.02  0.93  0.99  0.98  0.78 ]
[ 1.00  0.98  0.07  0.99  0.02  0.99  0.96  0.94  0.04  0.10  0.07  1.00 ]
[ 0.23  0.87  0.99  0.90  0.91  0.95  0.85  0.99  0.61  0.85  0.94  0.95 ]
[ 0.83  0.61  1.00  0.56  0.85  0.65  0.11  0.16  0.99  0.87  0.94  0.95 ]
[ 0.92  0.89  0.31  0.04  0.04  0.25  0.77  0.35  0.82  0.62  0.02  0.85 ]
[ 0.91  0.37  0.81  0.74  0.91  0.42  0.60  0.41  0.95  0.93  0.99  0.04 ]
[ 0.01  0.04  0.02  0.01  0.26  0.07  0.81  0.01  0.94  0.06  0.23  0.77 ]
[ 0.89  0.98  0.02  0.91  0.71  0.03  0.09  0.41  0.88  0.08  0.96  0.94 ]
[ 0.91  0.05  0.03  0.02  0.96  0.82  0.04  0.02  0.99  0.04  0.23  0.58 ]
[ 0.19  0.99  0.99  0.76  0.90  0.99  0.98  0.99  0.99  0.90  1.00  0.97 ]
[ 1.00  1.00  0.97  1.00  0.99  0.99  0.98  1.00  0.66  0.99  1.00  0.99 ]
[ 1.00  1.00  1.00  1.00  1.00  1.00  0.99  0.99  1.00  1.00  1.00  0.28 ]

01/29 03:27:20 AM | === Batch 18/130
01/29 03:27:20 AM | loss = 0.549 + 0.400 + 0.040 = 0.990
01/29 03:27:21 AM | attribution_score[0:12]: 
[ 1.00  0.98  0.51  0.01  0.10  0.22  0.04  0.02  0.01  0.29  0.03  0.99 ]
[ 0.99  0.14  0.98  0.02  0.90  0.50  0.96  0.01  0.94  0.99  0.98  0.75 ]
[ 1.00  0.98  0.06  0.99  0.02  0.99  0.96  0.94  0.04  0.08  0.06  1.00 ]
[ 0.22  0.87  0.99  0.89  0.92  0.96  0.83  0.99  0.58  0.83  0.95  0.95 ]
[ 0.81  0.62  1.00  0.61  0.85  0.59  0.11  0.14  0.99  0.87  0.94  0.95 ]
[ 0.93  0.89  0.28  0.04  0.03  0.24  0.75  0.30  0.82  0.64  0.02  0.85 ]
[ 0.91  0.36  0.75  0.75  0.92  0.40  0.53  0.37  0.95  0.93  0.99  0.04 ]
[ 0.01  0.03  0.02  0.01  0.21  0.07  0.81  0.01  0.95  0.05  0.22  0.76 ]
[ 0.90  0.98  0.02  0.91  0.72  0.03  0.07  0.41  0.88  0.07  0.97  0.94 ]
[ 0.91  0.04  0.02  0.02  0.97  0.81  0.03  0.02  0.99  0.03  0.21  0.55 ]
[ 0.16  0.99  0.99  0.76  0.90  0.99  0.98  0.99  0.99  0.90  1.00  0.98 ]
[ 1.00  1.00  0.97  1.00  1.00  0.99  0.98  1.00  0.64  0.99  1.00  0.99 ]
[ 1.00  1.00  1.00  1.00  1.00  1.00  0.99  0.99  1.00  1.00  1.00  0.22 ]

01/29 03:27:21 AM | === Batch 19/130
01/29 03:27:21 AM | loss = 0.485 + 0.346 + 0.039 = 0.869
01/29 03:27:21 AM | attribution_score[0:12]: 
[ 1.00  0.99  0.46  0.01  0.09  0.22  0.03  0.02  0.01  0.25  0.03  0.99 ]
[ 0.99  0.13  0.98  0.01  0.90  0.50  0.96  0.01  0.95  0.99  0.98  0.72 ]
[ 1.00  0.98  0.05  0.99  0.01  0.99  0.96  0.94  0.03  0.07  0.06  1.00 ]
[ 0.20  0.86  0.99  0.88  0.93  0.96  0.79  0.99  0.53  0.80  0.96  0.95 ]
[ 0.80  0.64  1.00  0.66  0.84  0.53  0.11  0.12  0.99  0.87  0.94  0.96 ]
[ 0.93  0.89  0.26  0.04  0.03  0.23  0.72  0.26  0.82  0.65  0.02  0.85 ]
[ 0.90  0.34  0.68  0.73  0.92  0.40  0.46  0.34  0.95  0.93  0.99  0.03 ]
[ 0.01  0.03  0.01  0.01  0.17  0.07  0.81  0.01  0.95  0.04  0.21  0.74 ]
[ 0.90  0.99  0.02  0.92  0.73  0.02  0.06  0.40  0.87  0.06  0.97  0.94 ]
[ 0.92  0.03  0.02  0.01  0.97  0.79  0.03  0.02  0.99  0.03  0.19  0.52 ]
[ 0.14  0.99  0.99  0.75  0.90  0.99  0.98  0.99  1.00  0.89  1.00  0.98 ]
[ 1.00  1.00  0.97  1.00  1.00  0.99  0.98  1.00  0.61  0.99  1.00  0.99 ]
[ 1.00  1.00  1.00  1.00  1.00  1.00  0.99  0.99  1.00  1.00  1.00  0.17 ]

01/29 03:27:21 AM | === Batch 20/130
01/29 03:27:21 AM | loss = 0.539 + 0.282 + 0.037 = 0.859
01/29 03:27:22 AM | === Batch 21/130
01/29 03:27:22 AM | loss = 0.610 + 0.216 + 0.036 = 0.862
01/29 03:27:22 AM | === Batch 22/130
01/29 03:27:22 AM | loss = 0.530 + 0.150 + 0.034 = 0.715
01/29 03:27:22 AM | === Batch 23/130
01/29 03:27:23 AM | loss = 0.690 + 0.084 + 0.033 = 0.807
01/29 03:27:23 AM | === Batch 24/130
01/29 03:27:23 AM | loss = 0.755 + 0.025 + 0.032 = 0.811
01/29 03:27:23 AM | === Batch 25/130
01/29 03:27:23 AM | loss = 0.550 + 0.068 + 0.031 = 0.649
01/29 03:27:24 AM | === Batch 26/130
01/29 03:27:24 AM | loss = 0.555 + 0.071 + 0.030 = 0.655
01/29 03:27:24 AM | === Batch 27/130
01/29 03:27:24 AM | loss = 0.554 + 0.005 + 0.029 = 0.588
01/29 03:27:25 AM | === Batch 28/130
01/29 03:27:25 AM | loss = 0.542 + 0.032 + 0.028 = 0.602
01/29 03:27:25 AM | === Batch 29/130
01/29 03:27:25 AM | loss = 0.558 + 0.045 + 0.027 = 0.630
01/29 03:27:25 AM | === Batch 30/130
01/29 03:27:25 AM | loss = 0.531 + 0.043 + 0.026 = 0.600
01/29 03:27:26 AM | === Batch 31/130
01/29 03:27:26 AM | loss = 0.569 + 0.032 + 0.026 = 0.627
01/29 03:27:26 AM | === Batch 32/130
01/29 03:27:26 AM | loss = 0.467 + 0.009 + 0.025 = 0.502
01/29 03:27:27 AM | === Batch 33/130
01/29 03:27:27 AM | loss = 0.665 + 0.036 + 0.025 = 0.726
01/29 03:27:27 AM | === Batch 34/130
01/29 03:27:27 AM | loss = 0.504 + 0.026 + 0.024 = 0.555
01/29 03:27:27 AM | === Batch 35/130
01/29 03:27:28 AM | loss = 0.516 + 0.021 + 0.024 = 0.562
01/29 03:27:28 AM | === Batch 36/130
01/29 03:27:28 AM | loss = 0.644 + 0.045 + 0.024 = 0.713
01/29 03:27:28 AM | === Batch 37/130
01/29 03:27:28 AM | loss = 0.464 + 0.059 + 0.023 = 0.546
01/29 03:27:29 AM | === Batch 38/130
01/29 03:27:29 AM | loss = 0.320 + 0.062 + 0.023 = 0.404
01/29 03:27:29 AM | === Batch 39/130
01/29 03:27:29 AM | loss = 0.479 + 0.053 + 0.022 = 0.555
01/29 03:27:29 AM | === Batch 40/130
01/29 03:27:30 AM | loss = 0.519 + 0.033 + 0.022 = 0.575
01/29 03:27:30 AM | === Batch 41/130
01/29 03:27:30 AM | loss = 0.469 + 0.007 + 0.022 = 0.497
01/29 03:27:30 AM | === Batch 42/130
01/29 03:27:30 AM | loss = 0.408 + 0.052 + 0.022 = 0.482
01/29 03:27:31 AM | === Batch 43/130
01/29 03:27:31 AM | loss = 0.646 + 0.049 + 0.022 = 0.717
01/29 03:27:31 AM | === Batch 44/130
01/29 03:27:31 AM | loss = 0.448 + 0.002 + 0.021 = 0.472
01/29 03:27:31 AM | === Batch 45/130
01/29 03:27:31 AM | loss = 0.476 + 0.018 + 0.021 = 0.515
01/29 03:27:32 AM | === Batch 46/130
01/29 03:27:32 AM | loss = 0.402 + 0.026 + 0.021 = 0.448
01/29 03:27:32 AM | === Batch 47/130
01/29 03:27:32 AM | loss = 0.487 + 0.023 + 0.021 = 0.531
01/29 03:27:32 AM | === Batch 48/130
01/29 03:27:33 AM | loss = 0.663 + 0.012 + 0.020 = 0.695
01/29 03:27:33 AM | === Batch 49/130
01/29 03:27:33 AM | loss = 0.554 + 0.009 + 0.020 = 0.583
01/29 03:27:33 AM | === Batch 50/130
01/29 03:27:33 AM | loss = 0.532 + 0.011 + 0.020 = 0.563
01/29 03:27:34 AM | === Batch 51/130
01/29 03:27:34 AM | loss = 0.355 + 0.018 + 0.020 = 0.392
01/29 03:27:34 AM | === Batch 52/130
01/29 03:27:34 AM | loss = 0.320 + 0.017 + 0.019 = 0.356
01/29 03:27:34 AM | === Batch 53/130
01/29 03:27:34 AM | loss = 0.401 + 0.009 + 0.019 = 0.428
01/29 03:27:35 AM | === Batch 54/130
01/29 03:27:35 AM | loss = 0.360 + 0.009 + 0.019 = 0.388
01/29 03:27:35 AM | === Batch 55/130
01/29 03:27:35 AM | loss = 0.309 + 0.010 + 0.019 = 0.337
01/29 03:27:35 AM | === Batch 56/130
01/29 03:27:36 AM | loss = 0.441 + 0.016 + 0.018 = 0.476
01/29 03:27:36 AM | === Batch 57/130
01/29 03:27:36 AM | loss = 0.513 + 0.014 + 0.018 = 0.546
01/29 03:27:36 AM | === Batch 58/130
01/29 03:27:36 AM | loss = 0.553 + 0.007 + 0.018 = 0.578
01/29 03:27:37 AM | === Batch 59/130
01/29 03:27:37 AM | loss = 0.474 + 0.013 + 0.018 = 0.504
01/29 03:27:37 AM | === Batch 60/130
01/29 03:27:37 AM | loss = 0.658 + 0.005 + 0.018 = 0.680
01/29 03:27:37 AM | === Batch 61/130
01/29 03:27:37 AM | loss = 0.606 + 0.010 + 0.017 = 0.634
01/29 03:27:38 AM | === Batch 62/130
01/29 03:27:38 AM | loss = 0.417 + 0.010 + 0.017 = 0.444
01/29 03:27:38 AM | === Batch 63/130
01/29 03:27:38 AM | loss = 0.483 + 0.002 + 0.017 = 0.502
01/29 03:27:38 AM | === Batch 64/130
01/29 03:27:39 AM | loss = 0.449 + 0.023 + 0.017 = 0.488
01/29 03:27:39 AM | === Batch 65/130
01/29 03:27:39 AM | loss = 0.293 + 0.001 + 0.017 = 0.310
01/29 03:27:39 AM | === Batch 66/130
01/29 03:27:39 AM | loss = 0.347 + 0.005 + 0.017 = 0.369
01/29 03:27:40 AM | === Batch 67/130
01/29 03:27:40 AM | loss = 0.485 + 0.000 + 0.016 = 0.502
01/29 03:27:40 AM | === Batch 68/130
01/29 03:27:40 AM | loss = 0.621 + 0.016 + 0.016 = 0.653
01/29 03:27:40 AM | === Batch 69/130
01/29 03:27:40 AM | loss = 0.509 + 0.009 + 0.016 = 0.534
01/29 03:27:41 AM | === Batch 70/130
01/29 03:27:41 AM | loss = 0.333 + 0.019 + 0.016 = 0.368
01/29 03:27:41 AM | === Batch 71/130
01/29 03:27:41 AM | loss = 0.468 + 0.020 + 0.016 = 0.504
01/29 03:27:41 AM | === Batch 72/130
01/29 03:27:42 AM | loss = 0.469 + 0.014 + 0.015 = 0.498
01/29 03:27:42 AM | === Batch 73/130
01/29 03:27:42 AM | loss = 0.595 + 0.003 + 0.015 = 0.613
01/29 03:27:42 AM | === Batch 74/130
01/29 03:27:42 AM | loss = 0.341 + 0.023 + 0.015 = 0.379
01/29 03:27:43 AM | === Batch 75/130
01/29 03:27:43 AM | loss = 0.511 + 0.007 + 0.015 = 0.532
01/29 03:27:43 AM | === Batch 76/130
01/29 03:27:43 AM | loss = 0.439 + 0.027 + 0.015 = 0.480
01/29 03:27:43 AM | === Batch 77/130
01/29 03:27:43 AM | loss = 0.291 + 0.047 + 0.014 = 0.353
01/29 03:27:44 AM | === Batch 78/130
01/29 03:27:44 AM | loss = 0.370 + 0.060 + 0.014 = 0.445
01/29 03:27:44 AM | === Batch 79/130
01/29 03:27:44 AM | loss = 0.388 + 0.065 + 0.014 = 0.467
01/29 03:27:44 AM | === Batch 80/130
01/29 03:27:45 AM | loss = 0.457 + 0.063 + 0.014 = 0.534
01/29 03:27:45 AM | === Batch 81/130
01/29 03:27:45 AM | loss = 0.292 + 0.053 + 0.014 = 0.359
01/29 03:27:45 AM | === Batch 82/130
01/29 03:27:45 AM | loss = 0.469 + 0.035 + 0.014 = 0.519
01/29 03:27:46 AM | === Batch 83/130
01/29 03:27:46 AM | loss = 0.499 + 0.015 + 0.014 = 0.529
01/29 03:27:46 AM | === Batch 84/130
01/29 03:27:46 AM | loss = 0.430 + 0.019 + 0.014 = 0.464
01/29 03:27:46 AM | === Batch 85/130
01/29 03:27:47 AM | loss = 0.434 + 0.016 + 0.014 = 0.463
01/29 03:27:47 AM | === Batch 86/130
01/29 03:27:47 AM | loss = 0.612 + 0.018 + 0.014 = 0.644
01/29 03:27:47 AM | === Batch 87/130
01/29 03:27:47 AM | loss = 0.490 + 0.036 + 0.013 = 0.539
01/29 03:27:47 AM | === Batch 88/130
01/29 03:27:48 AM | loss = 0.426 + 0.045 + 0.013 = 0.484
01/29 03:27:48 AM | === Batch 89/130
01/29 03:27:48 AM | loss = 0.426 + 0.047 + 0.013 = 0.486
01/29 03:27:48 AM | === Batch 90/130
01/29 03:27:48 AM | loss = 0.475 + 0.043 + 0.013 = 0.531
01/29 03:27:49 AM | === Batch 91/130
01/29 03:27:49 AM | loss = 0.538 + 0.033 + 0.013 = 0.584
01/29 03:27:49 AM | === Batch 92/130
01/29 03:27:49 AM | loss = 0.276 + 0.017 + 0.013 = 0.306
01/29 03:27:49 AM | === Batch 93/130
01/29 03:27:50 AM | loss = 0.484 + 0.010 + 0.013 = 0.507
01/29 03:27:50 AM | === Batch 94/130
01/29 03:27:50 AM | loss = 0.449 + 0.007 + 0.013 = 0.469
01/29 03:27:50 AM | === Batch 95/130
01/29 03:27:50 AM | loss = 0.480 + 0.017 + 0.013 = 0.509
01/29 03:27:51 AM | === Batch 96/130
01/29 03:27:51 AM | loss = 0.337 + 0.029 + 0.012 = 0.378
01/29 03:27:51 AM | === Batch 97/130
01/29 03:27:51 AM | loss = 0.400 + 0.033 + 0.012 = 0.445
01/29 03:27:51 AM | === Batch 98/130
01/29 03:27:51 AM | loss = 0.451 + 0.030 + 0.012 = 0.493
01/29 03:27:52 AM | === Batch 99/130
01/29 03:27:52 AM | loss = 0.543 + 0.021 + 0.012 = 0.576
01/29 03:27:52 AM | === Batch 100/130
01/29 03:27:52 AM | loss = 0.454 + 0.010 + 0.012 = 0.476
01/29 03:27:52 AM | attribution_score[0:12]: 
[ 1.00  0.99  0.05  0.00  0.00  0.91  0.00  0.00  0.00  0.97  0.00  1.00 ]
[ 1.00  0.01  0.99  0.00  0.97  0.95  0.99  0.00  0.99  1.00  0.99  0.21 ]
[ 1.00  0.85  0.00  0.99  0.00  1.00  0.74  0.89  0.00  0.00  0.00  1.00 ]
[ 0.04  0.06  1.00  0.99  0.20  0.99  0.97  0.99  0.07  0.20  0.99  0.84 ]
[ 0.94  0.97  1.00  0.99  0.98  0.98  0.01  0.03  1.00  0.99  0.97  0.99 ]
[ 0.99  0.99  0.01  0.00  0.01  0.09  0.85  0.02  0.89  0.06  0.00  0.99 ]
[ 0.94  0.06  0.02  0.97  1.00  0.07  0.02  0.03  1.00  0.96  1.00  0.03 ]
[ 0.00  0.01  0.00  0.00  0.01  0.99  1.00  0.00  0.99  0.01  0.02  0.16 ]
[ 0.98  1.00  0.00  0.98  0.94  0.00  0.00  0.03  0.98  0.01  1.00  0.99 ]
[ 0.95  0.00  0.00  0.00  1.00  0.93  0.00  0.00  1.00  0.00  0.05  0.12 ]
[ 0.01  1.00  1.00  0.01  0.91  1.00  0.99  1.00  1.00  0.96  1.00  0.99 ]
[ 1.00  1.00  0.99  1.00  1.00  1.00  1.00  1.00  0.02  1.00  1.00  1.00 ]
[ 1.00  1.00  1.00  1.00  1.00  1.00  1.00  1.00  1.00  1.00  1.00  0.00 ]

01/29 03:27:52 AM | === Batch 101/130
01/29 03:27:53 AM | loss = 0.418 + 0.013 + 0.012 = 0.442
01/29 03:27:53 AM | === Batch 102/130
01/29 03:27:53 AM | loss = 0.448 + 0.006 + 0.012 = 0.467
01/29 03:27:53 AM | === Batch 103/130
01/29 03:27:53 AM | loss = 0.595 + 0.020 + 0.012 = 0.627
01/29 03:27:54 AM | === Batch 104/130
01/29 03:27:54 AM | loss = 0.481 + 0.036 + 0.012 = 0.529
01/29 03:27:54 AM | === Batch 105/130
01/29 03:27:54 AM | loss = 0.326 + 0.045 + 0.012 = 0.383
01/29 03:27:54 AM | === Batch 106/130
01/29 03:27:55 AM | loss = 0.427 + 0.048 + 0.012 = 0.486
01/29 03:27:55 AM | === Batch 107/130
01/29 03:27:55 AM | loss = 0.535 + 0.045 + 0.012 = 0.591
01/29 03:27:55 AM | === Batch 108/130
01/29 03:27:55 AM | loss = 0.420 + 0.036 + 0.012 = 0.468
01/29 03:27:56 AM | === Batch 109/130
01/29 03:27:56 AM | loss = 0.289 + 0.021 + 0.012 = 0.322
01/29 03:27:56 AM | === Batch 110/130
01/29 03:27:56 AM | loss = 0.439 + 0.003 + 0.012 = 0.454
01/29 03:27:56 AM | === Batch 111/130
01/29 03:27:56 AM | loss = 0.514 + 0.033 + 0.012 = 0.559
01/29 03:27:57 AM | === Batch 112/130
01/29 03:27:57 AM | loss = 0.473 + 0.032 + 0.011 = 0.516
01/29 03:27:57 AM | === Batch 113/130
01/29 03:27:57 AM | loss = 0.526 + 0.000 + 0.011 = 0.537
01/29 03:27:57 AM | === Batch 114/130
01/29 03:27:58 AM | loss = 0.387 + 0.013 + 0.011 = 0.411
01/29 03:27:58 AM | === Batch 115/130
01/29 03:27:58 AM | loss = 0.405 + 0.020 + 0.011 = 0.436
01/29 03:27:58 AM | === Batch 116/130
01/29 03:27:58 AM | loss = 0.387 + 0.021 + 0.011 = 0.418
01/29 03:27:59 AM | === Batch 117/130
01/29 03:27:59 AM | loss = 0.373 + 0.018 + 0.011 = 0.401
01/29 03:27:59 AM | === Batch 118/130
01/29 03:27:59 AM | loss = 0.301 + 0.010 + 0.011 = 0.321
01/29 03:27:59 AM | === Batch 119/130
01/29 03:28:00 AM | loss = 0.535 + 0.005 + 0.011 = 0.552
01/29 03:28:00 AM | === Batch 120/130
01/29 03:28:00 AM | loss = 0.355 + 0.002 + 0.011 = 0.368
01/29 03:28:00 AM | === Batch 121/130
01/29 03:28:00 AM | loss = 0.332 + 0.001 + 0.011 = 0.344
01/29 03:28:01 AM | === Batch 122/130
01/29 03:28:01 AM | loss = 0.423 + 0.010 + 0.011 = 0.444
01/29 03:28:01 AM | === Batch 123/130
01/29 03:28:01 AM | loss = 0.386 + 0.004 + 0.010 = 0.401
01/29 03:28:01 AM | === Batch 124/130
01/29 03:28:01 AM | loss = 0.426 + 0.007 + 0.010 = 0.443
01/29 03:28:02 AM | === Batch 125/130
01/29 03:28:02 AM | loss = 0.325 + 0.004 + 0.010 = 0.339
01/29 03:28:02 AM | === Batch 126/130
01/29 03:28:02 AM | loss = 0.370 + 0.003 + 0.010 = 0.384
01/29 03:28:02 AM | === Batch 127/130
01/29 03:28:03 AM | loss = 0.419 + 0.009 + 0.010 = 0.438
01/29 03:28:03 AM | === Batch 128/130
01/29 03:28:03 AM | loss = 0.347 + 0.013 + 0.010 = 0.370
01/29 03:28:03 AM | === Batch 129/130
01/29 03:28:03 AM | loss = 0.518 + 0.012 + 0.010 = 0.540
01/29 03:28:04 AM | === Batch 130/130
01/29 03:28:04 AM | loss = 0.350 + 0.006 + 0.010 = 0.367
01/29 03:28:04 AM | ===
Best loss was 0.31 at iteration 92

01/29 03:28:04 AM | Looking for optimal threshold...
01/29 03:28:04 AM | Testing threshold 0.5
01/29 03:28:04 AM | Distance to target: 1,922,664
01/29 03:28:04 AM | Testing threshold 0.75
01/29 03:28:04 AM | Distance to target: 4,784,272
01/29 03:28:04 AM | Testing threshold 0.625
01/29 03:28:04 AM | Distance to target: 1,321,048
01/29 03:28:04 AM | Testing threshold 0.5625
01/29 03:28:04 AM | Distance to target: 61,304
01/29 03:28:04 AM | Testing threshold 0.53125
01/29 03:28:04 AM | Distance to target: 1,374,760
01/29 03:28:04 AM | Testing threshold 0.546875
01/29 03:28:04 AM | Distance to target: 1,108,392
01/29 03:28:04 AM | Testing threshold 0.5546875
01/29 03:28:04 AM | Distance to target: 975,208
01/29 03:28:04 AM | Testing threshold 0.55859375
01/29 03:28:04 AM | Distance to target: 607,880
01/29 03:28:04 AM | Testing threshold 0.560546875
01/29 03:28:04 AM | Distance to target: 607,880
01/29 03:28:04 AM | Testing threshold 0.5615234375
01/29 03:28:04 AM | Distance to target: 273,288
01/29 03:28:04 AM | Testing threshold 0.56201171875
01/29 03:28:04 AM | Distance to target: 273,288
01/29 03:28:04 AM | Testing threshold 0.562255859375
01/29 03:28:04 AM | Distance to target: 61,304
01/29 03:28:04 AM | Testing threshold 0.5621337890625
01/29 03:28:04 AM | Distance to target: 61,304
01/29 03:28:04 AM | Testing threshold 0.56207275390625
01/29 03:28:04 AM | Distance to target: 273,288
01/29 03:28:04 AM | Testing threshold 0.562103271484375
01/29 03:28:04 AM | Distance to target: 273,288
01/29 03:28:04 AM | Testing threshold 0.5621185302734375
01/29 03:28:04 AM | Distance to target: 61,304
01/29 03:28:04 AM | Testing threshold 0.5621109008789062
01/29 03:28:04 AM | Distance to target: 273,288
01/29 03:28:04 AM | Testing threshold 0.5621147155761719
01/29 03:28:04 AM | Distance to target: 273,288
01/29 03:28:04 AM | Testing threshold 0.5621166229248047
01/29 03:28:04 AM | Distance to target: 273,288
01/29 03:28:04 AM | Testing threshold 0.5621175765991211
01/29 03:28:04 AM | Distance to target: 273,288
01/29 03:28:04 AM | Testing threshold 0.5621180534362793
01/29 03:28:04 AM | Distance to target: 273,288
01/29 03:28:04 AM | Testing threshold 0.5621182918548584
01/29 03:28:04 AM | Distance to target: 61,304
01/29 03:28:04 AM | Testing threshold 0.5621181726455688
01/29 03:28:04 AM | Distance to target: 273,288
01/29 03:28:04 AM | Testing threshold 0.5621182322502136
01/29 03:28:04 AM | Distance to target: 273,288
01/29 03:28:04 AM | Testing threshold 0.562118262052536
01/29 03:28:04 AM | Distance to target: 273,288
01/29 03:28:04 AM | Testing threshold 0.5621182769536972
01/29 03:28:04 AM | Distance to target: 273,288
01/29 03:28:04 AM | Testing threshold 0.5621182844042778
01/29 03:28:04 AM | Distance to target: 273,288
01/29 03:28:04 AM | Testing threshold 0.5621182881295681
01/29 03:28:04 AM | Distance to target: 273,288
01/29 03:28:04 AM | Testing threshold 0.5621182899922132
01/29 03:28:04 AM | Distance to target: 273,288
01/29 03:28:04 AM | Testing threshold 0.5621182909235358
01/29 03:28:04 AM | Distance to target: 273,288
01/29 03:28:04 AM | Testing threshold 0.5621182913891971
01/29 03:28:04 AM | Distance to target: 273,288
01/29 03:28:04 AM | Testing threshold 0.5621182916220278
01/29 03:28:04 AM | Distance to target: 273,288
01/29 03:28:04 AM | Testing threshold 0.5621182917384431
01/29 03:28:04 AM | Distance to target: 273,288
01/29 03:28:04 AM | Testing threshold 0.5621182917966507
01/29 03:28:04 AM | Distance to target: 273,288
01/29 03:28:04 AM | Testing threshold 0.5621182918257546
01/29 03:28:04 AM | Distance to target: 273,288
01/29 03:28:04 AM | Testing threshold 0.5621182918403065
01/29 03:28:04 AM | Distance to target: 273,288
01/29 03:28:04 AM | Testing threshold 0.5621182918475824
01/29 03:28:04 AM | Distance to target: 273,288
01/29 03:28:04 AM | Testing threshold 0.5621182918512204
01/29 03:28:04 AM | Distance to target: 273,288
01/29 03:28:04 AM | Testing threshold 0.5621182918530394
01/29 03:28:04 AM | Distance to target: 273,288
01/29 03:28:04 AM | Testing threshold 0.5621182918539489
01/29 03:28:04 AM | Distance to target: 273,288
01/29 03:28:04 AM | Testing threshold 0.5621182918544037
01/29 03:28:04 AM | Distance to target: 273,288
01/29 03:28:04 AM | Testing threshold 0.562118291854631
01/29 03:28:04 AM | Distance to target: 273,288
01/29 03:28:04 AM | Testing threshold 0.5621182918547447
01/29 03:28:04 AM | Distance to target: 273,288
01/29 03:28:04 AM | Testing threshold 0.5621182918548016
01/29 03:28:04 AM | Distance to target: 273,288
01/29 03:28:04 AM | Testing threshold 0.56211829185483
01/29 03:28:04 AM | Distance to target: 273,288
01/29 03:28:04 AM | Testing threshold 0.5621182918548442
01/29 03:28:04 AM | Distance to target: 273,288
01/29 03:28:04 AM | Testing threshold 0.5621182918548513
01/29 03:28:04 AM | Distance to target: 273,288
01/29 03:28:04 AM | Testing threshold 0.5621182918548548
01/29 03:28:04 AM | Distance to target: 273,288
01/29 03:28:04 AM | Testing threshold 0.5621182918548566
01/29 03:28:04 AM | Distance to target: 273,288
01/29 03:28:04 AM | Testing threshold 0.5621182918548575
01/29 03:28:04 AM | Distance to target: 273,288
01/29 03:28:06 AM | attribution_score[0:12]: 
[ 1.00  1.00  0.00  0.00  0.00  1.00  0.00  0.00  0.00  1.00  0.00  1.00 ]
[ 1.00  0.00  1.00  0.00  1.00  1.00  1.00  0.00  1.00  1.00  1.00  0.00 ]
[ 1.00  1.00  0.00  1.00  0.00  1.00  1.00  1.00  0.00  0.00  0.00  1.00 ]
[ 0.00  0.00  1.00  1.00  0.00  1.00  1.00  1.00  0.00  0.00  1.00  1.00 ]
[ 1.00  1.00  1.00  1.00  1.00  1.00  0.00  0.00  1.00  1.00  1.00  1.00 ]
[ 1.00  1.00  0.00  0.00  0.00  0.00  1.00  0.00  1.00  0.00  0.00  1.00 ]
[ 1.00  0.00  0.00  1.00  1.00  0.00  0.00  0.00  1.00  1.00  1.00  0.00 ]
[ 0.00  0.00  0.00  0.00  0.00  1.00  1.00  0.00  1.00  0.00  0.00  0.00 ]
[ 1.00  1.00  0.00  1.00  1.00  0.00  0.00  0.00  1.00  0.00  1.00  1.00 ]
[ 1.00  0.00  0.00  0.00  1.00  1.00  0.00  0.00  1.00  0.00  0.00  0.00 ]
[ 0.00  1.00  1.00  0.00  1.00  1.00  1.00  1.00  1.00  1.00  1.00  1.00 ]
[ 1.00  1.00  1.00  1.00  1.00  1.00  1.00  1.00  0.00  1.00  1.00  1.00 ]
[ 1.00  1.00  1.00  1.00  1.00  1.00  1.00  1.00  1.00  1.00  1.00  0.00 ]

01/29 03:28:06 AM | VGG(
  (features): Sequential(
    (conv0): Conv2d(3, 26, kernel_size=(3, 3), stride=(1, 1), padding=(1, 1))
    (norm0): BatchNorm2d(26, eps=1e-05, momentum=0.1, affine=True, track_running_stats=True)
    (relu0): ReLU(inplace=True)
    (conv1): Conv2d(26, 48, kernel_size=(3, 3), stride=(1, 1), padding=(1, 1))
    (norm1): BatchNorm2d(48, eps=1e-05, momentum=0.1, affine=True, track_running_stats=True)
    (relu1): ReLU(inplace=True)
    (pool2): MaxPool2d(kernel_size=2, stride=2, padding=0, dilation=1, ceil_mode=False)
    (conv3): Conv2d(48, 79, kernel_size=(3, 3), stride=(1, 1), padding=(1, 1))
    (norm3): BatchNorm2d(79, eps=1e-05, momentum=0.1, affine=True, track_running_stats=True)
    (relu3): ReLU(inplace=True)
    (conv4): Conv2d(79, 97, kernel_size=(3, 3), stride=(1, 1), padding=(1, 1))
    (norm4): BatchNorm2d(97, eps=1e-05, momentum=0.1, affine=True, track_running_stats=True)
    (relu4): ReLU(inplace=True)
    (pool5): MaxPool2d(kernel_size=2, stride=2, padding=0, dilation=1, ceil_mode=False)
    (conv6): Conv2d(97, 155, kernel_size=(3, 3), stride=(1, 1), padding=(1, 1))
    (norm6): BatchNorm2d(155, eps=1e-05, momentum=0.1, affine=True, track_running_stats=True)
    (relu6): ReLU(inplace=True)
    (conv7): Conv2d(155, 134, kernel_size=(3, 3), stride=(1, 1), padding=(1, 1))
    (norm7): BatchNorm2d(134, eps=1e-05, momentum=0.1, affine=True, track_running_stats=True)
    (relu7): ReLU(inplace=True)
    (conv8): Conv2d(134, 158, kernel_size=(3, 3), stride=(1, 1), padding=(1, 1))
    (norm8): BatchNorm2d(158, eps=1e-05, momentum=0.1, affine=True, track_running_stats=True)
    (relu8): ReLU(inplace=True)
    (pool9): MaxPool2d(kernel_size=2, stride=2, padding=0, dilation=1, ceil_mode=False)
    (conv10): Conv2d(158, 226, kernel_size=(3, 3), stride=(1, 1), padding=(1, 1))
    (norm10): BatchNorm2d(226, eps=1e-05, momentum=0.1, affine=True, track_running_stats=True)
    (relu10): ReLU(inplace=True)
    (conv11): Conv2d(226, 179, kernel_size=(3, 3), stride=(1, 1), padding=(1, 1))
    (norm11): BatchNorm2d(179, eps=1e-05, momentum=0.1, affine=True, track_running_stats=True)
    (relu11): ReLU(inplace=True)
    (conv12): Conv2d(179, 253, kernel_size=(3, 3), stride=(1, 1), padding=(1, 1))
    (norm12): BatchNorm2d(253, eps=1e-05, momentum=0.1, affine=True, track_running_stats=True)
    (relu12): ReLU(inplace=True)
    (pool13): MaxPool2d(kernel_size=2, stride=2, padding=0, dilation=1, ceil_mode=False)
    (conv14): Conv2d(253, 400, kernel_size=(3, 3), stride=(1, 1), padding=(1, 1))
    (norm14): BatchNorm2d(400, eps=1e-05, momentum=0.1, affine=True, track_running_stats=True)
    (relu14): ReLU(inplace=True)
    (conv15): Conv2d(400, 472, kernel_size=(3, 3), stride=(1, 1), padding=(1, 1))
    (norm15): BatchNorm2d(472, eps=1e-05, momentum=0.1, affine=True, track_running_stats=True)
    (relu15): ReLU(inplace=True)
    (conv16): Conv2d(472, 509, kernel_size=(3, 3), stride=(1, 1), padding=(1, 1))
    (norm16): BatchNorm2d(509, eps=1e-05, momentum=0.1, affine=True, track_running_stats=True)
    (relu16): ReLU(inplace=True)
  )
  (classifier): Sequential(
    (linear1): Linear(in_features=509, out_features=512, bias=True)
    (norm1): BatchNorm1d(512, eps=1e-05, momentum=0.1, affine=True, track_running_stats=True)
    (relu1): ReLU(inplace=True)
    (linear2): Linear(in_features=512, out_features=10, bias=True)
  )
)
01/29 03:28:07 AM | ----------------------------------------
01/29 03:28:07 AM | Performances input model:
01/29 03:28:07 AM |  - flops: 314,294,272
01/29 03:28:07 AM |  - params: 14,991,946
01/29 03:28:07 AM |  - accuracy: 93.95999908447266
01/29 03:28:07 AM | ----------------------------------------
01/29 03:28:07 AM | Performances pseudo-pruned model:
01/29 03:28:07 AM |  - flops: 314,294,272
01/29 03:28:07 AM |  - params: 14,991,946
01/29 03:28:07 AM |  - accuracy: 80.31999969482422
01/29 03:28:07 AM | ----------------------------------------
01/29 03:28:07 AM | Performances pruned model:
01/29 03:28:07 AM |  - flops: 108,772,300
01/29 03:28:07 AM |  - params: 6,768,577
01/29 03:28:07 AM |  - accuracy: 80.31999969482422
01/29 03:28:07 AM | ----------------------------------------
01/29 03:28:07 AM | Total time: 61.95s
