01/29 03:30:46 AM | args = Namespace(output_dir='result/rebuttal/nb_epoch/vgg/nbbtchs150/seed_00', loaded_model_path='./checkpoints/cifar10/vgg_16_bn.pt', resume=False, test_only=False, mode='prune', batch_size=64, nb_batches=150, Mflops_target=None, lr=0.6, momentum=0.9, beta=6, gamma=0.4, gpu='0', num_workers=4, dataset='cifar10', arch='vgg_16_bn', save_plot=False, seed=0, lr_finetuning=0.02, epoch_finetuning=200, wd=0.002, data_dir='./data/cifar10/', print_freq=200, num_classes=10, device_ids=[0], device=device(type='cuda', index=0), name_base='')
01/29 03:30:51 AM | ----------------------------------------
01/29 03:30:51 AM | ==> Building model...
01/29 03:30:51 AM | ----------------------------------------
01/29 03:30:51 AM | ==> Loading weights into the model...
01/29 03:30:52 AM | ----------------------------------------
01/29 03:30:52 AM | VGG(
  (features): Sequential(
    (conv0): Conv2d(3, 64, kernel_size=(3, 3), stride=(1, 1), padding=(1, 1))
    (norm0): BatchNorm2d(64, eps=1e-05, momentum=0.1, affine=True, track_running_stats=True)
    (relu0): ReLU(inplace=True)
    (conv1): Conv2d(64, 64, kernel_size=(3, 3), stride=(1, 1), padding=(1, 1))
    (norm1): BatchNorm2d(64, eps=1e-05, momentum=0.1, affine=True, track_running_stats=True)
    (relu1): ReLU(inplace=True)
    (pool2): MaxPool2d(kernel_size=2, stride=2, padding=0, dilation=1, ceil_mode=False)
    (conv3): Conv2d(64, 128, kernel_size=(3, 3), stride=(1, 1), padding=(1, 1))
    (norm3): BatchNorm2d(128, eps=1e-05, momentum=0.1, affine=True, track_running_stats=True)
    (relu3): ReLU(inplace=True)
    (conv4): Conv2d(128, 128, kernel_size=(3, 3), stride=(1, 1), padding=(1, 1))
    (norm4): BatchNorm2d(128, eps=1e-05, momentum=0.1, affine=True, track_running_stats=True)
    (relu4): ReLU(inplace=True)
    (pool5): MaxPool2d(kernel_size=2, stride=2, padding=0, dilation=1, ceil_mode=False)
    (conv6): Conv2d(128, 256, kernel_size=(3, 3), stride=(1, 1), padding=(1, 1))
    (norm6): BatchNorm2d(256, eps=1e-05, momentum=0.1, affine=True, track_running_stats=True)
    (relu6): ReLU(inplace=True)
    (conv7): Conv2d(256, 256, kernel_size=(3, 3), stride=(1, 1), padding=(1, 1))
    (norm7): BatchNorm2d(256, eps=1e-05, momentum=0.1, affine=True, track_running_stats=True)
    (relu7): ReLU(inplace=True)
    (conv8): Conv2d(256, 256, kernel_size=(3, 3), stride=(1, 1), padding=(1, 1))
    (norm8): BatchNorm2d(256, eps=1e-05, momentum=0.1, affine=True, track_running_stats=True)
    (relu8): ReLU(inplace=True)
    (pool9): MaxPool2d(kernel_size=2, stride=2, padding=0, dilation=1, ceil_mode=False)
    (conv10): Conv2d(256, 512, kernel_size=(3, 3), stride=(1, 1), padding=(1, 1))
    (norm10): BatchNorm2d(512, eps=1e-05, momentum=0.1, affine=True, track_running_stats=True)
    (relu10): ReLU(inplace=True)
    (conv11): Conv2d(512, 512, kernel_size=(3, 3), stride=(1, 1), padding=(1, 1))
    (norm11): BatchNorm2d(512, eps=1e-05, momentum=0.1, affine=True, track_running_stats=True)
    (relu11): ReLU(inplace=True)
    (conv12): Conv2d(512, 512, kernel_size=(3, 3), stride=(1, 1), padding=(1, 1))
    (norm12): BatchNorm2d(512, eps=1e-05, momentum=0.1, affine=True, track_running_stats=True)
    (relu12): ReLU(inplace=True)
    (pool13): MaxPool2d(kernel_size=2, stride=2, padding=0, dilation=1, ceil_mode=False)
    (conv14): Conv2d(512, 512, kernel_size=(3, 3), stride=(1, 1), padding=(1, 1))
    (norm14): BatchNorm2d(512, eps=1e-05, momentum=0.1, affine=True, track_running_stats=True)
    (relu14): ReLU(inplace=True)
    (conv15): Conv2d(512, 512, kernel_size=(3, 3), stride=(1, 1), padding=(1, 1))
    (norm15): BatchNorm2d(512, eps=1e-05, momentum=0.1, affine=True, track_running_stats=True)
    (relu15): ReLU(inplace=True)
    (conv16): Conv2d(512, 512, kernel_size=(3, 3), stride=(1, 1), padding=(1, 1))
    (norm16): BatchNorm2d(512, eps=1e-05, momentum=0.1, affine=True, track_running_stats=True)
    (relu16): ReLU(inplace=True)
  )
  (classifier): Sequential(
    (linear1): Linear(in_features=512, out_features=512, bias=True)
    (norm1): BatchNorm1d(512, eps=1e-05, momentum=0.1, affine=True, track_running_stats=True)
    (relu1): ReLU(inplace=True)
    (linear2): Linear(in_features=512, out_features=10, bias=True)
  )
)
01/29 03:30:53 AM | Save modules info...
01/29 03:30:53 AM | FLOPS pruning ratio is 0.65
01/29 03:30:53 AM | Pruning with information flow
01/29 03:30:53 AM | -----
01/29 03:30:53 AM | module: Conv2d(3, 64, kernel_size=(3, 3), stride=(1, 1), padding=(1, 1))
01/29 03:30:53 AM | cin: None
01/29 03:30:53 AM | cout: [0]
01/29 03:30:53 AM | inactive
01/29 03:30:53 AM | -----
01/29 03:30:53 AM | module: BatchNorm2d(64, eps=1e-05, momentum=0.1, affine=True, track_running_stats=True)
01/29 03:30:53 AM | cin: [0]
01/29 03:30:53 AM | cout: [0]
01/29 03:30:53 AM | inactive
01/29 03:30:53 AM | -----
01/29 03:30:53 AM | module: ReLU(inplace=True)
01/29 03:30:53 AM | cin: [0]
01/29 03:30:53 AM | cout: [0]
01/29 03:30:53 AM | active
01/29 03:30:53 AM | -----
01/29 03:30:53 AM | module: Conv2d(64, 64, kernel_size=(3, 3), stride=(1, 1), padding=(1, 1))
01/29 03:30:53 AM | cin: [0]
01/29 03:30:53 AM | cout: [1]
01/29 03:30:53 AM | inactive
01/29 03:30:53 AM | -----
01/29 03:30:53 AM | module: BatchNorm2d(64, eps=1e-05, momentum=0.1, affine=True, track_running_stats=True)
01/29 03:30:53 AM | cin: [1]
01/29 03:30:53 AM | cout: [1]
01/29 03:30:53 AM | inactive
01/29 03:30:53 AM | -----
01/29 03:30:53 AM | module: ReLU(inplace=True)
01/29 03:30:53 AM | cin: [1]
01/29 03:30:53 AM | cout: [1]
01/29 03:30:53 AM | active
01/29 03:30:53 AM | -----
01/29 03:30:53 AM | module: MaxPool2d(kernel_size=2, stride=2, padding=0, dilation=1, ceil_mode=False)
01/29 03:30:53 AM | cin: [1]
01/29 03:30:53 AM | cout: [1]
01/29 03:30:53 AM | inactive
01/29 03:30:53 AM | -----
01/29 03:30:53 AM | module: Conv2d(64, 128, kernel_size=(3, 3), stride=(1, 1), padding=(1, 1))
01/29 03:30:53 AM | cin: [1]
01/29 03:30:53 AM | cout: [2]
01/29 03:30:53 AM | inactive
01/29 03:30:53 AM | -----
01/29 03:30:53 AM | module: BatchNorm2d(128, eps=1e-05, momentum=0.1, affine=True, track_running_stats=True)
01/29 03:30:53 AM | cin: [2]
01/29 03:30:53 AM | cout: [2]
01/29 03:30:53 AM | inactive
01/29 03:30:53 AM | -----
01/29 03:30:53 AM | module: ReLU(inplace=True)
01/29 03:30:53 AM | cin: [2]
01/29 03:30:53 AM | cout: [2]
01/29 03:30:53 AM | active
01/29 03:30:53 AM | -----
01/29 03:30:53 AM | module: Conv2d(128, 128, kernel_size=(3, 3), stride=(1, 1), padding=(1, 1))
01/29 03:30:53 AM | cin: [2]
01/29 03:30:53 AM | cout: [3]
01/29 03:30:53 AM | inactive
01/29 03:30:53 AM | -----
01/29 03:30:53 AM | module: BatchNorm2d(128, eps=1e-05, momentum=0.1, affine=True, track_running_stats=True)
01/29 03:30:53 AM | cin: [3]
01/29 03:30:53 AM | cout: [3]
01/29 03:30:53 AM | inactive
01/29 03:30:53 AM | -----
01/29 03:30:53 AM | module: ReLU(inplace=True)
01/29 03:30:53 AM | cin: [3]
01/29 03:30:53 AM | cout: [3]
01/29 03:30:53 AM | active
01/29 03:30:53 AM | -----
01/29 03:30:53 AM | module: MaxPool2d(kernel_size=2, stride=2, padding=0, dilation=1, ceil_mode=False)
01/29 03:30:53 AM | cin: [3]
01/29 03:30:53 AM | cout: [3]
01/29 03:30:53 AM | inactive
01/29 03:30:53 AM | -----
01/29 03:30:53 AM | module: Conv2d(128, 256, kernel_size=(3, 3), stride=(1, 1), padding=(1, 1))
01/29 03:30:53 AM | cin: [3]
01/29 03:30:53 AM | cout: [4]
01/29 03:30:53 AM | inactive
01/29 03:30:53 AM | -----
01/29 03:30:53 AM | module: BatchNorm2d(256, eps=1e-05, momentum=0.1, affine=True, track_running_stats=True)
01/29 03:30:53 AM | cin: [4]
01/29 03:30:53 AM | cout: [4]
01/29 03:30:53 AM | inactive
01/29 03:30:53 AM | -----
01/29 03:30:53 AM | module: ReLU(inplace=True)
01/29 03:30:53 AM | cin: [4]
01/29 03:30:53 AM | cout: [4]
01/29 03:30:53 AM | active
01/29 03:30:53 AM | -----
01/29 03:30:53 AM | module: Conv2d(256, 256, kernel_size=(3, 3), stride=(1, 1), padding=(1, 1))
01/29 03:30:53 AM | cin: [4]
01/29 03:30:53 AM | cout: [5]
01/29 03:30:53 AM | inactive
01/29 03:30:53 AM | -----
01/29 03:30:53 AM | module: BatchNorm2d(256, eps=1e-05, momentum=0.1, affine=True, track_running_stats=True)
01/29 03:30:53 AM | cin: [5]
01/29 03:30:53 AM | cout: [5]
01/29 03:30:53 AM | inactive
01/29 03:30:53 AM | -----
01/29 03:30:53 AM | module: ReLU(inplace=True)
01/29 03:30:53 AM | cin: [5]
01/29 03:30:53 AM | cout: [5]
01/29 03:30:53 AM | active
01/29 03:30:53 AM | -----
01/29 03:30:53 AM | module: Conv2d(256, 256, kernel_size=(3, 3), stride=(1, 1), padding=(1, 1))
01/29 03:30:53 AM | cin: [5]
01/29 03:30:53 AM | cout: [6]
01/29 03:30:53 AM | inactive
01/29 03:30:53 AM | -----
01/29 03:30:53 AM | module: BatchNorm2d(256, eps=1e-05, momentum=0.1, affine=True, track_running_stats=True)
01/29 03:30:53 AM | cin: [6]
01/29 03:30:53 AM | cout: [6]
01/29 03:30:53 AM | inactive
01/29 03:30:53 AM | -----
01/29 03:30:53 AM | module: ReLU(inplace=True)
01/29 03:30:53 AM | cin: [6]
01/29 03:30:53 AM | cout: [6]
01/29 03:30:53 AM | active
01/29 03:30:53 AM | -----
01/29 03:30:53 AM | module: MaxPool2d(kernel_size=2, stride=2, padding=0, dilation=1, ceil_mode=False)
01/29 03:30:53 AM | cin: [6]
01/29 03:30:53 AM | cout: [6]
01/29 03:30:53 AM | inactive
01/29 03:30:53 AM | -----
01/29 03:30:53 AM | module: Conv2d(256, 512, kernel_size=(3, 3), stride=(1, 1), padding=(1, 1))
01/29 03:30:53 AM | cin: [6]
01/29 03:30:53 AM | cout: [7]
01/29 03:30:53 AM | inactive
01/29 03:30:53 AM | -----
01/29 03:30:53 AM | module: BatchNorm2d(512, eps=1e-05, momentum=0.1, affine=True, track_running_stats=True)
01/29 03:30:53 AM | cin: [7]
01/29 03:30:53 AM | cout: [7]
01/29 03:30:53 AM | inactive
01/29 03:30:53 AM | -----
01/29 03:30:53 AM | module: ReLU(inplace=True)
01/29 03:30:53 AM | cin: [7]
01/29 03:30:53 AM | cout: [7]
01/29 03:30:53 AM | active
01/29 03:30:53 AM | -----
01/29 03:30:53 AM | module: Conv2d(512, 512, kernel_size=(3, 3), stride=(1, 1), padding=(1, 1))
01/29 03:30:53 AM | cin: [7]
01/29 03:30:53 AM | cout: [8]
01/29 03:30:53 AM | inactive
01/29 03:30:53 AM | -----
01/29 03:30:53 AM | module: BatchNorm2d(512, eps=1e-05, momentum=0.1, affine=True, track_running_stats=True)
01/29 03:30:53 AM | cin: [8]
01/29 03:30:53 AM | cout: [8]
01/29 03:30:53 AM | inactive
01/29 03:30:53 AM | -----
01/29 03:30:53 AM | module: ReLU(inplace=True)
01/29 03:30:53 AM | cin: [8]
01/29 03:30:53 AM | cout: [8]
01/29 03:30:53 AM | active
01/29 03:30:53 AM | -----
01/29 03:30:53 AM | module: Conv2d(512, 512, kernel_size=(3, 3), stride=(1, 1), padding=(1, 1))
01/29 03:30:53 AM | cin: [8]
01/29 03:30:53 AM | cout: [9]
01/29 03:30:53 AM | inactive
01/29 03:30:53 AM | -----
01/29 03:30:53 AM | module: BatchNorm2d(512, eps=1e-05, momentum=0.1, affine=True, track_running_stats=True)
01/29 03:30:53 AM | cin: [9]
01/29 03:30:53 AM | cout: [9]
01/29 03:30:53 AM | inactive
01/29 03:30:53 AM | -----
01/29 03:30:53 AM | module: ReLU(inplace=True)
01/29 03:30:53 AM | cin: [9]
01/29 03:30:53 AM | cout: [9]
01/29 03:30:53 AM | active
01/29 03:30:53 AM | -----
01/29 03:30:53 AM | module: MaxPool2d(kernel_size=2, stride=2, padding=0, dilation=1, ceil_mode=False)
01/29 03:30:53 AM | cin: [9]
01/29 03:30:53 AM | cout: [9]
01/29 03:30:53 AM | inactive
01/29 03:30:53 AM | -----
01/29 03:30:53 AM | module: Conv2d(512, 512, kernel_size=(3, 3), stride=(1, 1), padding=(1, 1))
01/29 03:30:53 AM | cin: [9]
01/29 03:30:53 AM | cout: [10]
01/29 03:30:53 AM | inactive
01/29 03:30:53 AM | -----
01/29 03:30:53 AM | module: BatchNorm2d(512, eps=1e-05, momentum=0.1, affine=True, track_running_stats=True)
01/29 03:30:53 AM | cin: [10]
01/29 03:30:53 AM | cout: [10]
01/29 03:30:53 AM | inactive
01/29 03:30:53 AM | -----
01/29 03:30:53 AM | module: ReLU(inplace=True)
01/29 03:30:53 AM | cin: [10]
01/29 03:30:53 AM | cout: [10]
01/29 03:30:53 AM | active
01/29 03:30:53 AM | -----
01/29 03:30:53 AM | module: Conv2d(512, 512, kernel_size=(3, 3), stride=(1, 1), padding=(1, 1))
01/29 03:30:53 AM | cin: [10]
01/29 03:30:53 AM | cout: [11]
01/29 03:30:53 AM | inactive
01/29 03:30:53 AM | -----
01/29 03:30:53 AM | module: BatchNorm2d(512, eps=1e-05, momentum=0.1, affine=True, track_running_stats=True)
01/29 03:30:53 AM | cin: [11]
01/29 03:30:53 AM | cout: [11]
01/29 03:30:53 AM | inactive
01/29 03:30:53 AM | -----
01/29 03:30:53 AM | module: ReLU(inplace=True)
01/29 03:30:53 AM | cin: [11]
01/29 03:30:53 AM | cout: [11]
01/29 03:30:53 AM | active
01/29 03:30:53 AM | -----
01/29 03:30:53 AM | module: Conv2d(512, 512, kernel_size=(3, 3), stride=(1, 1), padding=(1, 1))
01/29 03:30:53 AM | cin: [11]
01/29 03:30:53 AM | cout: [12]
01/29 03:30:53 AM | inactive
01/29 03:30:53 AM | -----
01/29 03:30:53 AM | module: BatchNorm2d(512, eps=1e-05, momentum=0.1, affine=True, track_running_stats=True)
01/29 03:30:53 AM | cin: [12]
01/29 03:30:53 AM | cout: [12]
01/29 03:30:53 AM | inactive
01/29 03:30:53 AM | -----
01/29 03:30:53 AM | module: ReLU(inplace=True)
01/29 03:30:53 AM | cin: [12]
01/29 03:30:53 AM | cout: [12]
01/29 03:30:53 AM | active
01/29 03:30:53 AM | -----
01/29 03:30:53 AM | module: Linear(in_features=512, out_features=512, bias=True)
01/29 03:30:53 AM | cin: [12]
01/29 03:30:53 AM | cout: None
01/29 03:30:53 AM | inactive
01/29 03:30:53 AM | -----
01/29 03:30:53 AM | module: ReLU(inplace=True)
01/29 03:30:53 AM | cin: None
01/29 03:30:53 AM | cout: None
01/29 03:30:53 AM | active
01/29 03:30:53 AM | -----
01/29 03:30:53 AM | module: Linear(in_features=512, out_features=10, bias=True)
01/29 03:30:53 AM | cin: None
01/29 03:30:53 AM | cout: None
01/29 03:30:53 AM | inactive
01/29 03:30:53 AM | Used masks: [0, 1, 2, 3, 4, 5, 6, 7, 8, 9, 10, 11, 12]
01/29 03:30:53 AM | 13 unique masks in total
01/29 03:30:54 AM | === Batch 1/150
01/29 03:30:54 AM | loss = 0.047 + 4.266 + 0.040 = 4.353
01/29 03:30:54 AM | attribution_score[0:12]: 
[ 0.94  0.83  0.83  0.83  0.83  0.83  0.83  0.83  0.83  0.83  0.83  0.83 ]
[ 0.83  0.83  0.83  0.83  0.83  0.83  0.83  0.83  0.83  0.83  0.83  0.83 ]
[ 0.94  0.83  0.83  0.83  0.83  0.83  0.83  0.83  0.83  0.83  0.83  0.94 ]
[ 0.83  0.83  0.94  0.83  0.83  0.83  0.83  0.83  0.83  0.83  0.83  0.83 ]
[ 0.83  0.83  0.94  0.83  0.83  0.83  0.83  0.83  0.83  0.83  0.83  0.83 ]
[ 0.83  0.83  0.83  0.83  0.83  0.83  0.83  0.83  0.83  0.83  0.83  0.83 ]
[ 0.83  0.83  0.94  0.83  0.83  0.83  0.83  0.83  0.83  0.83  0.83  0.83 ]
[ 0.83  0.83  0.83  0.83  0.83  0.83  0.83  0.83  0.83  0.83  0.83  0.83 ]
[ 0.83  0.83  0.83  0.83  0.83  0.83  0.83  0.83  0.83  0.83  0.83  0.83 ]
[ 0.83  0.83  0.83  0.83  0.83  0.83  0.83  0.83  0.83  0.83  0.83  0.83 ]
[ 0.83  0.83  0.83  0.83  0.83  0.83  0.83  0.83  0.83  0.83  0.94  0.83 ]
[ 0.83  0.94  0.83  0.83  0.83  0.83  0.83  0.94  0.83  0.83  0.83  0.83 ]
[ 0.94  0.94  0.94  0.94  0.94  0.94  0.83  0.83  0.94  0.94  0.94  0.83 ]

01/29 03:30:54 AM | === Batch 2/150
01/29 03:30:54 AM | loss = 0.345 + 3.308 + 0.062 = 3.715
01/29 03:30:55 AM | attribution_score[0:12]: 
[ 0.96  0.88  0.77  0.73  0.75  0.73  0.73  0.73  0.73  0.73  0.73  0.81 ]
[ 0.87  0.76  0.75  0.74  0.87  0.73  0.74  0.73  0.73  0.86  0.88  0.74 ]
[ 0.96  0.88  0.74  0.88  0.73  0.88  0.86  0.77  0.74  0.74  0.73  0.96 ]
[ 0.73  0.83  0.96  0.74  0.76  0.73  0.85  0.87  0.81  0.85  0.73  0.88 ]
[ 0.83  0.76  0.96  0.74  0.75  0.73  0.73  0.75  0.74  0.74  0.86  0.85 ]
[ 0.73  0.75  0.77  0.74  0.73  0.80  0.74  0.74  0.73  0.74  0.73  0.86 ]
[ 0.74  0.73  0.94  0.74  0.74  0.75  0.74  0.73  0.76  0.74  0.86  0.75 ]
[ 0.73  0.73  0.73  0.73  0.74  0.73  0.73  0.73  0.74  0.73  0.73  0.82 ]
[ 0.75  0.73  0.73  0.73  0.74  0.73  0.73  0.73  0.74  0.73  0.80  0.73 ]
[ 0.73  0.73  0.73  0.73  0.85  0.74  0.73  0.73  0.74  0.73  0.75  0.73 ]
[ 0.73  0.75  0.85  0.74  0.73  0.86  0.73  0.75  0.81  0.73  0.96  0.74 ]
[ 0.88  0.97  0.76  0.87  0.88  0.86  0.74  0.97  0.84  0.88  0.87  0.74 ]
[ 0.97  0.96  0.97  0.91  0.97  0.96  0.88  0.88  0.96  0.97  0.97  0.73 ]

01/29 03:30:55 AM | === Batch 3/150
01/29 03:30:55 AM | loss = 0.339 + 2.497 + 0.081 = 2.918
01/29 03:30:55 AM | attribution_score[0:12]: 
[ 0.98  0.90  0.68  0.60  0.64  0.61  0.60  0.60  0.60  0.60  0.61  0.86 ]
[ 0.89  0.66  0.78  0.61  0.90  0.67  0.63  0.61  0.69  0.90  0.91  0.62 ]
[ 0.97  0.91  0.62  0.92  0.60  0.92  0.86  0.68  0.62  0.62  0.60  0.98 ]
[ 0.61  0.84  0.97  0.70  0.66  0.76  0.80  0.90  0.81  0.82  0.68  0.91 ]
[ 0.78  0.66  0.97  0.63  0.79  0.60  0.60  0.64  0.75  0.61  0.85  0.85 ]
[ 0.62  0.65  0.68  0.61  0.60  0.74  0.61  0.62  0.62  0.62  0.60  0.85 ]
[ 0.64  0.61  0.94  0.64  0.64  0.64  0.61  0.69  0.66  0.78  0.90  0.63 ]
[ 0.60  0.60  0.61  0.60  0.61  0.60  0.60  0.60  0.70  0.61  0.60  0.80 ]
[ 0.65  0.67  0.60  0.60  0.62  0.60  0.60  0.60  0.66  0.60  0.80  0.68 ]
[ 0.64  0.61  0.60  0.60  0.87  0.67  0.60  0.60  0.72  0.60  0.63  0.63 ]
[ 0.61  0.79  0.89  0.61  0.61  0.90  0.79  0.76  0.86  0.71  0.98  0.75 ]
[ 0.91  0.98  0.78  0.91  0.93  0.89  0.79  0.98  0.81  0.92  0.91  0.80 ]
[ 0.98  0.98  0.98  0.90  0.98  0.98  0.92  0.93  0.98  0.98  0.98  0.60 ]

01/29 03:30:55 AM | === Batch 4/150
01/29 03:30:55 AM | loss = 0.558 + 1.677 + 0.101 = 2.336
01/29 03:30:55 AM | attribution_score[0:12]: 
[ 0.98  0.92  0.57  0.46  0.50  0.47  0.46  0.45  0.45  0.46  0.46  0.84 ]
[ 0.90  0.56  0.83  0.47  0.90  0.58  0.61  0.46  0.72  0.92  0.91  0.48 ]
[ 0.98  0.94  0.48  0.94  0.45  0.94  0.87  0.64  0.48  0.49  0.48  0.98 ]
[ 0.47  0.85  0.96  0.73  0.57  0.82  0.74  0.92  0.78  0.80  0.64  0.92 ]
[ 0.71  0.53  0.98  0.53  0.85  0.47  0.45  0.51  0.80  0.56  0.82  0.80 ]
[ 0.61  0.64  0.55  0.46  0.47  0.64  0.50  0.50  0.50  0.49  0.45  0.82 ]
[ 0.53  0.47  0.93  0.53  0.52  0.52  0.57  0.73  0.71  0.84  0.94  0.50 ]
[ 0.45  0.46  0.46  0.45  0.50  0.45  0.57  0.45  0.73  0.47  0.48  0.73 ]
[ 0.55  0.71  0.45  0.61  0.50  0.45  0.47  0.47  0.65  0.45  0.83  0.74 ]
[ 0.62  0.47  0.45  0.45  0.84  0.65  0.46  0.45  0.77  0.45  0.52  0.56 ]
[ 0.47  0.85  0.93  0.60  0.64  0.92  0.85  0.79  0.90  0.77  0.99  0.81 ]
[ 0.91  0.99  0.84  0.95  0.95  0.90  0.85  0.99  0.74  0.94  0.94  0.86 ]
[ 0.99  0.99  0.99  0.92  0.99  0.99  0.95  0.96  0.98  0.99  0.99  0.56 ]

01/29 03:30:55 AM | === Batch 5/150
01/29 03:30:56 AM | loss = 0.910 + 1.011 + 0.111 = 2.031
01/29 03:30:56 AM | attribution_score[0:12]: 
[ 0.99  0.93  0.47  0.31  0.37  0.33  0.32  0.31  0.31  0.33  0.32  0.83 ]
[ 0.92  0.45  0.84  0.33  0.90  0.47  0.65  0.32  0.72  0.93  0.91  0.45 ]
[ 0.99  0.95  0.34  0.95  0.32  0.96  0.87  0.61  0.35  0.36  0.35  0.98 ]
[ 0.37  0.81  0.95  0.78  0.49  0.85  0.74  0.94  0.72  0.79  0.63  0.92 ]
[ 0.73  0.53  0.98  0.45  0.89  0.40  0.32  0.38  0.84  0.57  0.79  0.73 ]
[ 0.61  0.69  0.43  0.33  0.34  0.52  0.46  0.44  0.39  0.35  0.31  0.76 ]
[ 0.57  0.35  0.91  0.42  0.59  0.40  0.59  0.80  0.78  0.82  0.95  0.37 ]
[ 0.31  0.32  0.32  0.31  0.48  0.31  0.54  0.31  0.79  0.33  0.37  0.64 ]
[ 0.44  0.73  0.31  0.68  0.37  0.31  0.36  0.34  0.70  0.31  0.82  0.81 ]
[ 0.63  0.36  0.31  0.31  0.79  0.65  0.33  0.31  0.83  0.31  0.40  0.48 ]
[ 0.33  0.90  0.94  0.65  0.72  0.90  0.89  0.77  0.93  0.84  0.99  0.87 ]
[ 0.91  0.99  0.89  0.96  0.97  0.89  0.89  0.99  0.65  0.95  0.96  0.91 ]
[ 0.99  0.99  0.99  0.93  0.99  0.99  0.96  0.97  0.99  0.99  0.99  0.47 ]

01/29 03:30:56 AM | === Batch 6/150
01/29 03:30:56 AM | loss = 0.937 + 0.463 + 0.095 = 1.496
01/29 03:30:56 AM | attribution_score[0:12]: 
[ 0.99  0.94  0.38  0.20  0.26  0.22  0.21  0.20  0.20  0.21  0.21  0.85 ]
[ 0.93  0.34  0.84  0.22  0.88  0.35  0.71  0.21  0.72  0.94  0.91  0.45 ]
[ 0.99  0.95  0.23  0.96  0.20  0.96  0.85  0.64  0.24  0.25  0.24  0.99 ]
[ 0.30  0.75  0.94  0.81  0.50  0.88  0.72  0.95  0.64  0.76  0.56  0.92 ]
[ 0.72  0.51  0.99  0.44  0.90  0.39  0.23  0.28  0.87  0.63  0.76  0.65 ]
[ 0.67  0.74  0.31  0.23  0.23  0.40  0.44  0.39  0.31  0.31  0.20  0.67 ]
[ 0.65  0.26  0.90  0.39  0.63  0.39  0.55  0.80  0.80  0.85  0.95  0.25 ]
[ 0.20  0.21  0.21  0.20  0.43  0.20  0.50  0.20  0.78  0.21  0.28  0.55 ]
[ 0.41  0.72  0.20  0.69  0.30  0.20  0.25  0.23  0.74  0.25  0.76  0.82 ]
[ 0.60  0.26  0.20  0.20  0.78  0.68  0.23  0.20  0.88  0.20  0.30  0.40 ]
[ 0.24  0.93  0.94  0.63  0.75  0.89  0.92  0.80  0.95  0.86  0.99  0.90 ]
[ 0.93  0.99  0.91  0.97  0.97  0.87  0.92  1.00  0.52  0.95  0.97  0.93 ]
[ 0.99  0.99  1.00  0.95  1.00  1.00  0.97  0.97  0.99  0.99  0.99  0.46 ]

01/29 03:30:56 AM | === Batch 7/150
01/29 03:30:56 AM | loss = 1.051 + 0.027 + 0.081 = 1.160
01/29 03:30:57 AM | attribution_score[0:12]: 
[ 0.99  0.94  0.31  0.12  0.17  0.15  0.13  0.13  0.12  0.14  0.13  0.87 ]
[ 0.93  0.24  0.84  0.13  0.86  0.24  0.76  0.13  0.71  0.95  0.90  0.46 ]
[ 0.99  0.95  0.15  0.96  0.12  0.97  0.82  0.66  0.15  0.18  0.15  0.99 ]
[ 0.23  0.67  0.94  0.80  0.49  0.89  0.71  0.96  0.53  0.70  0.51  0.91 ]
[ 0.71  0.44  0.99  0.41  0.90  0.41  0.16  0.21  0.90  0.68  0.75  0.63 ]
[ 0.72  0.76  0.21  0.16  0.15  0.29  0.47  0.32  0.27  0.34  0.12  0.56 ]
[ 0.74  0.20  0.89  0.36  0.63  0.42  0.49  0.76  0.81  0.88  0.96  0.16 ]
[ 0.12  0.13  0.13  0.12  0.36  0.13  0.45  0.12  0.75  0.13  0.19  0.46 ]
[ 0.44  0.68  0.12  0.67  0.29  0.12  0.17  0.19  0.78  0.20  0.69  0.81 ]
[ 0.55  0.17  0.13  0.12  0.78  0.70  0.16  0.12  0.90  0.13  0.25  0.32 ]
[ 0.22  0.95  0.93  0.56  0.76  0.90  0.93  0.85  0.96  0.86  0.99  0.91 ]
[ 0.95  1.00  0.91  0.97  0.97  0.87  0.94  1.00  0.46  0.94  0.98  0.94 ]
[ 1.00  1.00  1.00  0.96  1.00  1.00  0.97  0.97  0.99  0.99  0.99  0.40 ]

01/29 03:30:57 AM | === Batch 8/150
01/29 03:30:57 AM | loss = 1.251 + 0.575 + 0.071 = 1.898
01/29 03:30:57 AM | attribution_score[0:12]: 
[ 0.99  0.95  0.34  0.08  0.15  0.13  0.10  0.09  0.08  0.15  0.10  0.91 ]
[ 0.95  0.19  0.86  0.10  0.87  0.22  0.81  0.09  0.71  0.96  0.91  0.51 ]
[ 0.99  0.95  0.12  0.97  0.09  0.97  0.84  0.72  0.11  0.16  0.12  0.99 ]
[ 0.22  0.65  0.95  0.82  0.46  0.90  0.73  0.97  0.52  0.72  0.57  0.91 ]
[ 0.74  0.36  0.99  0.38  0.91  0.48  0.14  0.19  0.92  0.68  0.80  0.68 ]
[ 0.74  0.78  0.18  0.12  0.12  0.25  0.54  0.31  0.29  0.42  0.09  0.56 ]
[ 0.81  0.21  0.89  0.36  0.65  0.42  0.48  0.71  0.83  0.90  0.97  0.12 ]
[ 0.08  0.09  0.10  0.09  0.35  0.10  0.49  0.08  0.73  0.11  0.16  0.44 ]
[ 0.51  0.71  0.09  0.68  0.32  0.10  0.14  0.20  0.82  0.17  0.71  0.81 ]
[ 0.58  0.14  0.09  0.09  0.82  0.72  0.12  0.09  0.93  0.10  0.24  0.34 ]
[ 0.23  0.96  0.94  0.54  0.77  0.92  0.93  0.89  0.96  0.86  1.00  0.93 ]
[ 0.97  1.00  0.92  0.98  0.98  0.89  0.95  1.00  0.49  0.95  0.99  0.96 ]
[ 1.00  1.00  1.00  0.97  1.00  1.00  0.98  0.97  1.00  0.99  0.99  0.38 ]

01/29 03:30:57 AM | === Batch 9/150
01/29 03:30:57 AM | loss = 0.984 + 0.587 + 0.065 = 1.636
01/29 03:30:57 AM | attribution_score[0:12]: 
[ 0.99  0.96  0.41  0.06  0.15  0.12  0.09  0.07  0.07  0.19  0.09  0.94 ]
[ 0.96  0.18  0.88  0.07  0.89  0.24  0.86  0.07  0.73  0.97  0.93  0.58 ]
[ 0.99  0.96  0.12  0.97  0.07  0.98  0.87  0.79  0.09  0.17  0.11  0.99 ]
[ 0.22  0.68  0.96  0.86  0.48  0.91  0.76  0.97  0.54  0.76  0.66  0.92 ]
[ 0.78  0.33  0.99  0.36  0.92  0.56  0.14  0.20  0.94  0.71  0.84  0.75 ]
[ 0.76  0.79  0.19  0.10  0.10  0.25  0.62  0.36  0.34  0.49  0.07  0.60 ]
[ 0.87  0.22  0.90  0.39  0.69  0.41  0.53  0.67  0.86  0.92  0.97  0.11 ]
[ 0.06  0.07  0.08  0.07  0.37  0.10  0.58  0.06  0.75  0.09  0.16  0.47 ]
[ 0.61  0.77  0.07  0.72  0.37  0.08  0.13  0.23  0.85  0.17  0.75  0.84 ]
[ 0.64  0.14  0.08  0.07  0.86  0.75  0.10  0.07  0.95  0.09  0.25  0.39 ]
[ 0.27  0.96  0.95  0.54  0.77  0.94  0.94  0.92  0.97  0.86  1.00  0.94 ]
[ 0.98  1.00  0.93  0.98  0.98  0.92  0.95  1.00  0.57  0.96  0.99  0.97 ]
[ 1.00  1.00  1.00  0.98  1.00  1.00  0.98  0.98  1.00  0.99  0.99  0.41 ]

01/29 03:30:57 AM | === Batch 10/150
01/29 03:30:58 AM | loss = 0.790 + 0.321 + 0.061 = 1.171
01/29 03:30:58 AM | attribution_score[0:12]: 
[ 0.99  0.96  0.50  0.05  0.17  0.14  0.08  0.06  0.05  0.25  0.09  0.96 ]
[ 0.97  0.18  0.91  0.06  0.90  0.28  0.89  0.06  0.77  0.98  0.94  0.65 ]
[ 0.99  0.96  0.13  0.98  0.06  0.98  0.91  0.84  0.09  0.19  0.12  1.00 ]
[ 0.24  0.73  0.97  0.88  0.54  0.92  0.80  0.98  0.59  0.81  0.74  0.93 ]
[ 0.83  0.35  0.99  0.42  0.93  0.65  0.14  0.24  0.96  0.75  0.88  0.81 ]
[ 0.79  0.82  0.21  0.09  0.10  0.28  0.71  0.41  0.42  0.57  0.06  0.66 ]
[ 0.90  0.25  0.92  0.45  0.74  0.46  0.60  0.65  0.89  0.92  0.98  0.10 ]
[ 0.05  0.06  0.06  0.06  0.42  0.09  0.67  0.05  0.77  0.09  0.17  0.51 ]
[ 0.70  0.83  0.06  0.77  0.44  0.08  0.13  0.29  0.87  0.17  0.81  0.87 ]
[ 0.72  0.15  0.07  0.06  0.90  0.80  0.10  0.07  0.96  0.10  0.28  0.48 ]
[ 0.32  0.97  0.96  0.58  0.80  0.96  0.95  0.95  0.98  0.87  1.00  0.95 ]
[ 0.99  1.00  0.94  0.98  0.98  0.95  0.96  1.00  0.65  0.97  0.99  0.97 ]
[ 1.00  1.00  1.00  0.99  1.00  1.00  0.99  0.98  1.00  0.99  0.99  0.46 ]

01/29 03:30:58 AM | === Batch 11/150
01/29 03:30:58 AM | loss = 0.857 + 0.070 + 0.057 = 0.984
01/29 03:30:58 AM | attribution_score[0:12]: 
[ 1.00  0.97  0.56  0.04  0.17  0.15  0.08  0.05  0.05  0.28  0.08  0.97 ]
[ 0.97  0.18  0.93  0.05  0.91  0.32  0.91  0.05  0.81  0.98  0.95  0.71 ]
[ 1.00  0.96  0.13  0.98  0.05  0.99  0.92  0.87  0.08  0.19  0.12  1.00 ]
[ 0.24  0.78  0.98  0.90  0.61  0.94  0.80  0.98  0.62  0.83  0.80  0.93 ]
[ 0.84  0.38  1.00  0.48  0.94  0.67  0.14  0.27  0.97  0.81  0.90  0.85 ]
[ 0.84  0.85  0.23  0.08  0.09  0.28  0.74  0.46  0.50  0.63  0.05  0.70 ]
[ 0.91  0.26  0.93  0.50  0.78  0.51  0.65  0.63  0.91  0.93  0.98  0.09 ]
[ 0.04  0.05  0.05  0.05  0.45  0.10  0.72  0.04  0.80  0.09  0.19  0.57 ]
[ 0.78  0.88  0.05  0.80  0.52  0.07  0.14  0.34  0.89  0.17  0.85  0.89 ]
[ 0.78  0.15  0.06  0.05  0.92  0.84  0.09  0.06  0.97  0.09  0.29  0.55 ]
[ 0.34  0.97  0.97  0.60  0.82  0.97  0.96  0.96  0.98  0.87  1.00  0.95 ]
[ 0.99  1.00  0.95  0.99  0.99  0.96  0.96  1.00  0.69  0.98  0.99  0.98 ]
[ 1.00  1.00  1.00  0.99  1.00  1.00  0.99  0.98  1.00  1.00  0.99  0.49 ]

01/29 03:30:58 AM | === Batch 12/150
01/29 03:30:58 AM | loss = 0.683 + 0.251 + 0.054 = 0.987
01/29 03:30:59 AM | attribution_score[0:12]: 
[ 1.00  0.97  0.59  0.03  0.17  0.17  0.07  0.05  0.04  0.28  0.07  0.98 ]
[ 0.98  0.17  0.95  0.04  0.91  0.37  0.93  0.04  0.84  0.99  0.95  0.74 ]
[ 1.00  0.97  0.12  0.98  0.04  0.99  0.94  0.89  0.07  0.18  0.12  1.00 ]
[ 0.24  0.82  0.98  0.90  0.69  0.94  0.81  0.98  0.62  0.84  0.84  0.94 ]
[ 0.85  0.44  1.00  0.52  0.93  0.68  0.14  0.27  0.98  0.84  0.91  0.88 ]
[ 0.86  0.86  0.26  0.08  0.08  0.27  0.75  0.51  0.58  0.65  0.05  0.74 ]
[ 0.92  0.28  0.92  0.56  0.81  0.55  0.67  0.59  0.92  0.93  0.99  0.08 ]
[ 0.03  0.05  0.05  0.04  0.45  0.10  0.75  0.03  0.83  0.09  0.22  0.61 ]
[ 0.82  0.91  0.04  0.83  0.57  0.06  0.14  0.39  0.90  0.16  0.89  0.91 ]
[ 0.82  0.13  0.05  0.04  0.94  0.86  0.09  0.05  0.98  0.08  0.29  0.58 ]
[ 0.33  0.98  0.98  0.62  0.84  0.98  0.96  0.97  0.99  0.88  1.00  0.96 ]
[ 0.99  1.00  0.96  0.99  0.99  0.97  0.97  1.00  0.71  0.98  0.99  0.98 ]
[ 1.00  1.00  1.00  0.99  1.00  1.00  0.99  0.98  1.00  1.00  0.99  0.51 ]

01/29 03:30:59 AM | === Batch 13/150
01/29 03:30:59 AM | loss = 0.758 + 0.368 + 0.051 = 1.177
01/29 03:30:59 AM | attribution_score[0:12]: 
[ 1.00  0.98  0.60  0.03  0.16  0.18  0.07  0.04  0.03  0.28  0.06  0.98 ]
[ 0.98  0.16  0.96  0.04  0.91  0.41  0.94  0.03  0.87  0.99  0.96  0.76 ]
[ 1.00  0.97  0.11  0.98  0.04  0.99  0.94  0.91  0.07  0.17  0.12  1.00 ]
[ 0.24  0.84  0.98  0.90  0.77  0.95  0.83  0.98  0.63  0.85  0.88  0.94 ]
[ 0.86  0.48  1.00  0.54  0.93  0.69  0.13  0.26  0.98  0.86  0.92  0.90 ]
[ 0.88  0.88  0.28  0.07  0.07  0.28  0.76  0.52  0.65  0.66  0.04  0.78 ]
[ 0.92  0.28  0.92  0.64  0.84  0.56  0.68  0.57  0.93  0.93  0.99  0.07 ]
[ 0.03  0.04  0.04  0.03  0.43  0.10  0.78  0.03  0.86  0.08  0.24  0.66 ]
[ 0.86  0.94  0.04  0.85  0.61  0.06  0.14  0.40  0.90  0.15  0.91  0.92 ]
[ 0.85  0.11  0.05  0.03  0.95  0.86  0.07  0.04  0.98  0.07  0.29  0.61 ]
[ 0.31  0.98  0.98  0.65  0.85  0.98  0.97  0.98  0.99  0.88  1.00  0.96 ]
[ 0.99  1.00  0.96  0.99  0.99  0.98  0.97  1.00  0.71  0.98  1.00  0.99 ]
[ 1.00  1.00  1.00  0.99  1.00  1.00  0.99  0.99  1.00  1.00  1.00  0.51 ]

01/29 03:30:59 AM | === Batch 14/150
01/29 03:30:59 AM | loss = 0.517 + 0.442 + 0.048 = 1.007
01/29 03:31:00 AM | attribution_score[0:12]: 
[ 1.00  0.98  0.60  0.02  0.15  0.20  0.06  0.04  0.03  0.29  0.06  0.98 ]
[ 0.99  0.16  0.96  0.03  0.91  0.45  0.94  0.03  0.89  0.99  0.97  0.78 ]
[ 1.00  0.97  0.10  0.99  0.03  0.99  0.95  0.92  0.06  0.15  0.11  1.00 ]
[ 0.25  0.86  0.99  0.90  0.83  0.95  0.85  0.98  0.63  0.85  0.90  0.95 ]
[ 0.85  0.56  1.00  0.54  0.92  0.68  0.12  0.24  0.98  0.86  0.93  0.92 ]
[ 0.90  0.89  0.31  0.06  0.06  0.28  0.76  0.51  0.71  0.66  0.04  0.81 ]
[ 0.92  0.30  0.90  0.69  0.87  0.53  0.68  0.55  0.94  0.94  0.99  0.06 ]
[ 0.02  0.04  0.03  0.03  0.39  0.09  0.79  0.02  0.89  0.08  0.24  0.69 ]
[ 0.87  0.95  0.03  0.87  0.64  0.05  0.13  0.42  0.90  0.13  0.93  0.93 ]
[ 0.87  0.09  0.04  0.03  0.95  0.86  0.06  0.04  0.99  0.06  0.28  0.62 ]
[ 0.29  0.98  0.98  0.69  0.87  0.99  0.97  0.98  0.99  0.89  1.00  0.97 ]
[ 1.00  1.00  0.96  0.99  0.99  0.98  0.97  1.00  0.71  0.99  1.00  0.99 ]
[ 1.00  1.00  1.00  0.99  1.00  1.00  0.99  0.99  1.00  1.00  1.00  0.47 ]

01/29 03:31:00 AM | === Batch 15/150
01/29 03:31:00 AM | loss = 0.354 + 0.476 + 0.046 = 0.875
01/29 03:31:00 AM | attribution_score[0:12]: 
[ 1.00  0.98  0.58  0.02  0.14  0.21  0.05  0.03  0.02  0.31  0.05  0.99 ]
[ 0.99  0.15  0.97  0.03  0.91  0.50  0.95  0.02  0.90  0.99  0.97  0.78 ]
[ 1.00  0.97  0.09  0.99  0.03  0.99  0.95  0.93  0.06  0.14  0.10  1.00 ]
[ 0.25  0.87  0.99  0.91  0.87  0.95  0.86  0.99  0.63  0.86  0.92  0.95 ]
[ 0.85  0.59  1.00  0.54  0.90  0.68  0.12  0.21  0.99  0.87  0.93  0.93 ]
[ 0.91  0.89  0.32  0.05  0.05  0.27  0.77  0.46  0.75  0.64  0.03  0.83 ]
[ 0.92  0.32  0.88  0.71  0.89  0.49  0.68  0.52  0.95  0.93  0.99  0.05 ]
[ 0.02  0.04  0.03  0.02  0.35  0.08  0.80  0.02  0.91  0.07  0.23  0.72 ]
[ 0.88  0.97  0.03  0.89  0.67  0.04  0.12  0.41  0.90  0.11  0.94  0.93 ]
[ 0.89  0.07  0.03  0.03  0.96  0.85  0.05  0.03  0.99  0.05  0.26  0.61 ]
[ 0.25  0.98  0.99  0.73  0.88  0.99  0.97  0.99  0.99  0.90  1.00  0.97 ]
[ 1.00  1.00  0.96  0.99  0.99  0.98  0.98  1.00  0.70  0.99  1.00  0.99 ]
[ 1.00  1.00  1.00  1.00  1.00  1.00  0.99  0.99  1.00  1.00  1.00  0.41 ]

01/29 03:31:00 AM | === Batch 16/150
01/29 03:31:00 AM | loss = 0.506 + 0.473 + 0.044 = 1.022
01/29 03:31:00 AM | attribution_score[0:12]: 
[ 1.00  0.98  0.56  0.02  0.13  0.21  0.05  0.03  0.02  0.32  0.04  0.99 ]
[ 0.99  0.15  0.97  0.02  0.91  0.52  0.96  0.02  0.92  0.99  0.98  0.79 ]
[ 1.00  0.97  0.08  0.99  0.02  0.99  0.96  0.94  0.05  0.12  0.09  1.00 ]
[ 0.24  0.87  0.99  0.91  0.89  0.95  0.86  0.99  0.63  0.85  0.93  0.95 ]
[ 0.84  0.60  1.00  0.54  0.87  0.67  0.12  0.18  0.99  0.87  0.94  0.94 ]
[ 0.92  0.89  0.32  0.05  0.04  0.26  0.78  0.40  0.79  0.63  0.03  0.84 ]
[ 0.92  0.34  0.85  0.73  0.90  0.46  0.65  0.47  0.95  0.93  0.99  0.05 ]
[ 0.02  0.04  0.02  0.02  0.31  0.08  0.80  0.01  0.93  0.06  0.22  0.76 ]
[ 0.89  0.97  0.03  0.90  0.69  0.04  0.10  0.40  0.89  0.09  0.96  0.94 ]
[ 0.90  0.06  0.03  0.02  0.96  0.84  0.05  0.03  0.99  0.05  0.24  0.60 ]
[ 0.22  0.99  0.99  0.75  0.89  0.99  0.98  0.99  0.99  0.90  1.00  0.97 ]
[ 1.00  1.00  0.97  0.99  0.99  0.98  0.98  1.00  0.68  0.99  1.00  0.99 ]
[ 1.00  1.00  1.00  1.00  1.00  1.00  0.99  0.99  1.00  1.00  1.00  0.35 ]

01/29 03:31:00 AM | === Batch 17/150
01/29 03:31:01 AM | loss = 0.507 + 0.446 + 0.042 = 0.995
01/29 03:31:01 AM | attribution_score[0:12]: 
[ 1.00  0.98  0.55  0.01  0.12  0.21  0.04  0.02  0.02  0.32  0.04  0.99 ]
[ 0.99  0.14  0.97  0.02  0.91  0.50  0.96  0.02  0.93  0.99  0.98  0.78 ]
[ 1.00  0.98  0.07  0.99  0.02  0.99  0.96  0.94  0.04  0.10  0.07  1.00 ]
[ 0.23  0.87  0.99  0.90  0.91  0.95  0.85  0.99  0.61  0.85  0.94  0.95 ]
[ 0.83  0.62  1.00  0.56  0.85  0.64  0.11  0.16  0.99  0.87  0.94  0.95 ]
[ 0.92  0.89  0.31  0.04  0.04  0.25  0.77  0.33  0.82  0.61  0.02  0.85 ]
[ 0.91  0.37  0.81  0.74  0.91  0.43  0.60  0.41  0.95  0.93  0.99  0.04 ]
[ 0.01  0.04  0.02  0.01  0.26  0.07  0.81  0.01  0.94  0.06  0.23  0.77 ]
[ 0.89  0.98  0.02  0.91  0.71  0.03  0.09  0.41  0.88  0.08  0.96  0.94 ]
[ 0.91  0.05  0.03  0.02  0.96  0.82  0.04  0.02  0.99  0.04  0.22  0.58 ]
[ 0.19  0.99  0.99  0.76  0.90  0.99  0.98  0.99  0.99  0.90  1.00  0.97 ]
[ 1.00  1.00  0.97  1.00  0.99  0.99  0.98  1.00  0.66  0.99  1.00  0.99 ]
[ 1.00  1.00  1.00  1.00  1.00  1.00  0.99  0.99  1.00  1.00  1.00  0.28 ]

01/29 03:31:01 AM | === Batch 18/150
01/29 03:31:01 AM | loss = 0.548 + 0.400 + 0.040 = 0.988
01/29 03:31:01 AM | attribution_score[0:12]: 
[ 1.00  0.98  0.51  0.01  0.10  0.22  0.04  0.02  0.01  0.29  0.03  0.99 ]
[ 0.99  0.14  0.98  0.02  0.90  0.50  0.96  0.01  0.94  0.99  0.98  0.75 ]
[ 1.00  0.98  0.06  0.99  0.02  0.99  0.96  0.94  0.04  0.08  0.06  1.00 ]
[ 0.22  0.87  0.99  0.89  0.93  0.96  0.83  0.99  0.58  0.83  0.95  0.95 ]
[ 0.81  0.63  1.00  0.61  0.85  0.58  0.11  0.14  0.99  0.87  0.94  0.95 ]
[ 0.93  0.89  0.28  0.04  0.03  0.24  0.75  0.29  0.82  0.63  0.02  0.85 ]
[ 0.91  0.36  0.76  0.75  0.92  0.41  0.54  0.37  0.95  0.93  0.99  0.04 ]
[ 0.01  0.03  0.02  0.01  0.21  0.07  0.81  0.01  0.95  0.05  0.23  0.76 ]
[ 0.90  0.98  0.02  0.91  0.72  0.03  0.07  0.41  0.88  0.07  0.97  0.94 ]
[ 0.91  0.04  0.02  0.02  0.97  0.80  0.03  0.02  0.99  0.03  0.21  0.55 ]
[ 0.16  0.99  0.99  0.76  0.90  0.99  0.98  0.99  1.00  0.90  1.00  0.98 ]
[ 1.00  1.00  0.97  1.00  1.00  0.99  0.98  1.00  0.64  0.99  1.00  0.99 ]
[ 1.00  1.00  1.00  1.00  1.00  1.00  0.99  0.99  1.00  1.00  1.00  0.22 ]

01/29 03:31:01 AM | === Batch 19/150
01/29 03:31:01 AM | loss = 0.484 + 0.345 + 0.039 = 0.868
01/29 03:31:02 AM | attribution_score[0:12]: 
[ 1.00  0.99  0.46  0.01  0.09  0.22  0.03  0.02  0.01  0.24  0.03  0.99 ]
[ 0.99  0.13  0.98  0.01  0.89  0.51  0.96  0.01  0.95  0.99  0.98  0.72 ]
[ 1.00  0.98  0.05  0.99  0.01  0.99  0.96  0.94  0.03  0.07  0.06  1.00 ]
[ 0.20  0.86  0.99  0.88  0.94  0.96  0.79  0.99  0.53  0.81  0.96  0.95 ]
[ 0.80  0.64  1.00  0.67  0.84  0.52  0.11  0.12  0.99  0.88  0.94  0.96 ]
[ 0.93  0.89  0.26  0.04  0.03  0.23  0.72  0.24  0.82  0.65  0.02  0.85 ]
[ 0.90  0.34  0.69  0.73  0.92  0.41  0.47  0.34  0.95  0.93  0.99  0.03 ]
[ 0.01  0.03  0.01  0.01  0.17  0.07  0.81  0.01  0.95  0.04  0.22  0.74 ]
[ 0.90  0.99  0.02  0.92  0.74  0.02  0.06  0.40  0.87  0.06  0.97  0.94 ]
[ 0.92  0.03  0.02  0.01  0.97  0.79  0.03  0.02  0.99  0.03  0.19  0.52 ]
[ 0.14  0.99  0.99  0.75  0.90  0.99  0.98  0.99  1.00  0.90  1.00  0.98 ]
[ 1.00  1.00  0.97  1.00  1.00  0.99  0.98  1.00  0.61  0.99  1.00  0.99 ]
[ 1.00  1.00  1.00  1.00  1.00  1.00  0.99  0.99  1.00  1.00  1.00  0.17 ]

01/29 03:31:02 AM | === Batch 20/150
01/29 03:31:02 AM | loss = 0.539 + 0.281 + 0.037 = 0.857
01/29 03:31:02 AM | === Batch 21/150
01/29 03:31:02 AM | loss = 0.613 + 0.215 + 0.036 = 0.864
01/29 03:31:03 AM | === Batch 22/150
01/29 03:31:03 AM | loss = 0.530 + 0.149 + 0.034 = 0.713
01/29 03:31:03 AM | === Batch 23/150
01/29 03:31:03 AM | loss = 0.690 + 0.082 + 0.033 = 0.805
01/29 03:31:04 AM | === Batch 24/150
01/29 03:31:04 AM | loss = 0.759 + 0.023 + 0.032 = 0.814
01/29 03:31:04 AM | === Batch 25/150
01/29 03:31:04 AM | loss = 0.551 + 0.070 + 0.031 = 0.652
01/29 03:31:05 AM | === Batch 26/150
01/29 03:31:05 AM | loss = 0.555 + 0.074 + 0.030 = 0.659
01/29 03:31:05 AM | === Batch 27/150
01/29 03:31:05 AM | loss = 0.555 + 0.004 + 0.029 = 0.587
01/29 03:31:06 AM | === Batch 28/150
01/29 03:31:06 AM | loss = 0.544 + 0.031 + 0.028 = 0.602
01/29 03:31:06 AM | === Batch 29/150
01/29 03:31:06 AM | loss = 0.561 + 0.043 + 0.027 = 0.631
01/29 03:31:07 AM | === Batch 30/150
01/29 03:31:07 AM | loss = 0.532 + 0.042 + 0.026 = 0.600
01/29 03:31:07 AM | === Batch 31/150
01/29 03:31:07 AM | loss = 0.572 + 0.030 + 0.026 = 0.627
01/29 03:31:07 AM | === Batch 32/150
01/29 03:31:08 AM | loss = 0.467 + 0.008 + 0.025 = 0.500
01/29 03:31:08 AM | === Batch 33/150
01/29 03:31:08 AM | loss = 0.664 + 0.039 + 0.025 = 0.727
01/29 03:31:08 AM | === Batch 34/150
01/29 03:31:09 AM | loss = 0.502 + 0.029 + 0.024 = 0.555
01/29 03:31:09 AM | === Batch 35/150
01/29 03:31:09 AM | loss = 0.519 + 0.020 + 0.024 = 0.563
01/29 03:31:09 AM | === Batch 36/150
01/29 03:31:10 AM | loss = 0.643 + 0.045 + 0.024 = 0.711
01/29 03:31:10 AM | === Batch 37/150
01/29 03:31:10 AM | loss = 0.463 + 0.058 + 0.023 = 0.545
01/29 03:31:10 AM | === Batch 38/150
01/29 03:31:10 AM | loss = 0.319 + 0.061 + 0.023 = 0.403
01/29 03:31:11 AM | === Batch 39/150
01/29 03:31:11 AM | loss = 0.478 + 0.052 + 0.022 = 0.553
01/29 03:31:11 AM | === Batch 40/150
01/29 03:31:11 AM | loss = 0.523 + 0.033 + 0.022 = 0.578
01/29 03:31:12 AM | === Batch 41/150
01/29 03:31:12 AM | loss = 0.470 + 0.006 + 0.022 = 0.498
01/29 03:31:12 AM | === Batch 42/150
01/29 03:31:12 AM | loss = 0.408 + 0.052 + 0.022 = 0.482
01/29 03:31:13 AM | === Batch 43/150
01/29 03:31:13 AM | loss = 0.646 + 0.049 + 0.021 = 0.717
01/29 03:31:13 AM | === Batch 44/150
01/29 03:31:13 AM | loss = 0.452 + 0.002 + 0.021 = 0.475
01/29 03:31:14 AM | === Batch 45/150
01/29 03:31:14 AM | loss = 0.476 + 0.018 + 0.021 = 0.515
01/29 03:31:14 AM | === Batch 46/150
01/29 03:31:14 AM | loss = 0.401 + 0.026 + 0.021 = 0.447
01/29 03:31:14 AM | === Batch 47/150
01/29 03:31:15 AM | loss = 0.487 + 0.024 + 0.020 = 0.531
01/29 03:31:15 AM | === Batch 48/150
01/29 03:31:15 AM | loss = 0.664 + 0.013 + 0.020 = 0.697
01/29 03:31:15 AM | === Batch 49/150
01/29 03:31:16 AM | loss = 0.554 + 0.007 + 0.020 = 0.581
01/29 03:31:16 AM | === Batch 50/150
01/29 03:31:16 AM | loss = 0.524 + 0.012 + 0.020 = 0.556
01/29 03:31:16 AM | === Batch 51/150
01/29 03:31:17 AM | loss = 0.349 + 0.018 + 0.019 = 0.386
01/29 03:31:17 AM | === Batch 52/150
01/29 03:31:17 AM | loss = 0.318 + 0.017 + 0.019 = 0.354
01/29 03:31:17 AM | === Batch 53/150
01/29 03:31:17 AM | loss = 0.396 + 0.009 + 0.019 = 0.424
01/29 03:31:18 AM | === Batch 54/150
01/29 03:31:18 AM | loss = 0.360 + 0.010 + 0.019 = 0.388
01/29 03:31:18 AM | === Batch 55/150
01/29 03:31:18 AM | loss = 0.304 + 0.010 + 0.018 = 0.332
01/29 03:31:19 AM | === Batch 56/150
01/29 03:31:19 AM | loss = 0.436 + 0.016 + 0.018 = 0.470
01/29 03:31:19 AM | === Batch 57/150
01/29 03:31:19 AM | loss = 0.508 + 0.015 + 0.018 = 0.540
01/29 03:31:20 AM | === Batch 58/150
01/29 03:31:20 AM | loss = 0.554 + 0.007 + 0.018 = 0.579
01/29 03:31:20 AM | === Batch 59/150
01/29 03:31:20 AM | loss = 0.470 + 0.012 + 0.018 = 0.500
01/29 03:31:21 AM | === Batch 60/150
01/29 03:31:21 AM | loss = 0.658 + 0.005 + 0.017 = 0.680
01/29 03:31:21 AM | === Batch 61/150
01/29 03:31:21 AM | loss = 0.603 + 0.011 + 0.017 = 0.631
01/29 03:31:22 AM | === Batch 62/150
01/29 03:31:22 AM | loss = 0.410 + 0.010 + 0.017 = 0.437
01/29 03:31:22 AM | === Batch 63/150
01/29 03:31:22 AM | loss = 0.479 + 0.003 + 0.017 = 0.499
01/29 03:31:23 AM | === Batch 64/150
01/29 03:31:23 AM | loss = 0.449 + 0.020 + 0.017 = 0.486
01/29 03:31:23 AM | === Batch 65/150
01/29 03:31:23 AM | loss = 0.295 + 0.002 + 0.017 = 0.313
01/29 03:31:23 AM | === Batch 66/150
01/29 03:31:24 AM | loss = 0.358 + 0.007 + 0.016 = 0.381
01/29 03:31:24 AM | === Batch 67/150
01/29 03:31:24 AM | loss = 0.482 + 0.004 + 0.016 = 0.502
01/29 03:31:24 AM | === Batch 68/150
01/29 03:31:25 AM | loss = 0.609 + 0.007 + 0.016 = 0.632
01/29 03:31:25 AM | === Batch 69/150
01/29 03:31:25 AM | loss = 0.502 + 0.014 + 0.016 = 0.532
01/29 03:31:25 AM | === Batch 70/150
01/29 03:31:25 AM | loss = 0.330 + 0.024 + 0.015 = 0.369
01/29 03:31:26 AM | === Batch 71/150
01/29 03:31:26 AM | loss = 0.457 + 0.024 + 0.015 = 0.497
01/29 03:31:26 AM | === Batch 72/150
01/29 03:31:26 AM | loss = 0.461 + 0.019 + 0.015 = 0.495
01/29 03:31:27 AM | === Batch 73/150
01/29 03:31:27 AM | loss = 0.597 + 0.007 + 0.015 = 0.619
01/29 03:31:27 AM | === Batch 74/150
01/29 03:31:27 AM | loss = 0.345 + 0.015 + 0.015 = 0.376
01/29 03:31:28 AM | === Batch 75/150
01/29 03:31:28 AM | loss = 0.522 + 0.000 + 0.015 = 0.537
01/29 03:31:28 AM | === Batch 76/150
01/29 03:31:28 AM | loss = 0.433 + 0.029 + 0.015 = 0.477
01/29 03:31:29 AM | === Batch 77/150
01/29 03:31:29 AM | loss = 0.274 + 0.050 + 0.014 = 0.338
01/29 03:31:29 AM | === Batch 78/150
01/29 03:31:29 AM | loss = 0.361 + 0.061 + 0.014 = 0.437
01/29 03:31:30 AM | === Batch 79/150
01/29 03:31:30 AM | loss = 0.387 + 0.065 + 0.014 = 0.467
01/29 03:31:30 AM | === Batch 80/150
01/29 03:31:30 AM | loss = 0.453 + 0.062 + 0.014 = 0.529
01/29 03:31:30 AM | === Batch 81/150
01/29 03:31:31 AM | loss = 0.289 + 0.050 + 0.014 = 0.354
01/29 03:31:31 AM | === Batch 82/150
01/29 03:31:31 AM | loss = 0.471 + 0.032 + 0.014 = 0.517
01/29 03:31:31 AM | === Batch 83/150
01/29 03:31:31 AM | loss = 0.502 + 0.011 + 0.014 = 0.527
01/29 03:31:32 AM | === Batch 84/150
01/29 03:31:32 AM | loss = 0.442 + 0.029 + 0.014 = 0.485
01/29 03:31:32 AM | === Batch 85/150
01/29 03:31:32 AM | loss = 0.444 + 0.025 + 0.014 = 0.483
01/29 03:31:32 AM | === Batch 86/150
01/29 03:31:33 AM | loss = 0.611 + 0.013 + 0.014 = 0.638
01/29 03:31:33 AM | === Batch 87/150
01/29 03:31:33 AM | loss = 0.487 + 0.031 + 0.014 = 0.532
01/29 03:31:33 AM | === Batch 88/150
01/29 03:31:33 AM | loss = 0.428 + 0.041 + 0.013 = 0.482
01/29 03:31:34 AM | === Batch 89/150
01/29 03:31:34 AM | loss = 0.424 + 0.043 + 0.013 = 0.480
01/29 03:31:34 AM | === Batch 90/150
01/29 03:31:34 AM | loss = 0.485 + 0.039 + 0.013 = 0.538
01/29 03:31:34 AM | === Batch 91/150
01/29 03:31:35 AM | loss = 0.528 + 0.030 + 0.013 = 0.572
01/29 03:31:35 AM | === Batch 92/150
01/29 03:31:35 AM | loss = 0.276 + 0.015 + 0.013 = 0.304
01/29 03:31:35 AM | === Batch 93/150
01/29 03:31:35 AM | loss = 0.476 + 0.012 + 0.013 = 0.502
01/29 03:31:36 AM | === Batch 94/150
01/29 03:31:36 AM | loss = 0.455 + 0.010 + 0.013 = 0.478
01/29 03:31:36 AM | === Batch 95/150
01/29 03:31:36 AM | loss = 0.487 + 0.015 + 0.013 = 0.515
01/29 03:31:36 AM | === Batch 96/150
01/29 03:31:36 AM | loss = 0.331 + 0.027 + 0.013 = 0.371
01/29 03:31:37 AM | === Batch 97/150
01/29 03:31:37 AM | loss = 0.407 + 0.031 + 0.013 = 0.451
01/29 03:31:37 AM | === Batch 98/150
01/29 03:31:37 AM | loss = 0.457 + 0.028 + 0.013 = 0.497
01/29 03:31:38 AM | === Batch 99/150
01/29 03:31:38 AM | loss = 0.544 + 0.018 + 0.012 = 0.574
01/29 03:31:38 AM | === Batch 100/150
01/29 03:31:38 AM | loss = 0.451 + 0.005 + 0.012 = 0.468
01/29 03:31:38 AM | attribution_score[0:12]: 
[ 1.00  0.99  0.06  0.00  0.00  0.89  0.00  0.00  0.00  0.97  0.00  1.00 ]
[ 1.00  0.01  0.99  0.00  0.98  0.95  0.99  0.00  0.99  1.00  0.99  0.27 ]
[ 1.00  0.86  0.00  0.99  0.00  1.00  0.70  0.91  0.00  0.00  0.00  1.00 ]
[ 0.05  0.06  1.00  0.99  0.22  0.99  0.97  0.99  0.04  0.29  0.99  0.82 ]
[ 0.92  0.96  1.00  0.99  0.99  0.98  0.01  0.02  1.00  0.99  0.97  0.99 ]
[ 0.99  0.99  0.01  0.00  0.01  0.08  0.90  0.02  0.92  0.08  0.00  0.99 ]
[ 0.95  0.06  0.02  0.97  1.00  0.07  0.02  0.03  1.00  0.97  1.00  0.04 ]
[ 0.00  0.01  0.00  0.00  0.01  0.99  1.00  0.00  0.99  0.01  0.02  0.16 ]
[ 0.98  1.00  0.00  0.98  0.93  0.00  0.00  0.04  0.98  0.01  1.00  0.99 ]
[ 0.95  0.00  0.00  0.00  1.00  0.92  0.00  0.00  1.00  0.00  0.05  0.11 ]
[ 0.01  1.00  1.00  0.01  0.91  1.00  0.99  1.00  1.00  0.95  1.00  0.99 ]
[ 1.00  1.00  0.99  1.00  1.00  1.00  1.00  1.00  0.02  1.00  1.00  1.00 ]
[ 1.00  1.00  1.00  1.00  1.00  1.00  1.00  1.00  1.00  1.00  1.00  0.00 ]

01/29 03:31:38 AM | === Batch 101/150
01/29 03:31:38 AM | loss = 0.412 + 0.023 + 0.012 = 0.448
01/29 03:31:39 AM | === Batch 102/150
01/29 03:31:39 AM | loss = 0.446 + 0.018 + 0.012 = 0.476
01/29 03:31:39 AM | === Batch 103/150
01/29 03:31:39 AM | loss = 0.604 + 0.014 + 0.012 = 0.631
01/29 03:31:39 AM | === Batch 104/150
01/29 03:31:40 AM | loss = 0.485 + 0.031 + 0.012 = 0.529
01/29 03:31:40 AM | === Batch 105/150
01/29 03:31:40 AM | loss = 0.326 + 0.041 + 0.012 = 0.379
01/29 03:31:40 AM | === Batch 106/150
01/29 03:31:40 AM | loss = 0.408 + 0.044 + 0.012 = 0.464
01/29 03:31:41 AM | === Batch 107/150
01/29 03:31:41 AM | loss = 0.524 + 0.042 + 0.012 = 0.578
01/29 03:31:41 AM | === Batch 108/150
01/29 03:31:41 AM | loss = 0.426 + 0.034 + 0.012 = 0.471
01/29 03:31:41 AM | === Batch 109/150
01/29 03:31:42 AM | loss = 0.303 + 0.021 + 0.012 = 0.336
01/29 03:31:42 AM | === Batch 110/150
01/29 03:31:42 AM | loss = 0.441 + 0.004 + 0.012 = 0.457
01/29 03:31:42 AM | === Batch 111/150
01/29 03:31:42 AM | loss = 0.512 + 0.030 + 0.012 = 0.555
01/29 03:31:43 AM | === Batch 112/150
01/29 03:31:43 AM | loss = 0.468 + 0.029 + 0.012 = 0.509
01/29 03:31:43 AM | === Batch 113/150
01/29 03:31:43 AM | loss = 0.521 + 0.002 + 0.012 = 0.535
01/29 03:31:43 AM | === Batch 114/150
01/29 03:31:43 AM | loss = 0.415 + 0.016 + 0.011 = 0.442
01/29 03:31:44 AM | === Batch 115/150
01/29 03:31:44 AM | loss = 0.388 + 0.023 + 0.011 = 0.422
01/29 03:31:44 AM | === Batch 116/150
01/29 03:31:44 AM | loss = 0.369 + 0.024 + 0.011 = 0.404
01/29 03:31:44 AM | === Batch 117/150
01/29 03:31:45 AM | loss = 0.397 + 0.021 + 0.011 = 0.429
01/29 03:31:45 AM | === Batch 118/150
01/29 03:31:45 AM | loss = 0.313 + 0.012 + 0.011 = 0.336
01/29 03:31:45 AM | === Batch 119/150
01/29 03:31:45 AM | loss = 0.538 + 0.000 + 0.011 = 0.549
01/29 03:31:46 AM | === Batch 120/150
01/29 03:31:46 AM | loss = 0.365 + 0.031 + 0.011 = 0.407
01/29 03:31:46 AM | === Batch 121/150
01/29 03:31:46 AM | loss = 0.322 + 0.029 + 0.011 = 0.362
01/29 03:31:47 AM | === Batch 122/150
01/29 03:31:47 AM | loss = 0.413 + 0.000 + 0.010 = 0.423
01/29 03:31:47 AM | === Batch 123/150
01/29 03:31:47 AM | loss = 0.371 + 0.010 + 0.010 = 0.391
01/29 03:31:47 AM | === Batch 124/150
01/29 03:31:47 AM | loss = 0.416 + 0.012 + 0.010 = 0.438
01/29 03:31:48 AM | === Batch 125/150
01/29 03:31:48 AM | loss = 0.333 + 0.009 + 0.010 = 0.352
01/29 03:31:48 AM | === Batch 126/150
01/29 03:31:48 AM | loss = 0.389 + 0.002 + 0.010 = 0.401
01/29 03:31:48 AM | === Batch 127/150
01/29 03:31:49 AM | loss = 0.409 + 0.018 + 0.010 = 0.437
01/29 03:31:49 AM | === Batch 128/150
01/29 03:31:49 AM | loss = 0.371 + 0.008 + 0.010 = 0.389
01/29 03:31:49 AM | === Batch 129/150
01/29 03:31:49 AM | loss = 0.522 + 0.016 + 0.010 = 0.549
01/29 03:31:50 AM | === Batch 130/150
01/29 03:31:50 AM | loss = 0.352 + 0.030 + 0.010 = 0.393
01/29 03:31:50 AM | === Batch 131/150
01/29 03:31:50 AM | loss = 0.400 + 0.038 + 0.010 = 0.448
01/29 03:31:50 AM | === Batch 132/150
01/29 03:31:50 AM | loss = 0.444 + 0.041 + 0.010 = 0.495
01/29 03:31:51 AM | === Batch 133/150
01/29 03:31:51 AM | loss = 0.376 + 0.038 + 0.010 = 0.424
01/29 03:31:51 AM | === Batch 134/150
01/29 03:31:51 AM | loss = 0.400 + 0.031 + 0.010 = 0.441
01/29 03:31:51 AM | === Batch 135/150
01/29 03:31:52 AM | loss = 0.401 + 0.019 + 0.010 = 0.431
01/29 03:31:52 AM | === Batch 136/150
01/29 03:31:52 AM | loss = 0.771 + 0.004 + 0.010 = 0.785
01/29 03:31:52 AM | === Batch 137/150
01/29 03:31:52 AM | loss = 0.301 + 0.028 + 0.010 = 0.339
01/29 03:31:53 AM | === Batch 138/150
01/29 03:31:53 AM | loss = 0.394 + 0.028 + 0.010 = 0.431
01/29 03:31:53 AM | === Batch 139/150
01/29 03:31:53 AM | loss = 0.464 + 0.001 + 0.010 = 0.475
01/29 03:31:53 AM | === Batch 140/150
01/29 03:31:54 AM | loss = 0.394 + 0.012 + 0.010 = 0.416
01/29 03:31:54 AM | === Batch 141/150
01/29 03:31:54 AM | loss = 0.499 + 0.016 + 0.010 = 0.526
01/29 03:31:54 AM | === Batch 142/150
01/29 03:31:54 AM | loss = 0.598 + 0.017 + 0.010 = 0.625
01/29 03:31:55 AM | === Batch 143/150
01/29 03:31:55 AM | loss = 0.447 + 0.013 + 0.010 = 0.469
01/29 03:31:55 AM | === Batch 144/150
01/29 03:31:55 AM | loss = 0.464 + 0.004 + 0.010 = 0.478
01/29 03:31:55 AM | === Batch 145/150
01/29 03:31:55 AM | loss = 0.366 + 0.015 + 0.010 = 0.391
01/29 03:31:56 AM | === Batch 146/150
01/29 03:31:56 AM | loss = 0.587 + 0.004 + 0.010 = 0.600
01/29 03:31:56 AM | === Batch 147/150
01/29 03:31:56 AM | loss = 0.419 + 0.019 + 0.010 = 0.448
01/29 03:31:57 AM | === Batch 148/150
01/29 03:31:57 AM | loss = 0.407 + 0.033 + 0.010 = 0.450
01/29 03:31:57 AM | === Batch 149/150
01/29 03:31:57 AM | loss = 0.384 + 0.042 + 0.010 = 0.435
01/29 03:31:57 AM | === Batch 150/150
01/29 03:31:57 AM | loss = 0.447 + 0.044 + 0.010 = 0.501
01/29 03:31:58 AM | ===
Best loss was 0.30 at iteration 92

01/29 03:31:58 AM | Looking for optimal threshold...
01/29 03:31:58 AM | Testing threshold 0.5
01/29 03:31:58 AM | Distance to target: 1,518,536
01/29 03:31:58 AM | Testing threshold 0.75
01/29 03:31:58 AM | Distance to target: 5,674,792
01/29 03:31:58 AM | Testing threshold 0.625
01/29 03:31:58 AM | Distance to target: 1,317,312
01/29 03:31:58 AM | Testing threshold 0.5625
01/29 03:31:58 AM | Distance to target: 709,512
01/29 03:31:58 AM | Testing threshold 0.59375
01/29 03:31:58 AM | Distance to target: 7,032
01/29 03:31:59 AM | attribution_score[0:12]: 
[ 1.00  1.00  0.00  0.00  0.00  1.00  0.00  0.00  0.00  1.00  0.00  1.00 ]
[ 1.00  0.00  1.00  0.00  1.00  1.00  1.00  0.00  1.00  1.00  1.00  0.00 ]
[ 1.00  1.00  0.00  1.00  0.00  1.00  1.00  1.00  0.00  0.00  0.00  1.00 ]
[ 0.00  0.00  1.00  1.00  0.00  1.00  1.00  1.00  0.00  0.00  1.00  1.00 ]
[ 1.00  1.00  1.00  1.00  1.00  1.00  0.00  0.00  1.00  1.00  1.00  1.00 ]
[ 1.00  1.00  0.00  0.00  0.00  0.00  1.00  0.00  1.00  0.00  0.00  1.00 ]
[ 1.00  0.00  0.00  1.00  1.00  0.00  0.00  0.00  1.00  1.00  1.00  0.00 ]
[ 0.00  0.00  0.00  0.00  0.00  1.00  1.00  0.00  1.00  0.00  0.00  0.00 ]
[ 1.00  1.00  0.00  1.00  1.00  0.00  0.00  0.00  1.00  0.00  1.00  1.00 ]
[ 1.00  0.00  0.00  0.00  1.00  1.00  0.00  0.00  1.00  0.00  0.00  0.00 ]
[ 0.00  1.00  1.00  0.00  1.00  1.00  1.00  1.00  1.00  1.00  1.00  1.00 ]
[ 1.00  1.00  1.00  1.00  1.00  1.00  1.00  1.00  0.00  1.00  1.00  1.00 ]
[ 1.00  1.00  1.00  1.00  1.00  1.00  1.00  1.00  1.00  1.00  1.00  0.00 ]

01/29 03:31:59 AM | VGG(
  (features): Sequential(
    (conv0): Conv2d(3, 26, kernel_size=(3, 3), stride=(1, 1), padding=(1, 1))
    (norm0): BatchNorm2d(26, eps=1e-05, momentum=0.1, affine=True, track_running_stats=True)
    (relu0): ReLU(inplace=True)
    (conv1): Conv2d(26, 48, kernel_size=(3, 3), stride=(1, 1), padding=(1, 1))
    (norm1): BatchNorm2d(48, eps=1e-05, momentum=0.1, affine=True, track_running_stats=True)
    (relu1): ReLU(inplace=True)
    (pool2): MaxPool2d(kernel_size=2, stride=2, padding=0, dilation=1, ceil_mode=False)
    (conv3): Conv2d(48, 78, kernel_size=(3, 3), stride=(1, 1), padding=(1, 1))
    (norm3): BatchNorm2d(78, eps=1e-05, momentum=0.1, affine=True, track_running_stats=True)
    (relu3): ReLU(inplace=True)
    (conv4): Conv2d(78, 98, kernel_size=(3, 3), stride=(1, 1), padding=(1, 1))
    (norm4): BatchNorm2d(98, eps=1e-05, momentum=0.1, affine=True, track_running_stats=True)
    (relu4): ReLU(inplace=True)
    (pool5): MaxPool2d(kernel_size=2, stride=2, padding=0, dilation=1, ceil_mode=False)
    (conv6): Conv2d(98, 156, kernel_size=(3, 3), stride=(1, 1), padding=(1, 1))
    (norm6): BatchNorm2d(156, eps=1e-05, momentum=0.1, affine=True, track_running_stats=True)
    (relu6): ReLU(inplace=True)
    (conv7): Conv2d(156, 134, kernel_size=(3, 3), stride=(1, 1), padding=(1, 1))
    (norm7): BatchNorm2d(134, eps=1e-05, momentum=0.1, affine=True, track_running_stats=True)
    (relu7): ReLU(inplace=True)
    (conv8): Conv2d(134, 156, kernel_size=(3, 3), stride=(1, 1), padding=(1, 1))
    (norm8): BatchNorm2d(156, eps=1e-05, momentum=0.1, affine=True, track_running_stats=True)
    (relu8): ReLU(inplace=True)
    (pool9): MaxPool2d(kernel_size=2, stride=2, padding=0, dilation=1, ceil_mode=False)
    (conv10): Conv2d(156, 224, kernel_size=(3, 3), stride=(1, 1), padding=(1, 1))
    (norm10): BatchNorm2d(224, eps=1e-05, momentum=0.1, affine=True, track_running_stats=True)
    (relu10): ReLU(inplace=True)
    (conv11): Conv2d(224, 179, kernel_size=(3, 3), stride=(1, 1), padding=(1, 1))
    (norm11): BatchNorm2d(179, eps=1e-05, momentum=0.1, affine=True, track_running_stats=True)
    (relu11): ReLU(inplace=True)
    (conv12): Conv2d(179, 253, kernel_size=(3, 3), stride=(1, 1), padding=(1, 1))
    (norm12): BatchNorm2d(253, eps=1e-05, momentum=0.1, affine=True, track_running_stats=True)
    (relu12): ReLU(inplace=True)
    (pool13): MaxPool2d(kernel_size=2, stride=2, padding=0, dilation=1, ceil_mode=False)
    (conv14): Conv2d(253, 400, kernel_size=(3, 3), stride=(1, 1), padding=(1, 1))
    (norm14): BatchNorm2d(400, eps=1e-05, momentum=0.1, affine=True, track_running_stats=True)
    (relu14): ReLU(inplace=True)
    (conv15): Conv2d(400, 471, kernel_size=(3, 3), stride=(1, 1), padding=(1, 1))
    (norm15): BatchNorm2d(471, eps=1e-05, momentum=0.1, affine=True, track_running_stats=True)
    (relu15): ReLU(inplace=True)
    (conv16): Conv2d(471, 509, kernel_size=(3, 3), stride=(1, 1), padding=(1, 1))
    (norm16): BatchNorm2d(509, eps=1e-05, momentum=0.1, affine=True, track_running_stats=True)
    (relu16): ReLU(inplace=True)
  )
  (classifier): Sequential(
    (linear1): Linear(in_features=509, out_features=512, bias=True)
    (norm1): BatchNorm1d(512, eps=1e-05, momentum=0.1, affine=True, track_running_stats=True)
    (relu1): ReLU(inplace=True)
    (linear2): Linear(in_features=512, out_features=10, bias=True)
  )
)
01/29 03:32:01 AM | ----------------------------------------
01/29 03:32:01 AM | Performances input model:
01/29 03:32:01 AM |  - flops: 314,294,272
01/29 03:32:01 AM |  - params: 14,991,946
01/29 03:32:01 AM |  - accuracy: 93.95999908447266
01/29 03:32:01 AM | ----------------------------------------
01/29 03:32:01 AM | Performances pseudo-pruned model:
01/29 03:32:01 AM |  - flops: 314,294,272
01/29 03:32:01 AM |  - params: 14,991,946
01/29 03:32:01 AM |  - accuracy: 80.5
01/29 03:32:01 AM | ----------------------------------------
01/29 03:32:01 AM | Performances pruned model:
01/29 03:32:01 AM |  - flops: 108,491,884
01/29 03:32:01 AM |  - params: 6,750,754
01/29 03:32:01 AM |  - accuracy: 80.5
01/29 03:32:01 AM | ----------------------------------------
01/29 03:32:01 AM | Total time: 74.69s
