01/29 03:46:42 AM | args = Namespace(output_dir='result/rebuttal/nb_epoch/vgg/nbbtchs300/seed_01', loaded_model_path='./checkpoints/cifar10/vgg_16_bn.pt', resume=False, test_only=False, mode='prune', batch_size=64, nb_batches=300, Mflops_target=None, lr=0.6, momentum=0.9, beta=6, gamma=0.4, gpu='0', num_workers=4, dataset='cifar10', arch='vgg_16_bn', save_plot=False, seed=1, lr_finetuning=0.02, epoch_finetuning=200, wd=0.002, data_dir='./data/cifar10/', print_freq=200, num_classes=10, device_ids=[0], device=device(type='cuda', index=0), name_base='')
01/29 03:46:48 AM | ----------------------------------------
01/29 03:46:48 AM | ==> Building model...
01/29 03:46:48 AM | ----------------------------------------
01/29 03:46:48 AM | ==> Loading weights into the model...
01/29 03:46:48 AM | ----------------------------------------
01/29 03:46:48 AM | VGG(
  (features): Sequential(
    (conv0): Conv2d(3, 64, kernel_size=(3, 3), stride=(1, 1), padding=(1, 1))
    (norm0): BatchNorm2d(64, eps=1e-05, momentum=0.1, affine=True, track_running_stats=True)
    (relu0): ReLU(inplace=True)
    (conv1): Conv2d(64, 64, kernel_size=(3, 3), stride=(1, 1), padding=(1, 1))
    (norm1): BatchNorm2d(64, eps=1e-05, momentum=0.1, affine=True, track_running_stats=True)
    (relu1): ReLU(inplace=True)
    (pool2): MaxPool2d(kernel_size=2, stride=2, padding=0, dilation=1, ceil_mode=False)
    (conv3): Conv2d(64, 128, kernel_size=(3, 3), stride=(1, 1), padding=(1, 1))
    (norm3): BatchNorm2d(128, eps=1e-05, momentum=0.1, affine=True, track_running_stats=True)
    (relu3): ReLU(inplace=True)
    (conv4): Conv2d(128, 128, kernel_size=(3, 3), stride=(1, 1), padding=(1, 1))
    (norm4): BatchNorm2d(128, eps=1e-05, momentum=0.1, affine=True, track_running_stats=True)
    (relu4): ReLU(inplace=True)
    (pool5): MaxPool2d(kernel_size=2, stride=2, padding=0, dilation=1, ceil_mode=False)
    (conv6): Conv2d(128, 256, kernel_size=(3, 3), stride=(1, 1), padding=(1, 1))
    (norm6): BatchNorm2d(256, eps=1e-05, momentum=0.1, affine=True, track_running_stats=True)
    (relu6): ReLU(inplace=True)
    (conv7): Conv2d(256, 256, kernel_size=(3, 3), stride=(1, 1), padding=(1, 1))
    (norm7): BatchNorm2d(256, eps=1e-05, momentum=0.1, affine=True, track_running_stats=True)
    (relu7): ReLU(inplace=True)
    (conv8): Conv2d(256, 256, kernel_size=(3, 3), stride=(1, 1), padding=(1, 1))
    (norm8): BatchNorm2d(256, eps=1e-05, momentum=0.1, affine=True, track_running_stats=True)
    (relu8): ReLU(inplace=True)
    (pool9): MaxPool2d(kernel_size=2, stride=2, padding=0, dilation=1, ceil_mode=False)
    (conv10): Conv2d(256, 512, kernel_size=(3, 3), stride=(1, 1), padding=(1, 1))
    (norm10): BatchNorm2d(512, eps=1e-05, momentum=0.1, affine=True, track_running_stats=True)
    (relu10): ReLU(inplace=True)
    (conv11): Conv2d(512, 512, kernel_size=(3, 3), stride=(1, 1), padding=(1, 1))
    (norm11): BatchNorm2d(512, eps=1e-05, momentum=0.1, affine=True, track_running_stats=True)
    (relu11): ReLU(inplace=True)
    (conv12): Conv2d(512, 512, kernel_size=(3, 3), stride=(1, 1), padding=(1, 1))
    (norm12): BatchNorm2d(512, eps=1e-05, momentum=0.1, affine=True, track_running_stats=True)
    (relu12): ReLU(inplace=True)
    (pool13): MaxPool2d(kernel_size=2, stride=2, padding=0, dilation=1, ceil_mode=False)
    (conv14): Conv2d(512, 512, kernel_size=(3, 3), stride=(1, 1), padding=(1, 1))
    (norm14): BatchNorm2d(512, eps=1e-05, momentum=0.1, affine=True, track_running_stats=True)
    (relu14): ReLU(inplace=True)
    (conv15): Conv2d(512, 512, kernel_size=(3, 3), stride=(1, 1), padding=(1, 1))
    (norm15): BatchNorm2d(512, eps=1e-05, momentum=0.1, affine=True, track_running_stats=True)
    (relu15): ReLU(inplace=True)
    (conv16): Conv2d(512, 512, kernel_size=(3, 3), stride=(1, 1), padding=(1, 1))
    (norm16): BatchNorm2d(512, eps=1e-05, momentum=0.1, affine=True, track_running_stats=True)
    (relu16): ReLU(inplace=True)
  )
  (classifier): Sequential(
    (linear1): Linear(in_features=512, out_features=512, bias=True)
    (norm1): BatchNorm1d(512, eps=1e-05, momentum=0.1, affine=True, track_running_stats=True)
    (relu1): ReLU(inplace=True)
    (linear2): Linear(in_features=512, out_features=10, bias=True)
  )
)
01/29 03:46:49 AM | Save modules info...
01/29 03:46:49 AM | FLOPS pruning ratio is 0.65
01/29 03:46:49 AM | Pruning with information flow
01/29 03:46:49 AM | -----
01/29 03:46:49 AM | module: Conv2d(3, 64, kernel_size=(3, 3), stride=(1, 1), padding=(1, 1))
01/29 03:46:49 AM | cin: None
01/29 03:46:49 AM | cout: [0]
01/29 03:46:49 AM | inactive
01/29 03:46:49 AM | -----
01/29 03:46:49 AM | module: BatchNorm2d(64, eps=1e-05, momentum=0.1, affine=True, track_running_stats=True)
01/29 03:46:49 AM | cin: [0]
01/29 03:46:49 AM | cout: [0]
01/29 03:46:49 AM | inactive
01/29 03:46:49 AM | -----
01/29 03:46:49 AM | module: ReLU(inplace=True)
01/29 03:46:49 AM | cin: [0]
01/29 03:46:49 AM | cout: [0]
01/29 03:46:49 AM | active
01/29 03:46:49 AM | -----
01/29 03:46:49 AM | module: Conv2d(64, 64, kernel_size=(3, 3), stride=(1, 1), padding=(1, 1))
01/29 03:46:49 AM | cin: [0]
01/29 03:46:49 AM | cout: [1]
01/29 03:46:49 AM | inactive
01/29 03:46:49 AM | -----
01/29 03:46:49 AM | module: BatchNorm2d(64, eps=1e-05, momentum=0.1, affine=True, track_running_stats=True)
01/29 03:46:49 AM | cin: [1]
01/29 03:46:49 AM | cout: [1]
01/29 03:46:49 AM | inactive
01/29 03:46:49 AM | -----
01/29 03:46:49 AM | module: ReLU(inplace=True)
01/29 03:46:49 AM | cin: [1]
01/29 03:46:49 AM | cout: [1]
01/29 03:46:49 AM | active
01/29 03:46:49 AM | -----
01/29 03:46:49 AM | module: MaxPool2d(kernel_size=2, stride=2, padding=0, dilation=1, ceil_mode=False)
01/29 03:46:49 AM | cin: [1]
01/29 03:46:49 AM | cout: [1]
01/29 03:46:49 AM | inactive
01/29 03:46:49 AM | -----
01/29 03:46:49 AM | module: Conv2d(64, 128, kernel_size=(3, 3), stride=(1, 1), padding=(1, 1))
01/29 03:46:49 AM | cin: [1]
01/29 03:46:49 AM | cout: [2]
01/29 03:46:49 AM | inactive
01/29 03:46:49 AM | -----
01/29 03:46:49 AM | module: BatchNorm2d(128, eps=1e-05, momentum=0.1, affine=True, track_running_stats=True)
01/29 03:46:49 AM | cin: [2]
01/29 03:46:49 AM | cout: [2]
01/29 03:46:49 AM | inactive
01/29 03:46:49 AM | -----
01/29 03:46:49 AM | module: ReLU(inplace=True)
01/29 03:46:49 AM | cin: [2]
01/29 03:46:49 AM | cout: [2]
01/29 03:46:49 AM | active
01/29 03:46:49 AM | -----
01/29 03:46:49 AM | module: Conv2d(128, 128, kernel_size=(3, 3), stride=(1, 1), padding=(1, 1))
01/29 03:46:49 AM | cin: [2]
01/29 03:46:49 AM | cout: [3]
01/29 03:46:49 AM | inactive
01/29 03:46:49 AM | -----
01/29 03:46:49 AM | module: BatchNorm2d(128, eps=1e-05, momentum=0.1, affine=True, track_running_stats=True)
01/29 03:46:49 AM | cin: [3]
01/29 03:46:49 AM | cout: [3]
01/29 03:46:49 AM | inactive
01/29 03:46:49 AM | -----
01/29 03:46:49 AM | module: ReLU(inplace=True)
01/29 03:46:49 AM | cin: [3]
01/29 03:46:49 AM | cout: [3]
01/29 03:46:49 AM | active
01/29 03:46:49 AM | -----
01/29 03:46:49 AM | module: MaxPool2d(kernel_size=2, stride=2, padding=0, dilation=1, ceil_mode=False)
01/29 03:46:49 AM | cin: [3]
01/29 03:46:49 AM | cout: [3]
01/29 03:46:49 AM | inactive
01/29 03:46:49 AM | -----
01/29 03:46:49 AM | module: Conv2d(128, 256, kernel_size=(3, 3), stride=(1, 1), padding=(1, 1))
01/29 03:46:49 AM | cin: [3]
01/29 03:46:49 AM | cout: [4]
01/29 03:46:49 AM | inactive
01/29 03:46:49 AM | -----
01/29 03:46:49 AM | module: BatchNorm2d(256, eps=1e-05, momentum=0.1, affine=True, track_running_stats=True)
01/29 03:46:49 AM | cin: [4]
01/29 03:46:49 AM | cout: [4]
01/29 03:46:49 AM | inactive
01/29 03:46:49 AM | -----
01/29 03:46:49 AM | module: ReLU(inplace=True)
01/29 03:46:49 AM | cin: [4]
01/29 03:46:49 AM | cout: [4]
01/29 03:46:49 AM | active
01/29 03:46:49 AM | -----
01/29 03:46:49 AM | module: Conv2d(256, 256, kernel_size=(3, 3), stride=(1, 1), padding=(1, 1))
01/29 03:46:49 AM | cin: [4]
01/29 03:46:49 AM | cout: [5]
01/29 03:46:49 AM | inactive
01/29 03:46:49 AM | -----
01/29 03:46:49 AM | module: BatchNorm2d(256, eps=1e-05, momentum=0.1, affine=True, track_running_stats=True)
01/29 03:46:49 AM | cin: [5]
01/29 03:46:49 AM | cout: [5]
01/29 03:46:49 AM | inactive
01/29 03:46:49 AM | -----
01/29 03:46:49 AM | module: ReLU(inplace=True)
01/29 03:46:49 AM | cin: [5]
01/29 03:46:49 AM | cout: [5]
01/29 03:46:49 AM | active
01/29 03:46:49 AM | -----
01/29 03:46:49 AM | module: Conv2d(256, 256, kernel_size=(3, 3), stride=(1, 1), padding=(1, 1))
01/29 03:46:49 AM | cin: [5]
01/29 03:46:49 AM | cout: [6]
01/29 03:46:49 AM | inactive
01/29 03:46:49 AM | -----
01/29 03:46:49 AM | module: BatchNorm2d(256, eps=1e-05, momentum=0.1, affine=True, track_running_stats=True)
01/29 03:46:49 AM | cin: [6]
01/29 03:46:49 AM | cout: [6]
01/29 03:46:49 AM | inactive
01/29 03:46:49 AM | -----
01/29 03:46:49 AM | module: ReLU(inplace=True)
01/29 03:46:49 AM | cin: [6]
01/29 03:46:49 AM | cout: [6]
01/29 03:46:49 AM | active
01/29 03:46:49 AM | -----
01/29 03:46:49 AM | module: MaxPool2d(kernel_size=2, stride=2, padding=0, dilation=1, ceil_mode=False)
01/29 03:46:49 AM | cin: [6]
01/29 03:46:49 AM | cout: [6]
01/29 03:46:49 AM | inactive
01/29 03:46:49 AM | -----
01/29 03:46:49 AM | module: Conv2d(256, 512, kernel_size=(3, 3), stride=(1, 1), padding=(1, 1))
01/29 03:46:49 AM | cin: [6]
01/29 03:46:49 AM | cout: [7]
01/29 03:46:49 AM | inactive
01/29 03:46:49 AM | -----
01/29 03:46:49 AM | module: BatchNorm2d(512, eps=1e-05, momentum=0.1, affine=True, track_running_stats=True)
01/29 03:46:49 AM | cin: [7]
01/29 03:46:49 AM | cout: [7]
01/29 03:46:49 AM | inactive
01/29 03:46:49 AM | -----
01/29 03:46:49 AM | module: ReLU(inplace=True)
01/29 03:46:49 AM | cin: [7]
01/29 03:46:49 AM | cout: [7]
01/29 03:46:49 AM | active
01/29 03:46:49 AM | -----
01/29 03:46:49 AM | module: Conv2d(512, 512, kernel_size=(3, 3), stride=(1, 1), padding=(1, 1))
01/29 03:46:49 AM | cin: [7]
01/29 03:46:49 AM | cout: [8]
01/29 03:46:49 AM | inactive
01/29 03:46:49 AM | -----
01/29 03:46:49 AM | module: BatchNorm2d(512, eps=1e-05, momentum=0.1, affine=True, track_running_stats=True)
01/29 03:46:49 AM | cin: [8]
01/29 03:46:49 AM | cout: [8]
01/29 03:46:49 AM | inactive
01/29 03:46:49 AM | -----
01/29 03:46:49 AM | module: ReLU(inplace=True)
01/29 03:46:49 AM | cin: [8]
01/29 03:46:49 AM | cout: [8]
01/29 03:46:49 AM | active
01/29 03:46:49 AM | -----
01/29 03:46:49 AM | module: Conv2d(512, 512, kernel_size=(3, 3), stride=(1, 1), padding=(1, 1))
01/29 03:46:49 AM | cin: [8]
01/29 03:46:49 AM | cout: [9]
01/29 03:46:49 AM | inactive
01/29 03:46:49 AM | -----
01/29 03:46:49 AM | module: BatchNorm2d(512, eps=1e-05, momentum=0.1, affine=True, track_running_stats=True)
01/29 03:46:49 AM | cin: [9]
01/29 03:46:49 AM | cout: [9]
01/29 03:46:49 AM | inactive
01/29 03:46:49 AM | -----
01/29 03:46:49 AM | module: ReLU(inplace=True)
01/29 03:46:49 AM | cin: [9]
01/29 03:46:49 AM | cout: [9]
01/29 03:46:49 AM | active
01/29 03:46:49 AM | -----
01/29 03:46:49 AM | module: MaxPool2d(kernel_size=2, stride=2, padding=0, dilation=1, ceil_mode=False)
01/29 03:46:49 AM | cin: [9]
01/29 03:46:49 AM | cout: [9]
01/29 03:46:49 AM | inactive
01/29 03:46:49 AM | -----
01/29 03:46:49 AM | module: Conv2d(512, 512, kernel_size=(3, 3), stride=(1, 1), padding=(1, 1))
01/29 03:46:49 AM | cin: [9]
01/29 03:46:49 AM | cout: [10]
01/29 03:46:49 AM | inactive
01/29 03:46:49 AM | -----
01/29 03:46:49 AM | module: BatchNorm2d(512, eps=1e-05, momentum=0.1, affine=True, track_running_stats=True)
01/29 03:46:49 AM | cin: [10]
01/29 03:46:49 AM | cout: [10]
01/29 03:46:49 AM | inactive
01/29 03:46:49 AM | -----
01/29 03:46:49 AM | module: ReLU(inplace=True)
01/29 03:46:49 AM | cin: [10]
01/29 03:46:49 AM | cout: [10]
01/29 03:46:49 AM | active
01/29 03:46:49 AM | -----
01/29 03:46:49 AM | module: Conv2d(512, 512, kernel_size=(3, 3), stride=(1, 1), padding=(1, 1))
01/29 03:46:49 AM | cin: [10]
01/29 03:46:49 AM | cout: [11]
01/29 03:46:49 AM | inactive
01/29 03:46:49 AM | -----
01/29 03:46:49 AM | module: BatchNorm2d(512, eps=1e-05, momentum=0.1, affine=True, track_running_stats=True)
01/29 03:46:49 AM | cin: [11]
01/29 03:46:49 AM | cout: [11]
01/29 03:46:49 AM | inactive
01/29 03:46:49 AM | -----
01/29 03:46:49 AM | module: ReLU(inplace=True)
01/29 03:46:49 AM | cin: [11]
01/29 03:46:49 AM | cout: [11]
01/29 03:46:49 AM | active
01/29 03:46:49 AM | -----
01/29 03:46:49 AM | module: Conv2d(512, 512, kernel_size=(3, 3), stride=(1, 1), padding=(1, 1))
01/29 03:46:49 AM | cin: [11]
01/29 03:46:49 AM | cout: [12]
01/29 03:46:49 AM | inactive
01/29 03:46:49 AM | -----
01/29 03:46:49 AM | module: BatchNorm2d(512, eps=1e-05, momentum=0.1, affine=True, track_running_stats=True)
01/29 03:46:49 AM | cin: [12]
01/29 03:46:49 AM | cout: [12]
01/29 03:46:49 AM | inactive
01/29 03:46:49 AM | -----
01/29 03:46:49 AM | module: ReLU(inplace=True)
01/29 03:46:49 AM | cin: [12]
01/29 03:46:49 AM | cout: [12]
01/29 03:46:49 AM | active
01/29 03:46:49 AM | -----
01/29 03:46:49 AM | module: Linear(in_features=512, out_features=512, bias=True)
01/29 03:46:49 AM | cin: [12]
01/29 03:46:49 AM | cout: None
01/29 03:46:49 AM | inactive
01/29 03:46:49 AM | -----
01/29 03:46:49 AM | module: ReLU(inplace=True)
01/29 03:46:49 AM | cin: None
01/29 03:46:49 AM | cout: None
01/29 03:46:49 AM | active
01/29 03:46:49 AM | -----
01/29 03:46:49 AM | module: Linear(in_features=512, out_features=10, bias=True)
01/29 03:46:49 AM | cin: None
01/29 03:46:49 AM | cout: None
01/29 03:46:49 AM | inactive
01/29 03:46:49 AM | Used masks: [0, 1, 2, 3, 4, 5, 6, 7, 8, 9, 10, 11, 12]
01/29 03:46:49 AM | 13 unique masks in total
01/29 03:46:50 AM | === Batch 1/300
01/29 03:46:50 AM | loss = 0.121 + 4.266 + 0.040 = 4.427
01/29 03:46:50 AM | attribution_score[0:12]: 
[ 0.94  0.94  0.83  0.83  0.83  0.83  0.83  0.83  0.83  0.94  0.83  0.83 ]
[ 0.83  0.83  0.94  0.83  0.94  0.83  0.83  0.83  0.83  0.94  0.83  0.83 ]
[ 0.83  0.94  0.83  0.83  0.83  0.83  0.83  0.94  0.83  0.83  0.83  0.94 ]
[ 0.83  0.83  0.83  0.83  0.83  0.83  0.83  0.83  0.94  0.83  0.83  0.94 ]
[ 0.83  0.83  0.94  0.83  0.83  0.83  0.94  0.83  0.94  0.94  0.83  0.83 ]
[ 0.83  0.83  0.94  0.83  0.83  0.83  0.83  0.83  0.83  0.83  0.83  0.83 ]
[ 0.83  0.83  0.83  0.83  0.94  0.83  0.83  0.83  0.83  0.94  0.83  0.83 ]
[ 0.83  0.83  0.83  0.83  0.83  0.83  0.83  0.83  0.83  0.83  0.83  0.83 ]
[ 0.83  0.83  0.83  0.83  0.83  0.83  0.83  0.83  0.83  0.83  0.83  0.83 ]
[ 0.83  0.83  0.83  0.83  0.83  0.83  0.83  0.83  0.83  0.83  0.83  0.83 ]
[ 0.83  0.83  0.83  0.83  0.83  0.83  0.83  0.83  0.83  0.83  0.94  0.83 ]
[ 0.83  0.83  0.83  0.83  0.83  0.83  0.83  0.94  0.83  0.83  0.83  0.83 ]
[ 0.94  0.94  0.94  0.83  0.94  0.94  0.83  0.94  0.83  0.94  0.94  0.83 ]

01/29 03:46:50 AM | === Batch 2/300
01/29 03:46:51 AM | loss = 0.130 + 3.498 + 0.058 = 3.685
01/29 03:46:51 AM | attribution_score[0:12]: 
[ 0.96  0.97  0.73  0.73  0.73  0.74  0.74  0.73  0.73  0.91  0.73  0.86 ]
[ 0.87  0.73  0.92  0.73  0.97  0.75  0.86  0.73  0.73  0.94  0.73  0.73 ]
[ 0.88  0.96  0.73  0.87  0.73  0.86  0.84  0.95  0.75  0.74  0.74  0.97 ]
[ 0.75  0.74  0.75  0.84  0.73  0.76  0.76  0.73  0.96  0.73  0.78  0.96 ]
[ 0.73  0.73  0.96  0.73  0.74  0.73  0.93  0.77  0.95  0.92  0.74  0.74 ]
[ 0.75  0.73  0.92  0.74  0.73  0.74  0.74  0.76  0.73  0.73  0.73  0.74 ]
[ 0.79  0.74  0.75  0.73  0.96  0.73  0.73  0.73  0.74  0.95  0.73  0.73 ]
[ 0.73  0.74  0.73  0.84  0.79  0.73  0.77  0.73  0.81  0.75  0.73  0.73 ]
[ 0.73  0.73  0.73  0.73  0.73  0.73  0.73  0.74  0.73  0.73  0.73  0.74 ]
[ 0.73  0.73  0.73  0.73  0.75  0.73  0.73  0.73  0.74  0.73  0.73  0.73 ]
[ 0.73  0.79  0.75  0.73  0.73  0.78  0.74  0.78  0.74  0.73  0.97  0.73 ]
[ 0.88  0.88  0.73  0.73  0.88  0.73  0.83  0.97  0.73  0.88  0.77  0.73 ]
[ 0.97  0.97  0.97  0.74  0.97  0.97  0.82  0.97  0.87  0.97  0.97  0.74 ]

01/29 03:46:51 AM | === Batch 3/300
01/29 03:46:51 AM | loss = 0.481 + 2.548 + 0.081 = 3.109
01/29 03:46:52 AM | attribution_score[0:12]: 
[ 0.98  0.97  0.60  0.60  0.61  0.61  0.62  0.60  0.60  0.87  0.61  0.87 ]
[ 0.84  0.60  0.89  0.60  0.97  0.67  0.85  0.60  0.70  0.95  0.60  0.61 ]
[ 0.91  0.97  0.60  0.90  0.61  0.90  0.81  0.95  0.64  0.63  0.62  0.97 ]
[ 0.66  0.62  0.77  0.87  0.72  0.76  0.65  0.60  0.97  0.60  0.69  0.97 ]
[ 0.60  0.65  0.96  0.64  0.71  0.74  0.89  0.75  0.96  0.89  0.63  0.63 ]
[ 0.65  0.79  0.88  0.63  0.61  0.62  0.65  0.65  0.61  0.60  0.60  0.72 ]
[ 0.77  0.62  0.73  0.64  0.97  0.61  0.61  0.60  0.63  0.97  0.77  0.61 ]
[ 0.60  0.62  0.60  0.82  0.71  0.66  0.73  0.60  0.81  0.65  0.60  0.60 ]
[ 0.60  0.61  0.60  0.60  0.61  0.60  0.60  0.61  0.63  0.60  0.61  0.76 ]
[ 0.62  0.60  0.60  0.60  0.64  0.63  0.60  0.60  0.63  0.60  0.61  0.62 ]
[ 0.60  0.84  0.80  0.61  0.60  0.72  0.78  0.83  0.61  0.69  0.98  0.61 ]
[ 0.92  0.92  0.74  0.79  0.93  0.73  0.88  0.98  0.65  0.92  0.82  0.62 ]
[ 0.98  0.98  0.98  0.61  0.98  0.98  0.87  0.98  0.92  0.98  0.98  0.62 ]

01/29 03:46:52 AM | === Batch 4/300
01/29 03:46:52 AM | loss = 0.751 + 1.667 + 0.102 = 2.521
01/29 03:46:52 AM | attribution_score[0:12]: 
[ 0.98  0.96  0.45  0.46  0.46  0.53  0.49  0.45  0.45  0.80  0.47  0.86 ]
[ 0.81  0.45  0.84  0.46  0.97  0.56  0.86  0.46  0.69  0.93  0.66  0.47 ]
[ 0.93  0.98  0.45  0.93  0.46  0.93  0.74  0.95  0.51  0.49  0.48  0.97 ]
[ 0.53  0.48  0.76  0.89  0.73  0.75  0.56  0.50  0.98  0.53  0.62  0.98 ]
[ 0.60  0.57  0.96  0.60  0.74  0.76  0.87  0.73  0.97  0.83  0.65  0.51 ]
[ 0.60  0.85  0.81  0.52  0.48  0.48  0.61  0.52  0.47  0.57  0.45  0.66 ]
[ 0.71  0.49  0.69  0.65  0.97  0.50  0.51  0.61  0.50  0.98  0.83  0.48 ]
[ 0.45  0.49  0.46  0.76  0.61  0.58  0.65  0.45  0.86  0.53  0.47  0.45 ]
[ 0.46  0.61  0.45  0.62  0.47  0.45  0.48  0.53  0.67  0.45  0.62  0.82 ]
[ 0.59  0.48  0.45  0.45  0.54  0.62  0.45  0.45  0.66  0.45  0.48  0.57 ]
[ 0.46  0.89  0.84  0.63  0.66  0.63  0.84  0.84  0.68  0.75  0.99  0.68 ]
[ 0.92  0.95  0.79  0.86  0.95  0.74  0.92  0.99  0.55  0.92  0.88  0.69 ]
[ 0.99  0.99  0.99  0.63  0.98  0.99  0.91  0.99  0.95  0.98  0.98  0.52 ]

01/29 03:46:52 AM | === Batch 5/300
01/29 03:46:52 AM | loss = 0.793 + 0.947 + 0.113 = 1.853
01/29 03:46:53 AM | attribution_score[0:12]: 
[ 0.99  0.96  0.32  0.32  0.33  0.46  0.37  0.31  0.31  0.76  0.33  0.88 ]
[ 0.81  0.33  0.77  0.32  0.97  0.43  0.90  0.33  0.66  0.90  0.70  0.37 ]
[ 0.95  0.98  0.31  0.94  0.32  0.95  0.64  0.95  0.37  0.36  0.34  0.97 ]
[ 0.40  0.34  0.74  0.90  0.66  0.77  0.50  0.47  0.98  0.51  0.55  0.98 ]
[ 0.66  0.46  0.94  0.56  0.73  0.81  0.85  0.69  0.97  0.78  0.71  0.49 ]
[ 0.56  0.86  0.72  0.40  0.36  0.41  0.66  0.43  0.36  0.60  0.31  0.65 ]
[ 0.73  0.42  0.67  0.60  0.97  0.41  0.41  0.61  0.47  0.98  0.88  0.42 ]
[ 0.31  0.41  0.34  0.67  0.51  0.47  0.54  0.31  0.88  0.41  0.33  0.32 ]
[ 0.38  0.62  0.31  0.67  0.43  0.31  0.38  0.43  0.74  0.36  0.68  0.87 ]
[ 0.60  0.36  0.31  0.31  0.42  0.60  0.31  0.31  0.73  0.31  0.35  0.53 ]
[ 0.40  0.93  0.84  0.69  0.73  0.65  0.89  0.88  0.76  0.81  0.99  0.76 ]
[ 0.90  0.97  0.83  0.90  0.96  0.77  0.94  0.99  0.43  0.90  0.92  0.77 ]
[ 0.99  0.99  0.99  0.71  0.99  0.99  0.93  0.99  0.97  0.98  0.98  0.40 ]

01/29 03:46:53 AM | === Batch 6/300
01/29 03:46:53 AM | loss = 1.012 + 0.368 + 0.098 = 1.477
01/29 03:46:53 AM | attribution_score[0:12]: 
[ 0.99  0.95  0.22  0.20  0.23  0.39  0.27  0.20  0.20  0.77  0.22  0.91 ]
[ 0.83  0.23  0.67  0.21  0.97  0.31  0.92  0.21  0.60  0.87  0.77  0.35 ]
[ 0.97  0.98  0.20  0.95  0.20  0.96  0.53  0.96  0.25  0.25  0.23  0.98 ]
[ 0.31  0.23  0.76  0.91  0.57  0.75  0.53  0.42  0.98  0.48  0.51  0.98 ]
[ 0.73  0.34  0.92  0.50  0.76  0.86  0.83  0.63  0.98  0.78  0.78  0.53 ]
[ 0.59  0.86  0.60  0.30  0.24  0.43  0.73  0.33  0.27  0.66  0.20  0.67 ]
[ 0.79  0.36  0.68  0.57  0.97  0.31  0.30  0.55  0.39  0.98  0.92  0.41 ]
[ 0.20  0.35  0.23  0.56  0.41  0.45  0.56  0.20  0.88  0.29  0.24  0.21 ]
[ 0.29  0.59  0.20  0.73  0.43  0.20  0.28  0.35  0.80  0.30  0.75  0.91 ]
[ 0.58  0.25  0.20  0.20  0.36  0.59  0.20  0.20  0.81  0.21  0.26  0.53 ]
[ 0.42  0.95  0.83  0.75  0.80  0.72  0.92  0.91  0.83  0.84  0.99  0.82 ]
[ 0.90  0.98  0.87  0.93  0.97  0.82  0.95  0.99  0.40  0.88  0.95  0.84 ]
[ 0.99  1.00  1.00  0.77  0.99  1.00  0.95  0.99  0.98  0.97  0.97  0.29 ]

01/29 03:46:53 AM | === Batch 7/300
01/29 03:46:53 AM | loss = 1.174 + 0.097 + 0.083 = 1.354
01/29 03:46:54 AM | attribution_score[0:12]: 
[ 0.99  0.96  0.23  0.16  0.21  0.42  0.24  0.16  0.15  0.81  0.19  0.92 ]
[ 0.87  0.19  0.69  0.17  0.97  0.30  0.94  0.16  0.59  0.89  0.83  0.40 ]
[ 0.97  0.97  0.16  0.96  0.17  0.97  0.55  0.96  0.22  0.20  0.19  0.98 ]
[ 0.26  0.18  0.82  0.93  0.58  0.78  0.60  0.47  0.97  0.53  0.55  0.98 ]
[ 0.79  0.34  0.92  0.50  0.78  0.90  0.83  0.66  0.98  0.82  0.84  0.56 ]
[ 0.66  0.88  0.62  0.29  0.22  0.51  0.80  0.31  0.22  0.74  0.15  0.73 ]
[ 0.85  0.37  0.73  0.61  0.98  0.31  0.26  0.54  0.42  0.98  0.95  0.46 ]
[ 0.15  0.37  0.20  0.53  0.41  0.51  0.63  0.15  0.89  0.29  0.24  0.15 ]
[ 0.30  0.64  0.17  0.80  0.47  0.17  0.26  0.38  0.85  0.33  0.82  0.94 ]
[ 0.63  0.26  0.16  0.16  0.37  0.64  0.18  0.17  0.87  0.20  0.25  0.60 ]
[ 0.48  0.96  0.87  0.78  0.83  0.79  0.94  0.94  0.88  0.86  1.00  0.86 ]
[ 0.92  0.99  0.91  0.94  0.98  0.88  0.95  0.99  0.45  0.89  0.97  0.89 ]
[ 1.00  1.00  1.00  0.82  0.99  1.00  0.96  0.99  0.99  0.97  0.96  0.24 ]

01/29 03:46:54 AM | === Batch 8/300
01/29 03:46:54 AM | loss = 1.276 + 0.027 + 0.075 = 1.379
01/29 03:46:54 AM | attribution_score[0:12]: 
[ 0.99  0.96  0.24  0.12  0.18  0.39  0.21  0.12  0.12  0.81  0.16  0.93 ]
[ 0.91  0.16  0.74  0.13  0.97  0.32  0.96  0.12  0.64  0.92  0.80  0.46 ]
[ 0.98  0.97  0.13  0.97  0.13  0.97  0.54  0.96  0.20  0.16  0.17  0.98 ]
[ 0.22  0.14  0.84  0.95  0.62  0.82  0.58  0.50  0.97  0.56  0.56  0.98 ]
[ 0.84  0.37  0.92  0.49  0.77  0.93  0.82  0.69  0.98  0.86  0.84  0.53 ]
[ 0.72  0.90  0.63  0.29  0.20  0.56  0.82  0.30  0.19  0.78  0.11  0.75 ]
[ 0.89  0.37  0.74  0.68  0.98  0.32  0.23  0.57  0.49  0.98  0.96  0.48 ]
[ 0.11  0.37  0.16  0.48  0.42  0.58  0.72  0.11  0.90  0.27  0.21  0.11 ]
[ 0.31  0.66  0.14  0.83  0.50  0.14  0.22  0.36  0.86  0.35  0.84  0.96 ]
[ 0.62  0.25  0.12  0.12  0.38  0.66  0.16  0.13  0.91  0.17  0.24  0.61 ]
[ 0.50  0.97  0.89  0.78  0.85  0.83  0.94  0.96  0.91  0.87  1.00  0.88 ]
[ 0.94  0.99  0.93  0.95  0.98  0.89  0.96  1.00  0.46  0.91  0.98  0.91 ]
[ 1.00  1.00  1.00  0.85  1.00  1.00  0.97  0.99  0.99  0.98  0.97  0.22 ]

01/29 03:46:54 AM | === Batch 9/300
01/29 03:46:54 AM | loss = 1.126 + 0.038 + 0.070 = 1.234
01/29 03:46:55 AM | attribution_score[0:12]: 
[ 0.99  0.97  0.24  0.09  0.16  0.36  0.19  0.09  0.08  0.77  0.12  0.93 ]
[ 0.94  0.14  0.80  0.09  0.95  0.37  0.97  0.09  0.71  0.94  0.75  0.54 ]
[ 0.98  0.96  0.10  0.97  0.10  0.98  0.50  0.97  0.18  0.13  0.16  0.98 ]
[ 0.18  0.10  0.84  0.96  0.69  0.87  0.56  0.47  0.96  0.53  0.53  0.98 ]
[ 0.86  0.43  0.93  0.51  0.73  0.95  0.79  0.74  0.98  0.91  0.82  0.48 ]
[ 0.80  0.93  0.62  0.32  0.17  0.58  0.81  0.30  0.16  0.82  0.08  0.78 ]
[ 0.92  0.35  0.74  0.75  0.98  0.34  0.19  0.54  0.57  0.99  0.96  0.50 ]
[ 0.08  0.36  0.13  0.44  0.41  0.65  0.78  0.08  0.89  0.24  0.18  0.08 ]
[ 0.30  0.66  0.11  0.83  0.53  0.11  0.17  0.33  0.86  0.36  0.84  0.97 ]
[ 0.58  0.22  0.09  0.10  0.37  0.66  0.14  0.10  0.93  0.14  0.24  0.61 ]
[ 0.50  0.97  0.90  0.76  0.87  0.86  0.95  0.97  0.93  0.87  1.00  0.89 ]
[ 0.95  1.00  0.94  0.96  0.99  0.88  0.97  1.00  0.42  0.93  0.98  0.92 ]
[ 1.00  1.00  1.00  0.89  1.00  1.00  0.97  0.99  0.99  0.98  0.97  0.22 ]

01/29 03:46:55 AM | === Batch 10/300
01/29 03:46:55 AM | loss = 0.792 + 0.011 + 0.065 = 0.868
01/29 03:46:55 AM | attribution_score[0:12]: 
[ 1.00  0.98  0.23  0.06  0.13  0.32  0.16  0.06  0.06  0.75  0.09  0.93 ]
[ 0.96  0.12  0.85  0.07  0.93  0.41  0.98  0.07  0.75  0.96  0.69  0.61 ]
[ 0.99  0.95  0.08  0.98  0.08  0.98  0.44  0.97  0.16  0.10  0.15  0.98 ]
[ 0.14  0.08  0.85  0.97  0.73  0.90  0.55  0.45  0.94  0.50  0.51  0.97 ]
[ 0.87  0.46  0.92  0.48  0.68  0.96  0.75  0.77  0.98  0.93  0.79  0.43 ]
[ 0.83  0.94  0.59  0.31  0.13  0.61  0.79  0.31  0.15  0.84  0.06  0.80 ]
[ 0.94  0.36  0.69  0.80  0.98  0.35  0.16  0.48  0.63  0.99  0.97  0.51 ]
[ 0.06  0.37  0.10  0.40  0.39  0.74  0.83  0.06  0.88  0.22  0.16  0.05 ]
[ 0.29  0.66  0.09  0.83  0.57  0.09  0.13  0.30  0.84  0.34  0.84  0.98 ]
[ 0.53  0.18  0.07  0.07  0.38  0.63  0.12  0.08  0.95  0.11  0.24  0.59 ]
[ 0.50  0.98  0.90  0.74  0.87  0.88  0.95  0.98  0.95  0.86  1.00  0.90 ]
[ 0.96  1.00  0.94  0.96  0.99  0.88  0.97  1.00  0.39  0.94  0.99  0.93 ]
[ 1.00  1.00  1.00  0.91  1.00  1.00  0.98  0.99  1.00  0.99  0.98  0.22 ]

01/29 03:46:55 AM | === Batch 11/300
01/29 03:46:55 AM | loss = 0.837 + 0.081 + 0.061 = 0.979
01/29 03:46:56 AM | attribution_score[0:12]: 
[ 1.00  0.98  0.24  0.05  0.12  0.33  0.15  0.05  0.05  0.77  0.08  0.94 ]
[ 0.97  0.12  0.88  0.06  0.93  0.46  0.99  0.05  0.78  0.97  0.68  0.68 ]
[ 0.99  0.95  0.07  0.98  0.06  0.99  0.45  0.97  0.16  0.09  0.15  0.99 ]
[ 0.12  0.06  0.87  0.97  0.78  0.92  0.56  0.46  0.94  0.51  0.56  0.98 ]
[ 0.89  0.52  0.91  0.50  0.67  0.97  0.76  0.82  0.98  0.95  0.79  0.40 ]
[ 0.85  0.95  0.63  0.30  0.12  0.66  0.77  0.34  0.15  0.86  0.05  0.84 ]
[ 0.95  0.42  0.67  0.84  0.99  0.37  0.15  0.40  0.67  0.99  0.97  0.57 ]
[ 0.04  0.41  0.08  0.42  0.43  0.82  0.87  0.05  0.88  0.25  0.16  0.04 ]
[ 0.32  0.71  0.08  0.83  0.64  0.07  0.11  0.32  0.83  0.35  0.86  0.99 ]
[ 0.53  0.15  0.06  0.06  0.41  0.61  0.12  0.06  0.96  0.10  0.27  0.62 ]
[ 0.52  0.98  0.92  0.72  0.87  0.91  0.95  0.99  0.96  0.85  1.00  0.90 ]
[ 0.97  1.00  0.95  0.97  0.99  0.88  0.97  1.00  0.39  0.95  0.99  0.94 ]
[ 1.00  1.00  1.00  0.92  1.00  1.00  0.98  1.00  1.00  0.99  0.98  0.25 ]

01/29 03:46:56 AM | === Batch 12/300
01/29 03:46:56 AM | loss = 0.805 + 0.048 + 0.058 = 0.910
01/29 03:46:56 AM | attribution_score[0:12]: 
[ 1.00  0.99  0.24  0.04  0.11  0.36  0.14  0.04  0.04  0.79  0.07  0.94 ]
[ 0.98  0.12  0.91  0.05  0.93  0.54  0.99  0.04  0.82  0.98  0.70  0.71 ]
[ 0.99  0.95  0.06  0.98  0.05  0.99  0.45  0.98  0.15  0.08  0.15  0.99 ]
[ 0.10  0.05  0.88  0.97  0.81  0.93  0.55  0.52  0.94  0.53  0.60  0.98 ]
[ 0.90  0.55  0.89  0.50  0.64  0.97  0.79  0.85  0.98  0.96  0.80  0.36 ]
[ 0.85  0.95  0.65  0.26  0.11  0.71  0.76  0.35  0.16  0.86  0.04  0.87 ]
[ 0.96  0.47  0.63  0.85  0.99  0.33  0.13  0.35  0.68  0.99  0.98  0.63 ]
[ 0.03  0.44  0.07  0.42  0.45  0.83  0.90  0.04  0.89  0.27  0.16  0.03 ]
[ 0.34  0.76  0.07  0.84  0.71  0.06  0.09  0.33  0.83  0.35  0.87  0.99 ]
[ 0.54  0.13  0.05  0.05  0.45  0.57  0.11  0.05  0.97  0.09  0.30  0.63 ]
[ 0.53  0.98  0.93  0.71  0.88  0.93  0.95  0.99  0.97  0.83  1.00  0.90 ]
[ 0.97  1.00  0.95  0.97  0.99  0.89  0.97  1.00  0.38  0.96  0.99  0.95 ]
[ 1.00  1.00  1.00  0.93  1.00  1.00  0.98  1.00  1.00  0.99  0.99  0.25 ]

01/29 03:46:56 AM | === Batch 13/300
01/29 03:46:56 AM | loss = 0.618 + 0.104 + 0.055 = 0.778
01/29 03:46:57 AM | attribution_score[0:12]: 
[ 1.00  0.99  0.24  0.03  0.09  0.42  0.13  0.04  0.03  0.81  0.06  0.95 ]
[ 0.98  0.13  0.92  0.04  0.92  0.62  0.99  0.03  0.85  0.98  0.74  0.72 ]
[ 0.99  0.94  0.05  0.99  0.04  0.99  0.44  0.98  0.14  0.06  0.14  0.99 ]
[ 0.08  0.04  0.89  0.98  0.85  0.94  0.56  0.59  0.94  0.56  0.62  0.98 ]
[ 0.91  0.54  0.88  0.51  0.63  0.98  0.81  0.86  0.98  0.97  0.81  0.33 ]
[ 0.85  0.96  0.65  0.23  0.10  0.75  0.75  0.33  0.16  0.84  0.03  0.89 ]
[ 0.96  0.47  0.58  0.86  0.99  0.29  0.12  0.33  0.69  0.99  0.98  0.66 ]
[ 0.03  0.46  0.06  0.41  0.44  0.84  0.91  0.03  0.92  0.29  0.16  0.03 ]
[ 0.33  0.81  0.06  0.85  0.76  0.05  0.08  0.34  0.82  0.32  0.89  0.99 ]
[ 0.54  0.11  0.04  0.04  0.48  0.53  0.10  0.04  0.97  0.08  0.33  0.63 ]
[ 0.52  0.99  0.94  0.70  0.88  0.94  0.96  0.99  0.98  0.83  1.00  0.91 ]
[ 0.98  1.00  0.95  0.98  0.99  0.90  0.97  1.00  0.37  0.97  0.99  0.96 ]
[ 1.00  1.00  1.00  0.93  1.00  1.00  0.99  1.00  1.00  0.99  0.99  0.24 ]

01/29 03:46:57 AM | === Batch 14/300
01/29 03:46:57 AM | loss = 0.739 + 0.137 + 0.053 = 0.929
01/29 03:46:57 AM | attribution_score[0:12]: 
[ 1.00  0.99  0.22  0.03  0.08  0.48  0.12  0.03  0.02  0.82  0.05  0.95 ]
[ 0.99  0.13  0.93  0.03  0.93  0.69  0.99  0.03  0.88  0.98  0.78  0.70 ]
[ 0.99  0.94  0.04  0.99  0.03  0.99  0.41  0.98  0.14  0.05  0.13  0.99 ]
[ 0.07  0.03  0.90  0.98  0.87  0.94  0.56  0.67  0.94  0.60  0.64  0.98 ]
[ 0.92  0.49  0.84  0.50  0.66  0.98  0.83  0.86  0.99  0.97  0.82  0.34 ]
[ 0.85  0.96  0.65  0.20  0.09  0.77  0.73  0.29  0.16  0.82  0.03  0.91 ]
[ 0.97  0.48  0.50  0.85  0.99  0.23  0.11  0.32  0.69  0.99  0.98  0.70 ]
[ 0.02  0.48  0.05  0.38  0.41  0.83  0.93  0.02  0.93  0.29  0.16  0.02 ]
[ 0.29  0.85  0.05  0.85  0.80  0.04  0.06  0.35  0.82  0.29  0.90  0.99 ]
[ 0.53  0.08  0.03  0.04  0.49  0.46  0.09  0.04  0.98  0.07  0.34  0.63 ]
[ 0.52  0.99  0.95  0.71  0.88  0.95  0.96  0.99  0.98  0.83  1.00  0.91 ]
[ 0.98  1.00  0.95  0.98  1.00  0.90  0.98  1.00  0.35  0.98  0.99  0.96 ]
[ 1.00  1.00  1.00  0.94  1.00  1.00  0.99  1.00  1.00  0.99  0.99  0.22 ]

01/29 03:46:57 AM | === Batch 15/300
01/29 03:46:57 AM | loss = 0.657 + 0.139 + 0.050 = 0.846
01/29 03:46:57 AM | attribution_score[0:12]: 
[ 1.00  0.99  0.19  0.02  0.07  0.54  0.11  0.02  0.02  0.84  0.04  0.95 ]
[ 0.99  0.13  0.94  0.03  0.93  0.74  0.99  0.02  0.91  0.99  0.81  0.66 ]
[ 0.99  0.94  0.03  0.99  0.03  0.99  0.37  0.98  0.13  0.05  0.12  0.98 ]
[ 0.06  0.03  0.91  0.98  0.90  0.94  0.58  0.72  0.95  0.61  0.65  0.98 ]
[ 0.93  0.44  0.80  0.53  0.71  0.98  0.85  0.85  0.99  0.98  0.83  0.38 ]
[ 0.85  0.96  0.64  0.17  0.08  0.80  0.74  0.26  0.16  0.81  0.02  0.92 ]
[ 0.97  0.50  0.44  0.84  0.99  0.20  0.10  0.32  0.68  0.99  0.99  0.74 ]
[ 0.02  0.50  0.04  0.33  0.36  0.81  0.94  0.02  0.94  0.27  0.17  0.02 ]
[ 0.26  0.88  0.05  0.86  0.84  0.04  0.05  0.35  0.82  0.26  0.91  1.00 ]
[ 0.53  0.07  0.03  0.03  0.49  0.42  0.08  0.03  0.98  0.06  0.33  0.64 ]
[ 0.51  0.99  0.95  0.72  0.89  0.96  0.96  0.99  0.98  0.83  1.00  0.92 ]
[ 0.98  1.00  0.95  0.98  1.00  0.91  0.98  1.00  0.32  0.98  0.99  0.96 ]
[ 1.00  1.00  1.00  0.94  1.00  1.00  0.99  1.00  1.00  1.00  0.99  0.19 ]

01/29 03:46:57 AM | === Batch 16/300
01/29 03:46:58 AM | loss = 0.502 + 0.124 + 0.048 = 0.675
01/29 03:46:58 AM | attribution_score[0:12]: 
[ 1.00  0.99  0.16  0.02  0.06  0.61  0.10  0.02  0.02  0.85  0.03  0.95 ]
[ 0.99  0.13  0.94  0.02  0.92  0.78  0.99  0.02  0.92  0.99  0.84  0.63 ]
[ 1.00  0.94  0.03  0.99  0.02  0.99  0.33  0.98  0.11  0.04  0.11  0.98 ]
[ 0.05  0.02  0.91  0.97  0.92  0.94  0.62  0.77  0.94  0.62  0.64  0.98 ]
[ 0.93  0.38  0.76  0.54  0.74  0.99  0.85  0.84  0.99  0.98  0.85  0.41 ]
[ 0.86  0.96  0.62  0.15  0.07  0.81  0.75  0.23  0.16  0.79  0.02  0.93 ]
[ 0.97  0.53  0.38  0.84  0.99  0.17  0.09  0.31  0.64  0.99  0.99  0.77 ]
[ 0.02  0.50  0.04  0.29  0.31  0.79  0.95  0.02  0.95  0.25  0.19  0.01 ]
[ 0.24  0.90  0.04  0.87  0.87  0.03  0.04  0.36  0.83  0.25  0.93  1.00 ]
[ 0.53  0.06  0.02  0.03  0.50  0.39  0.07  0.02  0.98  0.05  0.31  0.64 ]
[ 0.49  0.99  0.96  0.73  0.90  0.97  0.97  0.99  0.99  0.82  1.00  0.92 ]
[ 0.98  1.00  0.95  0.99  1.00  0.91  0.98  1.00  0.29  0.98  0.99  0.97 ]
[ 1.00  1.00  1.00  0.95  1.00  1.00  0.99  1.00  1.00  1.00  0.99  0.16 ]

01/29 03:46:58 AM | === Batch 17/300
01/29 03:46:58 AM | loss = 0.527 + 0.092 + 0.046 = 0.665
01/29 03:46:58 AM | attribution_score[0:12]: 
[ 1.00  0.99  0.14  0.01  0.05  0.64  0.09  0.02  0.01  0.86  0.03  0.95 ]
[ 0.99  0.12  0.95  0.02  0.92  0.80  0.99  0.02  0.94  0.99  0.86  0.58 ]
[ 1.00  0.94  0.02  0.99  0.02  0.99  0.28  0.99  0.10  0.03  0.10  0.98 ]
[ 0.05  0.02  0.91  0.97  0.93  0.94  0.66  0.80  0.94  0.59  0.63  0.98 ]
[ 0.93  0.32  0.71  0.54  0.77  0.99  0.85  0.83  0.99  0.98  0.87  0.45 ]
[ 0.87  0.96  0.58  0.13  0.06  0.81  0.75  0.20  0.16  0.77  0.02  0.94 ]
[ 0.97  0.57  0.32  0.83  0.99  0.14  0.07  0.29  0.60  0.99  0.99  0.80 ]
[ 0.01  0.48  0.04  0.25  0.26  0.77  0.96  0.01  0.95  0.24  0.21  0.01 ]
[ 0.22  0.92  0.04  0.88  0.89  0.03  0.04  0.35  0.83  0.24  0.93  1.00 ]
[ 0.51  0.04  0.02  0.02  0.52  0.35  0.06  0.02  0.99  0.04  0.29  0.64 ]
[ 0.48  0.99  0.96  0.72  0.91  0.97  0.97  1.00  0.99  0.81  1.00  0.92 ]
[ 0.99  1.00  0.95  0.99  1.00  0.91  0.98  1.00  0.26  0.98  0.99  0.97 ]
[ 1.00  1.00  1.00  0.96  1.00  1.00  0.99  1.00  1.00  1.00  0.99  0.14 ]

01/29 03:46:58 AM | === Batch 18/300
01/29 03:46:59 AM | loss = 0.457 + 0.044 + 0.044 = 0.545
01/29 03:46:59 AM | attribution_score[0:12]: 
[ 1.00  0.99  0.12  0.01  0.04  0.66  0.08  0.02  0.01  0.88  0.02  0.96 ]
[ 0.99  0.11  0.95  0.02  0.93  0.80  1.00  0.01  0.94  0.99  0.88  0.54 ]
[ 1.00  0.94  0.02  0.99  0.02  0.99  0.24  0.99  0.09  0.03  0.09  0.98 ]
[ 0.04  0.02  0.91  0.97  0.94  0.93  0.70  0.82  0.94  0.56  0.62  0.98 ]
[ 0.93  0.28  0.66  0.50  0.77  0.99  0.84  0.82  0.99  0.98  0.88  0.48 ]
[ 0.86  0.96  0.55  0.11  0.05  0.81  0.73  0.18  0.15  0.73  0.01  0.94 ]
[ 0.97  0.60  0.24  0.82  0.99  0.11  0.06  0.28  0.57  0.99  0.99  0.83 ]
[ 0.01  0.45  0.03  0.22  0.21  0.76  0.96  0.01  0.96  0.24  0.22  0.01 ]
[ 0.21  0.93  0.03  0.88  0.91  0.02  0.03  0.32  0.82  0.24  0.94  1.00 ]
[ 0.48  0.04  0.02  0.02  0.53  0.30  0.05  0.02  0.99  0.03  0.28  0.63 ]
[ 0.45  0.99  0.96  0.71  0.91  0.98  0.97  1.00  0.99  0.79  1.00  0.93 ]
[ 0.99  1.00  0.95  0.99  1.00  0.91  0.98  1.00  0.23  0.98  1.00  0.97 ]
[ 1.00  1.00  1.00  0.96  1.00  1.00  0.99  1.00  1.00  1.00  0.99  0.12 ]

01/29 03:46:59 AM | === Batch 19/300
01/29 03:46:59 AM | loss = 0.383 + 0.024 + 0.043 = 0.450
01/29 03:46:59 AM | attribution_score[0:12]: 
[ 1.00  0.99  0.12  0.01  0.04  0.70  0.08  0.01  0.01  0.90  0.02  0.96 ]
[ 1.00  0.10  0.95  0.01  0.94  0.81  1.00  0.01  0.95  0.99  0.89  0.51 ]
[ 1.00  0.95  0.02  0.99  0.01  0.99  0.22  0.99  0.09  0.02  0.08  0.98 ]
[ 0.04  0.01  0.92  0.97  0.95  0.94  0.74  0.84  0.94  0.56  0.63  0.98 ]
[ 0.93  0.28  0.68  0.49  0.79  0.99  0.83  0.83  0.99  0.99  0.90  0.53 ]
[ 0.87  0.96  0.56  0.10  0.04  0.82  0.73  0.18  0.15  0.67  0.01  0.95 ]
[ 0.97  0.64  0.20  0.82  0.99  0.10  0.06  0.28  0.59  0.99  0.99  0.85 ]
[ 0.01  0.45  0.03  0.22  0.19  0.77  0.97  0.01  0.96  0.26  0.24  0.01 ]
[ 0.23  0.94  0.03  0.89  0.92  0.02  0.03  0.32  0.83  0.27  0.95  1.00 ]
[ 0.48  0.03  0.01  0.02  0.58  0.30  0.05  0.02  0.99  0.03  0.28  0.66 ]
[ 0.44  0.99  0.97  0.69  0.91  0.98  0.97  1.00  0.99  0.78  1.00  0.93 ]
[ 0.99  1.00  0.95  0.99  1.00  0.92  0.98  1.00  0.22  0.98  1.00  0.98 ]
[ 1.00  1.00  1.00  0.96  1.00  1.00  0.99  1.00  1.00  1.00  0.99  0.11 ]

01/29 03:46:59 AM | === Batch 20/300
01/29 03:46:59 AM | loss = 0.634 + 0.017 + 0.041 = 0.692
01/29 03:47:00 AM | === Batch 21/300
01/29 03:47:00 AM | loss = 0.460 + 0.033 + 0.040 = 0.532
01/29 03:47:00 AM | === Batch 22/300
01/29 03:47:00 AM | loss = 0.692 + 0.033 + 0.038 = 0.763
01/29 03:47:00 AM | === Batch 23/300
01/29 03:47:01 AM | loss = 0.488 + 0.017 + 0.037 = 0.542
01/29 03:47:01 AM | === Batch 24/300
01/29 03:47:01 AM | loss = 0.495 + 0.022 + 0.036 = 0.553
01/29 03:47:01 AM | === Batch 25/300
01/29 03:47:01 AM | loss = 0.389 + 0.019 + 0.035 = 0.443
01/29 03:47:02 AM | === Batch 26/300
01/29 03:47:02 AM | loss = 0.425 + 0.035 + 0.034 = 0.494
01/29 03:47:02 AM | === Batch 27/300
01/29 03:47:02 AM | loss = 0.360 + 0.033 + 0.033 = 0.426
01/29 03:47:02 AM | === Batch 28/300
01/29 03:47:03 AM | loss = 0.462 + 0.018 + 0.032 = 0.512
01/29 03:47:03 AM | === Batch 29/300
01/29 03:47:03 AM | loss = 0.520 + 0.004 + 0.031 = 0.556
01/29 03:47:03 AM | === Batch 30/300
01/29 03:47:03 AM | loss = 0.710 + 0.027 + 0.031 = 0.768
01/29 03:47:04 AM | === Batch 31/300
01/29 03:47:04 AM | loss = 0.330 + 0.043 + 0.030 = 0.402
01/29 03:47:04 AM | === Batch 32/300
01/29 03:47:04 AM | loss = 0.402 + 0.045 + 0.029 = 0.475
01/29 03:47:04 AM | === Batch 33/300
01/29 03:47:05 AM | loss = 0.314 + 0.036 + 0.029 = 0.379
01/29 03:47:05 AM | === Batch 34/300
01/29 03:47:05 AM | loss = 0.372 + 0.014 + 0.028 = 0.414
01/29 03:47:05 AM | === Batch 35/300
01/29 03:47:05 AM | loss = 0.489 + 0.035 + 0.028 = 0.552
01/29 03:47:06 AM | === Batch 36/300
01/29 03:47:06 AM | loss = 0.520 + 0.012 + 0.027 = 0.559
01/29 03:47:06 AM | === Batch 37/300
01/29 03:47:06 AM | loss = 0.409 + 0.042 + 0.027 = 0.478
01/29 03:47:06 AM | === Batch 38/300
01/29 03:47:07 AM | loss = 0.398 + 0.072 + 0.026 = 0.496
01/29 03:47:07 AM | === Batch 39/300
01/29 03:47:07 AM | loss = 0.377 + 0.087 + 0.026 = 0.490
01/29 03:47:07 AM | === Batch 40/300
01/29 03:47:07 AM | loss = 0.471 + 0.090 + 0.025 = 0.586
01/29 03:47:08 AM | === Batch 41/300
01/29 03:47:08 AM | loss = 0.392 + 0.085 + 0.025 = 0.501
01/29 03:47:08 AM | === Batch 42/300
01/29 03:47:08 AM | loss = 0.385 + 0.070 + 0.024 = 0.479
01/29 03:47:08 AM | === Batch 43/300
01/29 03:47:09 AM | loss = 0.387 + 0.046 + 0.024 = 0.458
01/29 03:47:09 AM | === Batch 44/300
01/29 03:47:09 AM | loss = 0.289 + 0.016 + 0.024 = 0.328
01/29 03:47:09 AM | === Batch 45/300
01/29 03:47:09 AM | loss = 0.569 + 0.044 + 0.023 = 0.636
01/29 03:47:10 AM | === Batch 46/300
01/29 03:47:10 AM | loss = 0.385 + 0.043 + 0.023 = 0.451
01/29 03:47:10 AM | === Batch 47/300
01/29 03:47:10 AM | loss = 0.651 + 0.010 + 0.022 = 0.684
01/29 03:47:10 AM | === Batch 48/300
01/29 03:47:10 AM | loss = 0.313 + 0.031 + 0.022 = 0.365
01/29 03:47:11 AM | === Batch 49/300
01/29 03:47:11 AM | loss = 0.514 + 0.041 + 0.022 = 0.576
01/29 03:47:11 AM | === Batch 50/300
01/29 03:47:11 AM | loss = 0.596 + 0.042 + 0.021 = 0.659
01/29 03:47:11 AM | === Batch 51/300
01/29 03:47:12 AM | loss = 0.373 + 0.033 + 0.021 = 0.427
01/29 03:47:12 AM | === Batch 52/300
01/29 03:47:12 AM | loss = 0.473 + 0.018 + 0.021 = 0.512
01/29 03:47:12 AM | === Batch 53/300
01/29 03:47:12 AM | loss = 0.305 + 0.004 + 0.021 = 0.330
01/29 03:47:13 AM | === Batch 54/300
01/29 03:47:13 AM | loss = 0.483 + 0.009 + 0.021 = 0.513
01/29 03:47:13 AM | === Batch 55/300
01/29 03:47:13 AM | loss = 0.364 + 0.012 + 0.020 = 0.396
01/29 03:47:13 AM | === Batch 56/300
01/29 03:47:14 AM | loss = 0.626 + 0.008 + 0.020 = 0.653
01/29 03:47:14 AM | === Batch 57/300
01/29 03:47:14 AM | loss = 0.504 + 0.003 + 0.020 = 0.526
01/29 03:47:14 AM | === Batch 58/300
01/29 03:47:14 AM | loss = 0.419 + 0.018 + 0.020 = 0.456
01/29 03:47:15 AM | === Batch 59/300
01/29 03:47:15 AM | loss = 0.292 + 0.028 + 0.019 = 0.339
01/29 03:47:15 AM | === Batch 60/300
01/29 03:47:15 AM | loss = 0.490 + 0.028 + 0.019 = 0.537
01/29 03:47:15 AM | === Batch 61/300
01/29 03:47:15 AM | loss = 0.556 + 0.019 + 0.019 = 0.594
01/29 03:47:16 AM | === Batch 62/300
01/29 03:47:16 AM | loss = 0.585 + 0.004 + 0.019 = 0.608
01/29 03:47:16 AM | === Batch 63/300
01/29 03:47:16 AM | loss = 0.439 + 0.028 + 0.019 = 0.486
01/29 03:47:17 AM | === Batch 64/300
01/29 03:47:17 AM | loss = 0.328 + 0.008 + 0.019 = 0.355
01/29 03:47:17 AM | === Batch 65/300
01/29 03:47:17 AM | loss = 0.466 + 0.030 + 0.018 = 0.514
01/29 03:47:17 AM | === Batch 66/300
01/29 03:47:17 AM | loss = 0.573 + 0.050 + 0.018 = 0.641
01/29 03:47:18 AM | === Batch 67/300
01/29 03:47:18 AM | loss = 0.299 + 0.058 + 0.018 = 0.376
01/29 03:47:18 AM | === Batch 68/300
01/29 03:47:18 AM | loss = 0.351 + 0.057 + 0.018 = 0.427
01/29 03:47:19 AM | === Batch 69/300
01/29 03:47:19 AM | loss = 0.592 + 0.049 + 0.018 = 0.658
01/29 03:47:19 AM | === Batch 70/300
01/29 03:47:19 AM | loss = 0.402 + 0.033 + 0.017 = 0.452
01/29 03:47:19 AM | === Batch 71/300
01/29 03:47:19 AM | loss = 0.573 + 0.010 + 0.017 = 0.601
01/29 03:47:20 AM | === Batch 72/300
01/29 03:47:20 AM | loss = 0.481 + 0.026 + 0.017 = 0.525
01/29 03:47:20 AM | === Batch 73/300
01/29 03:47:20 AM | loss = 0.438 + 0.019 + 0.017 = 0.474
01/29 03:47:20 AM | === Batch 74/300
01/29 03:47:21 AM | loss = 0.335 + 0.018 + 0.017 = 0.370
01/29 03:47:21 AM | === Batch 75/300
01/29 03:47:21 AM | loss = 0.523 + 0.034 + 0.017 = 0.574
01/29 03:47:21 AM | === Batch 76/300
01/29 03:47:21 AM | loss = 0.333 + 0.042 + 0.016 = 0.392
01/29 03:47:22 AM | === Batch 77/300
01/29 03:47:22 AM | loss = 0.307 + 0.042 + 0.016 = 0.365
01/29 03:47:22 AM | === Batch 78/300
01/29 03:47:22 AM | loss = 0.434 + 0.034 + 0.016 = 0.484
01/29 03:47:22 AM | === Batch 79/300
01/29 03:47:23 AM | loss = 0.547 + 0.022 + 0.016 = 0.585
01/29 03:47:23 AM | === Batch 80/300
01/29 03:47:23 AM | loss = 0.532 + 0.005 + 0.016 = 0.553
01/29 03:47:23 AM | === Batch 81/300
01/29 03:47:23 AM | loss = 0.385 + 0.032 + 0.016 = 0.433
01/29 03:47:24 AM | === Batch 82/300
01/29 03:47:24 AM | loss = 0.443 + 0.025 + 0.016 = 0.483
01/29 03:47:24 AM | === Batch 83/300
01/29 03:47:24 AM | loss = 0.343 + 0.013 + 0.015 = 0.371
01/29 03:47:24 AM | === Batch 84/300
01/29 03:47:25 AM | loss = 0.421 + 0.030 + 0.015 = 0.465
01/29 03:47:25 AM | === Batch 85/300
01/29 03:47:25 AM | loss = 0.250 + 0.038 + 0.015 = 0.303
01/29 03:47:25 AM | === Batch 86/300
01/29 03:47:25 AM | loss = 0.443 + 0.038 + 0.015 = 0.496
01/29 03:47:26 AM | === Batch 87/300
01/29 03:47:26 AM | loss = 0.224 + 0.031 + 0.015 = 0.270
01/29 03:47:26 AM | === Batch 88/300
01/29 03:47:26 AM | loss = 0.439 + 0.018 + 0.015 = 0.471
01/29 03:47:26 AM | === Batch 89/300
01/29 03:47:26 AM | loss = 0.395 + 0.000 + 0.014 = 0.410
01/29 03:47:27 AM | === Batch 90/300
01/29 03:47:27 AM | loss = 0.540 + 0.043 + 0.014 = 0.597
01/29 03:47:27 AM | === Batch 91/300
01/29 03:47:27 AM | loss = 0.489 + 0.044 + 0.014 = 0.547
01/29 03:47:27 AM | === Batch 92/300
01/29 03:47:28 AM | loss = 0.338 + 0.010 + 0.014 = 0.362
01/29 03:47:28 AM | === Batch 93/300
01/29 03:47:28 AM | loss = 0.347 + 0.031 + 0.014 = 0.392
01/29 03:47:28 AM | === Batch 94/300
01/29 03:47:28 AM | loss = 0.451 + 0.057 + 0.014 = 0.522
01/29 03:47:29 AM | === Batch 95/300
01/29 03:47:29 AM | loss = 0.436 + 0.076 + 0.014 = 0.526
01/29 03:47:29 AM | === Batch 96/300
01/29 03:47:29 AM | loss = 0.392 + 0.086 + 0.013 = 0.492
01/29 03:47:29 AM | === Batch 97/300
01/29 03:47:30 AM | loss = 0.442 + 0.088 + 0.013 = 0.544
01/29 03:47:30 AM | === Batch 98/300
01/29 03:47:30 AM | loss = 0.460 + 0.085 + 0.013 = 0.557
01/29 03:47:30 AM | === Batch 99/300
01/29 03:47:30 AM | loss = 0.313 + 0.076 + 0.013 = 0.402
01/29 03:47:31 AM | === Batch 100/300
01/29 03:47:31 AM | loss = 0.536 + 0.063 + 0.013 = 0.612
01/29 03:47:31 AM | attribution_score[0:12]: 
[ 1.00  1.00  0.47  0.00  0.00  0.93  0.01  0.00  0.00  0.99  0.00  1.00 ]
[ 1.00  0.01  0.98  0.00  0.99  0.96  1.00  0.00  0.99  1.00  0.95  0.04 ]
[ 1.00  1.00  0.00  1.00  0.00  1.00  0.03  0.98  0.01  0.00  0.03  1.00 ]
[ 0.03  0.00  1.00  1.00  0.89  0.96  0.96  0.05  0.99  0.07  0.96  0.98 ]
[ 0.99  0.38  0.32  0.98  0.80  1.00  0.03  0.66  1.00  0.99  0.98  0.94 ]
[ 0.99  0.99  0.03  0.01  0.01  0.98  0.10  0.08  0.03  0.11  0.00  0.98 ]
[ 0.97  0.99  0.02  0.99  1.00  0.03  0.00  0.94  0.99  1.00  1.00  0.98 ]
[ 0.00  0.01  0.01  0.95  0.04  0.99  0.99  0.00  1.00  0.07  0.96  0.00 ]
[ 0.95  1.00  0.01  0.99  0.99  0.00  0.00  0.02  0.96  0.77  0.99  1.00 ]
[ 0.09  0.00  0.00  0.00  0.98  0.03  0.01  0.00  1.00  0.00  0.03  0.96 ]
[ 0.01  1.00  0.99  0.01  0.98  1.00  0.99  1.00  1.00  0.98  1.00  0.98 ]
[ 1.00  1.00  0.99  1.00  1.00  0.97  1.00  1.00  0.01  1.00  1.00  0.99 ]
[ 1.00  1.00  1.00  0.99  1.00  1.00  1.00  1.00  1.00  1.00  1.00  0.01 ]

01/29 03:47:31 AM | === Batch 101/300
01/29 03:47:31 AM | loss = 0.455 + 0.045 + 0.013 = 0.513
01/29 03:47:32 AM | === Batch 102/300
01/29 03:47:32 AM | loss = 0.246 + 0.024 + 0.013 = 0.283
01/29 03:47:32 AM | === Batch 103/300
01/29 03:47:32 AM | loss = 0.513 + 0.004 + 0.013 = 0.530
01/29 03:47:32 AM | === Batch 104/300
01/29 03:47:32 AM | loss = 0.380 + 0.005 + 0.013 = 0.398
01/29 03:47:33 AM | === Batch 105/300
01/29 03:47:33 AM | loss = 0.525 + 0.017 + 0.013 = 0.554
01/29 03:47:33 AM | === Batch 106/300
01/29 03:47:33 AM | loss = 0.343 + 0.029 + 0.013 = 0.385
01/29 03:47:33 AM | === Batch 107/300
01/29 03:47:34 AM | loss = 0.349 + 0.034 + 0.013 = 0.395
01/29 03:47:34 AM | === Batch 108/300
01/29 03:47:34 AM | loss = 0.479 + 0.031 + 0.013 = 0.523
01/29 03:47:34 AM | === Batch 109/300
01/29 03:47:34 AM | loss = 0.272 + 0.025 + 0.013 = 0.309
01/29 03:47:35 AM | === Batch 110/300
01/29 03:47:35 AM | loss = 0.526 + 0.013 + 0.013 = 0.552
01/29 03:47:35 AM | === Batch 111/300
01/29 03:47:35 AM | loss = 0.583 + 0.004 + 0.013 = 0.600
01/29 03:47:35 AM | === Batch 112/300
01/29 03:47:36 AM | loss = 0.330 + 0.004 + 0.012 = 0.346
01/29 03:47:36 AM | === Batch 113/300
01/29 03:47:36 AM | loss = 0.303 + 0.005 + 0.012 = 0.321
01/29 03:47:36 AM | === Batch 114/300
01/29 03:47:36 AM | loss = 0.360 + 0.000 + 0.012 = 0.373
01/29 03:47:37 AM | === Batch 115/300
01/29 03:47:37 AM | loss = 0.524 + 0.019 + 0.012 = 0.555
01/29 03:47:37 AM | === Batch 116/300
01/29 03:47:37 AM | loss = 0.417 + 0.004 + 0.012 = 0.434
01/29 03:47:37 AM | === Batch 117/300
01/29 03:47:38 AM | loss = 0.341 + 0.022 + 0.012 = 0.375
01/29 03:47:38 AM | === Batch 118/300
01/29 03:47:38 AM | loss = 0.469 + 0.038 + 0.012 = 0.519
01/29 03:47:38 AM | === Batch 119/300
01/29 03:47:38 AM | loss = 0.391 + 0.046 + 0.011 = 0.449
01/29 03:47:39 AM | === Batch 120/300
01/29 03:47:39 AM | loss = 0.399 + 0.049 + 0.011 = 0.459
01/29 03:47:39 AM | === Batch 121/300
01/29 03:47:39 AM | loss = 0.385 + 0.047 + 0.011 = 0.443
01/29 03:47:39 AM | === Batch 122/300
01/29 03:47:40 AM | loss = 0.361 + 0.038 + 0.011 = 0.411
01/29 03:47:40 AM | === Batch 123/300
01/29 03:47:40 AM | loss = 0.210 + 0.026 + 0.011 = 0.247
01/29 03:47:40 AM | === Batch 124/300
01/29 03:47:40 AM | loss = 0.472 + 0.009 + 0.011 = 0.493
01/29 03:47:41 AM | === Batch 125/300
01/29 03:47:41 AM | loss = 0.516 + 0.020 + 0.011 = 0.547
01/29 03:47:41 AM | === Batch 126/300
01/29 03:47:41 AM | loss = 0.280 + 0.020 + 0.011 = 0.311
01/29 03:47:41 AM | === Batch 127/300
01/29 03:47:41 AM | loss = 0.442 + 0.006 + 0.011 = 0.458
01/29 03:47:42 AM | === Batch 128/300
01/29 03:47:42 AM | loss = 0.362 + 0.015 + 0.011 = 0.388
01/29 03:47:42 AM | === Batch 129/300
01/29 03:47:42 AM | loss = 0.253 + 0.019 + 0.011 = 0.283
01/29 03:47:42 AM | === Batch 130/300
01/29 03:47:43 AM | loss = 0.303 + 0.017 + 0.011 = 0.331
01/29 03:47:43 AM | === Batch 131/300
01/29 03:47:43 AM | loss = 0.479 + 0.010 + 0.011 = 0.500
01/29 03:47:43 AM | === Batch 132/300
01/29 03:47:43 AM | loss = 0.365 + 0.000 + 0.011 = 0.376
01/29 03:47:44 AM | === Batch 133/300
01/29 03:47:44 AM | loss = 0.444 + 0.027 + 0.011 = 0.482
01/29 03:47:44 AM | === Batch 134/300
01/29 03:47:44 AM | loss = 0.381 + 0.017 + 0.011 = 0.408
01/29 03:47:44 AM | === Batch 135/300
01/29 03:47:45 AM | loss = 0.297 + 0.010 + 0.010 = 0.318
01/29 03:47:45 AM | === Batch 136/300
01/29 03:47:45 AM | loss = 0.435 + 0.022 + 0.010 = 0.467
01/29 03:47:45 AM | === Batch 137/300
01/29 03:47:45 AM | loss = 0.314 + 0.027 + 0.010 = 0.351
01/29 03:47:46 AM | === Batch 138/300
01/29 03:47:46 AM | loss = 0.577 + 0.027 + 0.010 = 0.614
01/29 03:47:46 AM | === Batch 139/300
01/29 03:47:46 AM | loss = 0.279 + 0.023 + 0.010 = 0.312
01/29 03:47:46 AM | === Batch 140/300
01/29 03:47:47 AM | loss = 0.503 + 0.016 + 0.010 = 0.529
01/29 03:47:47 AM | === Batch 141/300
01/29 03:47:47 AM | loss = 0.479 + 0.004 + 0.010 = 0.492
01/29 03:47:47 AM | === Batch 142/300
01/29 03:47:47 AM | loss = 0.233 + 0.023 + 0.010 = 0.266
01/29 03:47:48 AM | === Batch 143/300
01/29 03:47:48 AM | loss = 0.484 + 0.022 + 0.010 = 0.516
01/29 03:47:48 AM | === Batch 144/300
01/29 03:47:48 AM | loss = 0.375 + 0.003 + 0.009 = 0.387
01/29 03:47:48 AM | === Batch 145/300
01/29 03:47:49 AM | loss = 0.328 + 0.011 + 0.009 = 0.349
01/29 03:47:49 AM | === Batch 146/300
01/29 03:47:49 AM | loss = 0.398 + 0.014 + 0.009 = 0.421
01/29 03:47:49 AM | === Batch 147/300
01/29 03:47:49 AM | loss = 0.438 + 0.012 + 0.009 = 0.459
01/29 03:47:50 AM | === Batch 148/300
01/29 03:47:50 AM | loss = 0.450 + 0.007 + 0.009 = 0.467
01/29 03:47:50 AM | === Batch 149/300
01/29 03:47:50 AM | loss = 0.412 + 0.000 + 0.009 = 0.421
01/29 03:47:50 AM | === Batch 150/300
01/29 03:47:50 AM | loss = 0.407 + 0.008 + 0.009 = 0.424
01/29 03:47:51 AM | === Batch 151/300
01/29 03:47:51 AM | loss = 0.187 + 0.014 + 0.009 = 0.211
01/29 03:47:51 AM | === Batch 152/300
01/29 03:47:51 AM | loss = 0.365 + 0.015 + 0.009 = 0.389
01/29 03:47:51 AM | === Batch 153/300
01/29 03:47:52 AM | loss = 0.305 + 0.014 + 0.009 = 0.328
01/29 03:47:52 AM | === Batch 154/300
01/29 03:47:52 AM | loss = 0.493 + 0.010 + 0.009 = 0.511
01/29 03:47:52 AM | === Batch 155/300
01/29 03:47:52 AM | loss = 0.378 + 0.002 + 0.009 = 0.388
01/29 03:47:53 AM | === Batch 156/300
01/29 03:47:53 AM | loss = 0.552 + 0.017 + 0.009 = 0.577
01/29 03:47:53 AM | === Batch 157/300
01/29 03:47:53 AM | loss = 0.677 + 0.013 + 0.008 = 0.699
01/29 03:47:53 AM | === Batch 158/300
01/29 03:47:54 AM | loss = 0.319 + 0.007 + 0.008 = 0.334
01/29 03:47:54 AM | === Batch 159/300
01/29 03:47:54 AM | loss = 0.275 + 0.017 + 0.009 = 0.300
01/29 03:47:54 AM | === Batch 160/300
01/29 03:47:54 AM | loss = 0.287 + 0.021 + 0.009 = 0.316
01/29 03:47:55 AM | === Batch 161/300
01/29 03:47:55 AM | loss = 0.376 + 0.020 + 0.009 = 0.405
01/29 03:47:55 AM | === Batch 162/300
01/29 03:47:55 AM | loss = 0.296 + 0.014 + 0.009 = 0.319
01/29 03:47:55 AM | === Batch 163/300
01/29 03:47:55 AM | loss = 0.411 + 0.004 + 0.009 = 0.424
01/29 03:47:56 AM | === Batch 164/300
01/29 03:47:56 AM | loss = 0.322 + 0.014 + 0.009 = 0.345
01/29 03:47:56 AM | === Batch 165/300
01/29 03:47:56 AM | loss = 0.399 + 0.010 + 0.008 = 0.418
01/29 03:47:56 AM | === Batch 166/300
01/29 03:47:57 AM | loss = 0.273 + 0.009 + 0.008 = 0.291
01/29 03:47:57 AM | === Batch 167/300
01/29 03:47:57 AM | loss = 0.522 + 0.017 + 0.008 = 0.548
01/29 03:47:57 AM | === Batch 168/300
01/29 03:47:57 AM | loss = 0.375 + 0.022 + 0.008 = 0.405
01/29 03:47:58 AM | === Batch 169/300
01/29 03:47:58 AM | loss = 0.224 + 0.022 + 0.008 = 0.254
01/29 03:47:58 AM | === Batch 170/300
01/29 03:47:58 AM | loss = 0.333 + 0.017 + 0.008 = 0.358
01/29 03:47:58 AM | === Batch 171/300
01/29 03:47:59 AM | loss = 0.307 + 0.010 + 0.008 = 0.325
01/29 03:47:59 AM | === Batch 172/300
01/29 03:47:59 AM | loss = 0.402 + 0.001 + 0.008 = 0.412
01/29 03:47:59 AM | === Batch 173/300
01/29 03:47:59 AM | loss = 0.268 + 0.000 + 0.008 = 0.277
01/29 03:47:59 AM | === Batch 174/300
01/29 03:48:00 AM | loss = 0.488 + 0.006 + 0.008 = 0.502
01/29 03:48:00 AM | === Batch 175/300
01/29 03:48:00 AM | loss = 0.391 + 0.006 + 0.008 = 0.405
01/29 03:48:00 AM | === Batch 176/300
01/29 03:48:00 AM | loss = 0.316 + 0.011 + 0.008 = 0.336
01/29 03:48:01 AM | === Batch 177/300
01/29 03:48:01 AM | loss = 0.427 + 0.012 + 0.008 = 0.447
01/29 03:48:01 AM | === Batch 178/300
01/29 03:48:01 AM | loss = 0.345 + 0.010 + 0.008 = 0.362
01/29 03:48:01 AM | === Batch 179/300
01/29 03:48:02 AM | loss = 0.284 + 0.004 + 0.008 = 0.296
01/29 03:48:02 AM | === Batch 180/300
01/29 03:48:02 AM | loss = 0.501 + 0.008 + 0.008 = 0.517
01/29 03:48:02 AM | === Batch 181/300
01/29 03:48:02 AM | loss = 0.329 + 0.003 + 0.008 = 0.339
01/29 03:48:03 AM | === Batch 182/300
01/29 03:48:03 AM | loss = 0.647 + 0.013 + 0.008 = 0.667
01/29 03:48:03 AM | === Batch 183/300
01/29 03:48:03 AM | loss = 0.273 + 0.023 + 0.008 = 0.304
01/29 03:48:03 AM | === Batch 184/300
01/29 03:48:03 AM | loss = 0.455 + 0.029 + 0.007 = 0.492
01/29 03:48:04 AM | === Batch 185/300
01/29 03:48:04 AM | loss = 0.239 + 0.033 + 0.007 = 0.279
01/29 03:48:04 AM | === Batch 186/300
01/29 03:48:04 AM | loss = 0.330 + 0.032 + 0.007 = 0.369
01/29 03:48:04 AM | === Batch 187/300
01/29 03:48:05 AM | loss = 0.438 + 0.028 + 0.007 = 0.473
01/29 03:48:05 AM | === Batch 188/300
01/29 03:48:05 AM | loss = 0.565 + 0.021 + 0.007 = 0.593
01/29 03:48:05 AM | === Batch 189/300
01/29 03:48:05 AM | loss = 0.344 + 0.013 + 0.007 = 0.364
01/29 03:48:06 AM | === Batch 190/300
01/29 03:48:06 AM | loss = 0.385 + 0.004 + 0.007 = 0.396
01/29 03:48:06 AM | === Batch 191/300
01/29 03:48:06 AM | loss = 0.260 + 0.012 + 0.007 = 0.279
01/29 03:48:06 AM | === Batch 192/300
01/29 03:48:07 AM | loss = 0.351 + 0.013 + 0.007 = 0.371
01/29 03:48:07 AM | === Batch 193/300
01/29 03:48:07 AM | loss = 0.400 + 0.001 + 0.007 = 0.408
01/29 03:48:07 AM | === Batch 194/300
01/29 03:48:07 AM | loss = 0.252 + 0.006 + 0.007 = 0.265
01/29 03:48:08 AM | === Batch 195/300
01/29 03:48:08 AM | loss = 0.427 + 0.007 + 0.007 = 0.441
01/29 03:48:08 AM | === Batch 196/300
01/29 03:48:08 AM | loss = 0.472 + 0.006 + 0.007 = 0.485
01/29 03:48:08 AM | === Batch 197/300
01/29 03:48:08 AM | loss = 0.262 + 0.003 + 0.007 = 0.272
01/29 03:48:09 AM | === Batch 198/300
01/29 03:48:09 AM | loss = 0.381 + 0.006 + 0.007 = 0.394
01/29 03:48:09 AM | === Batch 199/300
01/29 03:48:09 AM | loss = 0.293 + 0.001 + 0.007 = 0.300
01/29 03:48:09 AM | === Batch 200/300
01/29 03:48:10 AM | loss = 0.412 + 0.010 + 0.007 = 0.429
01/29 03:48:10 AM | attribution_score[0:12]: 
[ 1.00  1.00  0.08  0.00  0.00  0.88  0.00  0.00  0.00  0.99  0.00  1.00 ]
[ 1.00  0.00  0.99  0.00  0.99  0.96  1.00  0.00  0.99  1.00  0.98  0.06 ]
[ 1.00  1.00  0.00  1.00  0.00  1.00  0.02  1.00  0.01  0.00  0.01  1.00 ]
[ 0.01  0.00  1.00  1.00  0.98  0.98  0.97  0.03  0.99  0.14  0.96  0.99 ]
[ 0.99  0.97  0.99  0.98  0.97  0.99  0.01  0.05  1.00  0.99  0.99  0.98 ]
[ 1.00  1.00  0.01  0.00  0.03  0.98  0.02  0.01  0.02  0.01  0.00  0.98 ]
[ 0.99  1.00  0.01  1.00  1.00  0.01  0.00  0.85  0.99  1.00  0.99  0.99 ]
[ 0.00  0.01  0.00  0.99  0.01  0.99  1.00  0.00  1.00  0.02  0.95  0.00 ]
[ 0.97  1.00  0.00  0.99  0.99  0.00  0.00  0.03  0.97  0.96  1.00  1.00 ]
[ 0.02  0.00  0.00  0.00  0.99  0.01  0.00  0.00  1.00  0.00  0.02  0.98 ]
[ 0.00  1.00  1.00  0.01  0.99  1.00  0.99  1.00  1.00  0.99  1.00  0.99 ]
[ 1.00  1.00  0.99  1.00  1.00  0.99  1.00  1.00  0.01  1.00  1.00  1.00 ]
[ 1.00  1.00  1.00  0.99  1.00  1.00  1.00  1.00  1.00  1.00  1.00  0.01 ]

01/29 03:48:10 AM | === Batch 201/300
01/29 03:48:10 AM | loss = 0.359 + 0.016 + 0.006 = 0.381
01/29 03:48:10 AM | === Batch 202/300
01/29 03:48:10 AM | loss = 0.490 + 0.019 + 0.006 = 0.515
01/29 03:48:11 AM | === Batch 203/300
01/29 03:48:11 AM | loss = 0.430 + 0.019 + 0.006 = 0.456
01/29 03:48:11 AM | === Batch 204/300
01/29 03:48:11 AM | loss = 0.520 + 0.016 + 0.006 = 0.543
01/29 03:48:11 AM | === Batch 205/300
01/29 03:48:12 AM | loss = 0.439 + 0.011 + 0.007 = 0.456
01/29 03:48:12 AM | === Batch 206/300
01/29 03:48:12 AM | loss = 0.424 + 0.003 + 0.006 = 0.434
01/29 03:48:12 AM | === Batch 207/300
01/29 03:48:12 AM | loss = 0.365 + 0.008 + 0.006 = 0.379
01/29 03:48:12 AM | === Batch 208/300
01/29 03:48:13 AM | loss = 0.477 + 0.004 + 0.006 = 0.488
01/29 03:48:13 AM | === Batch 209/300
01/29 03:48:13 AM | loss = 0.399 + 0.007 + 0.006 = 0.413
01/29 03:48:13 AM | === Batch 210/300
01/29 03:48:13 AM | loss = 0.329 + 0.012 + 0.006 = 0.347
01/29 03:48:14 AM | === Batch 211/300
01/29 03:48:14 AM | loss = 0.309 + 0.014 + 0.006 = 0.330
01/29 03:48:14 AM | === Batch 212/300
01/29 03:48:14 AM | loss = 0.597 + 0.012 + 0.006 = 0.616
01/29 03:48:14 AM | === Batch 213/300
01/29 03:48:15 AM | loss = 0.568 + 0.008 + 0.007 = 0.583
01/29 03:48:15 AM | === Batch 214/300
01/29 03:48:15 AM | loss = 0.463 + 0.001 + 0.007 = 0.470
01/29 03:48:15 AM | === Batch 215/300
01/29 03:48:15 AM | loss = 0.375 + 0.014 + 0.007 = 0.396
01/29 03:48:16 AM | === Batch 216/300
01/29 03:48:16 AM | loss = 0.392 + 0.011 + 0.007 = 0.410
01/29 03:48:16 AM | === Batch 217/300
01/29 03:48:16 AM | loss = 0.419 + 0.006 + 0.006 = 0.431
01/29 03:48:16 AM | === Batch 218/300
01/29 03:48:16 AM | loss = 0.395 + 0.014 + 0.006 = 0.415
01/29 03:48:17 AM | === Batch 219/300
01/29 03:48:17 AM | loss = 0.337 + 0.018 + 0.006 = 0.362
01/29 03:48:17 AM | === Batch 220/300
01/29 03:48:17 AM | loss = 0.388 + 0.019 + 0.006 = 0.413
01/29 03:48:17 AM | === Batch 221/300
01/29 03:48:18 AM | loss = 0.306 + 0.016 + 0.006 = 0.328
01/29 03:48:18 AM | === Batch 222/300
01/29 03:48:18 AM | loss = 0.439 + 0.011 + 0.006 = 0.456
01/29 03:48:18 AM | === Batch 223/300
01/29 03:48:18 AM | loss = 0.307 + 0.004 + 0.006 = 0.318
01/29 03:48:19 AM | === Batch 224/300
01/29 03:48:19 AM | loss = 0.423 + 0.010 + 0.006 = 0.440
01/29 03:48:19 AM | === Batch 225/300
01/29 03:48:19 AM | loss = 0.451 + 0.011 + 0.006 = 0.469
01/29 03:48:19 AM | === Batch 226/300
01/29 03:48:20 AM | loss = 0.514 + 0.003 + 0.006 = 0.523
01/29 03:48:20 AM | === Batch 227/300
01/29 03:48:20 AM | loss = 0.630 + 0.010 + 0.006 = 0.646
01/29 03:48:20 AM | === Batch 228/300
01/29 03:48:20 AM | loss = 0.414 + 0.014 + 0.006 = 0.434
01/29 03:48:21 AM | === Batch 229/300
01/29 03:48:21 AM | loss = 0.504 + 0.015 + 0.006 = 0.525
01/29 03:48:21 AM | === Batch 230/300
01/29 03:48:21 AM | loss = 0.338 + 0.012 + 0.006 = 0.357
01/29 03:48:21 AM | === Batch 231/300
01/29 03:48:21 AM | loss = 0.524 + 0.008 + 0.007 = 0.539
01/29 03:48:22 AM | === Batch 232/300
01/29 03:48:22 AM | loss = 0.487 + 0.004 + 0.007 = 0.498
01/29 03:48:22 AM | === Batch 233/300
01/29 03:48:22 AM | loss = 0.502 + 0.004 + 0.007 = 0.513
01/29 03:48:23 AM | === Batch 234/300
01/29 03:48:23 AM | loss = 0.365 + 0.003 + 0.007 = 0.375
01/29 03:48:23 AM | === Batch 235/300
01/29 03:48:23 AM | loss = 0.364 + 0.004 + 0.007 = 0.375
01/29 03:48:23 AM | === Batch 236/300
01/29 03:48:23 AM | loss = 0.399 + 0.003 + 0.007 = 0.409
01/29 03:48:24 AM | === Batch 237/300
01/29 03:48:24 AM | loss = 0.378 + 0.004 + 0.007 = 0.389
01/29 03:48:24 AM | === Batch 238/300
01/29 03:48:24 AM | loss = 0.425 + 0.003 + 0.006 = 0.435
01/29 03:48:24 AM | === Batch 239/300
01/29 03:48:25 AM | loss = 0.400 + 0.005 + 0.006 = 0.412
01/29 03:48:25 AM | === Batch 240/300
01/29 03:48:25 AM | loss = 0.485 + 0.004 + 0.006 = 0.495
01/29 03:48:25 AM | === Batch 241/300
01/29 03:48:25 AM | loss = 0.501 + 0.001 + 0.006 = 0.508
01/29 03:48:25 AM | === Batch 242/300
01/29 03:48:26 AM | loss = 0.310 + 0.009 + 0.006 = 0.325
01/29 03:48:26 AM | === Batch 243/300
01/29 03:48:26 AM | loss = 0.463 + 0.001 + 0.006 = 0.470
01/29 03:48:26 AM | === Batch 244/300
01/29 03:48:26 AM | loss = 0.419 + 0.003 + 0.006 = 0.429
01/29 03:48:27 AM | === Batch 245/300
01/29 03:48:27 AM | loss = 0.360 + 0.002 + 0.007 = 0.369
01/29 03:48:27 AM | === Batch 246/300
01/29 03:48:27 AM | loss = 0.275 + 0.002 + 0.007 = 0.283
01/29 03:48:27 AM | === Batch 247/300
01/29 03:48:28 AM | loss = 0.406 + 0.007 + 0.007 = 0.419
01/29 03:48:28 AM | === Batch 248/300
01/29 03:48:28 AM | loss = 0.374 + 0.010 + 0.007 = 0.390
01/29 03:48:28 AM | === Batch 249/300
01/29 03:48:28 AM | loss = 0.371 + 0.008 + 0.007 = 0.386
01/29 03:48:29 AM | === Batch 250/300
01/29 03:48:29 AM | loss = 0.295 + 0.003 + 0.007 = 0.305
01/29 03:48:29 AM | === Batch 251/300
01/29 03:48:29 AM | loss = 0.392 + 0.013 + 0.007 = 0.412
01/29 03:48:29 AM | === Batch 252/300
01/29 03:48:30 AM | loss = 0.396 + 0.001 + 0.007 = 0.403
01/29 03:48:30 AM | === Batch 253/300
01/29 03:48:30 AM | loss = 0.323 + 0.002 + 0.007 = 0.332
01/29 03:48:30 AM | === Batch 254/300
01/29 03:48:30 AM | loss = 0.447 + 0.000 + 0.007 = 0.455
01/29 03:48:31 AM | === Batch 255/300
01/29 03:48:31 AM | loss = 0.503 + 0.010 + 0.007 = 0.521
01/29 03:48:31 AM | === Batch 256/300
01/29 03:48:31 AM | loss = 0.375 + 0.002 + 0.007 = 0.384
01/29 03:48:31 AM | === Batch 257/300
01/29 03:48:31 AM | loss = 0.421 + 0.005 + 0.007 = 0.433
01/29 03:48:32 AM | === Batch 258/300
01/29 03:48:32 AM | loss = 0.285 + 0.006 + 0.007 = 0.297
01/29 03:48:32 AM | === Batch 259/300
01/29 03:48:32 AM | loss = 0.420 + 0.002 + 0.007 = 0.428
01/29 03:48:32 AM | === Batch 260/300
01/29 03:48:33 AM | loss = 0.310 + 0.006 + 0.007 = 0.323
01/29 03:48:33 AM | === Batch 261/300
01/29 03:48:33 AM | loss = 0.473 + 0.005 + 0.007 = 0.485
01/29 03:48:33 AM | === Batch 262/300
01/29 03:48:33 AM | loss = 0.510 + 0.010 + 0.007 = 0.527
01/29 03:48:34 AM | === Batch 263/300
01/29 03:48:34 AM | loss = 0.407 + 0.011 + 0.007 = 0.425
01/29 03:48:34 AM | === Batch 264/300
01/29 03:48:34 AM | loss = 0.329 + 0.007 + 0.007 = 0.342
01/29 03:48:34 AM | === Batch 265/300
01/29 03:48:34 AM | loss = 0.345 + 0.001 + 0.007 = 0.353
01/29 03:48:35 AM | === Batch 266/300
01/29 03:48:35 AM | loss = 0.366 + 0.004 + 0.007 = 0.377
01/29 03:48:35 AM | === Batch 267/300
01/29 03:48:35 AM | loss = 0.498 + 0.004 + 0.007 = 0.509
01/29 03:48:35 AM | === Batch 268/300
01/29 03:48:36 AM | loss = 0.294 + 0.001 + 0.007 = 0.301
01/29 03:48:36 AM | === Batch 269/300
01/29 03:48:36 AM | loss = 0.328 + 0.011 + 0.007 = 0.345
01/29 03:48:36 AM | === Batch 270/300
01/29 03:48:36 AM | loss = 0.427 + 0.001 + 0.007 = 0.435
01/29 03:48:37 AM | === Batch 271/300
01/29 03:48:37 AM | loss = 0.423 + 0.014 + 0.006 = 0.444
01/29 03:48:37 AM | === Batch 272/300
01/29 03:48:37 AM | loss = 0.346 + 0.023 + 0.006 = 0.376
01/29 03:48:38 AM | === Batch 273/300
01/29 03:48:38 AM | loss = 0.351 + 0.029 + 0.006 = 0.386
01/29 03:48:38 AM | === Batch 274/300
01/29 03:48:38 AM | loss = 0.404 + 0.031 + 0.006 = 0.441
01/29 03:48:38 AM | === Batch 275/300
01/29 03:48:38 AM | loss = 0.484 + 0.031 + 0.006 = 0.521
01/29 03:48:39 AM | === Batch 276/300
01/29 03:48:39 AM | loss = 0.395 + 0.027 + 0.006 = 0.428
01/29 03:48:39 AM | === Batch 277/300
01/29 03:48:39 AM | loss = 0.491 + 0.021 + 0.006 = 0.519
01/29 03:48:39 AM | === Batch 278/300
01/29 03:48:40 AM | loss = 0.347 + 0.016 + 0.006 = 0.368
01/29 03:48:40 AM | === Batch 279/300
01/29 03:48:40 AM | loss = 0.609 + 0.008 + 0.006 = 0.623
01/29 03:48:40 AM | === Batch 280/300
01/29 03:48:40 AM | loss = 0.323 + 0.004 + 0.006 = 0.333
01/29 03:48:41 AM | === Batch 281/300
01/29 03:48:41 AM | loss = 0.387 + 0.002 + 0.006 = 0.395
01/29 03:48:41 AM | === Batch 282/300
01/29 03:48:41 AM | loss = 0.214 + 0.008 + 0.006 = 0.228
01/29 03:48:41 AM | === Batch 283/300
01/29 03:48:41 AM | loss = 0.362 + 0.015 + 0.006 = 0.383
01/29 03:48:42 AM | === Batch 284/300
01/29 03:48:42 AM | loss = 0.361 + 0.018 + 0.006 = 0.385
01/29 03:48:42 AM | === Batch 285/300
01/29 03:48:42 AM | loss = 0.339 + 0.018 + 0.006 = 0.363
01/29 03:48:42 AM | === Batch 286/300
01/29 03:48:43 AM | loss = 0.381 + 0.014 + 0.006 = 0.401
01/29 03:48:43 AM | === Batch 287/300
01/29 03:48:43 AM | loss = 0.379 + 0.007 + 0.006 = 0.391
01/29 03:48:43 AM | === Batch 288/300
01/29 03:48:43 AM | loss = 0.375 + 0.006 + 0.006 = 0.387
01/29 03:48:44 AM | === Batch 289/300
01/29 03:48:44 AM | loss = 0.433 + 0.003 + 0.006 = 0.442
01/29 03:48:44 AM | === Batch 290/300
01/29 03:48:44 AM | loss = 0.459 + 0.010 + 0.006 = 0.474
01/29 03:48:44 AM | === Batch 291/300
01/29 03:48:45 AM | loss = 0.370 + 0.017 + 0.006 = 0.393
01/29 03:48:45 AM | === Batch 292/300
01/29 03:48:45 AM | loss = 0.392 + 0.019 + 0.006 = 0.418
01/29 03:48:45 AM | === Batch 293/300
01/29 03:48:45 AM | loss = 0.296 + 0.017 + 0.006 = 0.319
01/29 03:48:46 AM | === Batch 294/300
01/29 03:48:46 AM | loss = 0.288 + 0.011 + 0.006 = 0.306
01/29 03:48:46 AM | === Batch 295/300
01/29 03:48:46 AM | loss = 0.314 + 0.000 + 0.006 = 0.321
01/29 03:48:46 AM | === Batch 296/300
01/29 03:48:47 AM | loss = 0.345 + 0.022 + 0.006 = 0.373
01/29 03:48:47 AM | === Batch 297/300
01/29 03:48:47 AM | loss = 0.582 + 0.020 + 0.006 = 0.609
01/29 03:48:47 AM | === Batch 298/300
01/29 03:48:47 AM | loss = 0.437 + 0.000 + 0.006 = 0.444
01/29 03:48:48 AM | === Batch 299/300
01/29 03:48:48 AM | loss = 0.542 + 0.007 + 0.006 = 0.556
01/29 03:48:48 AM | === Batch 300/300
01/29 03:48:48 AM | loss = 0.410 + 0.012 + 0.006 = 0.428
01/29 03:48:48 AM | attribution_score[0:12]: 
[ 1.00  1.00  0.02  0.00  0.00  0.93  0.00  0.00  0.00  1.00  0.00  1.00 ]
[ 1.00  0.00  0.92  0.00  1.00  1.00  1.00  0.00  0.99  1.00  0.99  0.01 ]
[ 1.00  1.00  0.00  1.00  0.00  1.00  0.02  1.00  0.00  0.00  0.00  1.00 ]
[ 0.02  0.00  1.00  1.00  0.94  0.99  0.98  0.29  0.99  0.06  0.99  1.00 ]
[ 0.99  0.96  0.99  0.98  0.97  1.00  0.02  0.02  1.00  1.00  0.98  0.99 ]
[ 0.99  1.00  0.01  0.00  0.01  0.99  0.07  0.01  0.01  0.01  0.00  1.00 ]
[ 1.00  1.00  0.01  1.00  1.00  0.01  0.00  0.03  0.99  1.00  0.99  1.00 ]
[ 0.00  0.01  0.00  0.99  0.00  1.00  1.00  0.00  1.00  0.02  0.95  0.00 ]
[ 0.99  1.00  0.00  1.00  0.99  0.00  0.00  0.01  0.98  0.99  1.00  1.00 ]
[ 0.01  0.00  0.00  0.00  1.00  0.01  0.00  0.00  1.00  0.00  0.02  0.99 ]
[ 0.00  1.00  1.00  0.00  0.99  1.00  0.99  1.00  1.00  0.99  1.00  1.00 ]
[ 1.00  1.00  1.00  1.00  1.00  0.99  1.00  1.00  0.00  1.00  1.00  1.00 ]
[ 1.00  1.00  1.00  1.00  1.00  1.00  1.00  1.00  1.00  1.00  1.00  0.00 ]

01/29 03:48:49 AM | ===
Best loss was 0.23 at iteration 282

01/29 03:48:49 AM | Looking for optimal threshold...
01/29 03:48:49 AM | Testing threshold 0.5
01/29 03:48:49 AM | Distance to target: 1,157,664
01/29 03:48:49 AM | Testing threshold 0.75
01/29 03:48:49 AM | Distance to target: 668,512
01/29 03:48:49 AM | Testing threshold 0.625
01/29 03:48:49 AM | Distance to target: 244,576
01/29 03:48:49 AM | Testing threshold 0.6875
01/29 03:48:49 AM | Distance to target: 350,880
01/29 03:48:49 AM | Testing threshold 0.65625
01/29 03:48:49 AM | Distance to target: 244,576
01/29 03:48:49 AM | Testing threshold 0.671875
01/29 03:48:49 AM | Distance to target: 350,880
01/29 03:48:49 AM | Testing threshold 0.6640625
01/29 03:48:49 AM | Distance to target: 350,880
01/29 03:48:49 AM | Testing threshold 0.66015625
01/29 03:48:49 AM | Distance to target: 61,280
01/29 03:48:49 AM | Testing threshold 0.662109375
01/29 03:48:49 AM | Distance to target: 350,880
01/29 03:48:49 AM | Testing threshold 0.6611328125
01/29 03:48:49 AM | Distance to target: 350,880
01/29 03:48:49 AM | Testing threshold 0.66064453125
01/29 03:48:49 AM | Distance to target: 61,280
01/29 03:48:49 AM | Testing threshold 0.660888671875
01/29 03:48:49 AM | Distance to target: 61,280
01/29 03:48:49 AM | Testing threshold 0.6610107421875
01/29 03:48:49 AM | Distance to target: 350,880
01/29 03:48:49 AM | Testing threshold 0.66094970703125
01/29 03:48:49 AM | Distance to target: 350,880
01/29 03:48:49 AM | Testing threshold 0.660919189453125
01/29 03:48:49 AM | Distance to target: 61,280
01/29 03:48:49 AM | Testing threshold 0.6609344482421875
01/29 03:48:49 AM | Distance to target: 350,880
01/29 03:48:49 AM | Testing threshold 0.6609268188476562
01/29 03:48:49 AM | Distance to target: 350,880
01/29 03:48:49 AM | Testing threshold 0.6609230041503906
01/29 03:48:49 AM | Distance to target: 350,880
01/29 03:48:49 AM | Testing threshold 0.6609210968017578
01/29 03:48:49 AM | Distance to target: 61,280
01/29 03:48:49 AM | Testing threshold 0.6609220504760742
01/29 03:48:49 AM | Distance to target: 350,880
01/29 03:48:49 AM | Testing threshold 0.660921573638916
01/29 03:48:49 AM | Distance to target: 61,280
01/29 03:48:49 AM | Testing threshold 0.6609218120574951
01/29 03:48:49 AM | Distance to target: 350,880
01/29 03:48:49 AM | Testing threshold 0.6609216928482056
01/29 03:48:49 AM | Distance to target: 61,280
01/29 03:48:49 AM | Testing threshold 0.6609217524528503
01/29 03:48:49 AM | Distance to target: 350,880
01/29 03:48:49 AM | Testing threshold 0.660921722650528
01/29 03:48:49 AM | Distance to target: 61,280
01/29 03:48:49 AM | Testing threshold 0.6609217375516891
01/29 03:48:49 AM | Distance to target: 61,280
01/29 03:48:49 AM | Testing threshold 0.6609217450022697
01/29 03:48:49 AM | Distance to target: 61,280
01/29 03:48:49 AM | Testing threshold 0.66092174872756
01/29 03:48:49 AM | Distance to target: 61,280
01/29 03:48:49 AM | Testing threshold 0.6609217505902052
01/29 03:48:49 AM | Distance to target: 61,280
01/29 03:48:49 AM | Testing threshold 0.6609217515215278
01/29 03:48:49 AM | Distance to target: 61,280
01/29 03:48:49 AM | Testing threshold 0.660921751987189
01/29 03:48:49 AM | Distance to target: 61,280
01/29 03:48:49 AM | Testing threshold 0.6609217522200197
01/29 03:48:49 AM | Distance to target: 61,280
01/29 03:48:49 AM | Testing threshold 0.660921752336435
01/29 03:48:49 AM | Distance to target: 61,280
01/29 03:48:49 AM | Testing threshold 0.6609217523946427
01/29 03:48:49 AM | Distance to target: 61,280
01/29 03:48:49 AM | Testing threshold 0.6609217524237465
01/29 03:48:49 AM | Distance to target: 61,280
01/29 03:48:49 AM | Testing threshold 0.6609217524382984
01/29 03:48:49 AM | Distance to target: 61,280
01/29 03:48:49 AM | Testing threshold 0.6609217524455744
01/29 03:48:49 AM | Distance to target: 61,280
01/29 03:48:49 AM | Testing threshold 0.6609217524492124
01/29 03:48:49 AM | Distance to target: 61,280
01/29 03:48:49 AM | Testing threshold 0.6609217524510314
01/29 03:48:49 AM | Distance to target: 61,280
01/29 03:48:49 AM | Testing threshold 0.6609217524519408
01/29 03:48:49 AM | Distance to target: 61,280
01/29 03:48:49 AM | Testing threshold 0.6609217524523956
01/29 03:48:49 AM | Distance to target: 61,280
01/29 03:48:49 AM | Testing threshold 0.660921752452623
01/29 03:48:49 AM | Distance to target: 61,280
01/29 03:48:49 AM | Testing threshold 0.6609217524527367
01/29 03:48:49 AM | Distance to target: 61,280
01/29 03:48:49 AM | Testing threshold 0.6609217524527935
01/29 03:48:49 AM | Distance to target: 61,280
01/29 03:48:49 AM | Testing threshold 0.6609217524528219
01/29 03:48:49 AM | Distance to target: 61,280
01/29 03:48:49 AM | Testing threshold 0.6609217524528361
01/29 03:48:49 AM | Distance to target: 61,280
01/29 03:48:49 AM | Testing threshold 0.6609217524528432
01/29 03:48:49 AM | Distance to target: 61,280
01/29 03:48:49 AM | Testing threshold 0.6609217524528468
01/29 03:48:49 AM | Distance to target: 61,280
01/29 03:48:49 AM | Testing threshold 0.6609217524528486
01/29 03:48:49 AM | Distance to target: 61,280
01/29 03:48:49 AM | Testing threshold 0.6609217524528495
01/29 03:48:49 AM | Distance to target: 61,280
01/29 03:48:50 AM | attribution_score[0:12]: 
[ 1.00  1.00  0.00  0.00  0.00  1.00  0.00  0.00  0.00  1.00  0.00  1.00 ]
[ 1.00  0.00  1.00  0.00  1.00  1.00  1.00  0.00  1.00  1.00  1.00  0.00 ]
[ 1.00  1.00  0.00  1.00  0.00  1.00  0.00  1.00  0.00  0.00  0.00  1.00 ]
[ 0.00  0.00  1.00  1.00  1.00  1.00  1.00  0.00  1.00  0.00  1.00  1.00 ]
[ 1.00  1.00  1.00  1.00  1.00  1.00  0.00  0.00  1.00  1.00  1.00  1.00 ]
[ 1.00  1.00  0.00  0.00  0.00  1.00  0.00  0.00  0.00  0.00  0.00  1.00 ]
[ 1.00  1.00  0.00  1.00  1.00  0.00  0.00  0.00  1.00  1.00  1.00  1.00 ]
[ 0.00  0.00  0.00  1.00  0.00  1.00  1.00  0.00  1.00  0.00  1.00  0.00 ]
[ 1.00  1.00  0.00  1.00  1.00  0.00  0.00  0.00  1.00  1.00  1.00  1.00 ]
[ 0.00  0.00  0.00  0.00  1.00  0.00  0.00  0.00  1.00  0.00  0.00  1.00 ]
[ 0.00  1.00  1.00  0.00  1.00  1.00  1.00  1.00  1.00  1.00  1.00  1.00 ]
[ 1.00  1.00  1.00  1.00  1.00  1.00  1.00  1.00  0.00  1.00  1.00  1.00 ]
[ 1.00  1.00  1.00  1.00  1.00  1.00  1.00  1.00  1.00  1.00  1.00  0.00 ]

01/29 03:48:51 AM | VGG(
  (features): Sequential(
    (conv0): Conv2d(3, 27, kernel_size=(3, 3), stride=(1, 1), padding=(1, 1))
    (norm0): BatchNorm2d(27, eps=1e-05, momentum=0.1, affine=True, track_running_stats=True)
    (relu0): ReLU(inplace=True)
    (conv1): Conv2d(27, 48, kernel_size=(3, 3), stride=(1, 1), padding=(1, 1))
    (norm1): BatchNorm2d(48, eps=1e-05, momentum=0.1, affine=True, track_running_stats=True)
    (relu1): ReLU(inplace=True)
    (pool2): MaxPool2d(kernel_size=2, stride=2, padding=0, dilation=1, ceil_mode=False)
    (conv3): Conv2d(48, 70, kernel_size=(3, 3), stride=(1, 1), padding=(1, 1))
    (norm3): BatchNorm2d(70, eps=1e-05, momentum=0.1, affine=True, track_running_stats=True)
    (relu3): ReLU(inplace=True)
    (conv4): Conv2d(70, 98, kernel_size=(3, 3), stride=(1, 1), padding=(1, 1))
    (norm4): BatchNorm2d(98, eps=1e-05, momentum=0.1, affine=True, track_running_stats=True)
    (relu4): ReLU(inplace=True)
    (pool5): MaxPool2d(kernel_size=2, stride=2, padding=0, dilation=1, ceil_mode=False)
    (conv6): Conv2d(98, 160, kernel_size=(3, 3), stride=(1, 1), padding=(1, 1))
    (norm6): BatchNorm2d(160, eps=1e-05, momentum=0.1, affine=True, track_running_stats=True)
    (relu6): ReLU(inplace=True)
    (conv7): Conv2d(160, 136, kernel_size=(3, 3), stride=(1, 1), padding=(1, 1))
    (norm7): BatchNorm2d(136, eps=1e-05, momentum=0.1, affine=True, track_running_stats=True)
    (relu7): ReLU(inplace=True)
    (conv8): Conv2d(136, 158, kernel_size=(3, 3), stride=(1, 1), padding=(1, 1))
    (norm8): BatchNorm2d(158, eps=1e-05, momentum=0.1, affine=True, track_running_stats=True)
    (relu8): ReLU(inplace=True)
    (pool9): MaxPool2d(kernel_size=2, stride=2, padding=0, dilation=1, ceil_mode=False)
    (conv10): Conv2d(158, 235, kernel_size=(3, 3), stride=(1, 1), padding=(1, 1))
    (norm10): BatchNorm2d(235, eps=1e-05, momentum=0.1, affine=True, track_running_stats=True)
    (relu10): ReLU(inplace=True)
    (conv11): Conv2d(235, 194, kernel_size=(3, 3), stride=(1, 1), padding=(1, 1))
    (norm11): BatchNorm2d(194, eps=1e-05, momentum=0.1, affine=True, track_running_stats=True)
    (relu11): ReLU(inplace=True)
    (conv12): Conv2d(194, 259, kernel_size=(3, 3), stride=(1, 1), padding=(1, 1))
    (norm12): BatchNorm2d(259, eps=1e-05, momentum=0.1, affine=True, track_running_stats=True)
    (relu12): ReLU(inplace=True)
    (pool13): MaxPool2d(kernel_size=2, stride=2, padding=0, dilation=1, ceil_mode=False)
    (conv14): Conv2d(259, 400, kernel_size=(3, 3), stride=(1, 1), padding=(1, 1))
    (norm14): BatchNorm2d(400, eps=1e-05, momentum=0.1, affine=True, track_running_stats=True)
    (relu14): ReLU(inplace=True)
    (conv15): Conv2d(400, 452, kernel_size=(3, 3), stride=(1, 1), padding=(1, 1))
    (norm15): BatchNorm2d(452, eps=1e-05, momentum=0.1, affine=True, track_running_stats=True)
    (relu15): ReLU(inplace=True)
    (conv16): Conv2d(452, 506, kernel_size=(3, 3), stride=(1, 1), padding=(1, 1))
    (norm16): BatchNorm2d(506, eps=1e-05, momentum=0.1, affine=True, track_running_stats=True)
    (relu16): ReLU(inplace=True)
  )
  (classifier): Sequential(
    (linear1): Linear(in_features=506, out_features=512, bias=True)
    (norm1): BatchNorm1d(512, eps=1e-05, momentum=0.1, affine=True, track_running_stats=True)
    (relu1): ReLU(inplace=True)
    (linear2): Linear(in_features=512, out_features=10, bias=True)
  )
)
01/29 03:48:52 AM | ----------------------------------------
01/29 03:48:52 AM | Performances input model:
01/29 03:48:52 AM |  - flops: 314,294,272
01/29 03:48:52 AM |  - params: 14,991,946
01/29 03:48:52 AM |  - accuracy: 93.95999908447266
01/29 03:48:52 AM | ----------------------------------------
01/29 03:48:52 AM | Performances pseudo-pruned model:
01/29 03:48:52 AM |  - flops: 314,294,272
01/29 03:48:52 AM |  - params: 14,991,946
01/29 03:48:52 AM |  - accuracy: 82.9000015258789
01/29 03:48:52 AM | ----------------------------------------
01/29 03:48:52 AM | Performances pruned model:
01/29 03:48:52 AM |  - flops: 108,560,104
01/29 03:48:52 AM |  - params: 6,723,394
01/29 03:48:52 AM |  - accuracy: 82.9000015258789
01/29 03:48:52 AM | ----------------------------------------
01/29 03:48:52 AM | Total time: 129.65s
